2023-09-18 09:33:54.8202|INFO|PIVF.Web.Api.Master.Configuration.UserAPIController|Controller Name:UserAPI,Action:HttpGet,Method:GetUserRoleRights,User:multiply,UnitID:2
2023-09-18 09:33:54.8202|INFO|PIVF.Web.Api.Master.Configuration.UserAPIController|Controller Name:UserAPI,Action:HttpGet,Method:GetUserRoleRights,User:multiply,UnitID:2
2023-09-18 09:33:55.2785|INFO|PIVF.Web.Api.Master.Configuration.UserAPIController|Controller Name:UserAPI,Action:HttpGet,Method:GetParentList,User:multiply,UnitID:2
2023-09-18 09:33:55.2785|INFO|PIVF.Web.Api.Master.Configuration.UserAPIController|Controller Name:UserAPI,Action:HttpGet,Method:GetParentList,User:multiply,UnitID:2
2023-09-18 09:33:55.3064|INFO|PIVF.Web.Api.Master.Configuration.UserAPIController|Controller Name:UserAPI,Action:HttpGet,Method:GetParentList,User:multiply,UnitID:2
2023-09-18 09:33:55.3064|INFO|PIVF.Web.Api.Master.Configuration.UserAPIController|Controller Name:UserAPI,Action:HttpGet,Method:GetParentList,User:multiply,UnitID:2
2023-09-18 09:33:55.3543|INFO|PIVF.Web.Api.Master.Configuration.UserAPIController|Controller Name:UserAPI,Action:HttpGet,Method:GetGrandParentList,User:multiply,UnitID:2
2023-09-18 09:33:55.3543|INFO|PIVF.Web.Api.Master.Configuration.UserAPIController|Controller Name:UserAPI,Action:HttpGet,Method:GetGrandParentList,User:multiply,UnitID:2
2023-09-18 09:33:57.0718|INFO|PIVF.Web.Api.Master.Common.CommonController|1_Controller Name:CommonController,Action:HttpGet,Method:GetDepartmentList,User:multiply,UnitID:2
2023-09-18 09:33:57.0718|INFO|PIVF.Web.Api.Master.Common.CommonController|1_Controller Name:CommonController,Action:HttpGet,Method:GetDepartmentList,User:multiply,UnitID:2
2023-09-18 09:33:57.5008|INFO|PIVF.Web.Api.Master.Common.CommonController|1_Controller Name:CommonController,Action:HttpGet,Method:GetSpeclRegTypeList,User:multiply,UnitID:2
2023-09-18 09:33:57.5008|INFO|PIVF.Web.Api.Master.Common.CommonController|1_Controller Name:CommonController,Action:HttpGet,Method:GetSpeclRegTypeList,User:multiply,UnitID:2
2023-09-18 09:33:57.6099|INFO|PIVF.Web.Api.QueueMgt.QueueMgtController|Controller Name:QueueMgt,Action:HttpPost,Method:GetQueueList,User:multiply,UnitID:2
2023-09-18 09:33:57.6099|INFO|PIVF.Web.Api.QueueMgt.QueueMgtController|Controller Name:QueueMgt,Action:HttpPost,Method:GetQueueList,User:multiply,UnitID:2
2023-09-18 09:33:58.0828|INFO|PIVF.Web.Api.Master.Common.CommonController|1_Controller Name:CommonController,Action:HttpGet,Method:GetDoctorsList,User:multiply,UnitID:2
2023-09-18 09:33:58.0828|INFO|PIVF.Web.Api.Master.Common.CommonController|1_Controller Name:CommonController,Action:HttpGet,Method:GetDoctorsList,User:multiply,UnitID:2
2023-09-18 09:34:10.7208|INFO|PIVF.Web.Api.Master.Common.CommonController|Controller Name:Common,Action:GET,Method:GetActiveVisitByPatient,User:multiply,UnitID:2
2023-09-18 09:34:10.7208|INFO|PIVF.Web.Api.Master.Common.CommonController|Controller Name:Common,Action:GET,Method:GetActiveVisitByPatient,User:multiply,UnitID:2
2023-09-18 09:34:12.0469|INFO|PIVF.Web.Api.Master.Common.CommonController|Controller Name:Common,Action:GET,Method:GetActiveVisitByPatient,User:multiply,UnitID:2
2023-09-18 09:34:12.0469|INFO|PIVF.Web.Api.Master.Common.CommonController|Controller Name:Common,Action:GET,Method:GetActiveVisitByPatient,User:multiply,UnitID:2
2023-09-18 09:34:15.6814|INFO|PIVF.Web.Api.EMR.LandingPage.EMRLandingPageAPIController|Controller Name:EMRLandingPageAPI,Action:GET,Method:GetEMRLandingPageData,User:multiply,UnitID:2
2023-09-18 09:34:15.6814|INFO|PIVF.Web.Api.EMR.LandingPage.EMRLandingPageAPIController|Controller Name:EMRLandingPageAPI,Action:GET,Method:GetEMRLandingPageData,User:multiply,UnitID:2
2023-09-18 09:34:16.2718|INFO|PIVF.Web.Api.Master.Common.CommonController|Controller Name:Common,Action:POST,Method:PutSelectedvisitByPatient,User:multiply,UnitID:2
2023-09-18 09:34:16.2718|INFO|PIVF.Web.Api.Master.Common.CommonController|Controller Name:Common,Action:POST,Method:PutSelectedvisitByPatient,User:multiply,UnitID:2
2023-09-18 09:34:21.9119|INFO|PIVF.Web.Api.New_ART.NewARTController|Controller Name:NewART,Action:GET,Method:GetARTCycleList,User:multiply,UnitID:2
2023-09-18 09:34:21.9119|INFO|PIVF.Web.Api.New_ART.NewARTController|Controller Name:NewART,Action:GET,Method:GetARTCycleList,User:multiply,UnitID:2
2023-09-18 09:34:22.4166|INFO|PIVF.Web.Api.New_ART.NewARTController|Controller Name:NewART,Action:GET,Method:newCyclebtnFlag,User:multiply,UnitID:2
2023-09-18 09:34:22.4166|INFO|PIVF.Web.Api.New_ART.NewARTController|Controller Name:NewART,Action:GET,Method:newCyclebtnFlag,User:multiply,UnitID:2
2023-09-18 09:45:44.6750|INFO|PIVF.Web.Api.Master.Configuration.UserAPIController|Controller Name:UserAPI,Action:HttpGet,Method:GetUserRoleRights,User:multiply,UnitID:2
2023-09-18 09:45:44.6750|INFO|PIVF.Web.Api.Master.Configuration.UserAPIController|Controller Name:UserAPI,Action:HttpGet,Method:GetUserRoleRights,User:multiply,UnitID:2
2023-09-18 09:45:46.2044|INFO|PIVF.Web.Api.Master.Configuration.UserAPIController|Controller Name:UserAPI,Action:HttpGet,Method:GetGrandParentList,User:multiply,UnitID:2
2023-09-18 09:45:46.2044|INFO|PIVF.Web.Api.Master.Configuration.UserAPIController|Controller Name:UserAPI,Action:HttpGet,Method:GetGrandParentList,User:multiply,UnitID:2
2023-09-18 09:45:46.8140|INFO|PIVF.Web.Api.Master.Common.CommonController|1_Controller Name:CommonController,Action:HttpGet,Method:GetSpeclRegTypeList,User:multiply,UnitID:2
2023-09-18 09:45:46.8140|INFO|PIVF.Web.Api.Master.Common.CommonController|1_Controller Name:CommonController,Action:HttpGet,Method:GetSpeclRegTypeList,User:multiply,UnitID:2
2023-09-18 09:45:46.8523|INFO|PIVF.Web.Api.Master.Configuration.UserAPIController|Controller Name:UserAPI,Action:HttpGet,Method:GetParentList,User:multiply,UnitID:2
2023-09-18 09:45:46.8523|INFO|PIVF.Web.Api.Master.Configuration.UserAPIController|Controller Name:UserAPI,Action:HttpGet,Method:GetParentList,User:multiply,UnitID:2
2023-09-18 09:45:47.1582|INFO|PIVF.Web.Api.Master.Configuration.UserAPIController|Controller Name:UserAPI,Action:HttpGet,Method:GetParentList,User:multiply,UnitID:2
2023-09-18 09:45:47.1582|INFO|PIVF.Web.Api.Master.Configuration.UserAPIController|Controller Name:UserAPI,Action:HttpGet,Method:GetParentList,User:multiply,UnitID:2
2023-09-18 09:45:47.3393|INFO|PIVF.Web.Api.QueueMgt.QueueMgtController|Controller Name:QueueMgt,Action:HttpPost,Method:GetQueueList,User:multiply,UnitID:2
2023-09-18 09:45:47.3393|INFO|PIVF.Web.Api.QueueMgt.QueueMgtController|Controller Name:QueueMgt,Action:HttpPost,Method:GetQueueList,User:multiply,UnitID:2
2023-09-18 09:45:47.8131|INFO|PIVF.Web.Api.Master.Common.CommonController|1_Controller Name:CommonController,Action:HttpGet,Method:GetDoctorsList,User:multiply,UnitID:2
2023-09-18 09:45:47.8131|INFO|PIVF.Web.Api.Master.Common.CommonController|1_Controller Name:CommonController,Action:HttpGet,Method:GetDoctorsList,User:multiply,UnitID:2
2023-09-18 09:45:48.3251|INFO|PIVF.Web.Api.Master.Common.CommonController|1_Controller Name:CommonController,Action:HttpGet,Method:GetDepartmentList,User:multiply,UnitID:2
2023-09-18 09:45:48.3251|INFO|PIVF.Web.Api.Master.Common.CommonController|1_Controller Name:CommonController,Action:HttpGet,Method:GetDepartmentList,User:multiply,UnitID:2
2023-09-18 09:45:53.3891|INFO|PIVF.Web.Api.Master.Common.CommonController|Controller Name:Common,Action:GET,Method:GetActiveVisitByPatient,User:multiply,UnitID:2
2023-09-18 09:45:53.3891|INFO|PIVF.Web.Api.Master.Common.CommonController|Controller Name:Common,Action:GET,Method:GetActiveVisitByPatient,User:multiply,UnitID:2
2023-09-18 09:45:54.7822|INFO|PIVF.Web.Api.Master.Common.CommonController|Controller Name:Common,Action:GET,Method:GetActiveVisitByPatient,User:multiply,UnitID:2
2023-09-18 09:45:54.7822|INFO|PIVF.Web.Api.Master.Common.CommonController|Controller Name:Common,Action:GET,Method:GetActiveVisitByPatient,User:multiply,UnitID:2
2023-09-18 09:45:56.2670|INFO|PIVF.Web.Api.EMR.LandingPage.EMRLandingPageAPIController|Controller Name:EMRLandingPageAPI,Action:GET,Method:GetEMRLandingPageData,User:multiply,UnitID:2
2023-09-18 09:45:56.2670|INFO|PIVF.Web.Api.EMR.LandingPage.EMRLandingPageAPIController|Controller Name:EMRLandingPageAPI,Action:GET,Method:GetEMRLandingPageData,User:multiply,UnitID:2
2023-09-18 09:45:58.0535|INFO|PIVF.Web.Api.Master.Common.CommonController|Controller Name:Common,Action:POST,Method:PutSelectedvisitByPatient,User:multiply,UnitID:2
2023-09-18 09:45:58.0535|INFO|PIVF.Web.Api.Master.Common.CommonController|Controller Name:Common,Action:POST,Method:PutSelectedvisitByPatient,User:multiply,UnitID:2
2023-09-18 09:46:09.1907|INFO|PIVF.Web.Api.New_ART.NewARTController|Controller Name:NewART,Action:GET,Method:GetARTCycleList,User:multiply,UnitID:2
2023-09-18 09:46:09.1907|INFO|PIVF.Web.Api.New_ART.NewARTController|Controller Name:NewART,Action:GET,Method:GetARTCycleList,User:multiply,UnitID:2
2023-09-18 09:46:09.6955|INFO|PIVF.Web.Api.New_ART.NewARTController|Controller Name:NewART,Action:GET,Method:newCyclebtnFlag,User:multiply,UnitID:2
2023-09-18 09:46:09.6955|INFO|PIVF.Web.Api.New_ART.NewARTController|Controller Name:NewART,Action:GET,Method:newCyclebtnFlag,User:multiply,UnitID:2
2023-09-18 09:46:11.2959|INFO|PIVF.Web.Api.Master.Configuration.UserAPIController|Controller Name:UserAPI,Action:HttpGet,Method:GetParentList,User:multiply,UnitID:2
2023-09-18 09:46:11.2959|INFO|PIVF.Web.Api.Master.Configuration.UserAPIController|Controller Name:UserAPI,Action:HttpGet,Method:GetParentList,User:multiply,UnitID:2
2023-09-18 09:46:13.0344|INFO|PIVF.Web.Api.New_ART.NewARTController|Controller Name:NewART,Action:GET,Method:GetCycleOverview,User:multiply,UnitID:2
2023-09-18 09:46:13.0344|INFO|PIVF.Web.Api.New_ART.NewARTController|Controller Name:NewART,Action:GET,Method:GetCycleOverview,User:multiply,UnitID:2
2023-09-18 09:46:13.6737|INFO|PIVF.Web.Api.New_ART.NewARTController|Controller Name:NewART,Action:GET,Method:GetMedicalHistory,User:multiply,UnitID:2
2023-09-18 09:46:13.6737|INFO|PIVF.Web.Api.New_ART.NewARTController|Controller Name:NewART,Action:GET,Method:GetMedicalHistory,User:multiply,UnitID:2
2023-09-18 09:46:17.5769|INFO|PIVF.Web.Api.ARTMgmt.IUI.IUIAPIController|Controller Name:IUIAPI,Action:GET,Method:GetIUIDetails,User:multiply,UnitID:2
2023-09-18 09:46:17.5769|INFO|PIVF.Web.Api.ARTMgmt.IUI.IUIAPIController|Controller Name:IUIAPI,Action:GET,Method:GetIUIDetails,User:multiply,UnitID:2
2023-09-18 09:46:18.2195|INFO|PIVF.Web.Api.New_ART.NewARTController|Controller Name:NewART,Action:GET,Method:GetDetails,User:multiply,UnitID:2
2023-09-18 09:46:18.2195|INFO|PIVF.Web.Api.New_ART.NewARTController|Controller Name:NewART,Action:GET,Method:GetDetails,User:multiply,UnitID:2
