2025-03-06 14:55:29.9478|INFO|PIVF.Web.Api.Master.Configuration.UserAPIController|Controller Name:UserAPI,Action:HttpGet,Method:GetGrandParentList,User:akshaya.p,UnitID:2
2025-03-06 14:55:29.9478|INFO|PIVF.Web.Api.Master.Configuration.UserAPIController|Controller Name:UserAPI,Action:HttpGet,Method:GetGrandParentList,User:akshaya.p,UnitID:2
2025-03-06 14:55:30.4438|INFO|PIVF.Web.Api.Master.Configuration.UserAPIController|Controller Name:UserAPI,Action:HttpGet,Method:GetUserRoleRights,User:akshaya.p,UnitID:2
2025-03-06 14:55:30.4438|INFO|PIVF.Web.Api.Master.Configuration.UserAPIController|Controller Name:UserAPI,Action:HttpGet,Method:GetUserRoleRights,User:akshaya.p,UnitID:2
2025-03-06 14:55:36.7724|INFO|PIVF.Web.Api.Master.Configuration.UserAPIController|Controller Name:UserAPI,Action:HttpGet,Method:GetParentList,User:akshaya.p,UnitID:2
2025-03-06 14:55:36.7724|INFO|PIVF.Web.Api.Master.Configuration.UserAPIController|Controller Name:UserAPI,Action:HttpGet,Method:GetParentList,User:akshaya.p,UnitID:2
2025-03-06 14:55:36.7970|INFO|PIVF.Web.Api.Master.Configuration.UserAPIController|Controller Name:UserAPI,Action:HttpGet,Method:GetParentList,User:akshaya.p,UnitID:2
2025-03-06 14:55:36.7970|INFO|PIVF.Web.Api.Master.Configuration.UserAPIController|Controller Name:UserAPI,Action:HttpGet,Method:GetParentList,User:akshaya.p,UnitID:2
2025-03-06 14:55:36.9333|INFO|PIVF.Web.Api.PatientDashboard.PatientDashboardAPIController|Controller Name:PatientDashboardAPI,Action:GET,Method:GetVisitTypeList,User:akshaya.p,UnitID:2
2025-03-06 14:55:36.9333|INFO|PIVF.Web.Api.PatientDashboard.PatientDashboardAPIController|Controller Name:PatientDashboardAPI,Action:GET,Method:GetVisitTypeList,User:akshaya.p,UnitID:2
2025-03-06 14:55:36.9580|INFO|PIVF.Web.Api.FertivueDashboard.FertivueDashboardController|Controller Name:FertivueDashboard,Action:GET,Method:GetRegistrationDashboardByAgeGroupCount,User:akshaya.p,UnitID:2
2025-03-06 14:55:36.9580|INFO|PIVF.Web.Api.FertivueDashboard.FertivueDashboardController|Controller Name:FertivueDashboard,Action:GET,Method:GetRegistrationDashboardByAgeGroupCount,User:akshaya.p,UnitID:2
2025-03-06 14:55:36.9732|INFO|PIVF.Web.Api.PatientDashboard.PatientDashboardAPIController|Controller Name:PatientDashboardAPI,Action:GET,Method:GetVisitTypeList,User:akshaya.p,UnitID:2
2025-03-06 14:55:36.9732|INFO|PIVF.Web.Api.PatientDashboard.PatientDashboardAPIController|Controller Name:PatientDashboardAPI,Action:GET,Method:GetVisitTypeList,User:akshaya.p,UnitID:2
2025-03-06 14:55:36.9960|INFO|PIVF.Web.Api.FertivueDashboard.FertivueDashboardController|Controller Name:FertivueDashboard,Action:GET,Method:GetAppointmentDashboardCount,User:akshaya.p,UnitID:2
2025-03-06 14:55:36.9960|INFO|PIVF.Web.Api.FertivueDashboard.FertivueDashboardController|Controller Name:FertivueDashboard,Action:GET,Method:GetAppointmentDashboardCount,User:akshaya.p,UnitID:2
2025-03-06 14:55:37.0070|INFO|PIVF.Web.Api.FertivueDashboard.FertivueDashboardController|Controller Name:FertivueDashboard,Action:GET,Method:GetInvestigationDashboardCount,User:akshaya.p,UnitID:2
2025-03-06 14:55:37.0070|INFO|PIVF.Web.Api.FertivueDashboard.FertivueDashboardController|Controller Name:FertivueDashboard,Action:GET,Method:GetInvestigationDashboardCount,User:akshaya.p,UnitID:2
2025-03-06 14:55:37.0276|INFO|PIVF.Web.Api.FertivueDashboard.FertivueDashboardController|Controller Name:FertivueDashboard,Action:GET,Method:GetBillingDashboardCount,User:akshaya.p,UnitID:2
2025-03-06 14:55:37.0276|INFO|PIVF.Web.Api.FertivueDashboard.FertivueDashboardController|Controller Name:FertivueDashboard,Action:GET,Method:GetBillingDashboardCount,User:akshaya.p,UnitID:2
2025-03-06 14:55:37.0486|INFO|PIVF.Web.Api.FertivueDashboard.FertivueDashboardController|Controller Name:FertivueDashboard,Action:GET,Method:GetTotalRevenueDashboardServiceTypeCount,User:akshaya.p,UnitID:2
2025-03-06 14:55:37.0486|INFO|PIVF.Web.Api.FertivueDashboard.FertivueDashboardController|Controller Name:FertivueDashboard,Action:GET,Method:GetTotalRevenueDashboardServiceTypeCount,User:akshaya.p,UnitID:2
2025-03-06 14:55:37.0739|INFO|PIVF.Web.Api.FertivueDashboard.FertivueDashboardController|Controller Name:FertivueDashboard,Action:GET,Method:GetAdminDashboardPercentageCounts,User:akshaya.p,UnitID:2
2025-03-06 14:55:37.0739|INFO|PIVF.Web.Api.FertivueDashboard.FertivueDashboardController|Controller Name:FertivueDashboard,Action:GET,Method:GetAdminDashboardPercentageCounts,User:akshaya.p,UnitID:2
2025-03-06 16:16:51.0646|INFO|PIVF.Web.Api.PatientDashboard.PatientDashboardAPIController|Controller Name:PatientDashboardAPI,Action:GET,Method:GetVisitTypeList,User:akshaya.p,UnitID:2
2025-03-06 16:16:51.0646|INFO|PIVF.Web.Api.PatientDashboard.PatientDashboardAPIController|Controller Name:PatientDashboardAPI,Action:GET,Method:GetVisitTypeList,User:akshaya.p,UnitID:2
2025-03-06 16:16:51.0960|INFO|PIVF.Web.Api.FertivueDashboard.FertivueDashboardController|Controller Name:FertivueDashboard,Action:GET,Method:GetRegistrationDashboardByAgeGroupCount,User:akshaya.p,UnitID:2
2025-03-06 16:16:51.0960|INFO|PIVF.Web.Api.FertivueDashboard.FertivueDashboardController|Controller Name:FertivueDashboard,Action:GET,Method:GetRegistrationDashboardByAgeGroupCount,User:akshaya.p,UnitID:2
2025-03-06 16:16:51.1100|INFO|PIVF.Web.Api.PatientDashboard.PatientDashboardAPIController|Controller Name:PatientDashboardAPI,Action:GET,Method:GetVisitTypeList,User:akshaya.p,UnitID:2
2025-03-06 16:16:51.1100|INFO|PIVF.Web.Api.PatientDashboard.PatientDashboardAPIController|Controller Name:PatientDashboardAPI,Action:GET,Method:GetVisitTypeList,User:akshaya.p,UnitID:2
2025-03-06 16:16:51.1358|INFO|PIVF.Web.Api.FertivueDashboard.FertivueDashboardController|Controller Name:FertivueDashboard,Action:GET,Method:GetAppointmentDashboardCount,User:akshaya.p,UnitID:2
2025-03-06 16:16:51.1358|INFO|PIVF.Web.Api.FertivueDashboard.FertivueDashboardController|Controller Name:FertivueDashboard,Action:GET,Method:GetAppointmentDashboardCount,User:akshaya.p,UnitID:2
2025-03-06 16:16:51.1464|INFO|PIVF.Web.Api.FertivueDashboard.FertivueDashboardController|Controller Name:FertivueDashboard,Action:GET,Method:GetInvestigationDashboardCount,User:akshaya.p,UnitID:2
2025-03-06 16:16:51.1464|INFO|PIVF.Web.Api.FertivueDashboard.FertivueDashboardController|Controller Name:FertivueDashboard,Action:GET,Method:GetInvestigationDashboardCount,User:akshaya.p,UnitID:2
2025-03-06 16:16:51.1665|INFO|PIVF.Web.Api.FertivueDashboard.FertivueDashboardController|Controller Name:FertivueDashboard,Action:GET,Method:GetBillingDashboardCount,User:akshaya.p,UnitID:2
2025-03-06 16:16:51.1665|INFO|PIVF.Web.Api.FertivueDashboard.FertivueDashboardController|Controller Name:FertivueDashboard,Action:GET,Method:GetBillingDashboardCount,User:akshaya.p,UnitID:2
2025-03-06 16:16:51.1880|INFO|PIVF.Web.Api.FertivueDashboard.FertivueDashboardController|Controller Name:FertivueDashboard,Action:GET,Method:GetTotalRevenueDashboardServiceTypeCount,User:akshaya.p,UnitID:2
2025-03-06 16:16:51.1880|INFO|PIVF.Web.Api.FertivueDashboard.FertivueDashboardController|Controller Name:FertivueDashboard,Action:GET,Method:GetTotalRevenueDashboardServiceTypeCount,User:akshaya.p,UnitID:2
2025-03-06 16:16:51.2131|INFO|PIVF.Web.Api.FertivueDashboard.FertivueDashboardController|Controller Name:FertivueDashboard,Action:GET,Method:GetAdminDashboardPercentageCounts,User:akshaya.p,UnitID:2
2025-03-06 16:16:51.2131|INFO|PIVF.Web.Api.FertivueDashboard.FertivueDashboardController|Controller Name:FertivueDashboard,Action:GET,Method:GetAdminDashboardPercentageCounts,User:akshaya.p,UnitID:2
2025-03-06 16:16:51.2997|INFO|PIVF.Web.Api.Master.Configuration.UserAPIController|Controller Name:UserAPI,Action:HttpGet,Method:GetGrandParentList,User:akshaya.p,UnitID:2
2025-03-06 16:16:51.2997|INFO|PIVF.Web.Api.Master.Configuration.UserAPIController|Controller Name:UserAPI,Action:HttpGet,Method:GetGrandParentList,User:akshaya.p,UnitID:2
2025-03-06 16:16:55.7738|INFO|PIVF.Web.Api.Master.Configuration.UserAPIController|Controller Name:UserAPI,Action:HttpGet,Method:GetParentList,User:akshaya.p,UnitID:2
2025-03-06 16:16:55.7738|INFO|PIVF.Web.Api.Master.Configuration.UserAPIController|Controller Name:UserAPI,Action:HttpGet,Method:GetParentList,User:akshaya.p,UnitID:2
2025-03-06 16:16:55.7873|INFO|PIVF.Web.Api.Master.Configuration.UserAPIController|Controller Name:UserAPI,Action:HttpGet,Method:GetParentList,User:akshaya.p,UnitID:2
2025-03-06 16:16:55.7873|INFO|PIVF.Web.Api.Master.Configuration.UserAPIController|Controller Name:UserAPI,Action:HttpGet,Method:GetParentList,User:akshaya.p,UnitID:2
2025-03-06 16:16:56.9093|INFO|PIVF.Web.Api.Master.Configuration.UserAPIController|Controller Name:UserAPI,Action:HttpGet,Method:GetUserRoleRights,User:akshaya.p,UnitID:2
2025-03-06 16:16:56.9093|INFO|PIVF.Web.Api.Master.Configuration.UserAPIController|Controller Name:UserAPI,Action:HttpGet,Method:GetUserRoleRights,User:akshaya.p,UnitID:2
2025-03-06 16:38:32.5433|INFO|PIVF.Web.Api.PatientDashboard.PatientDashboardAPIController|Controller Name:PatientDashboardAPI,Action:GET,Method:GetVisitTypeList,User:akshaya.p,UnitID:2
2025-03-06 16:38:32.5433|INFO|PIVF.Web.Api.PatientDashboard.PatientDashboardAPIController|Controller Name:PatientDashboardAPI,Action:GET,Method:GetVisitTypeList,User:akshaya.p,UnitID:2
2025-03-06 16:38:32.7459|INFO|PIVF.Web.Api.FertivueDashboard.FertivueDashboardController|Controller Name:FertivueDashboard,Action:GET,Method:GetRegistrationDashboardByAgeGroupCount,User:akshaya.p,UnitID:2
2025-03-06 16:38:32.7459|INFO|PIVF.Web.Api.FertivueDashboard.FertivueDashboardController|Controller Name:FertivueDashboard,Action:GET,Method:GetRegistrationDashboardByAgeGroupCount,User:akshaya.p,UnitID:2
2025-03-06 16:38:32.9237|INFO|PIVF.Web.Api.PatientDashboard.PatientDashboardAPIController|Controller Name:PatientDashboardAPI,Action:GET,Method:GetVisitTypeList,User:akshaya.p,UnitID:2
2025-03-06 16:38:32.9237|INFO|PIVF.Web.Api.PatientDashboard.PatientDashboardAPIController|Controller Name:PatientDashboardAPI,Action:GET,Method:GetVisitTypeList,User:akshaya.p,UnitID:2
2025-03-06 16:38:33.1009|INFO|PIVF.Web.Api.FertivueDashboard.FertivueDashboardController|Controller Name:FertivueDashboard,Action:GET,Method:GetAppointmentDashboardCount,User:akshaya.p,UnitID:2
2025-03-06 16:38:33.1009|INFO|PIVF.Web.Api.FertivueDashboard.FertivueDashboardController|Controller Name:FertivueDashboard,Action:GET,Method:GetAppointmentDashboardCount,User:akshaya.p,UnitID:2
2025-03-06 16:38:33.2776|INFO|PIVF.Web.Api.FertivueDashboard.FertivueDashboardController|Controller Name:FertivueDashboard,Action:GET,Method:GetInvestigationDashboardCount,User:akshaya.p,UnitID:2
2025-03-06 16:38:33.2776|INFO|PIVF.Web.Api.FertivueDashboard.FertivueDashboardController|Controller Name:FertivueDashboard,Action:GET,Method:GetInvestigationDashboardCount,User:akshaya.p,UnitID:2
2025-03-06 16:38:33.4296|INFO|PIVF.Web.Api.FertivueDashboard.FertivueDashboardController|Controller Name:FertivueDashboard,Action:GET,Method:GetBillingDashboardCount,User:akshaya.p,UnitID:2
2025-03-06 16:38:33.4296|INFO|PIVF.Web.Api.FertivueDashboard.FertivueDashboardController|Controller Name:FertivueDashboard,Action:GET,Method:GetBillingDashboardCount,User:akshaya.p,UnitID:2
2025-03-06 16:38:33.5079|INFO|PIVF.Web.Api.FertivueDashboard.FertivueDashboardController|Controller Name:FertivueDashboard,Action:GET,Method:GetTotalRevenueDashboardServiceTypeCount,User:akshaya.p,UnitID:2
2025-03-06 16:38:33.5079|INFO|PIVF.Web.Api.FertivueDashboard.FertivueDashboardController|Controller Name:FertivueDashboard,Action:GET,Method:GetTotalRevenueDashboardServiceTypeCount,User:akshaya.p,UnitID:2
2025-03-06 16:38:33.5706|INFO|PIVF.Web.Api.FertivueDashboard.FertivueDashboardController|Controller Name:FertivueDashboard,Action:GET,Method:GetAdminDashboardPercentageCounts,User:akshaya.p,UnitID:2
2025-03-06 16:38:33.5706|INFO|PIVF.Web.Api.FertivueDashboard.FertivueDashboardController|Controller Name:FertivueDashboard,Action:GET,Method:GetAdminDashboardPercentageCounts,User:akshaya.p,UnitID:2
2025-03-06 16:38:33.7660|INFO|PIVF.Web.Api.Master.Configuration.UserAPIController|Controller Name:UserAPI,Action:HttpGet,Method:GetGrandParentList,User:akshaya.p,UnitID:2
2025-03-06 16:38:33.7660|INFO|PIVF.Web.Api.Master.Configuration.UserAPIController|Controller Name:UserAPI,Action:HttpGet,Method:GetGrandParentList,User:akshaya.p,UnitID:2
2025-03-06 16:38:39.8721|INFO|PIVF.Web.Api.Master.Configuration.UserAPIController|Controller Name:UserAPI,Action:HttpGet,Method:GetUserRoleRights,User:akshaya.p,UnitID:2
2025-03-06 16:38:39.8721|INFO|PIVF.Web.Api.Master.Configuration.UserAPIController|Controller Name:UserAPI,Action:HttpGet,Method:GetUserRoleRights,User:akshaya.p,UnitID:2
2025-03-06 16:38:40.0747|INFO|PIVF.Web.Api.Master.Configuration.UserAPIController|Controller Name:UserAPI,Action:HttpGet,Method:GetParentList,User:akshaya.p,UnitID:2
2025-03-06 16:38:40.0747|INFO|PIVF.Web.Api.Master.Configuration.UserAPIController|Controller Name:UserAPI,Action:HttpGet,Method:GetParentList,User:akshaya.p,UnitID:2
2025-03-06 16:38:40.2603|INFO|PIVF.Web.Api.Master.Configuration.UserAPIController|Controller Name:UserAPI,Action:HttpGet,Method:GetParentList,User:akshaya.p,UnitID:2
2025-03-06 16:38:40.2603|INFO|PIVF.Web.Api.Master.Configuration.UserAPIController|Controller Name:UserAPI,Action:HttpGet,Method:GetParentList,User:akshaya.p,UnitID:2
2025-03-06 16:38:44.3394|INFO|PIVF.Web.Api.QueueMgt.QueueMgtController|Controller Name:QueueMgt,Action:HttpPost,Method:GetQueueList,User:akshaya.p,UnitID:2
2025-03-06 16:38:44.3394|INFO|PIVF.Web.Api.QueueMgt.QueueMgtController|Controller Name:QueueMgt,Action:HttpPost,Method:GetQueueList,User:akshaya.p,UnitID:2
2025-03-06 16:38:44.8610|INFO|PIVF.Web.Api.Master.Common.CommonController|1_Controller Name:CommonController,Action:HttpGet,Method:GetDoctorsList,User:akshaya.p,UnitID:2
2025-03-06 16:38:44.8610|INFO|PIVF.Web.Api.Master.Common.CommonController|1_Controller Name:CommonController,Action:HttpGet,Method:GetDoctorsList,User:akshaya.p,UnitID:2
2025-03-06 16:38:45.8606|INFO|PIVF.Web.Api.Master.Common.CommonController|1_Controller Name:CommonController,Action:HttpGet,Method:GetSpeclRegTypeList,User:akshaya.p,UnitID:2
2025-03-06 16:38:45.8606|INFO|PIVF.Web.Api.Master.Common.CommonController|1_Controller Name:CommonController,Action:HttpGet,Method:GetSpeclRegTypeList,User:akshaya.p,UnitID:2
2025-03-06 16:38:46.3735|INFO|PIVF.Web.Api.Master.Common.CommonController|1_Controller Name:CommonController,Action:HttpGet,Method:GetDepartmentList,User:akshaya.p,UnitID:2
2025-03-06 16:38:46.3735|INFO|PIVF.Web.Api.Master.Common.CommonController|1_Controller Name:CommonController,Action:HttpGet,Method:GetDepartmentList,User:akshaya.p,UnitID:2
2025-03-06 16:38:51.9791|INFO|PIVF.Web.Api.QueueMgt.QueueMgtController|Controller Name:QueueMgt,Action:HttpPost,Method:GetQueueList,User:akshaya.p,UnitID:2
2025-03-06 16:38:51.9791|INFO|PIVF.Web.Api.QueueMgt.QueueMgtController|Controller Name:QueueMgt,Action:HttpPost,Method:GetQueueList,User:akshaya.p,UnitID:2
2025-03-06 16:38:54.0336|INFO|PIVF.Web.Api.QueueMgt.QueueMgtController|Controller Name:QueueMgt,Action:HttpPost,Method:GetQueueList,User:akshaya.p,UnitID:2
2025-03-06 16:38:54.0336|INFO|PIVF.Web.Api.QueueMgt.QueueMgtController|Controller Name:QueueMgt,Action:HttpPost,Method:GetQueueList,User:akshaya.p,UnitID:2
2025-03-06 16:38:55.3867|INFO|PIVF.Web.Api.QueueMgt.QueueMgtController|Controller Name:QueueMgt,Action:HttpPost,Method:GetQueueList,User:akshaya.p,UnitID:2
2025-03-06 16:38:55.3867|INFO|PIVF.Web.Api.QueueMgt.QueueMgtController|Controller Name:QueueMgt,Action:HttpPost,Method:GetQueueList,User:akshaya.p,UnitID:2
2025-03-06 16:39:00.9162|INFO|PIVF.Web.Api.Billing.PatientAdvanceAPIController|Controller Name:AdvanceCtrl, Action:HttpGet, Method:GetAdvanceList, User:akshaya.p, UnitID:2
2025-03-06 16:39:00.9162|INFO|PIVF.Web.Api.Billing.PatientAdvanceAPIController|Controller Name:AdvanceCtrl, Action:HttpGet, Method:GetAdvanceList, User:akshaya.p, UnitID:2
2025-03-06 16:39:02.9147|INFO|PIVF.Web.Api.Patient.PatientVisitController|Controller Name:PatientVisit,Action:GET,Method:GetPatientDetails,User:akshaya.p,UnitID:2
2025-03-06 16:39:02.9147|INFO|PIVF.Web.Api.Patient.PatientVisitController|Controller Name:PatientVisit,Action:GET,Method:GetPatientDetails,User:akshaya.p,UnitID:2
2025-03-06 16:43:08.0501|INFO|PIVF.Web.Api.PatientDashboard.PatientDashboardAPIController|Controller Name:PatientDashboardAPI,Action:GET,Method:GetVisitTypeList,User:akshaya.p,UnitID:2
2025-03-06 16:43:08.0501|INFO|PIVF.Web.Api.PatientDashboard.PatientDashboardAPIController|Controller Name:PatientDashboardAPI,Action:GET,Method:GetVisitTypeList,User:akshaya.p,UnitID:2
2025-03-06 16:43:08.1011|INFO|PIVF.Web.Api.FertivueDashboard.FertivueDashboardController|Controller Name:FertivueDashboard,Action:GET,Method:GetRegistrationDashboardByAgeGroupCount,User:akshaya.p,UnitID:2
2025-03-06 16:43:08.1011|INFO|PIVF.Web.Api.FertivueDashboard.FertivueDashboardController|Controller Name:FertivueDashboard,Action:GET,Method:GetRegistrationDashboardByAgeGroupCount,User:akshaya.p,UnitID:2
2025-03-06 16:43:08.2115|INFO|PIVF.Web.Api.PatientDashboard.PatientDashboardAPIController|Controller Name:PatientDashboardAPI,Action:GET,Method:GetVisitTypeList,User:akshaya.p,UnitID:2
2025-03-06 16:43:08.2115|INFO|PIVF.Web.Api.PatientDashboard.PatientDashboardAPIController|Controller Name:PatientDashboardAPI,Action:GET,Method:GetVisitTypeList,User:akshaya.p,UnitID:2
2025-03-06 16:43:08.2669|INFO|PIVF.Web.Api.FertivueDashboard.FertivueDashboardController|Controller Name:FertivueDashboard,Action:GET,Method:GetAppointmentDashboardCount,User:akshaya.p,UnitID:2
2025-03-06 16:43:08.2669|INFO|PIVF.Web.Api.FertivueDashboard.FertivueDashboardController|Controller Name:FertivueDashboard,Action:GET,Method:GetAppointmentDashboardCount,User:akshaya.p,UnitID:2
2025-03-06 16:43:08.2937|INFO|PIVF.Web.Api.FertivueDashboard.FertivueDashboardController|Controller Name:FertivueDashboard,Action:GET,Method:GetInvestigationDashboardCount,User:akshaya.p,UnitID:2
2025-03-06 16:43:08.2937|INFO|PIVF.Web.Api.FertivueDashboard.FertivueDashboardController|Controller Name:FertivueDashboard,Action:GET,Method:GetInvestigationDashboardCount,User:akshaya.p,UnitID:2
2025-03-06 16:43:08.3026|INFO|PIVF.Web.Api.FertivueDashboard.FertivueDashboardController|Controller Name:FertivueDashboard,Action:GET,Method:GetBillingDashboardCount,User:akshaya.p,UnitID:2
2025-03-06 16:43:08.3026|INFO|PIVF.Web.Api.FertivueDashboard.FertivueDashboardController|Controller Name:FertivueDashboard,Action:GET,Method:GetBillingDashboardCount,User:akshaya.p,UnitID:2
2025-03-06 16:43:08.3206|INFO|PIVF.Web.Api.FertivueDashboard.FertivueDashboardController|Controller Name:FertivueDashboard,Action:GET,Method:GetTotalRevenueDashboardServiceTypeCount,User:akshaya.p,UnitID:2
2025-03-06 16:43:08.3206|INFO|PIVF.Web.Api.FertivueDashboard.FertivueDashboardController|Controller Name:FertivueDashboard,Action:GET,Method:GetTotalRevenueDashboardServiceTypeCount,User:akshaya.p,UnitID:2
2025-03-06 16:43:08.3422|INFO|PIVF.Web.Api.FertivueDashboard.FertivueDashboardController|Controller Name:FertivueDashboard,Action:GET,Method:GetAdminDashboardPercentageCounts,User:akshaya.p,UnitID:2
2025-03-06 16:43:08.3422|INFO|PIVF.Web.Api.FertivueDashboard.FertivueDashboardController|Controller Name:FertivueDashboard,Action:GET,Method:GetAdminDashboardPercentageCounts,User:akshaya.p,UnitID:2
2025-03-06 16:43:26.7993|INFO|PIVF.Web.Api.Patient.PatientVisitController|Controller Name:PatientVisit,Action:GET,Method:GetPatientDetails,User:akshaya.p,UnitID:2
2025-03-06 16:43:26.7993|INFO|PIVF.Web.Api.Patient.PatientVisitController|Controller Name:PatientVisit,Action:GET,Method:GetPatientDetails,User:akshaya.p,UnitID:2
2025-03-06 16:43:34.4609|INFO|PIVF.Web.Api.Billing.PatientAdvanceAPIController|Controller Name:AdvanceCtrl, Action:HttpGet, Method:GetAdvanceList, User:akshaya.p, UnitID:2
2025-03-06 16:43:34.4609|INFO|PIVF.Web.Api.Billing.PatientAdvanceAPIController|Controller Name:AdvanceCtrl, Action:HttpGet, Method:GetAdvanceList, User:akshaya.p, UnitID:2
2025-03-06 16:43:42.5272|INFO|PIVF.Web.Api.Patient.PatientVisitController|Controller Name:PatientVisit,Action:GET,Method:GetPatientDetails,User:akshaya.p,UnitID:2
2025-03-06 16:43:42.5272|INFO|PIVF.Web.Api.Patient.PatientVisitController|Controller Name:PatientVisit,Action:GET,Method:GetPatientDetails,User:akshaya.p,UnitID:2
2025-03-06 16:43:53.1247|INFO|PIVF.Web.Api.Billing.PatientAdvanceAPIController|Controller Name:AdvanceCtrl, Action:HttpGet, Method:GetAdvanceList, User:akshaya.p, UnitID:2
2025-03-06 16:43:53.1247|INFO|PIVF.Web.Api.Billing.PatientAdvanceAPIController|Controller Name:AdvanceCtrl, Action:HttpGet, Method:GetAdvanceList, User:akshaya.p, UnitID:2
