2025-04-01 10:34:15.9204|INFO|PIVF.Web.Api.Master.Configuration.UserAPIController|Controller Name:UserAPI,Action:HttpGet,Method:GetParentList,User:vidai,UnitID:2
2025-04-01 10:34:15.9204|INFO|PIVF.Web.Api.Master.Configuration.UserAPIController|Controller Name:UserAPI,Action:HttpGet,Method:GetParentList,User:vidai,UnitID:2
2025-04-01 10:34:16.1716|INFO|PIVF.Web.Api.Master.Configuration.UserAPIController|Controller Name:UserAPI,Action:HttpGet,Method:GetParentList,User:vidai,UnitID:2
2025-04-01 10:34:16.1716|INFO|PIVF.Web.Api.Master.Configuration.UserAPIController|Controller Name:UserAPI,Action:HttpGet,Method:GetParentList,User:vidai,UnitID:2
2025-04-01 10:34:16.4857|INFO|PIVF.Web.Api.Master.Configuration.UserAPIController|Controller Name:UserAPI,Action:HttpGet,Method:GetUserRoleRights,User:vidai,UnitID:2
2025-04-01 10:34:16.4857|INFO|PIVF.Web.Api.Master.Configuration.UserAPIController|Controller Name:UserAPI,Action:HttpGet,Method:GetUserRoleRights,User:vidai,UnitID:2
2025-04-01 10:34:16.5773|INFO|PIVF.Web.Api.PatientDashboard.PatientDashboardAPIController|Controller Name:PatientDashboardAPI,Action:GET,Method:GetVisitTypeList,User:vidai,UnitID:2
2025-04-01 10:34:16.5773|INFO|PIVF.Web.Api.PatientDashboard.PatientDashboardAPIController|Controller Name:PatientDashboardAPI,Action:GET,Method:GetVisitTypeList,User:vidai,UnitID:2
2025-04-01 10:34:16.9046|INFO|PIVF.Web.Api.FertivueDashboard.FertivueDashboardController|Controller Name:FertivueDashboard,Action:GET,Method:GetRegistrationDashboardByAgeGroupCount,User:vidai,UnitID:2
2025-04-01 10:34:16.9046|INFO|PIVF.Web.Api.FertivueDashboard.FertivueDashboardController|Controller Name:FertivueDashboard,Action:GET,Method:GetRegistrationDashboardByAgeGroupCount,User:vidai,UnitID:2
2025-04-01 10:34:16.9507|INFO|PIVF.Web.Api.PatientDashboard.PatientDashboardAPIController|Controller Name:PatientDashboardAPI,Action:GET,Method:GetVisitTypeList,User:vidai,UnitID:2
2025-04-01 10:34:16.9507|INFO|PIVF.Web.Api.PatientDashboard.PatientDashboardAPIController|Controller Name:PatientDashboardAPI,Action:GET,Method:GetVisitTypeList,User:vidai,UnitID:2
2025-04-01 10:34:17.0207|INFO|PIVF.Web.Api.FertivueDashboard.FertivueDashboardController|Controller Name:FertivueDashboard,Action:GET,Method:GetAppointmentDashboardCount,User:vidai,UnitID:2
2025-04-01 10:34:17.0207|INFO|PIVF.Web.Api.FertivueDashboard.FertivueDashboardController|Controller Name:FertivueDashboard,Action:GET,Method:GetAppointmentDashboardCount,User:vidai,UnitID:2
2025-04-01 10:34:17.0689|INFO|PIVF.Web.Api.FertivueDashboard.FertivueDashboardController|Controller Name:FertivueDashboard,Action:GET,Method:GetInvestigationDashboardCount,User:vidai,UnitID:2
2025-04-01 10:34:17.0689|INFO|PIVF.Web.Api.FertivueDashboard.FertivueDashboardController|Controller Name:FertivueDashboard,Action:GET,Method:GetInvestigationDashboardCount,User:vidai,UnitID:2
2025-04-01 10:34:17.2122|INFO|PIVF.Web.Api.FertivueDashboard.FertivueDashboardController|Controller Name:FertivueDashboard,Action:GET,Method:GetBillingDashboardCount,User:vidai,UnitID:2
2025-04-01 10:34:17.2122|INFO|PIVF.Web.Api.FertivueDashboard.FertivueDashboardController|Controller Name:FertivueDashboard,Action:GET,Method:GetBillingDashboardCount,User:vidai,UnitID:2
2025-04-01 10:34:17.4000|INFO|PIVF.Web.Api.FertivueDashboard.FertivueDashboardController|Controller Name:FertivueDashboard,Action:GET,Method:GetTotalRevenueDashboardServiceTypeCount,User:vidai,UnitID:2
2025-04-01 10:34:17.4000|INFO|PIVF.Web.Api.FertivueDashboard.FertivueDashboardController|Controller Name:FertivueDashboard,Action:GET,Method:GetTotalRevenueDashboardServiceTypeCount,User:vidai,UnitID:2
2025-04-01 10:34:17.6467|INFO|PIVF.Web.Api.FertivueDashboard.FertivueDashboardController|Controller Name:FertivueDashboard,Action:GET,Method:GetAdminDashboardPercentageCounts,User:vidai,UnitID:2
2025-04-01 10:34:17.6467|INFO|PIVF.Web.Api.FertivueDashboard.FertivueDashboardController|Controller Name:FertivueDashboard,Action:GET,Method:GetAdminDashboardPercentageCounts,User:vidai,UnitID:2
2025-04-01 10:34:18.0075|INFO|PIVF.Web.Api.Master.Configuration.UserAPIController|Controller Name:UserAPI,Action:HttpGet,Method:GetGrandParentList,User:vidai,UnitID:2
2025-04-01 10:34:18.0075|INFO|PIVF.Web.Api.Master.Configuration.UserAPIController|Controller Name:UserAPI,Action:HttpGet,Method:GetGrandParentList,User:vidai,UnitID:2
2025-04-01 10:34:29.2021|INFO|PIVF.Web.Api.Billing.BillingAPIController|Controller Name:BillingCtrl,Action:HttpPost,Method:GetBillList,User:vidai,UnitID:2
2025-04-01 10:34:29.2021|INFO|PIVF.Web.Api.Billing.BillingAPIController|Controller Name:BillingCtrl,Action:HttpPost,Method:GetBillList,User:vidai,UnitID:2
2025-04-01 10:34:41.1750|INFO|PIVF.Web.Api.Billing.BillingAPIController|Controller Name:BillingCtrl,Action:HttpPost,Method:GetBillList,User:vidai,UnitID:2
2025-04-01 10:34:41.1750|INFO|PIVF.Web.Api.Billing.BillingAPIController|Controller Name:BillingCtrl,Action:HttpPost,Method:GetBillList,User:vidai,UnitID:2
2025-04-01 10:34:45.0456|INFO|PIVF.Web.Api.PatientDashboard.PatientDashboardAPIController|Controller Name:PatientDashboardAPI,Action:GET,Method:GetVisitTypeList,User:vidai,UnitID:2
2025-04-01 10:34:45.0456|INFO|PIVF.Web.Api.PatientDashboard.PatientDashboardAPIController|Controller Name:PatientDashboardAPI,Action:GET,Method:GetVisitTypeList,User:vidai,UnitID:2
2025-04-01 10:34:45.0622|INFO|PIVF.Web.Api.FertivueDashboard.FertivueDashboardController|Controller Name:FertivueDashboard,Action:GET,Method:GetRegistrationDashboardByAgeGroupCount,User:vidai,UnitID:2
2025-04-01 10:34:45.0622|INFO|PIVF.Web.Api.FertivueDashboard.FertivueDashboardController|Controller Name:FertivueDashboard,Action:GET,Method:GetRegistrationDashboardByAgeGroupCount,User:vidai,UnitID:2
2025-04-01 10:34:45.0812|INFO|PIVF.Web.Api.PatientDashboard.PatientDashboardAPIController|Controller Name:PatientDashboardAPI,Action:GET,Method:GetVisitTypeList,User:vidai,UnitID:2
2025-04-01 10:34:45.0812|INFO|PIVF.Web.Api.PatientDashboard.PatientDashboardAPIController|Controller Name:PatientDashboardAPI,Action:GET,Method:GetVisitTypeList,User:vidai,UnitID:2
2025-04-01 10:34:45.1089|INFO|PIVF.Web.Api.FertivueDashboard.FertivueDashboardController|Controller Name:FertivueDashboard,Action:GET,Method:GetAppointmentDashboardCount,User:vidai,UnitID:2
2025-04-01 10:34:45.1089|INFO|PIVF.Web.Api.FertivueDashboard.FertivueDashboardController|Controller Name:FertivueDashboard,Action:GET,Method:GetAppointmentDashboardCount,User:vidai,UnitID:2
2025-04-01 10:34:45.1273|INFO|PIVF.Web.Api.FertivueDashboard.FertivueDashboardController|Controller Name:FertivueDashboard,Action:GET,Method:GetInvestigationDashboardCount,User:vidai,UnitID:2
2025-04-01 10:34:45.1273|INFO|PIVF.Web.Api.FertivueDashboard.FertivueDashboardController|Controller Name:FertivueDashboard,Action:GET,Method:GetInvestigationDashboardCount,User:vidai,UnitID:2
2025-04-01 10:34:45.1485|INFO|PIVF.Web.Api.FertivueDashboard.FertivueDashboardController|Controller Name:FertivueDashboard,Action:GET,Method:GetBillingDashboardCount,User:vidai,UnitID:2
2025-04-01 10:34:45.1485|INFO|PIVF.Web.Api.FertivueDashboard.FertivueDashboardController|Controller Name:FertivueDashboard,Action:GET,Method:GetBillingDashboardCount,User:vidai,UnitID:2
2025-04-01 10:34:45.1777|INFO|PIVF.Web.Api.FertivueDashboard.FertivueDashboardController|Controller Name:FertivueDashboard,Action:GET,Method:GetTotalRevenueDashboardServiceTypeCount,User:vidai,UnitID:2
2025-04-01 10:34:45.1777|INFO|PIVF.Web.Api.FertivueDashboard.FertivueDashboardController|Controller Name:FertivueDashboard,Action:GET,Method:GetTotalRevenueDashboardServiceTypeCount,User:vidai,UnitID:2
2025-04-01 10:34:45.2300|INFO|PIVF.Web.Api.FertivueDashboard.FertivueDashboardController|Controller Name:FertivueDashboard,Action:GET,Method:GetAdminDashboardPercentageCounts,User:vidai,UnitID:2
2025-04-01 10:34:45.2300|INFO|PIVF.Web.Api.FertivueDashboard.FertivueDashboardController|Controller Name:FertivueDashboard,Action:GET,Method:GetAdminDashboardPercentageCounts,User:vidai,UnitID:2
2025-04-01 10:34:51.1903|INFO|PIVF.Web.Api.FertivueDashboard.FertivueDashboardController|Controller Name:FertivueDashboard,Action:GET,Method:GetRegistrationDashboardByTrendsCount,User:vidai,UnitID:2
2025-04-01 10:34:51.1903|INFO|PIVF.Web.Api.FertivueDashboard.FertivueDashboardController|Controller Name:FertivueDashboard,Action:GET,Method:GetRegistrationDashboardByTrendsCount,User:vidai,UnitID:2
2025-04-01 10:34:54.9736|INFO|PIVF.Web.Api.Billing.BillingAPIController|Controller Name:BillingAPI,Action:GET,Method:GetUnitDetails,User:vidai,UnitID:2
2025-04-01 10:34:54.9736|INFO|PIVF.Web.Api.Billing.BillingAPIController|Controller Name:BillingAPI,Action:GET,Method:GetUnitDetails,User:vidai,UnitID:2
2025-04-01 10:34:55.4874|INFO|PIVF.Web.Api.FertivueDashboard.FertivueDashboardController|Controller Name:FertivueDashboard,Action:GET,Method:GetRegistrationDashboardByTrendPatientList,User:vidai,UnitID:2
2025-04-01 10:34:55.4874|INFO|PIVF.Web.Api.FertivueDashboard.FertivueDashboardController|Controller Name:FertivueDashboard,Action:GET,Method:GetRegistrationDashboardByTrendPatientList,User:vidai,UnitID:2
2025-04-01 10:34:57.5711|INFO|PIVF.Web.Api.PatientDashboard.PatientDashboardAPIController|Controller Name:PatientDashboardAPI,Action:GET,Method:GetVisitTypeList,User:vidai,UnitID:2
2025-04-01 10:34:57.5711|INFO|PIVF.Web.Api.PatientDashboard.PatientDashboardAPIController|Controller Name:PatientDashboardAPI,Action:GET,Method:GetVisitTypeList,User:vidai,UnitID:2
2025-04-01 10:34:57.5920|INFO|PIVF.Web.Api.FertivueDashboard.FertivueDashboardController|Controller Name:FertivueDashboard,Action:GET,Method:GetRegistrationDashboardByAgeGroupCount,User:vidai,UnitID:2
2025-04-01 10:34:57.5920|INFO|PIVF.Web.Api.FertivueDashboard.FertivueDashboardController|Controller Name:FertivueDashboard,Action:GET,Method:GetRegistrationDashboardByAgeGroupCount,User:vidai,UnitID:2
2025-04-01 10:34:57.6121|INFO|PIVF.Web.Api.PatientDashboard.PatientDashboardAPIController|Controller Name:PatientDashboardAPI,Action:GET,Method:GetVisitTypeList,User:vidai,UnitID:2
2025-04-01 10:34:57.6121|INFO|PIVF.Web.Api.PatientDashboard.PatientDashboardAPIController|Controller Name:PatientDashboardAPI,Action:GET,Method:GetVisitTypeList,User:vidai,UnitID:2
2025-04-01 10:34:57.6335|INFO|PIVF.Web.Api.FertivueDashboard.FertivueDashboardController|Controller Name:FertivueDashboard,Action:GET,Method:GetAppointmentDashboardCount,User:vidai,UnitID:2
2025-04-01 10:34:57.6335|INFO|PIVF.Web.Api.FertivueDashboard.FertivueDashboardController|Controller Name:FertivueDashboard,Action:GET,Method:GetAppointmentDashboardCount,User:vidai,UnitID:2
2025-04-01 10:34:57.6524|INFO|PIVF.Web.Api.FertivueDashboard.FertivueDashboardController|Controller Name:FertivueDashboard,Action:GET,Method:GetInvestigationDashboardCount,User:vidai,UnitID:2
2025-04-01 10:34:57.6524|INFO|PIVF.Web.Api.FertivueDashboard.FertivueDashboardController|Controller Name:FertivueDashboard,Action:GET,Method:GetInvestigationDashboardCount,User:vidai,UnitID:2
2025-04-01 10:34:57.6747|INFO|PIVF.Web.Api.FertivueDashboard.FertivueDashboardController|Controller Name:FertivueDashboard,Action:GET,Method:GetBillingDashboardCount,User:vidai,UnitID:2
2025-04-01 10:34:57.6747|INFO|PIVF.Web.Api.FertivueDashboard.FertivueDashboardController|Controller Name:FertivueDashboard,Action:GET,Method:GetBillingDashboardCount,User:vidai,UnitID:2
2025-04-01 10:34:57.7082|INFO|PIVF.Web.Api.FertivueDashboard.FertivueDashboardController|Controller Name:FertivueDashboard,Action:GET,Method:GetTotalRevenueDashboardServiceTypeCount,User:vidai,UnitID:2
2025-04-01 10:34:57.7082|INFO|PIVF.Web.Api.FertivueDashboard.FertivueDashboardController|Controller Name:FertivueDashboard,Action:GET,Method:GetTotalRevenueDashboardServiceTypeCount,User:vidai,UnitID:2
2025-04-01 10:34:57.7597|INFO|PIVF.Web.Api.FertivueDashboard.FertivueDashboardController|Controller Name:FertivueDashboard,Action:GET,Method:GetAdminDashboardPercentageCounts,User:vidai,UnitID:2
2025-04-01 10:34:57.7597|INFO|PIVF.Web.Api.FertivueDashboard.FertivueDashboardController|Controller Name:FertivueDashboard,Action:GET,Method:GetAdminDashboardPercentageCounts,User:vidai,UnitID:2
2025-04-01 10:34:59.1362|INFO|PIVF.Web.Api.PatientDashboard.PatientDashboardAPIController|Controller Name:PatientDashboardAPI,Action:GET,Method:GetVisitTypeList,User:vidai,UnitID:2
2025-04-01 10:34:59.1362|INFO|PIVF.Web.Api.PatientDashboard.PatientDashboardAPIController|Controller Name:PatientDashboardAPI,Action:GET,Method:GetVisitTypeList,User:vidai,UnitID:2
2025-04-01 10:34:59.1567|INFO|PIVF.Web.Api.FertivueDashboard.FertivueDashboardController|Controller Name:FertivueDashboard,Action:GET,Method:GetTotalRevenueDashboardServiceTypeCount,User:vidai,UnitID:2
2025-04-01 10:34:59.1567|INFO|PIVF.Web.Api.FertivueDashboard.FertivueDashboardController|Controller Name:FertivueDashboard,Action:GET,Method:GetTotalRevenueDashboardServiceTypeCount,User:vidai,UnitID:2
2025-04-01 10:34:59.1789|INFO|PIVF.Web.Api.FertivueDashboard.FertivueDashboardController|Controller Name:FertivueDashboard,Action:GET,Method:GetAdminDashboardPercentageCounts,User:vidai,UnitID:2
2025-04-01 10:34:59.1789|INFO|PIVF.Web.Api.FertivueDashboard.FertivueDashboardController|Controller Name:FertivueDashboard,Action:GET,Method:GetAdminDashboardPercentageCounts,User:vidai,UnitID:2
2025-04-01 10:34:59.8316|INFO|PIVF.Web.Api.PatientDashboard.PatientDashboardAPIController|Controller Name:PatientDashboardAPI,Action:GET,Method:GetVisitTypeList,User:vidai,UnitID:2
2025-04-01 10:34:59.8316|INFO|PIVF.Web.Api.PatientDashboard.PatientDashboardAPIController|Controller Name:PatientDashboardAPI,Action:GET,Method:GetVisitTypeList,User:vidai,UnitID:2
2025-04-01 10:34:59.8517|INFO|PIVF.Web.Api.FertivueDashboard.FertivueDashboardController|Controller Name:FertivueDashboard,Action:GET,Method:GetTotalRevenueDashboardServiceTypeCount,User:vidai,UnitID:2
2025-04-01 10:34:59.8517|INFO|PIVF.Web.Api.FertivueDashboard.FertivueDashboardController|Controller Name:FertivueDashboard,Action:GET,Method:GetTotalRevenueDashboardServiceTypeCount,User:vidai,UnitID:2
2025-04-01 10:34:59.8779|INFO|PIVF.Web.Api.FertivueDashboard.FertivueDashboardController|Controller Name:FertivueDashboard,Action:GET,Method:GetAdminDashboardPercentageCounts,User:vidai,UnitID:2
2025-04-01 10:34:59.8779|INFO|PIVF.Web.Api.FertivueDashboard.FertivueDashboardController|Controller Name:FertivueDashboard,Action:GET,Method:GetAdminDashboardPercentageCounts,User:vidai,UnitID:2
2025-04-01 10:35:00.1356|INFO|PIVF.Web.Api.FertivueDashboard.FertivueDashboardController|Controller Name:FertivueDashboard,Action:GET,Method:GetAppointmentDashboardCount,User:vidai,UnitID:2
2025-04-01 10:35:00.1356|INFO|PIVF.Web.Api.FertivueDashboard.FertivueDashboardController|Controller Name:FertivueDashboard,Action:GET,Method:GetAppointmentDashboardCount,User:vidai,UnitID:2
2025-04-01 10:35:00.1560|INFO|PIVF.Web.Api.FertivueDashboard.FertivueDashboardController|Controller Name:FertivueDashboard,Action:GET,Method:GetRegistrationDashboardByAgeGroupCount,User:vidai,UnitID:2
2025-04-01 10:35:00.1560|INFO|PIVF.Web.Api.FertivueDashboard.FertivueDashboardController|Controller Name:FertivueDashboard,Action:GET,Method:GetRegistrationDashboardByAgeGroupCount,User:vidai,UnitID:2
2025-04-01 10:35:00.1766|INFO|PIVF.Web.Api.FertivueDashboard.FertivueDashboardController|Controller Name:FertivueDashboard,Action:GET,Method:GetRegistrationDashboardByAgeGroupCount,User:vidai,UnitID:2
2025-04-01 10:35:00.1766|INFO|PIVF.Web.Api.FertivueDashboard.FertivueDashboardController|Controller Name:FertivueDashboard,Action:GET,Method:GetRegistrationDashboardByAgeGroupCount,User:vidai,UnitID:2
2025-04-01 10:35:00.6712|INFO|PIVF.Web.Api.FertivueDashboard.FertivueDashboardController|Controller Name:FertivueDashboard,Action:GET,Method:GetAppointmentDashboardCount,User:vidai,UnitID:2
2025-04-01 10:35:00.6712|INFO|PIVF.Web.Api.FertivueDashboard.FertivueDashboardController|Controller Name:FertivueDashboard,Action:GET,Method:GetAppointmentDashboardCount,User:vidai,UnitID:2
2025-04-01 10:35:01.1781|INFO|PIVF.Web.Api.FertivueDashboard.FertivueDashboardController|Controller Name:FertivueDashboard,Action:GET,Method:GetBillingDashboardCount,User:vidai,UnitID:2
2025-04-01 10:35:01.1781|INFO|PIVF.Web.Api.FertivueDashboard.FertivueDashboardController|Controller Name:FertivueDashboard,Action:GET,Method:GetBillingDashboardCount,User:vidai,UnitID:2
2025-04-01 10:35:01.2046|INFO|PIVF.Web.Api.FertivueDashboard.FertivueDashboardController|Controller Name:FertivueDashboard,Action:GET,Method:GetBillingDashboardCount,User:vidai,UnitID:2
2025-04-01 10:35:01.2046|INFO|PIVF.Web.Api.FertivueDashboard.FertivueDashboardController|Controller Name:FertivueDashboard,Action:GET,Method:GetBillingDashboardCount,User:vidai,UnitID:2
2025-04-01 10:35:01.6851|INFO|PIVF.Web.Api.FertivueDashboard.FertivueDashboardController|Controller Name:FertivueDashboard,Action:GET,Method:GetInvestigationDashboardCount,User:vidai,UnitID:2
2025-04-01 10:35:01.6851|INFO|PIVF.Web.Api.FertivueDashboard.FertivueDashboardController|Controller Name:FertivueDashboard,Action:GET,Method:GetInvestigationDashboardCount,User:vidai,UnitID:2
2025-04-01 10:35:01.7019|INFO|PIVF.Web.Api.FertivueDashboard.FertivueDashboardController|Controller Name:FertivueDashboard,Action:GET,Method:GetInvestigationDashboardCount,User:vidai,UnitID:2
2025-04-01 10:35:01.7019|INFO|PIVF.Web.Api.FertivueDashboard.FertivueDashboardController|Controller Name:FertivueDashboard,Action:GET,Method:GetInvestigationDashboardCount,User:vidai,UnitID:2
2025-04-01 10:35:02.7523|INFO|PIVF.Web.Api.FertivueDashboard.FertivueDashboardController|Controller Name:FertivueDashboard,Action:GET,Method:GetRegistrationDashboardByTrendsCount,User:vidai,UnitID:2
2025-04-01 10:35:02.7523|INFO|PIVF.Web.Api.FertivueDashboard.FertivueDashboardController|Controller Name:FertivueDashboard,Action:GET,Method:GetRegistrationDashboardByTrendsCount,User:vidai,UnitID:2
2025-04-01 10:35:07.6069|INFO|PIVF.Web.Api.PatientDashboard.PatientDashboardAPIController|Controller Name:PatientDashboardAPI,Action:GET,Method:GetVisitTypeList,User:vidai,UnitID:2
2025-04-01 10:35:07.6069|INFO|PIVF.Web.Api.PatientDashboard.PatientDashboardAPIController|Controller Name:PatientDashboardAPI,Action:GET,Method:GetVisitTypeList,User:vidai,UnitID:2
2025-04-01 10:35:07.6124|INFO|PIVF.Web.Api.FertivueDashboard.FertivueDashboardController|Controller Name:FertivueDashboard,Action:GET,Method:GetBillingDashboardCount,User:vidai,UnitID:2
2025-04-01 10:35:07.6124|INFO|PIVF.Web.Api.FertivueDashboard.FertivueDashboardController|Controller Name:FertivueDashboard,Action:GET,Method:GetBillingDashboardCount,User:vidai,UnitID:2
2025-04-01 10:35:07.6244|INFO|PIVF.Web.Api.FertivueDashboard.FertivueDashboardController|Controller Name:FertivueDashboard,Action:GET,Method:GetAdminDashboardPercentageCounts,User:vidai,UnitID:2
2025-04-01 10:35:07.6244|INFO|PIVF.Web.Api.FertivueDashboard.FertivueDashboardController|Controller Name:FertivueDashboard,Action:GET,Method:GetAdminDashboardPercentageCounts,User:vidai,UnitID:2
2025-04-01 10:35:08.1357|INFO|PIVF.Web.Api.FertivueDashboard.FertivueDashboardController|Controller Name:FertivueDashboard,Action:GET,Method:GetInvestigationDashboardCount,User:vidai,UnitID:2
2025-04-01 10:35:08.1357|INFO|PIVF.Web.Api.FertivueDashboard.FertivueDashboardController|Controller Name:FertivueDashboard,Action:GET,Method:GetInvestigationDashboardCount,User:vidai,UnitID:2
2025-04-01 10:35:08.6375|INFO|PIVF.Web.Api.FertivueDashboard.FertivueDashboardController|Controller Name:FertivueDashboard,Action:GET,Method:GetRegistrationDashboardByTrendsCount,User:vidai,UnitID:2
2025-04-01 10:35:08.6375|INFO|PIVF.Web.Api.FertivueDashboard.FertivueDashboardController|Controller Name:FertivueDashboard,Action:GET,Method:GetRegistrationDashboardByTrendsCount,User:vidai,UnitID:2
2025-04-01 10:35:09.1546|INFO|PIVF.Web.Api.FertivueDashboard.FertivueDashboardController|Controller Name:FertivueDashboard,Action:GET,Method:GetTotalRevenueDashboardServiceTypeCount,User:vidai,UnitID:2
2025-04-01 10:35:09.1546|INFO|PIVF.Web.Api.FertivueDashboard.FertivueDashboardController|Controller Name:FertivueDashboard,Action:GET,Method:GetTotalRevenueDashboardServiceTypeCount,User:vidai,UnitID:2
2025-04-01 10:35:09.6695|INFO|PIVF.Web.Api.FertivueDashboard.FertivueDashboardController|Controller Name:FertivueDashboard,Action:GET,Method:GetAppointmentDashboardCount,User:vidai,UnitID:2
2025-04-01 10:35:09.6695|INFO|PIVF.Web.Api.FertivueDashboard.FertivueDashboardController|Controller Name:FertivueDashboard,Action:GET,Method:GetAppointmentDashboardCount,User:vidai,UnitID:2
2025-04-01 10:35:17.2525|INFO|PIVF.Web.Api.FertivueDashboard.FertivueDashboardController|Controller Name:FertivueDashboard,Action:GET,Method:GetRegistrationDashboardByAgeGroupCount,User:vidai,UnitID:2
2025-04-01 10:35:17.2525|INFO|PIVF.Web.Api.FertivueDashboard.FertivueDashboardController|Controller Name:FertivueDashboard,Action:GET,Method:GetRegistrationDashboardByAgeGroupCount,User:vidai,UnitID:2
2025-04-01 11:15:40.6682|INFO|PIVF.Web.Api.Master.Configuration.UserAPIController|Controller Name:UserAPI,Action:HttpGet,Method:GetGrandParentList,User:prajwal,UnitID:2
2025-04-01 11:15:40.6682|INFO|PIVF.Web.Api.Master.Configuration.UserAPIController|Controller Name:UserAPI,Action:HttpGet,Method:GetGrandParentList,User:prajwal,UnitID:2
2025-04-01 11:15:44.1021|INFO|PIVF.Web.Api.Master.Configuration.UserAPIController|Controller Name:UserAPI,Action:HttpGet,Method:GetUserRoleRights,User:prajwal,UnitID:2
2025-04-01 11:15:44.1021|INFO|PIVF.Web.Api.Master.Configuration.UserAPIController|Controller Name:UserAPI,Action:HttpGet,Method:GetUserRoleRights,User:prajwal,UnitID:2
2025-04-01 11:15:44.8623|INFO|PIVF.Web.Api.Master.Configuration.UserAPIController|Controller Name:UserAPI,Action:HttpGet,Method:GetParentList,User:prajwal,UnitID:2
2025-04-01 11:15:44.8623|INFO|PIVF.Web.Api.Master.Configuration.UserAPIController|Controller Name:UserAPI,Action:HttpGet,Method:GetParentList,User:prajwal,UnitID:2
2025-04-01 11:15:44.8860|INFO|PIVF.Web.Api.FertivueDashboard.FertivueDashboardController|Controller Name:FertivueDashboard,Action:GET,Method:GetRegistrationDashboardByAgeGroupCount,User:prajwal,UnitID:2
2025-04-01 11:15:44.8860|INFO|PIVF.Web.Api.FertivueDashboard.FertivueDashboardController|Controller Name:FertivueDashboard,Action:GET,Method:GetRegistrationDashboardByAgeGroupCount,User:prajwal,UnitID:2
2025-04-01 11:15:44.9081|INFO|PIVF.Web.Api.PatientDashboard.PatientDashboardAPIController|Controller Name:PatientDashboardAPI,Action:GET,Method:GetVisitTypeList,User:prajwal,UnitID:2
2025-04-01 11:15:44.9081|INFO|PIVF.Web.Api.PatientDashboard.PatientDashboardAPIController|Controller Name:PatientDashboardAPI,Action:GET,Method:GetVisitTypeList,User:prajwal,UnitID:2
2025-04-01 11:15:44.9512|INFO|PIVF.Web.Api.FertivueDashboard.FertivueDashboardController|Controller Name:FertivueDashboard,Action:GET,Method:GetAppointmentDashboardCount,User:prajwal,UnitID:2
2025-04-01 11:15:44.9512|INFO|PIVF.Web.Api.FertivueDashboard.FertivueDashboardController|Controller Name:FertivueDashboard,Action:GET,Method:GetAppointmentDashboardCount,User:prajwal,UnitID:2
2025-04-01 11:15:44.9652|INFO|PIVF.Web.Api.FertivueDashboard.FertivueDashboardController|Controller Name:FertivueDashboard,Action:GET,Method:GetInvestigationDashboardCount,User:prajwal,UnitID:2
2025-04-01 11:15:44.9652|INFO|PIVF.Web.Api.FertivueDashboard.FertivueDashboardController|Controller Name:FertivueDashboard,Action:GET,Method:GetInvestigationDashboardCount,User:prajwal,UnitID:2
2025-04-01 11:15:44.9848|INFO|PIVF.Web.Api.FertivueDashboard.FertivueDashboardController|Controller Name:FertivueDashboard,Action:GET,Method:GetBillingDashboardCount,User:prajwal,UnitID:2
2025-04-01 11:15:44.9848|INFO|PIVF.Web.Api.FertivueDashboard.FertivueDashboardController|Controller Name:FertivueDashboard,Action:GET,Method:GetBillingDashboardCount,User:prajwal,UnitID:2
2025-04-01 11:15:45.0196|INFO|PIVF.Web.Api.FertivueDashboard.FertivueDashboardController|Controller Name:FertivueDashboard,Action:GET,Method:GetTotalRevenueDashboardServiceTypeCount,User:prajwal,UnitID:2
2025-04-01 11:15:45.0196|INFO|PIVF.Web.Api.FertivueDashboard.FertivueDashboardController|Controller Name:FertivueDashboard,Action:GET,Method:GetTotalRevenueDashboardServiceTypeCount,User:prajwal,UnitID:2
2025-04-01 11:15:45.0652|INFO|PIVF.Web.Api.FertivueDashboard.FertivueDashboardController|Controller Name:FertivueDashboard,Action:GET,Method:GetAdminDashboardPercentageCounts,User:prajwal,UnitID:2
2025-04-01 11:15:45.0652|INFO|PIVF.Web.Api.FertivueDashboard.FertivueDashboardController|Controller Name:FertivueDashboard,Action:GET,Method:GetAdminDashboardPercentageCounts,User:prajwal,UnitID:2
2025-04-01 11:15:45.2441|INFO|PIVF.Web.Api.Master.Configuration.UserAPIController|Controller Name:UserAPI,Action:HttpGet,Method:GetParentList,User:prajwal,UnitID:2
2025-04-01 11:15:45.2441|INFO|PIVF.Web.Api.Master.Configuration.UserAPIController|Controller Name:UserAPI,Action:HttpGet,Method:GetParentList,User:prajwal,UnitID:2
2025-04-01 11:15:45.3745|INFO|PIVF.Web.Api.PatientDashboard.PatientDashboardAPIController|Controller Name:PatientDashboardAPI,Action:GET,Method:GetVisitTypeList,User:prajwal,UnitID:2
2025-04-01 11:15:45.3745|INFO|PIVF.Web.Api.PatientDashboard.PatientDashboardAPIController|Controller Name:PatientDashboardAPI,Action:GET,Method:GetVisitTypeList,User:prajwal,UnitID:2
2025-04-01 11:15:58.0352|INFO|PIVF.Web.Api.Master.Configuration.UserAPIController|Controller Name:UserAPI,Action:HttpGet,Method:GetParentList,User:prajwal,UnitID:2
2025-04-01 11:15:58.0352|INFO|PIVF.Web.Api.Master.Configuration.UserAPIController|Controller Name:UserAPI,Action:HttpGet,Method:GetParentList,User:prajwal,UnitID:2
2025-04-01 11:18:01.1412|INFO|PIVF.Web.Api.Master.Configuration.UserAPIController|Controller Name:UserAPI,Action:HttpGet,Method:GetParentList,User:prajwal,UnitID:2
2025-04-01 11:18:01.1412|INFO|PIVF.Web.Api.Master.Configuration.UserAPIController|Controller Name:UserAPI,Action:HttpGet,Method:GetParentList,User:prajwal,UnitID:2
2025-04-01 11:18:01.1745|INFO|PIVF.Web.Api.Master.Configuration.UserAPIController|Controller Name:UserAPI,Action:HttpGet,Method:GetParentList,User:prajwal,UnitID:2
2025-04-01 11:18:01.1745|INFO|PIVF.Web.Api.Master.Configuration.UserAPIController|Controller Name:UserAPI,Action:HttpGet,Method:GetParentList,User:prajwal,UnitID:2
2025-04-01 11:18:01.6390|INFO|PIVF.Web.Api.PatientDashboard.PatientDashboardAPIController|Controller Name:PatientDashboardAPI,Action:GET,Method:GetVisitTypeList,User:prajwal,UnitID:2
2025-04-01 11:18:01.6390|INFO|PIVF.Web.Api.PatientDashboard.PatientDashboardAPIController|Controller Name:PatientDashboardAPI,Action:GET,Method:GetVisitTypeList,User:prajwal,UnitID:2
2025-04-01 11:18:01.6656|INFO|PIVF.Web.Api.FertivueDashboard.FertivueDashboardController|Controller Name:FertivueDashboard,Action:GET,Method:GetRegistrationDashboardByAgeGroupCount,User:prajwal,UnitID:2
2025-04-01 11:18:01.6656|INFO|PIVF.Web.Api.FertivueDashboard.FertivueDashboardController|Controller Name:FertivueDashboard,Action:GET,Method:GetRegistrationDashboardByAgeGroupCount,User:prajwal,UnitID:2
2025-04-01 11:18:01.6800|INFO|PIVF.Web.Api.PatientDashboard.PatientDashboardAPIController|Controller Name:PatientDashboardAPI,Action:GET,Method:GetVisitTypeList,User:prajwal,UnitID:2
2025-04-01 11:18:01.6800|INFO|PIVF.Web.Api.PatientDashboard.PatientDashboardAPIController|Controller Name:PatientDashboardAPI,Action:GET,Method:GetVisitTypeList,User:prajwal,UnitID:2
2025-04-01 11:18:01.7040|INFO|PIVF.Web.Api.FertivueDashboard.FertivueDashboardController|Controller Name:FertivueDashboard,Action:GET,Method:GetAppointmentDashboardCount,User:prajwal,UnitID:2
2025-04-01 11:18:01.7040|INFO|PIVF.Web.Api.FertivueDashboard.FertivueDashboardController|Controller Name:FertivueDashboard,Action:GET,Method:GetAppointmentDashboardCount,User:prajwal,UnitID:2
2025-04-01 11:18:01.7146|INFO|PIVF.Web.Api.FertivueDashboard.FertivueDashboardController|Controller Name:FertivueDashboard,Action:GET,Method:GetInvestigationDashboardCount,User:prajwal,UnitID:2
2025-04-01 11:18:01.7146|INFO|PIVF.Web.Api.FertivueDashboard.FertivueDashboardController|Controller Name:FertivueDashboard,Action:GET,Method:GetInvestigationDashboardCount,User:prajwal,UnitID:2
2025-04-01 11:18:01.7366|INFO|PIVF.Web.Api.FertivueDashboard.FertivueDashboardController|Controller Name:FertivueDashboard,Action:GET,Method:GetBillingDashboardCount,User:prajwal,UnitID:2
2025-04-01 11:18:01.7366|INFO|PIVF.Web.Api.FertivueDashboard.FertivueDashboardController|Controller Name:FertivueDashboard,Action:GET,Method:GetBillingDashboardCount,User:prajwal,UnitID:2
2025-04-01 11:18:01.7704|INFO|PIVF.Web.Api.FertivueDashboard.FertivueDashboardController|Controller Name:FertivueDashboard,Action:GET,Method:GetTotalRevenueDashboardServiceTypeCount,User:prajwal,UnitID:2
2025-04-01 11:18:01.7704|INFO|PIVF.Web.Api.FertivueDashboard.FertivueDashboardController|Controller Name:FertivueDashboard,Action:GET,Method:GetTotalRevenueDashboardServiceTypeCount,User:prajwal,UnitID:2
2025-04-01 11:18:01.8194|INFO|PIVF.Web.Api.FertivueDashboard.FertivueDashboardController|Controller Name:FertivueDashboard,Action:GET,Method:GetAdminDashboardPercentageCounts,User:prajwal,UnitID:2
2025-04-01 11:18:01.8194|INFO|PIVF.Web.Api.FertivueDashboard.FertivueDashboardController|Controller Name:FertivueDashboard,Action:GET,Method:GetAdminDashboardPercentageCounts,User:prajwal,UnitID:2
2025-04-01 11:18:02.9993|INFO|PIVF.Web.Api.Master.Configuration.UserAPIController|Controller Name:UserAPI,Action:HttpGet,Method:GetUserRoleRights,User:prajwal,UnitID:2
2025-04-01 11:18:02.9993|INFO|PIVF.Web.Api.Master.Configuration.UserAPIController|Controller Name:UserAPI,Action:HttpGet,Method:GetUserRoleRights,User:prajwal,UnitID:2
2025-04-01 11:18:03.5148|INFO|PIVF.Web.Api.Master.Configuration.UserAPIController|Controller Name:UserAPI,Action:HttpGet,Method:GetGrandParentList,User:prajwal,UnitID:2
2025-04-01 11:18:03.5148|INFO|PIVF.Web.Api.Master.Configuration.UserAPIController|Controller Name:UserAPI,Action:HttpGet,Method:GetGrandParentList,User:prajwal,UnitID:2
2025-04-01 11:18:09.0025|INFO|PIVF.Web.Api.Master.Configuration.UserAPIController|Controller Name:UserAPI,Action:HttpGet,Method:GetParentList,User:prajwal,UnitID:2
2025-04-01 11:18:09.0025|INFO|PIVF.Web.Api.Master.Configuration.UserAPIController|Controller Name:UserAPI,Action:HttpGet,Method:GetParentList,User:prajwal,UnitID:2
2025-04-01 11:18:18.5723|INFO|PIVF.Web.Api.PatientDashboard.PatientDashboardAPIController|Controller Name:PatientDashboardAPI,Action:GET,Method:GetVisitTypeList,User:prajwal,UnitID:2
2025-04-01 11:18:18.5723|INFO|PIVF.Web.Api.PatientDashboard.PatientDashboardAPIController|Controller Name:PatientDashboardAPI,Action:GET,Method:GetVisitTypeList,User:prajwal,UnitID:2
2025-04-01 11:18:18.5723|INFO|PIVF.Web.Api.FertivueDashboard.FertivueDashboardController|Controller Name:FertivueDashboard,Action:GET,Method:GetRegistrationDashboardByAgeGroupCount,User:prajwal,UnitID:2
2025-04-01 11:18:18.5723|INFO|PIVF.Web.Api.FertivueDashboard.FertivueDashboardController|Controller Name:FertivueDashboard,Action:GET,Method:GetRegistrationDashboardByAgeGroupCount,User:prajwal,UnitID:2
2025-04-01 11:18:18.5723|INFO|PIVF.Web.Api.PatientDashboard.PatientDashboardAPIController|Controller Name:PatientDashboardAPI,Action:GET,Method:GetVisitTypeList,User:prajwal,UnitID:2
2025-04-01 11:18:18.5723|INFO|PIVF.Web.Api.PatientDashboard.PatientDashboardAPIController|Controller Name:PatientDashboardAPI,Action:GET,Method:GetVisitTypeList,User:prajwal,UnitID:2
2025-04-01 11:18:18.5974|INFO|PIVF.Web.Api.FertivueDashboard.FertivueDashboardController|Controller Name:FertivueDashboard,Action:GET,Method:GetAppointmentDashboardCount,User:prajwal,UnitID:2
2025-04-01 11:18:18.5974|INFO|PIVF.Web.Api.FertivueDashboard.FertivueDashboardController|Controller Name:FertivueDashboard,Action:GET,Method:GetAppointmentDashboardCount,User:prajwal,UnitID:2
2025-04-01 11:18:18.6045|INFO|PIVF.Web.Api.FertivueDashboard.FertivueDashboardController|Controller Name:FertivueDashboard,Action:GET,Method:GetInvestigationDashboardCount,User:prajwal,UnitID:2
2025-04-01 11:18:18.6045|INFO|PIVF.Web.Api.FertivueDashboard.FertivueDashboardController|Controller Name:FertivueDashboard,Action:GET,Method:GetInvestigationDashboardCount,User:prajwal,UnitID:2
2025-04-01 11:18:18.6045|INFO|PIVF.Web.Api.FertivueDashboard.FertivueDashboardController|Controller Name:FertivueDashboard,Action:GET,Method:GetBillingDashboardCount,User:prajwal,UnitID:2
2025-04-01 11:18:18.6045|INFO|PIVF.Web.Api.FertivueDashboard.FertivueDashboardController|Controller Name:FertivueDashboard,Action:GET,Method:GetBillingDashboardCount,User:prajwal,UnitID:2
2025-04-01 11:18:18.6321|INFO|PIVF.Web.Api.FertivueDashboard.FertivueDashboardController|Controller Name:FertivueDashboard,Action:GET,Method:GetTotalRevenueDashboardServiceTypeCount,User:prajwal,UnitID:2
2025-04-01 11:18:18.6321|INFO|PIVF.Web.Api.FertivueDashboard.FertivueDashboardController|Controller Name:FertivueDashboard,Action:GET,Method:GetTotalRevenueDashboardServiceTypeCount,User:prajwal,UnitID:2
2025-04-01 11:18:18.6736|INFO|PIVF.Web.Api.FertivueDashboard.FertivueDashboardController|Controller Name:FertivueDashboard,Action:GET,Method:GetAdminDashboardPercentageCounts,User:prajwal,UnitID:2
2025-04-01 11:18:18.6736|INFO|PIVF.Web.Api.FertivueDashboard.FertivueDashboardController|Controller Name:FertivueDashboard,Action:GET,Method:GetAdminDashboardPercentageCounts,User:prajwal,UnitID:2
2025-04-01 11:42:57.4953|INFO|PIVF.Web.Api.Master.Configuration.UserAPIController|Controller Name:UserAPI,Action:HttpGet,Method:GetUserRoleRights,User:prajwal,UnitID:2
2025-04-01 11:42:57.4953|INFO|PIVF.Web.Api.Master.Configuration.UserAPIController|Controller Name:UserAPI,Action:HttpGet,Method:GetUserRoleRights,User:prajwal,UnitID:2
2025-04-01 11:42:57.9879|INFO|PIVF.Web.Api.Master.Configuration.UserAPIController|Controller Name:UserAPI,Action:HttpGet,Method:GetGrandParentList,User:prajwal,UnitID:2
2025-04-01 11:42:57.9879|INFO|PIVF.Web.Api.Master.Configuration.UserAPIController|Controller Name:UserAPI,Action:HttpGet,Method:GetGrandParentList,User:prajwal,UnitID:2
2025-04-01 11:43:08.6449|INFO|PIVF.Web.Api.Master.Configuration.UserAPIController|Controller Name:UserAPI,Action:HttpGet,Method:GetParentList,User:prajwal,UnitID:2
2025-04-01 11:43:08.6449|INFO|PIVF.Web.Api.Master.Configuration.UserAPIController|Controller Name:UserAPI,Action:HttpGet,Method:GetParentList,User:prajwal,UnitID:2
2025-04-01 11:43:08.6693|INFO|PIVF.Web.Api.Master.Configuration.UserAPIController|Controller Name:UserAPI,Action:HttpGet,Method:GetParentList,User:prajwal,UnitID:2
2025-04-01 11:43:08.6693|INFO|PIVF.Web.Api.Master.Configuration.UserAPIController|Controller Name:UserAPI,Action:HttpGet,Method:GetParentList,User:prajwal,UnitID:2
2025-04-01 11:43:08.8334|INFO|PIVF.Web.Api.PatientDashboard.PatientDashboardAPIController|Controller Name:PatientDashboardAPI,Action:GET,Method:GetVisitTypeList,User:prajwal,UnitID:2
2025-04-01 11:43:08.8334|INFO|PIVF.Web.Api.PatientDashboard.PatientDashboardAPIController|Controller Name:PatientDashboardAPI,Action:GET,Method:GetVisitTypeList,User:prajwal,UnitID:2
2025-04-01 11:43:08.8547|INFO|PIVF.Web.Api.FertivueDashboard.FertivueDashboardController|Controller Name:FertivueDashboard,Action:GET,Method:GetRegistrationDashboardByAgeGroupCount,User:prajwal,UnitID:2
2025-04-01 11:43:08.8547|INFO|PIVF.Web.Api.FertivueDashboard.FertivueDashboardController|Controller Name:FertivueDashboard,Action:GET,Method:GetRegistrationDashboardByAgeGroupCount,User:prajwal,UnitID:2
2025-04-01 11:43:08.8706|INFO|PIVF.Web.Api.PatientDashboard.PatientDashboardAPIController|Controller Name:PatientDashboardAPI,Action:GET,Method:GetVisitTypeList,User:prajwal,UnitID:2
2025-04-01 11:43:08.8706|INFO|PIVF.Web.Api.PatientDashboard.PatientDashboardAPIController|Controller Name:PatientDashboardAPI,Action:GET,Method:GetVisitTypeList,User:prajwal,UnitID:2
2025-04-01 11:43:08.8994|INFO|PIVF.Web.Api.FertivueDashboard.FertivueDashboardController|Controller Name:FertivueDashboard,Action:GET,Method:GetAppointmentDashboardCount,User:prajwal,UnitID:2
2025-04-01 11:43:08.8994|INFO|PIVF.Web.Api.FertivueDashboard.FertivueDashboardController|Controller Name:FertivueDashboard,Action:GET,Method:GetAppointmentDashboardCount,User:prajwal,UnitID:2
2025-04-01 11:43:08.9092|INFO|PIVF.Web.Api.FertivueDashboard.FertivueDashboardController|Controller Name:FertivueDashboard,Action:GET,Method:GetInvestigationDashboardCount,User:prajwal,UnitID:2
2025-04-01 11:43:08.9092|INFO|PIVF.Web.Api.FertivueDashboard.FertivueDashboardController|Controller Name:FertivueDashboard,Action:GET,Method:GetInvestigationDashboardCount,User:prajwal,UnitID:2
2025-04-01 11:43:08.9255|INFO|PIVF.Web.Api.FertivueDashboard.FertivueDashboardController|Controller Name:FertivueDashboard,Action:GET,Method:GetBillingDashboardCount,User:prajwal,UnitID:2
2025-04-01 11:43:08.9255|INFO|PIVF.Web.Api.FertivueDashboard.FertivueDashboardController|Controller Name:FertivueDashboard,Action:GET,Method:GetBillingDashboardCount,User:prajwal,UnitID:2
2025-04-01 11:43:08.9520|INFO|PIVF.Web.Api.FertivueDashboard.FertivueDashboardController|Controller Name:FertivueDashboard,Action:GET,Method:GetTotalRevenueDashboardServiceTypeCount,User:prajwal,UnitID:2
2025-04-01 11:43:08.9520|INFO|PIVF.Web.Api.FertivueDashboard.FertivueDashboardController|Controller Name:FertivueDashboard,Action:GET,Method:GetTotalRevenueDashboardServiceTypeCount,User:prajwal,UnitID:2
2025-04-01 11:43:08.9946|INFO|PIVF.Web.Api.FertivueDashboard.FertivueDashboardController|Controller Name:FertivueDashboard,Action:GET,Method:GetAdminDashboardPercentageCounts,User:prajwal,UnitID:2
2025-04-01 11:43:08.9946|INFO|PIVF.Web.Api.FertivueDashboard.FertivueDashboardController|Controller Name:FertivueDashboard,Action:GET,Method:GetAdminDashboardPercentageCounts,User:prajwal,UnitID:2
2025-04-01 12:11:27.0378|INFO|PIVF.Web.Api.Master.Configuration.UserAPIController|Controller Name:UserAPI,Action:HttpGet,Method:GetParentList,User:prajwal,UnitID:2
2025-04-01 12:11:27.0378|INFO|PIVF.Web.Api.Master.Configuration.UserAPIController|Controller Name:UserAPI,Action:HttpGet,Method:GetParentList,User:prajwal,UnitID:2
2025-04-01 12:30:38.9483|INFO|PIVF.Web.Api.PatientDashboard.PatientDashboardAPIController|Controller Name:PatientDashboardAPI,Action:GET,Method:GetVisitTypeList,User:prajwal,UnitID:2
2025-04-01 12:30:38.9483|INFO|PIVF.Web.Api.PatientDashboard.PatientDashboardAPIController|Controller Name:PatientDashboardAPI,Action:GET,Method:GetVisitTypeList,User:prajwal,UnitID:2
2025-04-01 12:30:38.9849|INFO|PIVF.Web.Api.FertivueDashboard.FertivueDashboardController|Controller Name:FertivueDashboard,Action:GET,Method:GetRegistrationDashboardByAgeGroupCount,User:prajwal,UnitID:2
2025-04-01 12:30:38.9849|INFO|PIVF.Web.Api.FertivueDashboard.FertivueDashboardController|Controller Name:FertivueDashboard,Action:GET,Method:GetRegistrationDashboardByAgeGroupCount,User:prajwal,UnitID:2
2025-04-01 12:30:39.0039|INFO|PIVF.Web.Api.PatientDashboard.PatientDashboardAPIController|Controller Name:PatientDashboardAPI,Action:GET,Method:GetVisitTypeList,User:prajwal,UnitID:2
2025-04-01 12:30:39.0039|INFO|PIVF.Web.Api.PatientDashboard.PatientDashboardAPIController|Controller Name:PatientDashboardAPI,Action:GET,Method:GetVisitTypeList,User:prajwal,UnitID:2
2025-04-01 12:30:39.0294|INFO|PIVF.Web.Api.FertivueDashboard.FertivueDashboardController|Controller Name:FertivueDashboard,Action:GET,Method:GetAppointmentDashboardCount,User:prajwal,UnitID:2
2025-04-01 12:30:39.0294|INFO|PIVF.Web.Api.FertivueDashboard.FertivueDashboardController|Controller Name:FertivueDashboard,Action:GET,Method:GetAppointmentDashboardCount,User:prajwal,UnitID:2
2025-04-01 12:30:39.0294|INFO|PIVF.Web.Api.FertivueDashboard.FertivueDashboardController|Controller Name:FertivueDashboard,Action:GET,Method:GetInvestigationDashboardCount,User:prajwal,UnitID:2
2025-04-01 12:30:39.0294|INFO|PIVF.Web.Api.FertivueDashboard.FertivueDashboardController|Controller Name:FertivueDashboard,Action:GET,Method:GetInvestigationDashboardCount,User:prajwal,UnitID:2
2025-04-01 12:30:39.0599|INFO|PIVF.Web.Api.FertivueDashboard.FertivueDashboardController|Controller Name:FertivueDashboard,Action:GET,Method:GetBillingDashboardCount,User:prajwal,UnitID:2
2025-04-01 12:30:39.0599|INFO|PIVF.Web.Api.FertivueDashboard.FertivueDashboardController|Controller Name:FertivueDashboard,Action:GET,Method:GetBillingDashboardCount,User:prajwal,UnitID:2
2025-04-01 12:30:39.0916|INFO|PIVF.Web.Api.FertivueDashboard.FertivueDashboardController|Controller Name:FertivueDashboard,Action:GET,Method:GetTotalRevenueDashboardServiceTypeCount,User:prajwal,UnitID:2
2025-04-01 12:30:39.0916|INFO|PIVF.Web.Api.FertivueDashboard.FertivueDashboardController|Controller Name:FertivueDashboard,Action:GET,Method:GetTotalRevenueDashboardServiceTypeCount,User:prajwal,UnitID:2
2025-04-01 12:30:39.1318|INFO|PIVF.Web.Api.FertivueDashboard.FertivueDashboardController|Controller Name:FertivueDashboard,Action:GET,Method:GetAdminDashboardPercentageCounts,User:prajwal,UnitID:2
2025-04-01 12:30:39.1318|INFO|PIVF.Web.Api.FertivueDashboard.FertivueDashboardController|Controller Name:FertivueDashboard,Action:GET,Method:GetAdminDashboardPercentageCounts,User:prajwal,UnitID:2
2025-04-01 12:30:39.5849|INFO|PIVF.Web.Api.Master.Configuration.UserAPIController|Controller Name:UserAPI,Action:HttpGet,Method:GetGrandParentList,User:prajwal,UnitID:2
2025-04-01 12:30:39.5849|INFO|PIVF.Web.Api.Master.Configuration.UserAPIController|Controller Name:UserAPI,Action:HttpGet,Method:GetGrandParentList,User:prajwal,UnitID:2
2025-04-01 12:30:40.0780|INFO|PIVF.Web.Api.Master.Configuration.UserAPIController|Controller Name:UserAPI,Action:HttpGet,Method:GetUserRoleRights,User:prajwal,UnitID:2
2025-04-01 12:30:40.0780|INFO|PIVF.Web.Api.Master.Configuration.UserAPIController|Controller Name:UserAPI,Action:HttpGet,Method:GetUserRoleRights,User:prajwal,UnitID:2
2025-04-01 12:30:43.1331|INFO|PIVF.Web.Api.Master.Configuration.UserAPIController|Controller Name:UserAPI,Action:HttpGet,Method:GetParentList,User:prajwal,UnitID:2
2025-04-01 12:30:43.1331|INFO|PIVF.Web.Api.Master.Configuration.UserAPIController|Controller Name:UserAPI,Action:HttpGet,Method:GetParentList,User:prajwal,UnitID:2
2025-04-01 12:30:43.2324|INFO|PIVF.Web.Api.Master.Configuration.UserAPIController|Controller Name:UserAPI,Action:HttpGet,Method:GetParentList,User:prajwal,UnitID:2
2025-04-01 12:30:43.2324|INFO|PIVF.Web.Api.Master.Configuration.UserAPIController|Controller Name:UserAPI,Action:HttpGet,Method:GetParentList,User:prajwal,UnitID:2
2025-04-01 12:30:44.3283|INFO|PIVF.Web.Api.Master.Configuration.UserAPIController|Controller Name:UserAPI,Action:HttpGet,Method:GetParentList,User:prajwal,UnitID:2
2025-04-01 12:30:44.3283|INFO|PIVF.Web.Api.Master.Configuration.UserAPIController|Controller Name:UserAPI,Action:HttpGet,Method:GetParentList,User:prajwal,UnitID:2
2025-04-01 12:30:44.3283|INFO|PIVF.Web.Api.Master.Configuration.UserAPIController|Controller Name:UserAPI,Action:HttpGet,Method:GetParentList,User:prajwal,UnitID:2
2025-04-01 12:30:44.3283|INFO|PIVF.Web.Api.Master.Configuration.UserAPIController|Controller Name:UserAPI,Action:HttpGet,Method:GetParentList,User:prajwal,UnitID:2
2025-04-01 12:30:44.3452|INFO|PIVF.Web.Api.Master.Configuration.UserAPIController|Controller Name:UserAPI,Action:HttpGet,Method:GetParentList,User:prajwal,UnitID:2
2025-04-01 12:30:44.3452|INFO|PIVF.Web.Api.Master.Configuration.UserAPIController|Controller Name:UserAPI,Action:HttpGet,Method:GetParentList,User:prajwal,UnitID:2
2025-04-01 12:30:44.3452|INFO|PIVF.Web.Api.Master.Configuration.UserAPIController|Controller Name:UserAPI,Action:HttpGet,Method:GetParentList,User:prajwal,UnitID:2
2025-04-01 12:30:44.3452|INFO|PIVF.Web.Api.Master.Configuration.UserAPIController|Controller Name:UserAPI,Action:HttpGet,Method:GetParentList,User:prajwal,UnitID:2
2025-04-01 12:30:44.3615|INFO|PIVF.Web.Api.Master.Configuration.UserAPIController|Controller Name:UserAPI,Action:HttpGet,Method:GetParentList,User:prajwal,UnitID:2
2025-04-01 12:30:44.3615|INFO|PIVF.Web.Api.Master.Configuration.UserAPIController|Controller Name:UserAPI,Action:HttpGet,Method:GetParentList,User:prajwal,UnitID:2
2025-04-01 12:30:44.3615|INFO|PIVF.Web.Api.Master.Configuration.UserAPIController|Controller Name:UserAPI,Action:HttpGet,Method:GetParentList,User:prajwal,UnitID:2
2025-04-01 12:30:44.3615|INFO|PIVF.Web.Api.Master.Configuration.UserAPIController|Controller Name:UserAPI,Action:HttpGet,Method:GetParentList,User:prajwal,UnitID:2
2025-04-01 12:30:44.3767|INFO|PIVF.Web.Api.Master.Configuration.UserAPIController|Controller Name:UserAPI,Action:HttpGet,Method:GetParentList,User:prajwal,UnitID:2
2025-04-01 12:30:44.3767|INFO|PIVF.Web.Api.Master.Configuration.UserAPIController|Controller Name:UserAPI,Action:HttpGet,Method:GetParentList,User:prajwal,UnitID:2
2025-04-01 12:30:44.9028|INFO|PIVF.Web.Api.Master.Configuration.UserAPIController|Controller Name:UserAPI,Action:HttpGet,Method:GetParentList,User:prajwal,UnitID:2
2025-04-01 12:30:44.9028|INFO|PIVF.Web.Api.Master.Configuration.UserAPIController|Controller Name:UserAPI,Action:HttpGet,Method:GetParentList,User:prajwal,UnitID:2
2025-04-01 12:30:44.9028|INFO|PIVF.Web.Api.Master.Configuration.UserAPIController|Controller Name:UserAPI,Action:HttpGet,Method:GetParentList,User:prajwal,UnitID:2
2025-04-01 12:30:44.9028|INFO|PIVF.Web.Api.Master.Configuration.UserAPIController|Controller Name:UserAPI,Action:HttpGet,Method:GetParentList,User:prajwal,UnitID:2
2025-04-01 12:33:21.9633|INFO|PIVF.Web.Api.Master.Configuration.UserAPIController|Controller Name:UserAPI,Action:HttpGet,Method:GetParentList,User:prajwal,UnitID:2
2025-04-01 12:33:21.9633|INFO|PIVF.Web.Api.Master.Configuration.UserAPIController|Controller Name:UserAPI,Action:HttpGet,Method:GetParentList,User:prajwal,UnitID:2
2025-04-01 12:36:02.8897|INFO|PIVF.Web.Api.PatientDashboard.PatientDashboardAPIController|Controller Name:PatientDashboardAPI,Action:GET,Method:GetVisitTypeList,User:prajwal,UnitID:2
2025-04-01 12:36:02.8897|INFO|PIVF.Web.Api.PatientDashboard.PatientDashboardAPIController|Controller Name:PatientDashboardAPI,Action:GET,Method:GetVisitTypeList,User:prajwal,UnitID:2
2025-04-01 12:36:02.9317|INFO|PIVF.Web.Api.FertivueDashboard.FertivueDashboardController|Controller Name:FertivueDashboard,Action:GET,Method:GetRegistrationDashboardByAgeGroupCount,User:prajwal,UnitID:2
2025-04-01 12:36:02.9317|INFO|PIVF.Web.Api.FertivueDashboard.FertivueDashboardController|Controller Name:FertivueDashboard,Action:GET,Method:GetRegistrationDashboardByAgeGroupCount,User:prajwal,UnitID:2
2025-04-01 12:36:02.9505|INFO|PIVF.Web.Api.PatientDashboard.PatientDashboardAPIController|Controller Name:PatientDashboardAPI,Action:GET,Method:GetVisitTypeList,User:prajwal,UnitID:2
2025-04-01 12:36:02.9505|INFO|PIVF.Web.Api.PatientDashboard.PatientDashboardAPIController|Controller Name:PatientDashboardAPI,Action:GET,Method:GetVisitTypeList,User:prajwal,UnitID:2
2025-04-01 12:36:02.9795|INFO|PIVF.Web.Api.FertivueDashboard.FertivueDashboardController|Controller Name:FertivueDashboard,Action:GET,Method:GetAppointmentDashboardCount,User:prajwal,UnitID:2
2025-04-01 12:36:02.9795|INFO|PIVF.Web.Api.FertivueDashboard.FertivueDashboardController|Controller Name:FertivueDashboard,Action:GET,Method:GetAppointmentDashboardCount,User:prajwal,UnitID:2
2025-04-01 12:36:02.9795|INFO|PIVF.Web.Api.FertivueDashboard.FertivueDashboardController|Controller Name:FertivueDashboard,Action:GET,Method:GetInvestigationDashboardCount,User:prajwal,UnitID:2
2025-04-01 12:36:02.9795|INFO|PIVF.Web.Api.FertivueDashboard.FertivueDashboardController|Controller Name:FertivueDashboard,Action:GET,Method:GetInvestigationDashboardCount,User:prajwal,UnitID:2
2025-04-01 12:36:03.0100|INFO|PIVF.Web.Api.FertivueDashboard.FertivueDashboardController|Controller Name:FertivueDashboard,Action:GET,Method:GetBillingDashboardCount,User:prajwal,UnitID:2
2025-04-01 12:36:03.0100|INFO|PIVF.Web.Api.FertivueDashboard.FertivueDashboardController|Controller Name:FertivueDashboard,Action:GET,Method:GetBillingDashboardCount,User:prajwal,UnitID:2
2025-04-01 12:36:03.0431|INFO|PIVF.Web.Api.FertivueDashboard.FertivueDashboardController|Controller Name:FertivueDashboard,Action:GET,Method:GetTotalRevenueDashboardServiceTypeCount,User:prajwal,UnitID:2
2025-04-01 12:36:03.0431|INFO|PIVF.Web.Api.FertivueDashboard.FertivueDashboardController|Controller Name:FertivueDashboard,Action:GET,Method:GetTotalRevenueDashboardServiceTypeCount,User:prajwal,UnitID:2
2025-04-01 12:36:03.0860|INFO|PIVF.Web.Api.FertivueDashboard.FertivueDashboardController|Controller Name:FertivueDashboard,Action:GET,Method:GetAdminDashboardPercentageCounts,User:prajwal,UnitID:2
2025-04-01 12:36:03.0860|INFO|PIVF.Web.Api.FertivueDashboard.FertivueDashboardController|Controller Name:FertivueDashboard,Action:GET,Method:GetAdminDashboardPercentageCounts,User:prajwal,UnitID:2
2025-04-01 12:36:06.1024|INFO|PIVF.Web.Api.Master.Configuration.UserAPIController|Controller Name:UserAPI,Action:HttpGet,Method:GetParentList,User:prajwal,UnitID:2
2025-04-01 12:36:06.1024|INFO|PIVF.Web.Api.Master.Configuration.UserAPIController|Controller Name:UserAPI,Action:HttpGet,Method:GetParentList,User:prajwal,UnitID:2
2025-04-01 12:36:06.1250|INFO|PIVF.Web.Api.Master.Configuration.UserAPIController|Controller Name:UserAPI,Action:HttpGet,Method:GetParentList,User:prajwal,UnitID:2
2025-04-01 12:36:06.1250|INFO|PIVF.Web.Api.Master.Configuration.UserAPIController|Controller Name:UserAPI,Action:HttpGet,Method:GetParentList,User:prajwal,UnitID:2
2025-04-01 12:36:06.6033|INFO|PIVF.Web.Api.Master.Configuration.UserAPIController|Controller Name:UserAPI,Action:HttpGet,Method:GetGrandParentList,User:prajwal,UnitID:2
2025-04-01 12:36:06.6033|INFO|PIVF.Web.Api.Master.Configuration.UserAPIController|Controller Name:UserAPI,Action:HttpGet,Method:GetGrandParentList,User:prajwal,UnitID:2
2025-04-01 12:36:07.1165|INFO|PIVF.Web.Api.Master.Configuration.UserAPIController|Controller Name:UserAPI,Action:HttpGet,Method:GetUserRoleRights,User:prajwal,UnitID:2
2025-04-01 12:36:07.1165|INFO|PIVF.Web.Api.Master.Configuration.UserAPIController|Controller Name:UserAPI,Action:HttpGet,Method:GetUserRoleRights,User:prajwal,UnitID:2
2025-04-01 12:36:08.0155|INFO|PIVF.Web.Api.Master.Configuration.UserAPIController|Controller Name:UserAPI,Action:HttpGet,Method:GetParentList,User:prajwal,UnitID:2
2025-04-01 12:36:08.0155|INFO|PIVF.Web.Api.Master.Configuration.UserAPIController|Controller Name:UserAPI,Action:HttpGet,Method:GetParentList,User:prajwal,UnitID:2
2025-04-01 12:36:14.7213|INFO|PIVF.Web.Api.IPD.IPDController|Controller Name:IPD,Action:GET,Method:GetWardMasterList,User:prajwal,UnitID:2
2025-04-01 12:36:14.7213|INFO|PIVF.Web.Api.IPD.IPDController|Controller Name:IPD,Action:GET,Method:GetWardMasterList,User:prajwal,UnitID:2
2025-04-01 12:36:26.6421|INFO|PIVF.Web.Api.IPD.IPDController|Controller Name:IPD,Action:POST,Method:AddUpdateWardMaster,User:prajwal,UnitID:2
2025-04-01 12:36:26.6421|INFO|PIVF.Web.Api.IPD.IPDController|Controller Name:IPD,Action:POST,Method:AddUpdateWardMaster,User:prajwal,UnitID:2
2025-04-01 12:36:26.7312|INFO|PIVF.Web.Api.IPD.IPDController|Controller Name:IPD,Action:GET,Method:GetWardMasterList,User:prajwal,UnitID:2
2025-04-01 12:36:26.7312|INFO|PIVF.Web.Api.IPD.IPDController|Controller Name:IPD,Action:GET,Method:GetWardMasterList,User:prajwal,UnitID:2
2025-04-01 12:37:01.6083|INFO|PIVF.Web.Api.IPD.IPDController|Controller Name:IPD,Action:POST,Method:AddUpdateWardMaster,User:prajwal,UnitID:2
2025-04-01 12:37:01.6083|INFO|PIVF.Web.Api.IPD.IPDController|Controller Name:IPD,Action:POST,Method:AddUpdateWardMaster,User:prajwal,UnitID:2
2025-04-01 12:37:05.5185|INFO|PIVF.Web.Api.IPD.IPDController|Controller Name:IPD,Action:GET,Method:GetWardMasterList,User:prajwal,UnitID:2
2025-04-01 12:37:05.5185|INFO|PIVF.Web.Api.IPD.IPDController|Controller Name:IPD,Action:GET,Method:GetWardMasterList,User:prajwal,UnitID:2
2025-04-01 12:37:53.6350|INFO|PIVF.Web.Api.IPD.IPDController|Controller Name:IPD,Action:POST,Method:AddUpdateWardMaster,User:prajwal,UnitID:2
2025-04-01 12:37:53.6350|INFO|PIVF.Web.Api.IPD.IPDController|Controller Name:IPD,Action:POST,Method:AddUpdateWardMaster,User:prajwal,UnitID:2
2025-04-01 12:37:53.6690|INFO|PIVF.Web.Api.IPD.IPDController|Controller Name:IPD,Action:GET,Method:GetWardMasterList,User:prajwal,UnitID:2
2025-04-01 12:37:53.6690|INFO|PIVF.Web.Api.IPD.IPDController|Controller Name:IPD,Action:GET,Method:GetWardMasterList,User:prajwal,UnitID:2
2025-04-01 12:38:01.9833|INFO|PIVF.Web.Api.IPD.IPDController|Controller Name:IPD,Action:POST,Method:AddUpdateWardMaster,User:prajwal,UnitID:2
2025-04-01 12:38:01.9833|INFO|PIVF.Web.Api.IPD.IPDController|Controller Name:IPD,Action:POST,Method:AddUpdateWardMaster,User:prajwal,UnitID:2
2025-04-01 12:38:02.5598|INFO|PIVF.Web.Api.IPD.IPDController|Controller Name:IPD,Action:GET,Method:GetWardMasterList,User:prajwal,UnitID:2
2025-04-01 12:38:02.5598|INFO|PIVF.Web.Api.IPD.IPDController|Controller Name:IPD,Action:GET,Method:GetWardMasterList,User:prajwal,UnitID:2
2025-04-01 12:38:52.9636|INFO|PIVF.Web.Api.Master.Configuration.UserAPIController|Controller Name:UserAPI,Action:HttpGet,Method:GetParentList,User:prajwal,UnitID:2
2025-04-01 12:38:52.9636|INFO|PIVF.Web.Api.Master.Configuration.UserAPIController|Controller Name:UserAPI,Action:HttpGet,Method:GetParentList,User:prajwal,UnitID:2
2025-04-01 12:38:55.8995|INFO|PIVF.Web.Api.IPD.IPDController|Controller Name:IPD,Action:GET,Method:GetClassMasterList,User:prajwal,UnitID:2
2025-04-01 12:38:55.8995|INFO|PIVF.Web.Api.IPD.IPDController|Controller Name:IPD,Action:GET,Method:GetClassMasterList,User:prajwal,UnitID:2
2025-04-01 12:41:38.0439|INFO|PIVF.Web.Api.PatientDashboard.PatientDashboardAPIController|Controller Name:PatientDashboardAPI,Action:GET,Method:GetVisitTypeList,User:prajwal,UnitID:2
2025-04-01 12:41:38.0439|INFO|PIVF.Web.Api.PatientDashboard.PatientDashboardAPIController|Controller Name:PatientDashboardAPI,Action:GET,Method:GetVisitTypeList,User:prajwal,UnitID:2
2025-04-01 12:41:38.0913|INFO|PIVF.Web.Api.FertivueDashboard.FertivueDashboardController|Controller Name:FertivueDashboard,Action:GET,Method:GetRegistrationDashboardByAgeGroupCount,User:prajwal,UnitID:2
2025-04-01 12:41:38.0913|INFO|PIVF.Web.Api.FertivueDashboard.FertivueDashboardController|Controller Name:FertivueDashboard,Action:GET,Method:GetRegistrationDashboardByAgeGroupCount,User:prajwal,UnitID:2
2025-04-01 12:41:38.1124|INFO|PIVF.Web.Api.PatientDashboard.PatientDashboardAPIController|Controller Name:PatientDashboardAPI,Action:GET,Method:GetVisitTypeList,User:prajwal,UnitID:2
2025-04-01 12:41:38.1124|INFO|PIVF.Web.Api.PatientDashboard.PatientDashboardAPIController|Controller Name:PatientDashboardAPI,Action:GET,Method:GetVisitTypeList,User:prajwal,UnitID:2
2025-04-01 12:41:38.1433|INFO|PIVF.Web.Api.FertivueDashboard.FertivueDashboardController|Controller Name:FertivueDashboard,Action:GET,Method:GetAppointmentDashboardCount,User:prajwal,UnitID:2
2025-04-01 12:41:38.1433|INFO|PIVF.Web.Api.FertivueDashboard.FertivueDashboardController|Controller Name:FertivueDashboard,Action:GET,Method:GetAppointmentDashboardCount,User:prajwal,UnitID:2
2025-04-01 12:41:38.1569|INFO|PIVF.Web.Api.FertivueDashboard.FertivueDashboardController|Controller Name:FertivueDashboard,Action:GET,Method:GetInvestigationDashboardCount,User:prajwal,UnitID:2
2025-04-01 12:41:38.1569|INFO|PIVF.Web.Api.FertivueDashboard.FertivueDashboardController|Controller Name:FertivueDashboard,Action:GET,Method:GetInvestigationDashboardCount,User:prajwal,UnitID:2
2025-04-01 12:41:38.1778|INFO|PIVF.Web.Api.FertivueDashboard.FertivueDashboardController|Controller Name:FertivueDashboard,Action:GET,Method:GetBillingDashboardCount,User:prajwal,UnitID:2
2025-04-01 12:41:38.1778|INFO|PIVF.Web.Api.FertivueDashboard.FertivueDashboardController|Controller Name:FertivueDashboard,Action:GET,Method:GetBillingDashboardCount,User:prajwal,UnitID:2
2025-04-01 12:41:38.2166|INFO|PIVF.Web.Api.FertivueDashboard.FertivueDashboardController|Controller Name:FertivueDashboard,Action:GET,Method:GetTotalRevenueDashboardServiceTypeCount,User:prajwal,UnitID:2
2025-04-01 12:41:38.2166|INFO|PIVF.Web.Api.FertivueDashboard.FertivueDashboardController|Controller Name:FertivueDashboard,Action:GET,Method:GetTotalRevenueDashboardServiceTypeCount,User:prajwal,UnitID:2
2025-04-01 12:41:40.8086|INFO|PIVF.Web.Api.FertivueDashboard.FertivueDashboardController|Controller Name:FertivueDashboard,Action:GET,Method:GetAdminDashboardPercentageCounts,User:prajwal,UnitID:2
2025-04-01 12:41:40.8086|INFO|PIVF.Web.Api.FertivueDashboard.FertivueDashboardController|Controller Name:FertivueDashboard,Action:GET,Method:GetAdminDashboardPercentageCounts,User:prajwal,UnitID:2
2025-04-01 12:41:41.3177|INFO|PIVF.Web.Api.Master.Configuration.UserAPIController|Controller Name:UserAPI,Action:HttpGet,Method:GetUserRoleRights,User:prajwal,UnitID:2
2025-04-01 12:41:41.3177|INFO|PIVF.Web.Api.Master.Configuration.UserAPIController|Controller Name:UserAPI,Action:HttpGet,Method:GetUserRoleRights,User:prajwal,UnitID:2
2025-04-01 12:41:42.3230|INFO|PIVF.Web.Api.Master.Configuration.UserAPIController|Controller Name:UserAPI,Action:HttpGet,Method:GetGrandParentList,User:prajwal,UnitID:2
2025-04-01 12:41:42.3230|INFO|PIVF.Web.Api.Master.Configuration.UserAPIController|Controller Name:UserAPI,Action:HttpGet,Method:GetGrandParentList,User:prajwal,UnitID:2
2025-04-01 12:41:44.4907|INFO|PIVF.Web.Api.Master.Configuration.UserAPIController|Controller Name:UserAPI,Action:HttpGet,Method:GetParentList,User:prajwal,UnitID:2
2025-04-01 12:41:44.4907|INFO|PIVF.Web.Api.Master.Configuration.UserAPIController|Controller Name:UserAPI,Action:HttpGet,Method:GetParentList,User:prajwal,UnitID:2
2025-04-01 12:41:44.5432|INFO|PIVF.Web.Api.Master.Configuration.UserAPIController|Controller Name:UserAPI,Action:HttpGet,Method:GetParentList,User:prajwal,UnitID:2
2025-04-01 12:41:44.5432|INFO|PIVF.Web.Api.Master.Configuration.UserAPIController|Controller Name:UserAPI,Action:HttpGet,Method:GetParentList,User:prajwal,UnitID:2
2025-04-01 12:41:47.4697|INFO|PIVF.Web.Api.Master.Configuration.UserAPIController|Controller Name:UserAPI,Action:HttpGet,Method:GetParentList,User:prajwal,UnitID:2
2025-04-01 12:41:47.4697|INFO|PIVF.Web.Api.Master.Configuration.UserAPIController|Controller Name:UserAPI,Action:HttpGet,Method:GetParentList,User:prajwal,UnitID:2
2025-04-01 12:41:47.4846|INFO|PIVF.Web.Api.Master.Configuration.UserAPIController|Controller Name:UserAPI,Action:HttpGet,Method:GetParentList,User:prajwal,UnitID:2
2025-04-01 12:41:47.4846|INFO|PIVF.Web.Api.Master.Configuration.UserAPIController|Controller Name:UserAPI,Action:HttpGet,Method:GetParentList,User:prajwal,UnitID:2
2025-04-01 12:41:48.2658|INFO|PIVF.Web.Api.Master.Configuration.UserAPIController|Controller Name:UserAPI,Action:HttpGet,Method:GetParentList,User:prajwal,UnitID:2
2025-04-01 12:41:48.2658|INFO|PIVF.Web.Api.Master.Configuration.UserAPIController|Controller Name:UserAPI,Action:HttpGet,Method:GetParentList,User:prajwal,UnitID:2
2025-04-01 12:41:54.0027|INFO|PIVF.Web.Api.IPD.IPDController|Controller Name:IPD,Action:GET,Method:GetWardMasterList,User:prajwal,UnitID:2
2025-04-01 12:41:54.0027|INFO|PIVF.Web.Api.IPD.IPDController|Controller Name:IPD,Action:GET,Method:GetWardMasterList,User:prajwal,UnitID:2
2025-04-01 12:42:01.8712|INFO|PIVF.Web.Api.IPD.IPDController|Controller Name:IPD,Action:GET,Method:GetClassMasterList,User:prajwal,UnitID:2
2025-04-01 12:42:01.8712|INFO|PIVF.Web.Api.IPD.IPDController|Controller Name:IPD,Action:GET,Method:GetClassMasterList,User:prajwal,UnitID:2
2025-04-01 13:19:39.3756|INFO|PIVF.Web.Api.Master.Configuration.UserAPIController|Controller Name:UserAPI,Action:HttpGet,Method:GetParentList,User:prajwal,UnitID:2
2025-04-01 13:19:39.3756|INFO|PIVF.Web.Api.Master.Configuration.UserAPIController|Controller Name:UserAPI,Action:HttpGet,Method:GetParentList,User:prajwal,UnitID:2
2025-04-01 13:19:45.1247|INFO|PIVF.Web.Api.IPD.IPDController|Controller Name:IPD,Action:GET,Method:GetBedMasterList,User:prajwal,UnitID:2
2025-04-01 13:19:45.1247|INFO|PIVF.Web.Api.IPD.IPDController|Controller Name:IPD,Action:GET,Method:GetBedMasterList,User:prajwal,UnitID:2
2025-04-01 13:19:45.6428|INFO|PIVF.Web.Api.IPD.IPDController|Controller Name:IPD,Action:GET,Method:GetClassMasterList,User:prajwal,UnitID:2
2025-04-01 13:19:45.6428|INFO|PIVF.Web.Api.IPD.IPDController|Controller Name:IPD,Action:GET,Method:GetClassMasterList,User:prajwal,UnitID:2
2025-04-01 13:19:46.1405|INFO|PIVF.Web.Api.IPD.IPDController|Controller Name:IPD,Action:GET,Method:GetWardMasterList,User:prajwal,UnitID:2
2025-04-01 13:19:46.1405|INFO|PIVF.Web.Api.IPD.IPDController|Controller Name:IPD,Action:GET,Method:GetWardMasterList,User:prajwal,UnitID:2
2025-04-01 14:13:59.0668|INFO|PIVF.Web.Api.PatientDashboard.PatientDashboardAPIController|Controller Name:PatientDashboardAPI,Action:GET,Method:GetVisitTypeList,User:prajwal,UnitID:2
2025-04-01 14:13:59.0668|INFO|PIVF.Web.Api.PatientDashboard.PatientDashboardAPIController|Controller Name:PatientDashboardAPI,Action:GET,Method:GetVisitTypeList,User:prajwal,UnitID:2
2025-04-01 14:13:59.0981|INFO|PIVF.Web.Api.FertivueDashboard.FertivueDashboardController|Controller Name:FertivueDashboard,Action:GET,Method:GetRegistrationDashboardByAgeGroupCount,User:prajwal,UnitID:2
2025-04-01 14:13:59.0981|INFO|PIVF.Web.Api.FertivueDashboard.FertivueDashboardController|Controller Name:FertivueDashboard,Action:GET,Method:GetRegistrationDashboardByAgeGroupCount,User:prajwal,UnitID:2
2025-04-01 14:13:59.1182|INFO|PIVF.Web.Api.PatientDashboard.PatientDashboardAPIController|Controller Name:PatientDashboardAPI,Action:GET,Method:GetVisitTypeList,User:prajwal,UnitID:2
2025-04-01 14:13:59.1182|INFO|PIVF.Web.Api.PatientDashboard.PatientDashboardAPIController|Controller Name:PatientDashboardAPI,Action:GET,Method:GetVisitTypeList,User:prajwal,UnitID:2
2025-04-01 14:13:59.1446|INFO|PIVF.Web.Api.FertivueDashboard.FertivueDashboardController|Controller Name:FertivueDashboard,Action:GET,Method:GetAppointmentDashboardCount,User:prajwal,UnitID:2
2025-04-01 14:13:59.1446|INFO|PIVF.Web.Api.FertivueDashboard.FertivueDashboardController|Controller Name:FertivueDashboard,Action:GET,Method:GetAppointmentDashboardCount,User:prajwal,UnitID:2
2025-04-01 14:13:59.1565|INFO|PIVF.Web.Api.FertivueDashboard.FertivueDashboardController|Controller Name:FertivueDashboard,Action:GET,Method:GetInvestigationDashboardCount,User:prajwal,UnitID:2
2025-04-01 14:13:59.1565|INFO|PIVF.Web.Api.FertivueDashboard.FertivueDashboardController|Controller Name:FertivueDashboard,Action:GET,Method:GetInvestigationDashboardCount,User:prajwal,UnitID:2
2025-04-01 14:13:59.1793|INFO|PIVF.Web.Api.FertivueDashboard.FertivueDashboardController|Controller Name:FertivueDashboard,Action:GET,Method:GetBillingDashboardCount,User:prajwal,UnitID:2
2025-04-01 14:13:59.1793|INFO|PIVF.Web.Api.FertivueDashboard.FertivueDashboardController|Controller Name:FertivueDashboard,Action:GET,Method:GetBillingDashboardCount,User:prajwal,UnitID:2
2025-04-01 14:13:59.2182|INFO|PIVF.Web.Api.FertivueDashboard.FertivueDashboardController|Controller Name:FertivueDashboard,Action:GET,Method:GetTotalRevenueDashboardServiceTypeCount,User:prajwal,UnitID:2
2025-04-01 14:13:59.2182|INFO|PIVF.Web.Api.FertivueDashboard.FertivueDashboardController|Controller Name:FertivueDashboard,Action:GET,Method:GetTotalRevenueDashboardServiceTypeCount,User:prajwal,UnitID:2
2025-04-01 14:13:59.2621|INFO|PIVF.Web.Api.FertivueDashboard.FertivueDashboardController|Controller Name:FertivueDashboard,Action:GET,Method:GetAdminDashboardPercentageCounts,User:prajwal,UnitID:2
2025-04-01 14:13:59.2621|INFO|PIVF.Web.Api.FertivueDashboard.FertivueDashboardController|Controller Name:FertivueDashboard,Action:GET,Method:GetAdminDashboardPercentageCounts,User:prajwal,UnitID:2
2025-04-01 14:14:02.4030|INFO|PIVF.Web.Api.Master.Configuration.UserAPIController|Controller Name:UserAPI,Action:HttpGet,Method:GetUserRoleRights,User:prajwal,UnitID:2
2025-04-01 14:14:02.4030|INFO|PIVF.Web.Api.Master.Configuration.UserAPIController|Controller Name:UserAPI,Action:HttpGet,Method:GetUserRoleRights,User:prajwal,UnitID:2
2025-04-01 14:14:02.6567|INFO|PIVF.Web.Api.Master.Configuration.UserAPIController|Controller Name:UserAPI,Action:HttpGet,Method:GetParentList,User:prajwal,UnitID:2
2025-04-01 14:14:02.6567|INFO|PIVF.Web.Api.Master.Configuration.UserAPIController|Controller Name:UserAPI,Action:HttpGet,Method:GetParentList,User:prajwal,UnitID:2
2025-04-01 14:14:02.6737|INFO|PIVF.Web.Api.Master.Configuration.UserAPIController|Controller Name:UserAPI,Action:HttpGet,Method:GetParentList,User:prajwal,UnitID:2
2025-04-01 14:14:02.6737|INFO|PIVF.Web.Api.Master.Configuration.UserAPIController|Controller Name:UserAPI,Action:HttpGet,Method:GetParentList,User:prajwal,UnitID:2
2025-04-01 14:14:02.9051|INFO|PIVF.Web.Api.Master.Configuration.UserAPIController|Controller Name:UserAPI,Action:HttpGet,Method:GetGrandParentList,User:prajwal,UnitID:2
2025-04-01 14:14:02.9051|INFO|PIVF.Web.Api.Master.Configuration.UserAPIController|Controller Name:UserAPI,Action:HttpGet,Method:GetGrandParentList,User:prajwal,UnitID:2
2025-04-01 14:14:04.1263|INFO|PIVF.Web.Api.Master.Configuration.UserAPIController|Controller Name:UserAPI,Action:HttpGet,Method:GetParentList,User:prajwal,UnitID:2
2025-04-01 14:14:04.1263|INFO|PIVF.Web.Api.Master.Configuration.UserAPIController|Controller Name:UserAPI,Action:HttpGet,Method:GetParentList,User:prajwal,UnitID:2
2025-04-01 14:14:07.8494|INFO|PIVF.Web.Api.IPD.IPDController|Controller Name:IPD,Action:GET,Method:GetClassMasterList,User:prajwal,UnitID:2
2025-04-01 14:14:07.8494|INFO|PIVF.Web.Api.IPD.IPDController|Controller Name:IPD,Action:GET,Method:GetClassMasterList,User:prajwal,UnitID:2
2025-04-01 14:15:46.9239|INFO|PIVF.Web.Api.Master.Configuration.UserAPIController|Controller Name:UserAPI,Action:HttpGet,Method:GetParentList,User:prajwal,UnitID:2
2025-04-01 14:15:46.9239|INFO|PIVF.Web.Api.Master.Configuration.UserAPIController|Controller Name:UserAPI,Action:HttpGet,Method:GetParentList,User:prajwal,UnitID:2
2025-04-01 14:19:19.8045|INFO|PIVF.Web.Api.PatientDashboard.PatientDashboardAPIController|Controller Name:PatientDashboardAPI,Action:GET,Method:GetVisitTypeList,User:prajwal,UnitID:2
2025-04-01 14:19:19.8045|INFO|PIVF.Web.Api.PatientDashboard.PatientDashboardAPIController|Controller Name:PatientDashboardAPI,Action:GET,Method:GetVisitTypeList,User:prajwal,UnitID:2
2025-04-01 14:19:19.8270|INFO|PIVF.Web.Api.FertivueDashboard.FertivueDashboardController|Controller Name:FertivueDashboard,Action:GET,Method:GetRegistrationDashboardByAgeGroupCount,User:prajwal,UnitID:2
2025-04-01 14:19:19.8270|INFO|PIVF.Web.Api.FertivueDashboard.FertivueDashboardController|Controller Name:FertivueDashboard,Action:GET,Method:GetRegistrationDashboardByAgeGroupCount,User:prajwal,UnitID:2
2025-04-01 14:19:19.8400|INFO|PIVF.Web.Api.PatientDashboard.PatientDashboardAPIController|Controller Name:PatientDashboardAPI,Action:GET,Method:GetVisitTypeList,User:prajwal,UnitID:2
2025-04-01 14:19:19.8400|INFO|PIVF.Web.Api.PatientDashboard.PatientDashboardAPIController|Controller Name:PatientDashboardAPI,Action:GET,Method:GetVisitTypeList,User:prajwal,UnitID:2
2025-04-01 14:19:19.8611|INFO|PIVF.Web.Api.FertivueDashboard.FertivueDashboardController|Controller Name:FertivueDashboard,Action:GET,Method:GetAppointmentDashboardCount,User:prajwal,UnitID:2
2025-04-01 14:19:19.8611|INFO|PIVF.Web.Api.FertivueDashboard.FertivueDashboardController|Controller Name:FertivueDashboard,Action:GET,Method:GetAppointmentDashboardCount,User:prajwal,UnitID:2
2025-04-01 14:19:19.8692|INFO|PIVF.Web.Api.FertivueDashboard.FertivueDashboardController|Controller Name:FertivueDashboard,Action:GET,Method:GetInvestigationDashboardCount,User:prajwal,UnitID:2
2025-04-01 14:19:19.8692|INFO|PIVF.Web.Api.FertivueDashboard.FertivueDashboardController|Controller Name:FertivueDashboard,Action:GET,Method:GetInvestigationDashboardCount,User:prajwal,UnitID:2
2025-04-01 14:19:19.8692|INFO|PIVF.Web.Api.FertivueDashboard.FertivueDashboardController|Controller Name:FertivueDashboard,Action:GET,Method:GetBillingDashboardCount,User:prajwal,UnitID:2
2025-04-01 14:19:19.8692|INFO|PIVF.Web.Api.FertivueDashboard.FertivueDashboardController|Controller Name:FertivueDashboard,Action:GET,Method:GetBillingDashboardCount,User:prajwal,UnitID:2
2025-04-01 14:19:19.9059|INFO|PIVF.Web.Api.FertivueDashboard.FertivueDashboardController|Controller Name:FertivueDashboard,Action:GET,Method:GetTotalRevenueDashboardServiceTypeCount,User:prajwal,UnitID:2
2025-04-01 14:19:19.9059|INFO|PIVF.Web.Api.FertivueDashboard.FertivueDashboardController|Controller Name:FertivueDashboard,Action:GET,Method:GetTotalRevenueDashboardServiceTypeCount,User:prajwal,UnitID:2
2025-04-01 14:19:19.9460|INFO|PIVF.Web.Api.FertivueDashboard.FertivueDashboardController|Controller Name:FertivueDashboard,Action:GET,Method:GetAdminDashboardPercentageCounts,User:prajwal,UnitID:2
2025-04-01 14:19:19.9460|INFO|PIVF.Web.Api.FertivueDashboard.FertivueDashboardController|Controller Name:FertivueDashboard,Action:GET,Method:GetAdminDashboardPercentageCounts,User:prajwal,UnitID:2
2025-04-01 14:19:20.6014|INFO|PIVF.Web.Api.Master.Configuration.UserAPIController|Controller Name:UserAPI,Action:HttpGet,Method:GetGrandParentList,User:prajwal,UnitID:2
2025-04-01 14:19:20.6014|INFO|PIVF.Web.Api.Master.Configuration.UserAPIController|Controller Name:UserAPI,Action:HttpGet,Method:GetGrandParentList,User:prajwal,UnitID:2
2025-04-01 14:19:23.6720|INFO|PIVF.Web.Api.Master.Configuration.UserAPIController|Controller Name:UserAPI,Action:HttpGet,Method:GetUserRoleRights,User:prajwal,UnitID:2
2025-04-01 14:19:23.6720|INFO|PIVF.Web.Api.Master.Configuration.UserAPIController|Controller Name:UserAPI,Action:HttpGet,Method:GetUserRoleRights,User:prajwal,UnitID:2
2025-04-01 14:19:23.8918|INFO|PIVF.Web.Api.Master.Configuration.UserAPIController|Controller Name:UserAPI,Action:HttpGet,Method:GetParentList,User:prajwal,UnitID:2
2025-04-01 14:19:23.8918|INFO|PIVF.Web.Api.Master.Configuration.UserAPIController|Controller Name:UserAPI,Action:HttpGet,Method:GetParentList,User:prajwal,UnitID:2
2025-04-01 14:19:23.9057|INFO|PIVF.Web.Api.Master.Configuration.UserAPIController|Controller Name:UserAPI,Action:HttpGet,Method:GetParentList,User:prajwal,UnitID:2
2025-04-01 14:19:23.9057|INFO|PIVF.Web.Api.Master.Configuration.UserAPIController|Controller Name:UserAPI,Action:HttpGet,Method:GetParentList,User:prajwal,UnitID:2
2025-04-01 14:26:07.2677|INFO|PIVF.Web.Api.Master.Configuration.UserAPIController|Controller Name:UserAPI,Action:HttpGet,Method:GetParentList,User:prajwal,UnitID:2
2025-04-01 14:26:07.2677|INFO|PIVF.Web.Api.Master.Configuration.UserAPIController|Controller Name:UserAPI,Action:HttpGet,Method:GetParentList,User:prajwal,UnitID:2
2025-04-01 14:26:13.1947|INFO|PIVF.Web.Api.IPD.IPDController|Controller Name:IPD,Action:GET,Method:GetClassMasterList,User:prajwal,UnitID:2
2025-04-01 14:26:13.1947|INFO|PIVF.Web.Api.IPD.IPDController|Controller Name:IPD,Action:GET,Method:GetClassMasterList,User:prajwal,UnitID:2
2025-04-01 14:26:22.8603|INFO|PIVF.Web.Api.Master.Configuration.UserAPIController|Controller Name:UserAPI,Action:HttpGet,Method:GetParentList,User:prajwal,UnitID:2
2025-04-01 14:26:22.8603|INFO|PIVF.Web.Api.Master.Configuration.UserAPIController|Controller Name:UserAPI,Action:HttpGet,Method:GetParentList,User:prajwal,UnitID:2
2025-04-01 14:26:30.9813|INFO|PIVF.Web.Api.IPD.IPDController|Controller Name:IPD,Action:GET,Method:GetWardMasterList,User:prajwal,UnitID:2
2025-04-01 14:26:30.9813|INFO|PIVF.Web.Api.IPD.IPDController|Controller Name:IPD,Action:GET,Method:GetWardMasterList,User:prajwal,UnitID:2
2025-04-01 14:26:38.2490|INFO|PIVF.Web.Api.Master.Configuration.UserAPIController|Controller Name:UserAPI,Action:HttpGet,Method:GetParentList,User:prajwal,UnitID:2
2025-04-01 14:26:38.2490|INFO|PIVF.Web.Api.Master.Configuration.UserAPIController|Controller Name:UserAPI,Action:HttpGet,Method:GetParentList,User:prajwal,UnitID:2
2025-04-01 14:26:40.3795|INFO|PIVF.Web.Api.IPD.IPDController|Controller Name:IPD,Action:GET,Method:GetBedMasterList,User:prajwal,UnitID:2
2025-04-01 14:26:40.3795|INFO|PIVF.Web.Api.IPD.IPDController|Controller Name:IPD,Action:GET,Method:GetBedMasterList,User:prajwal,UnitID:2
2025-04-01 14:26:40.8881|INFO|PIVF.Web.Api.IPD.IPDController|Controller Name:IPD,Action:GET,Method:GetClassMasterList,User:prajwal,UnitID:2
2025-04-01 14:26:40.8881|INFO|PIVF.Web.Api.IPD.IPDController|Controller Name:IPD,Action:GET,Method:GetClassMasterList,User:prajwal,UnitID:2
2025-04-01 14:26:41.3879|INFO|PIVF.Web.Api.IPD.IPDController|Controller Name:IPD,Action:GET,Method:GetWardMasterList,User:prajwal,UnitID:2
2025-04-01 14:26:41.3879|INFO|PIVF.Web.Api.IPD.IPDController|Controller Name:IPD,Action:GET,Method:GetWardMasterList,User:prajwal,UnitID:2
