2023-10-19 11:15:02.9562|INFO|PIVF.Web.Api.Master.Configuration.UserAPIController|Controller Name:UserAPI,Action:HttpGet,Method:GetGrandParentList,User:admin,UnitID:2
2023-10-19 11:15:02.9562|INFO|PIVF.Web.Api.Master.Configuration.UserAPIController|Controller Name:UserAPI,Action:HttpGet,Method:GetGrandParentList,User:admin,UnitID:2
2023-10-19 11:15:03.8167|INFO|PIVF.Web.Api.Master.Configuration.UserAPIController|Controller Name:UserAPI,Action:HttpGet,Method:GetUserRoleRights,User:admin,UnitID:2
2023-10-19 11:15:03.8167|INFO|PIVF.Web.Api.Master.Configuration.UserAPIController|Controller Name:UserAPI,Action:HttpGet,Method:GetUserRoleRights,User:admin,UnitID:2
2023-10-19 11:15:03.9573|INFO|PIVF.Web.Api.QueueMgt.QueueMgtController|Controller Name:QueueMgt,Action:HttpPost,Method:GetQueueList,User:admin,UnitID:2
2023-10-19 11:15:03.9573|INFO|PIVF.Web.Api.QueueMgt.QueueMgtController|Controller Name:QueueMgt,Action:HttpPost,Method:GetQueueList,User:admin,UnitID:2
2023-10-19 11:15:04.9466|INFO|PIVF.Web.Api.Master.Common.CommonController|1_Controller Name:CommonController,Action:HttpGet,Method:GetSpeclRegTypeList,User:admin,UnitID:2
2023-10-19 11:15:04.9466|INFO|PIVF.Web.Api.Master.Common.CommonController|1_Controller Name:CommonController,Action:HttpGet,Method:GetSpeclRegTypeList,User:admin,UnitID:2
2023-10-19 11:15:05.8656|INFO|PIVF.Web.Api.Master.Configuration.UserAPIController|Controller Name:UserAPI,Action:HttpGet,Method:GetParentList,User:admin,UnitID:2
2023-10-19 11:15:05.8656|INFO|PIVF.Web.Api.Master.Configuration.UserAPIController|Controller Name:UserAPI,Action:HttpGet,Method:GetParentList,User:admin,UnitID:2
2023-10-19 11:15:05.9577|INFO|PIVF.Web.Api.Master.Configuration.UserAPIController|Controller Name:UserAPI,Action:HttpGet,Method:GetParentList,User:admin,UnitID:2
2023-10-19 11:15:05.9577|INFO|PIVF.Web.Api.Master.Configuration.UserAPIController|Controller Name:UserAPI,Action:HttpGet,Method:GetParentList,User:admin,UnitID:2
2023-10-19 11:15:06.4862|INFO|PIVF.Web.Api.Master.Common.CommonController|1_Controller Name:CommonController,Action:HttpGet,Method:GetDepartmentList,User:admin,UnitID:2
2023-10-19 11:15:06.4862|INFO|PIVF.Web.Api.Master.Common.CommonController|1_Controller Name:CommonController,Action:HttpGet,Method:GetDepartmentList,User:admin,UnitID:2
2023-10-19 11:15:06.9993|INFO|PIVF.Web.Api.Master.Common.CommonController|1_Controller Name:CommonController,Action:HttpGet,Method:GetDoctorsList,User:admin,UnitID:2
2023-10-19 11:15:06.9993|INFO|PIVF.Web.Api.Master.Common.CommonController|1_Controller Name:CommonController,Action:HttpGet,Method:GetDoctorsList,User:admin,UnitID:2
2023-10-19 11:15:16.1489|INFO|PIVF.Web.Api.EMR.LandingPage.EMRLandingPageAPIController|Controller Name:EMRLandingPageAPI,Action:GET,Method:GetEMRLandingPageData,User:admin,UnitID:2
2023-10-19 11:15:16.1489|INFO|PIVF.Web.Api.EMR.LandingPage.EMRLandingPageAPIController|Controller Name:EMRLandingPageAPI,Action:GET,Method:GetEMRLandingPageData,User:admin,UnitID:2
2023-10-19 11:15:29.9706|INFO|PIVF.Web.Api.Master.Common.CommonController|Controller Name:Common,Action:GET,Method:GetActiveVisitByPatient,User:admin,UnitID:2
2023-10-19 11:15:29.9706|INFO|PIVF.Web.Api.Master.Common.CommonController|Controller Name:Common,Action:GET,Method:GetActiveVisitByPatient,User:admin,UnitID:2
2023-10-19 11:15:33.3275|INFO|PIVF.Web.Api.EMR.FemaleHistory.FollicularScanController|Controller Name:FollicularScan,Action:GET,Method:LoadPreviousFollicularScanData,User:admin,UnitID:2
2023-10-19 11:15:33.3275|INFO|PIVF.Web.Api.EMR.FemaleHistory.FollicularScanController|Controller Name:FollicularScan,Action:GET,Method:LoadPreviousFollicularScanData,User:admin,UnitID:2
2023-10-19 11:15:33.8284|INFO|PIVF.Web.Api.EMR.FemaleHistory.FollicularScanController|Controller Name:FollicularScan,Action:GET,Method:LoadCycleCodeList,User:admin,UnitID:2
2023-10-19 11:15:33.8284|INFO|PIVF.Web.Api.EMR.FemaleHistory.FollicularScanController|Controller Name:FollicularScan,Action:GET,Method:LoadCycleCodeList,User:admin,UnitID:2
2023-10-19 11:16:52.3683|INFO|PIVF.Web.Api.Master.Common.CommonController|1_Controller Name:CommonController,Action:HttpGet,Method:GetDepartmentList,User:admin,UnitID:2
2023-10-19 11:16:52.3683|INFO|PIVF.Web.Api.Master.Common.CommonController|1_Controller Name:CommonController,Action:HttpGet,Method:GetDepartmentList,User:admin,UnitID:2
2023-10-19 11:16:52.3832|INFO|PIVF.Web.Api.QueueMgt.QueueMgtController|Controller Name:QueueMgt,Action:HttpPost,Method:GetQueueList,User:admin,UnitID:2
2023-10-19 11:16:52.3832|INFO|PIVF.Web.Api.QueueMgt.QueueMgtController|Controller Name:QueueMgt,Action:HttpPost,Method:GetQueueList,User:admin,UnitID:2
2023-10-19 11:16:52.8875|INFO|PIVF.Web.Api.Master.Common.CommonController|1_Controller Name:CommonController,Action:HttpGet,Method:GetSpeclRegTypeList,User:admin,UnitID:2
2023-10-19 11:16:52.8875|INFO|PIVF.Web.Api.Master.Common.CommonController|1_Controller Name:CommonController,Action:HttpGet,Method:GetSpeclRegTypeList,User:admin,UnitID:2
2023-10-19 11:16:53.3947|INFO|PIVF.Web.Api.Master.Common.CommonController|1_Controller Name:CommonController,Action:HttpGet,Method:GetDoctorsList,User:admin,UnitID:2
2023-10-19 11:16:53.3947|INFO|PIVF.Web.Api.Master.Common.CommonController|1_Controller Name:CommonController,Action:HttpGet,Method:GetDoctorsList,User:admin,UnitID:2
2023-10-19 11:17:00.8129|INFO|PIVF.Web.Api.QueueMgt.QueueMgtController|Controller Name:QueueMgt,Action:HttpPost,Method:GetQueueList,User:admin,UnitID:2
2023-10-19 11:17:00.8129|INFO|PIVF.Web.Api.QueueMgt.QueueMgtController|Controller Name:QueueMgt,Action:HttpPost,Method:GetQueueList,User:admin,UnitID:2
2023-10-19 11:17:01.3408|INFO|PIVF.Web.Api.QueueMgt.QueueMgtController|Controller Name:QueueMgt,Action:HttpPost,Method:GetQueueList,User:admin,UnitID:2
2023-10-19 11:17:01.3408|INFO|PIVF.Web.Api.QueueMgt.QueueMgtController|Controller Name:QueueMgt,Action:HttpPost,Method:GetQueueList,User:admin,UnitID:2
2023-10-19 11:17:11.6734|INFO|PIVF.Web.Api.Master.Common.CommonController|Controller Name:Common,Action:GET,Method:GetActiveVisitByPatient,User:admin,UnitID:2
2023-10-19 11:17:11.6734|INFO|PIVF.Web.Api.Master.Common.CommonController|Controller Name:Common,Action:GET,Method:GetActiveVisitByPatient,User:admin,UnitID:2
2023-10-19 11:17:12.0088|INFO|PIVF.Web.Api.Master.Common.CommonController|Controller Name:Common,Action:GET,Method:GetActiveVisitByPatient,User:admin,UnitID:2
2023-10-19 11:17:12.0088|INFO|PIVF.Web.Api.Master.Common.CommonController|Controller Name:Common,Action:GET,Method:GetActiveVisitByPatient,User:admin,UnitID:2
2023-10-19 11:17:13.2446|INFO|PIVF.Web.Api.EMR.LandingPage.EMRLandingPageAPIController|Controller Name:EMRLandingPageAPI,Action:GET,Method:GetEMRLandingPageData,User:admin,UnitID:2
2023-10-19 11:17:13.2446|INFO|PIVF.Web.Api.EMR.LandingPage.EMRLandingPageAPIController|Controller Name:EMRLandingPageAPI,Action:GET,Method:GetEMRLandingPageData,User:admin,UnitID:2
2023-10-19 11:17:15.0622|INFO|PIVF.Web.Api.Master.Common.CommonController|Controller Name:Common,Action:POST,Method:PutSelectedvisitByPatient,User:admin,UnitID:2
2023-10-19 11:17:15.0622|INFO|PIVF.Web.Api.Master.Common.CommonController|Controller Name:Common,Action:POST,Method:PutSelectedvisitByPatient,User:admin,UnitID:2
2023-10-19 11:17:17.7505|INFO|PIVF.Web.Api.EMR.FemaleHistory.FollicularScanController|Controller Name:FollicularScan,Action:GET,Method:LoadPreviousFollicularScanData,User:admin,UnitID:2
2023-10-19 11:17:17.7505|INFO|PIVF.Web.Api.EMR.FemaleHistory.FollicularScanController|Controller Name:FollicularScan,Action:GET,Method:LoadPreviousFollicularScanData,User:admin,UnitID:2
2023-10-19 11:17:18.2625|INFO|PIVF.Web.Api.EMR.FemaleHistory.FollicularScanController|Controller Name:FollicularScan,Action:GET,Method:LoadCycleCodeList,User:admin,UnitID:2
2023-10-19 11:17:18.2625|INFO|PIVF.Web.Api.EMR.FemaleHistory.FollicularScanController|Controller Name:FollicularScan,Action:GET,Method:LoadCycleCodeList,User:admin,UnitID:2
2023-10-19 11:17:24.7467|INFO|PIVF.Web.Api.EMR.FemaleHistory.FollicularScanController|Controller Name:FollicularScan,Action:GET,Method:GetSingleFollicularScan,User:admin,UnitID:2
2023-10-19 11:17:24.7467|INFO|PIVF.Web.Api.EMR.FemaleHistory.FollicularScanController|Controller Name:FollicularScan,Action:GET,Method:GetSingleFollicularScan,User:admin,UnitID:2
2023-10-19 11:17:27.4625|INFO|PIVF.Web.Api.EMR.FemaleHistory.FollicularScanController|Controller Name:FollicularScan,Action:GET,Method:GetSingleFollicularScan,User:admin,UnitID:2
2023-10-19 11:17:27.4625|INFO|PIVF.Web.Api.EMR.FemaleHistory.FollicularScanController|Controller Name:FollicularScan,Action:GET,Method:GetSingleFollicularScan,User:admin,UnitID:2
2023-10-19 11:17:29.0900|INFO|PIVF.Web.Api.EMR.FemaleHistory.FollicularScanController|Controller Name:FollicularScan,Action:GET,Method:GetSingleFollicularScan,User:admin,UnitID:2
2023-10-19 11:17:29.0900|INFO|PIVF.Web.Api.EMR.FemaleHistory.FollicularScanController|Controller Name:FollicularScan,Action:GET,Method:GetSingleFollicularScan,User:admin,UnitID:2
2023-10-19 11:19:12.6444|INFO|PIVF.Web.Api.Master.Common.CommonController|1_Controller Name:CommonController,Action:HttpGet,Method:GetDepartmentList,User:admin,UnitID:2
2023-10-19 11:19:12.6444|INFO|PIVF.Web.Api.Master.Common.CommonController|1_Controller Name:CommonController,Action:HttpGet,Method:GetDepartmentList,User:admin,UnitID:2
2023-10-19 11:19:12.6664|INFO|PIVF.Web.Api.QueueMgt.QueueMgtController|Controller Name:QueueMgt,Action:HttpPost,Method:GetQueueList,User:admin,UnitID:2
2023-10-19 11:19:12.6664|INFO|PIVF.Web.Api.QueueMgt.QueueMgtController|Controller Name:QueueMgt,Action:HttpPost,Method:GetQueueList,User:admin,UnitID:2
2023-10-19 11:19:13.1526|INFO|PIVF.Web.Api.Master.Common.CommonController|1_Controller Name:CommonController,Action:HttpGet,Method:GetDoctorsList,User:admin,UnitID:2
2023-10-19 11:19:13.1526|INFO|PIVF.Web.Api.Master.Common.CommonController|1_Controller Name:CommonController,Action:HttpGet,Method:GetDoctorsList,User:admin,UnitID:2
2023-10-19 11:19:13.2294|INFO|PIVF.Web.Api.Master.Configuration.UserAPIController|Controller Name:UserAPI,Action:HttpGet,Method:GetGrandParentList,User:admin,UnitID:2
2023-10-19 11:19:13.2294|INFO|PIVF.Web.Api.Master.Configuration.UserAPIController|Controller Name:UserAPI,Action:HttpGet,Method:GetGrandParentList,User:admin,UnitID:2
2023-10-19 11:19:13.6702|INFO|PIVF.Web.Api.Master.Common.CommonController|1_Controller Name:CommonController,Action:HttpGet,Method:GetSpeclRegTypeList,User:admin,UnitID:2
2023-10-19 11:19:13.6702|INFO|PIVF.Web.Api.Master.Common.CommonController|1_Controller Name:CommonController,Action:HttpGet,Method:GetSpeclRegTypeList,User:admin,UnitID:2
2023-10-19 11:19:14.2610|INFO|PIVF.Web.Api.Master.Configuration.UserAPIController|Controller Name:UserAPI,Action:HttpGet,Method:GetUserRoleRights,User:admin,UnitID:2
2023-10-19 11:19:14.2610|INFO|PIVF.Web.Api.Master.Configuration.UserAPIController|Controller Name:UserAPI,Action:HttpGet,Method:GetUserRoleRights,User:admin,UnitID:2
2023-10-19 11:19:14.9377|INFO|PIVF.Web.Api.Master.Configuration.UserAPIController|Controller Name:UserAPI,Action:HttpGet,Method:GetParentList,User:admin,UnitID:2
2023-10-19 11:19:14.9377|INFO|PIVF.Web.Api.Master.Configuration.UserAPIController|Controller Name:UserAPI,Action:HttpGet,Method:GetParentList,User:admin,UnitID:2
2023-10-19 11:19:14.9715|INFO|PIVF.Web.Api.Master.Configuration.UserAPIController|Controller Name:UserAPI,Action:HttpGet,Method:GetParentList,User:admin,UnitID:2
2023-10-19 11:19:14.9715|INFO|PIVF.Web.Api.Master.Configuration.UserAPIController|Controller Name:UserAPI,Action:HttpGet,Method:GetParentList,User:admin,UnitID:2
2023-10-19 11:19:24.7108|INFO|PIVF.Web.Api.Master.Common.CommonController|Controller Name:Common,Action:GET,Method:GetActiveVisitByPatient,User:admin,UnitID:2
2023-10-19 11:19:24.7108|INFO|PIVF.Web.Api.Master.Common.CommonController|Controller Name:Common,Action:GET,Method:GetActiveVisitByPatient,User:admin,UnitID:2
2023-10-19 11:19:24.7338|INFO|PIVF.Web.Api.Master.Common.CommonController|Controller Name:Common,Action:GET,Method:GetActiveVisitByPatient,User:admin,UnitID:2
2023-10-19 11:19:24.7338|INFO|PIVF.Web.Api.Master.Common.CommonController|Controller Name:Common,Action:GET,Method:GetActiveVisitByPatient,User:admin,UnitID:2
2023-10-19 11:19:25.4869|INFO|PIVF.Web.Api.EMR.LandingPage.EMRLandingPageAPIController|Controller Name:EMRLandingPageAPI,Action:GET,Method:GetEMRLandingPageData,User:admin,UnitID:2
2023-10-19 11:19:25.4869|INFO|PIVF.Web.Api.EMR.LandingPage.EMRLandingPageAPIController|Controller Name:EMRLandingPageAPI,Action:GET,Method:GetEMRLandingPageData,User:admin,UnitID:2
2023-10-19 11:19:26.4796|INFO|PIVF.Web.Api.Master.Common.CommonController|Controller Name:Common,Action:POST,Method:PutSelectedvisitByPatient,User:admin,UnitID:2
2023-10-19 11:19:26.4796|INFO|PIVF.Web.Api.Master.Common.CommonController|Controller Name:Common,Action:POST,Method:PutSelectedvisitByPatient,User:admin,UnitID:2
2023-10-19 11:20:12.0051|INFO|PIVF.Web.Api.EMR.FemaleHistory.FollicularScanController|Controller Name:FollicularScan,Action:GET,Method:LoadPreviousFollicularScanData,User:admin,UnitID:2
2023-10-19 11:20:12.0051|INFO|PIVF.Web.Api.EMR.FemaleHistory.FollicularScanController|Controller Name:FollicularScan,Action:GET,Method:LoadPreviousFollicularScanData,User:admin,UnitID:2
2023-10-19 11:20:12.0440|INFO|PIVF.Web.Api.EMR.FemaleHistory.FollicularScanController|Controller Name:FollicularScan,Action:GET,Method:LoadCycleCodeList,User:admin,UnitID:2
2023-10-19 11:20:12.0440|INFO|PIVF.Web.Api.EMR.FemaleHistory.FollicularScanController|Controller Name:FollicularScan,Action:GET,Method:LoadCycleCodeList,User:admin,UnitID:2
2023-10-19 11:20:23.5886|INFO|PIVF.Web.Api.EMR.FemaleHistory.FollicularScanController|Controller Name:FollicularScan,Action:GET,Method:GetSingleFollicularScan,User:admin,UnitID:2
2023-10-19 11:20:23.5886|INFO|PIVF.Web.Api.EMR.FemaleHistory.FollicularScanController|Controller Name:FollicularScan,Action:GET,Method:GetSingleFollicularScan,User:admin,UnitID:2
2023-10-19 11:21:12.5049|INFO|PIVF.Web.Api.Master.Common.CommonController|Controller Name:Common,Action:GET,Method:GetActiveVisitByPatient,User:admin,UnitID:2
2023-10-19 11:21:12.5049|INFO|PIVF.Web.Api.Master.Common.CommonController|Controller Name:Common,Action:GET,Method:GetActiveVisitByPatient,User:admin,UnitID:2
2023-10-19 11:21:13.2792|INFO|PIVF.Web.Api.Master.Common.CommonController|Controller Name:Common,Action:GET,Method:GetActiveVisitByPatient,User:admin,UnitID:2
2023-10-19 11:21:13.2792|INFO|PIVF.Web.Api.Master.Common.CommonController|Controller Name:Common,Action:GET,Method:GetActiveVisitByPatient,User:admin,UnitID:2
2023-10-19 11:21:13.8729|INFO|PIVF.Web.Api.EMR.LandingPage.EMRLandingPageAPIController|Controller Name:EMRLandingPageAPI,Action:GET,Method:GetEMRLandingPageData,User:admin,UnitID:2
2023-10-19 11:21:13.8729|INFO|PIVF.Web.Api.EMR.LandingPage.EMRLandingPageAPIController|Controller Name:EMRLandingPageAPI,Action:GET,Method:GetEMRLandingPageData,User:admin,UnitID:2
2023-10-19 11:21:15.1735|INFO|PIVF.Web.Api.Master.Common.CommonController|Controller Name:Common,Action:POST,Method:PutSelectedvisitByPatient,User:admin,UnitID:2
2023-10-19 11:21:15.1735|INFO|PIVF.Web.Api.Master.Common.CommonController|Controller Name:Common,Action:POST,Method:PutSelectedvisitByPatient,User:admin,UnitID:2
2023-10-19 11:21:21.2378|INFO|PIVF.Web.Api.EMR.FemaleHistory.FollicularScanController|Controller Name:FollicularScan,Action:GET,Method:LoadPreviousFollicularScanData,User:admin,UnitID:2
2023-10-19 11:21:21.2378|INFO|PIVF.Web.Api.EMR.FemaleHistory.FollicularScanController|Controller Name:FollicularScan,Action:GET,Method:LoadPreviousFollicularScanData,User:admin,UnitID:2
2023-10-19 11:21:21.2970|INFO|PIVF.Web.Api.EMR.FemaleHistory.FollicularScanController|Controller Name:FollicularScan,Action:GET,Method:LoadCycleCodeList,User:admin,UnitID:2
2023-10-19 11:21:21.2970|INFO|PIVF.Web.Api.EMR.FemaleHistory.FollicularScanController|Controller Name:FollicularScan,Action:GET,Method:LoadCycleCodeList,User:admin,UnitID:2
2023-10-19 11:22:28.8510|INFO|PIVF.Web.Api.Master.Common.CommonController|Controller Name:Common,Action:GET,Method:GetActiveVisitByPatient,User:admin,UnitID:2
2023-10-19 11:22:28.8510|INFO|PIVF.Web.Api.Master.Common.CommonController|Controller Name:Common,Action:GET,Method:GetActiveVisitByPatient,User:admin,UnitID:2
2023-10-19 11:22:29.6391|INFO|PIVF.Web.Api.Master.Common.CommonController|Controller Name:Common,Action:GET,Method:GetActiveVisitByPatient,User:admin,UnitID:2
2023-10-19 11:22:29.6391|INFO|PIVF.Web.Api.Master.Common.CommonController|Controller Name:Common,Action:GET,Method:GetActiveVisitByPatient,User:admin,UnitID:2
2023-10-19 11:22:30.2680|INFO|PIVF.Web.Api.EMR.LandingPage.EMRLandingPageAPIController|Controller Name:EMRLandingPageAPI,Action:GET,Method:GetEMRLandingPageData,User:admin,UnitID:2
2023-10-19 11:22:30.2680|INFO|PIVF.Web.Api.EMR.LandingPage.EMRLandingPageAPIController|Controller Name:EMRLandingPageAPI,Action:GET,Method:GetEMRLandingPageData,User:admin,UnitID:2
2023-10-19 11:22:31.6585|INFO|PIVF.Web.Api.Master.Common.CommonController|Controller Name:Common,Action:POST,Method:PutSelectedvisitByPatient,User:admin,UnitID:2
2023-10-19 11:22:31.6585|INFO|PIVF.Web.Api.Master.Common.CommonController|Controller Name:Common,Action:POST,Method:PutSelectedvisitByPatient,User:admin,UnitID:2
2023-10-19 11:22:38.3610|INFO|PIVF.Web.Api.EMR.FemaleHistory.FollicularScanController|Controller Name:FollicularScan,Action:GET,Method:LoadPreviousFollicularScanData,User:admin,UnitID:2
2023-10-19 11:22:38.3610|INFO|PIVF.Web.Api.EMR.FemaleHistory.FollicularScanController|Controller Name:FollicularScan,Action:GET,Method:LoadPreviousFollicularScanData,User:admin,UnitID:2
2023-10-19 11:22:38.8647|INFO|PIVF.Web.Api.EMR.FemaleHistory.FollicularScanController|Controller Name:FollicularScan,Action:GET,Method:LoadCycleCodeList,User:admin,UnitID:2
2023-10-19 11:22:38.8647|INFO|PIVF.Web.Api.EMR.FemaleHistory.FollicularScanController|Controller Name:FollicularScan,Action:GET,Method:LoadCycleCodeList,User:admin,UnitID:2
2023-10-19 11:22:43.1870|INFO|PIVF.Web.Api.EMR.FemaleHistory.FollicularScanController|Controller Name:FollicularScan,Action:GET,Method:GetSingleFollicularScan,User:admin,UnitID:2
2023-10-19 11:22:43.1870|INFO|PIVF.Web.Api.EMR.FemaleHistory.FollicularScanController|Controller Name:FollicularScan,Action:GET,Method:GetSingleFollicularScan,User:admin,UnitID:2
2023-10-19 11:23:16.6079|INFO|PIVF.Web.Api.New_ART.NewARTController|Controller Name:NewART,Action:GET,Method:GetARTCycleList,User:admin,UnitID:2
2023-10-19 11:23:16.6079|INFO|PIVF.Web.Api.New_ART.NewARTController|Controller Name:NewART,Action:GET,Method:GetARTCycleList,User:admin,UnitID:2
2023-10-19 11:23:17.5750|INFO|PIVF.Web.Api.New_ART.NewARTController|Controller Name:NewART,Action:GET,Method:newCyclebtnFlag,User:admin,UnitID:2
2023-10-19 11:23:17.5750|INFO|PIVF.Web.Api.New_ART.NewARTController|Controller Name:NewART,Action:GET,Method:newCyclebtnFlag,User:admin,UnitID:2
2023-10-19 11:23:21.1527|INFO|PIVF.Web.Api.EMR.FemaleHistory.FollicularScanController|Controller Name:FollicularScan,Action:GET,Method:LoadPreviousFollicularScanData,User:admin,UnitID:2
2023-10-19 11:23:21.1527|INFO|PIVF.Web.Api.EMR.FemaleHistory.FollicularScanController|Controller Name:FollicularScan,Action:GET,Method:LoadPreviousFollicularScanData,User:admin,UnitID:2
2023-10-19 11:23:21.6749|INFO|PIVF.Web.Api.EMR.FemaleHistory.FollicularScanController|Controller Name:FollicularScan,Action:GET,Method:LoadCycleCodeList,User:admin,UnitID:2
2023-10-19 11:23:21.6749|INFO|PIVF.Web.Api.EMR.FemaleHistory.FollicularScanController|Controller Name:FollicularScan,Action:GET,Method:LoadCycleCodeList,User:admin,UnitID:2
2023-10-19 11:23:27.5110|INFO|PIVF.Web.Api.EMR.FemaleHistory.FollicularScanController|Controller Name:FollicularScan,Action:GET,Method:GetSingleFollicularScan,User:admin,UnitID:2
2023-10-19 11:23:27.5110|INFO|PIVF.Web.Api.EMR.FemaleHistory.FollicularScanController|Controller Name:FollicularScan,Action:GET,Method:GetSingleFollicularScan,User:admin,UnitID:2
2023-10-19 11:24:03.3062|INFO|PIVF.Web.Api.EMR.FemaleHistory.FollicularScanController|Controller Name:FollicularScan,Action:GET,Method:GetSingleFollicularScan,User:admin,UnitID:2
2023-10-19 11:24:03.3062|INFO|PIVF.Web.Api.EMR.FemaleHistory.FollicularScanController|Controller Name:FollicularScan,Action:GET,Method:GetSingleFollicularScan,User:admin,UnitID:2
2023-10-19 11:24:03.9622|INFO|PIVF.Web.Api.EMR.FemaleHistory.FollicularScanController|Controller Name:FollicularScan,Action:GET,Method:GetSingleFollicularScan,User:admin,UnitID:2
2023-10-19 11:24:03.9622|INFO|PIVF.Web.Api.EMR.FemaleHistory.FollicularScanController|Controller Name:FollicularScan,Action:GET,Method:GetSingleFollicularScan,User:admin,UnitID:2
2023-10-19 11:24:03.9822|INFO|PIVF.Web.Api.EMR.FemaleHistory.FollicularScanController|Controller Name:FollicularScan,Action:GET,Method:GetSingleFollicularScan,User:admin,UnitID:2
2023-10-19 11:24:03.9822|INFO|PIVF.Web.Api.EMR.FemaleHistory.FollicularScanController|Controller Name:FollicularScan,Action:GET,Method:GetSingleFollicularScan,User:admin,UnitID:2
2023-10-19 11:24:21.8755|INFO|PIVF.Web.Api.Master.Common.CommonController|Controller Name:Common,Action:GET,Method:GetActiveVisitByPatient,User:admin,UnitID:2
2023-10-19 11:24:21.8755|INFO|PIVF.Web.Api.Master.Common.CommonController|Controller Name:Common,Action:GET,Method:GetActiveVisitByPatient,User:admin,UnitID:2
2023-10-19 11:24:22.6175|INFO|PIVF.Web.Api.Master.Common.CommonController|Controller Name:Common,Action:GET,Method:GetActiveVisitByPatient,User:admin,UnitID:2
2023-10-19 11:24:22.6175|INFO|PIVF.Web.Api.Master.Common.CommonController|Controller Name:Common,Action:GET,Method:GetActiveVisitByPatient,User:admin,UnitID:2
2023-10-19 11:24:23.7375|INFO|PIVF.Web.Api.EMR.LandingPage.EMRLandingPageAPIController|Controller Name:EMRLandingPageAPI,Action:GET,Method:GetEMRLandingPageData,User:admin,UnitID:2
2023-10-19 11:24:23.7375|INFO|PIVF.Web.Api.EMR.LandingPage.EMRLandingPageAPIController|Controller Name:EMRLandingPageAPI,Action:GET,Method:GetEMRLandingPageData,User:admin,UnitID:2
2023-10-19 11:24:24.6083|INFO|PIVF.Web.Api.Master.Common.CommonController|Controller Name:Common,Action:POST,Method:PutSelectedvisitByPatient,User:admin,UnitID:2
2023-10-19 11:24:24.6083|INFO|PIVF.Web.Api.Master.Common.CommonController|Controller Name:Common,Action:POST,Method:PutSelectedvisitByPatient,User:admin,UnitID:2
2023-10-19 11:24:29.3647|INFO|PIVF.Web.Api.EMR.FemaleHistory.FollicularScanController|Controller Name:FollicularScan,Action:GET,Method:LoadCycleCodeList,User:admin,UnitID:2
2023-10-19 11:24:29.3647|INFO|PIVF.Web.Api.EMR.FemaleHistory.FollicularScanController|Controller Name:FollicularScan,Action:GET,Method:LoadCycleCodeList,User:admin,UnitID:2
2023-10-19 11:24:30.3937|INFO|PIVF.Web.Api.EMR.FemaleHistory.FollicularScanController|Controller Name:FollicularScan,Action:GET,Method:LoadPreviousFollicularScanData,User:admin,UnitID:2
2023-10-19 11:24:30.3937|INFO|PIVF.Web.Api.EMR.FemaleHistory.FollicularScanController|Controller Name:FollicularScan,Action:GET,Method:LoadPreviousFollicularScanData,User:admin,UnitID:2
2023-10-19 11:24:54.2309|INFO|PIVF.Web.Api.EMR.FemaleHistory.FollicularScanController|Controller Name:FollicularScan,Action:GET,Method:GetSingleFollicularScan,User:admin,UnitID:2
2023-10-19 11:24:54.2309|INFO|PIVF.Web.Api.EMR.FemaleHistory.FollicularScanController|Controller Name:FollicularScan,Action:GET,Method:GetSingleFollicularScan,User:admin,UnitID:2
2023-10-19 11:26:06.7034|INFO|PIVF.Web.Api.Master.Configuration.UserAPIController|Controller Name:UserAPI,Action:HttpGet,Method:GetGrandParentList,User:admin,UnitID:2
2023-10-19 11:26:06.7034|INFO|PIVF.Web.Api.Master.Configuration.UserAPIController|Controller Name:UserAPI,Action:HttpGet,Method:GetGrandParentList,User:admin,UnitID:2
2023-10-19 11:26:07.0267|INFO|PIVF.Web.Api.Master.Common.CommonController|1_Controller Name:CommonController,Action:HttpGet,Method:GetDoctorsList,User:admin,UnitID:2
2023-10-19 11:26:07.0267|INFO|PIVF.Web.Api.Master.Common.CommonController|1_Controller Name:CommonController,Action:HttpGet,Method:GetDoctorsList,User:admin,UnitID:2
2023-10-19 11:26:07.1443|INFO|PIVF.Web.Api.QueueMgt.QueueMgtController|Controller Name:QueueMgt,Action:HttpPost,Method:GetQueueList,User:admin,UnitID:2
2023-10-19 11:26:07.1443|INFO|PIVF.Web.Api.QueueMgt.QueueMgtController|Controller Name:QueueMgt,Action:HttpPost,Method:GetQueueList,User:admin,UnitID:2
2023-10-19 11:26:07.5373|INFO|PIVF.Web.Api.Master.Common.CommonController|1_Controller Name:CommonController,Action:HttpGet,Method:GetDepartmentList,User:admin,UnitID:2
2023-10-19 11:26:07.5373|INFO|PIVF.Web.Api.Master.Common.CommonController|1_Controller Name:CommonController,Action:HttpGet,Method:GetDepartmentList,User:admin,UnitID:2
2023-10-19 11:26:07.7118|INFO|PIVF.Web.Api.Master.Configuration.UserAPIController|Controller Name:UserAPI,Action:HttpGet,Method:GetUserRoleRights,User:admin,UnitID:2
2023-10-19 11:26:07.7118|INFO|PIVF.Web.Api.Master.Configuration.UserAPIController|Controller Name:UserAPI,Action:HttpGet,Method:GetUserRoleRights,User:admin,UnitID:2
2023-10-19 11:26:08.0568|INFO|PIVF.Web.Api.Master.Common.CommonController|1_Controller Name:CommonController,Action:HttpGet,Method:GetSpeclRegTypeList,User:admin,UnitID:2
2023-10-19 11:26:08.0568|INFO|PIVF.Web.Api.Master.Common.CommonController|1_Controller Name:CommonController,Action:HttpGet,Method:GetSpeclRegTypeList,User:admin,UnitID:2
2023-10-19 11:26:08.4209|INFO|PIVF.Web.Api.Master.Configuration.UserAPIController|Controller Name:UserAPI,Action:HttpGet,Method:GetParentList,User:admin,UnitID:2
2023-10-19 11:26:08.4209|INFO|PIVF.Web.Api.Master.Configuration.UserAPIController|Controller Name:UserAPI,Action:HttpGet,Method:GetParentList,User:admin,UnitID:2
2023-10-19 11:26:08.5053|INFO|PIVF.Web.Api.Master.Configuration.UserAPIController|Controller Name:UserAPI,Action:HttpGet,Method:GetParentList,User:admin,UnitID:2
2023-10-19 11:26:08.5053|INFO|PIVF.Web.Api.Master.Configuration.UserAPIController|Controller Name:UserAPI,Action:HttpGet,Method:GetParentList,User:admin,UnitID:2
2023-10-19 11:26:16.1235|INFO|PIVF.Web.Api.Master.Common.CommonController|Controller Name:Common,Action:GET,Method:GetActiveVisitByPatient,User:admin,UnitID:2
2023-10-19 11:26:16.1235|INFO|PIVF.Web.Api.Master.Common.CommonController|Controller Name:Common,Action:GET,Method:GetActiveVisitByPatient,User:admin,UnitID:2
2023-10-19 11:26:16.8027|INFO|PIVF.Web.Api.Master.Common.CommonController|Controller Name:Common,Action:GET,Method:GetActiveVisitByPatient,User:admin,UnitID:2
2023-10-19 11:26:16.8027|INFO|PIVF.Web.Api.Master.Common.CommonController|Controller Name:Common,Action:GET,Method:GetActiveVisitByPatient,User:admin,UnitID:2
2023-10-19 11:26:17.6618|INFO|PIVF.Web.Api.EMR.LandingPage.EMRLandingPageAPIController|Controller Name:EMRLandingPageAPI,Action:GET,Method:GetEMRLandingPageData,User:admin,UnitID:2
2023-10-19 11:26:17.6618|INFO|PIVF.Web.Api.EMR.LandingPage.EMRLandingPageAPIController|Controller Name:EMRLandingPageAPI,Action:GET,Method:GetEMRLandingPageData,User:admin,UnitID:2
2023-10-19 11:26:19.2629|INFO|PIVF.Web.Api.Master.Common.CommonController|Controller Name:Common,Action:POST,Method:PutSelectedvisitByPatient,User:admin,UnitID:2
2023-10-19 11:26:19.2629|INFO|PIVF.Web.Api.Master.Common.CommonController|Controller Name:Common,Action:POST,Method:PutSelectedvisitByPatient,User:admin,UnitID:2
2023-10-19 11:26:26.7450|INFO|PIVF.Web.Api.EMR.FemaleHistory.FollicularScanController|Controller Name:FollicularScan,Action:GET,Method:LoadPreviousFollicularScanData,User:admin,UnitID:2
2023-10-19 11:26:26.7450|INFO|PIVF.Web.Api.EMR.FemaleHistory.FollicularScanController|Controller Name:FollicularScan,Action:GET,Method:LoadPreviousFollicularScanData,User:admin,UnitID:2
2023-10-19 11:26:26.7837|INFO|PIVF.Web.Api.EMR.FemaleHistory.FollicularScanController|Controller Name:FollicularScan,Action:GET,Method:LoadCycleCodeList,User:admin,UnitID:2
2023-10-19 11:26:26.7837|INFO|PIVF.Web.Api.EMR.FemaleHistory.FollicularScanController|Controller Name:FollicularScan,Action:GET,Method:LoadCycleCodeList,User:admin,UnitID:2
2023-10-19 11:26:31.8286|INFO|PIVF.Web.Api.EMR.FemaleHistory.FollicularScanController|Controller Name:FollicularScan,Action:GET,Method:GetSingleFollicularScan,User:admin,UnitID:2
2023-10-19 11:26:31.8286|INFO|PIVF.Web.Api.EMR.FemaleHistory.FollicularScanController|Controller Name:FollicularScan,Action:GET,Method:GetSingleFollicularScan,User:admin,UnitID:2
2023-10-19 11:27:59.7347|INFO|PIVF.Web.Api.Master.Configuration.UserAPIController|Controller Name:UserAPI,Action:HttpGet,Method:GetUserRoleRights,User:admin,UnitID:2
2023-10-19 11:27:59.7347|INFO|PIVF.Web.Api.Master.Configuration.UserAPIController|Controller Name:UserAPI,Action:HttpGet,Method:GetUserRoleRights,User:admin,UnitID:2
2023-10-19 11:27:59.9496|INFO|PIVF.Web.Api.Master.Configuration.UserAPIController|Controller Name:UserAPI,Action:HttpGet,Method:GetParentList,User:admin,UnitID:2
2023-10-19 11:27:59.9496|INFO|PIVF.Web.Api.Master.Configuration.UserAPIController|Controller Name:UserAPI,Action:HttpGet,Method:GetParentList,User:admin,UnitID:2
2023-10-19 11:28:00.0541|INFO|PIVF.Web.Api.Master.Configuration.UserAPIController|Controller Name:UserAPI,Action:HttpGet,Method:GetParentList,User:admin,UnitID:2
2023-10-19 11:28:00.0541|INFO|PIVF.Web.Api.Master.Configuration.UserAPIController|Controller Name:UserAPI,Action:HttpGet,Method:GetParentList,User:admin,UnitID:2
2023-10-19 11:28:00.2409|INFO|PIVF.Web.Api.Master.Configuration.UserAPIController|Controller Name:UserAPI,Action:HttpGet,Method:GetGrandParentList,User:admin,UnitID:2
2023-10-19 11:28:00.2409|INFO|PIVF.Web.Api.Master.Configuration.UserAPIController|Controller Name:UserAPI,Action:HttpGet,Method:GetGrandParentList,User:admin,UnitID:2
2023-10-19 11:28:00.8867|INFO|PIVF.Web.Api.Master.Common.CommonController|1_Controller Name:CommonController,Action:HttpGet,Method:GetDepartmentList,User:admin,UnitID:2
2023-10-19 11:28:00.8867|INFO|PIVF.Web.Api.Master.Common.CommonController|1_Controller Name:CommonController,Action:HttpGet,Method:GetDepartmentList,User:admin,UnitID:2
2023-10-19 11:28:01.3888|INFO|PIVF.Web.Api.Master.Common.CommonController|1_Controller Name:CommonController,Action:HttpGet,Method:GetSpeclRegTypeList,User:admin,UnitID:2
2023-10-19 11:28:01.3888|INFO|PIVF.Web.Api.Master.Common.CommonController|1_Controller Name:CommonController,Action:HttpGet,Method:GetSpeclRegTypeList,User:admin,UnitID:2
2023-10-19 11:28:01.4111|INFO|PIVF.Web.Api.QueueMgt.QueueMgtController|Controller Name:QueueMgt,Action:HttpPost,Method:GetQueueList,User:admin,UnitID:2
2023-10-19 11:28:01.4111|INFO|PIVF.Web.Api.QueueMgt.QueueMgtController|Controller Name:QueueMgt,Action:HttpPost,Method:GetQueueList,User:admin,UnitID:2
2023-10-19 11:28:01.9043|INFO|PIVF.Web.Api.Master.Common.CommonController|1_Controller Name:CommonController,Action:HttpGet,Method:GetDoctorsList,User:admin,UnitID:2
2023-10-19 11:28:01.9043|INFO|PIVF.Web.Api.Master.Common.CommonController|1_Controller Name:CommonController,Action:HttpGet,Method:GetDoctorsList,User:admin,UnitID:2
2023-10-19 11:28:06.7021|INFO|PIVF.Web.Api.Master.Common.CommonController|Controller Name:Common,Action:GET,Method:GetActiveVisitByPatient,User:admin,UnitID:2
2023-10-19 11:28:06.7021|INFO|PIVF.Web.Api.Master.Common.CommonController|Controller Name:Common,Action:GET,Method:GetActiveVisitByPatient,User:admin,UnitID:2
2023-10-19 11:28:07.5252|INFO|PIVF.Web.Api.Master.Common.CommonController|Controller Name:Common,Action:GET,Method:GetActiveVisitByPatient,User:admin,UnitID:2
2023-10-19 11:28:07.5252|INFO|PIVF.Web.Api.Master.Common.CommonController|Controller Name:Common,Action:GET,Method:GetActiveVisitByPatient,User:admin,UnitID:2
2023-10-19 11:28:08.3891|INFO|PIVF.Web.Api.EMR.LandingPage.EMRLandingPageAPIController|Controller Name:EMRLandingPageAPI,Action:GET,Method:GetEMRLandingPageData,User:admin,UnitID:2
2023-10-19 11:28:08.3891|INFO|PIVF.Web.Api.EMR.LandingPage.EMRLandingPageAPIController|Controller Name:EMRLandingPageAPI,Action:GET,Method:GetEMRLandingPageData,User:admin,UnitID:2
2023-10-19 11:28:09.9674|INFO|PIVF.Web.Api.Master.Common.CommonController|Controller Name:Common,Action:POST,Method:PutSelectedvisitByPatient,User:admin,UnitID:2
2023-10-19 11:28:09.9674|INFO|PIVF.Web.Api.Master.Common.CommonController|Controller Name:Common,Action:POST,Method:PutSelectedvisitByPatient,User:admin,UnitID:2
2023-10-19 11:28:16.6828|INFO|PIVF.Web.Api.EMR.FemaleHistory.FollicularScanController|Controller Name:FollicularScan,Action:GET,Method:LoadPreviousFollicularScanData,User:admin,UnitID:2
2023-10-19 11:28:16.6828|INFO|PIVF.Web.Api.EMR.FemaleHistory.FollicularScanController|Controller Name:FollicularScan,Action:GET,Method:LoadPreviousFollicularScanData,User:admin,UnitID:2
2023-10-19 11:28:17.2024|INFO|PIVF.Web.Api.EMR.FemaleHistory.FollicularScanController|Controller Name:FollicularScan,Action:GET,Method:LoadCycleCodeList,User:admin,UnitID:2
2023-10-19 11:28:17.2024|INFO|PIVF.Web.Api.EMR.FemaleHistory.FollicularScanController|Controller Name:FollicularScan,Action:GET,Method:LoadCycleCodeList,User:admin,UnitID:2
2023-10-19 11:28:22.9153|INFO|PIVF.Web.Api.EMR.FemaleHistory.FollicularScanController|Controller Name:FollicularScan,Action:GET,Method:GetSingleFollicularScan,User:admin,UnitID:2
2023-10-19 11:28:22.9153|INFO|PIVF.Web.Api.EMR.FemaleHistory.FollicularScanController|Controller Name:FollicularScan,Action:GET,Method:GetSingleFollicularScan,User:admin,UnitID:2
2023-10-19 11:28:38.1213|INFO|PIVF.Web.Api.New_ART.NewARTController|Controller Name:NewART,Action:GET,Method:newCyclebtnFlag,User:admin,UnitID:2
2023-10-19 11:28:38.1213|INFO|PIVF.Web.Api.New_ART.NewARTController|Controller Name:NewART,Action:GET,Method:newCyclebtnFlag,User:admin,UnitID:2
2023-10-19 11:28:38.6331|INFO|PIVF.Web.Api.New_ART.NewARTController|Controller Name:NewART,Action:GET,Method:GetARTCycleList,User:admin,UnitID:2
2023-10-19 11:28:38.6331|INFO|PIVF.Web.Api.New_ART.NewARTController|Controller Name:NewART,Action:GET,Method:GetARTCycleList,User:admin,UnitID:2
2023-10-19 11:28:48.0789|INFO|PIVF.Web.Api.EMR.FemaleHistory.FollicularScanController|Controller Name:FollicularScan,Action:GET,Method:LoadPreviousFollicularScanData,User:admin,UnitID:2
2023-10-19 11:28:48.0789|INFO|PIVF.Web.Api.EMR.FemaleHistory.FollicularScanController|Controller Name:FollicularScan,Action:GET,Method:LoadPreviousFollicularScanData,User:admin,UnitID:2
2023-10-19 11:28:49.1018|INFO|PIVF.Web.Api.EMR.FemaleHistory.FollicularScanController|Controller Name:FollicularScan,Action:GET,Method:LoadCycleCodeList,User:admin,UnitID:2
2023-10-19 11:28:49.1018|INFO|PIVF.Web.Api.EMR.FemaleHistory.FollicularScanController|Controller Name:FollicularScan,Action:GET,Method:LoadCycleCodeList,User:admin,UnitID:2
2023-10-19 11:28:53.4334|INFO|PIVF.Web.Api.EMR.FemaleHistory.FollicularScanController|Controller Name:FollicularScan,Action:GET,Method:GetSingleFollicularScan,User:admin,UnitID:2
2023-10-19 11:28:53.4334|INFO|PIVF.Web.Api.EMR.FemaleHistory.FollicularScanController|Controller Name:FollicularScan,Action:GET,Method:GetSingleFollicularScan,User:admin,UnitID:2
