2022-09-26 16:11:48.7617|ERROR|PIVF.Web.Api.Master.Configuration.UserAPIController|UserAPI/GetGrandParentList MessageObject reference not set to an instance of an object.,StackTrace:   at PIVF.Web.Api.Master.Configuration.UserAPIController.GetGrandParentList() in D:\Gauri\GIT\Multiply_IVF\multiply_ivf_10\src\Ganesha\PIVF.Web\Api\Master\Configuration\UserAPIController.cs:line 59
2022-09-26 16:11:48.8006|ERROR|PIVF.Web.Api.Master.Configuration.UserAPIController|UserAPI/GetUserRoleRights MessageObject reference not set to an instance of an object.,StackTrace:   at PIVF.Web.Api.Master.Configuration.UserAPIController.GetUserRoleRights() in D:\Gauri\GIT\Multiply_IVF\multiply_ivf_10\src\Ganesha\PIVF.Web\Api\Master\Configuration\UserAPIController.cs:line 398
2022-09-26 16:11:49.0515|ERROR|PIVF.Web.Api.QueueMgt.QueueMgtController|QueueMgt/GetQueueList MessageObject reference not set to an instance of an object.,StackTrace:   at PIVF.Web.Api.QueueMgt.QueueMgtController.GetQueueList(String[] Que) in D:\Gauri\GIT\Multiply_IVF\multiply_ivf_10\src\Ganesha\PIVF.Web\Api\QueueMgt\QueueMgtController.cs:line 33
2022-09-26 16:11:49.0515|ERROR|PIVF.Web.Api.Master.Common.CommonController|3_Exc: Common/GetDepartmentList MessageObject reference not set to an instance of an object.,StackTrace:   at PIVF.Web.Api.Master.Common.CommonController.GetDepartmentList() in D:\Gauri\GIT\Multiply_IVF\multiply_ivf_10\src\Ganesha\PIVF.Web\Api\Master\Common\CommonController.cs:line 485,InnerExc:
2022-09-26 16:12:05.9445|INFO|PIVF.Web.Api.Master.Common.CommonController|1_Controller Name:CommonController,Action:HttpGet,Method:GetDepartmentList,User:multiplyadmin,UnitID:2
2022-09-26 16:12:05.9445|INFO|PIVF.Web.Api.Master.Common.CommonController|1_Controller Name:CommonController,Action:HttpGet,Method:GetDepartmentList,User:multiplyadmin,UnitID:2
2022-09-26 16:12:06.2813|INFO|PIVF.Web.Api.Master.Common.CommonController|1_Controller Name:CommonController,Action:HttpGet,Method:GetSpeclRegTypeList,User:multiplyadmin,UnitID:2
2022-09-26 16:12:06.2813|INFO|PIVF.Web.Api.Master.Common.CommonController|1_Controller Name:CommonController,Action:HttpGet,Method:GetSpeclRegTypeList,User:multiplyadmin,UnitID:2
2022-09-26 16:12:06.3153|INFO|PIVF.Web.Api.QueueMgt.QueueMgtController|Controller Name:QueueMgt,Action:HttpPost,Method:GetQueueList,User:multiplyadmin,UnitID:2
2022-09-26 16:12:06.3153|INFO|PIVF.Web.Api.QueueMgt.QueueMgtController|Controller Name:QueueMgt,Action:HttpPost,Method:GetQueueList,User:multiplyadmin,UnitID:2
2022-09-26 16:12:06.4582|INFO|PIVF.Web.Api.Master.Common.CommonController|1_Controller Name:CommonController,Action:HttpGet,Method:GetDoctorsList,User:multiplyadmin,UnitID:2
2022-09-26 16:12:06.4582|INFO|PIVF.Web.Api.Master.Common.CommonController|1_Controller Name:CommonController,Action:HttpGet,Method:GetDoctorsList,User:multiplyadmin,UnitID:2
2022-09-26 16:12:06.8440|INFO|PIVF.Web.Api.Master.Configuration.UserAPIController|Controller Name:UserAPI,Action:HttpGet,Method:GetGrandParentList,User:multiplyadmin,UnitID:2
2022-09-26 16:12:06.8440|INFO|PIVF.Web.Api.Master.Configuration.UserAPIController|Controller Name:UserAPI,Action:HttpGet,Method:GetGrandParentList,User:multiplyadmin,UnitID:2
2022-09-26 16:12:07.8504|INFO|PIVF.Web.Api.Master.Configuration.UserAPIController|Controller Name:UserAPI,Action:HttpGet,Method:GetUserRoleRights,User:multiplyadmin,UnitID:2
2022-09-26 16:12:07.8504|INFO|PIVF.Web.Api.Master.Configuration.UserAPIController|Controller Name:UserAPI,Action:HttpGet,Method:GetUserRoleRights,User:multiplyadmin,UnitID:2
2022-09-26 16:12:07.9734|INFO|PIVF.Web.Api.Master.Configuration.UserAPIController|Controller Name:UserAPI,Action:HttpGet,Method:GetParentList,User:multiplyadmin,UnitID:2
2022-09-26 16:12:07.9734|INFO|PIVF.Web.Api.Master.Configuration.UserAPIController|Controller Name:UserAPI,Action:HttpGet,Method:GetParentList,User:multiplyadmin,UnitID:2
2022-09-26 16:12:08.0004|INFO|PIVF.Web.Api.Master.Configuration.UserAPIController|Controller Name:UserAPI,Action:HttpGet,Method:GetParentList,User:multiplyadmin,UnitID:2
2022-09-26 16:12:08.0004|INFO|PIVF.Web.Api.Master.Configuration.UserAPIController|Controller Name:UserAPI,Action:HttpGet,Method:GetParentList,User:multiplyadmin,UnitID:2
2022-09-26 16:12:10.3520|INFO|PIVF.Web.Api.QueueMgt.QueueMgtController|Controller Name:QueueMgt,Action:HttpPost,Method:GetQueueList,User:multiplyadmin,UnitID:2
2022-09-26 16:12:10.3520|INFO|PIVF.Web.Api.QueueMgt.QueueMgtController|Controller Name:QueueMgt,Action:HttpPost,Method:GetQueueList,User:multiplyadmin,UnitID:2
2022-09-26 16:12:10.7338|INFO|PIVF.Web.Api.Billing.BillingAPIController|Controller Name:BillingAPI,Action:GET,Method:GetPatientDetails,User:multiplyadmin,UnitID:2
2022-09-26 16:12:10.7338|INFO|PIVF.Web.Api.Billing.BillingAPIController|Controller Name:BillingAPI,Action:GET,Method:GetPatientDetails,User:multiplyadmin,UnitID:2
2022-09-26 16:12:10.8807|INFO|PIVF.Web.Api.Master.Common.CommonController|1_Controller Name:CommonController,Action:HttpGet,Method:GetDoctorsList,User:multiplyadmin,UnitID:2
2022-09-26 16:12:10.8807|INFO|PIVF.Web.Api.Master.Common.CommonController|1_Controller Name:CommonController,Action:HttpGet,Method:GetDoctorsList,User:multiplyadmin,UnitID:2
2022-09-26 16:12:11.0426|INFO|PIVF.Web.Api.Master.Common.CommonController|1_Controller Name:CommonController,Action:HttpGet,Method:GetDoctorsList,User:multiplyadmin,UnitID:2
2022-09-26 16:12:11.0426|INFO|PIVF.Web.Api.Master.Common.CommonController|1_Controller Name:CommonController,Action:HttpGet,Method:GetDoctorsList,User:multiplyadmin,UnitID:2
2022-09-26 16:12:11.2615|INFO|PIVF.Web.Api.Billing.BillingAPIController|Controller Name:BillingAPI,Action:GET,Method:GetServiceList,User:multiplyadmin,UnitID:2
2022-09-26 16:12:11.2615|INFO|PIVF.Web.Api.Billing.BillingAPIController|Controller Name:BillingAPI,Action:GET,Method:GetServiceList,User:multiplyadmin,UnitID:2
2022-09-26 16:12:11.8904|INFO|PIVF.Web.Api.Master.Common.CommonController|1_Controller Name:CommonController,Action:HttpGet,Method:GetDepartmentList,User:multiplyadmin,UnitID:2
2022-09-26 16:12:11.8904|INFO|PIVF.Web.Api.Master.Common.CommonController|1_Controller Name:CommonController,Action:HttpGet,Method:GetDepartmentList,User:multiplyadmin,UnitID:2
2022-09-26 16:12:12.3971|INFO|PIVF.Web.Api.Master.Common.CommonController|1_Controller Name:CommonController,Action:HttpGet,Method:GetSpeclRegTypeList,User:multiplyadmin,UnitID:2
2022-09-26 16:12:12.3971|INFO|PIVF.Web.Api.Master.Common.CommonController|1_Controller Name:CommonController,Action:HttpGet,Method:GetSpeclRegTypeList,User:multiplyadmin,UnitID:2
2022-09-26 16:12:21.3084|INFO|PIVF.Web.Api.Master.Common.CommonController|1_Controller Name:CommonController,Action:HttpGet,Method:GetDoctorsList,User:multiplyadmin,UnitID:2
2022-09-26 16:12:21.3084|INFO|PIVF.Web.Api.Master.Common.CommonController|1_Controller Name:CommonController,Action:HttpGet,Method:GetDoctorsList,User:multiplyadmin,UnitID:2
2022-09-26 16:13:22.3580|INFO|PIVF.Web.Api.Billing.BillingAPIController|Controller Name:BillingAPI,Action:POST,Method:SaveBill,User:multiplyadmin,UnitID:2
2022-09-26 16:13:22.3580|INFO|PIVF.Web.Api.Billing.BillingAPIController|Controller Name:BillingAPI,Action:POST,Method:SaveBill,User:multiplyadmin,UnitID:2
2022-09-26 16:18:00.9524|INFO|PIVF.Web.Api.Master.Common.CommonController|1_Controller Name:CommonController,Action:HttpGet,Method:GetDoctorsList,User:multiplyadmin,UnitID:2
2022-09-26 16:18:00.9524|INFO|PIVF.Web.Api.Master.Common.CommonController|1_Controller Name:CommonController,Action:HttpGet,Method:GetDoctorsList,User:multiplyadmin,UnitID:2
2022-09-26 16:18:01.4861|INFO|PIVF.Web.Api.Master.Common.CommonController|1_Controller Name:CommonController,Action:HttpGet,Method:GetSpeclRegTypeList,User:multiplyadmin,UnitID:2
2022-09-26 16:18:01.4861|INFO|PIVF.Web.Api.Master.Common.CommonController|1_Controller Name:CommonController,Action:HttpGet,Method:GetSpeclRegTypeList,User:multiplyadmin,UnitID:2
2022-09-26 16:18:02.0667|INFO|PIVF.Web.Api.Master.Common.CommonController|1_Controller Name:CommonController,Action:HttpGet,Method:GetDepartmentList,User:multiplyadmin,UnitID:2
2022-09-26 16:18:02.0667|INFO|PIVF.Web.Api.Master.Common.CommonController|1_Controller Name:CommonController,Action:HttpGet,Method:GetDepartmentList,User:multiplyadmin,UnitID:2
2022-09-26 16:18:02.5825|INFO|PIVF.Web.Api.QueueMgt.QueueMgtController|Controller Name:QueueMgt,Action:HttpPost,Method:GetQueueList,User:multiplyadmin,UnitID:2
2022-09-26 16:18:02.5825|INFO|PIVF.Web.Api.QueueMgt.QueueMgtController|Controller Name:QueueMgt,Action:HttpPost,Method:GetQueueList,User:multiplyadmin,UnitID:2
2022-09-26 16:18:14.1500|INFO|PIVF.Web.Api.Master.Configuration.UserAPIController|Controller Name:UserAPI,Action:HttpGet,Method:GetUserRoleRights,User:multiplyadmin,UnitID:2
2022-09-26 16:18:14.1500|INFO|PIVF.Web.Api.Master.Configuration.UserAPIController|Controller Name:UserAPI,Action:HttpGet,Method:GetUserRoleRights,User:multiplyadmin,UnitID:2
2022-09-26 16:19:00.2096|INFO|PIVF.Web.Api.Master.Configuration.UserAPIController|Controller Name:UserAPI,Action:HttpGet,Method:GetParentList,User:multiplyadmin,UnitID:2
2022-09-26 16:19:00.2096|INFO|PIVF.Web.Api.Master.Configuration.UserAPIController|Controller Name:UserAPI,Action:HttpGet,Method:GetParentList,User:multiplyadmin,UnitID:2
2022-09-26 16:19:00.9310|INFO|PIVF.Web.Api.QueueMgt.QueueMgtController|Controller Name:QueueMgt,Action:HttpPost,Method:GetQueueList,User:multiplyadmin,UnitID:2
2022-09-26 16:19:00.9310|INFO|PIVF.Web.Api.QueueMgt.QueueMgtController|Controller Name:QueueMgt,Action:HttpPost,Method:GetQueueList,User:multiplyadmin,UnitID:2
2022-09-26 16:19:01.0150|INFO|PIVF.Web.Api.Master.Common.CommonController|1_Controller Name:CommonController,Action:HttpGet,Method:GetDoctorsList,User:multiplyadmin,UnitID:2
2022-09-26 16:19:01.0150|INFO|PIVF.Web.Api.Master.Common.CommonController|1_Controller Name:CommonController,Action:HttpGet,Method:GetDoctorsList,User:multiplyadmin,UnitID:2
2022-09-26 16:19:01.0699|INFO|PIVF.Web.Api.Master.Common.CommonController|1_Controller Name:CommonController,Action:HttpGet,Method:GetSpeclRegTypeList,User:multiplyadmin,UnitID:2
2022-09-26 16:19:01.0699|INFO|PIVF.Web.Api.Master.Common.CommonController|1_Controller Name:CommonController,Action:HttpGet,Method:GetSpeclRegTypeList,User:multiplyadmin,UnitID:2
2022-09-26 16:19:01.4428|INFO|PIVF.Web.Api.Master.Common.CommonController|1_Controller Name:CommonController,Action:HttpGet,Method:GetDepartmentList,User:multiplyadmin,UnitID:2
2022-09-26 16:19:01.4428|INFO|PIVF.Web.Api.Master.Common.CommonController|1_Controller Name:CommonController,Action:HttpGet,Method:GetDepartmentList,User:multiplyadmin,UnitID:2
2022-09-26 16:19:14.9904|INFO|PIVF.Web.Api.Master.Configuration.UserAPIController|Controller Name:UserAPI,Action:HttpGet,Method:GetGrandParentList,User:multiplyadmin,UnitID:2
2022-09-26 16:19:14.9904|INFO|PIVF.Web.Api.Master.Configuration.UserAPIController|Controller Name:UserAPI,Action:HttpGet,Method:GetGrandParentList,User:multiplyadmin,UnitID:2
2022-09-26 16:19:51.4634|INFO|PIVF.Web.Api.Master.Configuration.UserAPIController|Controller Name:UserAPI,Action:HttpGet,Method:GetParentList,User:multiplyadmin,UnitID:2
2022-09-26 16:19:51.4634|INFO|PIVF.Web.Api.Master.Configuration.UserAPIController|Controller Name:UserAPI,Action:HttpGet,Method:GetParentList,User:multiplyadmin,UnitID:2
2022-09-26 16:19:54.9166|INFO|PIVF.Web.Api.Billing.BillingAPIController|Controller Name:BillingAPI,Action:GET,Method:GetPatientDetails,User:multiplyadmin,UnitID:2
2022-09-26 16:19:54.9166|INFO|PIVF.Web.Api.Billing.BillingAPIController|Controller Name:BillingAPI,Action:GET,Method:GetPatientDetails,User:multiplyadmin,UnitID:2
2022-09-26 16:19:55.4303|INFO|PIVF.Web.Api.Master.Common.CommonController|1_Controller Name:CommonController,Action:HttpGet,Method:GetDoctorsList,User:multiplyadmin,UnitID:2
2022-09-26 16:19:55.4303|INFO|PIVF.Web.Api.Master.Common.CommonController|1_Controller Name:CommonController,Action:HttpGet,Method:GetDoctorsList,User:multiplyadmin,UnitID:2
2022-09-26 16:19:55.9370|INFO|PIVF.Web.Api.Billing.BillingAPIController|Controller Name:BillingAPI,Action:GET,Method:GetServiceList,User:multiplyadmin,UnitID:2
2022-09-26 16:19:55.9370|INFO|PIVF.Web.Api.Billing.BillingAPIController|Controller Name:BillingAPI,Action:GET,Method:GetServiceList,User:multiplyadmin,UnitID:2
2022-09-26 16:19:59.5329|INFO|PIVF.Web.Api.Master.Common.CommonController|1_Controller Name:CommonController,Action:HttpGet,Method:GetDoctorsList,User:multiplyadmin,UnitID:2
2022-09-26 16:19:59.5329|INFO|PIVF.Web.Api.Master.Common.CommonController|1_Controller Name:CommonController,Action:HttpGet,Method:GetDoctorsList,User:multiplyadmin,UnitID:2
2022-09-26 16:20:25.0844|INFO|PIVF.Web.Api.Billing.BillingAPIController|Controller Name:BillingAPI,Action:POST,Method:SaveBill,User:multiplyadmin,UnitID:2
2022-09-26 16:20:25.0844|INFO|PIVF.Web.Api.Billing.BillingAPIController|Controller Name:BillingAPI,Action:POST,Method:SaveBill,User:multiplyadmin,UnitID:2
2022-09-26 16:20:38.4414|INFO|PIVF.Web.Api.Billing.BillingAPIController|Controller Name:BillingAPI,Action:POST,Method:SaveBill,User:multiplyadmin,UnitID:2
2022-09-26 16:20:38.4414|INFO|PIVF.Web.Api.Billing.BillingAPIController|Controller Name:BillingAPI,Action:POST,Method:SaveBill,User:multiplyadmin,UnitID:2
2022-09-26 16:28:11.3004|INFO|PIVF.Web.Api.Billing.BillingAPIController|Controller Name:BillingAPI,Action:POST,Method:SaveBill,User:multiplyadmin,UnitID:2
2022-09-26 16:28:11.3004|INFO|PIVF.Web.Api.Billing.BillingAPIController|Controller Name:BillingAPI,Action:POST,Method:SaveBill,User:multiplyadmin,UnitID:2
2022-09-26 16:32:04.5905|INFO|PIVF.Web.Api.Billing.BillingAPIController|Controller Name:BillingAPI,Action:POST,Method:SaveBill,User:multiplyadmin,UnitID:2
2022-09-26 16:32:04.5905|INFO|PIVF.Web.Api.Billing.BillingAPIController|Controller Name:BillingAPI,Action:POST,Method:SaveBill,User:multiplyadmin,UnitID:2
2022-09-26 16:37:19.6287|INFO|PIVF.Web.Api.Billing.BillingAPIController|Controller Name:BillingAPI,Action:POST,Method:SaveBill,User:multiplyadmin,UnitID:2
2022-09-26 16:37:19.6287|INFO|PIVF.Web.Api.Billing.BillingAPIController|Controller Name:BillingAPI,Action:POST,Method:SaveBill,User:multiplyadmin,UnitID:2
2022-09-26 17:04:00.5224|ERROR|PIVF.Web.Api.Billing.BillingAPIController|BillingAPI/SaveBill,MessageObject reference not set to an instance of an object.,StackTrace:   at PIVF.Web.Api.Billing.BillingAPIController.SaveBill(BillVO BillVO) in D:\Gauri\GIT\Multiply_IVF\multiply_ivf_10\src\Ganesha\PIVF.Web\Api\Billing\BillingAPIController.cs:line 154
2022-09-26 17:05:02.9254|INFO|PIVF.Web.Api.Billing.BillingAPIController|Controller Name:BillingAPI,Action:POST,Method:SaveBill,User:multiplyadmin,UnitID:2
2022-09-26 17:05:02.9254|INFO|PIVF.Web.Api.Billing.BillingAPIController|Controller Name:BillingAPI,Action:POST,Method:SaveBill,User:multiplyadmin,UnitID:2
2022-09-26 17:05:26.4151|INFO|PIVF.Web.Api.Billing.BillingAPIController|Controller Name:BillingAPI,Action:POST,Method:SaveBill,User:multiplyadmin,UnitID:2
2022-09-26 17:05:26.4151|INFO|PIVF.Web.Api.Billing.BillingAPIController|Controller Name:BillingAPI,Action:POST,Method:SaveBill,User:multiplyadmin,UnitID:2
2022-09-26 17:05:53.3589|INFO|PIVF.Web.Api.Billing.BillingAPIController|Controller Name:BillingAPI,Action:POST,Method:SaveBill,User:multiplyadmin,UnitID:2
2022-09-26 17:05:53.3589|INFO|PIVF.Web.Api.Billing.BillingAPIController|Controller Name:BillingAPI,Action:POST,Method:SaveBill,User:multiplyadmin,UnitID:2
2022-09-26 17:06:07.2988|INFO|PIVF.Web.Api.Billing.BillingAPIController|Controller Name:BillingAPI,Action:POST,Method:SaveBill,User:multiplyadmin,UnitID:2
2022-09-26 17:06:07.2988|INFO|PIVF.Web.Api.Billing.BillingAPIController|Controller Name:BillingAPI,Action:POST,Method:SaveBill,User:multiplyadmin,UnitID:2
2022-09-26 17:08:08.7675|INFO|PIVF.Web.Api.Master.Configuration.UserAPIController|Controller Name:UserAPI,Action:HttpGet,Method:GetGrandParentList,User:multiplyadmin,UnitID:2
2022-09-26 17:08:08.7675|INFO|PIVF.Web.Api.Master.Configuration.UserAPIController|Controller Name:UserAPI,Action:HttpGet,Method:GetGrandParentList,User:multiplyadmin,UnitID:2
2022-09-26 17:08:08.8964|INFO|PIVF.Web.Api.Master.Common.CommonController|1_Controller Name:CommonController,Action:HttpGet,Method:GetDepartmentList,User:multiplyadmin,UnitID:2
2022-09-26 17:08:08.8964|INFO|PIVF.Web.Api.Master.Common.CommonController|1_Controller Name:CommonController,Action:HttpGet,Method:GetDepartmentList,User:multiplyadmin,UnitID:2
2022-09-26 17:08:08.9524|INFO|PIVF.Web.Api.Master.Common.CommonController|1_Controller Name:CommonController,Action:HttpGet,Method:GetDoctorsList,User:multiplyadmin,UnitID:2
2022-09-26 17:08:08.9524|INFO|PIVF.Web.Api.Master.Common.CommonController|1_Controller Name:CommonController,Action:HttpGet,Method:GetDoctorsList,User:multiplyadmin,UnitID:2
2022-09-26 17:08:09.2952|INFO|PIVF.Web.Api.Master.Common.CommonController|1_Controller Name:CommonController,Action:HttpGet,Method:GetSpeclRegTypeList,User:multiplyadmin,UnitID:2
2022-09-26 17:08:09.2952|INFO|PIVF.Web.Api.Master.Common.CommonController|1_Controller Name:CommonController,Action:HttpGet,Method:GetSpeclRegTypeList,User:multiplyadmin,UnitID:2
2022-09-26 17:08:09.8698|INFO|PIVF.Web.Api.QueueMgt.QueueMgtController|Controller Name:QueueMgt,Action:HttpPost,Method:GetQueueList,User:multiplyadmin,UnitID:2
2022-09-26 17:08:09.8698|INFO|PIVF.Web.Api.QueueMgt.QueueMgtController|Controller Name:QueueMgt,Action:HttpPost,Method:GetQueueList,User:multiplyadmin,UnitID:2
2022-09-26 17:08:10.3046|INFO|PIVF.Web.Api.Master.Configuration.UserAPIController|Controller Name:UserAPI,Action:HttpGet,Method:GetParentList,User:multiplyadmin,UnitID:2
2022-09-26 17:08:10.3046|INFO|PIVF.Web.Api.Master.Configuration.UserAPIController|Controller Name:UserAPI,Action:HttpGet,Method:GetParentList,User:multiplyadmin,UnitID:2
2022-09-26 17:08:10.3566|INFO|PIVF.Web.Api.Master.Configuration.UserAPIController|Controller Name:UserAPI,Action:HttpGet,Method:GetParentList,User:multiplyadmin,UnitID:2
2022-09-26 17:08:10.3566|INFO|PIVF.Web.Api.Master.Configuration.UserAPIController|Controller Name:UserAPI,Action:HttpGet,Method:GetParentList,User:multiplyadmin,UnitID:2
2022-09-26 17:08:10.8353|INFO|PIVF.Web.Api.Master.Configuration.UserAPIController|Controller Name:UserAPI,Action:HttpGet,Method:GetUserRoleRights,User:multiplyadmin,UnitID:2
2022-09-26 17:08:10.8353|INFO|PIVF.Web.Api.Master.Configuration.UserAPIController|Controller Name:UserAPI,Action:HttpGet,Method:GetUserRoleRights,User:multiplyadmin,UnitID:2
2022-09-26 17:08:23.9817|INFO|PIVF.Web.Api.Billing.BillingAPIController|Controller Name:BillingAPI,Action:GET,Method:GetPatientDetails,User:multiplyadmin,UnitID:2
2022-09-26 17:08:23.9817|INFO|PIVF.Web.Api.Billing.BillingAPIController|Controller Name:BillingAPI,Action:GET,Method:GetPatientDetails,User:multiplyadmin,UnitID:2
2022-09-26 17:08:24.5074|INFO|PIVF.Web.Api.Billing.BillingAPIController|Controller Name:BillingAPI,Action:GET,Method:GetServiceList,User:multiplyadmin,UnitID:2
2022-09-26 17:08:24.5074|INFO|PIVF.Web.Api.Billing.BillingAPIController|Controller Name:BillingAPI,Action:GET,Method:GetServiceList,User:multiplyadmin,UnitID:2
2022-09-26 17:08:24.9832|INFO|PIVF.Web.Api.Master.Common.CommonController|1_Controller Name:CommonController,Action:HttpGet,Method:GetDoctorsList,User:multiplyadmin,UnitID:2
2022-09-26 17:08:24.9832|INFO|PIVF.Web.Api.Master.Common.CommonController|1_Controller Name:CommonController,Action:HttpGet,Method:GetDoctorsList,User:multiplyadmin,UnitID:2
2022-09-26 17:08:27.7666|INFO|PIVF.Web.Api.Master.Common.CommonController|1_Controller Name:CommonController,Action:HttpGet,Method:GetDoctorsList,User:multiplyadmin,UnitID:2
2022-09-26 17:08:27.7666|INFO|PIVF.Web.Api.Master.Common.CommonController|1_Controller Name:CommonController,Action:HttpGet,Method:GetDoctorsList,User:multiplyadmin,UnitID:2
2022-09-26 17:08:38.0361|INFO|PIVF.Web.Api.Billing.BillingAPIController|Controller Name:BillingAPI,Action:POST,Method:SaveBill,User:multiplyadmin,UnitID:2
2022-09-26 17:08:38.0361|INFO|PIVF.Web.Api.Billing.BillingAPIController|Controller Name:BillingAPI,Action:POST,Method:SaveBill,User:multiplyadmin,UnitID:2
2022-09-26 17:09:04.8422|INFO|PIVF.Web.Api.Billing.BillingAPIController|Controller Name:BillingCtrl,Action:HttpPost,Method:GetBillList,User:multiplyadmin,UnitID:2
2022-09-26 17:09:04.8422|INFO|PIVF.Web.Api.Billing.BillingAPIController|Controller Name:BillingCtrl,Action:HttpPost,Method:GetBillList,User:multiplyadmin,UnitID:2
2022-09-26 17:09:09.8194|INFO|PIVF.Web.Api.Billing.BillingAPIController|Controller Name:BillingAPI,Action:GET,Method:GetSavedBillList,User:multiplyadmin,UnitID:2
2022-09-26 17:09:09.8194|INFO|PIVF.Web.Api.Billing.BillingAPIController|Controller Name:BillingAPI,Action:GET,Method:GetSavedBillList,User:multiplyadmin,UnitID:2
2022-09-26 17:09:10.6300|INFO|PIVF.Web.Api.Billing.BillingAPIController|Controller Name:BillingAPI,Action:GET,Method:GetServiceList,User:multiplyadmin,UnitID:2
2022-09-26 17:09:10.6300|INFO|PIVF.Web.Api.Billing.BillingAPIController|Controller Name:BillingAPI,Action:GET,Method:GetServiceList,User:multiplyadmin,UnitID:2
2022-09-26 17:09:11.1397|INFO|PIVF.Web.Api.Master.Common.CommonController|1_Controller Name:CommonController,Action:HttpGet,Method:GetDoctorsList,User:multiplyadmin,UnitID:2
2022-09-26 17:09:11.1397|INFO|PIVF.Web.Api.Master.Common.CommonController|1_Controller Name:CommonController,Action:HttpGet,Method:GetDoctorsList,User:multiplyadmin,UnitID:2
2022-09-26 17:09:11.1557|INFO|PIVF.Web.Api.Billing.BillingAPIController|Controller Name:BillingAPI,Action:GET,Method:GetPatientDetails,User:multiplyadmin,UnitID:2
2022-09-26 17:09:11.1557|INFO|PIVF.Web.Api.Billing.BillingAPIController|Controller Name:BillingAPI,Action:GET,Method:GetPatientDetails,User:multiplyadmin,UnitID:2
2022-09-26 18:12:41.8634|INFO|PIVF.Web.Api.Master.Common.CommonController|Controller Name:Common,Action:GET,Method:GetActiveVisitByPatient,User:multiplyadmin,UnitID:2
2022-09-26 18:12:41.8634|INFO|PIVF.Web.Api.Master.Common.CommonController|Controller Name:Common,Action:GET,Method:GetActiveVisitByPatient,User:multiplyadmin,UnitID:2
2022-09-26 18:12:41.9843|INFO|PIVF.Web.Api.Master.Common.CommonController|Controller Name:Common,Action:GET,Method:GetActiveVisitByPatient,User:multiplyadmin,UnitID:2
2022-09-26 18:12:41.9843|INFO|PIVF.Web.Api.Master.Common.CommonController|Controller Name:Common,Action:GET,Method:GetActiveVisitByPatient,User:multiplyadmin,UnitID:2
2022-09-26 18:13:14.3030|INFO|PIVF.Web.Api.Master.Common.CommonController|Controller Name:Common,Action:POST,Method:PutSelectedvisitByPatient,User:multiplyadmin,UnitID:2
2022-09-26 18:13:14.3030|INFO|PIVF.Web.Api.Master.Common.CommonController|Controller Name:Common,Action:POST,Method:PutSelectedvisitByPatient,User:multiplyadmin,UnitID:2
2022-09-26 18:13:18.0184|INFO|PIVF.Web.Api.New_ART.NewARTController|Controller Name:NewART,Action:GET,Method:newCyclebtnFlag,User:multiplyadmin,UnitID:2
2022-09-26 18:13:18.0184|INFO|PIVF.Web.Api.New_ART.NewARTController|Controller Name:NewART,Action:GET,Method:newCyclebtnFlag,User:multiplyadmin,UnitID:2
2022-09-26 18:13:18.4831|INFO|PIVF.Web.Api.New_ART.NewARTController|Controller Name:NewART,Action:GET,Method:GetARTCycleList,User:multiplyadmin,UnitID:2
2022-09-26 18:13:18.4831|INFO|PIVF.Web.Api.New_ART.NewARTController|Controller Name:NewART,Action:GET,Method:GetARTCycleList,User:multiplyadmin,UnitID:2
2022-09-26 18:23:58.4874|INFO|PIVF.Web.Api.Master.Configuration.UserAPIController|Controller Name:UserAPI,Action:HttpGet,Method:GetGrandParentList,User:multiplyadmin,UnitID:2
2022-09-26 18:23:58.4874|INFO|PIVF.Web.Api.Master.Configuration.UserAPIController|Controller Name:UserAPI,Action:HttpGet,Method:GetGrandParentList,User:multiplyadmin,UnitID:2
2022-09-26 18:24:03.3624|INFO|PIVF.Web.Api.QueueMgt.QueueMgtController|Controller Name:QueueMgt,Action:HttpPost,Method:GetQueueList,User:multiplyadmin,UnitID:2
2022-09-26 18:24:03.3624|INFO|PIVF.Web.Api.QueueMgt.QueueMgtController|Controller Name:QueueMgt,Action:HttpPost,Method:GetQueueList,User:multiplyadmin,UnitID:2
2022-09-26 18:24:03.8292|INFO|PIVF.Web.Api.Master.Common.CommonController|1_Controller Name:CommonController,Action:HttpGet,Method:GetSpeclRegTypeList,User:multiplyadmin,UnitID:2
2022-09-26 18:24:03.8292|INFO|PIVF.Web.Api.Master.Common.CommonController|1_Controller Name:CommonController,Action:HttpGet,Method:GetSpeclRegTypeList,User:multiplyadmin,UnitID:2
2022-09-26 18:24:03.9574|INFO|PIVF.Web.Api.Master.Common.CommonController|1_Controller Name:CommonController,Action:HttpGet,Method:GetDepartmentList,User:multiplyadmin,UnitID:2
2022-09-26 18:24:03.9574|INFO|PIVF.Web.Api.Master.Common.CommonController|1_Controller Name:CommonController,Action:HttpGet,Method:GetDepartmentList,User:multiplyadmin,UnitID:2
2022-09-26 18:24:04.0693|INFO|PIVF.Web.Api.Master.Common.CommonController|1_Controller Name:CommonController,Action:HttpGet,Method:GetDoctorsList,User:multiplyadmin,UnitID:2
2022-09-26 18:24:04.0693|INFO|PIVF.Web.Api.Master.Common.CommonController|1_Controller Name:CommonController,Action:HttpGet,Method:GetDoctorsList,User:multiplyadmin,UnitID:2
2022-09-26 18:24:06.0988|INFO|PIVF.Web.Api.Master.Configuration.UserAPIController|Controller Name:UserAPI,Action:HttpGet,Method:GetUserRoleRights,User:multiplyadmin,UnitID:2
2022-09-26 18:24:06.0988|INFO|PIVF.Web.Api.Master.Configuration.UserAPIController|Controller Name:UserAPI,Action:HttpGet,Method:GetUserRoleRights,User:multiplyadmin,UnitID:2
2022-09-26 18:24:12.6224|INFO|PIVF.Web.Api.Master.Configuration.UserAPIController|Controller Name:UserAPI,Action:HttpGet,Method:GetParentList,User:multiplyadmin,UnitID:2
2022-09-26 18:24:12.6224|INFO|PIVF.Web.Api.Master.Configuration.UserAPIController|Controller Name:UserAPI,Action:HttpGet,Method:GetParentList,User:multiplyadmin,UnitID:2
2022-09-26 18:24:12.6644|INFO|PIVF.Web.Api.Master.Configuration.UserAPIController|Controller Name:UserAPI,Action:HttpGet,Method:GetParentList,User:multiplyadmin,UnitID:2
2022-09-26 18:24:12.6644|INFO|PIVF.Web.Api.Master.Configuration.UserAPIController|Controller Name:UserAPI,Action:HttpGet,Method:GetParentList,User:multiplyadmin,UnitID:2
2022-09-26 18:24:27.6954|INFO|PIVF.Web.Api.Master.Common.CommonController|Controller Name:Common,Action:GET,Method:GetActiveVisitByPatient,User:multiplyadmin,UnitID:2
2022-09-26 18:24:27.6954|INFO|PIVF.Web.Api.Master.Common.CommonController|Controller Name:Common,Action:GET,Method:GetActiveVisitByPatient,User:multiplyadmin,UnitID:2
2022-09-26 18:24:28.4920|INFO|PIVF.Web.Api.Master.Common.CommonController|Controller Name:Common,Action:GET,Method:GetActiveVisitByPatient,User:multiplyadmin,UnitID:2
2022-09-26 18:24:28.4920|INFO|PIVF.Web.Api.Master.Common.CommonController|Controller Name:Common,Action:GET,Method:GetActiveVisitByPatient,User:multiplyadmin,UnitID:2
2022-09-26 18:24:33.0392|INFO|PIVF.Web.Api.EMR.LandingPage.EMRLandingPageAPIController|Controller Name:EMRLandingPageAPI,Action:GET,Method:GetEMRLandingPageData,User:multiplyadmin,UnitID:2
2022-09-26 18:24:33.0392|INFO|PIVF.Web.Api.EMR.LandingPage.EMRLandingPageAPIController|Controller Name:EMRLandingPageAPI,Action:GET,Method:GetEMRLandingPageData,User:multiplyadmin,UnitID:2
