2021-07-26 16:50:55.2330|INFO|PIVF.Web.Api.Master.Configuration.UserAPIController|Controller Name:UserAPI,Action:HttpGet,Method:GetUserRoleRights,User:palash,UnitID:2
2021-07-26 16:50:55.2330|INFO|PIVF.Web.Api.Master.Configuration.UserAPIController|Controller Name:UserAPI,Action:HttpGet,Method:GetUserRoleRights,User:palash,UnitID:2
2021-07-26 16:50:59.7852|INFO|PIVF.Web.Api.Master.Configuration.UserAPIController|Controller Name:UserAPI,Action:HttpGet,Method:GetParentList,User:palash,UnitID:2
2021-07-26 16:50:59.7852|INFO|PIVF.Web.Api.Master.Configuration.UserAPIController|Controller Name:UserAPI,Action:HttpGet,Method:GetParentList,User:palash,UnitID:2
2021-07-26 16:51:00.2863|INFO|PIVF.Web.Api.Master.Configuration.UserAPIController|Controller Name:UserAPI,Action:HttpGet,Method:GetParentList,User:palash,UnitID:2
2021-07-26 16:51:00.2863|INFO|PIVF.Web.Api.Master.Configuration.UserAPIController|Controller Name:UserAPI,Action:HttpGet,Method:GetParentList,User:palash,UnitID:2
2021-07-26 16:51:00.9654|INFO|PIVF.Web.Api.Master.Configuration.UserAPIController|Controller Name:UserAPI,Action:HttpGet,Method:GetGrandParentList,User:palash,UnitID:2
2021-07-26 16:51:00.9654|INFO|PIVF.Web.Api.Master.Configuration.UserAPIController|Controller Name:UserAPI,Action:HttpGet,Method:GetGrandParentList,User:palash,UnitID:2
2021-07-26 16:51:01.0811|INFO|PIVF.Web.Api.Master.Common.CommonController|1_Controller Name:CommonController,Action:HttpGet,Method:GetSpeclRegTypeList,User:palash,UnitID:2
2021-07-26 16:51:01.0811|INFO|PIVF.Web.Api.Master.Common.CommonController|1_Controller Name:CommonController,Action:HttpGet,Method:GetSpeclRegTypeList,User:palash,UnitID:2
2021-07-26 16:51:02.5496|INFO|PIVF.Web.Api.Master.Common.CommonController|1_Controller Name:CommonController,Action:HttpGet,Method:GetDepartmentList,User:palash,UnitID:2
2021-07-26 16:51:02.5496|INFO|PIVF.Web.Api.Master.Common.CommonController|1_Controller Name:CommonController,Action:HttpGet,Method:GetDepartmentList,User:palash,UnitID:2
2021-07-26 16:51:03.5616|INFO|PIVF.Web.Api.QueueMgt.QueueMgtController|Controller Name:QueueMgt,Action:HttpPost,Method:GetQueueList,User:palash,UnitID:2
2021-07-26 16:51:03.5616|INFO|PIVF.Web.Api.QueueMgt.QueueMgtController|Controller Name:QueueMgt,Action:HttpPost,Method:GetQueueList,User:palash,UnitID:2
2021-07-26 16:51:05.0960|INFO|PIVF.Web.Api.Master.Common.CommonController|1_Controller Name:CommonController,Action:HttpGet,Method:GetDoctorsList,User:palash,UnitID:2
2021-07-26 16:51:05.0960|INFO|PIVF.Web.Api.Master.Common.CommonController|1_Controller Name:CommonController,Action:HttpGet,Method:GetDoctorsList,User:palash,UnitID:2
2021-07-26 16:51:18.3162|INFO|PIVF.Web.Api.Master.Configuration.UserAPIController|Controller Name:UserAPI,Action:HttpGet,Method:GetParentList,User:palash,UnitID:2
2021-07-26 16:51:18.3162|INFO|PIVF.Web.Api.Master.Configuration.UserAPIController|Controller Name:UserAPI,Action:HttpGet,Method:GetParentList,User:palash,UnitID:2
2021-07-26 16:51:24.7299|INFO|PIVF.Web.Api.Master.Configuration.UserRoleController|Controller Name:UserRole,Action:GET,Method:RoleList,User:palash,UnitID:2
2021-07-26 16:51:24.7299|INFO|PIVF.Web.Api.Master.Configuration.UserRoleController|Controller Name:UserRole,Action:GET,Method:RoleList,User:palash,UnitID:2
2021-07-26 16:51:39.0548|INFO|PIVF.Web.Api.Master.Configuration.UserRoleController|Controller Name:UserRole,Action:GET,Method:MenuList,User:palash,UnitID:2
2021-07-26 16:51:39.0548|INFO|PIVF.Web.Api.Master.Configuration.UserRoleController|Controller Name:UserRole,Action:GET,Method:MenuList,User:palash,UnitID:2
2021-07-26 16:51:39.1526|INFO|PIVF.Web.Api.Master.Configuration.UserRoleController|Controller Name:UserRole,Action:GET,Method:RoleDetails,User:palash,UnitID:2
2021-07-26 16:51:39.1526|INFO|PIVF.Web.Api.Master.Configuration.UserRoleController|Controller Name:UserRole,Action:GET,Method:RoleDetails,User:palash,UnitID:2
2021-07-26 16:53:22.9175|INFO|PIVF.Web.Api.Master.Configuration.UserRoleController|Controller Name:UserRole,Action:GET,Method:RoleList,User:palash,UnitID:2
2021-07-26 16:53:22.9175|INFO|PIVF.Web.Api.Master.Configuration.UserRoleController|Controller Name:UserRole,Action:GET,Method:RoleList,User:palash,UnitID:2
2021-07-26 16:53:31.7515|INFO|PIVF.Web.Api.Master.Configuration.UserRoleController|Controller Name:UserRole,Action:GET,Method:MenuList,User:palash,UnitID:2
2021-07-26 16:53:31.7515|INFO|PIVF.Web.Api.Master.Configuration.UserRoleController|Controller Name:UserRole,Action:GET,Method:MenuList,User:palash,UnitID:2
2021-07-26 16:53:31.8303|INFO|PIVF.Web.Api.Master.Configuration.UserRoleController|Controller Name:UserRole,Action:GET,Method:RoleDetails,User:palash,UnitID:2
2021-07-26 16:53:31.8303|INFO|PIVF.Web.Api.Master.Configuration.UserRoleController|Controller Name:UserRole,Action:GET,Method:RoleDetails,User:palash,UnitID:2
2021-07-26 16:53:53.8109|INFO|PIVF.Web.Api.Master.Configuration.UserRoleController|Controller Name:UserRole,Action:GET,Method:RoleList,User:palash,UnitID:2
2021-07-26 16:53:53.8109|INFO|PIVF.Web.Api.Master.Configuration.UserRoleController|Controller Name:UserRole,Action:GET,Method:RoleList,User:palash,UnitID:2
2021-07-26 16:53:59.3829|INFO|PIVF.Web.Api.Master.Configuration.UserRoleController|Controller Name:UserRole,Action:GET,Method:MenuList,User:palash,UnitID:2
2021-07-26 16:53:59.3829|INFO|PIVF.Web.Api.Master.Configuration.UserRoleController|Controller Name:UserRole,Action:GET,Method:MenuList,User:palash,UnitID:2
2021-07-26 16:53:59.4148|INFO|PIVF.Web.Api.Master.Configuration.UserRoleController|Controller Name:UserRole,Action:GET,Method:RoleDetails,User:palash,UnitID:2
2021-07-26 16:53:59.4148|INFO|PIVF.Web.Api.Master.Configuration.UserRoleController|Controller Name:UserRole,Action:GET,Method:RoleDetails,User:palash,UnitID:2
2021-07-26 16:54:31.6854|INFO|PIVF.Web.Api.Master.Configuration.UserRoleController|Controller Name:UserRole,Action:GET,Method:RoleList,User:palash,UnitID:2
2021-07-26 16:54:31.6854|INFO|PIVF.Web.Api.Master.Configuration.UserRoleController|Controller Name:UserRole,Action:GET,Method:RoleList,User:palash,UnitID:2
2021-07-26 16:54:49.3168|INFO|PIVF.Web.Api.Master.Configuration.UserRoleController|Controller Name:UserRole,Action:GET,Method:MenuList,User:palash,UnitID:2
2021-07-26 16:54:49.3168|INFO|PIVF.Web.Api.Master.Configuration.UserRoleController|Controller Name:UserRole,Action:GET,Method:MenuList,User:palash,UnitID:2
2021-07-26 16:54:49.4381|INFO|PIVF.Web.Api.Master.Configuration.UserRoleController|Controller Name:UserRole,Action:GET,Method:RoleDetails,User:palash,UnitID:2
2021-07-26 16:54:49.4381|INFO|PIVF.Web.Api.Master.Configuration.UserRoleController|Controller Name:UserRole,Action:GET,Method:RoleDetails,User:palash,UnitID:2
2021-07-26 17:08:49.7197|INFO|PIVF.Web.Api.Master.Configuration.UserRoleController|Controller Name:UserRole,Action:GET,Method:RoleList,User:palash,UnitID:2
2021-07-26 17:08:49.7197|INFO|PIVF.Web.Api.Master.Configuration.UserRoleController|Controller Name:UserRole,Action:GET,Method:RoleList,User:palash,UnitID:2
2021-07-26 17:18:17.1820|INFO|PIVF.Web.Api.Master.Configuration.UserRoleController|Controller Name:UserRole,Action:GET,Method:MenuList,User:palash,UnitID:2
2021-07-26 17:18:17.1820|INFO|PIVF.Web.Api.Master.Configuration.UserRoleController|Controller Name:UserRole,Action:GET,Method:MenuList,User:palash,UnitID:2
2021-07-26 17:18:17.2289|INFO|PIVF.Web.Api.Master.Configuration.UserRoleController|Controller Name:UserRole,Action:GET,Method:RoleDetails,User:palash,UnitID:2
2021-07-26 17:18:17.2289|INFO|PIVF.Web.Api.Master.Configuration.UserRoleController|Controller Name:UserRole,Action:GET,Method:RoleDetails,User:palash,UnitID:2
2021-07-26 17:19:24.4224|INFO|PIVF.Web.Api.Master.Configuration.UserRoleController|Controller Name:UserRole,Action:GET,Method:RoleList,User:palash,UnitID:2
2021-07-26 17:19:24.4224|INFO|PIVF.Web.Api.Master.Configuration.UserRoleController|Controller Name:UserRole,Action:GET,Method:RoleList,User:palash,UnitID:2
2021-07-26 17:19:30.3242|INFO|PIVF.Web.Api.Master.Configuration.UserAPIController|Controller Name:UserAPI,Action:HttpGet,Method:GetParentList,User:palash,UnitID:2
2021-07-26 17:19:30.3242|INFO|PIVF.Web.Api.Master.Configuration.UserAPIController|Controller Name:UserAPI,Action:HttpGet,Method:GetParentList,User:palash,UnitID:2
2021-07-26 17:19:40.4160|INFO|PIVF.Web.Api.Master.Configuration.UserAPIController|Controller Name:UserAPI,Action:HttpGet,Method:GetUserList,User:palash,UnitID:2
2021-07-26 17:19:40.4160|INFO|PIVF.Web.Api.Master.Configuration.UserAPIController|Controller Name:UserAPI,Action:HttpGet,Method:GetUserList,User:palash,UnitID:2
2021-07-26 17:19:40.9313|INFO|PIVF.Web.Api.Master.Configuration.UserAPIController|Controller Name:UserAPI,Action:HttpGet,Method:GetUnitList,User:palash,UnitID:2
2021-07-26 17:19:40.9313|INFO|PIVF.Web.Api.Master.Configuration.UserAPIController|Controller Name:UserAPI,Action:HttpGet,Method:GetUnitList,User:palash,UnitID:2
2021-07-26 17:19:41.4407|INFO|PIVF.Web.Api.Master.Configuration.UserAPIController|Controller Name:UserAPI,Action:HttpGet,Method:GetRoleList,User:palash,UnitID:2
2021-07-26 17:19:41.4407|INFO|PIVF.Web.Api.Master.Configuration.UserAPIController|Controller Name:UserAPI,Action:HttpGet,Method:GetRoleList,User:palash,UnitID:2
2021-07-26 17:19:49.3828|INFO|PIVF.Web.Api.Master.Configuration.UserAPIController|Controller Name:UserAPI,Action:HttpGet,Method:GetRoleList,User:palash,UnitID:2
2021-07-26 17:19:49.3828|INFO|PIVF.Web.Api.Master.Configuration.UserAPIController|Controller Name:UserAPI,Action:HttpGet,Method:GetRoleList,User:palash,UnitID:2
2021-07-26 17:19:49.8924|INFO|PIVF.Web.Api.Master.Configuration.UserAPIController|Controller Name:UserAPI,Action:HttpGet,Method:GetUnitList,User:palash,UnitID:2
2021-07-26 17:19:49.8924|INFO|PIVF.Web.Api.Master.Configuration.UserAPIController|Controller Name:UserAPI,Action:HttpGet,Method:GetUnitList,User:palash,UnitID:2
2021-07-26 17:19:49.9153|INFO|PIVF.Web.Api.Master.Configuration.UserAPIController|Controller Name:UserAPI,Action:HttpGet,Method:GetUserByID,User:palash,UnitID:2
2021-07-26 17:19:49.9153|INFO|PIVF.Web.Api.Master.Configuration.UserAPIController|Controller Name:UserAPI,Action:HttpGet,Method:GetUserByID,User:palash,UnitID:2
2021-07-26 17:19:49.9811|INFO|PIVF.Web.Api.Master.Configuration.UserAPIController|Controller Name:UserAPI,Action:HttpGet,Method:GetUnitRoleListUserwise,User:palash,UnitID:2
2021-07-26 17:19:49.9811|INFO|PIVF.Web.Api.Master.Configuration.UserAPIController|Controller Name:UserAPI,Action:HttpGet,Method:GetUnitRoleListUserwise,User:palash,UnitID:2
2021-07-26 17:19:50.4878|INFO|PIVF.Web.Api.Master.Configuration.UserAPIController|Controller Name:UserAPI,Action:HttpGet,Method:GetDocList,User:palash,UnitID:2
2021-07-26 17:19:50.4878|INFO|PIVF.Web.Api.Master.Configuration.UserAPIController|Controller Name:UserAPI,Action:HttpGet,Method:GetDocList,User:palash,UnitID:2
2021-07-26 17:20:12.9667|INFO|PIVF.Web.Api.Master.Configuration.UserAPIController|Controller Name:UserAPI,Action:HttpGet,Method:GetUserList,User:palash,UnitID:2
2021-07-26 17:20:12.9667|INFO|PIVF.Web.Api.Master.Configuration.UserAPIController|Controller Name:UserAPI,Action:HttpGet,Method:GetUserList,User:palash,UnitID:2
2021-07-26 17:20:13.9869|INFO|PIVF.Web.Api.Master.Configuration.UserAPIController|Controller Name:UserAPI,Action:HttpGet,Method:GetRoleList,User:palash,UnitID:2
2021-07-26 17:20:13.9869|INFO|PIVF.Web.Api.Master.Configuration.UserAPIController|Controller Name:UserAPI,Action:HttpGet,Method:GetRoleList,User:palash,UnitID:2
2021-07-26 17:20:14.5031|INFO|PIVF.Web.Api.Master.Configuration.UserAPIController|Controller Name:UserAPI,Action:HttpGet,Method:GetUnitList,User:palash,UnitID:2
2021-07-26 17:20:14.5031|INFO|PIVF.Web.Api.Master.Configuration.UserAPIController|Controller Name:UserAPI,Action:HttpGet,Method:GetUnitList,User:palash,UnitID:2
2021-07-26 17:20:15.0040|INFO|PIVF.Web.Api.Master.Configuration.UserAPIController|Controller Name:UserAPI,Action:HttpGet,Method:GetUnitRoleListUserwise,User:palash,UnitID:2
2021-07-26 17:20:15.0040|INFO|PIVF.Web.Api.Master.Configuration.UserAPIController|Controller Name:UserAPI,Action:HttpGet,Method:GetUnitRoleListUserwise,User:palash,UnitID:2
2021-07-26 17:20:48.2040|INFO|PIVF.Web.Api.Master.Common.CommonController|1_Controller Name:CommonController,Action:HttpGet,Method:GetDepartmentList,User:palash,UnitID:2
2021-07-26 17:20:48.2040|INFO|PIVF.Web.Api.Master.Common.CommonController|1_Controller Name:CommonController,Action:HttpGet,Method:GetDepartmentList,User:palash,UnitID:2
2021-07-26 17:20:48.2434|INFO|PIVF.Web.Api.QueueMgt.QueueMgtController|Controller Name:QueueMgt,Action:HttpPost,Method:GetQueueList,User:palash,UnitID:2
2021-07-26 17:20:48.2434|INFO|PIVF.Web.Api.QueueMgt.QueueMgtController|Controller Name:QueueMgt,Action:HttpPost,Method:GetQueueList,User:palash,UnitID:2
2021-07-26 17:20:48.5941|INFO|PIVF.Web.Api.Master.Configuration.UserAPIController|Controller Name:UserAPI,Action:HttpGet,Method:GetUserRoleRights,User:palash,UnitID:2
2021-07-26 17:20:48.5941|INFO|PIVF.Web.Api.Master.Configuration.UserAPIController|Controller Name:UserAPI,Action:HttpGet,Method:GetUserRoleRights,User:palash,UnitID:2
2021-07-26 17:20:48.7207|INFO|PIVF.Web.Api.Master.Common.CommonController|1_Controller Name:CommonController,Action:HttpGet,Method:GetDoctorsList,User:palash,UnitID:2
2021-07-26 17:20:48.7207|INFO|PIVF.Web.Api.Master.Common.CommonController|1_Controller Name:CommonController,Action:HttpGet,Method:GetDoctorsList,User:palash,UnitID:2
2021-07-26 17:20:48.7536|INFO|PIVF.Web.Api.Master.Common.CommonController|1_Controller Name:CommonController,Action:HttpGet,Method:GetSpeclRegTypeList,User:palash,UnitID:2
2021-07-26 17:20:48.7536|INFO|PIVF.Web.Api.Master.Common.CommonController|1_Controller Name:CommonController,Action:HttpGet,Method:GetSpeclRegTypeList,User:palash,UnitID:2
2021-07-26 17:20:49.0953|INFO|PIVF.Web.Api.Master.Configuration.UserAPIController|Controller Name:UserAPI,Action:HttpGet,Method:GetGrandParentList,User:palash,UnitID:2
2021-07-26 17:20:49.0953|INFO|PIVF.Web.Api.Master.Configuration.UserAPIController|Controller Name:UserAPI,Action:HttpGet,Method:GetGrandParentList,User:palash,UnitID:2
2021-07-26 17:20:49.2843|INFO|PIVF.Web.Api.Master.Configuration.UserAPIController|Controller Name:UserAPI,Action:HttpGet,Method:GetParentList,User:palash,UnitID:2
2021-07-26 17:20:49.2843|INFO|PIVF.Web.Api.Master.Configuration.UserAPIController|Controller Name:UserAPI,Action:HttpGet,Method:GetParentList,User:palash,UnitID:2
2021-07-26 17:20:49.3092|INFO|PIVF.Web.Api.Master.Configuration.UserAPIController|Controller Name:UserAPI,Action:HttpGet,Method:GetParentList,User:palash,UnitID:2
2021-07-26 17:20:49.3092|INFO|PIVF.Web.Api.Master.Configuration.UserAPIController|Controller Name:UserAPI,Action:HttpGet,Method:GetParentList,User:palash,UnitID:2
2021-07-26 17:59:39.4430|INFO|PIVF.Web.Api.Master.Configuration.UserAPIController|Controller Name:UserAPI,Action:HttpGet,Method:GetGrandParentList,User:palash,UnitID:2
2021-07-26 17:59:39.4430|INFO|PIVF.Web.Api.Master.Configuration.UserAPIController|Controller Name:UserAPI,Action:HttpGet,Method:GetGrandParentList,User:palash,UnitID:2
2021-07-26 17:59:39.4948|INFO|PIVF.Web.Api.Master.Configuration.UserAPIController|Controller Name:UserAPI,Action:HttpGet,Method:GetUserRoleRights,User:palash,UnitID:2
2021-07-26 17:59:39.4948|INFO|PIVF.Web.Api.Master.Configuration.UserAPIController|Controller Name:UserAPI,Action:HttpGet,Method:GetUserRoleRights,User:palash,UnitID:2
2021-07-26 17:59:40.0778|INFO|PIVF.Web.Api.Master.Common.CommonController|1_Controller Name:CommonController,Action:HttpGet,Method:GetSpeclRegTypeList,User:palash,UnitID:2
2021-07-26 17:59:40.0778|INFO|PIVF.Web.Api.Master.Common.CommonController|1_Controller Name:CommonController,Action:HttpGet,Method:GetSpeclRegTypeList,User:palash,UnitID:2
2021-07-26 17:59:41.0503|INFO|PIVF.Web.Api.Master.Configuration.UserAPIController|Controller Name:UserAPI,Action:HttpGet,Method:GetParentList,User:palash,UnitID:2
2021-07-26 17:59:41.0503|INFO|PIVF.Web.Api.Master.Configuration.UserAPIController|Controller Name:UserAPI,Action:HttpGet,Method:GetParentList,User:palash,UnitID:2
2021-07-26 17:59:41.1051|INFO|PIVF.Web.Api.Master.Common.CommonController|1_Controller Name:CommonController,Action:HttpGet,Method:GetDepartmentList,User:palash,UnitID:2
2021-07-26 17:59:41.1051|INFO|PIVF.Web.Api.Master.Common.CommonController|1_Controller Name:CommonController,Action:HttpGet,Method:GetDepartmentList,User:palash,UnitID:2
2021-07-26 17:59:41.5993|INFO|PIVF.Web.Api.Master.Common.CommonController|1_Controller Name:CommonController,Action:HttpGet,Method:GetDoctorsList,User:palash,UnitID:2
2021-07-26 17:59:41.5993|INFO|PIVF.Web.Api.Master.Common.CommonController|1_Controller Name:CommonController,Action:HttpGet,Method:GetDoctorsList,User:palash,UnitID:2
2021-07-26 17:59:41.6312|INFO|PIVF.Web.Api.Master.Configuration.UserAPIController|Controller Name:UserAPI,Action:HttpGet,Method:GetParentList,User:palash,UnitID:2
2021-07-26 17:59:41.6312|INFO|PIVF.Web.Api.Master.Configuration.UserAPIController|Controller Name:UserAPI,Action:HttpGet,Method:GetParentList,User:palash,UnitID:2
2021-07-26 17:59:42.1129|INFO|PIVF.Web.Api.QueueMgt.QueueMgtController|Controller Name:QueueMgt,Action:HttpPost,Method:GetQueueList,User:palash,UnitID:2
2021-07-26 17:59:42.1129|INFO|PIVF.Web.Api.QueueMgt.QueueMgtController|Controller Name:QueueMgt,Action:HttpPost,Method:GetQueueList,User:palash,UnitID:2
2021-07-26 18:02:26.3257|INFO|PIVF.Web.Api.Master.Common.CommonController|Controller Name:Common,Action:GET,Method:GetActiveVisitByPatient,User:palash,UnitID:2
2021-07-26 18:02:26.3257|INFO|PIVF.Web.Api.Master.Common.CommonController|Controller Name:Common,Action:GET,Method:GetActiveVisitByPatient,User:palash,UnitID:2
2021-07-26 18:04:08.7549|INFO|PIVF.Web.Api.Master.Common.CommonController|Controller Name:Common,Action:GET,Method:GetActiveVisitByPatient,User:palash,UnitID:2
2021-07-26 18:04:08.7549|INFO|PIVF.Web.Api.Master.Common.CommonController|Controller Name:Common,Action:GET,Method:GetActiveVisitByPatient,User:palash,UnitID:2
2021-07-26 18:04:39.3181|INFO|PIVF.Web.Api.EMR.LandingPage.EMRLandingPageAPIController|Controller Name:EMRLandingPageAPI,Action:GET,Method:GetEMRLandingPageData,User:palash,UnitID:2
2021-07-26 18:04:39.3181|INFO|PIVF.Web.Api.EMR.LandingPage.EMRLandingPageAPIController|Controller Name:EMRLandingPageAPI,Action:GET,Method:GetEMRLandingPageData,User:palash,UnitID:2
2021-07-26 18:05:20.2565|INFO|PIVF.Web.Api.Master.Common.CommonController|Controller Name:Common,Action:POST,Method:PutSelectedvisitByPatient,User:palash,UnitID:2
2021-07-26 18:05:20.2565|INFO|PIVF.Web.Api.Master.Common.CommonController|Controller Name:Common,Action:POST,Method:PutSelectedvisitByPatient,User:palash,UnitID:2
2021-07-26 18:20:05.3641|INFO|PIVF.Web.Api.Master.Common.CommonController|Controller Name:Common,Action:GET,Method:GetActiveVisitByPatient,User:palash,UnitID:2
2021-07-26 18:20:05.3641|INFO|PIVF.Web.Api.Master.Common.CommonController|Controller Name:Common,Action:GET,Method:GetActiveVisitByPatient,User:palash,UnitID:2
2021-07-26 18:20:05.9435|INFO|PIVF.Web.Api.Master.Common.CommonController|Controller Name:Common,Action:GET,Method:GetActiveVisitByPatient,User:palash,UnitID:2
2021-07-26 18:20:05.9435|INFO|PIVF.Web.Api.Master.Common.CommonController|Controller Name:Common,Action:GET,Method:GetActiveVisitByPatient,User:palash,UnitID:2
2021-07-26 18:20:06.0232|INFO|PIVF.Web.Api.EMR.LandingPage.EMRLandingPageAPIController|Controller Name:EMRLandingPageAPI,Action:GET,Method:GetEMRLandingPageData,User:palash,UnitID:2
2021-07-26 18:20:06.0232|INFO|PIVF.Web.Api.EMR.LandingPage.EMRLandingPageAPIController|Controller Name:EMRLandingPageAPI,Action:GET,Method:GetEMRLandingPageData,User:palash,UnitID:2
2021-07-26 18:20:13.0154|INFO|PIVF.Web.Api.Master.Common.CommonController|Controller Name:Common,Action:POST,Method:PutSelectedvisitByPatient,User:palash,UnitID:2
2021-07-26 18:20:13.0154|INFO|PIVF.Web.Api.Master.Common.CommonController|Controller Name:Common,Action:POST,Method:PutSelectedvisitByPatient,User:palash,UnitID:2
