2022-08-26 11:45:43.5862|INFO|PIVF.Web.Api.Master.Configuration.UserAPIController|Controller Name:UserAPI,Action:HttpGet,Method:GetGrandParentList,User:multiplyadmin,UnitID:2
2022-08-26 11:45:43.5862|INFO|PIVF.Web.Api.Master.Configuration.UserAPIController|Controller Name:UserAPI,Action:HttpGet,Method:GetGrandParentList,User:multiplyadmin,UnitID:2
2022-08-26 11:45:44.0303|INFO|PIVF.Web.Api.Master.Configuration.UserAPIController|Controller Name:UserAPI,Action:HttpGet,Method:GetUserRoleRights,User:multiplyadmin,UnitID:2
2022-08-26 11:45:44.0303|INFO|PIVF.Web.Api.Master.Configuration.UserAPIController|Controller Name:UserAPI,Action:HttpGet,Method:GetUserRoleRights,User:multiplyadmin,UnitID:2
2022-08-26 11:45:44.7809|INFO|PIVF.Web.Api.Master.Common.CommonController|1_Controller Name:CommonController,Action:HttpGet,Method:GetDepartmentList,User:multiplyadmin,UnitID:2
2022-08-26 11:45:44.7809|INFO|PIVF.Web.Api.Master.Common.CommonController|1_Controller Name:CommonController,Action:HttpGet,Method:GetDepartmentList,User:multiplyadmin,UnitID:2
2022-08-26 11:45:45.6939|INFO|PIVF.Web.Api.QueueMgt.QueueMgtController|Controller Name:QueueMgt,Action:HttpPost,Method:GetQueueList,User:multiplyadmin,UnitID:2
2022-08-26 11:45:45.6939|INFO|PIVF.Web.Api.QueueMgt.QueueMgtController|Controller Name:QueueMgt,Action:HttpPost,Method:GetQueueList,User:multiplyadmin,UnitID:2
2022-08-26 11:45:46.2417|INFO|PIVF.Web.Api.Master.Common.CommonController|1_Controller Name:CommonController,Action:HttpGet,Method:GetSpeclRegTypeList,User:multiplyadmin,UnitID:2
2022-08-26 11:45:46.2417|INFO|PIVF.Web.Api.Master.Common.CommonController|1_Controller Name:CommonController,Action:HttpGet,Method:GetSpeclRegTypeList,User:multiplyadmin,UnitID:2
2022-08-26 11:45:46.2687|INFO|PIVF.Web.Api.Master.Configuration.UserAPIController|Controller Name:UserAPI,Action:HttpGet,Method:GetParentList,User:multiplyadmin,UnitID:2
2022-08-26 11:45:46.2687|INFO|PIVF.Web.Api.Master.Configuration.UserAPIController|Controller Name:UserAPI,Action:HttpGet,Method:GetParentList,User:multiplyadmin,UnitID:2
2022-08-26 11:45:46.8614|INFO|PIVF.Web.Api.Master.Configuration.UserAPIController|Controller Name:UserAPI,Action:HttpGet,Method:GetParentList,User:multiplyadmin,UnitID:2
2022-08-26 11:45:46.8614|INFO|PIVF.Web.Api.Master.Configuration.UserAPIController|Controller Name:UserAPI,Action:HttpGet,Method:GetParentList,User:multiplyadmin,UnitID:2
2022-08-26 11:45:47.2592|INFO|PIVF.Web.Api.Master.Common.CommonController|1_Controller Name:CommonController,Action:HttpGet,Method:GetDoctorsList,User:multiplyadmin,UnitID:2
2022-08-26 11:45:47.2592|INFO|PIVF.Web.Api.Master.Common.CommonController|1_Controller Name:CommonController,Action:HttpGet,Method:GetDoctorsList,User:multiplyadmin,UnitID:2
2022-08-26 12:39:11.1904|INFO|PIVF.Web.Api.Master.Configuration.UserAPIController|Controller Name:UserAPI,Action:HttpGet,Method:GetGrandParentList,User:multiplyadmin,UnitID:2
2022-08-26 12:39:11.1904|INFO|PIVF.Web.Api.Master.Configuration.UserAPIController|Controller Name:UserAPI,Action:HttpGet,Method:GetGrandParentList,User:multiplyadmin,UnitID:2
2022-08-26 12:39:11.3891|INFO|PIVF.Web.Api.Master.Configuration.UserAPIController|Controller Name:UserAPI,Action:HttpGet,Method:GetParentList,User:multiplyadmin,UnitID:2
2022-08-26 12:39:11.3891|INFO|PIVF.Web.Api.Master.Configuration.UserAPIController|Controller Name:UserAPI,Action:HttpGet,Method:GetParentList,User:multiplyadmin,UnitID:2
2022-08-26 12:39:11.4171|INFO|PIVF.Web.Api.Master.Configuration.UserAPIController|Controller Name:UserAPI,Action:HttpGet,Method:GetParentList,User:multiplyadmin,UnitID:2
2022-08-26 12:39:11.4171|INFO|PIVF.Web.Api.Master.Configuration.UserAPIController|Controller Name:UserAPI,Action:HttpGet,Method:GetParentList,User:multiplyadmin,UnitID:2
2022-08-26 12:39:11.7209|INFO|PIVF.Web.Api.Master.Configuration.UserAPIController|Controller Name:UserAPI,Action:HttpGet,Method:GetUserRoleRights,User:multiplyadmin,UnitID:2
2022-08-26 12:39:11.7209|INFO|PIVF.Web.Api.Master.Configuration.UserAPIController|Controller Name:UserAPI,Action:HttpGet,Method:GetUserRoleRights,User:multiplyadmin,UnitID:2
2022-08-26 12:39:12.7566|INFO|PIVF.Web.Api.QueueMgt.QueueMgtController|Controller Name:QueueMgt,Action:HttpPost,Method:GetQueueList,User:multiplyadmin,UnitID:2
2022-08-26 12:39:12.7566|INFO|PIVF.Web.Api.QueueMgt.QueueMgtController|Controller Name:QueueMgt,Action:HttpPost,Method:GetQueueList,User:multiplyadmin,UnitID:2
2022-08-26 12:39:13.1175|INFO|PIVF.Web.Api.Master.Common.CommonController|1_Controller Name:CommonController,Action:HttpGet,Method:GetDoctorsList,User:multiplyadmin,UnitID:2
2022-08-26 12:39:13.1175|INFO|PIVF.Web.Api.Master.Common.CommonController|1_Controller Name:CommonController,Action:HttpGet,Method:GetDoctorsList,User:multiplyadmin,UnitID:2
2022-08-26 12:39:13.6352|INFO|PIVF.Web.Api.Master.Common.CommonController|1_Controller Name:CommonController,Action:HttpGet,Method:GetSpeclRegTypeList,User:multiplyadmin,UnitID:2
2022-08-26 12:39:13.6352|INFO|PIVF.Web.Api.Master.Common.CommonController|1_Controller Name:CommonController,Action:HttpGet,Method:GetSpeclRegTypeList,User:multiplyadmin,UnitID:2
2022-08-26 12:39:15.6652|INFO|PIVF.Web.Api.Master.Common.CommonController|1_Controller Name:CommonController,Action:HttpGet,Method:GetDepartmentList,User:multiplyadmin,UnitID:2
2022-08-26 12:39:15.6652|INFO|PIVF.Web.Api.Master.Common.CommonController|1_Controller Name:CommonController,Action:HttpGet,Method:GetDepartmentList,User:multiplyadmin,UnitID:2
2022-08-26 12:39:19.6756|INFO|PIVF.Web.Api.Master.Common.CommonController|Controller Name:Common,Action:GET,Method:GetActiveVisitByPatient,User:multiplyadmin,UnitID:2
2022-08-26 12:39:19.6756|INFO|PIVF.Web.Api.Master.Common.CommonController|Controller Name:Common,Action:GET,Method:GetActiveVisitByPatient,User:multiplyadmin,UnitID:2
2022-08-26 12:39:20.7979|INFO|PIVF.Web.Api.Master.Common.CommonController|Controller Name:Common,Action:GET,Method:GetActiveVisitByPatient,User:multiplyadmin,UnitID:2
2022-08-26 12:39:20.7979|INFO|PIVF.Web.Api.Master.Common.CommonController|Controller Name:Common,Action:GET,Method:GetActiveVisitByPatient,User:multiplyadmin,UnitID:2
2022-08-26 12:39:21.8841|INFO|PIVF.Web.Api.EMR.LandingPage.EMRLandingPageAPIController|Controller Name:EMRLandingPageAPI,Action:GET,Method:GetEMRLandingPageData,User:multiplyadmin,UnitID:2
2022-08-26 12:39:21.8841|INFO|PIVF.Web.Api.EMR.LandingPage.EMRLandingPageAPIController|Controller Name:EMRLandingPageAPI,Action:GET,Method:GetEMRLandingPageData,User:multiplyadmin,UnitID:2
2022-08-26 12:39:24.0102|INFO|PIVF.Web.Api.New_ART.NewARTController|Controller Name:NewART,Action:GET,Method:newCyclebtnFlag,User:multiplyadmin,UnitID:2
2022-08-26 12:39:24.0102|INFO|PIVF.Web.Api.New_ART.NewARTController|Controller Name:NewART,Action:GET,Method:newCyclebtnFlag,User:multiplyadmin,UnitID:2
2022-08-26 12:39:24.5410|INFO|PIVF.Web.Api.New_ART.NewARTController|Controller Name:NewART,Action:GET,Method:GetARTCycleList,User:multiplyadmin,UnitID:2
2022-08-26 12:39:24.5410|INFO|PIVF.Web.Api.New_ART.NewARTController|Controller Name:NewART,Action:GET,Method:GetARTCycleList,User:multiplyadmin,UnitID:2
2022-08-26 12:39:25.3277|INFO|PIVF.Web.Api.Master.Common.CommonController|Controller Name:Common,Action:POST,Method:PutSelectedvisitByPatient,User:multiplyadmin,UnitID:2
2022-08-26 12:39:25.3277|INFO|PIVF.Web.Api.Master.Common.CommonController|Controller Name:Common,Action:POST,Method:PutSelectedvisitByPatient,User:multiplyadmin,UnitID:2
2022-08-26 12:40:08.0592|INFO|PIVF.Web.Api.EMR.MaleHistory.SemenFreezController|Controller Name:SemenFreez,Action:GET,Method:GetMaxID,User:multiplyadmin,UnitID:2
2022-08-26 12:40:08.0592|INFO|PIVF.Web.Api.EMR.MaleHistory.SemenFreezController|Controller Name:SemenFreez,Action:GET,Method:GetMaxID,User:multiplyadmin,UnitID:2
