2021-08-30 20:00:17.3618|INFO|PIVF.Web.Api.Master.Configuration.UserAPIController|Controller Name:UserAPI,Action:HttpGet,Method:GetUserRoleRights,User:gemino,UnitID:2
2021-08-30 20:00:17.3618|INFO|PIVF.Web.Api.Master.Configuration.UserAPIController|Controller Name:UserAPI,Action:HttpGet,Method:GetUserRoleRights,User:gemino,UnitID:2
2021-08-30 20:00:18.3767|INFO|PIVF.Web.Api.Master.Common.CommonController|1_Controller Name:CommonController,Action:HttpGet,Method:GetDepartmentList,User:gemino,UnitID:2
2021-08-30 20:00:18.3767|INFO|PIVF.Web.Api.Master.Common.CommonController|1_Controller Name:CommonController,Action:HttpGet,Method:GetDepartmentList,User:gemino,UnitID:2
2021-08-30 20:00:18.5044|INFO|PIVF.Web.Api.Master.Common.CommonController|1_Controller Name:CommonController,Action:HttpGet,Method:GetDoctorsList,User:gemino,UnitID:2
2021-08-30 20:00:18.5044|INFO|PIVF.Web.Api.Master.Common.CommonController|1_Controller Name:CommonController,Action:HttpGet,Method:GetDoctorsList,User:gemino,UnitID:2
2021-08-30 20:00:18.5852|INFO|PIVF.Web.Api.Master.Common.CommonController|1_Controller Name:CommonController,Action:HttpGet,Method:GetSpeclRegTypeList,User:gemino,UnitID:2
2021-08-30 20:00:18.5852|INFO|PIVF.Web.Api.Master.Common.CommonController|1_Controller Name:CommonController,Action:HttpGet,Method:GetSpeclRegTypeList,User:gemino,UnitID:2
2021-08-30 20:00:18.8824|INFO|PIVF.Web.Api.QueueMgt.QueueMgtController|Controller Name:QueueMgt,Action:HttpPost,Method:GetQueueList,User:gemino,UnitID:2
2021-08-30 20:00:18.8824|INFO|PIVF.Web.Api.QueueMgt.QueueMgtController|Controller Name:QueueMgt,Action:HttpPost,Method:GetQueueList,User:gemino,UnitID:2
2021-08-30 20:00:19.1359|INFO|PIVF.Web.Api.Master.Configuration.UserAPIController|Controller Name:UserAPI,Action:HttpGet,Method:GetParentList,User:gemino,UnitID:2
2021-08-30 20:00:19.1359|INFO|PIVF.Web.Api.Master.Configuration.UserAPIController|Controller Name:UserAPI,Action:HttpGet,Method:GetParentList,User:gemino,UnitID:2
2021-08-30 20:00:19.2186|INFO|PIVF.Web.Api.Master.Configuration.UserAPIController|Controller Name:UserAPI,Action:HttpGet,Method:GetParentList,User:gemino,UnitID:2
2021-08-30 20:00:19.2186|INFO|PIVF.Web.Api.Master.Configuration.UserAPIController|Controller Name:UserAPI,Action:HttpGet,Method:GetParentList,User:gemino,UnitID:2
2021-08-30 20:00:19.6830|INFO|PIVF.Web.Api.Master.Configuration.UserAPIController|Controller Name:UserAPI,Action:HttpGet,Method:GetGrandParentList,User:gemino,UnitID:2
2021-08-30 20:00:19.6830|INFO|PIVF.Web.Api.Master.Configuration.UserAPIController|Controller Name:UserAPI,Action:HttpGet,Method:GetGrandParentList,User:gemino,UnitID:2
2021-08-30 20:00:37.8798|INFO|PIVF.Web.Api.Master.Common.CommonController|1_Controller Name:CommonController,Action:HttpGet,Method:GetDoctorsList,User:gemino,UnitID:2
2021-08-30 20:00:37.8798|INFO|PIVF.Web.Api.Master.Common.CommonController|1_Controller Name:CommonController,Action:HttpGet,Method:GetDoctorsList,User:gemino,UnitID:2
2021-08-30 20:00:40.3386|INFO|PIVF.Web.Api.Master.Common.CommonController|1_Controller Name:CommonController,Action:HttpGet,Method:GetDoctorsList,User:gemino,UnitID:2
2021-08-30 20:00:40.3386|INFO|PIVF.Web.Api.Master.Common.CommonController|1_Controller Name:CommonController,Action:HttpGet,Method:GetDoctorsList,User:gemino,UnitID:2
2021-08-30 20:01:28.5468|INFO|PIVF.Web.Api.NewRegistration.NewRegistrationAPIController|Controller Name:NewRegistrationAPI,Action:POST,Method:saveUpdate,User:gemino,UnitID:2
2021-08-30 20:01:28.5468|INFO|PIVF.Web.Api.NewRegistration.NewRegistrationAPIController|Controller Name:NewRegistrationAPI,Action:POST,Method:saveUpdate,User:gemino,UnitID:2
2021-08-30 20:01:58.8253|ERROR|PIVF.Web.Api.NewRegistration.NewRegistrationAPIController|NewRegistrationAPI/saveUpdate,MessageExecution Timeout Expired.  The timeout period elapsed prior to completion of the operation or the server is not responding.,StackTrace:   at System.Data.SqlClient.SqlConnection.OnError(SqlException exception, Boolean breakConnection, Action`1 wrapCloseInAction)
   at System.Data.SqlClient.SqlInternalConnection.OnError(SqlException exception, Boolean breakConnection, Action`1 wrapCloseInAction)
   at System.Data.SqlClient.TdsParser.ThrowExceptionAndWarning(TdsParserStateObject stateObj, Boolean callerHasConnectionLock, Boolean asyncClose)
   at System.Data.SqlClient.TdsParser.TryRun(RunBehavior runBehavior, SqlCommand cmdHandler, SqlDataReader dataStream, BulkCopySimpleResultSet bulkCopyHandler, TdsParserStateObject stateObj, Boolean& dataReady)
   at System.Data.SqlClient.SqlDataReader.TryConsumeMetaData()
   at System.Data.SqlClient.SqlDataReader.get_MetaData()
   at System.Data.SqlClient.SqlCommand.FinishExecuteReader(SqlDataReader ds, RunBehavior runBehavior, String resetOptionsString, Boolean isInternal, Boolean forDescribeParameterEncryption, Boolean shouldCacheForAlwaysEncrypted)
   at System.Data.SqlClient.SqlCommand.RunExecuteReaderTds(CommandBehavior cmdBehavior, RunBehavior runBehavior, Boolean returnStream, Boolean async, Int32 timeout, Task& task, Boolean asyncWrite, Boolean inRetry, SqlDataReader ds, Boolean describeParameterEncryptionRequest)
   at System.Data.SqlClient.SqlCommand.RunExecuteReader(CommandBehavior cmdBehavior, RunBehavior runBehavior, Boolean returnStream, String method, TaskCompletionSource`1 completion, Int32 timeout, Task& task, Boolean& usedCache, Boolean asyncWrite, Boolean inRetry)
   at System.Data.SqlClient.SqlCommand.RunExecuteReader(CommandBehavior cmdBehavior, RunBehavior runBehavior, Boolean returnStream, String method)
   at System.Data.SqlClient.SqlCommand.ExecuteReader(CommandBehavior behavior, String method)
   at System.Data.SqlClient.SqlCommand.ExecuteDbDataReader(CommandBehavior behavior)
   at System.Data.Common.DbCommand.System.Data.IDbCommand.ExecuteReader(CommandBehavior behavior)
   at Dapper.SqlMapper.ExecuteReaderWithFlagsFallback(IDbCommand cmd, Boolean wasClosed, CommandBehavior behavior)
   at Dapper.SqlMapper.<QueryImpl>d__125`1.MoveNext()
   at System.Collections.Generic.List`1..ctor(IEnumerable`1 collection)
   at System.Linq.Enumerable.ToList[TSource](IEnumerable`1 source)
   at Dapper.SqlMapper.Query[T](IDbConnection cnn, String sql, Object param, IDbTransaction transaction, Boolean buffered, Nullable`1 commandTimeout, Nullable`1 commandType)
   at PIVF.DataAccessLayer.NewRegistration.NewRegistrationDAL.CheckExistingDocDuplicacy(String FN, String LN, String MobNo) in F:\Backup 15 JUL 2021\Gemino_Plus_On_16Jul2021\Gemino Plus\Ganesha\PIVF.DataAccessLayer\NewRegistration\NewRegistrationDAL.cs:line 623
   at PIVF.DataAccessLayer.NewRegistration.NewRegistrationDAL.SaveUpdate(NewRegistrationVO obj) in F:\Backup 15 JUL 2021\Gemino_Plus_On_16Jul2021\Gemino Plus\Ganesha\PIVF.DataAccessLayer\NewRegistration\NewRegistrationDAL.cs:line 36
   at PIVF.Web.Api.NewRegistration.NewRegistrationAPIController.SaveUpdate(NewRegistrationVO obj) in F:\Backup 15 JUL 2021\Gemino_Plus_On_16Jul2021\Gemino Plus\Ganesha\PIVF.Web\Api\NewRegistration\NewRegistrationAPIController.cs:line 46
2021-08-30 20:05:34.9123|INFO|PIVF.Web.Api.NewRegistration.NewRegistrationAPIController|Controller Name:NewRegistrationAPI,Action:POST,Method:saveUpdate,User:gemino,UnitID:2
2021-08-30 20:05:34.9123|INFO|PIVF.Web.Api.NewRegistration.NewRegistrationAPIController|Controller Name:NewRegistrationAPI,Action:POST,Method:saveUpdate,User:gemino,UnitID:2
2021-08-30 20:07:34.2316|ERROR|PIVF.Web.Api.NewRegistration.NewRegistrationAPIController|NewRegistrationAPI/saveUpdate,MessageExecution Timeout Expired.  The timeout period elapsed prior to completion of the operation or the server is not responding.,StackTrace:   at System.Data.SqlClient.SqlConnection.OnError(SqlException exception, Boolean breakConnection, Action`1 wrapCloseInAction)
   at System.Data.SqlClient.SqlInternalConnection.OnError(SqlException exception, Boolean breakConnection, Action`1 wrapCloseInAction)
   at System.Data.SqlClient.TdsParser.ThrowExceptionAndWarning(TdsParserStateObject stateObj, Boolean callerHasConnectionLock, Boolean asyncClose)
   at System.Data.SqlClient.TdsParser.TryRun(RunBehavior runBehavior, SqlCommand cmdHandler, SqlDataReader dataStream, BulkCopySimpleResultSet bulkCopyHandler, TdsParserStateObject stateObj, Boolean& dataReady)
   at System.Data.SqlClient.SqlDataReader.TryConsumeMetaData()
   at System.Data.SqlClient.SqlDataReader.get_MetaData()
   at System.Data.SqlClient.SqlCommand.FinishExecuteReader(SqlDataReader ds, RunBehavior runBehavior, String resetOptionsString, Boolean isInternal, Boolean forDescribeParameterEncryption, Boolean shouldCacheForAlwaysEncrypted)
   at System.Data.SqlClient.SqlCommand.RunExecuteReaderTds(CommandBehavior cmdBehavior, RunBehavior runBehavior, Boolean returnStream, Boolean async, Int32 timeout, Task& task, Boolean asyncWrite, Boolean inRetry, SqlDataReader ds, Boolean describeParameterEncryptionRequest)
   at System.Data.SqlClient.SqlCommand.RunExecuteReader(CommandBehavior cmdBehavior, RunBehavior runBehavior, Boolean returnStream, String method, TaskCompletionSource`1 completion, Int32 timeout, Task& task, Boolean& usedCache, Boolean asyncWrite, Boolean inRetry)
   at System.Data.SqlClient.SqlCommand.RunExecuteReader(CommandBehavior cmdBehavior, RunBehavior runBehavior, Boolean returnStream, String method)
   at System.Data.SqlClient.SqlCommand.ExecuteReader(CommandBehavior behavior, String method)
   at System.Data.SqlClient.SqlCommand.ExecuteDbDataReader(CommandBehavior behavior)
   at System.Data.Common.DbCommand.System.Data.IDbCommand.ExecuteReader(CommandBehavior behavior)
   at Dapper.SqlMapper.ExecuteReaderWithFlagsFallback(IDbCommand cmd, Boolean wasClosed, CommandBehavior behavior)
   at Dapper.SqlMapper.<QueryImpl>d__125`1.MoveNext()
   at System.Collections.Generic.List`1..ctor(IEnumerable`1 collection)
   at System.Linq.Enumerable.ToList[TSource](IEnumerable`1 source)
   at Dapper.SqlMapper.Query[T](IDbConnection cnn, String sql, Object param, IDbTransaction transaction, Boolean buffered, Nullable`1 commandTimeout, Nullable`1 commandType)
   at PIVF.DataAccessLayer.NewRegistration.NewRegistrationDAL.CheckExistingDocDuplicacy(String FN, String LN, String MobNo) in F:\Backup 15 JUL 2021\Gemino_Plus_On_16Jul2021\Gemino Plus\Ganesha\PIVF.DataAccessLayer\NewRegistration\NewRegistrationDAL.cs:line 623
   at PIVF.DataAccessLayer.NewRegistration.NewRegistrationDAL.SaveUpdate(NewRegistrationVO obj) in F:\Backup 15 JUL 2021\Gemino_Plus_On_16Jul2021\Gemino Plus\Ganesha\PIVF.DataAccessLayer\NewRegistration\NewRegistrationDAL.cs:line 36
   at PIVF.Web.Api.NewRegistration.NewRegistrationAPIController.SaveUpdate(NewRegistrationVO obj) in F:\Backup 15 JUL 2021\Gemino_Plus_On_16Jul2021\Gemino Plus\Ganesha\PIVF.Web\Api\NewRegistration\NewRegistrationAPIController.cs:line 46
2021-08-30 20:07:55.5455|INFO|PIVF.Web.Api.NewRegistration.NewRegistrationAPIController|Controller Name:NewRegistrationAPI,Action:POST,Method:saveUpdate,User:gemino,UnitID:2
2021-08-30 20:07:55.5455|INFO|PIVF.Web.Api.NewRegistration.NewRegistrationAPIController|Controller Name:NewRegistrationAPI,Action:POST,Method:saveUpdate,User:gemino,UnitID:2
2021-08-30 20:09:18.8433|ERROR|PIVF.Web.Api.NewRegistration.NewRegistrationAPIController|NewRegistrationAPI/saveUpdate,MessageExecution Timeout Expired.  The timeout period elapsed prior to completion of the operation or the server is not responding.,StackTrace:   at System.Data.SqlClient.SqlConnection.OnError(SqlException exception, Boolean breakConnection, Action`1 wrapCloseInAction)
   at System.Data.SqlClient.SqlInternalConnection.OnError(SqlException exception, Boolean breakConnection, Action`1 wrapCloseInAction)
   at System.Data.SqlClient.TdsParser.ThrowExceptionAndWarning(TdsParserStateObject stateObj, Boolean callerHasConnectionLock, Boolean asyncClose)
   at System.Data.SqlClient.TdsParser.TryRun(RunBehavior runBehavior, SqlCommand cmdHandler, SqlDataReader dataStream, BulkCopySimpleResultSet bulkCopyHandler, TdsParserStateObject stateObj, Boolean& dataReady)
   at System.Data.SqlClient.SqlDataReader.TryConsumeMetaData()
   at System.Data.SqlClient.SqlDataReader.get_MetaData()
   at System.Data.SqlClient.SqlCommand.FinishExecuteReader(SqlDataReader ds, RunBehavior runBehavior, String resetOptionsString, Boolean isInternal, Boolean forDescribeParameterEncryption, Boolean shouldCacheForAlwaysEncrypted)
   at System.Data.SqlClient.SqlCommand.RunExecuteReaderTds(CommandBehavior cmdBehavior, RunBehavior runBehavior, Boolean returnStream, Boolean async, Int32 timeout, Task& task, Boolean asyncWrite, Boolean inRetry, SqlDataReader ds, Boolean describeParameterEncryptionRequest)
   at System.Data.SqlClient.SqlCommand.RunExecuteReader(CommandBehavior cmdBehavior, RunBehavior runBehavior, Boolean returnStream, String method, TaskCompletionSource`1 completion, Int32 timeout, Task& task, Boolean& usedCache, Boolean asyncWrite, Boolean inRetry)
   at System.Data.SqlClient.SqlCommand.RunExecuteReader(CommandBehavior cmdBehavior, RunBehavior runBehavior, Boolean returnStream, String method)
   at System.Data.SqlClient.SqlCommand.ExecuteReader(CommandBehavior behavior, String method)
   at System.Data.SqlClient.SqlCommand.ExecuteDbDataReader(CommandBehavior behavior)
   at System.Data.Common.DbCommand.System.Data.IDbCommand.ExecuteReader(CommandBehavior behavior)
   at Dapper.SqlMapper.ExecuteReaderWithFlagsFallback(IDbCommand cmd, Boolean wasClosed, CommandBehavior behavior)
   at Dapper.SqlMapper.<QueryImpl>d__125`1.MoveNext()
   at System.Collections.Generic.List`1..ctor(IEnumerable`1 collection)
   at System.Linq.Enumerable.ToList[TSource](IEnumerable`1 source)
   at Dapper.SqlMapper.Query[T](IDbConnection cnn, String sql, Object param, IDbTransaction transaction, Boolean buffered, Nullable`1 commandTimeout, Nullable`1 commandType)
   at PIVF.DataAccessLayer.NewRegistration.NewRegistrationDAL.CheckExistingDocDuplicacy(String FN, String LN, String MobNo) in F:\Backup 15 JUL 2021\Gemino_Plus_On_16Jul2021\Gemino Plus\Ganesha\PIVF.DataAccessLayer\NewRegistration\NewRegistrationDAL.cs:line 623
   at PIVF.DataAccessLayer.NewRegistration.NewRegistrationDAL.SaveUpdate(NewRegistrationVO obj) in F:\Backup 15 JUL 2021\Gemino_Plus_On_16Jul2021\Gemino Plus\Ganesha\PIVF.DataAccessLayer\NewRegistration\NewRegistrationDAL.cs:line 36
   at PIVF.Web.Api.NewRegistration.NewRegistrationAPIController.SaveUpdate(NewRegistrationVO obj) in F:\Backup 15 JUL 2021\Gemino_Plus_On_16Jul2021\Gemino Plus\Ganesha\PIVF.Web\Api\NewRegistration\NewRegistrationAPIController.cs:line 46
2021-08-30 20:09:35.5500|INFO|PIVF.Web.Api.NewRegistration.NewRegistrationAPIController|Controller Name:NewRegistrationAPI,Action:POST,Method:saveUpdate,User:gemino,UnitID:2
2021-08-30 20:09:35.5500|INFO|PIVF.Web.Api.NewRegistration.NewRegistrationAPIController|Controller Name:NewRegistrationAPI,Action:POST,Method:saveUpdate,User:gemino,UnitID:2
2021-08-30 20:10:52.7063|ERROR|PIVF.Web.Api.NewRegistration.NewRegistrationAPIController|NewRegistrationAPI/saveUpdate,MessageExecution Timeout Expired.  The timeout period elapsed prior to completion of the operation or the server is not responding.,StackTrace:   at System.Data.SqlClient.SqlConnection.OnError(SqlException exception, Boolean breakConnection, Action`1 wrapCloseInAction)
   at System.Data.SqlClient.SqlInternalConnection.OnError(SqlException exception, Boolean breakConnection, Action`1 wrapCloseInAction)
   at System.Data.SqlClient.TdsParser.ThrowExceptionAndWarning(TdsParserStateObject stateObj, Boolean callerHasConnectionLock, Boolean asyncClose)
   at System.Data.SqlClient.TdsParser.TryRun(RunBehavior runBehavior, SqlCommand cmdHandler, SqlDataReader dataStream, BulkCopySimpleResultSet bulkCopyHandler, TdsParserStateObject stateObj, Boolean& dataReady)
   at System.Data.SqlClient.SqlDataReader.TryConsumeMetaData()
   at System.Data.SqlClient.SqlDataReader.get_MetaData()
   at System.Data.SqlClient.SqlCommand.FinishExecuteReader(SqlDataReader ds, RunBehavior runBehavior, String resetOptionsString, Boolean isInternal, Boolean forDescribeParameterEncryption, Boolean shouldCacheForAlwaysEncrypted)
   at System.Data.SqlClient.SqlCommand.RunExecuteReaderTds(CommandBehavior cmdBehavior, RunBehavior runBehavior, Boolean returnStream, Boolean async, Int32 timeout, Task& task, Boolean asyncWrite, Boolean inRetry, SqlDataReader ds, Boolean describeParameterEncryptionRequest)
   at System.Data.SqlClient.SqlCommand.RunExecuteReader(CommandBehavior cmdBehavior, RunBehavior runBehavior, Boolean returnStream, String method, TaskCompletionSource`1 completion, Int32 timeout, Task& task, Boolean& usedCache, Boolean asyncWrite, Boolean inRetry)
   at System.Data.SqlClient.SqlCommand.RunExecuteReader(CommandBehavior cmdBehavior, RunBehavior runBehavior, Boolean returnStream, String method)
   at System.Data.SqlClient.SqlCommand.ExecuteReader(CommandBehavior behavior, String method)
   at System.Data.SqlClient.SqlCommand.ExecuteDbDataReader(CommandBehavior behavior)
   at System.Data.Common.DbCommand.System.Data.IDbCommand.ExecuteReader(CommandBehavior behavior)
   at Dapper.SqlMapper.ExecuteReaderWithFlagsFallback(IDbCommand cmd, Boolean wasClosed, CommandBehavior behavior)
   at Dapper.SqlMapper.<QueryImpl>d__125`1.MoveNext()
   at System.Collections.Generic.List`1..ctor(IEnumerable`1 collection)
   at System.Linq.Enumerable.ToList[TSource](IEnumerable`1 source)
   at Dapper.SqlMapper.Query[T](IDbConnection cnn, String sql, Object param, IDbTransaction transaction, Boolean buffered, Nullable`1 commandTimeout, Nullable`1 commandType)
   at PIVF.DataAccessLayer.NewRegistration.NewRegistrationDAL.CheckExistingDocDuplicacy(String FN, String LN, String MobNo) in F:\Backup 15 JUL 2021\Gemino_Plus_On_16Jul2021\Gemino Plus\Ganesha\PIVF.DataAccessLayer\NewRegistration\NewRegistrationDAL.cs:line 623
   at PIVF.DataAccessLayer.NewRegistration.NewRegistrationDAL.SaveUpdate(NewRegistrationVO obj) in F:\Backup 15 JUL 2021\Gemino_Plus_On_16Jul2021\Gemino Plus\Ganesha\PIVF.DataAccessLayer\NewRegistration\NewRegistrationDAL.cs:line 36
   at PIVF.Web.Api.NewRegistration.NewRegistrationAPIController.SaveUpdate(NewRegistrationVO obj) in F:\Backup 15 JUL 2021\Gemino_Plus_On_16Jul2021\Gemino Plus\Ganesha\PIVF.Web\Api\NewRegistration\NewRegistrationAPIController.cs:line 46
2021-08-30 20:14:10.2422|INFO|PIVF.Web.Api.NewRegistration.NewRegistrationAPIController|Controller Name:NewRegistrationAPI,Action:POST,Method:saveUpdate,User:gemino,UnitID:2
2021-08-30 20:14:10.2422|INFO|PIVF.Web.Api.NewRegistration.NewRegistrationAPIController|Controller Name:NewRegistrationAPI,Action:POST,Method:saveUpdate,User:gemino,UnitID:2
2021-08-30 20:18:00.4653|INFO|PIVF.Web.Api.NewRegistration.NewRegistrationAPIController|Controller Name:NewRegistrationAPI,Action:POST,Method:saveUpdate,User:gemino,UnitID:2
2021-08-30 20:18:00.4653|INFO|PIVF.Web.Api.NewRegistration.NewRegistrationAPIController|Controller Name:NewRegistrationAPI,Action:POST,Method:saveUpdate,User:gemino,UnitID:2
2021-08-30 20:18:03.9507|ERROR|PIVF.Web.Api.NewRegistration.NewRegistrationAPIController|NewRegistrationAPI/saveUpdate,MessageExecution Timeout Expired.  The timeout period elapsed prior to completion of the operation or the server is not responding.,StackTrace:   at System.Data.SqlClient.SqlConnection.OnError(SqlException exception, Boolean breakConnection, Action`1 wrapCloseInAction)
   at System.Data.SqlClient.SqlInternalConnection.OnError(SqlException exception, Boolean breakConnection, Action`1 wrapCloseInAction)
   at System.Data.SqlClient.TdsParser.ThrowExceptionAndWarning(TdsParserStateObject stateObj, Boolean callerHasConnectionLock, Boolean asyncClose)
   at System.Data.SqlClient.TdsParser.TryRun(RunBehavior runBehavior, SqlCommand cmdHandler, SqlDataReader dataStream, BulkCopySimpleResultSet bulkCopyHandler, TdsParserStateObject stateObj, Boolean& dataReady)
   at System.Data.SqlClient.SqlDataReader.TryConsumeMetaData()
   at System.Data.SqlClient.SqlDataReader.get_MetaData()
   at System.Data.SqlClient.SqlCommand.FinishExecuteReader(SqlDataReader ds, RunBehavior runBehavior, String resetOptionsString, Boolean isInternal, Boolean forDescribeParameterEncryption, Boolean shouldCacheForAlwaysEncrypted)
   at System.Data.SqlClient.SqlCommand.RunExecuteReaderTds(CommandBehavior cmdBehavior, RunBehavior runBehavior, Boolean returnStream, Boolean async, Int32 timeout, Task& task, Boolean asyncWrite, Boolean inRetry, SqlDataReader ds, Boolean describeParameterEncryptionRequest)
   at System.Data.SqlClient.SqlCommand.RunExecuteReader(CommandBehavior cmdBehavior, RunBehavior runBehavior, Boolean returnStream, String method, TaskCompletionSource`1 completion, Int32 timeout, Task& task, Boolean& usedCache, Boolean asyncWrite, Boolean inRetry)
   at System.Data.SqlClient.SqlCommand.RunExecuteReader(CommandBehavior cmdBehavior, RunBehavior runBehavior, Boolean returnStream, String method)
   at System.Data.SqlClient.SqlCommand.ExecuteReader(CommandBehavior behavior, String method)
   at System.Data.SqlClient.SqlCommand.ExecuteDbDataReader(CommandBehavior behavior)
   at System.Data.Common.DbCommand.System.Data.IDbCommand.ExecuteReader(CommandBehavior behavior)
   at Dapper.SqlMapper.ExecuteReaderWithFlagsFallback(IDbCommand cmd, Boolean wasClosed, CommandBehavior behavior)
   at Dapper.SqlMapper.<QueryImpl>d__125`1.MoveNext()
   at System.Collections.Generic.List`1..ctor(IEnumerable`1 collection)
   at System.Linq.Enumerable.ToList[TSource](IEnumerable`1 source)
   at Dapper.SqlMapper.Query[T](IDbConnection cnn, String sql, Object param, IDbTransaction transaction, Boolean buffered, Nullable`1 commandTimeout, Nullable`1 commandType)
   at PIVF.DataAccessLayer.NewRegistration.NewRegistrationDAL.CheckExistingDocDuplicacy(String FN, String LN, String MobNo) in F:\Backup 15 JUL 2021\Gemino_Plus_On_16Jul2021\Gemino Plus\Ganesha\PIVF.DataAccessLayer\NewRegistration\NewRegistrationDAL.cs:line 623
   at PIVF.DataAccessLayer.NewRegistration.NewRegistrationDAL.SaveUpdate(NewRegistrationVO obj) in F:\Backup 15 JUL 2021\Gemino_Plus_On_16Jul2021\Gemino Plus\Ganesha\PIVF.DataAccessLayer\NewRegistration\NewRegistrationDAL.cs:line 36
   at PIVF.Web.Api.NewRegistration.NewRegistrationAPIController.SaveUpdate(NewRegistrationVO obj) in F:\Backup 15 JUL 2021\Gemino_Plus_On_16Jul2021\Gemino Plus\Ganesha\PIVF.Web\Api\NewRegistration\NewRegistrationAPIController.cs:line 46
2021-08-30 20:18:34.0274|ERROR|PIVF.Web.Api.NewRegistration.NewRegistrationAPIController|NewRegistrationAPI/saveUpdate,MessageExecution Timeout Expired.  The timeout period elapsed prior to completion of the operation or the server is not responding.,StackTrace:   at System.Data.SqlClient.SqlConnection.OnError(SqlException exception, Boolean breakConnection, Action`1 wrapCloseInAction)
   at System.Data.SqlClient.SqlInternalConnection.OnError(SqlException exception, Boolean breakConnection, Action`1 wrapCloseInAction)
   at System.Data.SqlClient.TdsParser.ThrowExceptionAndWarning(TdsParserStateObject stateObj, Boolean callerHasConnectionLock, Boolean asyncClose)
   at System.Data.SqlClient.TdsParser.TryRun(RunBehavior runBehavior, SqlCommand cmdHandler, SqlDataReader dataStream, BulkCopySimpleResultSet bulkCopyHandler, TdsParserStateObject stateObj, Boolean& dataReady)
   at System.Data.SqlClient.SqlDataReader.TryConsumeMetaData()
   at System.Data.SqlClient.SqlDataReader.get_MetaData()
   at System.Data.SqlClient.SqlCommand.FinishExecuteReader(SqlDataReader ds, RunBehavior runBehavior, String resetOptionsString, Boolean isInternal, Boolean forDescribeParameterEncryption, Boolean shouldCacheForAlwaysEncrypted)
   at System.Data.SqlClient.SqlCommand.RunExecuteReaderTds(CommandBehavior cmdBehavior, RunBehavior runBehavior, Boolean returnStream, Boolean async, Int32 timeout, Task& task, Boolean asyncWrite, Boolean inRetry, SqlDataReader ds, Boolean describeParameterEncryptionRequest)
   at System.Data.SqlClient.SqlCommand.RunExecuteReader(CommandBehavior cmdBehavior, RunBehavior runBehavior, Boolean returnStream, String method, TaskCompletionSource`1 completion, Int32 timeout, Task& task, Boolean& usedCache, Boolean asyncWrite, Boolean inRetry)
   at System.Data.SqlClient.SqlCommand.RunExecuteReader(CommandBehavior cmdBehavior, RunBehavior runBehavior, Boolean returnStream, String method)
   at System.Data.SqlClient.SqlCommand.ExecuteReader(CommandBehavior behavior, String method)
   at System.Data.SqlClient.SqlCommand.ExecuteDbDataReader(CommandBehavior behavior)
   at System.Data.Common.DbCommand.System.Data.IDbCommand.ExecuteReader(CommandBehavior behavior)
   at Dapper.SqlMapper.ExecuteReaderWithFlagsFallback(IDbCommand cmd, Boolean wasClosed, CommandBehavior behavior)
   at Dapper.SqlMapper.<QueryImpl>d__125`1.MoveNext()
   at System.Collections.Generic.List`1..ctor(IEnumerable`1 collection)
   at System.Linq.Enumerable.ToList[TSource](IEnumerable`1 source)
   at Dapper.SqlMapper.Query[T](IDbConnection cnn, String sql, Object param, IDbTransaction transaction, Boolean buffered, Nullable`1 commandTimeout, Nullable`1 commandType)
   at PIVF.DataAccessLayer.NewRegistration.NewRegistrationDAL.CheckExistingDocDuplicacy(String FN, String LN, String MobNo) in F:\Backup 15 JUL 2021\Gemino_Plus_On_16Jul2021\Gemino Plus\Ganesha\PIVF.DataAccessLayer\NewRegistration\NewRegistrationDAL.cs:line 623
   at PIVF.DataAccessLayer.NewRegistration.NewRegistrationDAL.SaveUpdate(NewRegistrationVO obj) in F:\Backup 15 JUL 2021\Gemino_Plus_On_16Jul2021\Gemino Plus\Ganesha\PIVF.DataAccessLayer\NewRegistration\NewRegistrationDAL.cs:line 36
   at PIVF.Web.Api.NewRegistration.NewRegistrationAPIController.SaveUpdate(NewRegistrationVO obj) in F:\Backup 15 JUL 2021\Gemino_Plus_On_16Jul2021\Gemino Plus\Ganesha\PIVF.Web\Api\NewRegistration\NewRegistrationAPIController.cs:line 46
2021-08-30 20:21:45.0647|INFO|PIVF.Web.Api.NewRegistration.NewRegistrationAPIController|Controller Name:NewRegistrationAPI,Action:POST,Method:saveUpdate,User:gemino,UnitID:2
2021-08-30 20:21:45.0647|INFO|PIVF.Web.Api.NewRegistration.NewRegistrationAPIController|Controller Name:NewRegistrationAPI,Action:POST,Method:saveUpdate,User:gemino,UnitID:2
2021-08-30 20:23:43.8607|ERROR|PIVF.Web.Api.NewRegistration.NewRegistrationAPIController|NewRegistrationAPI/saveUpdate,MessageExecution Timeout Expired.  The timeout period elapsed prior to completion of the operation or the server is not responding.,StackTrace:   at System.Data.SqlClient.SqlConnection.OnError(SqlException exception, Boolean breakConnection, Action`1 wrapCloseInAction)
   at System.Data.SqlClient.SqlInternalConnection.OnError(SqlException exception, Boolean breakConnection, Action`1 wrapCloseInAction)
   at System.Data.SqlClient.TdsParser.ThrowExceptionAndWarning(TdsParserStateObject stateObj, Boolean callerHasConnectionLock, Boolean asyncClose)
   at System.Data.SqlClient.TdsParser.TryRun(RunBehavior runBehavior, SqlCommand cmdHandler, SqlDataReader dataStream, BulkCopySimpleResultSet bulkCopyHandler, TdsParserStateObject stateObj, Boolean& dataReady)
   at System.Data.SqlClient.SqlDataReader.TryConsumeMetaData()
   at System.Data.SqlClient.SqlDataReader.get_MetaData()
   at System.Data.SqlClient.SqlCommand.FinishExecuteReader(SqlDataReader ds, RunBehavior runBehavior, String resetOptionsString, Boolean isInternal, Boolean forDescribeParameterEncryption, Boolean shouldCacheForAlwaysEncrypted)
   at System.Data.SqlClient.SqlCommand.RunExecuteReaderTds(CommandBehavior cmdBehavior, RunBehavior runBehavior, Boolean returnStream, Boolean async, Int32 timeout, Task& task, Boolean asyncWrite, Boolean inRetry, SqlDataReader ds, Boolean describeParameterEncryptionRequest)
   at System.Data.SqlClient.SqlCommand.RunExecuteReader(CommandBehavior cmdBehavior, RunBehavior runBehavior, Boolean returnStream, String method, TaskCompletionSource`1 completion, Int32 timeout, Task& task, Boolean& usedCache, Boolean asyncWrite, Boolean inRetry)
   at System.Data.SqlClient.SqlCommand.RunExecuteReader(CommandBehavior cmdBehavior, RunBehavior runBehavior, Boolean returnStream, String method)
   at System.Data.SqlClient.SqlCommand.ExecuteReader(CommandBehavior behavior, String method)
   at System.Data.SqlClient.SqlCommand.ExecuteDbDataReader(CommandBehavior behavior)
   at System.Data.Common.DbCommand.System.Data.IDbCommand.ExecuteReader(CommandBehavior behavior)
   at Dapper.SqlMapper.ExecuteReaderWithFlagsFallback(IDbCommand cmd, Boolean wasClosed, CommandBehavior behavior)
   at Dapper.SqlMapper.<QueryImpl>d__125`1.MoveNext()
   at System.Collections.Generic.List`1..ctor(IEnumerable`1 collection)
   at System.Linq.Enumerable.ToList[TSource](IEnumerable`1 source)
   at Dapper.SqlMapper.Query[T](IDbConnection cnn, String sql, Object param, IDbTransaction transaction, Boolean buffered, Nullable`1 commandTimeout, Nullable`1 commandType)
   at PIVF.DataAccessLayer.NewRegistration.NewRegistrationDAL.CheckExistingDocDuplicacy(String FN, String LN, String MobNo) in F:\Backup 15 JUL 2021\Gemino_Plus_On_16Jul2021\Gemino Plus\Ganesha\PIVF.DataAccessLayer\NewRegistration\NewRegistrationDAL.cs:line 623
   at PIVF.DataAccessLayer.NewRegistration.NewRegistrationDAL.SaveUpdate(NewRegistrationVO obj) in F:\Backup 15 JUL 2021\Gemino_Plus_On_16Jul2021\Gemino Plus\Ganesha\PIVF.DataAccessLayer\NewRegistration\NewRegistrationDAL.cs:line 36
   at PIVF.Web.Api.NewRegistration.NewRegistrationAPIController.SaveUpdate(NewRegistrationVO obj) in F:\Backup 15 JUL 2021\Gemino_Plus_On_16Jul2021\Gemino Plus\Ganesha\PIVF.Web\Api\NewRegistration\NewRegistrationAPIController.cs:line 46
2021-08-30 20:24:37.3045|INFO|PIVF.Web.Api.NewRegistration.NewRegistrationAPIController|Controller Name:NewRegistrationAPI,Action:POST,Method:saveUpdate,User:gemino,UnitID:2
2021-08-30 20:24:37.3045|INFO|PIVF.Web.Api.NewRegistration.NewRegistrationAPIController|Controller Name:NewRegistrationAPI,Action:POST,Method:saveUpdate,User:gemino,UnitID:2
2021-08-30 20:25:45.1414|ERROR|PIVF.Web.Api.NewRegistration.NewRegistrationAPIController|NewRegistrationAPI/saveUpdate,MessageExecution Timeout Expired.  The timeout period elapsed prior to completion of the operation or the server is not responding.,StackTrace:   at System.Data.SqlClient.SqlConnection.OnError(SqlException exception, Boolean breakConnection, Action`1 wrapCloseInAction)
   at System.Data.SqlClient.SqlInternalConnection.OnError(SqlException exception, Boolean breakConnection, Action`1 wrapCloseInAction)
   at System.Data.SqlClient.TdsParser.ThrowExceptionAndWarning(TdsParserStateObject stateObj, Boolean callerHasConnectionLock, Boolean asyncClose)
   at System.Data.SqlClient.TdsParser.TryRun(RunBehavior runBehavior, SqlCommand cmdHandler, SqlDataReader dataStream, BulkCopySimpleResultSet bulkCopyHandler, TdsParserStateObject stateObj, Boolean& dataReady)
   at System.Data.SqlClient.SqlDataReader.TryConsumeMetaData()
   at System.Data.SqlClient.SqlDataReader.get_MetaData()
   at System.Data.SqlClient.SqlCommand.FinishExecuteReader(SqlDataReader ds, RunBehavior runBehavior, String resetOptionsString, Boolean isInternal, Boolean forDescribeParameterEncryption, Boolean shouldCacheForAlwaysEncrypted)
   at System.Data.SqlClient.SqlCommand.RunExecuteReaderTds(CommandBehavior cmdBehavior, RunBehavior runBehavior, Boolean returnStream, Boolean async, Int32 timeout, Task& task, Boolean asyncWrite, Boolean inRetry, SqlDataReader ds, Boolean describeParameterEncryptionRequest)
   at System.Data.SqlClient.SqlCommand.RunExecuteReader(CommandBehavior cmdBehavior, RunBehavior runBehavior, Boolean returnStream, String method, TaskCompletionSource`1 completion, Int32 timeout, Task& task, Boolean& usedCache, Boolean asyncWrite, Boolean inRetry)
   at System.Data.SqlClient.SqlCommand.RunExecuteReader(CommandBehavior cmdBehavior, RunBehavior runBehavior, Boolean returnStream, String method)
   at System.Data.SqlClient.SqlCommand.ExecuteReader(CommandBehavior behavior, String method)
   at System.Data.SqlClient.SqlCommand.ExecuteDbDataReader(CommandBehavior behavior)
   at System.Data.Common.DbCommand.System.Data.IDbCommand.ExecuteReader(CommandBehavior behavior)
   at Dapper.SqlMapper.ExecuteReaderWithFlagsFallback(IDbCommand cmd, Boolean wasClosed, CommandBehavior behavior)
   at Dapper.SqlMapper.<QueryImpl>d__125`1.MoveNext()
   at System.Collections.Generic.List`1..ctor(IEnumerable`1 collection)
   at System.Linq.Enumerable.ToList[TSource](IEnumerable`1 source)
   at Dapper.SqlMapper.Query[T](IDbConnection cnn, String sql, Object param, IDbTransaction transaction, Boolean buffered, Nullable`1 commandTimeout, Nullable`1 commandType)
   at PIVF.DataAccessLayer.NewRegistration.NewRegistrationDAL.CheckExistingDocDuplicacy(String FN, String LN, String MobNo) in F:\Backup 15 JUL 2021\Gemino_Plus_On_16Jul2021\Gemino Plus\Ganesha\PIVF.DataAccessLayer\NewRegistration\NewRegistrationDAL.cs:line 623
   at PIVF.DataAccessLayer.NewRegistration.NewRegistrationDAL.SaveUpdate(NewRegistrationVO obj) in F:\Backup 15 JUL 2021\Gemino_Plus_On_16Jul2021\Gemino Plus\Ganesha\PIVF.DataAccessLayer\NewRegistration\NewRegistrationDAL.cs:line 36
   at PIVF.Web.Api.NewRegistration.NewRegistrationAPIController.SaveUpdate(NewRegistrationVO obj) in F:\Backup 15 JUL 2021\Gemino_Plus_On_16Jul2021\Gemino Plus\Ganesha\PIVF.Web\Api\NewRegistration\NewRegistrationAPIController.cs:line 46
2021-08-30 20:38:03.7219|INFO|PIVF.Web.Api.NewRegistration.NewRegistrationAPIController|Controller Name:NewRegistrationAPI,Action:POST,Method:saveUpdate,User:gemino,UnitID:2
2021-08-30 20:38:03.7219|INFO|PIVF.Web.Api.NewRegistration.NewRegistrationAPIController|Controller Name:NewRegistrationAPI,Action:POST,Method:saveUpdate,User:gemino,UnitID:2
2021-08-30 20:38:36.3115|ERROR|PIVF.Web.Api.NewRegistration.NewRegistrationAPIController|NewRegistrationAPI/saveUpdate,MessageExecution Timeout Expired.  The timeout period elapsed prior to completion of the operation or the server is not responding.,StackTrace:   at System.Data.SqlClient.SqlConnection.OnError(SqlException exception, Boolean breakConnection, Action`1 wrapCloseInAction)
   at System.Data.SqlClient.SqlInternalConnection.OnError(SqlException exception, Boolean breakConnection, Action`1 wrapCloseInAction)
   at System.Data.SqlClient.TdsParser.ThrowExceptionAndWarning(TdsParserStateObject stateObj, Boolean callerHasConnectionLock, Boolean asyncClose)
   at System.Data.SqlClient.TdsParser.TryRun(RunBehavior runBehavior, SqlCommand cmdHandler, SqlDataReader dataStream, BulkCopySimpleResultSet bulkCopyHandler, TdsParserStateObject stateObj, Boolean& dataReady)
   at System.Data.SqlClient.SqlDataReader.TryConsumeMetaData()
   at System.Data.SqlClient.SqlDataReader.get_MetaData()
   at System.Data.SqlClient.SqlCommand.FinishExecuteReader(SqlDataReader ds, RunBehavior runBehavior, String resetOptionsString, Boolean isInternal, Boolean forDescribeParameterEncryption, Boolean shouldCacheForAlwaysEncrypted)
   at System.Data.SqlClient.SqlCommand.RunExecuteReaderTds(CommandBehavior cmdBehavior, RunBehavior runBehavior, Boolean returnStream, Boolean async, Int32 timeout, Task& task, Boolean asyncWrite, Boolean inRetry, SqlDataReader ds, Boolean describeParameterEncryptionRequest)
   at System.Data.SqlClient.SqlCommand.RunExecuteReader(CommandBehavior cmdBehavior, RunBehavior runBehavior, Boolean returnStream, String method, TaskCompletionSource`1 completion, Int32 timeout, Task& task, Boolean& usedCache, Boolean asyncWrite, Boolean inRetry)
   at System.Data.SqlClient.SqlCommand.RunExecuteReader(CommandBehavior cmdBehavior, RunBehavior runBehavior, Boolean returnStream, String method)
   at System.Data.SqlClient.SqlCommand.ExecuteReader(CommandBehavior behavior, String method)
   at System.Data.SqlClient.SqlCommand.ExecuteDbDataReader(CommandBehavior behavior)
   at System.Data.Common.DbCommand.System.Data.IDbCommand.ExecuteReader(CommandBehavior behavior)
   at Dapper.SqlMapper.ExecuteReaderWithFlagsFallback(IDbCommand cmd, Boolean wasClosed, CommandBehavior behavior)
   at Dapper.SqlMapper.<QueryImpl>d__125`1.MoveNext()
   at System.Collections.Generic.List`1..ctor(IEnumerable`1 collection)
   at System.Linq.Enumerable.ToList[TSource](IEnumerable`1 source)
   at Dapper.SqlMapper.Query[T](IDbConnection cnn, String sql, Object param, IDbTransaction transaction, Boolean buffered, Nullable`1 commandTimeout, Nullable`1 commandType)
   at PIVF.DataAccessLayer.NewRegistration.NewRegistrationDAL.CheckExistingDocDuplicacy(String FN, String LN, String MobNo) in F:\Backup 15 JUL 2021\Gemino_Plus_On_16Jul2021\Gemino Plus\Ganesha\PIVF.DataAccessLayer\NewRegistration\NewRegistrationDAL.cs:line 623
   at PIVF.DataAccessLayer.NewRegistration.NewRegistrationDAL.SaveUpdate(NewRegistrationVO obj) in F:\Backup 15 JUL 2021\Gemino_Plus_On_16Jul2021\Gemino Plus\Ganesha\PIVF.DataAccessLayer\NewRegistration\NewRegistrationDAL.cs:line 36
   at PIVF.Web.Api.NewRegistration.NewRegistrationAPIController.SaveUpdate(NewRegistrationVO obj) in F:\Backup 15 JUL 2021\Gemino_Plus_On_16Jul2021\Gemino Plus\Ganesha\PIVF.Web\Api\NewRegistration\NewRegistrationAPIController.cs:line 46
2021-08-30 20:38:40.7112|INFO|PIVF.Web.Api.NewRegistration.NewRegistrationAPIController|Controller Name:NewRegistrationAPI,Action:POST,Method:saveUpdate,User:gemino,UnitID:2
2021-08-30 20:38:40.7112|INFO|PIVF.Web.Api.NewRegistration.NewRegistrationAPIController|Controller Name:NewRegistrationAPI,Action:POST,Method:saveUpdate,User:gemino,UnitID:2
2021-08-30 20:39:29.8477|ERROR|PIVF.Web.Api.NewRegistration.NewRegistrationAPIController|NewRegistrationAPI/saveUpdate,MessageExecution Timeout Expired.  The timeout period elapsed prior to completion of the operation or the server is not responding.,StackTrace:   at System.Data.SqlClient.SqlConnection.OnError(SqlException exception, Boolean breakConnection, Action`1 wrapCloseInAction)
   at System.Data.SqlClient.SqlInternalConnection.OnError(SqlException exception, Boolean breakConnection, Action`1 wrapCloseInAction)
   at System.Data.SqlClient.TdsParser.ThrowExceptionAndWarning(TdsParserStateObject stateObj, Boolean callerHasConnectionLock, Boolean asyncClose)
   at System.Data.SqlClient.TdsParser.TryRun(RunBehavior runBehavior, SqlCommand cmdHandler, SqlDataReader dataStream, BulkCopySimpleResultSet bulkCopyHandler, TdsParserStateObject stateObj, Boolean& dataReady)
   at System.Data.SqlClient.SqlDataReader.TryConsumeMetaData()
   at System.Data.SqlClient.SqlDataReader.get_MetaData()
   at System.Data.SqlClient.SqlCommand.FinishExecuteReader(SqlDataReader ds, RunBehavior runBehavior, String resetOptionsString, Boolean isInternal, Boolean forDescribeParameterEncryption, Boolean shouldCacheForAlwaysEncrypted)
   at System.Data.SqlClient.SqlCommand.RunExecuteReaderTds(CommandBehavior cmdBehavior, RunBehavior runBehavior, Boolean returnStream, Boolean async, Int32 timeout, Task& task, Boolean asyncWrite, Boolean inRetry, SqlDataReader ds, Boolean describeParameterEncryptionRequest)
   at System.Data.SqlClient.SqlCommand.RunExecuteReader(CommandBehavior cmdBehavior, RunBehavior runBehavior, Boolean returnStream, String method, TaskCompletionSource`1 completion, Int32 timeout, Task& task, Boolean& usedCache, Boolean asyncWrite, Boolean inRetry)
   at System.Data.SqlClient.SqlCommand.RunExecuteReader(CommandBehavior cmdBehavior, RunBehavior runBehavior, Boolean returnStream, String method)
   at System.Data.SqlClient.SqlCommand.ExecuteReader(CommandBehavior behavior, String method)
   at System.Data.SqlClient.SqlCommand.ExecuteDbDataReader(CommandBehavior behavior)
   at System.Data.Common.DbCommand.System.Data.IDbCommand.ExecuteReader(CommandBehavior behavior)
   at Dapper.SqlMapper.ExecuteReaderWithFlagsFallback(IDbCommand cmd, Boolean wasClosed, CommandBehavior behavior)
   at Dapper.SqlMapper.<QueryImpl>d__125`1.MoveNext()
   at System.Collections.Generic.List`1..ctor(IEnumerable`1 collection)
   at System.Linq.Enumerable.ToList[TSource](IEnumerable`1 source)
   at Dapper.SqlMapper.Query[T](IDbConnection cnn, String sql, Object param, IDbTransaction transaction, Boolean buffered, Nullable`1 commandTimeout, Nullable`1 commandType)
   at PIVF.DataAccessLayer.NewRegistration.NewRegistrationDAL.CheckExistingDocDuplicacy(String FN, String LN, String MobNo) in F:\Backup 15 JUL 2021\Gemino_Plus_On_16Jul2021\Gemino Plus\Ganesha\PIVF.DataAccessLayer\NewRegistration\NewRegistrationDAL.cs:line 623
   at PIVF.DataAccessLayer.NewRegistration.NewRegistrationDAL.SaveUpdate(NewRegistrationVO obj) in F:\Backup 15 JUL 2021\Gemino_Plus_On_16Jul2021\Gemino Plus\Ganesha\PIVF.DataAccessLayer\NewRegistration\NewRegistrationDAL.cs:line 36
   at PIVF.Web.Api.NewRegistration.NewRegistrationAPIController.SaveUpdate(NewRegistrationVO obj) in F:\Backup 15 JUL 2021\Gemino_Plus_On_16Jul2021\Gemino Plus\Ganesha\PIVF.Web\Api\NewRegistration\NewRegistrationAPIController.cs:line 46
2021-08-30 22:00:16.8423|INFO|PIVF.Web.Api.Master.Configuration.UserAPIController|Controller Name:UserAPI,Action:HttpGet,Method:GetGrandParentList,User:gemino,UnitID:2
2021-08-30 22:00:16.8423|INFO|PIVF.Web.Api.Master.Configuration.UserAPIController|Controller Name:UserAPI,Action:HttpGet,Method:GetGrandParentList,User:gemino,UnitID:2
2021-08-30 22:00:17.0249|INFO|PIVF.Web.Api.Master.Configuration.UserAPIController|Controller Name:UserAPI,Action:HttpGet,Method:GetParentList,User:gemino,UnitID:2
2021-08-30 22:00:17.0249|INFO|PIVF.Web.Api.Master.Configuration.UserAPIController|Controller Name:UserAPI,Action:HttpGet,Method:GetParentList,User:gemino,UnitID:2
2021-08-30 22:00:17.1002|INFO|PIVF.Web.Api.Master.Configuration.UserAPIController|Controller Name:UserAPI,Action:HttpGet,Method:GetParentList,User:gemino,UnitID:2
2021-08-30 22:00:17.1002|INFO|PIVF.Web.Api.Master.Configuration.UserAPIController|Controller Name:UserAPI,Action:HttpGet,Method:GetParentList,User:gemino,UnitID:2
2021-08-30 22:00:17.3572|INFO|PIVF.Web.Api.Master.Configuration.UserAPIController|Controller Name:UserAPI,Action:HttpGet,Method:GetUserRoleRights,User:gemino,UnitID:2
2021-08-30 22:00:17.3572|INFO|PIVF.Web.Api.Master.Configuration.UserAPIController|Controller Name:UserAPI,Action:HttpGet,Method:GetUserRoleRights,User:gemino,UnitID:2
2021-08-30 22:00:18.4576|INFO|PIVF.Web.Api.Master.Common.CommonController|1_Controller Name:CommonController,Action:HttpGet,Method:GetDepartmentList,User:gemino,UnitID:2
2021-08-30 22:00:18.4576|INFO|PIVF.Web.Api.Master.Common.CommonController|1_Controller Name:CommonController,Action:HttpGet,Method:GetDepartmentList,User:gemino,UnitID:2
2021-08-30 22:00:18.9708|INFO|PIVF.Web.Api.Master.Common.CommonController|1_Controller Name:CommonController,Action:HttpGet,Method:GetSpeclRegTypeList,User:gemino,UnitID:2
2021-08-30 22:00:18.9708|INFO|PIVF.Web.Api.Master.Common.CommonController|1_Controller Name:CommonController,Action:HttpGet,Method:GetSpeclRegTypeList,User:gemino,UnitID:2
2021-08-30 22:00:19.9796|INFO|PIVF.Web.Api.Master.Common.CommonController|1_Controller Name:CommonController,Action:HttpGet,Method:GetDoctorsList,User:gemino,UnitID:2
2021-08-30 22:00:19.9796|INFO|PIVF.Web.Api.Master.Common.CommonController|1_Controller Name:CommonController,Action:HttpGet,Method:GetDoctorsList,User:gemino,UnitID:2
2021-08-30 22:00:20.4806|INFO|PIVF.Web.Api.QueueMgt.QueueMgtController|Controller Name:QueueMgt,Action:HttpPost,Method:GetQueueList,User:gemino,UnitID:2
2021-08-30 22:00:20.4806|INFO|PIVF.Web.Api.QueueMgt.QueueMgtController|Controller Name:QueueMgt,Action:HttpPost,Method:GetQueueList,User:gemino,UnitID:2
2021-08-30 22:00:24.4117|INFO|PIVF.Web.Api.Master.Common.CommonController|1_Controller Name:CommonController,Action:HttpGet,Method:GetDoctorsList,User:gemino,UnitID:2
2021-08-30 22:00:24.4117|INFO|PIVF.Web.Api.Master.Common.CommonController|1_Controller Name:CommonController,Action:HttpGet,Method:GetDoctorsList,User:gemino,UnitID:2
2021-08-30 22:00:29.1973|INFO|PIVF.Web.Api.Master.Common.CommonController|1_Controller Name:CommonController,Action:HttpGet,Method:GetDoctorsList,User:gemino,UnitID:2
2021-08-30 22:00:29.1973|INFO|PIVF.Web.Api.Master.Common.CommonController|1_Controller Name:CommonController,Action:HttpGet,Method:GetDoctorsList,User:gemino,UnitID:2
2021-08-30 22:00:48.4737|INFO|PIVF.Web.Api.Master.Clinic.DoctorController|Controller Name:Doctor,Action:GET,Method:GetDepartmentListForDoc,User:gemino,UnitID:2
2021-08-30 22:00:48.4737|INFO|PIVF.Web.Api.Master.Clinic.DoctorController|Controller Name:Doctor,Action:GET,Method:GetDepartmentListForDoc,User:gemino,UnitID:2
2021-08-30 22:00:48.6735|INFO|PIVF.Web.Api.Master.Clinic.DoctorController|Controller Name:Doctor,Action:GET,Method:GetDDGenderList,User:gemino,UnitID:2
2021-08-30 22:00:48.6735|INFO|PIVF.Web.Api.Master.Clinic.DoctorController|Controller Name:Doctor,Action:GET,Method:GetDDGenderList,User:gemino,UnitID:2
2021-08-30 22:00:48.7825|INFO|PIVF.Web.Api.Master.Clinic.DoctorController|Controller Name:Doctor,Action:GET,Method:GetDDSpecializationList,User:gemino,UnitID:2
2021-08-30 22:00:48.7825|INFO|PIVF.Web.Api.Master.Clinic.DoctorController|Controller Name:Doctor,Action:GET,Method:GetDDSpecializationList,User:gemino,UnitID:2
2021-08-30 22:00:49.4434|INFO|PIVF.Web.Api.Patient.PatientVisitController|Controller Name:PatientVisit,Action:GET,Method:GetDDVisitTypeList,User:gemino,UnitID:2
2021-08-30 22:00:49.4434|INFO|PIVF.Web.Api.Patient.PatientVisitController|Controller Name:PatientVisit,Action:GET,Method:GetDDVisitTypeList,User:gemino,UnitID:2
2021-08-30 22:00:49.9357|INFO|PIVF.Web.Api.Patient.PatientVisitController|Controller Name:PatientVisit,Action:GET,Method:GetDDCabinList,User:gemino,UnitID:2
2021-08-30 22:00:49.9357|INFO|PIVF.Web.Api.Patient.PatientVisitController|Controller Name:PatientVisit,Action:GET,Method:GetDDCabinList,User:gemino,UnitID:2
2021-08-30 22:00:50.9375|INFO|PIVF.Web.Api.Patient.PatientVisitController|Controller Name:PatientVisit,Action:GET,Method:GetDoctorList,User:gemino,UnitID:2
2021-08-30 22:00:50.9375|INFO|PIVF.Web.Api.Patient.PatientVisitController|Controller Name:PatientVisit,Action:GET,Method:GetDoctorList,User:gemino,UnitID:2
2021-08-30 22:00:51.1013|INFO|PIVF.Web.Api.Patient.PatientVisitController|Controller Name:PatientVisit,Action:GET,Method:GetDoctorList,User:gemino,UnitID:2
2021-08-30 22:00:51.1013|INFO|PIVF.Web.Api.Patient.PatientVisitController|Controller Name:PatientVisit,Action:GET,Method:GetDoctorList,User:gemino,UnitID:2
2021-08-30 22:00:51.4504|INFO|PIVF.Web.Api.Patient.PatientVisitController|Controller Name:PatientVisit,Action:GET,Method:GetPatientDetails,User:gemino,UnitID:2
2021-08-30 22:00:51.4504|INFO|PIVF.Web.Api.Patient.PatientVisitController|Controller Name:PatientVisit,Action:GET,Method:GetPatientDetails,User:gemino,UnitID:2
2021-08-30 22:00:58.9024|INFO|PIVF.Web.Api.Patient.PatientVisitController|Controller Name:PatientVisit,Action:GET,Method:LoadRelationList,User:gemino,UnitID:2
2021-08-30 22:00:58.9024|INFO|PIVF.Web.Api.Patient.PatientVisitController|Controller Name:PatientVisit,Action:GET,Method:LoadRelationList,User:gemino,UnitID:2
2021-08-30 22:00:59.4038|INFO|PIVF.Web.Api.Patient.PatientVisitController|Controller Name:PatientVisit,Action:GET,Method:GetTokenNo,User:gemino,UnitID:2
2021-08-30 22:00:59.4038|INFO|PIVF.Web.Api.Patient.PatientVisitController|Controller Name:PatientVisit,Action:GET,Method:GetTokenNo,User:gemino,UnitID:2
2021-08-30 22:00:59.9195|INFO|PIVF.Web.Api.Patient.PatientVisitController|Controller Name:PatientVisit,Action:GET,Method:GetSponsers,User:gemino,UnitID:2
2021-08-30 22:00:59.9195|INFO|PIVF.Web.Api.Patient.PatientVisitController|Controller Name:PatientVisit,Action:GET,Method:GetSponsers,User:gemino,UnitID:2
2021-08-30 22:01:00.4192|INFO|PIVF.Web.Api.Patient.PatientVisitController|Controller Name:PatientVisit,Action:GET,Method:GetVisits,User:gemino,UnitID:2
2021-08-30 22:01:00.4192|INFO|PIVF.Web.Api.Patient.PatientVisitController|Controller Name:PatientVisit,Action:GET,Method:GetVisits,User:gemino,UnitID:2
2021-08-30 22:01:10.5824|INFO|PIVF.Web.Api.Master.Common.CommonController|1_Controller Name:CommonController,Action:HttpGet,Method:GetSpeclRegTypeList,User:gemino,UnitID:2
2021-08-30 22:01:10.5824|INFO|PIVF.Web.Api.Master.Common.CommonController|1_Controller Name:CommonController,Action:HttpGet,Method:GetSpeclRegTypeList,User:gemino,UnitID:2
2021-08-30 22:01:11.6047|INFO|PIVF.Web.Api.Master.Common.CommonController|1_Controller Name:CommonController,Action:HttpGet,Method:GetDepartmentList,User:gemino,UnitID:2
2021-08-30 22:01:11.6047|INFO|PIVF.Web.Api.Master.Common.CommonController|1_Controller Name:CommonController,Action:HttpGet,Method:GetDepartmentList,User:gemino,UnitID:2
2021-08-30 22:01:12.1202|INFO|PIVF.Web.Api.QueueMgt.QueueMgtController|Controller Name:QueueMgt,Action:HttpPost,Method:GetQueueList,User:gemino,UnitID:2
2021-08-30 22:01:12.1202|INFO|PIVF.Web.Api.QueueMgt.QueueMgtController|Controller Name:QueueMgt,Action:HttpPost,Method:GetQueueList,User:gemino,UnitID:2
2021-08-30 22:01:12.6329|INFO|PIVF.Web.Api.Master.Common.CommonController|1_Controller Name:CommonController,Action:HttpGet,Method:GetDoctorsList,User:gemino,UnitID:2
2021-08-30 22:01:12.6329|INFO|PIVF.Web.Api.Master.Common.CommonController|1_Controller Name:CommonController,Action:HttpGet,Method:GetDoctorsList,User:gemino,UnitID:2
2021-08-30 22:04:24.7696|INFO|PIVF.Web.Api.Master.Common.CommonController|1_Controller Name:CommonController,Action:HttpGet,Method:GetDoctorsList,User:gemino,UnitID:2
2021-08-30 22:04:24.7696|INFO|PIVF.Web.Api.Master.Common.CommonController|1_Controller Name:CommonController,Action:HttpGet,Method:GetDoctorsList,User:gemino,UnitID:2
2021-08-30 22:04:26.6657|INFO|PIVF.Web.Api.Master.Common.CommonController|1_Controller Name:CommonController,Action:HttpGet,Method:GetDoctorsList,User:gemino,UnitID:2
2021-08-30 22:04:26.6657|INFO|PIVF.Web.Api.Master.Common.CommonController|1_Controller Name:CommonController,Action:HttpGet,Method:GetDoctorsList,User:gemino,UnitID:2
2021-08-30 22:05:13.7146|INFO|PIVF.Web.Api.NewRegistration.NewRegistrationAPIController|Controller Name:NewRegistrationAPI,Action:POST,Method:saveUpdate,User:gemino,UnitID:2
2021-08-30 22:05:13.7146|INFO|PIVF.Web.Api.NewRegistration.NewRegistrationAPIController|Controller Name:NewRegistrationAPI,Action:POST,Method:saveUpdate,User:gemino,UnitID:2
2021-08-30 22:09:14.6818|ERROR|PIVF.Web.Api.NewRegistration.NewRegistrationAPIController|NewRegistrationAPI/saveUpdate,MessageExecution Timeout Expired.  The timeout period elapsed prior to completion of the operation or the server is not responding.,StackTrace:   at System.Data.SqlClient.SqlConnection.OnError(SqlException exception, Boolean breakConnection, Action`1 wrapCloseInAction)
   at System.Data.SqlClient.SqlInternalConnection.OnError(SqlException exception, Boolean breakConnection, Action`1 wrapCloseInAction)
   at System.Data.SqlClient.TdsParser.ThrowExceptionAndWarning(TdsParserStateObject stateObj, Boolean callerHasConnectionLock, Boolean asyncClose)
   at System.Data.SqlClient.TdsParser.TryRun(RunBehavior runBehavior, SqlCommand cmdHandler, SqlDataReader dataStream, BulkCopySimpleResultSet bulkCopyHandler, TdsParserStateObject stateObj, Boolean& dataReady)
   at System.Data.SqlClient.SqlDataReader.TryConsumeMetaData()
   at System.Data.SqlClient.SqlDataReader.get_MetaData()
   at System.Data.SqlClient.SqlCommand.FinishExecuteReader(SqlDataReader ds, RunBehavior runBehavior, String resetOptionsString, Boolean isInternal, Boolean forDescribeParameterEncryption, Boolean shouldCacheForAlwaysEncrypted)
   at System.Data.SqlClient.SqlCommand.RunExecuteReaderTds(CommandBehavior cmdBehavior, RunBehavior runBehavior, Boolean returnStream, Boolean async, Int32 timeout, Task& task, Boolean asyncWrite, Boolean inRetry, SqlDataReader ds, Boolean describeParameterEncryptionRequest)
   at System.Data.SqlClient.SqlCommand.RunExecuteReader(CommandBehavior cmdBehavior, RunBehavior runBehavior, Boolean returnStream, String method, TaskCompletionSource`1 completion, Int32 timeout, Task& task, Boolean& usedCache, Boolean asyncWrite, Boolean inRetry)
   at System.Data.SqlClient.SqlCommand.RunExecuteReader(CommandBehavior cmdBehavior, RunBehavior runBehavior, Boolean returnStream, String method)
   at System.Data.SqlClient.SqlCommand.ExecuteReader(CommandBehavior behavior, String method)
   at System.Data.SqlClient.SqlCommand.ExecuteDbDataReader(CommandBehavior behavior)
   at System.Data.Common.DbCommand.System.Data.IDbCommand.ExecuteReader(CommandBehavior behavior)
   at Dapper.SqlMapper.ExecuteReaderWithFlagsFallback(IDbCommand cmd, Boolean wasClosed, CommandBehavior behavior)
   at Dapper.SqlMapper.<QueryImpl>d__125`1.MoveNext()
   at System.Collections.Generic.List`1..ctor(IEnumerable`1 collection)
   at System.Linq.Enumerable.ToList[TSource](IEnumerable`1 source)
   at Dapper.SqlMapper.Query[T](IDbConnection cnn, String sql, Object param, IDbTransaction transaction, Boolean buffered, Nullable`1 commandTimeout, Nullable`1 commandType)
   at PIVF.DataAccessLayer.NewRegistration.NewRegistrationDAL.CheckExistingDocDuplicacy(String FN, String LN, String MobNo) in F:\Backup 15 JUL 2021\Gemino_Plus_On_16Jul2021\Gemino Plus\Ganesha\PIVF.DataAccessLayer\NewRegistration\NewRegistrationDAL.cs:line 623
   at PIVF.DataAccessLayer.NewRegistration.NewRegistrationDAL.SaveUpdate(NewRegistrationVO obj) in F:\Backup 15 JUL 2021\Gemino_Plus_On_16Jul2021\Gemino Plus\Ganesha\PIVF.DataAccessLayer\NewRegistration\NewRegistrationDAL.cs:line 36
   at PIVF.Web.Api.NewRegistration.NewRegistrationAPIController.SaveUpdate(NewRegistrationVO obj) in F:\Backup 15 JUL 2021\Gemino_Plus_On_16Jul2021\Gemino Plus\Ganesha\PIVF.Web\Api\NewRegistration\NewRegistrationAPIController.cs:line 46
