2025-04-07 09:31:24.3351|INFO|PIVF.Web.Api.PatientDashboard.PatientDashboardAPIController|Controller Name:PatientDashboardAPI,Action:GET,Method:GetVisitTypeList,User:prajwal,UnitID:2
2025-04-07 09:31:24.3351|INFO|PIVF.Web.Api.PatientDashboard.PatientDashboardAPIController|Controller Name:PatientDashboardAPI,Action:GET,Method:GetVisitTypeList,User:prajwal,UnitID:2
2025-04-07 09:31:24.3719|INFO|PIVF.Web.Api.FertivueDashboard.FertivueDashboardController|Controller Name:FertivueDashboard,Action:GET,Method:GetRegistrationDashboardByAgeGroupCount,User:prajwal,UnitID:2
2025-04-07 09:31:24.3719|INFO|PIVF.Web.Api.FertivueDashboard.FertivueDashboardController|Controller Name:FertivueDashboard,Action:GET,Method:GetRegistrationDashboardByAgeGroupCount,User:prajwal,UnitID:2
2025-04-07 09:31:24.3947|INFO|PIVF.Web.Api.PatientDashboard.PatientDashboardAPIController|Controller Name:PatientDashboardAPI,Action:GET,Method:GetVisitTypeList,User:prajwal,UnitID:2
2025-04-07 09:31:24.3947|INFO|PIVF.Web.Api.PatientDashboard.PatientDashboardAPIController|Controller Name:PatientDashboardAPI,Action:GET,Method:GetVisitTypeList,User:prajwal,UnitID:2
2025-04-07 09:31:24.4385|INFO|PIVF.Web.Api.FertivueDashboard.FertivueDashboardController|Controller Name:FertivueDashboard,Action:GET,Method:GetAppointmentDashboardCount,User:prajwal,UnitID:2
2025-04-07 09:31:24.4385|INFO|PIVF.Web.Api.FertivueDashboard.FertivueDashboardController|Controller Name:FertivueDashboard,Action:GET,Method:GetAppointmentDashboardCount,User:prajwal,UnitID:2
2025-04-07 09:31:24.4516|INFO|PIVF.Web.Api.FertivueDashboard.FertivueDashboardController|Controller Name:FertivueDashboard,Action:GET,Method:GetInvestigationDashboardCount,User:prajwal,UnitID:2
2025-04-07 09:31:24.4516|INFO|PIVF.Web.Api.FertivueDashboard.FertivueDashboardController|Controller Name:FertivueDashboard,Action:GET,Method:GetInvestigationDashboardCount,User:prajwal,UnitID:2
2025-04-07 09:31:24.4723|INFO|PIVF.Web.Api.FertivueDashboard.FertivueDashboardController|Controller Name:FertivueDashboard,Action:GET,Method:GetBillingDashboardCount,User:prajwal,UnitID:2
2025-04-07 09:31:24.4723|INFO|PIVF.Web.Api.FertivueDashboard.FertivueDashboardController|Controller Name:FertivueDashboard,Action:GET,Method:GetBillingDashboardCount,User:prajwal,UnitID:2
2025-04-07 09:31:24.5086|INFO|PIVF.Web.Api.FertivueDashboard.FertivueDashboardController|Controller Name:FertivueDashboard,Action:GET,Method:GetTotalRevenueDashboardServiceTypeCount,User:prajwal,UnitID:2
2025-04-07 09:31:24.5086|INFO|PIVF.Web.Api.FertivueDashboard.FertivueDashboardController|Controller Name:FertivueDashboard,Action:GET,Method:GetTotalRevenueDashboardServiceTypeCount,User:prajwal,UnitID:2
2025-04-07 09:31:24.5520|INFO|PIVF.Web.Api.FertivueDashboard.FertivueDashboardController|Controller Name:FertivueDashboard,Action:GET,Method:GetAdminDashboardPercentageCounts,User:prajwal,UnitID:2
2025-04-07 09:31:24.5520|INFO|PIVF.Web.Api.FertivueDashboard.FertivueDashboardController|Controller Name:FertivueDashboard,Action:GET,Method:GetAdminDashboardPercentageCounts,User:prajwal,UnitID:2
2025-04-07 09:31:25.0616|INFO|PIVF.Web.Api.Master.Configuration.UserAPIController|Controller Name:UserAPI,Action:HttpGet,Method:GetUserRoleRights,User:prajwal,UnitID:2
2025-04-07 09:31:25.0616|INFO|PIVF.Web.Api.Master.Configuration.UserAPIController|Controller Name:UserAPI,Action:HttpGet,Method:GetUserRoleRights,User:prajwal,UnitID:2
2025-04-07 09:31:26.0839|INFO|PIVF.Web.Api.Master.Configuration.UserAPIController|Controller Name:UserAPI,Action:HttpGet,Method:GetGrandParentList,User:prajwal,UnitID:2
2025-04-07 09:31:26.0839|INFO|PIVF.Web.Api.Master.Configuration.UserAPIController|Controller Name:UserAPI,Action:HttpGet,Method:GetGrandParentList,User:prajwal,UnitID:2
2025-04-07 09:31:29.4029|INFO|PIVF.Web.Api.Master.Configuration.UserAPIController|Controller Name:UserAPI,Action:HttpGet,Method:GetParentList,User:prajwal,UnitID:2
2025-04-07 09:31:29.4029|INFO|PIVF.Web.Api.Master.Configuration.UserAPIController|Controller Name:UserAPI,Action:HttpGet,Method:GetParentList,User:prajwal,UnitID:2
2025-04-07 09:31:29.4238|INFO|PIVF.Web.Api.Master.Configuration.UserAPIController|Controller Name:UserAPI,Action:HttpGet,Method:GetParentList,User:prajwal,UnitID:2
2025-04-07 09:31:29.4238|INFO|PIVF.Web.Api.Master.Configuration.UserAPIController|Controller Name:UserAPI,Action:HttpGet,Method:GetParentList,User:prajwal,UnitID:2
2025-04-07 09:31:45.0982|INFO|PIVF.Web.Api.IPD.IPDController|Controller Name:IPD,Action:GET,Method:GetBedMasterList,User:prajwal,UnitID:2
2025-04-07 09:31:45.0982|INFO|PIVF.Web.Api.IPD.IPDController|Controller Name:IPD,Action:GET,Method:GetBedMasterList,User:prajwal,UnitID:2
2025-04-07 09:31:45.6216|INFO|PIVF.Web.Api.Master.Clinic.DoctorController|Controller Name:Doctor,Action:GET,Method:GetDepartmentListForDoc,User:prajwal,UnitID:2
2025-04-07 09:31:45.6216|INFO|PIVF.Web.Api.Master.Clinic.DoctorController|Controller Name:Doctor,Action:GET,Method:GetDepartmentListForDoc,User:prajwal,UnitID:2
2025-04-07 09:31:46.1205|INFO|PIVF.Web.Api.IPD.IPDController|Controller Name:IPD,Action:GET,Method:GetWardMasterList,User:prajwal,UnitID:2
2025-04-07 09:31:46.1205|INFO|PIVF.Web.Api.IPD.IPDController|Controller Name:IPD,Action:GET,Method:GetWardMasterList,User:prajwal,UnitID:2
2025-04-07 09:31:46.6330|INFO|PIVF.Web.Api.IPD.IPDController|Controller Name:IPD,Action:GET,Method:GetClassMasterList,User:prajwal,UnitID:2
2025-04-07 09:31:46.6330|INFO|PIVF.Web.Api.IPD.IPDController|Controller Name:IPD,Action:GET,Method:GetClassMasterList,User:prajwal,UnitID:2
2025-04-07 09:32:20.2001|INFO|PIVF.Web.Api.Master.Configuration.UserAPIController|Controller Name:UserAPI,Action:HttpGet,Method:GetRoleList,User:prajwal,UnitID:2
2025-04-07 09:32:20.2001|INFO|PIVF.Web.Api.Master.Configuration.UserAPIController|Controller Name:UserAPI,Action:HttpGet,Method:GetRoleList,User:prajwal,UnitID:2
2025-04-07 09:32:21.5990|INFO|PIVF.Web.Api.Master.Configuration.UserAPIController|Controller Name:UserAPI,Action:HttpGet,Method:GetRoleList,User:prajwal,UnitID:2
2025-04-07 09:32:21.5990|INFO|PIVF.Web.Api.Master.Configuration.UserAPIController|Controller Name:UserAPI,Action:HttpGet,Method:GetRoleList,User:prajwal,UnitID:2
2025-04-07 09:32:23.1672|INFO|PIVF.Web.Api.Master.Configuration.UserAPIController|Controller Name:UserAPI,Action:HttpGet,Method:GetRoleList,User:prajwal,UnitID:2
2025-04-07 09:32:23.1672|INFO|PIVF.Web.Api.Master.Configuration.UserAPIController|Controller Name:UserAPI,Action:HttpGet,Method:GetRoleList,User:prajwal,UnitID:2
2025-04-07 09:32:24.5700|INFO|PIVF.Web.Api.Master.Configuration.UserAPIController|Controller Name:UserAPI,Action:HttpGet,Method:GetRoleList,User:prajwal,UnitID:2
2025-04-07 09:32:24.5700|INFO|PIVF.Web.Api.Master.Configuration.UserAPIController|Controller Name:UserAPI,Action:HttpGet,Method:GetRoleList,User:prajwal,UnitID:2
2025-04-07 09:32:33.3174|INFO|PIVF.Web.Api.IPD.IPDController|Controller Name:IPD,Action:GET,Method:GetBedMasterList,User:prajwal,UnitID:2
2025-04-07 09:32:33.3174|INFO|PIVF.Web.Api.IPD.IPDController|Controller Name:IPD,Action:GET,Method:GetBedMasterList,User:prajwal,UnitID:2
2025-04-07 09:32:40.0747|INFO|PIVF.Web.Api.IPD.IPDController|Controller Name:IPD,Action:GET,Method:GetBedMasterList,User:prajwal,UnitID:2
2025-04-07 09:32:40.0747|INFO|PIVF.Web.Api.IPD.IPDController|Controller Name:IPD,Action:GET,Method:GetBedMasterList,User:prajwal,UnitID:2
2025-04-07 09:32:43.8028|INFO|PIVF.Web.Api.IPD.IPDController|Controller Name:IPD,Action:GET,Method:GetBedMasterList,User:prajwal,UnitID:2
2025-04-07 09:32:43.8028|INFO|PIVF.Web.Api.IPD.IPDController|Controller Name:IPD,Action:GET,Method:GetBedMasterList,User:prajwal,UnitID:2
