2023-12-05 16:44:42.3276|INFO|PIVF.Web.Api.Master.Configuration.UserAPIController|Controller Name:UserAPI,Action:HttpGet,Method:GetParentList,User:admin,UnitID:2
2023-12-05 16:44:42.3276|INFO|PIVF.Web.Api.Master.Configuration.UserAPIController|Controller Name:UserAPI,Action:HttpGet,Method:GetParentList,User:admin,UnitID:2
2023-12-05 16:44:42.4184|INFO|PIVF.Web.Api.Master.Configuration.UserAPIController|Controller Name:UserAPI,Action:HttpGet,Method:GetParentList,User:admin,UnitID:2
2023-12-05 16:44:42.4184|INFO|PIVF.Web.Api.Master.Configuration.UserAPIController|Controller Name:UserAPI,Action:HttpGet,Method:GetParentList,User:admin,UnitID:2
2023-12-05 16:44:43.1546|INFO|PIVF.Web.Api.Master.Configuration.UserAPIController|Controller Name:UserAPI,Action:HttpGet,Method:GetGrandParentList,User:admin,UnitID:2
2023-12-05 16:44:43.1546|INFO|PIVF.Web.Api.Master.Configuration.UserAPIController|Controller Name:UserAPI,Action:HttpGet,Method:GetGrandParentList,User:admin,UnitID:2
2023-12-05 16:44:43.1742|INFO|PIVF.Web.Api.Master.Configuration.UserAPIController|Controller Name:UserAPI,Action:HttpGet,Method:GetUserRoleRights,User:admin,UnitID:2
2023-12-05 16:44:43.1742|INFO|PIVF.Web.Api.Master.Configuration.UserAPIController|Controller Name:UserAPI,Action:HttpGet,Method:GetUserRoleRights,User:admin,UnitID:2
2023-12-05 16:44:44.2092|INFO|PIVF.Web.Api.Master.Common.CommonController|1_Controller Name:CommonController,Action:HttpGet,Method:GetDoctorsList,User:admin,UnitID:2
2023-12-05 16:44:44.2092|INFO|PIVF.Web.Api.Master.Common.CommonController|1_Controller Name:CommonController,Action:HttpGet,Method:GetDoctorsList,User:admin,UnitID:2
2023-12-05 16:44:44.7115|INFO|PIVF.Web.Api.Master.Common.CommonController|1_Controller Name:CommonController,Action:HttpGet,Method:GetDepartmentList,User:admin,UnitID:2
2023-12-05 16:44:44.7115|INFO|PIVF.Web.Api.Master.Common.CommonController|1_Controller Name:CommonController,Action:HttpGet,Method:GetDepartmentList,User:admin,UnitID:2
2023-12-05 16:44:44.7497|INFO|PIVF.Web.Api.QueueMgt.QueueMgtController|Controller Name:QueueMgt,Action:HttpPost,Method:GetQueueList,User:admin,UnitID:2
2023-12-05 16:44:44.7497|INFO|PIVF.Web.Api.QueueMgt.QueueMgtController|Controller Name:QueueMgt,Action:HttpPost,Method:GetQueueList,User:admin,UnitID:2
2023-12-05 16:44:45.2297|INFO|PIVF.Web.Api.Master.Common.CommonController|1_Controller Name:CommonController,Action:HttpGet,Method:GetSpeclRegTypeList,User:admin,UnitID:2
2023-12-05 16:44:45.2297|INFO|PIVF.Web.Api.Master.Common.CommonController|1_Controller Name:CommonController,Action:HttpGet,Method:GetSpeclRegTypeList,User:admin,UnitID:2
2023-12-05 16:44:59.0091|INFO|PIVF.Web.Api.EMR.LandingPage.EMRLandingPageAPIController|Controller Name:EMRLandingPageAPI,Action:GET,Method:GetEMRLandingPageData,User:admin,UnitID:2
2023-12-05 16:44:59.0091|INFO|PIVF.Web.Api.EMR.LandingPage.EMRLandingPageAPIController|Controller Name:EMRLandingPageAPI,Action:GET,Method:GetEMRLandingPageData,User:admin,UnitID:2
2023-12-05 16:47:43.8521|INFO|PIVF.Web.Api.Master.Common.CommonController|Controller Name:Common,Action:GET,Method:GetActiveVisitByPatient,User:admin,UnitID:2
2023-12-05 16:47:43.8521|INFO|PIVF.Web.Api.Master.Common.CommonController|Controller Name:Common,Action:GET,Method:GetActiveVisitByPatient,User:admin,UnitID:2
2023-12-05 16:47:46.9379|INFO|PIVF.Web.Api.EMR.MaleHistory.SemenAnalysisController|Controller Name:SemenAnalysis,Action:GET,Method:GetSemenAnalysisList,User:admin,UnitID:2
2023-12-05 16:47:46.9379|INFO|PIVF.Web.Api.EMR.MaleHistory.SemenAnalysisController|Controller Name:SemenAnalysis,Action:GET,Method:GetSemenAnalysisList,User:admin,UnitID:2
2023-12-05 16:47:47.0942|INFO|PIVF.Web.Api.EMR.MaleHistory.SurgicalSpermRetrievalController|Controller Name:SurgicalSpermRetrieval,Action:GET,Method:GetSurgeonList,User:admin,UnitID:2
2023-12-05 16:47:47.0942|INFO|PIVF.Web.Api.EMR.MaleHistory.SurgicalSpermRetrievalController|Controller Name:SurgicalSpermRetrieval,Action:GET,Method:GetSurgeonList,User:admin,UnitID:2
2023-12-05 16:47:47.0942|INFO|PIVF.Web.Api.EMR.MaleHistory.SurgicalSpermRetrievalController|Controller Name:SurgicalSpermRetrieval,Action:GET,Method:GetAnesthetist,User:admin,UnitID:2
2023-12-05 16:47:47.0942|INFO|PIVF.Web.Api.EMR.MaleHistory.SurgicalSpermRetrievalController|Controller Name:SurgicalSpermRetrieval,Action:GET,Method:GetAnesthetist,User:admin,UnitID:2
2023-12-05 16:48:09.2681|INFO|PIVF.Web.Api.New_ART.NewARTController|Controller Name:NewART,Action:GET,Method:newCyclebtnFlag,User:admin,UnitID:2
2023-12-05 16:48:09.2681|INFO|PIVF.Web.Api.New_ART.NewARTController|Controller Name:NewART,Action:GET,Method:newCyclebtnFlag,User:admin,UnitID:2
2023-12-05 16:48:09.7720|INFO|PIVF.Web.Api.New_ART.NewARTController|Controller Name:NewART,Action:GET,Method:GetARTCycleList,User:admin,UnitID:2
2023-12-05 16:48:09.7720|INFO|PIVF.Web.Api.New_ART.NewARTController|Controller Name:NewART,Action:GET,Method:GetARTCycleList,User:admin,UnitID:2
2023-12-05 16:48:13.9240|INFO|PIVF.Web.Api.EMR.MaleHistory.SemenAnalysisController|Controller Name:SemenAnalysis,Action:GET,Method:GetSemenAnalysisList,User:admin,UnitID:2
2023-12-05 16:48:13.9240|INFO|PIVF.Web.Api.EMR.MaleHistory.SemenAnalysisController|Controller Name:SemenAnalysis,Action:GET,Method:GetSemenAnalysisList,User:admin,UnitID:2
2023-12-05 16:48:14.1263|INFO|PIVF.Web.Api.EMR.MaleHistory.SurgicalSpermRetrievalController|Controller Name:SurgicalSpermRetrieval,Action:GET,Method:GetSurgeonList,User:admin,UnitID:2
2023-12-05 16:48:14.1263|INFO|PIVF.Web.Api.EMR.MaleHistory.SurgicalSpermRetrievalController|Controller Name:SurgicalSpermRetrieval,Action:GET,Method:GetSurgeonList,User:admin,UnitID:2
2023-12-05 16:48:14.1732|INFO|PIVF.Web.Api.EMR.MaleHistory.SurgicalSpermRetrievalController|Controller Name:SurgicalSpermRetrieval,Action:GET,Method:GetAnesthetist,User:admin,UnitID:2
2023-12-05 16:48:14.1732|INFO|PIVF.Web.Api.EMR.MaleHistory.SurgicalSpermRetrievalController|Controller Name:SurgicalSpermRetrieval,Action:GET,Method:GetAnesthetist,User:admin,UnitID:2
2023-12-05 17:01:34.1131|INFO|PIVF.Web.Api.EMR.MaleHistory.SemenAnalysisController|Controller Name:SemenAnalysis,Action:POST,Method:SaveUpdate,User:admin,UnitID:2
2023-12-05 17:01:34.1131|INFO|PIVF.Web.Api.EMR.MaleHistory.SemenAnalysisController|Controller Name:SemenAnalysis,Action:POST,Method:SaveUpdate,User:admin,UnitID:2
2023-12-05 17:01:34.4930|INFO|PIVF.Web.Api.EMR.MaleHistory.SemenAnalysisController|Controller Name:SemenAnalysis,Action:GET,Method:GetSemenAnalysisList,User:admin,UnitID:2
2023-12-05 17:01:34.4930|INFO|PIVF.Web.Api.EMR.MaleHistory.SemenAnalysisController|Controller Name:SemenAnalysis,Action:GET,Method:GetSemenAnalysisList,User:admin,UnitID:2
2023-12-05 17:01:34.7951|INFO|PIVF.Web.Api.EMR.MaleHistory.SurgicalSpermRetrievalController|Controller Name:SurgicalSpermRetrieval,Action:GET,Method:GetAnesthetist,User:admin,UnitID:2
2023-12-05 17:01:34.7951|INFO|PIVF.Web.Api.EMR.MaleHistory.SurgicalSpermRetrievalController|Controller Name:SurgicalSpermRetrieval,Action:GET,Method:GetAnesthetist,User:admin,UnitID:2
2023-12-05 17:01:35.2655|INFO|PIVF.Web.Api.EMR.MaleHistory.SurgicalSpermRetrievalController|Controller Name:SurgicalSpermRetrieval,Action:GET,Method:GetSurgeonList,User:admin,UnitID:2
2023-12-05 17:01:35.2655|INFO|PIVF.Web.Api.EMR.MaleHistory.SurgicalSpermRetrievalController|Controller Name:SurgicalSpermRetrieval,Action:GET,Method:GetSurgeonList,User:admin,UnitID:2
2023-12-05 17:01:37.3681|INFO|PIVF.Web.Api.EMR.MaleHistory.SemenAnalysisController|Controller Name:SemenAnalysis,Action:GET,Method:GetSemenAnalysisList,User:admin,UnitID:2
2023-12-05 17:01:37.3681|INFO|PIVF.Web.Api.EMR.MaleHistory.SemenAnalysisController|Controller Name:SemenAnalysis,Action:GET,Method:GetSemenAnalysisList,User:admin,UnitID:2
2023-12-05 17:01:50.2337|INFO|PIVF.Web.Api.EMR.MaleHistory.SemenAnalysisController|Controller Name:SemenAnalysis,Action:POST,Method:SaveUpdate,User:admin,UnitID:2
2023-12-05 17:01:50.2337|INFO|PIVF.Web.Api.EMR.MaleHistory.SemenAnalysisController|Controller Name:SemenAnalysis,Action:POST,Method:SaveUpdate,User:admin,UnitID:2
2023-12-05 17:01:50.4970|INFO|PIVF.Web.Api.EMR.MaleHistory.SemenAnalysisController|Controller Name:SemenAnalysis,Action:GET,Method:GetSemenAnalysisList,User:admin,UnitID:2
2023-12-05 17:01:50.4970|INFO|PIVF.Web.Api.EMR.MaleHistory.SemenAnalysisController|Controller Name:SemenAnalysis,Action:GET,Method:GetSemenAnalysisList,User:admin,UnitID:2
2023-12-05 17:01:50.6413|INFO|PIVF.Web.Api.EMR.MaleHistory.SurgicalSpermRetrievalController|Controller Name:SurgicalSpermRetrieval,Action:GET,Method:GetSurgeonList,User:admin,UnitID:2
2023-12-05 17:01:50.6413|INFO|PIVF.Web.Api.EMR.MaleHistory.SurgicalSpermRetrievalController|Controller Name:SurgicalSpermRetrieval,Action:GET,Method:GetSurgeonList,User:admin,UnitID:2
2023-12-05 17:01:51.2132|INFO|PIVF.Web.Api.EMR.MaleHistory.SurgicalSpermRetrievalController|Controller Name:SurgicalSpermRetrieval,Action:GET,Method:GetAnesthetist,User:admin,UnitID:2
2023-12-05 17:01:51.2132|INFO|PIVF.Web.Api.EMR.MaleHistory.SurgicalSpermRetrievalController|Controller Name:SurgicalSpermRetrieval,Action:GET,Method:GetAnesthetist,User:admin,UnitID:2
2023-12-05 17:01:55.2538|INFO|PIVF.Web.Api.EMR.MaleHistory.SemenAnalysisController|Controller Name:SemenAnalysis,Action:GET,Method:GetSemenAnalysisList,User:admin,UnitID:2
2023-12-05 17:01:55.2538|INFO|PIVF.Web.Api.EMR.MaleHistory.SemenAnalysisController|Controller Name:SemenAnalysis,Action:GET,Method:GetSemenAnalysisList,User:admin,UnitID:2
2023-12-05 17:02:59.0709|INFO|PIVF.Web.Api.EMR.MaleHistory.SemenAnalysisController|Controller Name:SemenAnalysis,Action:GET,Method:GetSemenAnalysisList,User:admin,UnitID:2
2023-12-05 17:02:59.0709|INFO|PIVF.Web.Api.EMR.MaleHistory.SemenAnalysisController|Controller Name:SemenAnalysis,Action:GET,Method:GetSemenAnalysisList,User:admin,UnitID:2
2023-12-05 17:19:22.6234|INFO|PIVF.Web.Api.New_ART.NewARTController|Controller Name:NewART,Action:GET,Method:newCyclebtnFlag,User:admin,UnitID:2
2023-12-05 17:19:22.6234|INFO|PIVF.Web.Api.New_ART.NewARTController|Controller Name:NewART,Action:GET,Method:newCyclebtnFlag,User:admin,UnitID:2
2023-12-05 17:19:23.6425|INFO|PIVF.Web.Api.New_ART.NewARTController|Controller Name:NewART,Action:GET,Method:GetARTCycleList,User:admin,UnitID:2
2023-12-05 17:19:23.6425|INFO|PIVF.Web.Api.New_ART.NewARTController|Controller Name:NewART,Action:GET,Method:GetARTCycleList,User:admin,UnitID:2
2023-12-05 17:19:27.9005|INFO|PIVF.Web.Api.EMR.MaleHistory.SemenAnalysisController|Controller Name:SemenAnalysis,Action:GET,Method:GetSemenAnalysisList,User:admin,UnitID:2
2023-12-05 17:19:27.9005|INFO|PIVF.Web.Api.EMR.MaleHistory.SemenAnalysisController|Controller Name:SemenAnalysis,Action:GET,Method:GetSemenAnalysisList,User:admin,UnitID:2
2023-12-05 17:19:28.6815|INFO|PIVF.Web.Api.EMR.MaleHistory.SurgicalSpermRetrievalController|Controller Name:SurgicalSpermRetrieval,Action:GET,Method:GetSurgeonList,User:admin,UnitID:2
2023-12-05 17:19:28.6815|INFO|PIVF.Web.Api.EMR.MaleHistory.SurgicalSpermRetrievalController|Controller Name:SurgicalSpermRetrieval,Action:GET,Method:GetSurgeonList,User:admin,UnitID:2
2023-12-05 17:19:29.2707|INFO|PIVF.Web.Api.EMR.MaleHistory.SurgicalSpermRetrievalController|Controller Name:SurgicalSpermRetrieval,Action:GET,Method:GetAnesthetist,User:admin,UnitID:2
2023-12-05 17:19:29.2707|INFO|PIVF.Web.Api.EMR.MaleHistory.SurgicalSpermRetrievalController|Controller Name:SurgicalSpermRetrieval,Action:GET,Method:GetAnesthetist,User:admin,UnitID:2
2023-12-05 17:28:21.2923|INFO|PIVF.Web.Api.EMR.MaleHistory.SemenAnalysisController|Controller Name:SemenAnalysis,Action:GET,Method:GetSALinkByPatientID,User:admin,UnitID:2
2023-12-05 17:28:21.2923|INFO|PIVF.Web.Api.EMR.MaleHistory.SemenAnalysisController|Controller Name:SemenAnalysis,Action:GET,Method:GetSALinkByPatientID,User:admin,UnitID:2
2023-12-05 17:28:29.8320|INFO|PIVF.Web.Api.New_ART.NewARTController|Controller Name:NewART,Action:GET,Method:GetARTCycleList,User:admin,UnitID:2
2023-12-05 17:28:29.8320|INFO|PIVF.Web.Api.New_ART.NewARTController|Controller Name:NewART,Action:GET,Method:GetARTCycleList,User:admin,UnitID:2
2023-12-05 17:28:30.3457|INFO|PIVF.Web.Api.New_ART.NewARTController|Controller Name:NewART,Action:GET,Method:newCyclebtnFlag,User:admin,UnitID:2
2023-12-05 17:28:30.3457|INFO|PIVF.Web.Api.New_ART.NewARTController|Controller Name:NewART,Action:GET,Method:newCyclebtnFlag,User:admin,UnitID:2
2023-12-05 17:28:34.4404|INFO|PIVF.Web.Api.New_ART.NewARTController|Controller Name:NewART,Action:GET,Method:GetCycleOverview,User:admin,UnitID:2
2023-12-05 17:28:34.4404|INFO|PIVF.Web.Api.New_ART.NewARTController|Controller Name:NewART,Action:GET,Method:GetCycleOverview,User:admin,UnitID:2
2023-12-05 17:28:34.5924|INFO|PIVF.Web.Api.New_ART.NewARTController|Controller Name:NewART,Action:GET,Method:GetMedicalHistory,User:admin,UnitID:2
2023-12-05 17:28:34.5924|INFO|PIVF.Web.Api.New_ART.NewARTController|Controller Name:NewART,Action:GET,Method:GetMedicalHistory,User:admin,UnitID:2
2023-12-05 17:28:37.0947|INFO|PIVF.Web.Api.New_ART.NewARTController|Controller Name:NewART,Action:GET,Method:GetDetails,User:admin,UnitID:2
2023-12-05 17:28:37.0947|INFO|PIVF.Web.Api.New_ART.NewARTController|Controller Name:NewART,Action:GET,Method:GetDetails,User:admin,UnitID:2
2023-12-05 17:28:40.1097|INFO|PIVF.Web.Api.Master.Common.CommonController|Controller Name:Common,Action:GET,Method:GetActiveVisitByPatient,User:admin,UnitID:2
2023-12-05 17:28:40.1097|INFO|PIVF.Web.Api.Master.Common.CommonController|Controller Name:Common,Action:GET,Method:GetActiveVisitByPatient,User:admin,UnitID:2
2023-12-05 17:28:42.4396|INFO|PIVF.Web.Api.Master.Common.CommonController|Controller Name:Common,Action:POST,Method:PutSelectedvisitByPatient,User:admin,UnitID:2
2023-12-05 17:28:42.4396|INFO|PIVF.Web.Api.Master.Common.CommonController|Controller Name:Common,Action:POST,Method:PutSelectedvisitByPatient,User:admin,UnitID:2
2023-12-05 17:28:43.1599|INFO|PIVF.Web.Api.ARTMgmt.StimulationChart.StimulationChartController|Controller Name:StimulationChart,Action:GET,Method:SetLandingPageControls,User:admin,UnitID:2
2023-12-05 17:28:43.1599|INFO|PIVF.Web.Api.ARTMgmt.StimulationChart.StimulationChartController|Controller Name:StimulationChart,Action:GET,Method:SetLandingPageControls,User:admin,UnitID:2
2023-12-05 17:28:43.5979|INFO|PIVF.Web.Api.Master.Common.CommonController|1_Controller Name:CommonController,Action:HttpGet,Method:GetDoctorsList,User:admin,UnitID:2
2023-12-05 17:28:43.5979|INFO|PIVF.Web.Api.Master.Common.CommonController|1_Controller Name:CommonController,Action:HttpGet,Method:GetDoctorsList,User:admin,UnitID:2
2023-12-05 17:28:43.6541|INFO|PIVF.Web.Api.ARTMgmt.StimulationChart.StimulationChartController|Controller Name:StimulationChart,Action:GET,Method:GetStimulationChartSizeDetails,User:admin,UnitID:2
2023-12-05 17:28:43.6541|INFO|PIVF.Web.Api.ARTMgmt.StimulationChart.StimulationChartController|Controller Name:StimulationChart,Action:GET,Method:GetStimulationChartSizeDetails,User:admin,UnitID:2
2023-12-05 17:28:45.9824|INFO|PIVF.Web.Api.ARTMgmt.IUI.IUIAPIController|Controller Name:IUIAPI,Action:GET,Method:GetIUIDetails,User:admin,UnitID:2
2023-12-05 17:28:45.9824|INFO|PIVF.Web.Api.ARTMgmt.IUI.IUIAPIController|Controller Name:IUIAPI,Action:GET,Method:GetIUIDetails,User:admin,UnitID:2
2023-12-05 17:29:05.9935|INFO|PIVF.Web.Api.ARTMgmt.IUI.IUIAPIController|Controller Name:IUIAPI,Action:GET,Method:GetThowSmaples,User:admin,UnitID:2
2023-12-05 17:29:05.9935|INFO|PIVF.Web.Api.ARTMgmt.IUI.IUIAPIController|Controller Name:IUIAPI,Action:GET,Method:GetThowSmaples,User:admin,UnitID:2
2023-12-05 17:29:26.1105|INFO|PIVF.Web.Api.ARTMgmt.Outcome.OutcomeAPIController|Controller Name:OutcomeAPI,Action:GET,Method:GetETPregnancydate,User:admin,UnitID:2
2023-12-05 17:29:26.1105|INFO|PIVF.Web.Api.ARTMgmt.Outcome.OutcomeAPIController|Controller Name:OutcomeAPI,Action:GET,Method:GetETPregnancydate,User:admin,UnitID:2
2023-12-05 17:29:27.5619|INFO|PIVF.Web.Api.ARTMgmt.Outcome.OutcomeAPIController|Controller Name:OutcomeAPI,Action:GET,Method:GetOutcomeDetails,User:admin,UnitID:2
2023-12-05 17:29:27.5619|INFO|PIVF.Web.Api.ARTMgmt.Outcome.OutcomeAPIController|Controller Name:OutcomeAPI,Action:GET,Method:GetOutcomeDetails,User:admin,UnitID:2
2023-12-05 17:29:27.6692|INFO|PIVF.Web.Api.ARTMgmt.Outcome.OutcomeAPIController|Controller Name:OutcomeAPI,Action:GET,Method:GetETPregnancydate,User:admin,UnitID:2
2023-12-05 17:29:27.6692|INFO|PIVF.Web.Api.ARTMgmt.Outcome.OutcomeAPIController|Controller Name:OutcomeAPI,Action:GET,Method:GetETPregnancydate,User:admin,UnitID:2
2023-12-05 17:29:30.5989|INFO|PIVF.Web.Api.New_ART.NewARTController|Controller Name:NewART,Action:GET,Method:newCyclebtnFlag,User:admin,UnitID:2
2023-12-05 17:29:30.5989|INFO|PIVF.Web.Api.New_ART.NewARTController|Controller Name:NewART,Action:GET,Method:newCyclebtnFlag,User:admin,UnitID:2
2023-12-05 17:29:31.1082|INFO|PIVF.Web.Api.New_ART.NewARTController|Controller Name:NewART,Action:GET,Method:GetARTCycleList,User:admin,UnitID:2
2023-12-05 17:29:31.1082|INFO|PIVF.Web.Api.New_ART.NewARTController|Controller Name:NewART,Action:GET,Method:GetARTCycleList,User:admin,UnitID:2
2023-12-05 17:29:54.1499|INFO|PIVF.Web.Api.EMR.MaleHistory.SemenPrepController|Controller Name:SemenPrep,Action:GET,Method:GetSemenPreparationListForTC,User:admin,UnitID:2
2023-12-05 17:29:54.1499|INFO|PIVF.Web.Api.EMR.MaleHistory.SemenPrepController|Controller Name:SemenPrep,Action:GET,Method:GetSemenPreparationListForTC,User:admin,UnitID:2
2023-12-05 18:00:48.4549|INFO|PIVF.Web.Api.EMR.MaleHistory.SemenPrepController|Controller Name:SemenPrep,Action:POST,Method:SaveUpdate,User:admin,UnitID:2
2023-12-05 18:00:48.4549|INFO|PIVF.Web.Api.EMR.MaleHistory.SemenPrepController|Controller Name:SemenPrep,Action:POST,Method:SaveUpdate,User:admin,UnitID:2
2023-12-05 18:00:48.5496|INFO|PIVF.Web.Api.EMR.MaleHistory.SemenPrepController|Controller Name:SemenPrep,Action:GET,Method:GetSemenPreparationListForTC,User:admin,UnitID:2
2023-12-05 18:00:48.5496|INFO|PIVF.Web.Api.EMR.MaleHistory.SemenPrepController|Controller Name:SemenPrep,Action:GET,Method:GetSemenPreparationListForTC,User:admin,UnitID:2
2023-12-05 18:00:48.7307|INFO|PIVF.Web.Api.EMR.MaleHistory.SemenPrepController|Controller Name:SemenPrep,Action:GET,Method:GetSemenPreparationListForTC,User:admin,UnitID:2
2023-12-05 18:00:48.7307|INFO|PIVF.Web.Api.EMR.MaleHistory.SemenPrepController|Controller Name:SemenPrep,Action:GET,Method:GetSemenPreparationListForTC,User:admin,UnitID:2
2023-12-05 18:01:00.9903|INFO|PIVF.Web.Api.New_ART.NewARTController|Controller Name:NewART,Action:GET,Method:newCyclebtnFlag,User:admin,UnitID:2
2023-12-05 18:01:00.9903|INFO|PIVF.Web.Api.New_ART.NewARTController|Controller Name:NewART,Action:GET,Method:newCyclebtnFlag,User:admin,UnitID:2
2023-12-05 18:01:01.5074|INFO|PIVF.Web.Api.New_ART.NewARTController|Controller Name:NewART,Action:GET,Method:GetARTCycleList,User:admin,UnitID:2
2023-12-05 18:01:01.5074|INFO|PIVF.Web.Api.New_ART.NewARTController|Controller Name:NewART,Action:GET,Method:GetARTCycleList,User:admin,UnitID:2
2023-12-05 18:01:06.3493|INFO|PIVF.Web.Api.EMR.MaleHistory.SemenFreezController|Controller Name:SemenFreez,Action:GET,Method:GetSemenFreezList,User:admin,UnitID:2
2023-12-05 18:01:06.3493|INFO|PIVF.Web.Api.EMR.MaleHistory.SemenFreezController|Controller Name:SemenFreez,Action:GET,Method:GetSemenFreezList,User:admin,UnitID:2
2023-12-05 18:01:06.8034|INFO|PIVF.Web.Api.EMR.MaleHistory.SemenFreezController|Controller Name:SemenFreez,Action:GET,Method:GetMaxID,User:admin,UnitID:2
2023-12-05 18:01:06.8034|INFO|PIVF.Web.Api.EMR.MaleHistory.SemenFreezController|Controller Name:SemenFreez,Action:GET,Method:GetMaxID,User:admin,UnitID:2
2023-12-05 18:07:27.8329|INFO|PIVF.Web.Api.New_ART.NewARTController|Controller Name:NewART,Action:GET,Method:newCyclebtnFlag,User:admin,UnitID:2
2023-12-05 18:07:27.8329|INFO|PIVF.Web.Api.New_ART.NewARTController|Controller Name:NewART,Action:GET,Method:newCyclebtnFlag,User:admin,UnitID:2
2023-12-05 18:07:28.3598|INFO|PIVF.Web.Api.New_ART.NewARTController|Controller Name:NewART,Action:GET,Method:GetARTCycleList,User:admin,UnitID:2
2023-12-05 18:07:28.3598|INFO|PIVF.Web.Api.New_ART.NewARTController|Controller Name:NewART,Action:GET,Method:GetARTCycleList,User:admin,UnitID:2
2023-12-05 18:07:45.3178|INFO|PIVF.Web.Api.EMR.MaleHistory.SemenThawingController|Controller Name:SemenThawing,Action:GET,Method:GetFreezDetails,User:admin,UnitID:2
2023-12-05 18:07:45.3178|INFO|PIVF.Web.Api.EMR.MaleHistory.SemenThawingController|Controller Name:SemenThawing,Action:GET,Method:GetFreezDetails,User:admin,UnitID:2
2023-12-05 18:07:45.8284|INFO|PIVF.Web.Api.EMR.MaleHistory.SemenThawingController|Controller Name:SemenThawing,Action:GET,Method:GetFreezDetails,User:admin,UnitID:2
2023-12-05 18:07:45.8284|INFO|PIVF.Web.Api.EMR.MaleHistory.SemenThawingController|Controller Name:SemenThawing,Action:GET,Method:GetFreezDetails,User:admin,UnitID:2
2023-12-05 18:10:52.5997|INFO|PIVF.Web.Api.EMR.MaleHistory.SemenThawingController|Controller Name:SemenThawing,Action:GET,Method:GetFreezDetails,User:admin,UnitID:2
2023-12-05 18:10:52.5997|INFO|PIVF.Web.Api.EMR.MaleHistory.SemenThawingController|Controller Name:SemenThawing,Action:GET,Method:GetFreezDetails,User:admin,UnitID:2
2023-12-05 18:10:53.1045|INFO|PIVF.Web.Api.EMR.MaleHistory.SemenThawingController|Controller Name:SemenThawing,Action:GET,Method:GetFreezDetails,User:admin,UnitID:2
2023-12-05 18:10:53.1045|INFO|PIVF.Web.Api.EMR.MaleHistory.SemenThawingController|Controller Name:SemenThawing,Action:GET,Method:GetFreezDetails,User:admin,UnitID:2
2023-12-05 18:21:09.4778|INFO|PIVF.Web.Api.New_ART.NewARTController|Controller Name:NewART,Action:GET,Method:newCyclebtnFlag,User:admin,UnitID:2
2023-12-05 18:21:09.4778|INFO|PIVF.Web.Api.New_ART.NewARTController|Controller Name:NewART,Action:GET,Method:newCyclebtnFlag,User:admin,UnitID:2
2023-12-05 18:21:09.9890|INFO|PIVF.Web.Api.New_ART.NewARTController|Controller Name:NewART,Action:GET,Method:GetARTCycleList,User:admin,UnitID:2
2023-12-05 18:21:09.9890|INFO|PIVF.Web.Api.New_ART.NewARTController|Controller Name:NewART,Action:GET,Method:GetARTCycleList,User:admin,UnitID:2
2023-12-05 18:21:17.4049|INFO|PIVF.Web.Api.EMR.MaleHistory.SurgicalSpermRetrievalController|Controller Name:SurgicalSpermRetrieval,Action:GET,Method:GetSurgicalSpermRetrivalByPatientID,User:admin,UnitID:2
2023-12-05 18:21:17.4049|INFO|PIVF.Web.Api.EMR.MaleHistory.SurgicalSpermRetrievalController|Controller Name:SurgicalSpermRetrieval,Action:GET,Method:GetSurgicalSpermRetrivalByPatientID,User:admin,UnitID:2
2023-12-05 18:25:22.1523|INFO|PIVF.Web.Api.New_ART.NewARTController|Controller Name:NewART,Action:GET,Method:newCyclebtnFlag,User:admin,UnitID:2
2023-12-05 18:25:22.1523|INFO|PIVF.Web.Api.New_ART.NewARTController|Controller Name:NewART,Action:GET,Method:newCyclebtnFlag,User:admin,UnitID:2
2023-12-05 18:25:22.6744|INFO|PIVF.Web.Api.New_ART.NewARTController|Controller Name:NewART,Action:GET,Method:GetARTCycleList,User:admin,UnitID:2
2023-12-05 18:25:22.6744|INFO|PIVF.Web.Api.New_ART.NewARTController|Controller Name:NewART,Action:GET,Method:GetARTCycleList,User:admin,UnitID:2
2023-12-05 18:25:25.1124|INFO|PIVF.Web.Api.New_ART.NewARTController|Controller Name:NewART,Action:GET,Method:GetCycleOverview,User:admin,UnitID:2
2023-12-05 18:25:25.1124|INFO|PIVF.Web.Api.New_ART.NewARTController|Controller Name:NewART,Action:GET,Method:GetCycleOverview,User:admin,UnitID:2
2023-12-05 18:25:25.3174|INFO|PIVF.Web.Api.New_ART.NewARTController|Controller Name:NewART,Action:GET,Method:GetMedicalHistory,User:admin,UnitID:2
2023-12-05 18:25:25.3174|INFO|PIVF.Web.Api.New_ART.NewARTController|Controller Name:NewART,Action:GET,Method:GetMedicalHistory,User:admin,UnitID:2
2023-12-05 18:25:27.2996|INFO|PIVF.Web.Api.ARTMgmt.IUI.IUIAPIController|Controller Name:IUIAPI,Action:GET,Method:GetIUIDetails,User:admin,UnitID:2
2023-12-05 18:25:27.2996|INFO|PIVF.Web.Api.ARTMgmt.IUI.IUIAPIController|Controller Name:IUIAPI,Action:GET,Method:GetIUIDetails,User:admin,UnitID:2
2023-12-05 18:25:27.8168|INFO|PIVF.Web.Api.New_ART.NewARTController|Controller Name:NewART,Action:GET,Method:GetDetails,User:admin,UnitID:2
2023-12-05 18:25:27.8168|INFO|PIVF.Web.Api.New_ART.NewARTController|Controller Name:NewART,Action:GET,Method:GetDetails,User:admin,UnitID:2
2023-12-05 18:25:41.4790|INFO|PIVF.Web.Api.ARTMgmt.IUI.IUIAPIController|Controller Name:IUIAPI,Action:GET,Method:LoadDonorData,User:admin,UnitID:2
2023-12-05 18:25:41.4790|INFO|PIVF.Web.Api.ARTMgmt.IUI.IUIAPIController|Controller Name:IUIAPI,Action:GET,Method:LoadDonorData,User:admin,UnitID:2
2023-12-05 18:25:47.4632|INFO|PIVF.Web.Api.ARTMgmt.IUI.IUIAPIController|Controller Name:IUIAPI,Action:GET,Method:GetDonorFrozenSamples,User:admin,UnitID:2
2023-12-05 18:25:47.4632|INFO|PIVF.Web.Api.ARTMgmt.IUI.IUIAPIController|Controller Name:IUIAPI,Action:GET,Method:GetDonorFrozenSamples,User:admin,UnitID:2
2023-12-05 18:26:07.3990|INFO|PIVF.Web.Api.EMR.MaleHistory.SemenThawingController|Controller Name:SemenThawing,Action:POST,Method:SaveUpdate,User:admin,UnitID:2
2023-12-05 18:26:07.3990|INFO|PIVF.Web.Api.EMR.MaleHistory.SemenThawingController|Controller Name:SemenThawing,Action:POST,Method:SaveUpdate,User:admin,UnitID:2
2023-12-05 18:27:23.4426|INFO|PIVF.Web.Api.Master.Common.CommonController|Controller Name:Common,Action:GET,Method:GetActiveVisitByPatient,User:admin,UnitID:2
2023-12-05 18:27:23.4426|INFO|PIVF.Web.Api.Master.Common.CommonController|Controller Name:Common,Action:GET,Method:GetActiveVisitByPatient,User:admin,UnitID:2
2023-12-05 18:27:24.7817|INFO|PIVF.Web.Api.Master.Common.CommonController|Controller Name:Common,Action:GET,Method:GetActiveVisitByPatient,User:admin,UnitID:2
2023-12-05 18:27:24.7817|INFO|PIVF.Web.Api.Master.Common.CommonController|Controller Name:Common,Action:GET,Method:GetActiveVisitByPatient,User:admin,UnitID:2
2023-12-05 18:27:25.3893|INFO|PIVF.Web.Api.EMR.LandingPage.EMRLandingPageAPIController|Controller Name:EMRLandingPageAPI,Action:GET,Method:GetEMRLandingPageData,User:admin,UnitID:2
2023-12-05 18:27:25.3893|INFO|PIVF.Web.Api.EMR.LandingPage.EMRLandingPageAPIController|Controller Name:EMRLandingPageAPI,Action:GET,Method:GetEMRLandingPageData,User:admin,UnitID:2
2023-12-05 18:27:28.2127|INFO|PIVF.Web.Api.Master.Common.CommonController|Controller Name:Common,Action:POST,Method:PutSelectedvisitByPatient,User:admin,UnitID:2
2023-12-05 18:27:28.2127|INFO|PIVF.Web.Api.Master.Common.CommonController|Controller Name:Common,Action:POST,Method:PutSelectedvisitByPatient,User:admin,UnitID:2
2023-12-05 18:27:29.3624|INFO|PIVF.Web.Api.New_ART.NewARTController|Controller Name:NewART,Action:GET,Method:GetARTCycleList,User:admin,UnitID:2
2023-12-05 18:27:29.3624|INFO|PIVF.Web.Api.New_ART.NewARTController|Controller Name:NewART,Action:GET,Method:GetARTCycleList,User:admin,UnitID:2
2023-12-05 18:27:30.3808|INFO|PIVF.Web.Api.New_ART.NewARTController|Controller Name:NewART,Action:GET,Method:newCyclebtnFlag,User:admin,UnitID:2
2023-12-05 18:27:30.3808|INFO|PIVF.Web.Api.New_ART.NewARTController|Controller Name:NewART,Action:GET,Method:newCyclebtnFlag,User:admin,UnitID:2
2023-12-05 18:27:34.1346|INFO|PIVF.Web.Api.New_ART.NewARTController|Controller Name:NewART,Action:GET,Method:GetCycleOverview,User:admin,UnitID:2
2023-12-05 18:27:34.1346|INFO|PIVF.Web.Api.New_ART.NewARTController|Controller Name:NewART,Action:GET,Method:GetCycleOverview,User:admin,UnitID:2
2023-12-05 18:27:34.3518|INFO|PIVF.Web.Api.New_ART.NewARTController|Controller Name:NewART,Action:GET,Method:GetMedicalHistory,User:admin,UnitID:2
2023-12-05 18:27:34.3518|INFO|PIVF.Web.Api.New_ART.NewARTController|Controller Name:NewART,Action:GET,Method:GetMedicalHistory,User:admin,UnitID:2
2023-12-05 18:27:36.8473|INFO|PIVF.Web.Api.New_ART.NewARTController|Controller Name:NewART,Action:GET,Method:GetDetails,User:admin,UnitID:2
2023-12-05 18:27:36.8473|INFO|PIVF.Web.Api.New_ART.NewARTController|Controller Name:NewART,Action:GET,Method:GetDetails,User:admin,UnitID:2
2023-12-05 18:27:42.0338|INFO|PIVF.Web.Api.ARTMgmt.EmbryoTransfer.EmbryoTransferAPIController|Controller Name:EmbryoTransferAPI,Action:GET,Method:FillETMaster,User:admin,UnitID:2
2023-12-05 18:27:42.0338|INFO|PIVF.Web.Api.ARTMgmt.EmbryoTransfer.EmbryoTransferAPIController|Controller Name:EmbryoTransferAPI,Action:GET,Method:FillETMaster,User:admin,UnitID:2
2023-12-05 18:27:42.1629|INFO|PIVF.Web.Api.ARTMgmt.EmbryoTransfer.EmbryoTransferAPIController|Controller Name:EmbryoTransferAPI,Action:GET,Method:FillETGrid,User:admin,UnitID:2
2023-12-05 18:27:42.1629|INFO|PIVF.Web.Api.ARTMgmt.EmbryoTransfer.EmbryoTransferAPIController|Controller Name:EmbryoTransferAPI,Action:GET,Method:FillETGrid,User:admin,UnitID:2
2023-12-05 18:27:48.0572|INFO|PIVF.Web.Api.ARTMgmt.Embrology.EmbrologyAPIController|Controller Name:EmbrologyAPI,Action:GET,Method:GetOPUData,User:admin,UnitID:2
2023-12-05 18:27:48.0572|INFO|PIVF.Web.Api.ARTMgmt.Embrology.EmbrologyAPIController|Controller Name:EmbrologyAPI,Action:GET,Method:GetOPUData,User:admin,UnitID:2
2023-12-05 18:27:48.1633|INFO|PIVF.Web.Api.ARTMgmt.Embrology.EmbrologyAPIController|Controller Name:EmbrologyAPI,Action:GET,Method:fillDayOocyteGrid,User:admin,UnitID:2
2023-12-05 18:27:48.1633|INFO|PIVF.Web.Api.ARTMgmt.Embrology.EmbrologyAPIController|Controller Name:EmbrologyAPI,Action:GET,Method:fillDayOocyteGrid,User:admin,UnitID:2
2023-12-05 18:27:59.1383|INFO|PIVF.Web.Api.ARTMgmt.Embrology.EmbrologyAPIController|Controller Name:EmbrologyAPI,Action:GET,Method:fillDayThreeOocyteGrid,User:admin,UnitID:2
2023-12-05 18:27:59.1383|INFO|PIVF.Web.Api.ARTMgmt.Embrology.EmbrologyAPIController|Controller Name:EmbrologyAPI,Action:GET,Method:fillDayThreeOocyteGrid,User:admin,UnitID:2
2023-12-05 18:28:00.4155|INFO|PIVF.Web.Api.ARTMgmt.Embrology.EmbrologyAPIController|Controller Name:EmbrologyAPI,Action:GET,Method:FillDayThreeMaster,User:admin,UnitID:2
2023-12-05 18:28:00.4155|INFO|PIVF.Web.Api.ARTMgmt.Embrology.EmbrologyAPIController|Controller Name:EmbrologyAPI,Action:GET,Method:FillDayThreeMaster,User:admin,UnitID:2
2023-12-05 18:28:50.2613|INFO|PIVF.Web.Api.ARTMgmt.EmbryoTransfer.EmbryoTransferAPIController|Controller Name:EmbryoTransferAPI,Action:GET,Method:FillETMaster,User:admin,UnitID:2
2023-12-05 18:28:50.2613|INFO|PIVF.Web.Api.ARTMgmt.EmbryoTransfer.EmbryoTransferAPIController|Controller Name:EmbryoTransferAPI,Action:GET,Method:FillETMaster,User:admin,UnitID:2
2023-12-05 18:28:50.3373|INFO|PIVF.Web.Api.ARTMgmt.EmbryoTransfer.EmbryoTransferAPIController|Controller Name:EmbryoTransferAPI,Action:GET,Method:FillETGrid,User:admin,UnitID:2
2023-12-05 18:28:50.3373|INFO|PIVF.Web.Api.ARTMgmt.EmbryoTransfer.EmbryoTransferAPIController|Controller Name:EmbryoTransferAPI,Action:GET,Method:FillETGrid,User:admin,UnitID:2
2023-12-05 18:28:58.7902|INFO|PIVF.Web.Api.ARTMgmt.Embrology.EmbrologyAPIController|Controller Name:EmbrologyAPI,Action:GET,Method:GetOPUData,User:admin,UnitID:2
2023-12-05 18:28:58.7902|INFO|PIVF.Web.Api.ARTMgmt.Embrology.EmbrologyAPIController|Controller Name:EmbrologyAPI,Action:GET,Method:GetOPUData,User:admin,UnitID:2
2023-12-05 18:28:58.8274|INFO|PIVF.Web.Api.ARTMgmt.Embrology.EmbrologyAPIController|Controller Name:EmbrologyAPI,Action:GET,Method:fillDayOocyteGrid,User:admin,UnitID:2
2023-12-05 18:28:58.8274|INFO|PIVF.Web.Api.ARTMgmt.Embrology.EmbrologyAPIController|Controller Name:EmbrologyAPI,Action:GET,Method:fillDayOocyteGrid,User:admin,UnitID:2
2023-12-05 18:29:25.6567|INFO|PIVF.Web.Api.Master.Common.CommonController|1_Controller Name:CommonController,Action:HttpGet,Method:GetDoctorsList,User:admin,UnitID:2
2023-12-05 18:29:25.6567|INFO|PIVF.Web.Api.Master.Common.CommonController|1_Controller Name:CommonController,Action:HttpGet,Method:GetDoctorsList,User:admin,UnitID:2
2023-12-05 18:29:55.5702|INFO|PIVF.Web.Api.ARTMgmt.Embrology.EmbrologyAPIController|Controller Name:EmbrologyAPI,Action:GET,Method:GetOPUData,User:admin,UnitID:2
2023-12-05 18:29:55.5702|INFO|PIVF.Web.Api.ARTMgmt.Embrology.EmbrologyAPIController|Controller Name:EmbrologyAPI,Action:GET,Method:GetOPUData,User:admin,UnitID:2
2023-12-05 18:29:55.6076|INFO|PIVF.Web.Api.ARTMgmt.Embrology.EmbrologyAPIController|Controller Name:EmbrologyAPI,Action:GET,Method:fillDayOocyteGrid,User:admin,UnitID:2
2023-12-05 18:29:55.6076|INFO|PIVF.Web.Api.ARTMgmt.Embrology.EmbrologyAPIController|Controller Name:EmbrologyAPI,Action:GET,Method:fillDayOocyteGrid,User:admin,UnitID:2
2023-12-05 18:29:58.0888|INFO|PIVF.Web.Api.ARTMgmt.Embrology.EmbrologyAPIController|Controller Name:EmbrologyAPI,Action:GET,Method:GetOocytesForDay0,User:admin,UnitID:2
2023-12-05 18:29:58.0888|INFO|PIVF.Web.Api.ARTMgmt.Embrology.EmbrologyAPIController|Controller Name:EmbrologyAPI,Action:GET,Method:GetOocytesForDay0,User:admin,UnitID:2
2023-12-05 18:29:58.6576|INFO|PIVF.Web.Api.ARTMgmt.Embrology.EmbrologyAPIController|Controller Name:EmbrologyAPI,Action:GET,Method:FillDayZeroOocyteGrid,User:admin,UnitID:2
2023-12-05 18:29:58.6576|INFO|PIVF.Web.Api.ARTMgmt.Embrology.EmbrologyAPIController|Controller Name:EmbrologyAPI,Action:GET,Method:FillDayZeroOocyteGrid,User:admin,UnitID:2
2023-12-05 18:29:58.8691|INFO|PIVF.Web.Api.ARTMgmt.Embrology.EmbrologyAPIController|Controller Name:EmbrologyAPI,Action:GET,Method:GetSemenDetails,User:admin,UnitID:2
2023-12-05 18:29:58.8691|INFO|PIVF.Web.Api.ARTMgmt.Embrology.EmbrologyAPIController|Controller Name:EmbrologyAPI,Action:GET,Method:GetSemenDetails,User:admin,UnitID:2
2023-12-05 18:30:15.0506|INFO|PIVF.Web.Api.ARTMgmt.Embrology.EmbrologyAPIController|Controller Name:EmbrologyAPI,Action:GET,Method:fillDayFiveOocyteGrid,User:admin,UnitID:2
2023-12-05 18:30:15.0506|INFO|PIVF.Web.Api.ARTMgmt.Embrology.EmbrologyAPIController|Controller Name:EmbrologyAPI,Action:GET,Method:fillDayFiveOocyteGrid,User:admin,UnitID:2
2023-12-05 18:30:17.1558|INFO|PIVF.Web.Api.ARTMgmt.Embrology.EmbrologyAPIController|Controller Name:EmbrologyAPI,Action:GET,Method:FillDayFiveMaster,User:admin,UnitID:2
2023-12-05 18:30:17.1558|INFO|PIVF.Web.Api.ARTMgmt.Embrology.EmbrologyAPIController|Controller Name:EmbrologyAPI,Action:GET,Method:FillDayFiveMaster,User:admin,UnitID:2
2023-12-05 18:30:31.2753|INFO|PIVF.Web.Api.ARTMgmt.Embrology.EmbrologyAPIController|Controller Name:EmbrologyAPI,Action:POST,Method:SaveDayFiveProcess,User:admin,UnitID:2
2023-12-05 18:30:31.2753|INFO|PIVF.Web.Api.ARTMgmt.Embrology.EmbrologyAPIController|Controller Name:EmbrologyAPI,Action:POST,Method:SaveDayFiveProcess,User:admin,UnitID:2
2023-12-05 18:30:31.4750|INFO|PIVF.Web.Api.ARTMgmt.Embrology.EmbrologyAPIController|Controller Name:EmbrologyAPI,Action:GET,Method:fillDayOocyteGrid,User:admin,UnitID:2
2023-12-05 18:30:31.4750|INFO|PIVF.Web.Api.ARTMgmt.Embrology.EmbrologyAPIController|Controller Name:EmbrologyAPI,Action:GET,Method:fillDayOocyteGrid,User:admin,UnitID:2
2023-12-05 18:30:35.5366|INFO|PIVF.Web.Api.ARTMgmt.Embrology.EmbrologyAPIController|Controller Name:EmbrologyAPI,Action:GET,Method:fillDayFourOocyteGrid,User:admin,UnitID:2
2023-12-05 18:30:35.5366|INFO|PIVF.Web.Api.ARTMgmt.Embrology.EmbrologyAPIController|Controller Name:EmbrologyAPI,Action:GET,Method:fillDayFourOocyteGrid,User:admin,UnitID:2
2023-12-05 18:30:36.0031|INFO|PIVF.Web.Api.ARTMgmt.Embrology.EmbrologyAPIController|Controller Name:EmbrologyAPI,Action:GET,Method:FillDayFourMaster,User:admin,UnitID:2
2023-12-05 18:30:36.0031|INFO|PIVF.Web.Api.ARTMgmt.Embrology.EmbrologyAPIController|Controller Name:EmbrologyAPI,Action:GET,Method:FillDayFourMaster,User:admin,UnitID:2
2023-12-05 18:30:58.6010|INFO|PIVF.Web.Api.ARTMgmt.Embrology.EmbrologyAPIController|Controller Name:EmbrologyAPI,Action:POST,Method:SaveDayFourProcess,User:admin,UnitID:2
2023-12-05 18:30:58.6010|INFO|PIVF.Web.Api.ARTMgmt.Embrology.EmbrologyAPIController|Controller Name:EmbrologyAPI,Action:POST,Method:SaveDayFourProcess,User:admin,UnitID:2
2023-12-05 18:30:58.7879|INFO|PIVF.Web.Api.ARTMgmt.Embrology.EmbrologyAPIController|Controller Name:EmbrologyAPI,Action:GET,Method:fillDayOocyteGrid,User:admin,UnitID:2
2023-12-05 18:30:58.7879|INFO|PIVF.Web.Api.ARTMgmt.Embrology.EmbrologyAPIController|Controller Name:EmbrologyAPI,Action:GET,Method:fillDayOocyteGrid,User:admin,UnitID:2
2023-12-05 18:31:06.2818|INFO|PIVF.Web.Api.ARTMgmt.Cryo_Preservation.EmbryoVitrificationAPIController|Controller Name:EmbryoVitrificationAPI,Action:GET,Method:GetFreezeEmbryo,User:admin,UnitID:2
2023-12-05 18:31:06.2818|INFO|PIVF.Web.Api.ARTMgmt.Cryo_Preservation.EmbryoVitrificationAPIController|Controller Name:EmbryoVitrificationAPI,Action:GET,Method:GetFreezeEmbryo,User:admin,UnitID:2
2023-12-05 18:31:06.3811|INFO|PIVF.Web.Api.ARTMgmt.Cryo_Preservation.EmbryoVitrificationAPIController|Controller Name:EmbryoVitrificationAPI,Action:GET,Method:FillMaster,User:admin,UnitID:2
2023-12-05 18:31:06.3811|INFO|PIVF.Web.Api.ARTMgmt.Cryo_Preservation.EmbryoVitrificationAPIController|Controller Name:EmbryoVitrificationAPI,Action:GET,Method:FillMaster,User:admin,UnitID:2
2023-12-05 18:31:20.4756|INFO|PIVF.Web.Api.ARTMgmt.Cryo_Preservation.EmbryoThowingAPIController|Controller Name:EmbryoThowingAPI,Action:GET,Method:GetFreezeEmbryo,User:admin,UnitID:2
2023-12-05 18:31:20.4756|INFO|PIVF.Web.Api.ARTMgmt.Cryo_Preservation.EmbryoThowingAPIController|Controller Name:EmbryoThowingAPI,Action:GET,Method:GetFreezeEmbryo,User:admin,UnitID:2
2023-12-05 18:31:20.6306|INFO|PIVF.Web.Api.ARTMgmt.Cryo_Preservation.EmbryoThowingAPIController|Controller Name:EmbryoThowingAPI,Action:GET,Method:FillMaster,User:admin,UnitID:2
2023-12-05 18:31:20.6306|INFO|PIVF.Web.Api.ARTMgmt.Cryo_Preservation.EmbryoThowingAPIController|Controller Name:EmbryoThowingAPI,Action:GET,Method:FillMaster,User:admin,UnitID:2
2023-12-05 18:31:20.6823|INFO|PIVF.Web.Api.ARTMgmt.Cryo_Preservation.EmbryoThowingAPIController|Controller Name:EmbryoThowingAPI,Action:GET,Method:GetThawingData,User:admin,UnitID:2
2023-12-05 18:31:20.6823|INFO|PIVF.Web.Api.ARTMgmt.Cryo_Preservation.EmbryoThowingAPIController|Controller Name:EmbryoThowingAPI,Action:GET,Method:GetThawingData,User:admin,UnitID:2
2023-12-05 18:31:33.8786|INFO|PIVF.Web.Api.ARTMgmt.Cryo_Preservation.EmbryoVitrificationAPIController|Controller Name:EmbryoVitrificationAPI,Action:GET,Method:GetFreezeEmbryo,User:admin,UnitID:2
2023-12-05 18:31:33.8786|INFO|PIVF.Web.Api.ARTMgmt.Cryo_Preservation.EmbryoVitrificationAPIController|Controller Name:EmbryoVitrificationAPI,Action:GET,Method:GetFreezeEmbryo,User:admin,UnitID:2
2023-12-05 18:31:33.9010|INFO|PIVF.Web.Api.ARTMgmt.Cryo_Preservation.EmbryoVitrificationAPIController|Controller Name:EmbryoVitrificationAPI,Action:GET,Method:FillMaster,User:admin,UnitID:2
2023-12-05 18:31:33.9010|INFO|PIVF.Web.Api.ARTMgmt.Cryo_Preservation.EmbryoVitrificationAPIController|Controller Name:EmbryoVitrificationAPI,Action:GET,Method:FillMaster,User:admin,UnitID:2
2023-12-05 18:31:53.9644|INFO|PIVF.Web.Api.ARTMgmt.Cryo_Preservation.EmbryoVitrificationAPIController|Controller Name:EmbryoVitrificationAPI,Action:GET,Method:GetFreezeEmbryo,User:admin,UnitID:2
2023-12-05 18:31:53.9644|INFO|PIVF.Web.Api.ARTMgmt.Cryo_Preservation.EmbryoVitrificationAPIController|Controller Name:EmbryoVitrificationAPI,Action:GET,Method:GetFreezeEmbryo,User:admin,UnitID:2
2023-12-05 18:31:54.0054|INFO|PIVF.Web.Api.ARTMgmt.Cryo_Preservation.EmbryoVitrificationAPIController|Controller Name:EmbryoVitrificationAPI,Action:GET,Method:FillMaster,User:admin,UnitID:2
2023-12-05 18:31:54.0054|INFO|PIVF.Web.Api.ARTMgmt.Cryo_Preservation.EmbryoVitrificationAPIController|Controller Name:EmbryoVitrificationAPI,Action:GET,Method:FillMaster,User:admin,UnitID:2
2023-12-05 18:32:04.6255|INFO|PIVF.Web.Api.ARTMgmt.Cryo_Preservation.EmbryoThowingAPIController|Controller Name:EmbryoThowingAPI,Action:GET,Method:GetFreezeEmbryo,User:admin,UnitID:2
2023-12-05 18:32:04.6255|INFO|PIVF.Web.Api.ARTMgmt.Cryo_Preservation.EmbryoThowingAPIController|Controller Name:EmbryoThowingAPI,Action:GET,Method:GetFreezeEmbryo,User:admin,UnitID:2
2023-12-05 18:32:04.6832|INFO|PIVF.Web.Api.ARTMgmt.Cryo_Preservation.EmbryoThowingAPIController|Controller Name:EmbryoThowingAPI,Action:GET,Method:FillMaster,User:admin,UnitID:2
2023-12-05 18:32:04.6832|INFO|PIVF.Web.Api.ARTMgmt.Cryo_Preservation.EmbryoThowingAPIController|Controller Name:EmbryoThowingAPI,Action:GET,Method:FillMaster,User:admin,UnitID:2
2023-12-05 18:32:04.6981|INFO|PIVF.Web.Api.ARTMgmt.Cryo_Preservation.EmbryoThowingAPIController|Controller Name:EmbryoThowingAPI,Action:GET,Method:GetThawingData,User:admin,UnitID:2
2023-12-05 18:32:04.6981|INFO|PIVF.Web.Api.ARTMgmt.Cryo_Preservation.EmbryoThowingAPIController|Controller Name:EmbryoThowingAPI,Action:GET,Method:GetThawingData,User:admin,UnitID:2
2023-12-05 18:41:01.0466|INFO|PIVF.Web.Api.Master.Configuration.UserAPIController|Controller Name:UserAPI,Action:HttpGet,Method:GetUserRoleRights,User:admin,UnitID:2
2023-12-05 18:41:01.0466|INFO|PIVF.Web.Api.Master.Configuration.UserAPIController|Controller Name:UserAPI,Action:HttpGet,Method:GetUserRoleRights,User:admin,UnitID:2
2023-12-05 18:41:01.3476|INFO|PIVF.Web.Api.Master.Common.CommonController|1_Controller Name:CommonController,Action:HttpGet,Method:GetDoctorsList,User:admin,UnitID:2
2023-12-05 18:41:01.3476|INFO|PIVF.Web.Api.Master.Common.CommonController|1_Controller Name:CommonController,Action:HttpGet,Method:GetDoctorsList,User:admin,UnitID:2
2023-12-05 18:41:01.3682|INFO|PIVF.Web.Api.Master.Common.CommonController|1_Controller Name:CommonController,Action:HttpGet,Method:GetSpeclRegTypeList,User:admin,UnitID:2
2023-12-05 18:41:01.3682|INFO|PIVF.Web.Api.Master.Common.CommonController|1_Controller Name:CommonController,Action:HttpGet,Method:GetSpeclRegTypeList,User:admin,UnitID:2
2023-12-05 18:41:01.8526|INFO|PIVF.Web.Api.Master.Common.CommonController|1_Controller Name:CommonController,Action:HttpGet,Method:GetDepartmentList,User:admin,UnitID:2
2023-12-05 18:41:01.8526|INFO|PIVF.Web.Api.Master.Common.CommonController|1_Controller Name:CommonController,Action:HttpGet,Method:GetDepartmentList,User:admin,UnitID:2
2023-12-05 18:41:01.8825|INFO|PIVF.Web.Api.QueueMgt.QueueMgtController|Controller Name:QueueMgt,Action:HttpPost,Method:GetQueueList,User:admin,UnitID:2
2023-12-05 18:41:01.8825|INFO|PIVF.Web.Api.QueueMgt.QueueMgtController|Controller Name:QueueMgt,Action:HttpPost,Method:GetQueueList,User:admin,UnitID:2
2023-12-05 18:41:02.1136|INFO|PIVF.Web.Api.Master.Configuration.UserAPIController|Controller Name:UserAPI,Action:HttpGet,Method:GetGrandParentList,User:admin,UnitID:2
2023-12-05 18:41:02.1136|INFO|PIVF.Web.Api.Master.Configuration.UserAPIController|Controller Name:UserAPI,Action:HttpGet,Method:GetGrandParentList,User:admin,UnitID:2
2023-12-05 18:41:03.8809|INFO|PIVF.Web.Api.Master.Configuration.UserAPIController|Controller Name:UserAPI,Action:HttpGet,Method:GetParentList,User:admin,UnitID:2
2023-12-05 18:41:03.8809|INFO|PIVF.Web.Api.Master.Configuration.UserAPIController|Controller Name:UserAPI,Action:HttpGet,Method:GetParentList,User:admin,UnitID:2
2023-12-05 18:41:03.9173|INFO|PIVF.Web.Api.Master.Configuration.UserAPIController|Controller Name:UserAPI,Action:HttpGet,Method:GetParentList,User:admin,UnitID:2
2023-12-05 18:41:03.9173|INFO|PIVF.Web.Api.Master.Configuration.UserAPIController|Controller Name:UserAPI,Action:HttpGet,Method:GetParentList,User:admin,UnitID:2
2023-12-05 18:41:23.4466|INFO|PIVF.Web.Api.Master.Common.CommonController|Controller Name:Common,Action:GET,Method:GetActiveVisitByPatient,User:admin,UnitID:2
2023-12-05 18:41:23.4466|INFO|PIVF.Web.Api.Master.Common.CommonController|Controller Name:Common,Action:GET,Method:GetActiveVisitByPatient,User:admin,UnitID:2
2023-12-05 18:41:24.1979|INFO|PIVF.Web.Api.Master.Common.CommonController|Controller Name:Common,Action:GET,Method:GetActiveVisitByPatient,User:admin,UnitID:2
2023-12-05 18:41:24.1979|INFO|PIVF.Web.Api.Master.Common.CommonController|Controller Name:Common,Action:GET,Method:GetActiveVisitByPatient,User:admin,UnitID:2
2023-12-05 18:41:24.9546|INFO|PIVF.Web.Api.EMR.LandingPage.EMRLandingPageAPIController|Controller Name:EMRLandingPageAPI,Action:GET,Method:GetEMRLandingPageData,User:admin,UnitID:2
2023-12-05 18:41:24.9546|INFO|PIVF.Web.Api.EMR.LandingPage.EMRLandingPageAPIController|Controller Name:EMRLandingPageAPI,Action:GET,Method:GetEMRLandingPageData,User:admin,UnitID:2
2023-12-05 18:41:26.0355|INFO|PIVF.Web.Api.Master.Common.CommonController|Controller Name:Common,Action:POST,Method:PutSelectedvisitByPatient,User:admin,UnitID:2
2023-12-05 18:41:26.0355|INFO|PIVF.Web.Api.Master.Common.CommonController|Controller Name:Common,Action:POST,Method:PutSelectedvisitByPatient,User:admin,UnitID:2
2023-12-05 18:41:34.9066|INFO|PIVF.Web.Api.New_ART.NewARTController|Controller Name:NewART,Action:GET,Method:newCyclebtnFlag,User:admin,UnitID:2
2023-12-05 18:41:34.9066|INFO|PIVF.Web.Api.New_ART.NewARTController|Controller Name:NewART,Action:GET,Method:newCyclebtnFlag,User:admin,UnitID:2
2023-12-05 18:41:35.9164|INFO|PIVF.Web.Api.New_ART.NewARTController|Controller Name:NewART,Action:GET,Method:GetARTCycleList,User:admin,UnitID:2
2023-12-05 18:41:35.9164|INFO|PIVF.Web.Api.New_ART.NewARTController|Controller Name:NewART,Action:GET,Method:GetARTCycleList,User:admin,UnitID:2
2023-12-05 18:41:38.6838|INFO|PIVF.Web.Api.New_ART.NewARTController|Controller Name:NewART,Action:GET,Method:GetCycleOverview,User:admin,UnitID:2
2023-12-05 18:41:38.6838|INFO|PIVF.Web.Api.New_ART.NewARTController|Controller Name:NewART,Action:GET,Method:GetCycleOverview,User:admin,UnitID:2
2023-12-05 18:41:38.8696|INFO|PIVF.Web.Api.New_ART.NewARTController|Controller Name:NewART,Action:GET,Method:GetMedicalHistory,User:admin,UnitID:2
2023-12-05 18:41:38.8696|INFO|PIVF.Web.Api.New_ART.NewARTController|Controller Name:NewART,Action:GET,Method:GetMedicalHistory,User:admin,UnitID:2
2023-12-05 18:41:41.4946|INFO|PIVF.Web.Api.New_ART.NewARTController|Controller Name:NewART,Action:GET,Method:GetDetails,User:admin,UnitID:2
2023-12-05 18:41:41.4946|INFO|PIVF.Web.Api.New_ART.NewARTController|Controller Name:NewART,Action:GET,Method:GetDetails,User:admin,UnitID:2
2023-12-05 18:41:42.1088|INFO|PIVF.Web.Api.ARTMgmt.Cryo_Preservation.EmbryoVitrificationAPIController|Controller Name:EmbryoVitrificationAPI,Action:GET,Method:GetFreezeEmbryo,User:admin,UnitID:2
2023-12-05 18:41:42.1088|INFO|PIVF.Web.Api.ARTMgmt.Cryo_Preservation.EmbryoVitrificationAPIController|Controller Name:EmbryoVitrificationAPI,Action:GET,Method:GetFreezeEmbryo,User:admin,UnitID:2
2023-12-05 18:41:42.1265|INFO|PIVF.Web.Api.ARTMgmt.Cryo_Preservation.EmbryoVitrificationAPIController|Controller Name:EmbryoVitrificationAPI,Action:GET,Method:FillMaster,User:admin,UnitID:2
2023-12-05 18:41:42.1265|INFO|PIVF.Web.Api.ARTMgmt.Cryo_Preservation.EmbryoVitrificationAPIController|Controller Name:EmbryoVitrificationAPI,Action:GET,Method:FillMaster,User:admin,UnitID:2
2023-12-05 18:42:07.8650|INFO|PIVF.Web.Api.ARTMgmt.Cryo_Preservation.EmbryoVitrificationAPIController|Controller Name:EmbryoVitrificationAPI,Action:GET,Method:CheckDuplicateFreezingNo,User:admin,UnitID:2
2023-12-05 18:42:07.8650|INFO|PIVF.Web.Api.ARTMgmt.Cryo_Preservation.EmbryoVitrificationAPIController|Controller Name:EmbryoVitrificationAPI,Action:GET,Method:CheckDuplicateFreezingNo,User:admin,UnitID:2
2023-12-05 18:42:12.9038|INFO|PIVF.Web.Api.ARTMgmt.Cryo_Preservation.EmbryoVitrificationAPIController|Controller Name:EmbryoVitrificationAPI,Action:POST,Method:Save,User:admin,UnitID:2
2023-12-05 18:42:12.9038|INFO|PIVF.Web.Api.ARTMgmt.Cryo_Preservation.EmbryoVitrificationAPIController|Controller Name:EmbryoVitrificationAPI,Action:POST,Method:Save,User:admin,UnitID:2
2023-12-05 18:42:15.3876|INFO|PIVF.Web.Api.ARTMgmt.Cryo_Preservation.EmbryoVitrificationAPIController|Controller Name:EmbryoVitrificationAPI,Action:GET,Method:GetFreezeEmbryo,User:admin,UnitID:2
2023-12-05 18:42:15.3876|INFO|PIVF.Web.Api.ARTMgmt.Cryo_Preservation.EmbryoVitrificationAPIController|Controller Name:EmbryoVitrificationAPI,Action:GET,Method:GetFreezeEmbryo,User:admin,UnitID:2
2023-12-05 18:42:15.6532|INFO|PIVF.Web.Api.ARTMgmt.Cryo_Preservation.EmbryoVitrificationAPIController|Controller Name:EmbryoVitrificationAPI,Action:GET,Method:FillMaster,User:admin,UnitID:2
2023-12-05 18:42:15.6532|INFO|PIVF.Web.Api.ARTMgmt.Cryo_Preservation.EmbryoVitrificationAPIController|Controller Name:EmbryoVitrificationAPI,Action:GET,Method:FillMaster,User:admin,UnitID:2
2023-12-05 18:42:22.6433|INFO|PIVF.Web.Api.ARTMgmt.Cryo_Preservation.EmbryoThowingAPIController|Controller Name:EmbryoThowingAPI,Action:GET,Method:GetFreezeEmbryo,User:admin,UnitID:2
2023-12-05 18:42:22.6433|INFO|PIVF.Web.Api.ARTMgmt.Cryo_Preservation.EmbryoThowingAPIController|Controller Name:EmbryoThowingAPI,Action:GET,Method:GetFreezeEmbryo,User:admin,UnitID:2
2023-12-05 18:42:22.7333|INFO|PIVF.Web.Api.ARTMgmt.Cryo_Preservation.EmbryoThowingAPIController|Controller Name:EmbryoThowingAPI,Action:GET,Method:FillMaster,User:admin,UnitID:2
2023-12-05 18:42:22.7333|INFO|PIVF.Web.Api.ARTMgmt.Cryo_Preservation.EmbryoThowingAPIController|Controller Name:EmbryoThowingAPI,Action:GET,Method:FillMaster,User:admin,UnitID:2
2023-12-05 18:42:22.7813|INFO|PIVF.Web.Api.ARTMgmt.Cryo_Preservation.EmbryoThowingAPIController|Controller Name:EmbryoThowingAPI,Action:GET,Method:GetThawingData,User:admin,UnitID:2
2023-12-05 18:42:22.7813|INFO|PIVF.Web.Api.ARTMgmt.Cryo_Preservation.EmbryoThowingAPIController|Controller Name:EmbryoThowingAPI,Action:GET,Method:GetThawingData,User:admin,UnitID:2
2023-12-05 18:42:35.6721|INFO|PIVF.Web.Api.ARTMgmt.Cryo_Preservation.EmbryoVitrificationAPIController|Controller Name:EmbryoVitrificationAPI,Action:GET,Method:GetFreezeEmbryo,User:admin,UnitID:2
2023-12-05 18:42:35.6721|INFO|PIVF.Web.Api.ARTMgmt.Cryo_Preservation.EmbryoVitrificationAPIController|Controller Name:EmbryoVitrificationAPI,Action:GET,Method:GetFreezeEmbryo,User:admin,UnitID:2
2023-12-05 18:42:35.6942|INFO|PIVF.Web.Api.ARTMgmt.Cryo_Preservation.EmbryoVitrificationAPIController|Controller Name:EmbryoVitrificationAPI,Action:GET,Method:FillMaster,User:admin,UnitID:2
2023-12-05 18:42:35.6942|INFO|PIVF.Web.Api.ARTMgmt.Cryo_Preservation.EmbryoVitrificationAPIController|Controller Name:EmbryoVitrificationAPI,Action:GET,Method:FillMaster,User:admin,UnitID:2
2023-12-05 18:42:49.9421|INFO|PIVF.Web.Api.ARTMgmt.Cryo_Preservation.EmbryoThowingAPIController|Controller Name:EmbryoThowingAPI,Action:GET,Method:GetFreezeEmbryo,User:admin,UnitID:2
2023-12-05 18:42:49.9421|INFO|PIVF.Web.Api.ARTMgmt.Cryo_Preservation.EmbryoThowingAPIController|Controller Name:EmbryoThowingAPI,Action:GET,Method:GetFreezeEmbryo,User:admin,UnitID:2
2023-12-05 18:42:49.9579|INFO|PIVF.Web.Api.ARTMgmt.Cryo_Preservation.EmbryoThowingAPIController|Controller Name:EmbryoThowingAPI,Action:GET,Method:FillMaster,User:admin,UnitID:2
2023-12-05 18:42:49.9579|INFO|PIVF.Web.Api.ARTMgmt.Cryo_Preservation.EmbryoThowingAPIController|Controller Name:EmbryoThowingAPI,Action:GET,Method:FillMaster,User:admin,UnitID:2
2023-12-05 18:42:49.9950|INFO|PIVF.Web.Api.ARTMgmt.Cryo_Preservation.EmbryoThowingAPIController|Controller Name:EmbryoThowingAPI,Action:GET,Method:GetThawingData,User:admin,UnitID:2
2023-12-05 18:42:49.9950|INFO|PIVF.Web.Api.ARTMgmt.Cryo_Preservation.EmbryoThowingAPIController|Controller Name:EmbryoThowingAPI,Action:GET,Method:GetThawingData,User:admin,UnitID:2
2023-12-05 18:44:30.6902|INFO|PIVF.Web.Api.ARTMgmt.Cryo_Preservation.EmbryoVitrificationAPIController|Controller Name:EmbryoVitrificationAPI,Action:GET,Method:GetFreezeEmbryo,User:admin,UnitID:2
2023-12-05 18:44:30.6902|INFO|PIVF.Web.Api.ARTMgmt.Cryo_Preservation.EmbryoVitrificationAPIController|Controller Name:EmbryoVitrificationAPI,Action:GET,Method:GetFreezeEmbryo,User:admin,UnitID:2
2023-12-05 18:44:30.7193|INFO|PIVF.Web.Api.ARTMgmt.Cryo_Preservation.EmbryoVitrificationAPIController|Controller Name:EmbryoVitrificationAPI,Action:GET,Method:FillMaster,User:admin,UnitID:2
2023-12-05 18:44:30.7193|INFO|PIVF.Web.Api.ARTMgmt.Cryo_Preservation.EmbryoVitrificationAPIController|Controller Name:EmbryoVitrificationAPI,Action:GET,Method:FillMaster,User:admin,UnitID:2
2023-12-05 18:44:38.0906|INFO|PIVF.Web.Api.ARTMgmt.Cryo_Preservation.EmbryoThowingAPIController|Controller Name:EmbryoThowingAPI,Action:GET,Method:GetFreezeEmbryo,User:admin,UnitID:2
2023-12-05 18:44:38.0906|INFO|PIVF.Web.Api.ARTMgmt.Cryo_Preservation.EmbryoThowingAPIController|Controller Name:EmbryoThowingAPI,Action:GET,Method:GetFreezeEmbryo,User:admin,UnitID:2
2023-12-05 18:44:38.1957|INFO|PIVF.Web.Api.ARTMgmt.Cryo_Preservation.EmbryoThowingAPIController|Controller Name:EmbryoThowingAPI,Action:GET,Method:FillMaster,User:admin,UnitID:2
2023-12-05 18:44:38.1957|INFO|PIVF.Web.Api.ARTMgmt.Cryo_Preservation.EmbryoThowingAPIController|Controller Name:EmbryoThowingAPI,Action:GET,Method:FillMaster,User:admin,UnitID:2
2023-12-05 18:44:38.2247|INFO|PIVF.Web.Api.ARTMgmt.Cryo_Preservation.EmbryoThowingAPIController|Controller Name:EmbryoThowingAPI,Action:GET,Method:GetThawingData,User:admin,UnitID:2
2023-12-05 18:44:38.2247|INFO|PIVF.Web.Api.ARTMgmt.Cryo_Preservation.EmbryoThowingAPIController|Controller Name:EmbryoThowingAPI,Action:GET,Method:GetThawingData,User:admin,UnitID:2
2023-12-05 18:45:16.6591|INFO|PIVF.Web.Api.ARTMgmt.Cryo_Preservation.EmbryoThowingAPIController|Controller Name:EmbryoThowingAPI,Action:POST,Method:SaveThawing,User:admin,UnitID:2
2023-12-05 18:45:16.6591|INFO|PIVF.Web.Api.ARTMgmt.Cryo_Preservation.EmbryoThowingAPIController|Controller Name:EmbryoThowingAPI,Action:POST,Method:SaveThawing,User:admin,UnitID:2
2023-12-05 18:45:17.6104|INFO|PIVF.Web.Api.ARTMgmt.Cryo_Preservation.EmbryoThowingAPIController|Controller Name:EmbryoThowingAPI,Action:GET,Method:GetFreezeEmbryo,User:admin,UnitID:2
2023-12-05 18:45:17.6104|INFO|PIVF.Web.Api.ARTMgmt.Cryo_Preservation.EmbryoThowingAPIController|Controller Name:EmbryoThowingAPI,Action:GET,Method:GetFreezeEmbryo,User:admin,UnitID:2
2023-12-05 18:45:17.6639|INFO|PIVF.Web.Api.ARTMgmt.Cryo_Preservation.EmbryoThowingAPIController|Controller Name:EmbryoThowingAPI,Action:GET,Method:FillMaster,User:admin,UnitID:2
2023-12-05 18:45:17.6639|INFO|PIVF.Web.Api.ARTMgmt.Cryo_Preservation.EmbryoThowingAPIController|Controller Name:EmbryoThowingAPI,Action:GET,Method:FillMaster,User:admin,UnitID:2
2023-12-05 18:45:17.6858|INFO|PIVF.Web.Api.ARTMgmt.Cryo_Preservation.EmbryoThowingAPIController|Controller Name:EmbryoThowingAPI,Action:GET,Method:GetThawingData,User:admin,UnitID:2
2023-12-05 18:45:17.6858|INFO|PIVF.Web.Api.ARTMgmt.Cryo_Preservation.EmbryoThowingAPIController|Controller Name:EmbryoThowingAPI,Action:GET,Method:GetThawingData,User:admin,UnitID:2
2023-12-05 18:45:21.1799|INFO|PIVF.Web.Api.ARTMgmt.EmbryoTransfer.EmbryoTransferAPIController|Controller Name:EmbryoTransferAPI,Action:GET,Method:FillETMaster,User:admin,UnitID:2
2023-12-05 18:45:21.1799|INFO|PIVF.Web.Api.ARTMgmt.EmbryoTransfer.EmbryoTransferAPIController|Controller Name:EmbryoTransferAPI,Action:GET,Method:FillETMaster,User:admin,UnitID:2
2023-12-05 18:45:21.2156|INFO|PIVF.Web.Api.ARTMgmt.EmbryoTransfer.EmbryoTransferAPIController|Controller Name:EmbryoTransferAPI,Action:GET,Method:FillETGrid,User:admin,UnitID:2
2023-12-05 18:45:21.2156|INFO|PIVF.Web.Api.ARTMgmt.EmbryoTransfer.EmbryoTransferAPIController|Controller Name:EmbryoTransferAPI,Action:GET,Method:FillETGrid,User:admin,UnitID:2
2023-12-05 18:45:51.1278|INFO|PIVF.Web.Api.Master.Common.CommonController|1_Controller Name:CommonController,Action:HttpGet,Method:GetDoctorsList,User:admin,UnitID:2
2023-12-05 18:45:51.1278|INFO|PIVF.Web.Api.Master.Common.CommonController|1_Controller Name:CommonController,Action:HttpGet,Method:GetDoctorsList,User:admin,UnitID:2
2023-12-05 18:46:08.3065|INFO|PIVF.Web.Api.ARTMgmt.Embrology.EmbrologyAPIController|Controller Name:EmbrologyAPI,Action:GET,Method:GetOPUData,User:admin,UnitID:2
2023-12-05 18:46:08.3065|INFO|PIVF.Web.Api.ARTMgmt.Embrology.EmbrologyAPIController|Controller Name:EmbrologyAPI,Action:GET,Method:GetOPUData,User:admin,UnitID:2
2023-12-05 18:46:08.3438|INFO|PIVF.Web.Api.ARTMgmt.Embrology.EmbrologyAPIController|Controller Name:EmbrologyAPI,Action:GET,Method:fillDayOocyteGrid,User:admin,UnitID:2
2023-12-05 18:46:08.3438|INFO|PIVF.Web.Api.ARTMgmt.Embrology.EmbrologyAPIController|Controller Name:EmbrologyAPI,Action:GET,Method:fillDayOocyteGrid,User:admin,UnitID:2
2023-12-05 18:46:22.4141|INFO|PIVF.Web.Api.Master.Common.CommonController|Controller Name:Common,Action:GET,Method:GetActiveVisitByPatient,User:admin,UnitID:2
2023-12-05 18:46:22.4141|INFO|PIVF.Web.Api.Master.Common.CommonController|Controller Name:Common,Action:GET,Method:GetActiveVisitByPatient,User:admin,UnitID:2
2023-12-05 18:46:23.2329|INFO|PIVF.Web.Api.Master.Common.CommonController|Controller Name:Common,Action:GET,Method:GetActiveVisitByPatient,User:admin,UnitID:2
2023-12-05 18:46:23.2329|INFO|PIVF.Web.Api.Master.Common.CommonController|Controller Name:Common,Action:GET,Method:GetActiveVisitByPatient,User:admin,UnitID:2
2023-12-05 18:46:24.3249|INFO|PIVF.Web.Api.EMR.LandingPage.EMRLandingPageAPIController|Controller Name:EMRLandingPageAPI,Action:GET,Method:GetEMRLandingPageData,User:admin,UnitID:2
2023-12-05 18:46:24.3249|INFO|PIVF.Web.Api.EMR.LandingPage.EMRLandingPageAPIController|Controller Name:EMRLandingPageAPI,Action:GET,Method:GetEMRLandingPageData,User:admin,UnitID:2
2023-12-05 18:46:25.3756|INFO|PIVF.Web.Api.Master.Common.CommonController|Controller Name:Common,Action:POST,Method:PutSelectedvisitByPatient,User:admin,UnitID:2
2023-12-05 18:46:25.3756|INFO|PIVF.Web.Api.Master.Common.CommonController|Controller Name:Common,Action:POST,Method:PutSelectedvisitByPatient,User:admin,UnitID:2
2023-12-05 18:46:27.4710|INFO|PIVF.Web.Api.New_ART.NewARTController|Controller Name:NewART,Action:GET,Method:newCyclebtnFlag,User:admin,UnitID:2
2023-12-05 18:46:27.4710|INFO|PIVF.Web.Api.New_ART.NewARTController|Controller Name:NewART,Action:GET,Method:newCyclebtnFlag,User:admin,UnitID:2
2023-12-05 18:46:27.9704|INFO|PIVF.Web.Api.New_ART.NewARTController|Controller Name:NewART,Action:GET,Method:GetARTCycleList,User:admin,UnitID:2
2023-12-05 18:46:27.9704|INFO|PIVF.Web.Api.New_ART.NewARTController|Controller Name:NewART,Action:GET,Method:GetARTCycleList,User:admin,UnitID:2
2023-12-05 18:46:30.0140|INFO|PIVF.Web.Api.New_ART.NewARTController|Controller Name:NewART,Action:GET,Method:GetCycleOverview,User:admin,UnitID:2
2023-12-05 18:46:30.0140|INFO|PIVF.Web.Api.New_ART.NewARTController|Controller Name:NewART,Action:GET,Method:GetCycleOverview,User:admin,UnitID:2
2023-12-05 18:46:30.2282|INFO|PIVF.Web.Api.New_ART.NewARTController|Controller Name:NewART,Action:GET,Method:GetMedicalHistory,User:admin,UnitID:2
2023-12-05 18:46:30.2282|INFO|PIVF.Web.Api.New_ART.NewARTController|Controller Name:NewART,Action:GET,Method:GetMedicalHistory,User:admin,UnitID:2
2023-12-05 18:46:32.2547|INFO|PIVF.Web.Api.ARTMgmt.Embrology.EmbrologyAPIController|Controller Name:EmbrologyAPI,Action:GET,Method:GetOPUData,User:admin,UnitID:2
2023-12-05 18:46:32.2547|INFO|PIVF.Web.Api.ARTMgmt.Embrology.EmbrologyAPIController|Controller Name:EmbrologyAPI,Action:GET,Method:GetOPUData,User:admin,UnitID:2
2023-12-05 18:46:32.2994|INFO|PIVF.Web.Api.ARTMgmt.Embrology.EmbrologyAPIController|Controller Name:EmbrologyAPI,Action:GET,Method:fillDayOocyteGrid,User:admin,UnitID:2
2023-12-05 18:46:32.2994|INFO|PIVF.Web.Api.ARTMgmt.Embrology.EmbrologyAPIController|Controller Name:EmbrologyAPI,Action:GET,Method:fillDayOocyteGrid,User:admin,UnitID:2
2023-12-05 18:46:33.2219|INFO|PIVF.Web.Api.New_ART.NewARTController|Controller Name:NewART,Action:GET,Method:GetDetails,User:admin,UnitID:2
2023-12-05 18:46:33.2219|INFO|PIVF.Web.Api.New_ART.NewARTController|Controller Name:NewART,Action:GET,Method:GetDetails,User:admin,UnitID:2
2023-12-05 18:46:37.8485|INFO|PIVF.Web.Api.ARTMgmt.Embrology.EmbrologyAPIController|Controller Name:EmbrologyAPI,Action:GET,Method:GetSemenDetails,User:admin,UnitID:2
2023-12-05 18:46:37.8485|INFO|PIVF.Web.Api.ARTMgmt.Embrology.EmbrologyAPIController|Controller Name:EmbrologyAPI,Action:GET,Method:GetSemenDetails,User:admin,UnitID:2
2023-12-05 18:46:38.1629|INFO|PIVF.Web.Api.ARTMgmt.Embrology.EmbrologyAPIController|Controller Name:EmbrologyAPI,Action:GET,Method:FillDayZeroOocyteGrid,User:admin,UnitID:2
2023-12-05 18:46:38.1629|INFO|PIVF.Web.Api.ARTMgmt.Embrology.EmbrologyAPIController|Controller Name:EmbrologyAPI,Action:GET,Method:FillDayZeroOocyteGrid,User:admin,UnitID:2
2023-12-05 18:46:38.6981|INFO|PIVF.Web.Api.ARTMgmt.Embrology.EmbrologyAPIController|Controller Name:EmbrologyAPI,Action:GET,Method:GetOocytesForDay0,User:admin,UnitID:2
2023-12-05 18:46:38.6981|INFO|PIVF.Web.Api.ARTMgmt.Embrology.EmbrologyAPIController|Controller Name:EmbrologyAPI,Action:GET,Method:GetOocytesForDay0,User:admin,UnitID:2
2023-12-05 18:46:56.3278|INFO|PIVF.Web.Api.ARTMgmt.OPU.OPUAPIController|Controller Name:OPUAPI,Action:GET,Method:GetTriggerData,User:admin,UnitID:2
2023-12-05 18:46:56.3278|INFO|PIVF.Web.Api.ARTMgmt.OPU.OPUAPIController|Controller Name:OPUAPI,Action:GET,Method:GetTriggerData,User:admin,UnitID:2
2023-12-05 18:46:57.0160|INFO|PIVF.Web.Api.ARTMgmt.OPU.OPUAPIController|Controller Name:OPUAPI,Action:GET,Method:GetOPUData,User:admin,UnitID:2
2023-12-05 18:46:57.0160|INFO|PIVF.Web.Api.ARTMgmt.OPU.OPUAPIController|Controller Name:OPUAPI,Action:GET,Method:GetOPUData,User:admin,UnitID:2
2023-12-05 18:46:57.3510|INFO|PIVF.Web.Api.New_ART.NewARTController|Controller Name:NewART,Action:GET,Method:GetMedicalHistory,User:admin,UnitID:2
2023-12-05 18:46:57.3510|INFO|PIVF.Web.Api.New_ART.NewARTController|Controller Name:NewART,Action:GET,Method:GetMedicalHistory,User:admin,UnitID:2
2023-12-05 18:47:07.9235|INFO|PIVF.Web.Api.Master.Common.CommonController|Controller Name:Common,Action:GET,Method:GetActiveVisitByPatient,User:admin,UnitID:2
2023-12-05 18:47:07.9235|INFO|PIVF.Web.Api.Master.Common.CommonController|Controller Name:Common,Action:GET,Method:GetActiveVisitByPatient,User:admin,UnitID:2
2023-12-05 18:47:08.5221|INFO|PIVF.Web.Api.Master.Common.CommonController|Controller Name:Common,Action:GET,Method:GetActiveVisitByPatient,User:admin,UnitID:2
2023-12-05 18:47:08.5221|INFO|PIVF.Web.Api.Master.Common.CommonController|Controller Name:Common,Action:GET,Method:GetActiveVisitByPatient,User:admin,UnitID:2
2023-12-05 18:47:08.6451|INFO|PIVF.Web.Api.EMR.LandingPage.EMRLandingPageAPIController|Controller Name:EMRLandingPageAPI,Action:GET,Method:GetEMRLandingPageData,User:admin,UnitID:2
2023-12-05 18:47:08.6451|INFO|PIVF.Web.Api.EMR.LandingPage.EMRLandingPageAPIController|Controller Name:EMRLandingPageAPI,Action:GET,Method:GetEMRLandingPageData,User:admin,UnitID:2
2023-12-05 18:47:11.0625|INFO|PIVF.Web.Api.Master.Common.CommonController|Controller Name:Common,Action:POST,Method:PutSelectedvisitByPatient,User:admin,UnitID:2
2023-12-05 18:47:11.0625|INFO|PIVF.Web.Api.Master.Common.CommonController|Controller Name:Common,Action:POST,Method:PutSelectedvisitByPatient,User:admin,UnitID:2
2023-12-05 18:47:12.6316|INFO|PIVF.Web.Api.New_ART.NewARTController|Controller Name:NewART,Action:GET,Method:GetARTCycleList,User:admin,UnitID:2
2023-12-05 18:47:12.6316|INFO|PIVF.Web.Api.New_ART.NewARTController|Controller Name:NewART,Action:GET,Method:GetARTCycleList,User:admin,UnitID:2
2023-12-05 18:47:13.1396|INFO|PIVF.Web.Api.New_ART.NewARTController|Controller Name:NewART,Action:GET,Method:newCyclebtnFlag,User:admin,UnitID:2
2023-12-05 18:47:13.1396|INFO|PIVF.Web.Api.New_ART.NewARTController|Controller Name:NewART,Action:GET,Method:newCyclebtnFlag,User:admin,UnitID:2
2023-12-05 18:47:15.7521|INFO|PIVF.Web.Api.New_ART.NewARTController|Controller Name:NewART,Action:GET,Method:GetCycleOverview,User:admin,UnitID:2
2023-12-05 18:47:15.7521|INFO|PIVF.Web.Api.New_ART.NewARTController|Controller Name:NewART,Action:GET,Method:GetCycleOverview,User:admin,UnitID:2
2023-12-05 18:47:15.9199|INFO|PIVF.Web.Api.New_ART.NewARTController|Controller Name:NewART,Action:GET,Method:GetMedicalHistory,User:admin,UnitID:2
2023-12-05 18:47:15.9199|INFO|PIVF.Web.Api.New_ART.NewARTController|Controller Name:NewART,Action:GET,Method:GetMedicalHistory,User:admin,UnitID:2
2023-12-05 18:47:18.3594|INFO|PIVF.Web.Api.ARTMgmt.Embrology.EmbrologyAPIController|Controller Name:EmbrologyAPI,Action:GET,Method:GetOPUData,User:admin,UnitID:2
2023-12-05 18:47:18.3594|INFO|PIVF.Web.Api.ARTMgmt.Embrology.EmbrologyAPIController|Controller Name:EmbrologyAPI,Action:GET,Method:GetOPUData,User:admin,UnitID:2
2023-12-05 18:47:18.4011|INFO|PIVF.Web.Api.ARTMgmt.Embrology.EmbrologyAPIController|Controller Name:EmbrologyAPI,Action:GET,Method:fillDayOocyteGrid,User:admin,UnitID:2
2023-12-05 18:47:18.4011|INFO|PIVF.Web.Api.ARTMgmt.Embrology.EmbrologyAPIController|Controller Name:EmbrologyAPI,Action:GET,Method:fillDayOocyteGrid,User:admin,UnitID:2
2023-12-05 18:47:18.4247|INFO|PIVF.Web.Api.New_ART.NewARTController|Controller Name:NewART,Action:GET,Method:GetDetails,User:admin,UnitID:2
2023-12-05 18:47:18.4247|INFO|PIVF.Web.Api.New_ART.NewARTController|Controller Name:NewART,Action:GET,Method:GetDetails,User:admin,UnitID:2
2023-12-05 18:47:28.9358|INFO|PIVF.Web.Api.ARTMgmt.Embrology.EmbrologyAPIController|Controller Name:EmbrologyAPI,Action:GET,Method:SaveUpdateOcyte,User:admin,UnitID:2
2023-12-05 18:47:28.9358|INFO|PIVF.Web.Api.ARTMgmt.Embrology.EmbrologyAPIController|Controller Name:EmbrologyAPI,Action:GET,Method:SaveUpdateOcyte,User:admin,UnitID:2
2023-12-05 18:47:29.2717|INFO|PIVF.Web.Api.ARTMgmt.Embrology.EmbrologyAPIController|Controller Name:EmbrologyAPI,Action:GET,Method:fillDayOocyteGrid,User:admin,UnitID:2
2023-12-05 18:47:29.2717|INFO|PIVF.Web.Api.ARTMgmt.Embrology.EmbrologyAPIController|Controller Name:EmbrologyAPI,Action:GET,Method:fillDayOocyteGrid,User:admin,UnitID:2
2023-12-05 18:47:33.0786|INFO|PIVF.Web.Api.ARTMgmt.Embrology.EmbrologyAPIController|Controller Name:EmbrologyAPI,Action:GET,Method:GetOocytesForDay0,User:admin,UnitID:2
2023-12-05 18:47:33.0786|INFO|PIVF.Web.Api.ARTMgmt.Embrology.EmbrologyAPIController|Controller Name:EmbrologyAPI,Action:GET,Method:GetOocytesForDay0,User:admin,UnitID:2
2023-12-05 18:47:33.6966|INFO|PIVF.Web.Api.ARTMgmt.Embrology.EmbrologyAPIController|Controller Name:EmbrologyAPI,Action:GET,Method:GetSemenDetails,User:admin,UnitID:2
2023-12-05 18:47:33.6966|INFO|PIVF.Web.Api.ARTMgmt.Embrology.EmbrologyAPIController|Controller Name:EmbrologyAPI,Action:GET,Method:GetSemenDetails,User:admin,UnitID:2
2023-12-05 18:47:33.9965|INFO|PIVF.Web.Api.ARTMgmt.Embrology.EmbrologyAPIController|Controller Name:EmbrologyAPI,Action:GET,Method:FillDayZeroOocyteGrid,User:admin,UnitID:2
2023-12-05 18:47:33.9965|INFO|PIVF.Web.Api.ARTMgmt.Embrology.EmbrologyAPIController|Controller Name:EmbrologyAPI,Action:GET,Method:FillDayZeroOocyteGrid,User:admin,UnitID:2
2023-12-05 18:47:34.9470|INFO|PIVF.Web.Api.ARTMgmt.Embrology.EmbrologyAPIController|Controller Name:EmbrologyAPI,Action:GET,Method:GetOocytesForDay0,User:admin,UnitID:2
2023-12-05 18:47:34.9470|INFO|PIVF.Web.Api.ARTMgmt.Embrology.EmbrologyAPIController|Controller Name:EmbrologyAPI,Action:GET,Method:GetOocytesForDay0,User:admin,UnitID:2
2023-12-05 18:47:51.0008|INFO|PIVF.Web.Api.ARTMgmt.Embrology.EmbrologyAPIController|Controller Name:EmbrologyAPI,Action:POST,Method:SaveDayZeroProcess,User:admin,UnitID:2
2023-12-05 18:47:51.0008|INFO|PIVF.Web.Api.ARTMgmt.Embrology.EmbrologyAPIController|Controller Name:EmbrologyAPI,Action:POST,Method:SaveDayZeroProcess,User:admin,UnitID:2
2023-12-05 18:47:51.0660|INFO|PIVF.Web.Api.ARTMgmt.Embrology.EmbrologyAPIController|Controller Name:EmbrologyAPI,Action:GET,Method:FillDayZeroOocyteGrid,User:admin,UnitID:2
2023-12-05 18:47:51.0660|INFO|PIVF.Web.Api.ARTMgmt.Embrology.EmbrologyAPIController|Controller Name:EmbrologyAPI,Action:GET,Method:FillDayZeroOocyteGrid,User:admin,UnitID:2
2023-12-05 18:48:08.2090|INFO|PIVF.Web.Api.ARTMgmt.Embrology.EmbrologyAPIController|Controller Name:EmbrologyAPI,Action:POST,Method:SaveDayZeroFinalizeProcess,User:admin,UnitID:2
2023-12-05 18:48:08.2090|INFO|PIVF.Web.Api.ARTMgmt.Embrology.EmbrologyAPIController|Controller Name:EmbrologyAPI,Action:POST,Method:SaveDayZeroFinalizeProcess,User:admin,UnitID:2
2023-12-05 18:48:08.3453|INFO|PIVF.Web.Api.ARTMgmt.Embrology.EmbrologyAPIController|Controller Name:EmbrologyAPI,Action:GET,Method:fillDayOocyteGrid,User:admin,UnitID:2
2023-12-05 18:48:08.3453|INFO|PIVF.Web.Api.ARTMgmt.Embrology.EmbrologyAPIController|Controller Name:EmbrologyAPI,Action:GET,Method:fillDayOocyteGrid,User:admin,UnitID:2
2023-12-05 18:48:32.7004|INFO|PIVF.Web.Api.ARTMgmt.Cryo_Preservation.CryoPreservationAPIController|Controller Name:CryoPreservationAPI,Action:POST,Method:SaveOocyteVitrification,User:admin,UnitID:2
2023-12-05 18:48:32.7004|INFO|PIVF.Web.Api.ARTMgmt.Cryo_Preservation.CryoPreservationAPIController|Controller Name:CryoPreservationAPI,Action:POST,Method:SaveOocyteVitrification,User:admin,UnitID:2
2023-12-05 18:48:39.1669|INFO|PIVF.Web.Api.Master.Common.CommonController|1_Controller Name:CommonController,Action:HttpGet,Method:GetDoctorsList,User:admin,UnitID:2
2023-12-05 18:48:39.1669|INFO|PIVF.Web.Api.Master.Common.CommonController|1_Controller Name:CommonController,Action:HttpGet,Method:GetDoctorsList,User:admin,UnitID:2
2023-12-05 18:53:39.8567|INFO|PIVF.Web.Api.Master.Common.CommonController|1_Controller Name:CommonController,Action:HttpGet,Method:GetDoctorsList,User:admin,UnitID:2
2023-12-05 18:53:39.8567|INFO|PIVF.Web.Api.Master.Common.CommonController|1_Controller Name:CommonController,Action:HttpGet,Method:GetDoctorsList,User:admin,UnitID:2
2023-12-05 18:53:57.6698|INFO|PIVF.Web.Api.Master.Common.CommonController|1_Controller Name:CommonController,Action:HttpGet,Method:GetDoctorsList,User:admin,UnitID:2
2023-12-05 18:53:57.6698|INFO|PIVF.Web.Api.Master.Common.CommonController|1_Controller Name:CommonController,Action:HttpGet,Method:GetDoctorsList,User:admin,UnitID:2
2023-12-05 19:03:26.0089|INFO|PIVF.Web.Api.ARTMgmt.Cryo_Preservation.EmbryoThowingAPIController|Controller Name:EmbryoThowingAPI,Action:GET,Method:GetFreezeEmbryo,User:admin,UnitID:2
2023-12-05 19:03:26.0089|INFO|PIVF.Web.Api.ARTMgmt.Cryo_Preservation.EmbryoThowingAPIController|Controller Name:EmbryoThowingAPI,Action:GET,Method:GetFreezeEmbryo,User:admin,UnitID:2
2023-12-05 19:03:26.0348|INFO|PIVF.Web.Api.ARTMgmt.Cryo_Preservation.EmbryoThowingAPIController|Controller Name:EmbryoThowingAPI,Action:GET,Method:FillMaster,User:admin,UnitID:2
2023-12-05 19:03:26.0348|INFO|PIVF.Web.Api.ARTMgmt.Cryo_Preservation.EmbryoThowingAPIController|Controller Name:EmbryoThowingAPI,Action:GET,Method:FillMaster,User:admin,UnitID:2
2023-12-05 19:03:26.0627|INFO|PIVF.Web.Api.ARTMgmt.Cryo_Preservation.EmbryoThowingAPIController|Controller Name:EmbryoThowingAPI,Action:GET,Method:GetThawingData,User:admin,UnitID:2
2023-12-05 19:03:26.0627|INFO|PIVF.Web.Api.ARTMgmt.Cryo_Preservation.EmbryoThowingAPIController|Controller Name:EmbryoThowingAPI,Action:GET,Method:GetThawingData,User:admin,UnitID:2
2023-12-05 19:03:30.0510|INFO|PIVF.Web.Api.ARTMgmt.Cryo_Preservation.EmbryoThowingAPIController|Controller Name:EmbryoThowingAPI,Action:GET,Method:GetFreezeEmbryo,User:admin,UnitID:2
2023-12-05 19:03:30.0510|INFO|PIVF.Web.Api.ARTMgmt.Cryo_Preservation.EmbryoThowingAPIController|Controller Name:EmbryoThowingAPI,Action:GET,Method:GetFreezeEmbryo,User:admin,UnitID:2
2023-12-05 19:03:30.0719|INFO|PIVF.Web.Api.ARTMgmt.Cryo_Preservation.EmbryoThowingAPIController|Controller Name:EmbryoThowingAPI,Action:GET,Method:FillMaster,User:admin,UnitID:2
2023-12-05 19:03:30.0719|INFO|PIVF.Web.Api.ARTMgmt.Cryo_Preservation.EmbryoThowingAPIController|Controller Name:EmbryoThowingAPI,Action:GET,Method:FillMaster,User:admin,UnitID:2
2023-12-05 19:03:30.0988|INFO|PIVF.Web.Api.ARTMgmt.Cryo_Preservation.EmbryoThowingAPIController|Controller Name:EmbryoThowingAPI,Action:GET,Method:GetThawingData,User:admin,UnitID:2
2023-12-05 19:03:30.0988|INFO|PIVF.Web.Api.ARTMgmt.Cryo_Preservation.EmbryoThowingAPIController|Controller Name:EmbryoThowingAPI,Action:GET,Method:GetThawingData,User:admin,UnitID:2
2023-12-05 19:03:33.9397|INFO|PIVF.Web.Api.Master.Common.CommonController|1_Controller Name:CommonController,Action:HttpGet,Method:GetDoctorsList,User:admin,UnitID:2
2023-12-05 19:03:33.9397|INFO|PIVF.Web.Api.Master.Common.CommonController|1_Controller Name:CommonController,Action:HttpGet,Method:GetDoctorsList,User:admin,UnitID:2
2023-12-05 19:04:23.6421|INFO|PIVF.Web.Api.New_ART.NewARTController|Controller Name:NewART,Action:GET,Method:newCyclebtnFlag,User:admin,UnitID:2
2023-12-05 19:04:23.6421|INFO|PIVF.Web.Api.New_ART.NewARTController|Controller Name:NewART,Action:GET,Method:newCyclebtnFlag,User:admin,UnitID:2
2023-12-05 19:04:24.6552|INFO|PIVF.Web.Api.New_ART.NewARTController|Controller Name:NewART,Action:GET,Method:GetARTCycleList,User:admin,UnitID:2
2023-12-05 19:04:24.6552|INFO|PIVF.Web.Api.New_ART.NewARTController|Controller Name:NewART,Action:GET,Method:GetARTCycleList,User:admin,UnitID:2
2023-12-05 19:04:27.3037|INFO|PIVF.Web.Api.Master.Common.CommonController|Controller Name:Common,Action:GET,Method:GetActiveVisitByPatient,User:admin,UnitID:2
2023-12-05 19:04:27.3037|INFO|PIVF.Web.Api.Master.Common.CommonController|Controller Name:Common,Action:GET,Method:GetActiveVisitByPatient,User:admin,UnitID:2
2023-12-05 19:04:27.7725|INFO|PIVF.Web.Api.EMR.MaleHistory.SurgicalSpermRetrievalController|Controller Name:SurgicalSpermRetrieval,Action:GET,Method:GetSurgicalSpermRetrivalByPatientID,User:admin,UnitID:2
2023-12-05 19:04:27.7725|INFO|PIVF.Web.Api.EMR.MaleHistory.SurgicalSpermRetrievalController|Controller Name:SurgicalSpermRetrieval,Action:GET,Method:GetSurgicalSpermRetrivalByPatientID,User:admin,UnitID:2
2023-12-05 19:05:34.5717|INFO|PIVF.Web.Api.EMR.MaleHistory.SurgicalSpermRetrievalController|Controller Name: SurgicalSpermRetrieval,Action: POST,Method: InsertSurgicalSpermRetrival,User: admin,UnitID:2
2023-12-05 19:05:34.5717|INFO|PIVF.Web.Api.EMR.MaleHistory.SurgicalSpermRetrievalController|Controller Name: SurgicalSpermRetrieval,Action: POST,Method: InsertSurgicalSpermRetrival,User: admin,UnitID:2
2023-12-05 19:05:34.9038|INFO|PIVF.Web.Api.EMR.MaleHistory.SurgicalSpermRetrievalController|Controller Name:SurgicalSpermRetrieval,Action:GET,Method:GetSurgicalSpermRetrivalByPatientID,User:admin,UnitID:2
2023-12-05 19:05:34.9038|INFO|PIVF.Web.Api.EMR.MaleHistory.SurgicalSpermRetrievalController|Controller Name:SurgicalSpermRetrieval,Action:GET,Method:GetSurgicalSpermRetrivalByPatientID,User:admin,UnitID:2
2023-12-05 19:05:40.3113|INFO|PIVF.Web.Api.EMR.MaleHistory.SemenAnalysisController|Controller Name:SemenAnalysis,Action:GET,Method:GetSurgicalSpermRetrivalByPatientID,User:admin,UnitID:2
2023-12-05 19:05:40.3113|INFO|PIVF.Web.Api.EMR.MaleHistory.SemenAnalysisController|Controller Name:SemenAnalysis,Action:GET,Method:GetSurgicalSpermRetrivalByPatientID,User:admin,UnitID:2
2023-12-05 19:05:41.4068|INFO|PIVF.Web.Api.EMR.MaleHistory.SurgicalSpermRetrievalController|Controller Name: SurgicalSpermRetrieval,Action: GET,Method: GetSSRImagesBySNo,User: admin,UnitID:2
2023-12-05 19:05:41.4068|INFO|PIVF.Web.Api.EMR.MaleHistory.SurgicalSpermRetrievalController|Controller Name: SurgicalSpermRetrieval,Action: GET,Method: GetSSRImagesBySNo,User: admin,UnitID:2
2023-12-05 19:05:49.3966|INFO|PIVF.Web.Api.EMR.MaleHistory.SurgicalSpermRetrievalController|Controller Name: SurgicalSpermRetrieval,Action: POST,Method: InsertSurgicalSpermRetrival,User: admin,UnitID:2
2023-12-05 19:05:49.3966|INFO|PIVF.Web.Api.EMR.MaleHistory.SurgicalSpermRetrievalController|Controller Name: SurgicalSpermRetrieval,Action: POST,Method: InsertSurgicalSpermRetrival,User: admin,UnitID:2
2023-12-05 19:05:49.6853|INFO|PIVF.Web.Api.EMR.MaleHistory.SurgicalSpermRetrievalController|Controller Name:SurgicalSpermRetrieval,Action:GET,Method:GetSurgicalSpermRetrivalByPatientID,User:admin,UnitID:2
2023-12-05 19:05:49.6853|INFO|PIVF.Web.Api.EMR.MaleHistory.SurgicalSpermRetrievalController|Controller Name:SurgicalSpermRetrieval,Action:GET,Method:GetSurgicalSpermRetrivalByPatientID,User:admin,UnitID:2
2023-12-05 19:07:42.1291|INFO|PIVF.Web.Api.EMR.MaleHistory.SemenAnalysisController|Controller Name:SemenAnalysis,Action:GET,Method:GetSurgicalSpermRetrivalByPatientID,User:admin,UnitID:2
2023-12-05 19:07:42.1291|INFO|PIVF.Web.Api.EMR.MaleHistory.SemenAnalysisController|Controller Name:SemenAnalysis,Action:GET,Method:GetSurgicalSpermRetrivalByPatientID,User:admin,UnitID:2
2023-12-05 19:07:42.7289|INFO|PIVF.Web.Api.EMR.MaleHistory.SurgicalSpermRetrievalController|Controller Name: SurgicalSpermRetrieval,Action: GET,Method: GetSSRImagesBySNo,User: admin,UnitID:2
2023-12-05 19:07:42.7289|INFO|PIVF.Web.Api.EMR.MaleHistory.SurgicalSpermRetrievalController|Controller Name: SurgicalSpermRetrieval,Action: GET,Method: GetSSRImagesBySNo,User: admin,UnitID:2
2023-12-05 19:07:48.3947|INFO|PIVF.Web.Api.EMR.MaleHistory.SurgicalSpermRetrievalController|Controller Name: SurgicalSpermRetrieval,Action: POST,Method: InsertSurgicalSpermRetrival,User: admin,UnitID:2
2023-12-05 19:07:48.3947|INFO|PIVF.Web.Api.EMR.MaleHistory.SurgicalSpermRetrievalController|Controller Name: SurgicalSpermRetrieval,Action: POST,Method: InsertSurgicalSpermRetrival,User: admin,UnitID:2
2023-12-05 19:07:48.5663|INFO|PIVF.Web.Api.EMR.MaleHistory.SurgicalSpermRetrievalController|Controller Name:SurgicalSpermRetrieval,Action:GET,Method:GetSurgicalSpermRetrivalByPatientID,User:admin,UnitID:2
2023-12-05 19:07:48.5663|INFO|PIVF.Web.Api.EMR.MaleHistory.SurgicalSpermRetrievalController|Controller Name:SurgicalSpermRetrieval,Action:GET,Method:GetSurgicalSpermRetrivalByPatientID,User:admin,UnitID:2
2023-12-05 19:11:46.3760|INFO|PIVF.Web.Api.EMR.MaleHistory.SemenAnalysisController|Controller Name:SemenAnalysis,Action:GET,Method:GetSemenAnalysisList,User:admin,UnitID:2
2023-12-05 19:11:46.3760|INFO|PIVF.Web.Api.EMR.MaleHistory.SemenAnalysisController|Controller Name:SemenAnalysis,Action:GET,Method:GetSemenAnalysisList,User:admin,UnitID:2
2023-12-05 19:11:46.5834|INFO|PIVF.Web.Api.EMR.MaleHistory.SurgicalSpermRetrievalController|Controller Name:SurgicalSpermRetrieval,Action:GET,Method:GetSurgeonList,User:admin,UnitID:2
2023-12-05 19:11:46.5834|INFO|PIVF.Web.Api.EMR.MaleHistory.SurgicalSpermRetrievalController|Controller Name:SurgicalSpermRetrieval,Action:GET,Method:GetSurgeonList,User:admin,UnitID:2
2023-12-05 19:11:46.6223|INFO|PIVF.Web.Api.EMR.MaleHistory.SurgicalSpermRetrievalController|Controller Name:SurgicalSpermRetrieval,Action:GET,Method:GetAnesthetist,User:admin,UnitID:2
2023-12-05 19:11:46.6223|INFO|PIVF.Web.Api.EMR.MaleHistory.SurgicalSpermRetrievalController|Controller Name:SurgicalSpermRetrieval,Action:GET,Method:GetAnesthetist,User:admin,UnitID:2
2023-12-05 19:11:56.2832|INFO|PIVF.Web.Api.EMR.MaleHistory.SurgicalSpermRetrievalController|Controller Name:SurgicalSpermRetrieval,Action:GET,Method:GetSurgicalSpermRetrivalByPatientID,User:admin,UnitID:2
2023-12-05 19:11:56.2832|INFO|PIVF.Web.Api.EMR.MaleHistory.SurgicalSpermRetrievalController|Controller Name:SurgicalSpermRetrieval,Action:GET,Method:GetSurgicalSpermRetrivalByPatientID,User:admin,UnitID:2
2023-12-05 19:12:00.7806|INFO|PIVF.Web.Api.EMR.MaleHistory.SemenPrepController|Controller Name:SemenPrep,Action:GET,Method:GetSemenPreparationListForTC,User:admin,UnitID:2
2023-12-05 19:12:00.7806|INFO|PIVF.Web.Api.EMR.MaleHistory.SemenPrepController|Controller Name:SemenPrep,Action:GET,Method:GetSemenPreparationListForTC,User:admin,UnitID:2
2023-12-05 19:12:06.6438|INFO|PIVF.Web.Api.EMR.MaleHistory.SemenThawingController|Controller Name:SemenThawing,Action:GET,Method:GetFreezDetails,User:admin,UnitID:2
2023-12-05 19:12:06.6438|INFO|PIVF.Web.Api.EMR.MaleHistory.SemenThawingController|Controller Name:SemenThawing,Action:GET,Method:GetFreezDetails,User:admin,UnitID:2
2023-12-05 19:12:07.1524|INFO|PIVF.Web.Api.EMR.MaleHistory.SemenThawingController|Controller Name:SemenThawing,Action:GET,Method:GetFreezDetails,User:admin,UnitID:2
2023-12-05 19:12:07.1524|INFO|PIVF.Web.Api.EMR.MaleHistory.SemenThawingController|Controller Name:SemenThawing,Action:GET,Method:GetFreezDetails,User:admin,UnitID:2
2023-12-05 19:12:12.7306|INFO|PIVF.Web.Api.EMR.MaleHistory.SemenAnalysisController|Controller Name:SemenAnalysis,Action:GET,Method:GetSemenAnalysisList,User:admin,UnitID:2
2023-12-05 19:12:12.7306|INFO|PIVF.Web.Api.EMR.MaleHistory.SemenAnalysisController|Controller Name:SemenAnalysis,Action:GET,Method:GetSemenAnalysisList,User:admin,UnitID:2
2023-12-05 19:12:13.1146|INFO|PIVF.Web.Api.EMR.MaleHistory.SurgicalSpermRetrievalController|Controller Name:SurgicalSpermRetrieval,Action:GET,Method:GetSurgeonList,User:admin,UnitID:2
2023-12-05 19:12:13.1146|INFO|PIVF.Web.Api.EMR.MaleHistory.SurgicalSpermRetrievalController|Controller Name:SurgicalSpermRetrieval,Action:GET,Method:GetSurgeonList,User:admin,UnitID:2
2023-12-05 19:12:13.3879|INFO|PIVF.Web.Api.EMR.MaleHistory.SurgicalSpermRetrievalController|Controller Name:SurgicalSpermRetrieval,Action:GET,Method:GetAnesthetist,User:admin,UnitID:2
2023-12-05 19:12:13.3879|INFO|PIVF.Web.Api.EMR.MaleHistory.SurgicalSpermRetrievalController|Controller Name:SurgicalSpermRetrieval,Action:GET,Method:GetAnesthetist,User:admin,UnitID:2
2023-12-05 19:13:13.7875|INFO|PIVF.Web.Api.EMR.MaleHistory.SemenAnalysisController|Controller Name:SemenAnalysis,Action:POST,Method:SaveUpdate,User:admin,UnitID:2
2023-12-05 19:13:13.7875|INFO|PIVF.Web.Api.EMR.MaleHistory.SemenAnalysisController|Controller Name:SemenAnalysis,Action:POST,Method:SaveUpdate,User:admin,UnitID:2
2023-12-05 19:13:14.1964|INFO|PIVF.Web.Api.EMR.MaleHistory.SemenAnalysisController|Controller Name:SemenAnalysis,Action:GET,Method:GetSemenAnalysisList,User:admin,UnitID:2
2023-12-05 19:13:14.1964|INFO|PIVF.Web.Api.EMR.MaleHistory.SemenAnalysisController|Controller Name:SemenAnalysis,Action:GET,Method:GetSemenAnalysisList,User:admin,UnitID:2
2023-12-05 19:13:14.4906|INFO|PIVF.Web.Api.EMR.MaleHistory.SurgicalSpermRetrievalController|Controller Name:SurgicalSpermRetrieval,Action:GET,Method:GetSurgeonList,User:admin,UnitID:2
2023-12-05 19:13:14.4906|INFO|PIVF.Web.Api.EMR.MaleHistory.SurgicalSpermRetrievalController|Controller Name:SurgicalSpermRetrieval,Action:GET,Method:GetSurgeonList,User:admin,UnitID:2
2023-12-05 19:13:14.5405|INFO|PIVF.Web.Api.EMR.MaleHistory.SurgicalSpermRetrievalController|Controller Name:SurgicalSpermRetrieval,Action:GET,Method:GetAnesthetist,User:admin,UnitID:2
2023-12-05 19:13:14.5405|INFO|PIVF.Web.Api.EMR.MaleHistory.SurgicalSpermRetrievalController|Controller Name:SurgicalSpermRetrieval,Action:GET,Method:GetAnesthetist,User:admin,UnitID:2
2023-12-05 19:13:59.5941|INFO|PIVF.Web.Api.EMR.MaleHistory.SemenAnalysisController|Controller Name:SemenAnalysis,Action:GET,Method:GetSemenAnalysisList,User:admin,UnitID:2
2023-12-05 19:13:59.5941|INFO|PIVF.Web.Api.EMR.MaleHistory.SemenAnalysisController|Controller Name:SemenAnalysis,Action:GET,Method:GetSemenAnalysisList,User:admin,UnitID:2
2023-12-05 19:15:02.6308|INFO|PIVF.Web.Api.Master.Common.CommonController|1_Controller Name:CommonController,Action:HttpGet,Method:GetDepartmentList,User:admin,UnitID:2
2023-12-05 19:15:02.6308|INFO|PIVF.Web.Api.Master.Common.CommonController|1_Controller Name:CommonController,Action:HttpGet,Method:GetDepartmentList,User:admin,UnitID:2
2023-12-05 19:15:02.6518|INFO|PIVF.Web.Api.Master.Common.CommonController|1_Controller Name:CommonController,Action:HttpGet,Method:GetSpeclRegTypeList,User:admin,UnitID:2
2023-12-05 19:15:02.6518|INFO|PIVF.Web.Api.Master.Common.CommonController|1_Controller Name:CommonController,Action:HttpGet,Method:GetSpeclRegTypeList,User:admin,UnitID:2
2023-12-05 19:15:02.6667|INFO|PIVF.Web.Api.QueueMgt.QueueMgtController|Controller Name:QueueMgt,Action:HttpPost,Method:GetQueueList,User:admin,UnitID:2
2023-12-05 19:15:02.6667|INFO|PIVF.Web.Api.QueueMgt.QueueMgtController|Controller Name:QueueMgt,Action:HttpPost,Method:GetQueueList,User:admin,UnitID:2
2023-12-05 19:15:03.1586|INFO|PIVF.Web.Api.Master.Common.CommonController|1_Controller Name:CommonController,Action:HttpGet,Method:GetDoctorsList,User:admin,UnitID:2
2023-12-05 19:15:03.1586|INFO|PIVF.Web.Api.Master.Common.CommonController|1_Controller Name:CommonController,Action:HttpGet,Method:GetDoctorsList,User:admin,UnitID:2
2023-12-05 19:15:03.4175|INFO|PIVF.Web.Api.Master.Configuration.UserAPIController|Controller Name:UserAPI,Action:HttpGet,Method:GetUserRoleRights,User:admin,UnitID:2
2023-12-05 19:15:03.4175|INFO|PIVF.Web.Api.Master.Configuration.UserAPIController|Controller Name:UserAPI,Action:HttpGet,Method:GetUserRoleRights,User:admin,UnitID:2
2023-12-05 19:15:03.9498|INFO|PIVF.Web.Api.Master.Configuration.UserAPIController|Controller Name:UserAPI,Action:HttpGet,Method:GetGrandParentList,User:admin,UnitID:2
2023-12-05 19:15:03.9498|INFO|PIVF.Web.Api.Master.Configuration.UserAPIController|Controller Name:UserAPI,Action:HttpGet,Method:GetGrandParentList,User:admin,UnitID:2
2023-12-05 19:15:04.1810|INFO|PIVF.Web.Api.Master.Configuration.UserAPIController|Controller Name:UserAPI,Action:HttpGet,Method:GetParentList,User:admin,UnitID:2
2023-12-05 19:15:04.1810|INFO|PIVF.Web.Api.Master.Configuration.UserAPIController|Controller Name:UserAPI,Action:HttpGet,Method:GetParentList,User:admin,UnitID:2
2023-12-05 19:15:04.2067|INFO|PIVF.Web.Api.Master.Configuration.UserAPIController|Controller Name:UserAPI,Action:HttpGet,Method:GetParentList,User:admin,UnitID:2
2023-12-05 19:15:04.2067|INFO|PIVF.Web.Api.Master.Configuration.UserAPIController|Controller Name:UserAPI,Action:HttpGet,Method:GetParentList,User:admin,UnitID:2
2023-12-05 19:15:10.9390|INFO|PIVF.Web.Api.Master.Common.CommonController|Controller Name:Common,Action:GET,Method:GetActiveVisitByPatient,User:admin,UnitID:2
2023-12-05 19:15:10.9390|INFO|PIVF.Web.Api.Master.Common.CommonController|Controller Name:Common,Action:GET,Method:GetActiveVisitByPatient,User:admin,UnitID:2
2023-12-05 19:15:10.9550|INFO|PIVF.Web.Api.Master.Common.CommonController|Controller Name:Common,Action:GET,Method:GetActiveVisitByPatient,User:admin,UnitID:2
2023-12-05 19:15:10.9550|INFO|PIVF.Web.Api.Master.Common.CommonController|Controller Name:Common,Action:GET,Method:GetActiveVisitByPatient,User:admin,UnitID:2
2023-12-05 19:15:11.1721|INFO|PIVF.Web.Api.EMR.LandingPage.EMRLandingPageAPIController|Controller Name:EMRLandingPageAPI,Action:GET,Method:GetEMRLandingPageData,User:admin,UnitID:2
2023-12-05 19:15:11.1721|INFO|PIVF.Web.Api.EMR.LandingPage.EMRLandingPageAPIController|Controller Name:EMRLandingPageAPI,Action:GET,Method:GetEMRLandingPageData,User:admin,UnitID:2
2023-12-05 19:15:13.2897|INFO|PIVF.Web.Api.Master.Common.CommonController|Controller Name:Common,Action:POST,Method:PutSelectedvisitByPatient,User:admin,UnitID:2
2023-12-05 19:15:13.2897|INFO|PIVF.Web.Api.Master.Common.CommonController|Controller Name:Common,Action:POST,Method:PutSelectedvisitByPatient,User:admin,UnitID:2
2023-12-05 19:15:18.3677|INFO|PIVF.Web.Api.EMR.MaleHistory.SemenPrepController|Controller Name:SemenPrep,Action:GET,Method:GetSemenPreparationListForTC,User:admin,UnitID:2
2023-12-05 19:15:18.3677|INFO|PIVF.Web.Api.EMR.MaleHistory.SemenPrepController|Controller Name:SemenPrep,Action:GET,Method:GetSemenPreparationListForTC,User:admin,UnitID:2
2023-12-05 19:15:23.1876|INFO|PIVF.Web.Api.EMR.MaleHistory.SemenAnalysisController|Controller Name:SemenAnalysis,Action:GET,Method:GetSemenAnalysisList,User:admin,UnitID:2
2023-12-05 19:15:23.1876|INFO|PIVF.Web.Api.EMR.MaleHistory.SemenAnalysisController|Controller Name:SemenAnalysis,Action:GET,Method:GetSemenAnalysisList,User:admin,UnitID:2
2023-12-05 19:15:23.3612|INFO|PIVF.Web.Api.EMR.MaleHistory.SurgicalSpermRetrievalController|Controller Name:SurgicalSpermRetrieval,Action:GET,Method:GetSurgeonList,User:admin,UnitID:2
2023-12-05 19:15:23.3612|INFO|PIVF.Web.Api.EMR.MaleHistory.SurgicalSpermRetrievalController|Controller Name:SurgicalSpermRetrieval,Action:GET,Method:GetSurgeonList,User:admin,UnitID:2
2023-12-05 19:15:23.8702|INFO|PIVF.Web.Api.EMR.MaleHistory.SurgicalSpermRetrievalController|Controller Name:SurgicalSpermRetrieval,Action:GET,Method:GetAnesthetist,User:admin,UnitID:2
2023-12-05 19:15:23.8702|INFO|PIVF.Web.Api.EMR.MaleHistory.SurgicalSpermRetrievalController|Controller Name:SurgicalSpermRetrieval,Action:GET,Method:GetAnesthetist,User:admin,UnitID:2
2023-12-05 19:15:26.8255|INFO|PIVF.Web.Api.EMR.MaleHistory.SemenAnalysisController|Controller Name:SemenAnalysis,Action:GET,Method:GetSemenAnalysisList,User:admin,UnitID:2
2023-12-05 19:15:26.8255|INFO|PIVF.Web.Api.EMR.MaleHistory.SemenAnalysisController|Controller Name:SemenAnalysis,Action:GET,Method:GetSemenAnalysisList,User:admin,UnitID:2
2023-12-05 19:15:29.5387|INFO|PIVF.Web.Api.EMR.MaleHistory.SemenAnalysisController|Controller Name:SemenAnalysis,Action:POST,Method:SaveUpdate,User:admin,UnitID:2
2023-12-05 19:15:29.5387|INFO|PIVF.Web.Api.EMR.MaleHistory.SemenAnalysisController|Controller Name:SemenAnalysis,Action:POST,Method:SaveUpdate,User:admin,UnitID:2
2023-12-05 19:15:29.7541|INFO|PIVF.Web.Api.EMR.MaleHistory.SemenAnalysisController|Controller Name:SemenAnalysis,Action:GET,Method:GetSemenAnalysisList,User:admin,UnitID:2
2023-12-05 19:15:29.7541|INFO|PIVF.Web.Api.EMR.MaleHistory.SemenAnalysisController|Controller Name:SemenAnalysis,Action:GET,Method:GetSemenAnalysisList,User:admin,UnitID:2
2023-12-05 19:15:29.8578|INFO|PIVF.Web.Api.EMR.MaleHistory.SurgicalSpermRetrievalController|Controller Name:SurgicalSpermRetrieval,Action:GET,Method:GetSurgeonList,User:admin,UnitID:2
2023-12-05 19:15:29.8578|INFO|PIVF.Web.Api.EMR.MaleHistory.SurgicalSpermRetrievalController|Controller Name:SurgicalSpermRetrieval,Action:GET,Method:GetSurgeonList,User:admin,UnitID:2
2023-12-05 19:15:29.8758|INFO|PIVF.Web.Api.EMR.MaleHistory.SurgicalSpermRetrievalController|Controller Name:SurgicalSpermRetrieval,Action:GET,Method:GetAnesthetist,User:admin,UnitID:2
2023-12-05 19:15:29.8758|INFO|PIVF.Web.Api.EMR.MaleHistory.SurgicalSpermRetrievalController|Controller Name:SurgicalSpermRetrieval,Action:GET,Method:GetAnesthetist,User:admin,UnitID:2
2023-12-05 19:15:40.6320|INFO|PIVF.Web.Api.EMR.MaleHistory.SurgicalSpermRetrievalController|Controller Name:SurgicalSpermRetrieval,Action:GET,Method:GetSurgicalSpermRetrivalByPatientID,User:admin,UnitID:2
2023-12-05 19:15:40.6320|INFO|PIVF.Web.Api.EMR.MaleHistory.SurgicalSpermRetrievalController|Controller Name:SurgicalSpermRetrieval,Action:GET,Method:GetSurgicalSpermRetrivalByPatientID,User:admin,UnitID:2
2023-12-05 19:15:43.9043|INFO|PIVF.Web.Api.EMR.MaleHistory.SemenAnalysisController|Controller Name:SemenAnalysis,Action:GET,Method:GetSurgicalSpermRetrivalByPatientID,User:admin,UnitID:2
2023-12-05 19:15:43.9043|INFO|PIVF.Web.Api.EMR.MaleHistory.SemenAnalysisController|Controller Name:SemenAnalysis,Action:GET,Method:GetSurgicalSpermRetrivalByPatientID,User:admin,UnitID:2
2023-12-05 19:15:44.4447|INFO|PIVF.Web.Api.EMR.MaleHistory.SurgicalSpermRetrievalController|Controller Name: SurgicalSpermRetrieval,Action: GET,Method: GetSSRImagesBySNo,User: admin,UnitID:2
2023-12-05 19:15:44.4447|INFO|PIVF.Web.Api.EMR.MaleHistory.SurgicalSpermRetrievalController|Controller Name: SurgicalSpermRetrieval,Action: GET,Method: GetSSRImagesBySNo,User: admin,UnitID:2
2023-12-05 19:15:47.2622|INFO|PIVF.Web.Api.EMR.MaleHistory.SurgicalSpermRetrievalController|Controller Name: SurgicalSpermRetrieval,Action: POST,Method: InsertSurgicalSpermRetrival,User: admin,UnitID:2
2023-12-05 19:15:47.2622|INFO|PIVF.Web.Api.EMR.MaleHistory.SurgicalSpermRetrievalController|Controller Name: SurgicalSpermRetrieval,Action: POST,Method: InsertSurgicalSpermRetrival,User: admin,UnitID:2
2023-12-05 19:15:47.3729|INFO|PIVF.Web.Api.EMR.MaleHistory.SurgicalSpermRetrievalController|Controller Name:SurgicalSpermRetrieval,Action:GET,Method:GetSurgicalSpermRetrivalByPatientID,User:admin,UnitID:2
2023-12-05 19:15:47.3729|INFO|PIVF.Web.Api.EMR.MaleHistory.SurgicalSpermRetrievalController|Controller Name:SurgicalSpermRetrieval,Action:GET,Method:GetSurgicalSpermRetrivalByPatientID,User:admin,UnitID:2
2023-12-05 19:23:04.4713|INFO|PIVF.Web.Api.EMR.MaleHistory.SurgicalSpermRetrievalController|Controller Name:SurgicalSpermRetrieval,Action:GET,Method:GetSurgicalSpermRetrivalByPatientID,User:admin,UnitID:2
2023-12-05 19:23:04.4713|INFO|PIVF.Web.Api.EMR.MaleHistory.SurgicalSpermRetrievalController|Controller Name:SurgicalSpermRetrieval,Action:GET,Method:GetSurgicalSpermRetrivalByPatientID,User:admin,UnitID:2
2023-12-05 19:23:12.7249|INFO|PIVF.Web.Api.EMR.MaleHistory.SurgicalSpermRetrievalController|Controller Name:SurgicalSpermRetrieval,Action:GET,Method:GetSurgicalSpermRetrivalByPatientID,User:admin,UnitID:2
2023-12-05 19:23:12.7249|INFO|PIVF.Web.Api.EMR.MaleHistory.SurgicalSpermRetrievalController|Controller Name:SurgicalSpermRetrieval,Action:GET,Method:GetSurgicalSpermRetrivalByPatientID,User:admin,UnitID:2
2023-12-05 19:23:16.8992|INFO|PIVF.Web.Api.New_ART.NewARTController|Controller Name:NewART,Action:GET,Method:GetARTCycleList,User:admin,UnitID:2
2023-12-05 19:23:16.8992|INFO|PIVF.Web.Api.New_ART.NewARTController|Controller Name:NewART,Action:GET,Method:GetARTCycleList,User:admin,UnitID:2
2023-12-05 19:23:17.9143|INFO|PIVF.Web.Api.New_ART.NewARTController|Controller Name:NewART,Action:GET,Method:newCyclebtnFlag,User:admin,UnitID:2
2023-12-05 19:23:17.9143|INFO|PIVF.Web.Api.New_ART.NewARTController|Controller Name:NewART,Action:GET,Method:newCyclebtnFlag,User:admin,UnitID:2
2023-12-05 19:23:21.7539|INFO|PIVF.Web.Api.EMR.MaleHistory.SurgicalSpermRetrievalController|Controller Name:SurgicalSpermRetrieval,Action:GET,Method:GetSurgicalSpermRetrivalByPatientID,User:admin,UnitID:2
2023-12-05 19:23:21.7539|INFO|PIVF.Web.Api.EMR.MaleHistory.SurgicalSpermRetrievalController|Controller Name:SurgicalSpermRetrieval,Action:GET,Method:GetSurgicalSpermRetrivalByPatientID,User:admin,UnitID:2
2023-12-05 19:23:25.8232|INFO|PIVF.Web.Api.EMR.MaleHistory.SemenAnalysisController|Controller Name:SemenAnalysis,Action:GET,Method:GetSurgicalSpermRetrivalByPatientID,User:admin,UnitID:2
2023-12-05 19:23:25.8232|INFO|PIVF.Web.Api.EMR.MaleHistory.SemenAnalysisController|Controller Name:SemenAnalysis,Action:GET,Method:GetSurgicalSpermRetrivalByPatientID,User:admin,UnitID:2
2023-12-05 19:23:26.3604|INFO|PIVF.Web.Api.EMR.MaleHistory.SurgicalSpermRetrievalController|Controller Name: SurgicalSpermRetrieval,Action: GET,Method: GetSSRImagesBySNo,User: admin,UnitID:2
2023-12-05 19:23:26.3604|INFO|PIVF.Web.Api.EMR.MaleHistory.SurgicalSpermRetrievalController|Controller Name: SurgicalSpermRetrieval,Action: GET,Method: GetSSRImagesBySNo,User: admin,UnitID:2
2023-12-05 19:23:40.9391|INFO|PIVF.Web.Api.EMR.MaleHistory.SurgicalSpermRetrievalController|Controller Name:SurgicalSpermRetrieval,Action:GET,Method:GetSurgicalSpermRetrivalByPatientID,User:admin,UnitID:2
2023-12-05 19:23:40.9391|INFO|PIVF.Web.Api.EMR.MaleHistory.SurgicalSpermRetrievalController|Controller Name:SurgicalSpermRetrieval,Action:GET,Method:GetSurgicalSpermRetrivalByPatientID,User:admin,UnitID:2
2023-12-05 19:24:13.8444|INFO|PIVF.Web.Api.EMR.MaleHistory.SurgicalSpermRetrievalController|Controller Name: SurgicalSpermRetrieval,Action: POST,Method: InsertSurgicalSpermRetrival,User: admin,UnitID:2
2023-12-05 19:24:13.8444|INFO|PIVF.Web.Api.EMR.MaleHistory.SurgicalSpermRetrievalController|Controller Name: SurgicalSpermRetrieval,Action: POST,Method: InsertSurgicalSpermRetrival,User: admin,UnitID:2
2023-12-05 19:24:14.5316|INFO|PIVF.Web.Api.EMR.MaleHistory.SurgicalSpermRetrievalController|Controller Name:SurgicalSpermRetrieval,Action:GET,Method:GetSurgicalSpermRetrivalByPatientID,User:admin,UnitID:2
2023-12-05 19:24:14.5316|INFO|PIVF.Web.Api.EMR.MaleHistory.SurgicalSpermRetrievalController|Controller Name:SurgicalSpermRetrieval,Action:GET,Method:GetSurgicalSpermRetrivalByPatientID,User:admin,UnitID:2
2023-12-05 19:24:18.0961|INFO|PIVF.Web.Api.EMR.MaleHistory.SemenAnalysisController|Controller Name:SemenAnalysis,Action:GET,Method:GetSurgicalSpermRetrivalByPatientID,User:admin,UnitID:2
2023-12-05 19:24:18.0961|INFO|PIVF.Web.Api.EMR.MaleHistory.SemenAnalysisController|Controller Name:SemenAnalysis,Action:GET,Method:GetSurgicalSpermRetrivalByPatientID,User:admin,UnitID:2
2023-12-05 19:24:18.1250|INFO|PIVF.Web.Api.EMR.MaleHistory.SurgicalSpermRetrievalController|Controller Name: SurgicalSpermRetrieval,Action: GET,Method: GetSSRImagesBySNo,User: admin,UnitID:2
2023-12-05 19:24:18.1250|INFO|PIVF.Web.Api.EMR.MaleHistory.SurgicalSpermRetrievalController|Controller Name: SurgicalSpermRetrieval,Action: GET,Method: GetSSRImagesBySNo,User: admin,UnitID:2
2023-12-05 19:24:23.2975|INFO|PIVF.Web.Api.EMR.MaleHistory.SurgicalSpermRetrievalController|Controller Name: SurgicalSpermRetrieval,Action: POST,Method: InsertSurgicalSpermRetrival,User: admin,UnitID:2
2023-12-05 19:24:23.2975|INFO|PIVF.Web.Api.EMR.MaleHistory.SurgicalSpermRetrievalController|Controller Name: SurgicalSpermRetrieval,Action: POST,Method: InsertSurgicalSpermRetrival,User: admin,UnitID:2
2023-12-05 19:24:23.4257|INFO|PIVF.Web.Api.EMR.MaleHistory.SurgicalSpermRetrievalController|Controller Name:SurgicalSpermRetrieval,Action:GET,Method:GetSurgicalSpermRetrivalByPatientID,User:admin,UnitID:2
2023-12-05 19:24:23.4257|INFO|PIVF.Web.Api.EMR.MaleHistory.SurgicalSpermRetrievalController|Controller Name:SurgicalSpermRetrieval,Action:GET,Method:GetSurgicalSpermRetrivalByPatientID,User:admin,UnitID:2
