2023-11-22 10:42:38.4318|INFO|PIVF.Web.Api.NewRegistration.NewRegistrationAPIController|Controller Name:NewRegistrationAPI,Action:POST,Method:getPatientByID,User:admin,UnitID:2
2023-11-22 10:42:38.4318|INFO|PIVF.Web.Api.NewRegistration.NewRegistrationAPIController|Controller Name:NewRegistrationAPI,Action:POST,Method:getPatientByID,User:admin,UnitID:2
2023-11-22 10:42:39.6954|INFO|PIVF.Web.Api.NewRegistration.NewRegistrationAPIController|Controller Name:NewRegistrationAPI,Action:GET,Method:getPatientList,User:admin,UnitID:2
2023-11-22 10:42:39.6954|INFO|PIVF.Web.Api.NewRegistration.NewRegistrationAPIController|Controller Name:NewRegistrationAPI,Action:GET,Method:getPatientList,User:admin,UnitID:2
2023-11-22 18:16:15.7339|INFO|PIVF.Web.Api.Master.Configuration.UserAPIController|Controller Name:UserAPI,Action:HttpGet,Method:GetGrandParentList,User:admin,UnitID:2
2023-11-22 18:16:15.7339|INFO|PIVF.Web.Api.Master.Configuration.UserAPIController|Controller Name:UserAPI,Action:HttpGet,Method:GetGrandParentList,User:admin,UnitID:2
2023-11-22 18:16:16.4958|INFO|PIVF.Web.Api.Master.Configuration.UserAPIController|Controller Name:UserAPI,Action:HttpGet,Method:GetUserRoleRights,User:admin,UnitID:2
2023-11-22 18:16:16.4958|INFO|PIVF.Web.Api.Master.Configuration.UserAPIController|Controller Name:UserAPI,Action:HttpGet,Method:GetUserRoleRights,User:admin,UnitID:2
2023-11-22 18:16:20.2235|INFO|PIVF.Web.Api.Master.Common.CommonController|1_Controller Name:CommonController,Action:HttpGet,Method:GetSpeclRegTypeList,User:admin,UnitID:2
2023-11-22 18:16:20.2235|INFO|PIVF.Web.Api.Master.Common.CommonController|1_Controller Name:CommonController,Action:HttpGet,Method:GetSpeclRegTypeList,User:admin,UnitID:2
2023-11-22 18:16:21.1872|INFO|PIVF.Web.Api.Master.Common.CommonController|1_Controller Name:CommonController,Action:HttpGet,Method:GetDoctorsList,User:admin,UnitID:2
2023-11-22 18:16:21.1872|INFO|PIVF.Web.Api.Master.Common.CommonController|1_Controller Name:CommonController,Action:HttpGet,Method:GetDoctorsList,User:admin,UnitID:2
2023-11-22 18:16:21.5640|INFO|PIVF.Web.Api.Master.Configuration.UserAPIController|Controller Name:UserAPI,Action:HttpGet,Method:GetParentList,User:admin,UnitID:2
2023-11-22 18:16:21.5640|INFO|PIVF.Web.Api.Master.Configuration.UserAPIController|Controller Name:UserAPI,Action:HttpGet,Method:GetParentList,User:admin,UnitID:2
2023-11-22 18:16:21.6262|INFO|PIVF.Web.Api.Master.Configuration.UserAPIController|Controller Name:UserAPI,Action:HttpGet,Method:GetParentList,User:admin,UnitID:2
2023-11-22 18:16:21.6262|INFO|PIVF.Web.Api.Master.Configuration.UserAPIController|Controller Name:UserAPI,Action:HttpGet,Method:GetParentList,User:admin,UnitID:2
2023-11-22 18:16:21.7423|INFO|PIVF.Web.Api.QueueMgt.QueueMgtController|Controller Name:QueueMgt,Action:HttpPost,Method:GetQueueList,User:admin,UnitID:2
2023-11-22 18:16:21.7423|INFO|PIVF.Web.Api.QueueMgt.QueueMgtController|Controller Name:QueueMgt,Action:HttpPost,Method:GetQueueList,User:admin,UnitID:2
2023-11-22 18:16:22.2049|INFO|PIVF.Web.Api.Master.Common.CommonController|1_Controller Name:CommonController,Action:HttpGet,Method:GetDepartmentList,User:admin,UnitID:2
2023-11-22 18:16:22.2049|INFO|PIVF.Web.Api.Master.Common.CommonController|1_Controller Name:CommonController,Action:HttpGet,Method:GetDepartmentList,User:admin,UnitID:2
2023-11-22 18:16:33.3191|INFO|PIVF.Web.Api.EMR.LandingPage.EMRLandingPageAPIController|Controller Name:EMRLandingPageAPI,Action:GET,Method:GetEMRLandingPageData,User:admin,UnitID:2
2023-11-22 18:16:33.3191|INFO|PIVF.Web.Api.EMR.LandingPage.EMRLandingPageAPIController|Controller Name:EMRLandingPageAPI,Action:GET,Method:GetEMRLandingPageData,User:admin,UnitID:2
2023-11-22 18:16:36.3175|INFO|PIVF.Web.Api.Master.Common.CommonController|Controller Name:Common,Action:GET,Method:GetActiveVisitByPatient,User:admin,UnitID:2
2023-11-22 18:16:36.3175|INFO|PIVF.Web.Api.Master.Common.CommonController|Controller Name:Common,Action:GET,Method:GetActiveVisitByPatient,User:admin,UnitID:2
2023-11-22 18:16:42.8706|INFO|PIVF.Web.Api.ARTMgmt.ReportUpload.ReportUploadAPIController|Controller Name:ReportUploadAPI,Action:GET,Method:GetReportList,User:admin,UnitID:2
2023-11-22 18:16:42.8706|INFO|PIVF.Web.Api.ARTMgmt.ReportUpload.ReportUploadAPIController|Controller Name:ReportUploadAPI,Action:GET,Method:GetReportList,User:admin,UnitID:2
2023-11-22 18:16:43.3590|INFO|PIVF.Web.Api.ARTMgmt.ReportUpload.ReportUploadAPIController|Controller Name:ReportUploadAPI,Action:GET,Method:fillCatwiseServiceList,User:admin,UnitID:2
2023-11-22 18:16:43.3590|INFO|PIVF.Web.Api.ARTMgmt.ReportUpload.ReportUploadAPIController|Controller Name:ReportUploadAPI,Action:GET,Method:fillCatwiseServiceList,User:admin,UnitID:2
2023-11-22 18:19:12.2959|INFO|PIVF.Web.Api.Master.Configuration.UserAPIController|Controller Name:UserAPI,Action:HttpGet,Method:GetUserRoleRights,User:admin,UnitID:2
2023-11-22 18:19:12.2959|INFO|PIVF.Web.Api.Master.Configuration.UserAPIController|Controller Name:UserAPI,Action:HttpGet,Method:GetUserRoleRights,User:admin,UnitID:2
2023-11-22 18:19:13.2734|INFO|PIVF.Web.Api.Master.Configuration.UserAPIController|Controller Name:UserAPI,Action:HttpGet,Method:GetGrandParentList,User:admin,UnitID:2
2023-11-22 18:19:13.2734|INFO|PIVF.Web.Api.Master.Configuration.UserAPIController|Controller Name:UserAPI,Action:HttpGet,Method:GetGrandParentList,User:admin,UnitID:2
2023-11-22 18:19:13.5412|INFO|PIVF.Web.Api.Master.Common.CommonController|1_Controller Name:CommonController,Action:HttpGet,Method:GetDepartmentList,User:admin,UnitID:2
2023-11-22 18:19:13.5412|INFO|PIVF.Web.Api.Master.Common.CommonController|1_Controller Name:CommonController,Action:HttpGet,Method:GetDepartmentList,User:admin,UnitID:2
2023-11-22 18:19:13.5681|INFO|PIVF.Web.Api.Master.Common.CommonController|1_Controller Name:CommonController,Action:HttpGet,Method:GetSpeclRegTypeList,User:admin,UnitID:2
2023-11-22 18:19:13.5681|INFO|PIVF.Web.Api.Master.Common.CommonController|1_Controller Name:CommonController,Action:HttpGet,Method:GetSpeclRegTypeList,User:admin,UnitID:2
2023-11-22 18:19:13.5885|INFO|PIVF.Web.Api.Master.Configuration.UserAPIController|Controller Name:UserAPI,Action:HttpGet,Method:GetParentList,User:admin,UnitID:2
2023-11-22 18:19:13.5885|INFO|PIVF.Web.Api.Master.Configuration.UserAPIController|Controller Name:UserAPI,Action:HttpGet,Method:GetParentList,User:admin,UnitID:2
2023-11-22 18:19:13.6272|INFO|PIVF.Web.Api.Master.Configuration.UserAPIController|Controller Name:UserAPI,Action:HttpGet,Method:GetParentList,User:admin,UnitID:2
2023-11-22 18:19:13.6272|INFO|PIVF.Web.Api.Master.Configuration.UserAPIController|Controller Name:UserAPI,Action:HttpGet,Method:GetParentList,User:admin,UnitID:2
2023-11-22 18:19:14.0531|INFO|PIVF.Web.Api.QueueMgt.QueueMgtController|Controller Name:QueueMgt,Action:HttpPost,Method:GetQueueList,User:admin,UnitID:2
2023-11-22 18:19:14.0531|INFO|PIVF.Web.Api.QueueMgt.QueueMgtController|Controller Name:QueueMgt,Action:HttpPost,Method:GetQueueList,User:admin,UnitID:2
2023-11-22 18:19:14.5710|INFO|PIVF.Web.Api.Master.Common.CommonController|1_Controller Name:CommonController,Action:HttpGet,Method:GetDoctorsList,User:admin,UnitID:2
2023-11-22 18:19:14.5710|INFO|PIVF.Web.Api.Master.Common.CommonController|1_Controller Name:CommonController,Action:HttpGet,Method:GetDoctorsList,User:admin,UnitID:2
2023-11-22 18:19:17.6847|INFO|PIVF.Web.Api.EMR.LandingPage.EMRLandingPageAPIController|Controller Name:EMRLandingPageAPI,Action:GET,Method:GetEMRLandingPageData,User:admin,UnitID:2
2023-11-22 18:19:17.6847|INFO|PIVF.Web.Api.EMR.LandingPage.EMRLandingPageAPIController|Controller Name:EMRLandingPageAPI,Action:GET,Method:GetEMRLandingPageData,User:admin,UnitID:2
2023-11-22 18:19:18.2787|INFO|PIVF.Web.Api.Master.Common.CommonController|1_Controller Name:CommonController,Action:HttpGet,Method:GetDepartmentList,User:admin,UnitID:2
2023-11-22 18:19:18.2787|INFO|PIVF.Web.Api.Master.Common.CommonController|1_Controller Name:CommonController,Action:HttpGet,Method:GetDepartmentList,User:admin,UnitID:2
2023-11-22 18:19:18.7961|INFO|PIVF.Web.Api.Master.Common.CommonController|1_Controller Name:CommonController,Action:HttpGet,Method:GetSpeclRegTypeList,User:admin,UnitID:2
2023-11-22 18:19:18.7961|INFO|PIVF.Web.Api.Master.Common.CommonController|1_Controller Name:CommonController,Action:HttpGet,Method:GetSpeclRegTypeList,User:admin,UnitID:2
2023-11-22 18:19:19.8389|INFO|PIVF.Web.Api.Master.Common.CommonController|1_Controller Name:CommonController,Action:HttpGet,Method:GetDoctorsList,User:admin,UnitID:2
2023-11-22 18:19:19.8389|INFO|PIVF.Web.Api.Master.Common.CommonController|1_Controller Name:CommonController,Action:HttpGet,Method:GetDoctorsList,User:admin,UnitID:2
2023-11-22 18:19:20.3496|INFO|PIVF.Web.Api.QueueMgt.QueueMgtController|Controller Name:QueueMgt,Action:HttpPost,Method:GetQueueList,User:admin,UnitID:2
2023-11-22 18:19:20.3496|INFO|PIVF.Web.Api.QueueMgt.QueueMgtController|Controller Name:QueueMgt,Action:HttpPost,Method:GetQueueList,User:admin,UnitID:2
2023-11-22 18:19:23.8149|INFO|PIVF.Web.Api.Master.Common.CommonController|Controller Name:Common,Action:GET,Method:GetActiveVisitByPatient,User:admin,UnitID:2
2023-11-22 18:19:23.8149|INFO|PIVF.Web.Api.Master.Common.CommonController|Controller Name:Common,Action:GET,Method:GetActiveVisitByPatient,User:admin,UnitID:2
2023-11-22 18:19:30.5265|INFO|PIVF.Web.Api.ARTMgmt.ReportUpload.ReportUploadAPIController|Controller Name:ReportUploadAPI,Action:GET,Method:GetReportList,User:admin,UnitID:2
2023-11-22 18:19:30.5265|INFO|PIVF.Web.Api.ARTMgmt.ReportUpload.ReportUploadAPIController|Controller Name:ReportUploadAPI,Action:GET,Method:GetReportList,User:admin,UnitID:2
2023-11-22 18:19:33.1574|INFO|PIVF.Web.Api.ARTMgmt.ReportUpload.ReportUploadAPIController|Controller Name:ReportUploadAPI,Action:GET,Method:fillCatwiseServiceList,User:admin,UnitID:2
2023-11-22 18:19:33.1574|INFO|PIVF.Web.Api.ARTMgmt.ReportUpload.ReportUploadAPIController|Controller Name:ReportUploadAPI,Action:GET,Method:fillCatwiseServiceList,User:admin,UnitID:2
2023-11-22 18:19:43.2039|INFO|PIVF.Web.Api.ARTMgmt.ReportUpload.ReportUploadAPIController|Controller Name:ReportUploadAPI,Action:GET,Method:fillCatwiseServiceList,User:admin,UnitID:2
2023-11-22 18:19:43.2039|INFO|PIVF.Web.Api.ARTMgmt.ReportUpload.ReportUploadAPIController|Controller Name:ReportUploadAPI,Action:GET,Method:fillCatwiseServiceList,User:admin,UnitID:2
2023-11-22 18:19:43.2811|INFO|PIVF.Web.Api.ARTMgmt.ReportUpload.ReportUploadAPIController|Controller Name:ReportUploadAPI,Action:GET,Method:GetReportList,User:admin,UnitID:2
2023-11-22 18:19:43.2811|INFO|PIVF.Web.Api.ARTMgmt.ReportUpload.ReportUploadAPIController|Controller Name:ReportUploadAPI,Action:GET,Method:GetReportList,User:admin,UnitID:2
2023-11-22 18:24:58.3204|INFO|PIVF.Web.Api.Master.Common.CommonController|Controller Name:Common,Action:GET,Method:GetActiveVisitByPatient,User:admin,UnitID:2
2023-11-22 18:24:58.3204|INFO|PIVF.Web.Api.Master.Common.CommonController|Controller Name:Common,Action:GET,Method:GetActiveVisitByPatient,User:admin,UnitID:2
2023-11-22 18:24:58.3626|INFO|PIVF.Web.Api.ARTMgmt.ReportUpload.ReportUploadAPIController|Controller Name:ReportUploadAPI,Action:GET,Method:fillCatwiseServiceList,User:admin,UnitID:2
2023-11-22 18:24:58.3626|INFO|PIVF.Web.Api.ARTMgmt.ReportUpload.ReportUploadAPIController|Controller Name:ReportUploadAPI,Action:GET,Method:fillCatwiseServiceList,User:admin,UnitID:2
2023-11-22 18:24:59.9089|INFO|PIVF.Web.Api.ARTMgmt.ReportUpload.ReportUploadAPIController|Controller Name:ReportUploadAPI,Action:GET,Method:GetReportList,User:admin,UnitID:2
2023-11-22 18:24:59.9089|INFO|PIVF.Web.Api.ARTMgmt.ReportUpload.ReportUploadAPIController|Controller Name:ReportUploadAPI,Action:GET,Method:GetReportList,User:admin,UnitID:2
2023-11-22 18:25:02.5583|INFO|PIVF.Web.Api.ARTMgmt.ReportUpload.ReportUploadAPIController|Controller Name:ReportUploadAPI,Action:GET,Method:fillCatwiseServiceList,User:admin,UnitID:2
2023-11-22 18:25:02.5583|INFO|PIVF.Web.Api.ARTMgmt.ReportUpload.ReportUploadAPIController|Controller Name:ReportUploadAPI,Action:GET,Method:fillCatwiseServiceList,User:admin,UnitID:2
2023-11-22 18:25:03.0599|INFO|PIVF.Web.Api.ARTMgmt.ReportUpload.ReportUploadAPIController|Controller Name:ReportUploadAPI,Action:GET,Method:GetReportList,User:admin,UnitID:2
2023-11-22 18:25:03.0599|INFO|PIVF.Web.Api.ARTMgmt.ReportUpload.ReportUploadAPIController|Controller Name:ReportUploadAPI,Action:GET,Method:GetReportList,User:admin,UnitID:2
2023-11-22 18:25:47.7305|INFO|PIVF.Web.Api.QueueMgt.QueueMgtController|Controller Name:QueueMgt,Action:HttpPost,Method:GetQueueList,User:admin,UnitID:2
2023-11-22 18:25:47.7305|INFO|PIVF.Web.Api.QueueMgt.QueueMgtController|Controller Name:QueueMgt,Action:HttpPost,Method:GetQueueList,User:admin,UnitID:2
2023-11-22 18:25:47.8947|INFO|PIVF.Web.Api.Master.Common.CommonController|1_Controller Name:CommonController,Action:HttpGet,Method:GetDoctorsList,User:admin,UnitID:2
2023-11-22 18:25:47.8947|INFO|PIVF.Web.Api.Master.Common.CommonController|1_Controller Name:CommonController,Action:HttpGet,Method:GetDoctorsList,User:admin,UnitID:2
2023-11-22 18:25:47.9962|INFO|PIVF.Web.Api.Master.Configuration.UserAPIController|Controller Name:UserAPI,Action:HttpGet,Method:GetGrandParentList,User:admin,UnitID:2
2023-11-22 18:25:47.9962|INFO|PIVF.Web.Api.Master.Configuration.UserAPIController|Controller Name:UserAPI,Action:HttpGet,Method:GetGrandParentList,User:admin,UnitID:2
2023-11-22 18:25:48.2690|INFO|PIVF.Web.Api.Master.Common.CommonController|1_Controller Name:CommonController,Action:HttpGet,Method:GetDepartmentList,User:admin,UnitID:2
2023-11-22 18:25:48.2690|INFO|PIVF.Web.Api.Master.Common.CommonController|1_Controller Name:CommonController,Action:HttpGet,Method:GetDepartmentList,User:admin,UnitID:2
2023-11-22 18:25:48.4084|INFO|PIVF.Web.Api.Master.Configuration.UserAPIController|Controller Name:UserAPI,Action:HttpGet,Method:GetParentList,User:admin,UnitID:2
2023-11-22 18:25:48.4084|INFO|PIVF.Web.Api.Master.Configuration.UserAPIController|Controller Name:UserAPI,Action:HttpGet,Method:GetParentList,User:admin,UnitID:2
2023-11-22 18:25:48.4879|INFO|PIVF.Web.Api.Master.Configuration.UserAPIController|Controller Name:UserAPI,Action:HttpGet,Method:GetUserRoleRights,User:admin,UnitID:2
2023-11-22 18:25:48.4879|INFO|PIVF.Web.Api.Master.Configuration.UserAPIController|Controller Name:UserAPI,Action:HttpGet,Method:GetUserRoleRights,User:admin,UnitID:2
2023-11-22 18:25:49.0144|INFO|PIVF.Web.Api.Master.Configuration.UserAPIController|Controller Name:UserAPI,Action:HttpGet,Method:GetParentList,User:admin,UnitID:2
2023-11-22 18:25:49.0144|INFO|PIVF.Web.Api.Master.Configuration.UserAPIController|Controller Name:UserAPI,Action:HttpGet,Method:GetParentList,User:admin,UnitID:2
2023-11-22 18:25:49.0492|INFO|PIVF.Web.Api.Master.Common.CommonController|1_Controller Name:CommonController,Action:HttpGet,Method:GetSpeclRegTypeList,User:admin,UnitID:2
2023-11-22 18:25:49.0492|INFO|PIVF.Web.Api.Master.Common.CommonController|1_Controller Name:CommonController,Action:HttpGet,Method:GetSpeclRegTypeList,User:admin,UnitID:2
2023-11-22 18:25:53.4549|INFO|PIVF.Web.Api.EMR.LandingPage.EMRLandingPageAPIController|Controller Name:EMRLandingPageAPI,Action:GET,Method:GetEMRLandingPageData,User:admin,UnitID:2
2023-11-22 18:25:53.4549|INFO|PIVF.Web.Api.EMR.LandingPage.EMRLandingPageAPIController|Controller Name:EMRLandingPageAPI,Action:GET,Method:GetEMRLandingPageData,User:admin,UnitID:2
2023-11-22 18:25:56.5396|INFO|PIVF.Web.Api.Master.Common.CommonController|Controller Name:Common,Action:GET,Method:GetActiveVisitByPatient,User:admin,UnitID:2
2023-11-22 18:25:56.5396|INFO|PIVF.Web.Api.Master.Common.CommonController|Controller Name:Common,Action:GET,Method:GetActiveVisitByPatient,User:admin,UnitID:2
2023-11-22 18:26:02.4279|INFO|PIVF.Web.Api.ARTMgmt.ReportUpload.ReportUploadAPIController|Controller Name:ReportUploadAPI,Action:GET,Method:fillCatwiseServiceList,User:admin,UnitID:2
2023-11-22 18:26:02.4279|INFO|PIVF.Web.Api.ARTMgmt.ReportUpload.ReportUploadAPIController|Controller Name:ReportUploadAPI,Action:GET,Method:fillCatwiseServiceList,User:admin,UnitID:2
2023-11-22 18:26:02.9428|INFO|PIVF.Web.Api.ARTMgmt.ReportUpload.ReportUploadAPIController|Controller Name:ReportUploadAPI,Action:GET,Method:GetReportList,User:admin,UnitID:2
2023-11-22 18:26:02.9428|INFO|PIVF.Web.Api.ARTMgmt.ReportUpload.ReportUploadAPIController|Controller Name:ReportUploadAPI,Action:GET,Method:GetReportList,User:admin,UnitID:2
2023-11-22 18:31:27.9264|INFO|PIVF.Web.Api.ARTMgmt.ReportUpload.ReportUploadAPIController|Controller Name:ReportUploadAPI,Action:GET,Method:fillCatwiseServiceList,User:admin,UnitID:2
2023-11-22 18:31:27.9264|INFO|PIVF.Web.Api.ARTMgmt.ReportUpload.ReportUploadAPIController|Controller Name:ReportUploadAPI,Action:GET,Method:fillCatwiseServiceList,User:admin,UnitID:2
2023-11-22 18:31:28.9447|INFO|PIVF.Web.Api.Master.Common.CommonController|Controller Name:Common,Action:GET,Method:GetActiveVisitByPatient,User:admin,UnitID:2
2023-11-22 18:31:28.9447|INFO|PIVF.Web.Api.Master.Common.CommonController|Controller Name:Common,Action:GET,Method:GetActiveVisitByPatient,User:admin,UnitID:2
2023-11-22 18:31:29.0244|INFO|PIVF.Web.Api.ARTMgmt.ReportUpload.ReportUploadAPIController|Controller Name:ReportUploadAPI,Action:GET,Method:GetReportList,User:admin,UnitID:2
2023-11-22 18:31:29.0244|INFO|PIVF.Web.Api.ARTMgmt.ReportUpload.ReportUploadAPIController|Controller Name:ReportUploadAPI,Action:GET,Method:GetReportList,User:admin,UnitID:2
2023-11-22 18:31:31.0998|INFO|PIVF.Web.Api.ARTMgmt.ReportUpload.ReportUploadAPIController|Controller Name:ReportUploadAPI,Action:GET,Method:fillCatwiseServiceList,User:admin,UnitID:2
2023-11-22 18:31:31.0998|INFO|PIVF.Web.Api.ARTMgmt.ReportUpload.ReportUploadAPIController|Controller Name:ReportUploadAPI,Action:GET,Method:fillCatwiseServiceList,User:admin,UnitID:2
2023-11-22 18:31:32.1244|INFO|PIVF.Web.Api.ARTMgmt.ReportUpload.ReportUploadAPIController|Controller Name:ReportUploadAPI,Action:GET,Method:GetReportList,User:admin,UnitID:2
2023-11-22 18:31:32.1244|INFO|PIVF.Web.Api.ARTMgmt.ReportUpload.ReportUploadAPIController|Controller Name:ReportUploadAPI,Action:GET,Method:GetReportList,User:admin,UnitID:2
2023-11-22 18:36:55.7523|INFO|PIVF.Web.Api.ARTMgmt.ReportUpload.ReportUploadAPIController|Controller Name:ReportUploadAPI,Action:GET,Method:fillCatwiseServiceList,User:admin,UnitID:2
2023-11-22 18:36:55.7523|INFO|PIVF.Web.Api.ARTMgmt.ReportUpload.ReportUploadAPIController|Controller Name:ReportUploadAPI,Action:GET,Method:fillCatwiseServiceList,User:admin,UnitID:2
2023-11-22 18:36:56.2595|INFO|PIVF.Web.Api.ARTMgmt.ReportUpload.ReportUploadAPIController|Controller Name:ReportUploadAPI,Action:GET,Method:GetReportList,User:admin,UnitID:2
2023-11-22 18:36:56.2595|INFO|PIVF.Web.Api.ARTMgmt.ReportUpload.ReportUploadAPIController|Controller Name:ReportUploadAPI,Action:GET,Method:GetReportList,User:admin,UnitID:2
2023-11-22 18:37:06.1072|INFO|PIVF.Web.Api.ARTMgmt.ReportUpload.ReportUploadAPIController|Controller Name:ReportUploadAPI,Action:GET,Method:fillCatwiseServiceList,User:admin,UnitID:2
2023-11-22 18:37:06.1072|INFO|PIVF.Web.Api.ARTMgmt.ReportUpload.ReportUploadAPIController|Controller Name:ReportUploadAPI,Action:GET,Method:fillCatwiseServiceList,User:admin,UnitID:2
2023-11-22 18:37:06.6289|INFO|PIVF.Web.Api.ARTMgmt.ReportUpload.ReportUploadAPIController|Controller Name:ReportUploadAPI,Action:GET,Method:GetReportList,User:admin,UnitID:2
2023-11-22 18:37:06.6289|INFO|PIVF.Web.Api.ARTMgmt.ReportUpload.ReportUploadAPIController|Controller Name:ReportUploadAPI,Action:GET,Method:GetReportList,User:admin,UnitID:2
