2025-03-08 11:08:35.5221|INFO|PIVF.Web.Api.Master.Configuration.UserAPIController|Controller Name:UserAPI,Action:HttpGet,Method:GetGrandParentList,User:akshaya.p,UnitID:2
2025-03-08 11:08:35.5221|INFO|PIVF.Web.Api.Master.Configuration.UserAPIController|Controller Name:UserAPI,Action:HttpGet,Method:GetGrandParentList,User:akshaya.p,UnitID:2
2025-03-08 11:08:35.7076|INFO|PIVF.Web.Api.PatientDashboard.PatientDashboardAPIController|Controller Name:PatientDashboardAPI,Action:GET,Method:GetVisitTypeList,User:akshaya.p,UnitID:2
2025-03-08 11:08:35.7076|INFO|PIVF.Web.Api.PatientDashboard.PatientDashboardAPIController|Controller Name:PatientDashboardAPI,Action:GET,Method:GetVisitTypeList,User:akshaya.p,UnitID:2
2025-03-08 11:08:35.7265|INFO|PIVF.Web.Api.FertivueDashboard.FertivueDashboardController|Controller Name:FertivueDashboard,Action:GET,Method:GetRegistrationDashboardByAgeGroupCount,User:akshaya.p,UnitID:2
2025-03-08 11:08:35.7265|INFO|PIVF.Web.Api.FertivueDashboard.FertivueDashboardController|Controller Name:FertivueDashboard,Action:GET,Method:GetRegistrationDashboardByAgeGroupCount,User:akshaya.p,UnitID:2
2025-03-08 11:08:35.7265|INFO|PIVF.Web.Api.PatientDashboard.PatientDashboardAPIController|Controller Name:PatientDashboardAPI,Action:GET,Method:GetVisitTypeList,User:akshaya.p,UnitID:2
2025-03-08 11:08:35.7265|INFO|PIVF.Web.Api.PatientDashboard.PatientDashboardAPIController|Controller Name:PatientDashboardAPI,Action:GET,Method:GetVisitTypeList,User:akshaya.p,UnitID:2
2025-03-08 11:08:35.7547|INFO|PIVF.Web.Api.FertivueDashboard.FertivueDashboardController|Controller Name:FertivueDashboard,Action:GET,Method:GetAppointmentDashboardCount,User:akshaya.p,UnitID:2
2025-03-08 11:08:35.7547|INFO|PIVF.Web.Api.FertivueDashboard.FertivueDashboardController|Controller Name:FertivueDashboard,Action:GET,Method:GetAppointmentDashboardCount,User:akshaya.p,UnitID:2
2025-03-08 11:08:35.7547|INFO|PIVF.Web.Api.FertivueDashboard.FertivueDashboardController|Controller Name:FertivueDashboard,Action:GET,Method:GetInvestigationDashboardCount,User:akshaya.p,UnitID:2
2025-03-08 11:08:35.7547|INFO|PIVF.Web.Api.FertivueDashboard.FertivueDashboardController|Controller Name:FertivueDashboard,Action:GET,Method:GetInvestigationDashboardCount,User:akshaya.p,UnitID:2
2025-03-08 11:08:35.7733|INFO|PIVF.Web.Api.FertivueDashboard.FertivueDashboardController|Controller Name:FertivueDashboard,Action:GET,Method:GetBillingDashboardCount,User:akshaya.p,UnitID:2
2025-03-08 11:08:35.7733|INFO|PIVF.Web.Api.FertivueDashboard.FertivueDashboardController|Controller Name:FertivueDashboard,Action:GET,Method:GetBillingDashboardCount,User:akshaya.p,UnitID:2
2025-03-08 11:08:35.7914|INFO|PIVF.Web.Api.FertivueDashboard.FertivueDashboardController|Controller Name:FertivueDashboard,Action:GET,Method:GetTotalRevenueDashboardServiceTypeCount,User:akshaya.p,UnitID:2
2025-03-08 11:08:35.7914|INFO|PIVF.Web.Api.FertivueDashboard.FertivueDashboardController|Controller Name:FertivueDashboard,Action:GET,Method:GetTotalRevenueDashboardServiceTypeCount,User:akshaya.p,UnitID:2
2025-03-08 11:08:35.8142|INFO|PIVF.Web.Api.FertivueDashboard.FertivueDashboardController|Controller Name:FertivueDashboard,Action:GET,Method:GetAdminDashboardPercentageCounts,User:akshaya.p,UnitID:2
2025-03-08 11:08:35.8142|INFO|PIVF.Web.Api.FertivueDashboard.FertivueDashboardController|Controller Name:FertivueDashboard,Action:GET,Method:GetAdminDashboardPercentageCounts,User:akshaya.p,UnitID:2
2025-03-08 11:08:35.9817|INFO|PIVF.Web.Api.Master.Configuration.UserAPIController|Controller Name:UserAPI,Action:HttpGet,Method:GetUserRoleRights,User:akshaya.p,UnitID:2
2025-03-08 11:08:35.9817|INFO|PIVF.Web.Api.Master.Configuration.UserAPIController|Controller Name:UserAPI,Action:HttpGet,Method:GetUserRoleRights,User:akshaya.p,UnitID:2
2025-03-08 11:08:39.7682|INFO|PIVF.Web.Api.Master.Configuration.UserAPIController|Controller Name:UserAPI,Action:HttpGet,Method:GetParentList,User:akshaya.p,UnitID:2
2025-03-08 11:08:39.7682|INFO|PIVF.Web.Api.Master.Configuration.UserAPIController|Controller Name:UserAPI,Action:HttpGet,Method:GetParentList,User:akshaya.p,UnitID:2
2025-03-08 11:08:39.7778|INFO|PIVF.Web.Api.Master.Configuration.UserAPIController|Controller Name:UserAPI,Action:HttpGet,Method:GetParentList,User:akshaya.p,UnitID:2
2025-03-08 11:08:39.7778|INFO|PIVF.Web.Api.Master.Configuration.UserAPIController|Controller Name:UserAPI,Action:HttpGet,Method:GetParentList,User:akshaya.p,UnitID:2
2025-03-08 11:08:46.0190|INFO|PIVF.Web.Api.Patient.PatientVisitController|Controller Name:PatientVisit,Action:GET,Method:GetPatientDetails,User:akshaya.p,UnitID:2
2025-03-08 11:08:46.0190|INFO|PIVF.Web.Api.Patient.PatientVisitController|Controller Name:PatientVisit,Action:GET,Method:GetPatientDetails,User:akshaya.p,UnitID:2
2025-03-08 11:08:50.3775|INFO|PIVF.Web.Api.Patient.PatientVisitController|Controller Name:PatientVisit,Action:GET,Method:GetDDVisitTypeList,User:akshaya.p,UnitID:2
2025-03-08 11:08:50.3775|INFO|PIVF.Web.Api.Patient.PatientVisitController|Controller Name:PatientVisit,Action:GET,Method:GetDDVisitTypeList,User:akshaya.p,UnitID:2
2025-03-08 11:08:50.3979|INFO|PIVF.Web.Api.Master.Clinic.DoctorController|Controller Name:Doctor,Action:GET,Method:GetDepartmentListForDoc,User:akshaya.p,UnitID:2
2025-03-08 11:08:50.3979|INFO|PIVF.Web.Api.Master.Clinic.DoctorController|Controller Name:Doctor,Action:GET,Method:GetDepartmentListForDoc,User:akshaya.p,UnitID:2
2025-03-08 11:08:50.4613|INFO|PIVF.Web.Api.Master.Clinic.DoctorController|Controller Name:Doctor,Action:GET,Method:GetDDGenderList,User:akshaya.p,UnitID:2
2025-03-08 11:08:50.4613|INFO|PIVF.Web.Api.Master.Clinic.DoctorController|Controller Name:Doctor,Action:GET,Method:GetDDGenderList,User:akshaya.p,UnitID:2
2025-03-08 11:08:50.4613|INFO|PIVF.Web.Api.Master.Clinic.DoctorController|Controller Name:Doctor,Action:GET,Method:GetDDSpecializationList,User:akshaya.p,UnitID:2
2025-03-08 11:08:50.4613|INFO|PIVF.Web.Api.Master.Clinic.DoctorController|Controller Name:Doctor,Action:GET,Method:GetDDSpecializationList,User:akshaya.p,UnitID:2
2025-03-08 11:08:50.5778|INFO|PIVF.Web.Api.Patient.PatientVisitController|Controller Name:PatientVisit,Action:GET,Method:GetDDCabinList,User:akshaya.p,UnitID:2
2025-03-08 11:08:50.5778|INFO|PIVF.Web.Api.Patient.PatientVisitController|Controller Name:PatientVisit,Action:GET,Method:GetDDCabinList,User:akshaya.p,UnitID:2
2025-03-08 11:08:51.0830|INFO|PIVF.Web.Api.Patient.PatientVisitController|Controller Name:PatientVisit,Action:GET,Method:GetDoctorList,User:akshaya.p,UnitID:2
2025-03-08 11:08:51.0830|INFO|PIVF.Web.Api.Patient.PatientVisitController|Controller Name:PatientVisit,Action:GET,Method:GetDoctorList,User:akshaya.p,UnitID:2
2025-03-08 11:08:51.1075|INFO|PIVF.Web.Api.Patient.PatientVisitController|Controller Name:PatientVisit,Action:GET,Method:GetDoctorList,User:akshaya.p,UnitID:2
2025-03-08 11:08:51.1075|INFO|PIVF.Web.Api.Patient.PatientVisitController|Controller Name:PatientVisit,Action:GET,Method:GetDoctorList,User:akshaya.p,UnitID:2
2025-03-08 11:09:06.6740|INFO|PIVF.Web.Api.Master.Common.CommonController|Controller Name:Common,Action:GET,Method:GetActiveVisitByPatient,User:akshaya.p,UnitID:2
2025-03-08 11:09:06.6740|INFO|PIVF.Web.Api.Master.Common.CommonController|Controller Name:Common,Action:GET,Method:GetActiveVisitByPatient,User:akshaya.p,UnitID:2
2025-03-08 11:09:07.7808|INFO|PIVF.Web.Api.Master.Common.CommonController|Controller Name:Common,Action:GET,Method:GetActiveVisitByPatient,User:akshaya.p,UnitID:2
2025-03-08 11:09:07.7808|INFO|PIVF.Web.Api.Master.Common.CommonController|Controller Name:Common,Action:GET,Method:GetActiveVisitByPatient,User:akshaya.p,UnitID:2
2025-03-08 11:09:09.9453|INFO|PIVF.Web.Api.Billing.BillingAPIController|Controller Name:BillingAPI,Action:GET,Method:GetHistorySummary,User:akshaya.p,UnitID:2
2025-03-08 11:09:09.9453|INFO|PIVF.Web.Api.Billing.BillingAPIController|Controller Name:BillingAPI,Action:GET,Method:GetHistorySummary,User:akshaya.p,UnitID:2
2025-03-08 11:09:10.3932|INFO|PIVF.Web.Api.Billing.BillingAPIController|Controller Name:BillingAPI,Action:GET,Method:GetCaseSummaryHistory,User:akshaya.p,UnitID:2
2025-03-08 11:09:10.3932|INFO|PIVF.Web.Api.Billing.BillingAPIController|Controller Name:BillingAPI,Action:GET,Method:GetCaseSummaryHistory,User:akshaya.p,UnitID:2
2025-03-08 11:09:10.8986|INFO|PIVF.Web.Api.Billing.BillingAPIController|Controller Name:BillingAPI,Action:GET,Method:GetInvestigationHistory,User:akshaya.p,UnitID:2
2025-03-08 11:09:10.8986|INFO|PIVF.Web.Api.Billing.BillingAPIController|Controller Name:BillingAPI,Action:GET,Method:GetInvestigationHistory,User:akshaya.p,UnitID:2
2025-03-08 11:09:11.4086|INFO|PIVF.Web.Api.Billing.BillingAPIController|Controller Name:BillingAPI,Action:GET,Method:GetPatientPrescriptionHistory,User:akshaya.p,UnitID:2
2025-03-08 11:09:11.4086|INFO|PIVF.Web.Api.Billing.BillingAPIController|Controller Name:BillingAPI,Action:GET,Method:GetPatientPrescriptionHistory,User:akshaya.p,UnitID:2
2025-03-08 11:09:11.9192|INFO|PIVF.Web.Api.Billing.BillingAPIController|Controller Name:BillingAPI,Action:GET,Method:GetPatientVisitSummaryModel,User:akshaya.p,UnitID:2
2025-03-08 11:09:11.9192|INFO|PIVF.Web.Api.Billing.BillingAPIController|Controller Name:BillingAPI,Action:GET,Method:GetPatientVisitSummaryModel,User:akshaya.p,UnitID:2
2025-03-08 11:09:12.0868|INFO|PIVF.Web.Api.Master.Common.CommonController|Controller Name:Common,Action:POST,Method:PutSelectedvisitByPatient,User:akshaya.p,UnitID:2
2025-03-08 11:09:12.0868|INFO|PIVF.Web.Api.Master.Common.CommonController|Controller Name:Common,Action:POST,Method:PutSelectedvisitByPatient,User:akshaya.p,UnitID:2
2025-03-08 11:09:12.4230|INFO|PIVF.Web.Api.EMR.LandingPage.EMRLandingPageAPIController|Controller Name:EMRLandingPageAPI,Action:GET,Method:GetEMRLandingPageData,User:akshaya.p,UnitID:2
2025-03-08 11:09:12.4230|INFO|PIVF.Web.Api.EMR.LandingPage.EMRLandingPageAPIController|Controller Name:EMRLandingPageAPI,Action:GET,Method:GetEMRLandingPageData,User:akshaya.p,UnitID:2
2025-03-08 11:23:04.6545|INFO|PIVF.Web.Api.Master.Configuration.UserAPIController|Controller Name:UserAPI,Action:HttpGet,Method:GetParentList,User:akshaya.p,UnitID:2
2025-03-08 11:23:04.6545|INFO|PIVF.Web.Api.Master.Configuration.UserAPIController|Controller Name:UserAPI,Action:HttpGet,Method:GetParentList,User:akshaya.p,UnitID:2
2025-03-08 11:23:04.6810|INFO|PIVF.Web.Api.Master.Configuration.UserAPIController|Controller Name:UserAPI,Action:HttpGet,Method:GetParentList,User:akshaya.p,UnitID:2
2025-03-08 11:23:04.6810|INFO|PIVF.Web.Api.Master.Configuration.UserAPIController|Controller Name:UserAPI,Action:HttpGet,Method:GetParentList,User:akshaya.p,UnitID:2
2025-03-08 11:23:05.0466|INFO|PIVF.Web.Api.Master.Configuration.UserAPIController|Controller Name:UserAPI,Action:HttpGet,Method:GetUserRoleRights,User:akshaya.p,UnitID:2
2025-03-08 11:23:05.0466|INFO|PIVF.Web.Api.Master.Configuration.UserAPIController|Controller Name:UserAPI,Action:HttpGet,Method:GetUserRoleRights,User:akshaya.p,UnitID:2
2025-03-08 11:23:05.2390|INFO|PIVF.Web.Api.PatientDashboard.PatientDashboardAPIController|Controller Name:PatientDashboardAPI,Action:GET,Method:GetVisitTypeList,User:akshaya.p,UnitID:2
2025-03-08 11:23:05.2390|INFO|PIVF.Web.Api.PatientDashboard.PatientDashboardAPIController|Controller Name:PatientDashboardAPI,Action:GET,Method:GetVisitTypeList,User:akshaya.p,UnitID:2
2025-03-08 11:23:05.2650|INFO|PIVF.Web.Api.FertivueDashboard.FertivueDashboardController|Controller Name:FertivueDashboard,Action:GET,Method:GetRegistrationDashboardByAgeGroupCount,User:akshaya.p,UnitID:2
2025-03-08 11:23:05.2650|INFO|PIVF.Web.Api.FertivueDashboard.FertivueDashboardController|Controller Name:FertivueDashboard,Action:GET,Method:GetRegistrationDashboardByAgeGroupCount,User:akshaya.p,UnitID:2
2025-03-08 11:23:05.2791|INFO|PIVF.Web.Api.PatientDashboard.PatientDashboardAPIController|Controller Name:PatientDashboardAPI,Action:GET,Method:GetVisitTypeList,User:akshaya.p,UnitID:2
2025-03-08 11:23:05.2791|INFO|PIVF.Web.Api.PatientDashboard.PatientDashboardAPIController|Controller Name:PatientDashboardAPI,Action:GET,Method:GetVisitTypeList,User:akshaya.p,UnitID:2
2025-03-08 11:23:05.3008|INFO|PIVF.Web.Api.FertivueDashboard.FertivueDashboardController|Controller Name:FertivueDashboard,Action:GET,Method:GetAppointmentDashboardCount,User:akshaya.p,UnitID:2
2025-03-08 11:23:05.3008|INFO|PIVF.Web.Api.FertivueDashboard.FertivueDashboardController|Controller Name:FertivueDashboard,Action:GET,Method:GetAppointmentDashboardCount,User:akshaya.p,UnitID:2
2025-03-08 11:23:05.3110|INFO|PIVF.Web.Api.FertivueDashboard.FertivueDashboardController|Controller Name:FertivueDashboard,Action:GET,Method:GetInvestigationDashboardCount,User:akshaya.p,UnitID:2
2025-03-08 11:23:05.3110|INFO|PIVF.Web.Api.FertivueDashboard.FertivueDashboardController|Controller Name:FertivueDashboard,Action:GET,Method:GetInvestigationDashboardCount,User:akshaya.p,UnitID:2
2025-03-08 11:23:05.3307|INFO|PIVF.Web.Api.FertivueDashboard.FertivueDashboardController|Controller Name:FertivueDashboard,Action:GET,Method:GetBillingDashboardCount,User:akshaya.p,UnitID:2
2025-03-08 11:23:05.3307|INFO|PIVF.Web.Api.FertivueDashboard.FertivueDashboardController|Controller Name:FertivueDashboard,Action:GET,Method:GetBillingDashboardCount,User:akshaya.p,UnitID:2
2025-03-08 11:23:05.3525|INFO|PIVF.Web.Api.FertivueDashboard.FertivueDashboardController|Controller Name:FertivueDashboard,Action:GET,Method:GetTotalRevenueDashboardServiceTypeCount,User:akshaya.p,UnitID:2
2025-03-08 11:23:05.3525|INFO|PIVF.Web.Api.FertivueDashboard.FertivueDashboardController|Controller Name:FertivueDashboard,Action:GET,Method:GetTotalRevenueDashboardServiceTypeCount,User:akshaya.p,UnitID:2
2025-03-08 11:23:05.3785|INFO|PIVF.Web.Api.FertivueDashboard.FertivueDashboardController|Controller Name:FertivueDashboard,Action:GET,Method:GetAdminDashboardPercentageCounts,User:akshaya.p,UnitID:2
2025-03-08 11:23:05.3785|INFO|PIVF.Web.Api.FertivueDashboard.FertivueDashboardController|Controller Name:FertivueDashboard,Action:GET,Method:GetAdminDashboardPercentageCounts,User:akshaya.p,UnitID:2
2025-03-08 11:23:06.0749|INFO|PIVF.Web.Api.Master.Configuration.UserAPIController|Controller Name:UserAPI,Action:HttpGet,Method:GetGrandParentList,User:akshaya.p,UnitID:2
2025-03-08 11:23:06.0749|INFO|PIVF.Web.Api.Master.Configuration.UserAPIController|Controller Name:UserAPI,Action:HttpGet,Method:GetGrandParentList,User:akshaya.p,UnitID:2
2025-03-08 11:23:28.0358|INFO|PIVF.Web.Api.Master.Common.CommonController|Controller Name:Common,Action:GET,Method:GetActiveVisitByPatient,User:akshaya.p,UnitID:2
2025-03-08 11:23:28.0358|INFO|PIVF.Web.Api.Master.Common.CommonController|Controller Name:Common,Action:GET,Method:GetActiveVisitByPatient,User:akshaya.p,UnitID:2
2025-03-08 11:23:29.1677|INFO|PIVF.Web.Api.Master.Common.CommonController|Controller Name:Common,Action:GET,Method:GetActiveVisitByPatient,User:akshaya.p,UnitID:2
2025-03-08 11:23:29.1677|INFO|PIVF.Web.Api.Master.Common.CommonController|Controller Name:Common,Action:GET,Method:GetActiveVisitByPatient,User:akshaya.p,UnitID:2
2025-03-08 11:23:31.2571|INFO|PIVF.Web.Api.EMR.LandingPage.EMRLandingPageAPIController|Controller Name:EMRLandingPageAPI,Action:GET,Method:GetEMRLandingPageData,User:akshaya.p,UnitID:2
2025-03-08 11:23:31.2571|INFO|PIVF.Web.Api.EMR.LandingPage.EMRLandingPageAPIController|Controller Name:EMRLandingPageAPI,Action:GET,Method:GetEMRLandingPageData,User:akshaya.p,UnitID:2
2025-03-08 11:23:31.2938|INFO|PIVF.Web.Api.Billing.BillingAPIController|Controller Name:BillingAPI,Action:GET,Method:GetHistorySummary,User:akshaya.p,UnitID:2
2025-03-08 11:23:31.2938|INFO|PIVF.Web.Api.Billing.BillingAPIController|Controller Name:BillingAPI,Action:GET,Method:GetHistorySummary,User:akshaya.p,UnitID:2
2025-03-08 11:23:31.7661|INFO|PIVF.Web.Api.Billing.BillingAPIController|Controller Name:BillingAPI,Action:GET,Method:GetPatientVisitSummaryModel,User:akshaya.p,UnitID:2
2025-03-08 11:23:31.7661|INFO|PIVF.Web.Api.Billing.BillingAPIController|Controller Name:BillingAPI,Action:GET,Method:GetPatientVisitSummaryModel,User:akshaya.p,UnitID:2
2025-03-08 11:23:32.2731|INFO|PIVF.Web.Api.Billing.BillingAPIController|Controller Name:BillingAPI,Action:GET,Method:GetPatientPrescriptionHistory,User:akshaya.p,UnitID:2
2025-03-08 11:23:32.2731|INFO|PIVF.Web.Api.Billing.BillingAPIController|Controller Name:BillingAPI,Action:GET,Method:GetPatientPrescriptionHistory,User:akshaya.p,UnitID:2
2025-03-08 11:23:32.7827|INFO|PIVF.Web.Api.Billing.BillingAPIController|Controller Name:BillingAPI,Action:GET,Method:GetInvestigationHistory,User:akshaya.p,UnitID:2
2025-03-08 11:23:32.7827|INFO|PIVF.Web.Api.Billing.BillingAPIController|Controller Name:BillingAPI,Action:GET,Method:GetInvestigationHistory,User:akshaya.p,UnitID:2
2025-03-08 11:23:33.2899|INFO|PIVF.Web.Api.Billing.BillingAPIController|Controller Name:BillingAPI,Action:GET,Method:GetCaseSummaryHistory,User:akshaya.p,UnitID:2
2025-03-08 11:23:33.2899|INFO|PIVF.Web.Api.Billing.BillingAPIController|Controller Name:BillingAPI,Action:GET,Method:GetCaseSummaryHistory,User:akshaya.p,UnitID:2
2025-03-08 11:23:58.7536|INFO|PIVF.Web.Api.Master.Common.CommonController|Controller Name:Common,Action:POST,Method:PutSelectedvisitByPatient,User:akshaya.p,UnitID:2
2025-03-08 11:23:58.7536|INFO|PIVF.Web.Api.Master.Common.CommonController|Controller Name:Common,Action:POST,Method:PutSelectedvisitByPatient,User:akshaya.p,UnitID:2
2025-03-08 11:24:11.2771|INFO|PIVF.Web.Api.Master.Common.CommonController|Controller Name:Common,Action:GET,Method:GetActiveVisitByPatient,User:akshaya.p,UnitID:2
2025-03-08 11:24:11.2771|INFO|PIVF.Web.Api.Master.Common.CommonController|Controller Name:Common,Action:GET,Method:GetActiveVisitByPatient,User:akshaya.p,UnitID:2
2025-03-08 11:24:18.9531|INFO|PIVF.Web.Api.EMR.FemaleHistoryController|Controller Name: FemaleHistory,Action: GET,Method: LoadSpecificFemaleHistory,User: akshaya.p,UnitID:2
2025-03-08 11:24:18.9531|INFO|PIVF.Web.Api.EMR.FemaleHistoryController|Controller Name: FemaleHistory,Action: GET,Method: LoadSpecificFemaleHistory,User: akshaya.p,UnitID:2
2025-03-08 12:01:54.7860|INFO|PIVF.Web.Api.Master.Configuration.UserAPIController|Controller Name:UserAPI,Action:HttpGet,Method:GetUserRoleRights,User:akshaya.p,UnitID:2
2025-03-08 12:01:54.7860|INFO|PIVF.Web.Api.Master.Configuration.UserAPIController|Controller Name:UserAPI,Action:HttpGet,Method:GetUserRoleRights,User:akshaya.p,UnitID:2
2025-03-08 12:01:55.2239|INFO|PIVF.Web.Api.Master.Configuration.UserAPIController|Controller Name:UserAPI,Action:HttpGet,Method:GetGrandParentList,User:akshaya.p,UnitID:2
2025-03-08 12:01:55.2239|INFO|PIVF.Web.Api.Master.Configuration.UserAPIController|Controller Name:UserAPI,Action:HttpGet,Method:GetGrandParentList,User:akshaya.p,UnitID:2
2025-03-08 12:01:58.4581|INFO|PIVF.Web.Api.PatientDashboard.PatientDashboardAPIController|Controller Name:PatientDashboardAPI,Action:GET,Method:GetVisitTypeList,User:akshaya.p,UnitID:2
2025-03-08 12:01:58.4581|INFO|PIVF.Web.Api.PatientDashboard.PatientDashboardAPIController|Controller Name:PatientDashboardAPI,Action:GET,Method:GetVisitTypeList,User:akshaya.p,UnitID:2
2025-03-08 12:01:58.4749|INFO|PIVF.Web.Api.FertivueDashboard.FertivueDashboardController|Controller Name:FertivueDashboard,Action:GET,Method:GetRegistrationDashboardByAgeGroupCount,User:akshaya.p,UnitID:2
2025-03-08 12:01:58.4749|INFO|PIVF.Web.Api.FertivueDashboard.FertivueDashboardController|Controller Name:FertivueDashboard,Action:GET,Method:GetRegistrationDashboardByAgeGroupCount,User:akshaya.p,UnitID:2
2025-03-08 12:01:58.4948|INFO|PIVF.Web.Api.Master.Configuration.UserAPIController|Controller Name:UserAPI,Action:HttpGet,Method:GetParentList,User:akshaya.p,UnitID:2
2025-03-08 12:01:58.4948|INFO|PIVF.Web.Api.Master.Configuration.UserAPIController|Controller Name:UserAPI,Action:HttpGet,Method:GetParentList,User:akshaya.p,UnitID:2
2025-03-08 12:01:58.5057|INFO|PIVF.Web.Api.FertivueDashboard.FertivueDashboardController|Controller Name:FertivueDashboard,Action:GET,Method:GetAppointmentDashboardCount,User:akshaya.p,UnitID:2
2025-03-08 12:01:58.5057|INFO|PIVF.Web.Api.FertivueDashboard.FertivueDashboardController|Controller Name:FertivueDashboard,Action:GET,Method:GetAppointmentDashboardCount,User:akshaya.p,UnitID:2
2025-03-08 12:01:58.5057|INFO|PIVF.Web.Api.FertivueDashboard.FertivueDashboardController|Controller Name:FertivueDashboard,Action:GET,Method:GetInvestigationDashboardCount,User:akshaya.p,UnitID:2
2025-03-08 12:01:58.5057|INFO|PIVF.Web.Api.FertivueDashboard.FertivueDashboardController|Controller Name:FertivueDashboard,Action:GET,Method:GetInvestigationDashboardCount,User:akshaya.p,UnitID:2
2025-03-08 12:01:58.5298|INFO|PIVF.Web.Api.FertivueDashboard.FertivueDashboardController|Controller Name:FertivueDashboard,Action:GET,Method:GetBillingDashboardCount,User:akshaya.p,UnitID:2
2025-03-08 12:01:58.5298|INFO|PIVF.Web.Api.FertivueDashboard.FertivueDashboardController|Controller Name:FertivueDashboard,Action:GET,Method:GetBillingDashboardCount,User:akshaya.p,UnitID:2
2025-03-08 12:01:58.5480|INFO|PIVF.Web.Api.FertivueDashboard.FertivueDashboardController|Controller Name:FertivueDashboard,Action:GET,Method:GetTotalRevenueDashboardServiceTypeCount,User:akshaya.p,UnitID:2
2025-03-08 12:01:58.5480|INFO|PIVF.Web.Api.FertivueDashboard.FertivueDashboardController|Controller Name:FertivueDashboard,Action:GET,Method:GetTotalRevenueDashboardServiceTypeCount,User:akshaya.p,UnitID:2
2025-03-08 12:01:58.5712|INFO|PIVF.Web.Api.FertivueDashboard.FertivueDashboardController|Controller Name:FertivueDashboard,Action:GET,Method:GetAdminDashboardPercentageCounts,User:akshaya.p,UnitID:2
2025-03-08 12:01:58.5712|INFO|PIVF.Web.Api.FertivueDashboard.FertivueDashboardController|Controller Name:FertivueDashboard,Action:GET,Method:GetAdminDashboardPercentageCounts,User:akshaya.p,UnitID:2
2025-03-08 12:01:58.6447|INFO|PIVF.Web.Api.Master.Configuration.UserAPIController|Controller Name:UserAPI,Action:HttpGet,Method:GetParentList,User:akshaya.p,UnitID:2
2025-03-08 12:01:58.6447|INFO|PIVF.Web.Api.Master.Configuration.UserAPIController|Controller Name:UserAPI,Action:HttpGet,Method:GetParentList,User:akshaya.p,UnitID:2
2025-03-08 12:01:59.0000|INFO|PIVF.Web.Api.PatientDashboard.PatientDashboardAPIController|Controller Name:PatientDashboardAPI,Action:GET,Method:GetVisitTypeList,User:akshaya.p,UnitID:2
2025-03-08 12:01:59.0000|INFO|PIVF.Web.Api.PatientDashboard.PatientDashboardAPIController|Controller Name:PatientDashboardAPI,Action:GET,Method:GetVisitTypeList,User:akshaya.p,UnitID:2
2025-03-08 12:05:40.2255|INFO|PIVF.Web.Api.Master.Common.CommonController|Controller Name:Common,Action:GET,Method:GetActiveVisitByPatient,User:akshaya.p,UnitID:2
2025-03-08 12:05:40.2255|INFO|PIVF.Web.Api.Master.Common.CommonController|Controller Name:Common,Action:GET,Method:GetActiveVisitByPatient,User:akshaya.p,UnitID:2
2025-03-08 12:05:40.2255|INFO|PIVF.Web.Api.Master.Common.CommonController|Controller Name:Common,Action:GET,Method:GetActiveVisitByPatient,User:akshaya.p,UnitID:2
2025-03-08 12:05:40.2255|INFO|PIVF.Web.Api.Master.Common.CommonController|Controller Name:Common,Action:GET,Method:GetActiveVisitByPatient,User:akshaya.p,UnitID:2
2025-03-08 12:05:41.8879|INFO|PIVF.Web.Api.Billing.BillingAPIController|Controller Name:BillingAPI,Action:GET,Method:GetHistorySummary,User:akshaya.p,UnitID:2
2025-03-08 12:05:41.8879|INFO|PIVF.Web.Api.Billing.BillingAPIController|Controller Name:BillingAPI,Action:GET,Method:GetHistorySummary,User:akshaya.p,UnitID:2
2025-03-08 12:05:42.3302|INFO|PIVF.Web.Api.EMR.LandingPage.EMRLandingPageAPIController|Controller Name:EMRLandingPageAPI,Action:GET,Method:GetEMRLandingPageData,User:akshaya.p,UnitID:2
2025-03-08 12:05:42.3302|INFO|PIVF.Web.Api.EMR.LandingPage.EMRLandingPageAPIController|Controller Name:EMRLandingPageAPI,Action:GET,Method:GetEMRLandingPageData,User:akshaya.p,UnitID:2
2025-03-08 12:05:42.7251|INFO|PIVF.Web.Api.Master.Common.CommonController|Controller Name:Common,Action:POST,Method:PutSelectedvisitByPatient,User:akshaya.p,UnitID:2
2025-03-08 12:05:42.7251|INFO|PIVF.Web.Api.Master.Common.CommonController|Controller Name:Common,Action:POST,Method:PutSelectedvisitByPatient,User:akshaya.p,UnitID:2
2025-03-08 12:05:42.8559|INFO|PIVF.Web.Api.Billing.BillingAPIController|Controller Name:BillingAPI,Action:GET,Method:GetInvestigationHistory,User:akshaya.p,UnitID:2
2025-03-08 12:05:42.8559|INFO|PIVF.Web.Api.Billing.BillingAPIController|Controller Name:BillingAPI,Action:GET,Method:GetInvestigationHistory,User:akshaya.p,UnitID:2
2025-03-08 12:05:43.3769|INFO|PIVF.Web.Api.Billing.BillingAPIController|Controller Name:BillingAPI,Action:GET,Method:GetPatientVisitSummaryModel,User:akshaya.p,UnitID:2
2025-03-08 12:05:43.3769|INFO|PIVF.Web.Api.Billing.BillingAPIController|Controller Name:BillingAPI,Action:GET,Method:GetPatientVisitSummaryModel,User:akshaya.p,UnitID:2
2025-03-08 12:05:43.8801|INFO|PIVF.Web.Api.Billing.BillingAPIController|Controller Name:BillingAPI,Action:GET,Method:GetCaseSummaryHistory,User:akshaya.p,UnitID:2
2025-03-08 12:05:43.8801|INFO|PIVF.Web.Api.Billing.BillingAPIController|Controller Name:BillingAPI,Action:GET,Method:GetCaseSummaryHistory,User:akshaya.p,UnitID:2
2025-03-08 12:05:44.3932|INFO|PIVF.Web.Api.Billing.BillingAPIController|Controller Name:BillingAPI,Action:GET,Method:GetPatientPrescriptionHistory,User:akshaya.p,UnitID:2
2025-03-08 12:05:44.3932|INFO|PIVF.Web.Api.Billing.BillingAPIController|Controller Name:BillingAPI,Action:GET,Method:GetPatientPrescriptionHistory,User:akshaya.p,UnitID:2
2025-03-08 12:05:51.5295|INFO|PIVF.Web.Api.Master.Common.CommonController|Controller Name:Common,Action:GET,Method:GetActiveVisitByPatient,User:akshaya.p,UnitID:2
2025-03-08 12:05:51.5295|INFO|PIVF.Web.Api.Master.Common.CommonController|Controller Name:Common,Action:GET,Method:GetActiveVisitByPatient,User:akshaya.p,UnitID:2
2025-03-08 12:05:55.9981|INFO|PIVF.Web.Api.EMR.FemaleHistoryController|Controller Name: FemaleHistory,Action: GET,Method: LoadSpecificFemaleHistory,User: akshaya.p,UnitID:2
2025-03-08 12:05:55.9981|INFO|PIVF.Web.Api.EMR.FemaleHistoryController|Controller Name: FemaleHistory,Action: GET,Method: LoadSpecificFemaleHistory,User: akshaya.p,UnitID:2
2025-03-08 12:05:56.1968|INFO|PIVF.Web.Api.EMR.FemaleHistory.FemaleComplaintsController|Controller Name:FemaleComplaints,Action:GET,Method:PreviousFollowUpNotes,User:akshaya.p,UnitID:2
2025-03-08 12:05:56.1968|INFO|PIVF.Web.Api.EMR.FemaleHistory.FemaleComplaintsController|Controller Name:FemaleComplaints,Action:GET,Method:PreviousFollowUpNotes,User:akshaya.p,UnitID:2
2025-03-08 12:05:56.4940|INFO|PIVF.Web.Api.EMR.FemaleHistory.FemaleComplaintsController|Controller Name:FemaleComplaints,Action:GET,Method:GetLatestLMP,User:akshaya.p,UnitID:2
2025-03-08 12:05:56.4940|INFO|PIVF.Web.Api.EMR.FemaleHistory.FemaleComplaintsController|Controller Name:FemaleComplaints,Action:GET,Method:GetLatestLMP,User:akshaya.p,UnitID:2
2025-03-08 12:05:57.1523|INFO|PIVF.Web.Api.EMR.FemaleHistory.FemaleComplaintsController|Controller Name: FemaleComplaints,Action: GET,Method: LoadSpecificFemaleComplaints,User: akshaya.p,UnitID:2
2025-03-08 12:05:57.1523|INFO|PIVF.Web.Api.EMR.FemaleHistory.FemaleComplaintsController|Controller Name: FemaleComplaints,Action: GET,Method: LoadSpecificFemaleComplaints,User: akshaya.p,UnitID:2
2025-03-08 12:05:58.0398|INFO|PIVF.Web.Api.Master.Common.CommonController|Controller Name:Common,Action:GET,Method:GetActiveVisitByPatient,User:akshaya.p,UnitID:2
2025-03-08 12:05:58.0398|INFO|PIVF.Web.Api.Master.Common.CommonController|Controller Name:Common,Action:GET,Method:GetActiveVisitByPatient,User:akshaya.p,UnitID:2
2025-03-08 12:05:58.0398|INFO|PIVF.Web.Api.Master.Common.CommonController|Controller Name:Common,Action:GET,Method:GetActiveVisitByPatient,User:akshaya.p,UnitID:2
2025-03-08 12:05:58.0398|INFO|PIVF.Web.Api.Master.Common.CommonController|Controller Name:Common,Action:GET,Method:GetActiveVisitByPatient,User:akshaya.p,UnitID:2
2025-03-08 12:06:00.6133|INFO|PIVF.Web.Api.EMR.FemaleHistoryController|Controller Name: FemaleHistory,Action: GET,Method: LoadSpecificFemaleHistory,User: akshaya.p,UnitID:2
2025-03-08 12:06:00.6133|INFO|PIVF.Web.Api.EMR.FemaleHistoryController|Controller Name: FemaleHistory,Action: GET,Method: LoadSpecificFemaleHistory,User: akshaya.p,UnitID:2
2025-03-08 12:06:00.8299|INFO|PIVF.Web.Api.Master.Common.CommonController|Controller Name:Common,Action:GET,Method:GetActiveVisitByPatient,User:akshaya.p,UnitID:2
2025-03-08 12:06:00.8299|INFO|PIVF.Web.Api.Master.Common.CommonController|Controller Name:Common,Action:GET,Method:GetActiveVisitByPatient,User:akshaya.p,UnitID:2
2025-03-08 12:06:02.0538|INFO|PIVF.Web.Api.Billing.BillingAPIController|Controller Name:BillingAPI,Action:GET,Method:GetPatientPrescriptionHistory,User:akshaya.p,UnitID:2
2025-03-08 12:06:02.0538|INFO|PIVF.Web.Api.Billing.BillingAPIController|Controller Name:BillingAPI,Action:GET,Method:GetPatientPrescriptionHistory,User:akshaya.p,UnitID:2
2025-03-08 12:06:02.0538|INFO|PIVF.Web.Api.Billing.BillingAPIController|Controller Name:BillingAPI,Action:GET,Method:GetInvestigationHistory,User:akshaya.p,UnitID:2
2025-03-08 12:06:02.0538|INFO|PIVF.Web.Api.Billing.BillingAPIController|Controller Name:BillingAPI,Action:GET,Method:GetInvestigationHistory,User:akshaya.p,UnitID:2
2025-03-08 12:06:02.0538|INFO|PIVF.Web.Api.Billing.BillingAPIController|Controller Name:BillingAPI,Action:GET,Method:GetHistorySummary,User:akshaya.p,UnitID:2
2025-03-08 12:06:02.0538|INFO|PIVF.Web.Api.Billing.BillingAPIController|Controller Name:BillingAPI,Action:GET,Method:GetHistorySummary,User:akshaya.p,UnitID:2
2025-03-08 12:06:02.1370|INFO|PIVF.Web.Api.EMR.LandingPage.EMRLandingPageAPIController|Controller Name:EMRLandingPageAPI,Action:GET,Method:GetEMRLandingPageData,User:akshaya.p,UnitID:2
2025-03-08 12:06:02.1370|INFO|PIVF.Web.Api.EMR.LandingPage.EMRLandingPageAPIController|Controller Name:EMRLandingPageAPI,Action:GET,Method:GetEMRLandingPageData,User:akshaya.p,UnitID:2
2025-03-08 12:06:02.1567|INFO|PIVF.Web.Api.Billing.BillingAPIController|Controller Name:BillingAPI,Action:GET,Method:GetPatientVisitSummaryModel,User:akshaya.p,UnitID:2
2025-03-08 12:06:02.1567|INFO|PIVF.Web.Api.Billing.BillingAPIController|Controller Name:BillingAPI,Action:GET,Method:GetPatientVisitSummaryModel,User:akshaya.p,UnitID:2
2025-03-08 12:06:02.1619|INFO|PIVF.Web.Api.Billing.BillingAPIController|Controller Name:BillingAPI,Action:GET,Method:GetCaseSummaryHistory,User:akshaya.p,UnitID:2
2025-03-08 12:06:02.1619|INFO|PIVF.Web.Api.Billing.BillingAPIController|Controller Name:BillingAPI,Action:GET,Method:GetCaseSummaryHistory,User:akshaya.p,UnitID:2
2025-03-08 12:06:02.1619|INFO|PIVF.Web.Api.Billing.BillingAPIController|Controller Name:BillingAPI,Action:GET,Method:GetInvestigationHistory,User:akshaya.p,UnitID:2
2025-03-08 12:06:02.1619|INFO|PIVF.Web.Api.Billing.BillingAPIController|Controller Name:BillingAPI,Action:GET,Method:GetInvestigationHistory,User:akshaya.p,UnitID:2
2025-03-08 12:06:02.1619|INFO|PIVF.Web.Api.Billing.BillingAPIController|Controller Name:BillingAPI,Action:GET,Method:GetPatientPrescriptionHistory,User:akshaya.p,UnitID:2
2025-03-08 12:06:02.1619|INFO|PIVF.Web.Api.Billing.BillingAPIController|Controller Name:BillingAPI,Action:GET,Method:GetPatientPrescriptionHistory,User:akshaya.p,UnitID:2
2025-03-08 12:06:02.1774|INFO|PIVF.Web.Api.Billing.BillingAPIController|Controller Name:BillingAPI,Action:GET,Method:GetHistorySummary,User:akshaya.p,UnitID:2
2025-03-08 12:06:02.1774|INFO|PIVF.Web.Api.Billing.BillingAPIController|Controller Name:BillingAPI,Action:GET,Method:GetHistorySummary,User:akshaya.p,UnitID:2
2025-03-08 12:06:02.5582|INFO|PIVF.Web.Api.Billing.BillingAPIController|Controller Name:BillingAPI,Action:GET,Method:GetCaseSummaryHistory,User:akshaya.p,UnitID:2
2025-03-08 12:06:02.5582|INFO|PIVF.Web.Api.Billing.BillingAPIController|Controller Name:BillingAPI,Action:GET,Method:GetCaseSummaryHistory,User:akshaya.p,UnitID:2
2025-03-08 12:06:04.0776|INFO|PIVF.Web.Api.Billing.BillingAPIController|Controller Name:BillingAPI,Action:GET,Method:GetPatientVisitSummaryModel,User:akshaya.p,UnitID:2
2025-03-08 12:06:04.0776|INFO|PIVF.Web.Api.Billing.BillingAPIController|Controller Name:BillingAPI,Action:GET,Method:GetPatientVisitSummaryModel,User:akshaya.p,UnitID:2
2025-03-08 12:06:05.4255|INFO|PIVF.Web.Api.Master.Common.CommonController|Controller Name:Common,Action:GET,Method:GetActiveVisitByPatient,User:akshaya.p,UnitID:2
2025-03-08 12:06:05.4255|INFO|PIVF.Web.Api.Master.Common.CommonController|Controller Name:Common,Action:GET,Method:GetActiveVisitByPatient,User:akshaya.p,UnitID:2
2025-03-08 12:06:07.9911|INFO|PIVF.Web.Api.EMR.FemaleHistoryController|Controller Name: FemaleHistory,Action: GET,Method: LoadSpecificFemaleHistory,User: akshaya.p,UnitID:2
2025-03-08 12:06:07.9911|INFO|PIVF.Web.Api.EMR.FemaleHistoryController|Controller Name: FemaleHistory,Action: GET,Method: LoadSpecificFemaleHistory,User: akshaya.p,UnitID:2
2025-03-08 12:06:15.1348|INFO|PIVF.Web.Api.EMR.FemaleHistory.FemaleComplaintsController|Controller Name:FemaleComplaints,Action:GET,Method:GetLatestLMP,User:akshaya.p,UnitID:2
2025-03-08 12:06:15.1348|INFO|PIVF.Web.Api.EMR.FemaleHistory.FemaleComplaintsController|Controller Name:FemaleComplaints,Action:GET,Method:GetLatestLMP,User:akshaya.p,UnitID:2
2025-03-08 12:06:16.6519|INFO|PIVF.Web.Api.EMR.FemaleHistory.FemaleComplaintsController|Controller Name: FemaleComplaints,Action: GET,Method: LoadSpecificFemaleComplaints,User: akshaya.p,UnitID:2
2025-03-08 12:06:16.6519|INFO|PIVF.Web.Api.EMR.FemaleHistory.FemaleComplaintsController|Controller Name: FemaleComplaints,Action: GET,Method: LoadSpecificFemaleComplaints,User: akshaya.p,UnitID:2
2025-03-08 12:06:17.1562|INFO|PIVF.Web.Api.EMR.FemaleHistory.FemaleComplaintsController|Controller Name:FemaleComplaints,Action:GET,Method:PreviousFollowUpNotes,User:akshaya.p,UnitID:2
2025-03-08 12:06:17.1562|INFO|PIVF.Web.Api.EMR.FemaleHistory.FemaleComplaintsController|Controller Name:FemaleComplaints,Action:GET,Method:PreviousFollowUpNotes,User:akshaya.p,UnitID:2
2025-03-08 12:12:29.0626|INFO|PIVF.Web.Api.EMR.Vitals.VitalsAPIController|Controller Name:VitalsAPI,Action:GET,Method:GetVitals,User:akshaya.p,UnitID:2
2025-03-08 12:12:29.0626|INFO|PIVF.Web.Api.EMR.Vitals.VitalsAPIController|Controller Name:VitalsAPI,Action:GET,Method:GetVitals,User:akshaya.p,UnitID:2
2025-03-08 12:24:48.5240|INFO|PIVF.Web.Api.PatientDashboard.PatientDashboardAPIController|Controller Name:PatientDashboardAPI,Action:GET,Method:GetVisitTypeList,User:akshaya.p,UnitID:2
2025-03-08 12:24:48.5240|INFO|PIVF.Web.Api.PatientDashboard.PatientDashboardAPIController|Controller Name:PatientDashboardAPI,Action:GET,Method:GetVisitTypeList,User:akshaya.p,UnitID:2
2025-03-08 12:24:48.5559|INFO|PIVF.Web.Api.FertivueDashboard.FertivueDashboardController|Controller Name:FertivueDashboard,Action:GET,Method:GetRegistrationDashboardByAgeGroupCount,User:akshaya.p,UnitID:2
2025-03-08 12:24:48.5559|INFO|PIVF.Web.Api.FertivueDashboard.FertivueDashboardController|Controller Name:FertivueDashboard,Action:GET,Method:GetRegistrationDashboardByAgeGroupCount,User:akshaya.p,UnitID:2
2025-03-08 12:24:48.5724|INFO|PIVF.Web.Api.PatientDashboard.PatientDashboardAPIController|Controller Name:PatientDashboardAPI,Action:GET,Method:GetVisitTypeList,User:akshaya.p,UnitID:2
2025-03-08 12:24:48.5724|INFO|PIVF.Web.Api.PatientDashboard.PatientDashboardAPIController|Controller Name:PatientDashboardAPI,Action:GET,Method:GetVisitTypeList,User:akshaya.p,UnitID:2
2025-03-08 12:24:48.5983|INFO|PIVF.Web.Api.FertivueDashboard.FertivueDashboardController|Controller Name:FertivueDashboard,Action:GET,Method:GetAppointmentDashboardCount,User:akshaya.p,UnitID:2
2025-03-08 12:24:48.5983|INFO|PIVF.Web.Api.FertivueDashboard.FertivueDashboardController|Controller Name:FertivueDashboard,Action:GET,Method:GetAppointmentDashboardCount,User:akshaya.p,UnitID:2
2025-03-08 12:24:48.6083|INFO|PIVF.Web.Api.FertivueDashboard.FertivueDashboardController|Controller Name:FertivueDashboard,Action:GET,Method:GetInvestigationDashboardCount,User:akshaya.p,UnitID:2
2025-03-08 12:24:48.6083|INFO|PIVF.Web.Api.FertivueDashboard.FertivueDashboardController|Controller Name:FertivueDashboard,Action:GET,Method:GetInvestigationDashboardCount,User:akshaya.p,UnitID:2
2025-03-08 12:24:48.6275|INFO|PIVF.Web.Api.FertivueDashboard.FertivueDashboardController|Controller Name:FertivueDashboard,Action:GET,Method:GetBillingDashboardCount,User:akshaya.p,UnitID:2
2025-03-08 12:24:48.6275|INFO|PIVF.Web.Api.FertivueDashboard.FertivueDashboardController|Controller Name:FertivueDashboard,Action:GET,Method:GetBillingDashboardCount,User:akshaya.p,UnitID:2
2025-03-08 12:24:48.6491|INFO|PIVF.Web.Api.FertivueDashboard.FertivueDashboardController|Controller Name:FertivueDashboard,Action:GET,Method:GetTotalRevenueDashboardServiceTypeCount,User:akshaya.p,UnitID:2
2025-03-08 12:24:48.6491|INFO|PIVF.Web.Api.FertivueDashboard.FertivueDashboardController|Controller Name:FertivueDashboard,Action:GET,Method:GetTotalRevenueDashboardServiceTypeCount,User:akshaya.p,UnitID:2
2025-03-08 12:24:48.6747|INFO|PIVF.Web.Api.FertivueDashboard.FertivueDashboardController|Controller Name:FertivueDashboard,Action:GET,Method:GetAdminDashboardPercentageCounts,User:akshaya.p,UnitID:2
2025-03-08 12:24:48.6747|INFO|PIVF.Web.Api.FertivueDashboard.FertivueDashboardController|Controller Name:FertivueDashboard,Action:GET,Method:GetAdminDashboardPercentageCounts,User:akshaya.p,UnitID:2
2025-03-08 12:24:51.2052|INFO|PIVF.Web.Api.Master.Configuration.UserAPIController|Controller Name:UserAPI,Action:HttpGet,Method:GetParentList,User:akshaya.p,UnitID:2
2025-03-08 12:24:51.2052|INFO|PIVF.Web.Api.Master.Configuration.UserAPIController|Controller Name:UserAPI,Action:HttpGet,Method:GetParentList,User:akshaya.p,UnitID:2
2025-03-08 12:24:51.2222|INFO|PIVF.Web.Api.Master.Configuration.UserAPIController|Controller Name:UserAPI,Action:HttpGet,Method:GetParentList,User:akshaya.p,UnitID:2
2025-03-08 12:24:51.2222|INFO|PIVF.Web.Api.Master.Configuration.UserAPIController|Controller Name:UserAPI,Action:HttpGet,Method:GetParentList,User:akshaya.p,UnitID:2
2025-03-08 12:24:51.3130|INFO|PIVF.Web.Api.Master.Configuration.UserAPIController|Controller Name:UserAPI,Action:HttpGet,Method:GetGrandParentList,User:akshaya.p,UnitID:2
2025-03-08 12:24:51.3130|INFO|PIVF.Web.Api.Master.Configuration.UserAPIController|Controller Name:UserAPI,Action:HttpGet,Method:GetGrandParentList,User:akshaya.p,UnitID:2
2025-03-08 12:24:51.8311|INFO|PIVF.Web.Api.Master.Configuration.UserAPIController|Controller Name:UserAPI,Action:HttpGet,Method:GetUserRoleRights,User:akshaya.p,UnitID:2
2025-03-08 12:24:51.8311|INFO|PIVF.Web.Api.Master.Configuration.UserAPIController|Controller Name:UserAPI,Action:HttpGet,Method:GetUserRoleRights,User:akshaya.p,UnitID:2
2025-03-08 12:25:00.5016|INFO|PIVF.Web.Api.Master.Common.CommonController|Controller Name:Common,Action:GET,Method:GetActiveVisitByPatient,User:akshaya.p,UnitID:2
2025-03-08 12:25:00.5016|INFO|PIVF.Web.Api.Master.Common.CommonController|Controller Name:Common,Action:GET,Method:GetActiveVisitByPatient,User:akshaya.p,UnitID:2
2025-03-08 12:25:00.5166|INFO|PIVF.Web.Api.Master.Common.CommonController|Controller Name:Common,Action:GET,Method:GetActiveVisitByPatient,User:akshaya.p,UnitID:2
2025-03-08 12:25:00.5166|INFO|PIVF.Web.Api.Master.Common.CommonController|Controller Name:Common,Action:GET,Method:GetActiveVisitByPatient,User:akshaya.p,UnitID:2
2025-03-08 12:25:01.9129|INFO|PIVF.Web.Api.Billing.BillingAPIController|Controller Name:BillingAPI,Action:GET,Method:GetHistorySummary,User:akshaya.p,UnitID:2
2025-03-08 12:25:01.9129|INFO|PIVF.Web.Api.Billing.BillingAPIController|Controller Name:BillingAPI,Action:GET,Method:GetHistorySummary,User:akshaya.p,UnitID:2
2025-03-08 12:25:02.3483|INFO|PIVF.Web.Api.Billing.BillingAPIController|Controller Name:BillingAPI,Action:GET,Method:GetInvestigationHistory,User:akshaya.p,UnitID:2
2025-03-08 12:25:02.3483|INFO|PIVF.Web.Api.Billing.BillingAPIController|Controller Name:BillingAPI,Action:GET,Method:GetInvestigationHistory,User:akshaya.p,UnitID:2
2025-03-08 12:25:02.3665|INFO|PIVF.Web.Api.Billing.BillingAPIController|Controller Name:BillingAPI,Action:GET,Method:GetPatientVisitSummaryModel,User:akshaya.p,UnitID:2
2025-03-08 12:25:02.3665|INFO|PIVF.Web.Api.Billing.BillingAPIController|Controller Name:BillingAPI,Action:GET,Method:GetPatientVisitSummaryModel,User:akshaya.p,UnitID:2
2025-03-08 12:25:02.8619|INFO|PIVF.Web.Api.Billing.BillingAPIController|Controller Name:BillingAPI,Action:GET,Method:GetCaseSummaryHistory,User:akshaya.p,UnitID:2
2025-03-08 12:25:02.8619|INFO|PIVF.Web.Api.Billing.BillingAPIController|Controller Name:BillingAPI,Action:GET,Method:GetCaseSummaryHistory,User:akshaya.p,UnitID:2
2025-03-08 12:25:03.3631|INFO|PIVF.Web.Api.Billing.BillingAPIController|Controller Name:BillingAPI,Action:GET,Method:GetPatientPrescriptionHistory,User:akshaya.p,UnitID:2
2025-03-08 12:25:03.3631|INFO|PIVF.Web.Api.Billing.BillingAPIController|Controller Name:BillingAPI,Action:GET,Method:GetPatientPrescriptionHistory,User:akshaya.p,UnitID:2
2025-03-08 12:25:03.8728|INFO|PIVF.Web.Api.EMR.LandingPage.EMRLandingPageAPIController|Controller Name:EMRLandingPageAPI,Action:GET,Method:GetEMRLandingPageData,User:akshaya.p,UnitID:2
2025-03-08 12:25:03.8728|INFO|PIVF.Web.Api.EMR.LandingPage.EMRLandingPageAPIController|Controller Name:EMRLandingPageAPI,Action:GET,Method:GetEMRLandingPageData,User:akshaya.p,UnitID:2
2025-03-08 12:26:05.1303|INFO|PIVF.Web.Api.Master.Common.CommonController|Controller Name:Common,Action:POST,Method:PutSelectedvisitByPatient,User:akshaya.p,UnitID:2
2025-03-08 12:26:05.1303|INFO|PIVF.Web.Api.Master.Common.CommonController|Controller Name:Common,Action:POST,Method:PutSelectedvisitByPatient,User:akshaya.p,UnitID:2
2025-03-08 13:57:27.2909|INFO|PIVF.Web.Api.Master.Configuration.UserAPIController|Controller Name:UserAPI,Action:HttpGet,Method:GetUserRoleRights,User:akshaya.p,UnitID:2
2025-03-08 13:57:27.2909|INFO|PIVF.Web.Api.Master.Configuration.UserAPIController|Controller Name:UserAPI,Action:HttpGet,Method:GetUserRoleRights,User:akshaya.p,UnitID:2
2025-03-08 13:57:28.9094|INFO|PIVF.Web.Api.PatientDashboard.PatientDashboardAPIController|Controller Name:PatientDashboardAPI,Action:GET,Method:GetVisitTypeList,User:akshaya.p,UnitID:2
2025-03-08 13:57:28.9094|INFO|PIVF.Web.Api.PatientDashboard.PatientDashboardAPIController|Controller Name:PatientDashboardAPI,Action:GET,Method:GetVisitTypeList,User:akshaya.p,UnitID:2
2025-03-08 13:57:28.9389|INFO|PIVF.Web.Api.FertivueDashboard.FertivueDashboardController|Controller Name:FertivueDashboard,Action:GET,Method:GetRegistrationDashboardByAgeGroupCount,User:akshaya.p,UnitID:2
2025-03-08 13:57:28.9389|INFO|PIVF.Web.Api.FertivueDashboard.FertivueDashboardController|Controller Name:FertivueDashboard,Action:GET,Method:GetRegistrationDashboardByAgeGroupCount,User:akshaya.p,UnitID:2
2025-03-08 13:57:28.9551|INFO|PIVF.Web.Api.PatientDashboard.PatientDashboardAPIController|Controller Name:PatientDashboardAPI,Action:GET,Method:GetVisitTypeList,User:akshaya.p,UnitID:2
2025-03-08 13:57:28.9551|INFO|PIVF.Web.Api.PatientDashboard.PatientDashboardAPIController|Controller Name:PatientDashboardAPI,Action:GET,Method:GetVisitTypeList,User:akshaya.p,UnitID:2
2025-03-08 13:57:28.9778|INFO|PIVF.Web.Api.FertivueDashboard.FertivueDashboardController|Controller Name:FertivueDashboard,Action:GET,Method:GetAppointmentDashboardCount,User:akshaya.p,UnitID:2
2025-03-08 13:57:28.9778|INFO|PIVF.Web.Api.FertivueDashboard.FertivueDashboardController|Controller Name:FertivueDashboard,Action:GET,Method:GetAppointmentDashboardCount,User:akshaya.p,UnitID:2
2025-03-08 13:57:28.9778|INFO|PIVF.Web.Api.FertivueDashboard.FertivueDashboardController|Controller Name:FertivueDashboard,Action:GET,Method:GetInvestigationDashboardCount,User:akshaya.p,UnitID:2
2025-03-08 13:57:28.9778|INFO|PIVF.Web.Api.FertivueDashboard.FertivueDashboardController|Controller Name:FertivueDashboard,Action:GET,Method:GetInvestigationDashboardCount,User:akshaya.p,UnitID:2
2025-03-08 13:57:29.0064|INFO|PIVF.Web.Api.FertivueDashboard.FertivueDashboardController|Controller Name:FertivueDashboard,Action:GET,Method:GetBillingDashboardCount,User:akshaya.p,UnitID:2
2025-03-08 13:57:29.0064|INFO|PIVF.Web.Api.FertivueDashboard.FertivueDashboardController|Controller Name:FertivueDashboard,Action:GET,Method:GetBillingDashboardCount,User:akshaya.p,UnitID:2
2025-03-08 13:57:29.0270|INFO|PIVF.Web.Api.FertivueDashboard.FertivueDashboardController|Controller Name:FertivueDashboard,Action:GET,Method:GetTotalRevenueDashboardServiceTypeCount,User:akshaya.p,UnitID:2
2025-03-08 13:57:29.0270|INFO|PIVF.Web.Api.FertivueDashboard.FertivueDashboardController|Controller Name:FertivueDashboard,Action:GET,Method:GetTotalRevenueDashboardServiceTypeCount,User:akshaya.p,UnitID:2
2025-03-08 13:57:29.0529|INFO|PIVF.Web.Api.FertivueDashboard.FertivueDashboardController|Controller Name:FertivueDashboard,Action:GET,Method:GetAdminDashboardPercentageCounts,User:akshaya.p,UnitID:2
2025-03-08 13:57:29.0529|INFO|PIVF.Web.Api.FertivueDashboard.FertivueDashboardController|Controller Name:FertivueDashboard,Action:GET,Method:GetAdminDashboardPercentageCounts,User:akshaya.p,UnitID:2
2025-03-08 13:57:31.6649|INFO|PIVF.Web.Api.Master.Configuration.UserAPIController|Controller Name:UserAPI,Action:HttpGet,Method:GetParentList,User:akshaya.p,UnitID:2
2025-03-08 13:57:31.6649|INFO|PIVF.Web.Api.Master.Configuration.UserAPIController|Controller Name:UserAPI,Action:HttpGet,Method:GetParentList,User:akshaya.p,UnitID:2
2025-03-08 13:57:31.6649|INFO|PIVF.Web.Api.Master.Configuration.UserAPIController|Controller Name:UserAPI,Action:HttpGet,Method:GetParentList,User:akshaya.p,UnitID:2
2025-03-08 13:57:31.6649|INFO|PIVF.Web.Api.Master.Configuration.UserAPIController|Controller Name:UserAPI,Action:HttpGet,Method:GetParentList,User:akshaya.p,UnitID:2
2025-03-08 13:57:32.2920|INFO|PIVF.Web.Api.Master.Configuration.UserAPIController|Controller Name:UserAPI,Action:HttpGet,Method:GetGrandParentList,User:akshaya.p,UnitID:2
2025-03-08 13:57:32.2920|INFO|PIVF.Web.Api.Master.Configuration.UserAPIController|Controller Name:UserAPI,Action:HttpGet,Method:GetGrandParentList,User:akshaya.p,UnitID:2
2025-03-08 13:57:57.5410|INFO|PIVF.Web.Api.Billing.BillingAPIController|Controller Name:BillingCtrl,Action:HttpPost,Method:GetBillList,User:akshaya.p,UnitID:2
2025-03-08 13:57:57.5410|INFO|PIVF.Web.Api.Billing.BillingAPIController|Controller Name:BillingCtrl,Action:HttpPost,Method:GetBillList,User:akshaya.p,UnitID:2
2025-03-08 14:02:44.5408|INFO|PIVF.Web.Api.Master.Common.CommonController|Controller Name:Common,Action:GET,Method:GetActiveVisitByPatient,User:akshaya.p,UnitID:2
2025-03-08 14:02:44.5408|INFO|PIVF.Web.Api.Master.Common.CommonController|Controller Name:Common,Action:GET,Method:GetActiveVisitByPatient,User:akshaya.p,UnitID:2
2025-03-08 14:02:44.5564|INFO|PIVF.Web.Api.Master.Common.CommonController|Controller Name:Common,Action:GET,Method:GetActiveVisitByPatient,User:akshaya.p,UnitID:2
2025-03-08 14:02:44.5564|INFO|PIVF.Web.Api.Master.Common.CommonController|Controller Name:Common,Action:GET,Method:GetActiveVisitByPatient,User:akshaya.p,UnitID:2
2025-03-08 14:02:45.7365|INFO|PIVF.Web.Api.Billing.BillingAPIController|Controller Name:BillingAPI,Action:GET,Method:GetHistorySummary,User:akshaya.p,UnitID:2
2025-03-08 14:02:45.7365|INFO|PIVF.Web.Api.Billing.BillingAPIController|Controller Name:BillingAPI,Action:GET,Method:GetHistorySummary,User:akshaya.p,UnitID:2
2025-03-08 14:02:46.1874|INFO|PIVF.Web.Api.EMR.LandingPage.EMRLandingPageAPIController|Controller Name:EMRLandingPageAPI,Action:GET,Method:GetEMRLandingPageData,User:akshaya.p,UnitID:2
2025-03-08 14:02:46.1874|INFO|PIVF.Web.Api.EMR.LandingPage.EMRLandingPageAPIController|Controller Name:EMRLandingPageAPI,Action:GET,Method:GetEMRLandingPageData,User:akshaya.p,UnitID:2
2025-03-08 14:02:46.6866|INFO|PIVF.Web.Api.Billing.BillingAPIController|Controller Name:BillingAPI,Action:GET,Method:GetPatientVisitSummaryModel,User:akshaya.p,UnitID:2
2025-03-08 14:02:46.6866|INFO|PIVF.Web.Api.Billing.BillingAPIController|Controller Name:BillingAPI,Action:GET,Method:GetPatientVisitSummaryModel,User:akshaya.p,UnitID:2
2025-03-08 14:02:46.7064|INFO|PIVF.Web.Api.Billing.BillingAPIController|Controller Name:BillingAPI,Action:GET,Method:GetPatientPrescriptionHistory,User:akshaya.p,UnitID:2
2025-03-08 14:02:46.7064|INFO|PIVF.Web.Api.Billing.BillingAPIController|Controller Name:BillingAPI,Action:GET,Method:GetPatientPrescriptionHistory,User:akshaya.p,UnitID:2
2025-03-08 14:02:47.1965|INFO|PIVF.Web.Api.Billing.BillingAPIController|Controller Name:BillingAPI,Action:GET,Method:GetCaseSummaryHistory,User:akshaya.p,UnitID:2
2025-03-08 14:02:47.1965|INFO|PIVF.Web.Api.Billing.BillingAPIController|Controller Name:BillingAPI,Action:GET,Method:GetCaseSummaryHistory,User:akshaya.p,UnitID:2
2025-03-08 14:02:47.2257|INFO|PIVF.Web.Api.Billing.BillingAPIController|Controller Name:BillingAPI,Action:GET,Method:GetInvestigationHistory,User:akshaya.p,UnitID:2
2025-03-08 14:02:47.2257|INFO|PIVF.Web.Api.Billing.BillingAPIController|Controller Name:BillingAPI,Action:GET,Method:GetInvestigationHistory,User:akshaya.p,UnitID:2
2025-03-08 14:02:49.6355|INFO|PIVF.Web.Api.Master.Common.CommonController|Controller Name:Common,Action:POST,Method:PutSelectedvisitByPatient,User:akshaya.p,UnitID:2
2025-03-08 14:02:49.6355|INFO|PIVF.Web.Api.Master.Common.CommonController|Controller Name:Common,Action:POST,Method:PutSelectedvisitByPatient,User:akshaya.p,UnitID:2
2025-03-08 15:59:36.3211|INFO|PIVF.Web.Api.Master.Configuration.UserAPIController|Controller Name:UserAPI,Action:HttpGet,Method:GetParentList,User:akshaya.p,UnitID:2
2025-03-08 15:59:36.3211|INFO|PIVF.Web.Api.Master.Configuration.UserAPIController|Controller Name:UserAPI,Action:HttpGet,Method:GetParentList,User:akshaya.p,UnitID:2
2025-03-08 15:59:36.3379|INFO|PIVF.Web.Api.Master.Configuration.UserAPIController|Controller Name:UserAPI,Action:HttpGet,Method:GetUserRoleRights,User:akshaya.p,UnitID:2
2025-03-08 15:59:36.3379|INFO|PIVF.Web.Api.Master.Configuration.UserAPIController|Controller Name:UserAPI,Action:HttpGet,Method:GetUserRoleRights,User:akshaya.p,UnitID:2
2025-03-08 15:59:36.5130|INFO|PIVF.Web.Api.PatientDashboard.PatientDashboardAPIController|Controller Name:PatientDashboardAPI,Action:GET,Method:GetVisitTypeList,User:akshaya.p,UnitID:2
2025-03-08 15:59:36.5130|INFO|PIVF.Web.Api.PatientDashboard.PatientDashboardAPIController|Controller Name:PatientDashboardAPI,Action:GET,Method:GetVisitTypeList,User:akshaya.p,UnitID:2
2025-03-08 15:59:36.5314|INFO|PIVF.Web.Api.FertivueDashboard.FertivueDashboardController|Controller Name:FertivueDashboard,Action:GET,Method:GetRegistrationDashboardByAgeGroupCount,User:akshaya.p,UnitID:2
2025-03-08 15:59:36.5314|INFO|PIVF.Web.Api.FertivueDashboard.FertivueDashboardController|Controller Name:FertivueDashboard,Action:GET,Method:GetRegistrationDashboardByAgeGroupCount,User:akshaya.p,UnitID:2
2025-03-08 15:59:36.5433|INFO|PIVF.Web.Api.PatientDashboard.PatientDashboardAPIController|Controller Name:PatientDashboardAPI,Action:GET,Method:GetVisitTypeList,User:akshaya.p,UnitID:2
2025-03-08 15:59:36.5433|INFO|PIVF.Web.Api.PatientDashboard.PatientDashboardAPIController|Controller Name:PatientDashboardAPI,Action:GET,Method:GetVisitTypeList,User:akshaya.p,UnitID:2
2025-03-08 15:59:36.5608|INFO|PIVF.Web.Api.FertivueDashboard.FertivueDashboardController|Controller Name:FertivueDashboard,Action:GET,Method:GetAppointmentDashboardCount,User:akshaya.p,UnitID:2
2025-03-08 15:59:36.5608|INFO|PIVF.Web.Api.FertivueDashboard.FertivueDashboardController|Controller Name:FertivueDashboard,Action:GET,Method:GetAppointmentDashboardCount,User:akshaya.p,UnitID:2
2025-03-08 15:59:36.5683|INFO|PIVF.Web.Api.FertivueDashboard.FertivueDashboardController|Controller Name:FertivueDashboard,Action:GET,Method:GetInvestigationDashboardCount,User:akshaya.p,UnitID:2
2025-03-08 15:59:36.5683|INFO|PIVF.Web.Api.FertivueDashboard.FertivueDashboardController|Controller Name:FertivueDashboard,Action:GET,Method:GetInvestigationDashboardCount,User:akshaya.p,UnitID:2
2025-03-08 15:59:36.5937|INFO|PIVF.Web.Api.FertivueDashboard.FertivueDashboardController|Controller Name:FertivueDashboard,Action:GET,Method:GetBillingDashboardCount,User:akshaya.p,UnitID:2
2025-03-08 15:59:36.5937|INFO|PIVF.Web.Api.FertivueDashboard.FertivueDashboardController|Controller Name:FertivueDashboard,Action:GET,Method:GetBillingDashboardCount,User:akshaya.p,UnitID:2
2025-03-08 15:59:36.6113|INFO|PIVF.Web.Api.FertivueDashboard.FertivueDashboardController|Controller Name:FertivueDashboard,Action:GET,Method:GetTotalRevenueDashboardServiceTypeCount,User:akshaya.p,UnitID:2
2025-03-08 15:59:36.6113|INFO|PIVF.Web.Api.FertivueDashboard.FertivueDashboardController|Controller Name:FertivueDashboard,Action:GET,Method:GetTotalRevenueDashboardServiceTypeCount,User:akshaya.p,UnitID:2
2025-03-08 15:59:36.6344|INFO|PIVF.Web.Api.FertivueDashboard.FertivueDashboardController|Controller Name:FertivueDashboard,Action:GET,Method:GetAdminDashboardPercentageCounts,User:akshaya.p,UnitID:2
2025-03-08 15:59:36.6344|INFO|PIVF.Web.Api.FertivueDashboard.FertivueDashboardController|Controller Name:FertivueDashboard,Action:GET,Method:GetAdminDashboardPercentageCounts,User:akshaya.p,UnitID:2
2025-03-08 15:59:36.8524|INFO|PIVF.Web.Api.Master.Configuration.UserAPIController|Controller Name:UserAPI,Action:HttpGet,Method:GetParentList,User:akshaya.p,UnitID:2
2025-03-08 15:59:36.8524|INFO|PIVF.Web.Api.Master.Configuration.UserAPIController|Controller Name:UserAPI,Action:HttpGet,Method:GetParentList,User:akshaya.p,UnitID:2
2025-03-08 15:59:38.3868|INFO|PIVF.Web.Api.Master.Configuration.UserAPIController|Controller Name:UserAPI,Action:HttpGet,Method:GetGrandParentList,User:akshaya.p,UnitID:2
2025-03-08 15:59:38.3868|INFO|PIVF.Web.Api.Master.Configuration.UserAPIController|Controller Name:UserAPI,Action:HttpGet,Method:GetGrandParentList,User:akshaya.p,UnitID:2
2025-03-08 16:00:08.9453|INFO|PIVF.Web.Api.Billing.PatientAdvanceRefundAPIController|Controller Name:RefundCtrl, Action:HttpGet, Method:GetPatientRefundList, User:akshaya.p, UnitID:2
2025-03-08 16:00:08.9453|INFO|PIVF.Web.Api.Billing.PatientAdvanceRefundAPIController|Controller Name:RefundCtrl, Action:HttpGet, Method:GetPatientRefundList, User:akshaya.p, UnitID:2
2025-03-08 16:04:33.9460|INFO|PIVF.Web.Api.Billing.PatientAdvanceRefundAPIController|Controller Name:PatientAdvanceRefundAPI,Action:GET,Method:GetPatientDetails,User:akshaya.p,UnitID:2
2025-03-08 16:04:33.9460|INFO|PIVF.Web.Api.Billing.PatientAdvanceRefundAPIController|Controller Name:PatientAdvanceRefundAPI,Action:GET,Method:GetPatientDetails,User:akshaya.p,UnitID:2
2025-03-08 16:05:30.6239|INFO|PIVF.Web.Api.Billing.PatientAdvanceRefundAPIController|Controller Name:RefundCtrl, Action:HttpGet, Method:GetPatientRefundList, User:akshaya.p, UnitID:2
2025-03-08 16:05:30.6239|INFO|PIVF.Web.Api.Billing.PatientAdvanceRefundAPIController|Controller Name:RefundCtrl, Action:HttpGet, Method:GetPatientRefundList, User:akshaya.p, UnitID:2
2025-03-08 16:06:39.1540|INFO|PIVF.Web.Api.Billing.PatientAdvanceRefundAPIController|Controller Name:PatientAdvanceRefundAPI,Action:GET,Method:GetPatientDetailsForBillRefund,User:akshaya.p,UnitID:2
2025-03-08 16:06:39.1540|INFO|PIVF.Web.Api.Billing.PatientAdvanceRefundAPIController|Controller Name:PatientAdvanceRefundAPI,Action:GET,Method:GetPatientDetailsForBillRefund,User:akshaya.p,UnitID:2
