2023-11-06 18:40:11.2636|INFO|PIVF.Web.Api.Master.Configuration.UserAPIController|Controller Name:UserAPI,Action:HttpGet,Method:GetParentList,User:admin,UnitID:2
2023-11-06 18:40:11.2636|INFO|PIVF.Web.Api.Master.Configuration.UserAPIController|Controller Name:UserAPI,Action:HttpGet,Method:GetParentList,User:admin,UnitID:2
2023-11-06 18:40:11.4570|INFO|PIVF.Web.Api.Master.Configuration.UserAPIController|Controller Name:UserAPI,Action:HttpGet,Method:GetParentList,User:admin,UnitID:2
2023-11-06 18:40:11.4570|INFO|PIVF.Web.Api.Master.Configuration.UserAPIController|Controller Name:UserAPI,Action:HttpGet,Method:GetParentList,User:admin,UnitID:2
2023-11-06 18:40:11.7654|INFO|PIVF.Web.Api.Master.Configuration.UserAPIController|Controller Name:UserAPI,Action:HttpGet,Method:GetGrandParentList,User:admin,UnitID:2
2023-11-06 18:40:11.7654|INFO|PIVF.Web.Api.Master.Configuration.UserAPIController|Controller Name:UserAPI,Action:HttpGet,Method:GetGrandParentList,User:admin,UnitID:2
2023-11-06 18:40:14.8361|INFO|PIVF.Web.Api.Master.Configuration.UserAPIController|Controller Name:UserAPI,Action:HttpGet,Method:GetUserRoleRights,User:admin,UnitID:2
2023-11-06 18:40:14.8361|INFO|PIVF.Web.Api.Master.Configuration.UserAPIController|Controller Name:UserAPI,Action:HttpGet,Method:GetUserRoleRights,User:admin,UnitID:2
2023-11-06 18:40:15.2257|INFO|PIVF.Web.Api.Master.Common.CommonController|1_Controller Name:CommonController,Action:HttpGet,Method:GetDoctorsList,User:admin,UnitID:2
2023-11-06 18:40:15.2257|INFO|PIVF.Web.Api.Master.Common.CommonController|1_Controller Name:CommonController,Action:HttpGet,Method:GetDoctorsList,User:admin,UnitID:2
2023-11-06 18:40:15.4705|INFO|PIVF.Web.Api.Master.Common.CommonController|1_Controller Name:CommonController,Action:HttpGet,Method:GetSpeclRegTypeList,User:admin,UnitID:2
2023-11-06 18:40:15.4705|INFO|PIVF.Web.Api.Master.Common.CommonController|1_Controller Name:CommonController,Action:HttpGet,Method:GetSpeclRegTypeList,User:admin,UnitID:2
2023-11-06 18:40:15.6023|INFO|PIVF.Web.Api.QueueMgt.QueueMgtController|Controller Name:QueueMgt,Action:HttpPost,Method:GetQueueList,User:admin,UnitID:2
2023-11-06 18:40:15.6023|INFO|PIVF.Web.Api.QueueMgt.QueueMgtController|Controller Name:QueueMgt,Action:HttpPost,Method:GetQueueList,User:admin,UnitID:2
2023-11-06 18:40:16.2134|INFO|PIVF.Web.Api.Master.Common.CommonController|1_Controller Name:CommonController,Action:HttpGet,Method:GetDepartmentList,User:admin,UnitID:2
2023-11-06 18:40:16.2134|INFO|PIVF.Web.Api.Master.Common.CommonController|1_Controller Name:CommonController,Action:HttpGet,Method:GetDepartmentList,User:admin,UnitID:2
2023-11-06 18:40:28.8930|INFO|PIVF.Web.Api.EMR.LandingPage.EMRLandingPageAPIController|Controller Name:EMRLandingPageAPI,Action:GET,Method:GetEMRLandingPageData,User:admin,UnitID:2
2023-11-06 18:40:28.8930|INFO|PIVF.Web.Api.EMR.LandingPage.EMRLandingPageAPIController|Controller Name:EMRLandingPageAPI,Action:GET,Method:GetEMRLandingPageData,User:admin,UnitID:2
2023-11-06 18:40:36.1769|INFO|PIVF.Web.Api.Master.Common.CommonController|Controller Name:Common,Action:GET,Method:GetActiveVisitByPatient,User:admin,UnitID:2
2023-11-06 18:40:36.1769|INFO|PIVF.Web.Api.Master.Common.CommonController|Controller Name:Common,Action:GET,Method:GetActiveVisitByPatient,User:admin,UnitID:2
2023-11-06 18:40:41.1118|INFO|PIVF.Web.Api.EMR.MaleHistory.MaleHistoryController|Controller Name: MaleHistory,Action: GET,Method: SetAllControls,User: admin,UnitID:2
2023-11-06 18:40:41.1118|INFO|PIVF.Web.Api.EMR.MaleHistory.MaleHistoryController|Controller Name: MaleHistory,Action: GET,Method: SetAllControls,User: admin,UnitID:2
2023-11-06 18:45:38.4197|INFO|PIVF.Web.Api.Master.Configuration.UserAPIController|Controller Name:UserAPI,Action:HttpGet,Method:GetGrandParentList,User:admin,UnitID:2
2023-11-06 18:45:38.4197|INFO|PIVF.Web.Api.Master.Configuration.UserAPIController|Controller Name:UserAPI,Action:HttpGet,Method:GetGrandParentList,User:admin,UnitID:2
2023-11-06 18:45:39.9088|INFO|PIVF.Web.Api.Master.Configuration.UserAPIController|Controller Name:UserAPI,Action:HttpGet,Method:GetParentList,User:admin,UnitID:2
2023-11-06 18:45:39.9088|INFO|PIVF.Web.Api.Master.Configuration.UserAPIController|Controller Name:UserAPI,Action:HttpGet,Method:GetParentList,User:admin,UnitID:2
2023-11-06 18:45:40.0278|INFO|PIVF.Web.Api.Master.Configuration.UserAPIController|Controller Name:UserAPI,Action:HttpGet,Method:GetParentList,User:admin,UnitID:2
2023-11-06 18:45:40.0278|INFO|PIVF.Web.Api.Master.Configuration.UserAPIController|Controller Name:UserAPI,Action:HttpGet,Method:GetParentList,User:admin,UnitID:2
2023-11-06 18:45:40.4712|INFO|PIVF.Web.Api.Master.Configuration.UserAPIController|Controller Name:UserAPI,Action:HttpGet,Method:GetUserRoleRights,User:admin,UnitID:2
2023-11-06 18:45:40.4712|INFO|PIVF.Web.Api.Master.Configuration.UserAPIController|Controller Name:UserAPI,Action:HttpGet,Method:GetUserRoleRights,User:admin,UnitID:2
2023-11-06 18:45:41.5638|INFO|PIVF.Web.Api.Master.Common.CommonController|1_Controller Name:CommonController,Action:HttpGet,Method:GetSpeclRegTypeList,User:admin,UnitID:2
2023-11-06 18:45:41.5638|INFO|PIVF.Web.Api.Master.Common.CommonController|1_Controller Name:CommonController,Action:HttpGet,Method:GetSpeclRegTypeList,User:admin,UnitID:2
2023-11-06 18:45:42.0670|INFO|PIVF.Web.Api.Master.Common.CommonController|1_Controller Name:CommonController,Action:HttpGet,Method:GetDoctorsList,User:admin,UnitID:2
2023-11-06 18:45:42.0670|INFO|PIVF.Web.Api.Master.Common.CommonController|1_Controller Name:CommonController,Action:HttpGet,Method:GetDoctorsList,User:admin,UnitID:2
2023-11-06 18:45:42.5696|INFO|PIVF.Web.Api.QueueMgt.QueueMgtController|Controller Name:QueueMgt,Action:HttpPost,Method:GetQueueList,User:admin,UnitID:2
2023-11-06 18:45:42.5696|INFO|PIVF.Web.Api.QueueMgt.QueueMgtController|Controller Name:QueueMgt,Action:HttpPost,Method:GetQueueList,User:admin,UnitID:2
2023-11-06 18:45:43.0819|INFO|PIVF.Web.Api.Master.Common.CommonController|1_Controller Name:CommonController,Action:HttpGet,Method:GetDepartmentList,User:admin,UnitID:2
2023-11-06 18:45:43.0819|INFO|PIVF.Web.Api.Master.Common.CommonController|1_Controller Name:CommonController,Action:HttpGet,Method:GetDepartmentList,User:admin,UnitID:2
2023-11-06 18:45:50.5833|INFO|PIVF.Web.Api.QueueMgt.QueueMgtController|Controller Name:QueueMgt,Action:HttpPost,Method:GetQueueList,User:admin,UnitID:2
2023-11-06 18:45:50.5833|INFO|PIVF.Web.Api.QueueMgt.QueueMgtController|Controller Name:QueueMgt,Action:HttpPost,Method:GetQueueList,User:admin,UnitID:2
2023-11-06 18:45:50.8657|INFO|PIVF.Web.Api.Master.Common.CommonController|1_Controller Name:CommonController,Action:HttpGet,Method:GetSpeclRegTypeList,User:admin,UnitID:2
2023-11-06 18:45:50.8657|INFO|PIVF.Web.Api.Master.Common.CommonController|1_Controller Name:CommonController,Action:HttpGet,Method:GetSpeclRegTypeList,User:admin,UnitID:2
2023-11-06 18:45:51.6090|INFO|PIVF.Web.Api.Master.Common.CommonController|1_Controller Name:CommonController,Action:HttpGet,Method:GetDoctorsList,User:admin,UnitID:2
2023-11-06 18:45:51.6090|INFO|PIVF.Web.Api.Master.Common.CommonController|1_Controller Name:CommonController,Action:HttpGet,Method:GetDoctorsList,User:admin,UnitID:2
2023-11-06 18:45:51.8382|INFO|PIVF.Web.Api.EMR.LandingPage.EMRLandingPageAPIController|Controller Name:EMRLandingPageAPI,Action:GET,Method:GetEMRLandingPageData,User:admin,UnitID:2
2023-11-06 18:45:51.8382|INFO|PIVF.Web.Api.EMR.LandingPage.EMRLandingPageAPIController|Controller Name:EMRLandingPageAPI,Action:GET,Method:GetEMRLandingPageData,User:admin,UnitID:2
2023-11-06 18:45:54.1255|INFO|PIVF.Web.Api.Master.Common.CommonController|1_Controller Name:CommonController,Action:HttpGet,Method:GetDepartmentList,User:admin,UnitID:2
2023-11-06 18:45:54.1255|INFO|PIVF.Web.Api.Master.Common.CommonController|1_Controller Name:CommonController,Action:HttpGet,Method:GetDepartmentList,User:admin,UnitID:2
2023-11-06 18:46:13.9906|INFO|PIVF.Web.Api.Master.Common.CommonController|Controller Name:Common,Action:GET,Method:GetActiveVisitByPatient,User:admin,UnitID:2
2023-11-06 18:46:13.9906|INFO|PIVF.Web.Api.Master.Common.CommonController|Controller Name:Common,Action:GET,Method:GetActiveVisitByPatient,User:admin,UnitID:2
2023-11-06 18:46:20.2973|INFO|PIVF.Web.Api.EMR.MaleHistory.MaleHistoryController|Controller Name: MaleHistory,Action: GET,Method: SetAllControls,User: admin,UnitID:2
2023-11-06 18:46:20.2973|INFO|PIVF.Web.Api.EMR.MaleHistory.MaleHistoryController|Controller Name: MaleHistory,Action: GET,Method: SetAllControls,User: admin,UnitID:2
2023-11-06 18:47:59.7229|INFO|PIVF.Web.Api.Master.Configuration.UserAPIController|Controller Name:UserAPI,Action:HttpGet,Method:GetUserRoleRights,User:admin,UnitID:2
2023-11-06 18:47:59.7229|INFO|PIVF.Web.Api.Master.Configuration.UserAPIController|Controller Name:UserAPI,Action:HttpGet,Method:GetUserRoleRights,User:admin,UnitID:2
2023-11-06 18:48:00.1935|INFO|PIVF.Web.Api.Master.Configuration.UserAPIController|Controller Name:UserAPI,Action:HttpGet,Method:GetGrandParentList,User:admin,UnitID:2
2023-11-06 18:48:00.1935|INFO|PIVF.Web.Api.Master.Configuration.UserAPIController|Controller Name:UserAPI,Action:HttpGet,Method:GetGrandParentList,User:admin,UnitID:2
2023-11-06 18:48:01.6043|INFO|PIVF.Web.Api.Master.Configuration.UserAPIController|Controller Name:UserAPI,Action:HttpGet,Method:GetParentList,User:admin,UnitID:2
2023-11-06 18:48:01.6043|INFO|PIVF.Web.Api.Master.Configuration.UserAPIController|Controller Name:UserAPI,Action:HttpGet,Method:GetParentList,User:admin,UnitID:2
2023-11-06 18:48:01.8541|INFO|PIVF.Web.Api.Master.Common.CommonController|1_Controller Name:CommonController,Action:HttpGet,Method:GetDoctorsList,User:admin,UnitID:2
2023-11-06 18:48:01.8541|INFO|PIVF.Web.Api.Master.Common.CommonController|1_Controller Name:CommonController,Action:HttpGet,Method:GetDoctorsList,User:admin,UnitID:2
2023-11-06 18:48:02.8169|INFO|PIVF.Web.Api.Master.Configuration.UserAPIController|Controller Name:UserAPI,Action:HttpGet,Method:GetParentList,User:admin,UnitID:2
2023-11-06 18:48:02.8169|INFO|PIVF.Web.Api.Master.Configuration.UserAPIController|Controller Name:UserAPI,Action:HttpGet,Method:GetParentList,User:admin,UnitID:2
2023-11-06 18:48:03.3957|INFO|PIVF.Web.Api.QueueMgt.QueueMgtController|Controller Name:QueueMgt,Action:HttpPost,Method:GetQueueList,User:admin,UnitID:2
2023-11-06 18:48:03.3957|INFO|PIVF.Web.Api.QueueMgt.QueueMgtController|Controller Name:QueueMgt,Action:HttpPost,Method:GetQueueList,User:admin,UnitID:2
2023-11-06 18:48:03.9007|INFO|PIVF.Web.Api.Master.Common.CommonController|1_Controller Name:CommonController,Action:HttpGet,Method:GetDepartmentList,User:admin,UnitID:2
2023-11-06 18:48:03.9007|INFO|PIVF.Web.Api.Master.Common.CommonController|1_Controller Name:CommonController,Action:HttpGet,Method:GetDepartmentList,User:admin,UnitID:2
2023-11-06 18:48:04.4100|INFO|PIVF.Web.Api.Master.Common.CommonController|1_Controller Name:CommonController,Action:HttpGet,Method:GetSpeclRegTypeList,User:admin,UnitID:2
2023-11-06 18:48:04.4100|INFO|PIVF.Web.Api.Master.Common.CommonController|1_Controller Name:CommonController,Action:HttpGet,Method:GetSpeclRegTypeList,User:admin,UnitID:2
2023-11-06 18:48:48.9729|INFO|PIVF.Web.Api.EMR.LandingPage.EMRLandingPageAPIController|Controller Name:EMRLandingPageAPI,Action:GET,Method:GetEMRLandingPageData,User:admin,UnitID:2
2023-11-06 18:48:48.9729|INFO|PIVF.Web.Api.EMR.LandingPage.EMRLandingPageAPIController|Controller Name:EMRLandingPageAPI,Action:GET,Method:GetEMRLandingPageData,User:admin,UnitID:2
2023-11-06 18:48:52.9727|INFO|PIVF.Web.Api.Master.Common.CommonController|Controller Name:Common,Action:GET,Method:GetActiveVisitByPatient,User:admin,UnitID:2
2023-11-06 18:48:52.9727|INFO|PIVF.Web.Api.Master.Common.CommonController|Controller Name:Common,Action:GET,Method:GetActiveVisitByPatient,User:admin,UnitID:2
2023-11-06 18:48:58.5081|INFO|PIVF.Web.Api.EMR.MaleHistory.MaleHistoryController|Controller Name: MaleHistory,Action: GET,Method: SetAllControls,User: admin,UnitID:2
2023-11-06 18:48:58.5081|INFO|PIVF.Web.Api.EMR.MaleHistory.MaleHistoryController|Controller Name: MaleHistory,Action: GET,Method: SetAllControls,User: admin,UnitID:2
2023-11-06 18:50:16.4817|INFO|PIVF.Web.Api.Master.Configuration.UserAPIController|Controller Name:UserAPI,Action:HttpGet,Method:GetUserRoleRights,User:admin,UnitID:2
2023-11-06 18:50:16.4817|INFO|PIVF.Web.Api.Master.Configuration.UserAPIController|Controller Name:UserAPI,Action:HttpGet,Method:GetUserRoleRights,User:admin,UnitID:2
2023-11-06 18:50:17.8868|INFO|PIVF.Web.Api.Master.Configuration.UserAPIController|Controller Name:UserAPI,Action:HttpGet,Method:GetParentList,User:admin,UnitID:2
2023-11-06 18:50:17.8868|INFO|PIVF.Web.Api.Master.Configuration.UserAPIController|Controller Name:UserAPI,Action:HttpGet,Method:GetParentList,User:admin,UnitID:2
2023-11-06 18:50:17.9988|INFO|PIVF.Web.Api.Master.Configuration.UserAPIController|Controller Name:UserAPI,Action:HttpGet,Method:GetParentList,User:admin,UnitID:2
2023-11-06 18:50:17.9988|INFO|PIVF.Web.Api.Master.Configuration.UserAPIController|Controller Name:UserAPI,Action:HttpGet,Method:GetParentList,User:admin,UnitID:2
2023-11-06 18:50:18.5229|INFO|PIVF.Web.Api.Master.Configuration.UserAPIController|Controller Name:UserAPI,Action:HttpGet,Method:GetGrandParentList,User:admin,UnitID:2
2023-11-06 18:50:18.5229|INFO|PIVF.Web.Api.Master.Configuration.UserAPIController|Controller Name:UserAPI,Action:HttpGet,Method:GetGrandParentList,User:admin,UnitID:2
2023-11-06 18:50:19.0896|INFO|PIVF.Web.Api.Master.Common.CommonController|1_Controller Name:CommonController,Action:HttpGet,Method:GetDepartmentList,User:admin,UnitID:2
2023-11-06 18:50:19.0896|INFO|PIVF.Web.Api.Master.Common.CommonController|1_Controller Name:CommonController,Action:HttpGet,Method:GetDepartmentList,User:admin,UnitID:2
2023-11-06 18:50:19.5963|INFO|PIVF.Web.Api.QueueMgt.QueueMgtController|Controller Name:QueueMgt,Action:HttpPost,Method:GetQueueList,User:admin,UnitID:2
2023-11-06 18:50:19.5963|INFO|PIVF.Web.Api.QueueMgt.QueueMgtController|Controller Name:QueueMgt,Action:HttpPost,Method:GetQueueList,User:admin,UnitID:2
2023-11-06 18:50:20.1183|INFO|PIVF.Web.Api.Master.Common.CommonController|1_Controller Name:CommonController,Action:HttpGet,Method:GetDoctorsList,User:admin,UnitID:2
2023-11-06 18:50:20.1183|INFO|PIVF.Web.Api.Master.Common.CommonController|1_Controller Name:CommonController,Action:HttpGet,Method:GetDoctorsList,User:admin,UnitID:2
2023-11-06 18:50:20.6195|INFO|PIVF.Web.Api.Master.Common.CommonController|1_Controller Name:CommonController,Action:HttpGet,Method:GetSpeclRegTypeList,User:admin,UnitID:2
2023-11-06 18:50:20.6195|INFO|PIVF.Web.Api.Master.Common.CommonController|1_Controller Name:CommonController,Action:HttpGet,Method:GetSpeclRegTypeList,User:admin,UnitID:2
2023-11-06 18:50:34.3085|INFO|PIVF.Web.Api.EMR.LandingPage.EMRLandingPageAPIController|Controller Name:EMRLandingPageAPI,Action:GET,Method:GetEMRLandingPageData,User:admin,UnitID:2
2023-11-06 18:50:34.3085|INFO|PIVF.Web.Api.EMR.LandingPage.EMRLandingPageAPIController|Controller Name:EMRLandingPageAPI,Action:GET,Method:GetEMRLandingPageData,User:admin,UnitID:2
2023-11-06 18:50:41.3140|INFO|PIVF.Web.Api.Master.Common.CommonController|Controller Name:Common,Action:GET,Method:GetActiveVisitByPatient,User:admin,UnitID:2
2023-11-06 18:50:41.3140|INFO|PIVF.Web.Api.Master.Common.CommonController|Controller Name:Common,Action:GET,Method:GetActiveVisitByPatient,User:admin,UnitID:2
2023-11-06 18:50:46.8837|INFO|PIVF.Web.Api.EMR.MaleHistory.MaleHistoryController|Controller Name: MaleHistory,Action: GET,Method: SetAllControls,User: admin,UnitID:2
2023-11-06 18:50:46.8837|INFO|PIVF.Web.Api.EMR.MaleHistory.MaleHistoryController|Controller Name: MaleHistory,Action: GET,Method: SetAllControls,User: admin,UnitID:2
2023-11-06 18:51:57.2171|INFO|PIVF.Web.Api.Master.Configuration.UserAPIController|Controller Name:UserAPI,Action:HttpGet,Method:GetGrandParentList,User:admin,UnitID:2
2023-11-06 18:51:57.2171|INFO|PIVF.Web.Api.Master.Configuration.UserAPIController|Controller Name:UserAPI,Action:HttpGet,Method:GetGrandParentList,User:admin,UnitID:2
2023-11-06 18:51:57.7612|INFO|PIVF.Web.Api.Master.Configuration.UserAPIController|Controller Name:UserAPI,Action:HttpGet,Method:GetUserRoleRights,User:admin,UnitID:2
2023-11-06 18:51:57.7612|INFO|PIVF.Web.Api.Master.Configuration.UserAPIController|Controller Name:UserAPI,Action:HttpGet,Method:GetUserRoleRights,User:admin,UnitID:2
2023-11-06 18:51:58.8610|INFO|PIVF.Web.Api.QueueMgt.QueueMgtController|Controller Name:QueueMgt,Action:HttpPost,Method:GetQueueList,User:admin,UnitID:2
2023-11-06 18:51:58.8610|INFO|PIVF.Web.Api.QueueMgt.QueueMgtController|Controller Name:QueueMgt,Action:HttpPost,Method:GetQueueList,User:admin,UnitID:2
2023-11-06 18:51:59.3736|INFO|PIVF.Web.Api.Master.Common.CommonController|1_Controller Name:CommonController,Action:HttpGet,Method:GetSpeclRegTypeList,User:admin,UnitID:2
2023-11-06 18:51:59.3736|INFO|PIVF.Web.Api.Master.Common.CommonController|1_Controller Name:CommonController,Action:HttpGet,Method:GetSpeclRegTypeList,User:admin,UnitID:2
2023-11-06 18:51:59.5458|INFO|PIVF.Web.Api.Master.Configuration.UserAPIController|Controller Name:UserAPI,Action:HttpGet,Method:GetParentList,User:admin,UnitID:2
2023-11-06 18:51:59.5458|INFO|PIVF.Web.Api.Master.Configuration.UserAPIController|Controller Name:UserAPI,Action:HttpGet,Method:GetParentList,User:admin,UnitID:2
2023-11-06 18:51:59.6690|INFO|PIVF.Web.Api.Master.Configuration.UserAPIController|Controller Name:UserAPI,Action:HttpGet,Method:GetParentList,User:admin,UnitID:2
2023-11-06 18:51:59.6690|INFO|PIVF.Web.Api.Master.Configuration.UserAPIController|Controller Name:UserAPI,Action:HttpGet,Method:GetParentList,User:admin,UnitID:2
2023-11-06 18:51:59.8869|INFO|PIVF.Web.Api.Master.Common.CommonController|1_Controller Name:CommonController,Action:HttpGet,Method:GetDoctorsList,User:admin,UnitID:2
2023-11-06 18:51:59.8869|INFO|PIVF.Web.Api.Master.Common.CommonController|1_Controller Name:CommonController,Action:HttpGet,Method:GetDoctorsList,User:admin,UnitID:2
2023-11-06 18:52:00.3962|INFO|PIVF.Web.Api.Master.Common.CommonController|1_Controller Name:CommonController,Action:HttpGet,Method:GetDepartmentList,User:admin,UnitID:2
2023-11-06 18:52:00.3962|INFO|PIVF.Web.Api.Master.Common.CommonController|1_Controller Name:CommonController,Action:HttpGet,Method:GetDepartmentList,User:admin,UnitID:2
2023-11-06 18:52:02.2805|INFO|PIVF.Web.Api.EMR.LandingPage.EMRLandingPageAPIController|Controller Name:EMRLandingPageAPI,Action:GET,Method:GetEMRLandingPageData,User:admin,UnitID:2
2023-11-06 18:52:02.2805|INFO|PIVF.Web.Api.EMR.LandingPage.EMRLandingPageAPIController|Controller Name:EMRLandingPageAPI,Action:GET,Method:GetEMRLandingPageData,User:admin,UnitID:2
2023-11-06 18:52:09.0368|INFO|PIVF.Web.Api.Master.Common.CommonController|Controller Name:Common,Action:GET,Method:GetActiveVisitByPatient,User:admin,UnitID:2
2023-11-06 18:52:09.0368|INFO|PIVF.Web.Api.Master.Common.CommonController|Controller Name:Common,Action:GET,Method:GetActiveVisitByPatient,User:admin,UnitID:2
2023-11-06 18:52:29.7283|INFO|PIVF.Web.Api.Master.Common.CommonController|Controller Name:Common,Action:GET,Method:GetActiveVisitByPatient,User:admin,UnitID:2
2023-11-06 18:52:29.7283|INFO|PIVF.Web.Api.Master.Common.CommonController|Controller Name:Common,Action:GET,Method:GetActiveVisitByPatient,User:admin,UnitID:2
2023-11-06 18:53:36.5984|INFO|PIVF.Web.Api.Master.Configuration.UserAPIController|Controller Name:UserAPI,Action:HttpGet,Method:GetUserRoleRights,User:admin,UnitID:2
2023-11-06 18:53:36.5984|INFO|PIVF.Web.Api.Master.Configuration.UserAPIController|Controller Name:UserAPI,Action:HttpGet,Method:GetUserRoleRights,User:admin,UnitID:2
2023-11-06 18:53:37.4253|INFO|PIVF.Web.Api.Master.Configuration.UserAPIController|Controller Name:UserAPI,Action:HttpGet,Method:GetParentList,User:admin,UnitID:2
2023-11-06 18:53:37.4253|INFO|PIVF.Web.Api.Master.Configuration.UserAPIController|Controller Name:UserAPI,Action:HttpGet,Method:GetParentList,User:admin,UnitID:2
2023-11-06 18:53:37.5771|INFO|PIVF.Web.Api.Master.Configuration.UserAPIController|Controller Name:UserAPI,Action:HttpGet,Method:GetParentList,User:admin,UnitID:2
2023-11-06 18:53:37.5771|INFO|PIVF.Web.Api.Master.Configuration.UserAPIController|Controller Name:UserAPI,Action:HttpGet,Method:GetParentList,User:admin,UnitID:2
2023-11-06 18:53:37.8050|INFO|PIVF.Web.Api.Master.Common.CommonController|1_Controller Name:CommonController,Action:HttpGet,Method:GetDoctorsList,User:admin,UnitID:2
2023-11-06 18:53:37.8050|INFO|PIVF.Web.Api.Master.Common.CommonController|1_Controller Name:CommonController,Action:HttpGet,Method:GetDoctorsList,User:admin,UnitID:2
2023-11-06 18:53:38.1238|INFO|PIVF.Web.Api.Master.Configuration.UserAPIController|Controller Name:UserAPI,Action:HttpGet,Method:GetGrandParentList,User:admin,UnitID:2
2023-11-06 18:53:38.1238|INFO|PIVF.Web.Api.Master.Configuration.UserAPIController|Controller Name:UserAPI,Action:HttpGet,Method:GetGrandParentList,User:admin,UnitID:2
2023-11-06 18:53:38.3258|INFO|PIVF.Web.Api.Master.Common.CommonController|1_Controller Name:CommonController,Action:HttpGet,Method:GetDepartmentList,User:admin,UnitID:2
2023-11-06 18:53:38.3258|INFO|PIVF.Web.Api.Master.Common.CommonController|1_Controller Name:CommonController,Action:HttpGet,Method:GetDepartmentList,User:admin,UnitID:2
2023-11-06 18:53:38.8402|INFO|PIVF.Web.Api.QueueMgt.QueueMgtController|Controller Name:QueueMgt,Action:HttpPost,Method:GetQueueList,User:admin,UnitID:2
2023-11-06 18:53:38.8402|INFO|PIVF.Web.Api.QueueMgt.QueueMgtController|Controller Name:QueueMgt,Action:HttpPost,Method:GetQueueList,User:admin,UnitID:2
2023-11-06 18:53:39.3562|INFO|PIVF.Web.Api.Master.Common.CommonController|1_Controller Name:CommonController,Action:HttpGet,Method:GetSpeclRegTypeList,User:admin,UnitID:2
2023-11-06 18:53:39.3562|INFO|PIVF.Web.Api.Master.Common.CommonController|1_Controller Name:CommonController,Action:HttpGet,Method:GetSpeclRegTypeList,User:admin,UnitID:2
2023-11-06 18:53:44.5633|INFO|PIVF.Web.Api.EMR.LandingPage.EMRLandingPageAPIController|Controller Name:EMRLandingPageAPI,Action:GET,Method:GetEMRLandingPageData,User:admin,UnitID:2
2023-11-06 18:53:44.5633|INFO|PIVF.Web.Api.EMR.LandingPage.EMRLandingPageAPIController|Controller Name:EMRLandingPageAPI,Action:GET,Method:GetEMRLandingPageData,User:admin,UnitID:2
2023-11-06 18:53:47.0333|INFO|PIVF.Web.Api.Master.Common.CommonController|Controller Name:Common,Action:GET,Method:GetActiveVisitByPatient,User:admin,UnitID:2
2023-11-06 18:53:47.0333|INFO|PIVF.Web.Api.Master.Common.CommonController|Controller Name:Common,Action:GET,Method:GetActiveVisitByPatient,User:admin,UnitID:2
2023-11-06 18:54:20.2741|INFO|PIVF.Web.Api.Master.Configuration.UserAPIController|Controller Name:UserAPI,Action:HttpGet,Method:GetGrandParentList,User:admin,UnitID:2
2023-11-06 18:54:20.2741|INFO|PIVF.Web.Api.Master.Configuration.UserAPIController|Controller Name:UserAPI,Action:HttpGet,Method:GetGrandParentList,User:admin,UnitID:2
2023-11-06 18:54:20.5533|INFO|PIVF.Web.Api.Master.Common.CommonController|1_Controller Name:CommonController,Action:HttpGet,Method:GetDoctorsList,User:admin,UnitID:2
2023-11-06 18:54:20.5533|INFO|PIVF.Web.Api.Master.Common.CommonController|1_Controller Name:CommonController,Action:HttpGet,Method:GetDoctorsList,User:admin,UnitID:2
2023-11-06 18:54:21.4547|INFO|PIVF.Web.Api.Master.Configuration.UserAPIController|Controller Name:UserAPI,Action:HttpGet,Method:GetParentList,User:admin,UnitID:2
2023-11-06 18:54:21.4547|INFO|PIVF.Web.Api.Master.Configuration.UserAPIController|Controller Name:UserAPI,Action:HttpGet,Method:GetParentList,User:admin,UnitID:2
2023-11-06 18:54:21.5637|INFO|PIVF.Web.Api.Master.Configuration.UserAPIController|Controller Name:UserAPI,Action:HttpGet,Method:GetParentList,User:admin,UnitID:2
2023-11-06 18:54:21.5637|INFO|PIVF.Web.Api.Master.Configuration.UserAPIController|Controller Name:UserAPI,Action:HttpGet,Method:GetParentList,User:admin,UnitID:2
2023-11-06 18:54:21.8847|INFO|PIVF.Web.Api.Master.Configuration.UserAPIController|Controller Name:UserAPI,Action:HttpGet,Method:GetUserRoleRights,User:admin,UnitID:2
2023-11-06 18:54:21.8847|INFO|PIVF.Web.Api.Master.Configuration.UserAPIController|Controller Name:UserAPI,Action:HttpGet,Method:GetUserRoleRights,User:admin,UnitID:2
2023-11-06 18:54:22.1016|INFO|PIVF.Web.Api.Master.Common.CommonController|1_Controller Name:CommonController,Action:HttpGet,Method:GetDepartmentList,User:admin,UnitID:2
2023-11-06 18:54:22.1016|INFO|PIVF.Web.Api.Master.Common.CommonController|1_Controller Name:CommonController,Action:HttpGet,Method:GetDepartmentList,User:admin,UnitID:2
2023-11-06 18:54:22.6156|INFO|PIVF.Web.Api.QueueMgt.QueueMgtController|Controller Name:QueueMgt,Action:HttpPost,Method:GetQueueList,User:admin,UnitID:2
2023-11-06 18:54:22.6156|INFO|PIVF.Web.Api.QueueMgt.QueueMgtController|Controller Name:QueueMgt,Action:HttpPost,Method:GetQueueList,User:admin,UnitID:2
2023-11-06 18:54:23.1558|INFO|PIVF.Web.Api.Master.Common.CommonController|1_Controller Name:CommonController,Action:HttpGet,Method:GetSpeclRegTypeList,User:admin,UnitID:2
2023-11-06 18:54:23.1558|INFO|PIVF.Web.Api.Master.Common.CommonController|1_Controller Name:CommonController,Action:HttpGet,Method:GetSpeclRegTypeList,User:admin,UnitID:2
2023-11-06 18:54:25.6726|INFO|PIVF.Web.Api.EMR.LandingPage.EMRLandingPageAPIController|Controller Name:EMRLandingPageAPI,Action:GET,Method:GetEMRLandingPageData,User:admin,UnitID:2
2023-11-06 18:54:25.6726|INFO|PIVF.Web.Api.EMR.LandingPage.EMRLandingPageAPIController|Controller Name:EMRLandingPageAPI,Action:GET,Method:GetEMRLandingPageData,User:admin,UnitID:2
2023-11-06 18:54:41.3599|INFO|PIVF.Web.Api.Master.Common.CommonController|Controller Name:Common,Action:GET,Method:GetActiveVisitByPatient,User:admin,UnitID:2
2023-11-06 18:54:41.3599|INFO|PIVF.Web.Api.Master.Common.CommonController|Controller Name:Common,Action:GET,Method:GetActiveVisitByPatient,User:admin,UnitID:2
2023-11-06 18:54:48.4476|INFO|PIVF.Web.Api.EMR.MaleHistory.MaleHistoryController|Controller Name: MaleHistory,Action: GET,Method: SetAllControls,User: admin,UnitID:2
2023-11-06 18:54:48.4476|INFO|PIVF.Web.Api.EMR.MaleHistory.MaleHistoryController|Controller Name: MaleHistory,Action: GET,Method: SetAllControls,User: admin,UnitID:2
2023-11-06 19:15:00.8396|INFO|PIVF.Web.Api.Master.Configuration.UserAPIController|Controller Name:UserAPI,Action:HttpGet,Method:GetGrandParentList,User:admin,UnitID:2
2023-11-06 19:15:00.8396|INFO|PIVF.Web.Api.Master.Configuration.UserAPIController|Controller Name:UserAPI,Action:HttpGet,Method:GetGrandParentList,User:admin,UnitID:2
2023-11-06 19:15:01.1181|INFO|PIVF.Web.Api.Master.Configuration.UserAPIController|Controller Name:UserAPI,Action:HttpGet,Method:GetParentList,User:admin,UnitID:2
2023-11-06 19:15:01.1181|INFO|PIVF.Web.Api.Master.Configuration.UserAPIController|Controller Name:UserAPI,Action:HttpGet,Method:GetParentList,User:admin,UnitID:2
2023-11-06 19:15:01.2439|INFO|PIVF.Web.Api.Master.Configuration.UserAPIController|Controller Name:UserAPI,Action:HttpGet,Method:GetParentList,User:admin,UnitID:2
2023-11-06 19:15:01.2439|INFO|PIVF.Web.Api.Master.Configuration.UserAPIController|Controller Name:UserAPI,Action:HttpGet,Method:GetParentList,User:admin,UnitID:2
2023-11-06 19:15:01.9844|INFO|PIVF.Web.Api.Master.Common.CommonController|1_Controller Name:CommonController,Action:HttpGet,Method:GetSpeclRegTypeList,User:admin,UnitID:2
2023-11-06 19:15:01.9844|INFO|PIVF.Web.Api.Master.Common.CommonController|1_Controller Name:CommonController,Action:HttpGet,Method:GetSpeclRegTypeList,User:admin,UnitID:2
2023-11-06 19:15:02.3411|INFO|PIVF.Web.Api.Master.Configuration.UserAPIController|Controller Name:UserAPI,Action:HttpGet,Method:GetUserRoleRights,User:admin,UnitID:2
2023-11-06 19:15:02.3411|INFO|PIVF.Web.Api.Master.Configuration.UserAPIController|Controller Name:UserAPI,Action:HttpGet,Method:GetUserRoleRights,User:admin,UnitID:2
2023-11-06 19:15:02.8835|INFO|PIVF.Web.Api.Master.Common.CommonController|1_Controller Name:CommonController,Action:HttpGet,Method:GetDoctorsList,User:admin,UnitID:2
2023-11-06 19:15:02.8835|INFO|PIVF.Web.Api.Master.Common.CommonController|1_Controller Name:CommonController,Action:HttpGet,Method:GetDoctorsList,User:admin,UnitID:2
2023-11-06 19:15:03.4011|INFO|PIVF.Web.Api.QueueMgt.QueueMgtController|Controller Name:QueueMgt,Action:HttpPost,Method:GetQueueList,User:admin,UnitID:2
2023-11-06 19:15:03.4011|INFO|PIVF.Web.Api.QueueMgt.QueueMgtController|Controller Name:QueueMgt,Action:HttpPost,Method:GetQueueList,User:admin,UnitID:2
2023-11-06 19:15:03.9122|INFO|PIVF.Web.Api.Master.Common.CommonController|1_Controller Name:CommonController,Action:HttpGet,Method:GetDepartmentList,User:admin,UnitID:2
2023-11-06 19:15:03.9122|INFO|PIVF.Web.Api.Master.Common.CommonController|1_Controller Name:CommonController,Action:HttpGet,Method:GetDepartmentList,User:admin,UnitID:2
2023-11-06 19:15:32.9363|INFO|PIVF.Web.Api.EMR.LandingPage.EMRLandingPageAPIController|Controller Name:EMRLandingPageAPI,Action:GET,Method:GetEMRLandingPageData,User:admin,UnitID:2
2023-11-06 19:15:32.9363|INFO|PIVF.Web.Api.EMR.LandingPage.EMRLandingPageAPIController|Controller Name:EMRLandingPageAPI,Action:GET,Method:GetEMRLandingPageData,User:admin,UnitID:2
2023-11-06 19:15:44.0017|INFO|PIVF.Web.Api.Master.Common.CommonController|Controller Name:Common,Action:GET,Method:GetActiveVisitByPatient,User:admin,UnitID:2
2023-11-06 19:15:44.0017|INFO|PIVF.Web.Api.Master.Common.CommonController|Controller Name:Common,Action:GET,Method:GetActiveVisitByPatient,User:admin,UnitID:2
2023-11-06 19:15:52.7773|INFO|PIVF.Web.Api.EMR.MaleHistory.MaleHistoryController|Controller Name: MaleHistory,Action: GET,Method: SetAllControls,User: admin,UnitID:2
2023-11-06 19:15:52.7773|INFO|PIVF.Web.Api.EMR.MaleHistory.MaleHistoryController|Controller Name: MaleHistory,Action: GET,Method: SetAllControls,User: admin,UnitID:2
2023-11-06 19:17:37.2311|INFO|PIVF.Web.Api.Master.Configuration.UserAPIController|Controller Name:UserAPI,Action:HttpGet,Method:GetParentList,User:admin,UnitID:2
2023-11-06 19:17:37.2311|INFO|PIVF.Web.Api.Master.Configuration.UserAPIController|Controller Name:UserAPI,Action:HttpGet,Method:GetParentList,User:admin,UnitID:2
2023-11-06 19:17:37.3329|INFO|PIVF.Web.Api.Master.Configuration.UserAPIController|Controller Name:UserAPI,Action:HttpGet,Method:GetParentList,User:admin,UnitID:2
2023-11-06 19:17:37.3329|INFO|PIVF.Web.Api.Master.Configuration.UserAPIController|Controller Name:UserAPI,Action:HttpGet,Method:GetParentList,User:admin,UnitID:2
2023-11-06 19:17:38.2696|INFO|PIVF.Web.Api.Master.Configuration.UserAPIController|Controller Name:UserAPI,Action:HttpGet,Method:GetGrandParentList,User:admin,UnitID:2
2023-11-06 19:17:38.2696|INFO|PIVF.Web.Api.Master.Configuration.UserAPIController|Controller Name:UserAPI,Action:HttpGet,Method:GetGrandParentList,User:admin,UnitID:2
2023-11-06 19:17:38.5754|INFO|PIVF.Web.Api.QueueMgt.QueueMgtController|Controller Name:QueueMgt,Action:HttpPost,Method:GetQueueList,User:admin,UnitID:2
2023-11-06 19:17:38.5754|INFO|PIVF.Web.Api.QueueMgt.QueueMgtController|Controller Name:QueueMgt,Action:HttpPost,Method:GetQueueList,User:admin,UnitID:2
2023-11-06 19:17:38.8869|INFO|PIVF.Web.Api.Master.Configuration.UserAPIController|Controller Name:UserAPI,Action:HttpGet,Method:GetUserRoleRights,User:admin,UnitID:2
2023-11-06 19:17:38.8869|INFO|PIVF.Web.Api.Master.Configuration.UserAPIController|Controller Name:UserAPI,Action:HttpGet,Method:GetUserRoleRights,User:admin,UnitID:2
2023-11-06 19:17:39.1703|INFO|PIVF.Web.Api.Master.Common.CommonController|1_Controller Name:CommonController,Action:HttpGet,Method:GetDoctorsList,User:admin,UnitID:2
2023-11-06 19:17:39.1703|INFO|PIVF.Web.Api.Master.Common.CommonController|1_Controller Name:CommonController,Action:HttpGet,Method:GetDoctorsList,User:admin,UnitID:2
2023-11-06 19:17:39.6431|INFO|PIVF.Web.Api.Master.Common.CommonController|1_Controller Name:CommonController,Action:HttpGet,Method:GetDepartmentList,User:admin,UnitID:2
2023-11-06 19:17:39.6431|INFO|PIVF.Web.Api.Master.Common.CommonController|1_Controller Name:CommonController,Action:HttpGet,Method:GetDepartmentList,User:admin,UnitID:2
2023-11-06 19:17:40.1612|INFO|PIVF.Web.Api.Master.Common.CommonController|1_Controller Name:CommonController,Action:HttpGet,Method:GetSpeclRegTypeList,User:admin,UnitID:2
2023-11-06 19:17:40.1612|INFO|PIVF.Web.Api.Master.Common.CommonController|1_Controller Name:CommonController,Action:HttpGet,Method:GetSpeclRegTypeList,User:admin,UnitID:2
2023-11-06 19:17:40.9638|INFO|PIVF.Web.Api.Master.Common.CommonController|1_Controller Name:CommonController,Action:HttpGet,Method:GetDepartmentList,User:admin,UnitID:2
2023-11-06 19:17:40.9638|INFO|PIVF.Web.Api.Master.Common.CommonController|1_Controller Name:CommonController,Action:HttpGet,Method:GetDepartmentList,User:admin,UnitID:2
2023-11-06 19:17:42.0485|INFO|PIVF.Web.Api.Master.Common.CommonController|1_Controller Name:CommonController,Action:HttpGet,Method:GetDoctorsList,User:admin,UnitID:2
2023-11-06 19:17:42.0485|INFO|PIVF.Web.Api.Master.Common.CommonController|1_Controller Name:CommonController,Action:HttpGet,Method:GetDoctorsList,User:admin,UnitID:2
2023-11-06 19:17:42.5731|INFO|PIVF.Web.Api.Master.Common.CommonController|1_Controller Name:CommonController,Action:HttpGet,Method:GetSpeclRegTypeList,User:admin,UnitID:2
2023-11-06 19:17:42.5731|INFO|PIVF.Web.Api.Master.Common.CommonController|1_Controller Name:CommonController,Action:HttpGet,Method:GetSpeclRegTypeList,User:admin,UnitID:2
2023-11-06 19:17:42.8368|INFO|PIVF.Web.Api.EMR.LandingPage.EMRLandingPageAPIController|Controller Name:EMRLandingPageAPI,Action:GET,Method:GetEMRLandingPageData,User:admin,UnitID:2
2023-11-06 19:17:42.8368|INFO|PIVF.Web.Api.EMR.LandingPage.EMRLandingPageAPIController|Controller Name:EMRLandingPageAPI,Action:GET,Method:GetEMRLandingPageData,User:admin,UnitID:2
2023-11-06 19:17:43.5241|INFO|PIVF.Web.Api.QueueMgt.QueueMgtController|Controller Name:QueueMgt,Action:HttpPost,Method:GetQueueList,User:admin,UnitID:2
2023-11-06 19:17:43.5241|INFO|PIVF.Web.Api.QueueMgt.QueueMgtController|Controller Name:QueueMgt,Action:HttpPost,Method:GetQueueList,User:admin,UnitID:2
2023-11-06 19:17:46.2159|INFO|PIVF.Web.Api.Master.Common.CommonController|Controller Name:Common,Action:GET,Method:GetActiveVisitByPatient,User:admin,UnitID:2
2023-11-06 19:17:46.2159|INFO|PIVF.Web.Api.Master.Common.CommonController|Controller Name:Common,Action:GET,Method:GetActiveVisitByPatient,User:admin,UnitID:2
2023-11-06 19:17:51.5535|INFO|PIVF.Web.Api.EMR.MaleHistory.MaleHistoryController|Controller Name: MaleHistory,Action: GET,Method: SetAllControls,User: admin,UnitID:2
2023-11-06 19:17:51.5535|INFO|PIVF.Web.Api.EMR.MaleHistory.MaleHistoryController|Controller Name: MaleHistory,Action: GET,Method: SetAllControls,User: admin,UnitID:2
2023-11-06 19:20:13.1651|INFO|PIVF.Web.Api.Master.Configuration.UserAPIController|Controller Name:UserAPI,Action:HttpGet,Method:GetGrandParentList,User:admin,UnitID:2
2023-11-06 19:20:13.1651|INFO|PIVF.Web.Api.Master.Configuration.UserAPIController|Controller Name:UserAPI,Action:HttpGet,Method:GetGrandParentList,User:admin,UnitID:2
2023-11-06 19:20:14.1982|INFO|PIVF.Web.Api.Master.Configuration.UserAPIController|Controller Name:UserAPI,Action:HttpGet,Method:GetUserRoleRights,User:admin,UnitID:2
2023-11-06 19:20:14.1982|INFO|PIVF.Web.Api.Master.Configuration.UserAPIController|Controller Name:UserAPI,Action:HttpGet,Method:GetUserRoleRights,User:admin,UnitID:2
2023-11-06 19:20:15.4768|INFO|PIVF.Web.Api.QueueMgt.QueueMgtController|Controller Name:QueueMgt,Action:HttpPost,Method:GetQueueList,User:admin,UnitID:2
2023-11-06 19:20:15.4768|INFO|PIVF.Web.Api.QueueMgt.QueueMgtController|Controller Name:QueueMgt,Action:HttpPost,Method:GetQueueList,User:admin,UnitID:2
2023-11-06 19:20:15.9998|INFO|PIVF.Web.Api.Master.Common.CommonController|1_Controller Name:CommonController,Action:HttpGet,Method:GetSpeclRegTypeList,User:admin,UnitID:2
2023-11-06 19:20:15.9998|INFO|PIVF.Web.Api.Master.Common.CommonController|1_Controller Name:CommonController,Action:HttpGet,Method:GetSpeclRegTypeList,User:admin,UnitID:2
2023-11-06 19:20:16.0926|INFO|PIVF.Web.Api.Master.Configuration.UserAPIController|Controller Name:UserAPI,Action:HttpGet,Method:GetParentList,User:admin,UnitID:2
2023-11-06 19:20:16.0926|INFO|PIVF.Web.Api.Master.Configuration.UserAPIController|Controller Name:UserAPI,Action:HttpGet,Method:GetParentList,User:admin,UnitID:2
2023-11-06 19:20:16.2066|INFO|PIVF.Web.Api.Master.Configuration.UserAPIController|Controller Name:UserAPI,Action:HttpGet,Method:GetParentList,User:admin,UnitID:2
2023-11-06 19:20:16.2066|INFO|PIVF.Web.Api.Master.Configuration.UserAPIController|Controller Name:UserAPI,Action:HttpGet,Method:GetParentList,User:admin,UnitID:2
2023-11-06 19:20:16.5121|INFO|PIVF.Web.Api.Master.Common.CommonController|1_Controller Name:CommonController,Action:HttpGet,Method:GetDepartmentList,User:admin,UnitID:2
2023-11-06 19:20:16.5121|INFO|PIVF.Web.Api.Master.Common.CommonController|1_Controller Name:CommonController,Action:HttpGet,Method:GetDepartmentList,User:admin,UnitID:2
2023-11-06 19:20:17.0267|INFO|PIVF.Web.Api.Master.Common.CommonController|1_Controller Name:CommonController,Action:HttpGet,Method:GetDoctorsList,User:admin,UnitID:2
2023-11-06 19:20:17.0267|INFO|PIVF.Web.Api.Master.Common.CommonController|1_Controller Name:CommonController,Action:HttpGet,Method:GetDoctorsList,User:admin,UnitID:2
2023-11-06 19:20:20.4842|INFO|PIVF.Web.Api.QueueMgt.QueueMgtController|Controller Name:QueueMgt,Action:HttpPost,Method:GetQueueList,User:admin,UnitID:2
2023-11-06 19:20:20.4842|INFO|PIVF.Web.Api.QueueMgt.QueueMgtController|Controller Name:QueueMgt,Action:HttpPost,Method:GetQueueList,User:admin,UnitID:2
2023-11-06 19:20:21.5080|INFO|PIVF.Web.Api.Master.Common.CommonController|1_Controller Name:CommonController,Action:HttpGet,Method:GetDoctorsList,User:admin,UnitID:2
2023-11-06 19:20:21.5080|INFO|PIVF.Web.Api.Master.Common.CommonController|1_Controller Name:CommonController,Action:HttpGet,Method:GetDoctorsList,User:admin,UnitID:2
2023-11-06 19:20:22.0411|INFO|PIVF.Web.Api.Master.Common.CommonController|1_Controller Name:CommonController,Action:HttpGet,Method:GetDepartmentList,User:admin,UnitID:2
2023-11-06 19:20:22.0411|INFO|PIVF.Web.Api.Master.Common.CommonController|1_Controller Name:CommonController,Action:HttpGet,Method:GetDepartmentList,User:admin,UnitID:2
2023-11-06 19:20:22.5321|INFO|PIVF.Web.Api.Master.Common.CommonController|1_Controller Name:CommonController,Action:HttpGet,Method:GetSpeclRegTypeList,User:admin,UnitID:2
2023-11-06 19:20:22.5321|INFO|PIVF.Web.Api.Master.Common.CommonController|1_Controller Name:CommonController,Action:HttpGet,Method:GetSpeclRegTypeList,User:admin,UnitID:2
2023-11-06 19:20:23.6701|INFO|PIVF.Web.Api.EMR.LandingPage.EMRLandingPageAPIController|Controller Name:EMRLandingPageAPI,Action:GET,Method:GetEMRLandingPageData,User:admin,UnitID:2
2023-11-06 19:20:23.6701|INFO|PIVF.Web.Api.EMR.LandingPage.EMRLandingPageAPIController|Controller Name:EMRLandingPageAPI,Action:GET,Method:GetEMRLandingPageData,User:admin,UnitID:2
2023-11-06 19:20:28.5403|INFO|PIVF.Web.Api.Master.Common.CommonController|Controller Name:Common,Action:GET,Method:GetActiveVisitByPatient,User:admin,UnitID:2
2023-11-06 19:20:28.5403|INFO|PIVF.Web.Api.Master.Common.CommonController|Controller Name:Common,Action:GET,Method:GetActiveVisitByPatient,User:admin,UnitID:2
2023-11-06 19:20:35.6378|INFO|PIVF.Web.Api.EMR.MaleHistory.MaleHistoryController|Controller Name: MaleHistory,Action: GET,Method: SetAllControls,User: admin,UnitID:2
2023-11-06 19:20:35.6378|INFO|PIVF.Web.Api.EMR.MaleHistory.MaleHistoryController|Controller Name: MaleHistory,Action: GET,Method: SetAllControls,User: admin,UnitID:2
2023-11-06 19:22:45.3589|INFO|PIVF.Web.Api.Master.Configuration.UserAPIController|Controller Name:UserAPI,Action:HttpGet,Method:GetGrandParentList,User:admin,UnitID:2
2023-11-06 19:22:45.3589|INFO|PIVF.Web.Api.Master.Configuration.UserAPIController|Controller Name:UserAPI,Action:HttpGet,Method:GetGrandParentList,User:admin,UnitID:2
2023-11-06 19:22:46.8793|INFO|PIVF.Web.Api.Master.Configuration.UserAPIController|Controller Name:UserAPI,Action:HttpGet,Method:GetUserRoleRights,User:admin,UnitID:2
2023-11-06 19:22:46.8793|INFO|PIVF.Web.Api.Master.Configuration.UserAPIController|Controller Name:UserAPI,Action:HttpGet,Method:GetUserRoleRights,User:admin,UnitID:2
2023-11-06 19:22:47.1259|INFO|PIVF.Web.Api.Master.Common.CommonController|1_Controller Name:CommonController,Action:HttpGet,Method:GetDepartmentList,User:admin,UnitID:2
2023-11-06 19:22:47.1259|INFO|PIVF.Web.Api.Master.Common.CommonController|1_Controller Name:CommonController,Action:HttpGet,Method:GetDepartmentList,User:admin,UnitID:2
2023-11-06 19:22:48.1441|INFO|PIVF.Web.Api.Master.Common.CommonController|1_Controller Name:CommonController,Action:HttpGet,Method:GetDoctorsList,User:admin,UnitID:2
2023-11-06 19:22:48.1441|INFO|PIVF.Web.Api.Master.Common.CommonController|1_Controller Name:CommonController,Action:HttpGet,Method:GetDoctorsList,User:admin,UnitID:2
2023-11-06 19:22:48.2984|INFO|PIVF.Web.Api.Master.Configuration.UserAPIController|Controller Name:UserAPI,Action:HttpGet,Method:GetParentList,User:admin,UnitID:2
2023-11-06 19:22:48.2984|INFO|PIVF.Web.Api.Master.Configuration.UserAPIController|Controller Name:UserAPI,Action:HttpGet,Method:GetParentList,User:admin,UnitID:2
2023-11-06 19:22:48.4073|INFO|PIVF.Web.Api.Master.Configuration.UserAPIController|Controller Name:UserAPI,Action:HttpGet,Method:GetParentList,User:admin,UnitID:2
2023-11-06 19:22:48.4073|INFO|PIVF.Web.Api.Master.Configuration.UserAPIController|Controller Name:UserAPI,Action:HttpGet,Method:GetParentList,User:admin,UnitID:2
2023-11-06 19:22:48.6562|INFO|PIVF.Web.Api.Master.Common.CommonController|1_Controller Name:CommonController,Action:HttpGet,Method:GetSpeclRegTypeList,User:admin,UnitID:2
2023-11-06 19:22:48.6562|INFO|PIVF.Web.Api.Master.Common.CommonController|1_Controller Name:CommonController,Action:HttpGet,Method:GetSpeclRegTypeList,User:admin,UnitID:2
2023-11-06 19:22:49.1710|INFO|PIVF.Web.Api.QueueMgt.QueueMgtController|Controller Name:QueueMgt,Action:HttpPost,Method:GetQueueList,User:admin,UnitID:2
2023-11-06 19:22:49.1710|INFO|PIVF.Web.Api.QueueMgt.QueueMgtController|Controller Name:QueueMgt,Action:HttpPost,Method:GetQueueList,User:admin,UnitID:2
2023-11-06 19:22:52.1853|INFO|PIVF.Web.Api.EMR.LandingPage.EMRLandingPageAPIController|Controller Name:EMRLandingPageAPI,Action:GET,Method:GetEMRLandingPageData,User:admin,UnitID:2
2023-11-06 19:22:52.1853|INFO|PIVF.Web.Api.EMR.LandingPage.EMRLandingPageAPIController|Controller Name:EMRLandingPageAPI,Action:GET,Method:GetEMRLandingPageData,User:admin,UnitID:2
2023-11-06 19:22:58.2404|INFO|PIVF.Web.Api.Master.Common.CommonController|Controller Name:Common,Action:GET,Method:GetActiveVisitByPatient,User:admin,UnitID:2
2023-11-06 19:22:58.2404|INFO|PIVF.Web.Api.Master.Common.CommonController|Controller Name:Common,Action:GET,Method:GetActiveVisitByPatient,User:admin,UnitID:2
2023-11-06 19:24:26.6810|INFO|PIVF.Web.Api.Master.Configuration.UserAPIController|Controller Name:UserAPI,Action:HttpGet,Method:GetParentList,User:admin,UnitID:2
2023-11-06 19:24:26.6810|INFO|PIVF.Web.Api.Master.Configuration.UserAPIController|Controller Name:UserAPI,Action:HttpGet,Method:GetParentList,User:admin,UnitID:2
2023-11-06 19:24:26.7951|INFO|PIVF.Web.Api.Master.Configuration.UserAPIController|Controller Name:UserAPI,Action:HttpGet,Method:GetParentList,User:admin,UnitID:2
2023-11-06 19:24:26.7951|INFO|PIVF.Web.Api.Master.Configuration.UserAPIController|Controller Name:UserAPI,Action:HttpGet,Method:GetParentList,User:admin,UnitID:2
2023-11-06 19:24:27.5862|INFO|PIVF.Web.Api.Master.Configuration.UserAPIController|Controller Name:UserAPI,Action:HttpGet,Method:GetUserRoleRights,User:admin,UnitID:2
2023-11-06 19:24:27.5862|INFO|PIVF.Web.Api.Master.Configuration.UserAPIController|Controller Name:UserAPI,Action:HttpGet,Method:GetUserRoleRights,User:admin,UnitID:2
2023-11-06 19:24:28.2488|INFO|PIVF.Web.Api.Master.Common.CommonController|1_Controller Name:CommonController,Action:HttpGet,Method:GetDepartmentList,User:admin,UnitID:2
2023-11-06 19:24:28.2488|INFO|PIVF.Web.Api.Master.Common.CommonController|1_Controller Name:CommonController,Action:HttpGet,Method:GetDepartmentList,User:admin,UnitID:2
2023-11-06 19:24:28.3883|INFO|PIVF.Web.Api.Master.Common.CommonController|1_Controller Name:CommonController,Action:HttpGet,Method:GetSpeclRegTypeList,User:admin,UnitID:2
2023-11-06 19:24:28.3883|INFO|PIVF.Web.Api.Master.Common.CommonController|1_Controller Name:CommonController,Action:HttpGet,Method:GetSpeclRegTypeList,User:admin,UnitID:2
2023-11-06 19:24:28.6549|INFO|PIVF.Web.Api.Master.Configuration.UserAPIController|Controller Name:UserAPI,Action:HttpGet,Method:GetGrandParentList,User:admin,UnitID:2
2023-11-06 19:24:28.6549|INFO|PIVF.Web.Api.Master.Configuration.UserAPIController|Controller Name:UserAPI,Action:HttpGet,Method:GetGrandParentList,User:admin,UnitID:2
2023-11-06 19:24:28.7695|INFO|PIVF.Web.Api.Master.Common.CommonController|1_Controller Name:CommonController,Action:HttpGet,Method:GetDoctorsList,User:admin,UnitID:2
2023-11-06 19:24:28.7695|INFO|PIVF.Web.Api.Master.Common.CommonController|1_Controller Name:CommonController,Action:HttpGet,Method:GetDoctorsList,User:admin,UnitID:2
2023-11-06 19:24:29.2671|INFO|PIVF.Web.Api.QueueMgt.QueueMgtController|Controller Name:QueueMgt,Action:HttpPost,Method:GetQueueList,User:admin,UnitID:2
2023-11-06 19:24:29.2671|INFO|PIVF.Web.Api.QueueMgt.QueueMgtController|Controller Name:QueueMgt,Action:HttpPost,Method:GetQueueList,User:admin,UnitID:2
2023-11-06 19:24:33.0972|INFO|PIVF.Web.Api.Master.Common.CommonController|1_Controller Name:CommonController,Action:HttpGet,Method:GetSpeclRegTypeList,User:admin,UnitID:2
2023-11-06 19:24:33.0972|INFO|PIVF.Web.Api.Master.Common.CommonController|1_Controller Name:CommonController,Action:HttpGet,Method:GetSpeclRegTypeList,User:admin,UnitID:2
2023-11-06 19:24:33.5319|INFO|PIVF.Web.Api.Master.Common.CommonController|1_Controller Name:CommonController,Action:HttpGet,Method:GetDoctorsList,User:admin,UnitID:2
2023-11-06 19:24:33.5319|INFO|PIVF.Web.Api.Master.Common.CommonController|1_Controller Name:CommonController,Action:HttpGet,Method:GetDoctorsList,User:admin,UnitID:2
2023-11-06 19:24:34.3914|INFO|PIVF.Web.Api.EMR.LandingPage.EMRLandingPageAPIController|Controller Name:EMRLandingPageAPI,Action:GET,Method:GetEMRLandingPageData,User:admin,UnitID:2
2023-11-06 19:24:34.3914|INFO|PIVF.Web.Api.EMR.LandingPage.EMRLandingPageAPIController|Controller Name:EMRLandingPageAPI,Action:GET,Method:GetEMRLandingPageData,User:admin,UnitID:2
2023-11-06 19:24:35.0891|INFO|PIVF.Web.Api.QueueMgt.QueueMgtController|Controller Name:QueueMgt,Action:HttpPost,Method:GetQueueList,User:admin,UnitID:2
2023-11-06 19:24:35.0891|INFO|PIVF.Web.Api.QueueMgt.QueueMgtController|Controller Name:QueueMgt,Action:HttpPost,Method:GetQueueList,User:admin,UnitID:2
2023-11-06 19:24:36.6142|INFO|PIVF.Web.Api.Master.Common.CommonController|1_Controller Name:CommonController,Action:HttpGet,Method:GetDepartmentList,User:admin,UnitID:2
2023-11-06 19:24:36.6142|INFO|PIVF.Web.Api.Master.Common.CommonController|1_Controller Name:CommonController,Action:HttpGet,Method:GetDepartmentList,User:admin,UnitID:2
2023-11-06 19:24:37.7050|INFO|PIVF.Web.Api.Master.Common.CommonController|Controller Name:Common,Action:GET,Method:GetActiveVisitByPatient,User:admin,UnitID:2
2023-11-06 19:24:37.7050|INFO|PIVF.Web.Api.Master.Common.CommonController|Controller Name:Common,Action:GET,Method:GetActiveVisitByPatient,User:admin,UnitID:2
2023-11-06 19:24:45.1987|INFO|PIVF.Web.Api.EMR.MaleHistory.MaleHistoryController|Controller Name: MaleHistory,Action: GET,Method: SetAllControls,User: admin,UnitID:2
2023-11-06 19:24:45.1987|INFO|PIVF.Web.Api.EMR.MaleHistory.MaleHistoryController|Controller Name: MaleHistory,Action: GET,Method: SetAllControls,User: admin,UnitID:2
2023-11-06 19:25:42.4991|INFO|PIVF.Web.Api.Master.Configuration.UserAPIController|Controller Name:UserAPI,Action:HttpGet,Method:GetGrandParentList,User:admin,UnitID:2
2023-11-06 19:25:42.4991|INFO|PIVF.Web.Api.Master.Configuration.UserAPIController|Controller Name:UserAPI,Action:HttpGet,Method:GetGrandParentList,User:admin,UnitID:2
2023-11-06 19:25:43.0361|INFO|PIVF.Web.Api.Master.Configuration.UserAPIController|Controller Name:UserAPI,Action:HttpGet,Method:GetUserRoleRights,User:admin,UnitID:2
2023-11-06 19:25:43.0361|INFO|PIVF.Web.Api.Master.Configuration.UserAPIController|Controller Name:UserAPI,Action:HttpGet,Method:GetUserRoleRights,User:admin,UnitID:2
2023-11-06 19:25:44.3596|INFO|PIVF.Web.Api.Master.Configuration.UserAPIController|Controller Name:UserAPI,Action:HttpGet,Method:GetParentList,User:admin,UnitID:2
2023-11-06 19:25:44.3596|INFO|PIVF.Web.Api.Master.Configuration.UserAPIController|Controller Name:UserAPI,Action:HttpGet,Method:GetParentList,User:admin,UnitID:2
2023-11-06 19:25:44.5652|INFO|PIVF.Web.Api.Master.Configuration.UserAPIController|Controller Name:UserAPI,Action:HttpGet,Method:GetParentList,User:admin,UnitID:2
2023-11-06 19:25:44.5652|INFO|PIVF.Web.Api.Master.Configuration.UserAPIController|Controller Name:UserAPI,Action:HttpGet,Method:GetParentList,User:admin,UnitID:2
2023-11-06 19:25:45.3115|INFO|PIVF.Web.Api.QueueMgt.QueueMgtController|Controller Name:QueueMgt,Action:HttpPost,Method:GetQueueList,User:admin,UnitID:2
2023-11-06 19:25:45.3115|INFO|PIVF.Web.Api.QueueMgt.QueueMgtController|Controller Name:QueueMgt,Action:HttpPost,Method:GetQueueList,User:admin,UnitID:2
2023-11-06 19:25:45.8396|INFO|PIVF.Web.Api.Master.Common.CommonController|1_Controller Name:CommonController,Action:HttpGet,Method:GetDoctorsList,User:admin,UnitID:2
2023-11-06 19:25:45.8396|INFO|PIVF.Web.Api.Master.Common.CommonController|1_Controller Name:CommonController,Action:HttpGet,Method:GetDoctorsList,User:admin,UnitID:2
2023-11-06 19:25:46.4000|INFO|PIVF.Web.Api.Master.Common.CommonController|1_Controller Name:CommonController,Action:HttpGet,Method:GetSpeclRegTypeList,User:admin,UnitID:2
2023-11-06 19:25:46.4000|INFO|PIVF.Web.Api.Master.Common.CommonController|1_Controller Name:CommonController,Action:HttpGet,Method:GetSpeclRegTypeList,User:admin,UnitID:2
2023-11-06 19:25:47.7057|INFO|PIVF.Web.Api.Master.Common.CommonController|1_Controller Name:CommonController,Action:HttpGet,Method:GetDepartmentList,User:admin,UnitID:2
2023-11-06 19:25:47.7057|INFO|PIVF.Web.Api.Master.Common.CommonController|1_Controller Name:CommonController,Action:HttpGet,Method:GetDepartmentList,User:admin,UnitID:2
2023-11-06 19:25:50.3325|INFO|PIVF.Web.Api.EMR.LandingPage.EMRLandingPageAPIController|Controller Name:EMRLandingPageAPI,Action:GET,Method:GetEMRLandingPageData,User:admin,UnitID:2
2023-11-06 19:25:50.3325|INFO|PIVF.Web.Api.EMR.LandingPage.EMRLandingPageAPIController|Controller Name:EMRLandingPageAPI,Action:GET,Method:GetEMRLandingPageData,User:admin,UnitID:2
2023-11-06 19:25:58.9889|INFO|PIVF.Web.Api.Master.Common.CommonController|Controller Name:Common,Action:GET,Method:GetActiveVisitByPatient,User:admin,UnitID:2
2023-11-06 19:25:58.9889|INFO|PIVF.Web.Api.Master.Common.CommonController|Controller Name:Common,Action:GET,Method:GetActiveVisitByPatient,User:admin,UnitID:2
2023-11-06 19:26:09.0220|INFO|PIVF.Web.Api.EMR.MaleHistory.MaleHistoryController|Controller Name: MaleHistory,Action: GET,Method: SetAllControls,User: admin,UnitID:2
2023-11-06 19:26:09.0220|INFO|PIVF.Web.Api.EMR.MaleHistory.MaleHistoryController|Controller Name: MaleHistory,Action: GET,Method: SetAllControls,User: admin,UnitID:2
2023-11-06 19:27:32.6815|INFO|PIVF.Web.Api.Master.Configuration.UserAPIController|Controller Name:UserAPI,Action:HttpGet,Method:GetParentList,User:admin,UnitID:2
2023-11-06 19:27:32.6815|INFO|PIVF.Web.Api.Master.Configuration.UserAPIController|Controller Name:UserAPI,Action:HttpGet,Method:GetParentList,User:admin,UnitID:2
2023-11-06 19:27:33.2066|INFO|PIVF.Web.Api.Master.Configuration.UserAPIController|Controller Name:UserAPI,Action:HttpGet,Method:GetGrandParentList,User:admin,UnitID:2
2023-11-06 19:27:33.2066|INFO|PIVF.Web.Api.Master.Configuration.UserAPIController|Controller Name:UserAPI,Action:HttpGet,Method:GetGrandParentList,User:admin,UnitID:2
2023-11-06 19:27:33.7361|INFO|PIVF.Web.Api.Master.Configuration.UserAPIController|Controller Name:UserAPI,Action:HttpGet,Method:GetUserRoleRights,User:admin,UnitID:2
2023-11-06 19:27:33.7361|INFO|PIVF.Web.Api.Master.Configuration.UserAPIController|Controller Name:UserAPI,Action:HttpGet,Method:GetUserRoleRights,User:admin,UnitID:2
2023-11-06 19:27:33.9928|INFO|PIVF.Web.Api.QueueMgt.QueueMgtController|Controller Name:QueueMgt,Action:HttpPost,Method:GetQueueList,User:admin,UnitID:2
2023-11-06 19:27:33.9928|INFO|PIVF.Web.Api.QueueMgt.QueueMgtController|Controller Name:QueueMgt,Action:HttpPost,Method:GetQueueList,User:admin,UnitID:2
2023-11-06 19:27:34.8847|INFO|PIVF.Web.Api.Master.Configuration.UserAPIController|Controller Name:UserAPI,Action:HttpGet,Method:GetParentList,User:admin,UnitID:2
2023-11-06 19:27:34.8847|INFO|PIVF.Web.Api.Master.Configuration.UserAPIController|Controller Name:UserAPI,Action:HttpGet,Method:GetParentList,User:admin,UnitID:2
2023-11-06 19:27:35.5226|INFO|PIVF.Web.Api.Master.Common.CommonController|1_Controller Name:CommonController,Action:HttpGet,Method:GetDepartmentList,User:admin,UnitID:2
2023-11-06 19:27:35.5226|INFO|PIVF.Web.Api.Master.Common.CommonController|1_Controller Name:CommonController,Action:HttpGet,Method:GetDepartmentList,User:admin,UnitID:2
2023-11-06 19:27:36.1270|INFO|PIVF.Web.Api.Master.Common.CommonController|1_Controller Name:CommonController,Action:HttpGet,Method:GetSpeclRegTypeList,User:admin,UnitID:2
2023-11-06 19:27:36.1270|INFO|PIVF.Web.Api.Master.Common.CommonController|1_Controller Name:CommonController,Action:HttpGet,Method:GetSpeclRegTypeList,User:admin,UnitID:2
2023-11-06 19:27:36.6570|INFO|PIVF.Web.Api.Master.Common.CommonController|1_Controller Name:CommonController,Action:HttpGet,Method:GetDoctorsList,User:admin,UnitID:2
2023-11-06 19:27:36.6570|INFO|PIVF.Web.Api.Master.Common.CommonController|1_Controller Name:CommonController,Action:HttpGet,Method:GetDoctorsList,User:admin,UnitID:2
2023-11-06 19:27:38.2696|INFO|PIVF.Web.Api.EMR.LandingPage.EMRLandingPageAPIController|Controller Name:EMRLandingPageAPI,Action:GET,Method:GetEMRLandingPageData,User:admin,UnitID:2
2023-11-06 19:27:38.2696|INFO|PIVF.Web.Api.EMR.LandingPage.EMRLandingPageAPIController|Controller Name:EMRLandingPageAPI,Action:GET,Method:GetEMRLandingPageData,User:admin,UnitID:2
2023-11-06 19:27:41.4917|INFO|PIVF.Web.Api.Master.Common.CommonController|Controller Name:Common,Action:GET,Method:GetActiveVisitByPatient,User:admin,UnitID:2
2023-11-06 19:27:41.4917|INFO|PIVF.Web.Api.Master.Common.CommonController|Controller Name:Common,Action:GET,Method:GetActiveVisitByPatient,User:admin,UnitID:2
2023-11-06 19:27:52.8049|INFO|PIVF.Web.Api.EMR.MaleHistory.MaleHistoryController|Controller Name: MaleHistory,Action: GET,Method: SetAllControls,User: admin,UnitID:2
2023-11-06 19:27:52.8049|INFO|PIVF.Web.Api.EMR.MaleHistory.MaleHistoryController|Controller Name: MaleHistory,Action: GET,Method: SetAllControls,User: admin,UnitID:2
2023-11-06 19:29:48.3074|INFO|PIVF.Web.Api.Master.Configuration.UserAPIController|Controller Name:UserAPI,Action:HttpGet,Method:GetParentList,User:admin,UnitID:2
2023-11-06 19:29:48.3074|INFO|PIVF.Web.Api.Master.Configuration.UserAPIController|Controller Name:UserAPI,Action:HttpGet,Method:GetParentList,User:admin,UnitID:2
2023-11-06 19:29:48.4860|INFO|PIVF.Web.Api.Master.Configuration.UserAPIController|Controller Name:UserAPI,Action:HttpGet,Method:GetParentList,User:admin,UnitID:2
2023-11-06 19:29:48.4860|INFO|PIVF.Web.Api.Master.Configuration.UserAPIController|Controller Name:UserAPI,Action:HttpGet,Method:GetParentList,User:admin,UnitID:2
2023-11-06 19:29:48.5967|INFO|PIVF.Web.Api.Master.Configuration.UserAPIController|Controller Name:UserAPI,Action:HttpGet,Method:GetUserRoleRights,User:admin,UnitID:2
2023-11-06 19:29:48.5967|INFO|PIVF.Web.Api.Master.Configuration.UserAPIController|Controller Name:UserAPI,Action:HttpGet,Method:GetUserRoleRights,User:admin,UnitID:2
2023-11-06 19:29:49.2447|INFO|PIVF.Web.Api.Master.Configuration.UserAPIController|Controller Name:UserAPI,Action:HttpGet,Method:GetGrandParentList,User:admin,UnitID:2
2023-11-06 19:29:49.2447|INFO|PIVF.Web.Api.Master.Configuration.UserAPIController|Controller Name:UserAPI,Action:HttpGet,Method:GetGrandParentList,User:admin,UnitID:2
2023-11-06 19:29:50.9132|INFO|PIVF.Web.Api.QueueMgt.QueueMgtController|Controller Name:QueueMgt,Action:HttpPost,Method:GetQueueList,User:admin,UnitID:2
2023-11-06 19:29:50.9132|INFO|PIVF.Web.Api.QueueMgt.QueueMgtController|Controller Name:QueueMgt,Action:HttpPost,Method:GetQueueList,User:admin,UnitID:2
2023-11-06 19:29:51.4265|INFO|PIVF.Web.Api.Master.Common.CommonController|1_Controller Name:CommonController,Action:HttpGet,Method:GetSpeclRegTypeList,User:admin,UnitID:2
2023-11-06 19:29:51.4265|INFO|PIVF.Web.Api.Master.Common.CommonController|1_Controller Name:CommonController,Action:HttpGet,Method:GetSpeclRegTypeList,User:admin,UnitID:2
2023-11-06 19:29:51.9394|INFO|PIVF.Web.Api.Master.Common.CommonController|1_Controller Name:CommonController,Action:HttpGet,Method:GetDoctorsList,User:admin,UnitID:2
2023-11-06 19:29:51.9394|INFO|PIVF.Web.Api.Master.Common.CommonController|1_Controller Name:CommonController,Action:HttpGet,Method:GetDoctorsList,User:admin,UnitID:2
2023-11-06 19:29:52.4663|INFO|PIVF.Web.Api.Master.Common.CommonController|1_Controller Name:CommonController,Action:HttpGet,Method:GetDepartmentList,User:admin,UnitID:2
2023-11-06 19:29:52.4663|INFO|PIVF.Web.Api.Master.Common.CommonController|1_Controller Name:CommonController,Action:HttpGet,Method:GetDepartmentList,User:admin,UnitID:2
2023-11-06 19:29:55.5008|INFO|PIVF.Web.Api.Master.Common.CommonController|1_Controller Name:CommonController,Action:HttpGet,Method:GetDoctorsList,User:admin,UnitID:2
2023-11-06 19:29:55.5008|INFO|PIVF.Web.Api.Master.Common.CommonController|1_Controller Name:CommonController,Action:HttpGet,Method:GetDoctorsList,User:admin,UnitID:2
2023-11-06 19:29:56.5298|INFO|PIVF.Web.Api.QueueMgt.QueueMgtController|Controller Name:QueueMgt,Action:HttpPost,Method:GetQueueList,User:admin,UnitID:2
2023-11-06 19:29:56.5298|INFO|PIVF.Web.Api.QueueMgt.QueueMgtController|Controller Name:QueueMgt,Action:HttpPost,Method:GetQueueList,User:admin,UnitID:2
2023-11-06 19:29:57.3975|INFO|PIVF.Web.Api.EMR.LandingPage.EMRLandingPageAPIController|Controller Name:EMRLandingPageAPI,Action:GET,Method:GetEMRLandingPageData,User:admin,UnitID:2
2023-11-06 19:29:57.3975|INFO|PIVF.Web.Api.EMR.LandingPage.EMRLandingPageAPIController|Controller Name:EMRLandingPageAPI,Action:GET,Method:GetEMRLandingPageData,User:admin,UnitID:2
2023-11-06 19:29:57.5896|INFO|PIVF.Web.Api.Master.Common.CommonController|1_Controller Name:CommonController,Action:HttpGet,Method:GetSpeclRegTypeList,User:admin,UnitID:2
2023-11-06 19:29:57.5896|INFO|PIVF.Web.Api.Master.Common.CommonController|1_Controller Name:CommonController,Action:HttpGet,Method:GetSpeclRegTypeList,User:admin,UnitID:2
2023-11-06 19:29:58.0647|INFO|PIVF.Web.Api.Master.Common.CommonController|1_Controller Name:CommonController,Action:HttpGet,Method:GetDepartmentList,User:admin,UnitID:2
2023-11-06 19:29:58.0647|INFO|PIVF.Web.Api.Master.Common.CommonController|1_Controller Name:CommonController,Action:HttpGet,Method:GetDepartmentList,User:admin,UnitID:2
2023-11-06 19:30:00.3188|INFO|PIVF.Web.Api.Master.Common.CommonController|Controller Name:Common,Action:GET,Method:GetActiveVisitByPatient,User:admin,UnitID:2
2023-11-06 19:30:00.3188|INFO|PIVF.Web.Api.Master.Common.CommonController|Controller Name:Common,Action:GET,Method:GetActiveVisitByPatient,User:admin,UnitID:2
2023-11-06 19:30:08.6398|INFO|PIVF.Web.Api.EMR.MaleHistory.MaleHistoryController|Controller Name: MaleHistory,Action: GET,Method: SetAllControls,User: admin,UnitID:2
2023-11-06 19:30:08.6398|INFO|PIVF.Web.Api.EMR.MaleHistory.MaleHistoryController|Controller Name: MaleHistory,Action: GET,Method: SetAllControls,User: admin,UnitID:2
2023-11-06 19:32:26.4026|INFO|PIVF.Web.Api.Master.Configuration.UserAPIController|Controller Name:UserAPI,Action:HttpGet,Method:GetGrandParentList,User:admin,UnitID:2
2023-11-06 19:32:26.4026|INFO|PIVF.Web.Api.Master.Configuration.UserAPIController|Controller Name:UserAPI,Action:HttpGet,Method:GetGrandParentList,User:admin,UnitID:2
2023-11-06 19:32:27.4374|INFO|PIVF.Web.Api.Master.Configuration.UserAPIController|Controller Name:UserAPI,Action:HttpGet,Method:GetUserRoleRights,User:admin,UnitID:2
2023-11-06 19:32:27.4374|INFO|PIVF.Web.Api.Master.Configuration.UserAPIController|Controller Name:UserAPI,Action:HttpGet,Method:GetUserRoleRights,User:admin,UnitID:2
2023-11-06 19:32:28.6133|INFO|PIVF.Web.Api.Master.Common.CommonController|1_Controller Name:CommonController,Action:HttpGet,Method:GetDoctorsList,User:admin,UnitID:2
2023-11-06 19:32:28.6133|INFO|PIVF.Web.Api.Master.Common.CommonController|1_Controller Name:CommonController,Action:HttpGet,Method:GetDoctorsList,User:admin,UnitID:2
2023-11-06 19:32:28.7033|INFO|PIVF.Web.Api.QueueMgt.QueueMgtController|Controller Name:QueueMgt,Action:HttpPost,Method:GetQueueList,User:admin,UnitID:2
2023-11-06 19:32:28.7033|INFO|PIVF.Web.Api.QueueMgt.QueueMgtController|Controller Name:QueueMgt,Action:HttpPost,Method:GetQueueList,User:admin,UnitID:2
2023-11-06 19:32:29.2381|INFO|PIVF.Web.Api.Master.Common.CommonController|1_Controller Name:CommonController,Action:HttpGet,Method:GetSpeclRegTypeList,User:admin,UnitID:2
2023-11-06 19:32:29.2381|INFO|PIVF.Web.Api.Master.Common.CommonController|1_Controller Name:CommonController,Action:HttpGet,Method:GetSpeclRegTypeList,User:admin,UnitID:2
2023-11-06 19:32:29.3287|INFO|PIVF.Web.Api.Master.Configuration.UserAPIController|Controller Name:UserAPI,Action:HttpGet,Method:GetParentList,User:admin,UnitID:2
2023-11-06 19:32:29.3287|INFO|PIVF.Web.Api.Master.Configuration.UserAPIController|Controller Name:UserAPI,Action:HttpGet,Method:GetParentList,User:admin,UnitID:2
2023-11-06 19:32:29.4433|INFO|PIVF.Web.Api.Master.Configuration.UserAPIController|Controller Name:UserAPI,Action:HttpGet,Method:GetParentList,User:admin,UnitID:2
2023-11-06 19:32:29.4433|INFO|PIVF.Web.Api.Master.Configuration.UserAPIController|Controller Name:UserAPI,Action:HttpGet,Method:GetParentList,User:admin,UnitID:2
2023-11-06 19:32:29.7512|INFO|PIVF.Web.Api.Master.Common.CommonController|1_Controller Name:CommonController,Action:HttpGet,Method:GetDepartmentList,User:admin,UnitID:2
2023-11-06 19:32:29.7512|INFO|PIVF.Web.Api.Master.Common.CommonController|1_Controller Name:CommonController,Action:HttpGet,Method:GetDepartmentList,User:admin,UnitID:2
2023-11-06 19:32:32.5827|INFO|PIVF.Web.Api.EMR.LandingPage.EMRLandingPageAPIController|Controller Name:EMRLandingPageAPI,Action:GET,Method:GetEMRLandingPageData,User:admin,UnitID:2
2023-11-06 19:32:32.5827|INFO|PIVF.Web.Api.EMR.LandingPage.EMRLandingPageAPIController|Controller Name:EMRLandingPageAPI,Action:GET,Method:GetEMRLandingPageData,User:admin,UnitID:2
2023-11-06 19:32:37.6430|INFO|PIVF.Web.Api.Master.Common.CommonController|Controller Name:Common,Action:GET,Method:GetActiveVisitByPatient,User:admin,UnitID:2
2023-11-06 19:32:37.6430|INFO|PIVF.Web.Api.Master.Common.CommonController|Controller Name:Common,Action:GET,Method:GetActiveVisitByPatient,User:admin,UnitID:2
2023-11-06 19:32:44.7281|INFO|PIVF.Web.Api.EMR.MaleHistory.MaleHistoryController|Controller Name: MaleHistory,Action: GET,Method: SetAllControls,User: admin,UnitID:2
2023-11-06 19:32:44.7281|INFO|PIVF.Web.Api.EMR.MaleHistory.MaleHistoryController|Controller Name: MaleHistory,Action: GET,Method: SetAllControls,User: admin,UnitID:2
2023-11-06 19:33:04.6817|INFO|PIVF.Web.Api.Master.Configuration.UserAPIController|Controller Name:UserAPI,Action:HttpGet,Method:GetGrandParentList,User:admin,UnitID:2
2023-11-06 19:33:04.6817|INFO|PIVF.Web.Api.Master.Configuration.UserAPIController|Controller Name:UserAPI,Action:HttpGet,Method:GetGrandParentList,User:admin,UnitID:2
2023-11-06 19:33:05.4289|INFO|PIVF.Web.Api.Master.Configuration.UserAPIController|Controller Name:UserAPI,Action:HttpGet,Method:GetParentList,User:admin,UnitID:2
2023-11-06 19:33:05.4289|INFO|PIVF.Web.Api.Master.Configuration.UserAPIController|Controller Name:UserAPI,Action:HttpGet,Method:GetParentList,User:admin,UnitID:2
2023-11-06 19:33:05.6135|INFO|PIVF.Web.Api.Master.Common.CommonController|1_Controller Name:CommonController,Action:HttpGet,Method:GetDepartmentList,User:admin,UnitID:2
2023-11-06 19:33:05.6135|INFO|PIVF.Web.Api.Master.Common.CommonController|1_Controller Name:CommonController,Action:HttpGet,Method:GetDepartmentList,User:admin,UnitID:2
2023-11-06 19:33:06.1968|INFO|PIVF.Web.Api.Master.Configuration.UserAPIController|Controller Name:UserAPI,Action:HttpGet,Method:GetParentList,User:admin,UnitID:2
2023-11-06 19:33:06.1968|INFO|PIVF.Web.Api.Master.Configuration.UserAPIController|Controller Name:UserAPI,Action:HttpGet,Method:GetParentList,User:admin,UnitID:2
2023-11-06 19:33:06.6598|INFO|PIVF.Web.Api.Master.Common.CommonController|1_Controller Name:CommonController,Action:HttpGet,Method:GetSpeclRegTypeList,User:admin,UnitID:2
2023-11-06 19:33:06.6598|INFO|PIVF.Web.Api.Master.Common.CommonController|1_Controller Name:CommonController,Action:HttpGet,Method:GetSpeclRegTypeList,User:admin,UnitID:2
2023-11-06 19:33:07.1918|INFO|PIVF.Web.Api.QueueMgt.QueueMgtController|Controller Name:QueueMgt,Action:HttpPost,Method:GetQueueList,User:admin,UnitID:2
2023-11-06 19:33:07.1918|INFO|PIVF.Web.Api.QueueMgt.QueueMgtController|Controller Name:QueueMgt,Action:HttpPost,Method:GetQueueList,User:admin,UnitID:2
2023-11-06 19:33:07.7027|INFO|PIVF.Web.Api.Master.Common.CommonController|1_Controller Name:CommonController,Action:HttpGet,Method:GetDoctorsList,User:admin,UnitID:2
2023-11-06 19:33:07.7027|INFO|PIVF.Web.Api.Master.Common.CommonController|1_Controller Name:CommonController,Action:HttpGet,Method:GetDoctorsList,User:admin,UnitID:2
2023-11-06 19:33:08.2765|INFO|PIVF.Web.Api.Master.Configuration.UserAPIController|Controller Name:UserAPI,Action:HttpGet,Method:GetUserRoleRights,User:admin,UnitID:2
2023-11-06 19:33:08.2765|INFO|PIVF.Web.Api.Master.Configuration.UserAPIController|Controller Name:UserAPI,Action:HttpGet,Method:GetUserRoleRights,User:admin,UnitID:2
2023-11-06 19:33:13.1055|INFO|PIVF.Web.Api.QueueMgt.QueueMgtController|Controller Name:QueueMgt,Action:HttpPost,Method:GetQueueList,User:admin,UnitID:2
2023-11-06 19:33:13.1055|INFO|PIVF.Web.Api.QueueMgt.QueueMgtController|Controller Name:QueueMgt,Action:HttpPost,Method:GetQueueList,User:admin,UnitID:2
2023-11-06 19:33:14.3826|INFO|PIVF.Web.Api.EMR.LandingPage.EMRLandingPageAPIController|Controller Name:EMRLandingPageAPI,Action:GET,Method:GetEMRLandingPageData,User:admin,UnitID:2
2023-11-06 19:33:14.3826|INFO|PIVF.Web.Api.EMR.LandingPage.EMRLandingPageAPIController|Controller Name:EMRLandingPageAPI,Action:GET,Method:GetEMRLandingPageData,User:admin,UnitID:2
2023-11-06 19:33:15.1813|INFO|PIVF.Web.Api.Master.Common.CommonController|1_Controller Name:CommonController,Action:HttpGet,Method:GetDoctorsList,User:admin,UnitID:2
2023-11-06 19:33:15.1813|INFO|PIVF.Web.Api.Master.Common.CommonController|1_Controller Name:CommonController,Action:HttpGet,Method:GetDoctorsList,User:admin,UnitID:2
2023-11-06 19:33:15.6924|INFO|PIVF.Web.Api.Master.Common.CommonController|1_Controller Name:CommonController,Action:HttpGet,Method:GetDepartmentList,User:admin,UnitID:2
2023-11-06 19:33:15.6924|INFO|PIVF.Web.Api.Master.Common.CommonController|1_Controller Name:CommonController,Action:HttpGet,Method:GetDepartmentList,User:admin,UnitID:2
2023-11-06 19:33:16.1881|INFO|PIVF.Web.Api.Master.Common.CommonController|1_Controller Name:CommonController,Action:HttpGet,Method:GetSpeclRegTypeList,User:admin,UnitID:2
2023-11-06 19:33:16.1881|INFO|PIVF.Web.Api.Master.Common.CommonController|1_Controller Name:CommonController,Action:HttpGet,Method:GetSpeclRegTypeList,User:admin,UnitID:2
2023-11-06 19:33:17.8265|INFO|PIVF.Web.Api.Master.Common.CommonController|Controller Name:Common,Action:GET,Method:GetActiveVisitByPatient,User:admin,UnitID:2
2023-11-06 19:33:17.8265|INFO|PIVF.Web.Api.Master.Common.CommonController|Controller Name:Common,Action:GET,Method:GetActiveVisitByPatient,User:admin,UnitID:2
2023-11-06 19:33:26.5408|INFO|PIVF.Web.Api.EMR.MaleHistory.MaleHistoryController|Controller Name: MaleHistory,Action: GET,Method: SetAllControls,User: admin,UnitID:2
2023-11-06 19:33:26.5408|INFO|PIVF.Web.Api.EMR.MaleHistory.MaleHistoryController|Controller Name: MaleHistory,Action: GET,Method: SetAllControls,User: admin,UnitID:2
2023-11-06 19:34:26.5305|INFO|PIVF.Web.Api.EMR.MaleHistory.MaleHistoryController|Controller Name: MaleHistory,Action: POST,Method: InsertMaleHistory,User: admin,UnitID:2
2023-11-06 19:34:26.5305|INFO|PIVF.Web.Api.EMR.MaleHistory.MaleHistoryController|Controller Name: MaleHistory,Action: POST,Method: InsertMaleHistory,User: admin,UnitID:2
2023-11-06 19:34:34.3412|INFO|PIVF.Web.Api.EMR.MaleHistory.MaleHistoryController|Controller Name: MaleHistory,Action: GET,Method: SetAllControls,User: admin,UnitID:2
2023-11-06 19:34:34.3412|INFO|PIVF.Web.Api.EMR.MaleHistory.MaleHistoryController|Controller Name: MaleHistory,Action: GET,Method: SetAllControls,User: admin,UnitID:2
