2023-11-08 10:36:25.0753|INFO|PIVF.Web.Api.Master.Configuration.UserAPIController|Controller Name:UserAPI,Action:HttpGet,Method:GetUserRoleRights,User:admin,UnitID:2
2023-11-08 10:36:25.0753|INFO|PIVF.Web.Api.Master.Configuration.UserAPIController|Controller Name:UserAPI,Action:HttpGet,Method:GetUserRoleRights,User:admin,UnitID:2
2023-11-08 10:36:25.4842|INFO|PIVF.Web.Api.Master.Configuration.UserAPIController|Controller Name:UserAPI,Action:HttpGet,Method:GetParentList,User:admin,UnitID:2
2023-11-08 10:36:25.4842|INFO|PIVF.Web.Api.Master.Configuration.UserAPIController|Controller Name:UserAPI,Action:HttpGet,Method:GetParentList,User:admin,UnitID:2
2023-11-08 10:36:26.1379|INFO|PIVF.Web.Api.Master.Configuration.UserAPIController|Controller Name:UserAPI,Action:HttpGet,Method:GetGrandParentList,User:admin,UnitID:2
2023-11-08 10:36:26.1379|INFO|PIVF.Web.Api.Master.Configuration.UserAPIController|Controller Name:UserAPI,Action:HttpGet,Method:GetGrandParentList,User:admin,UnitID:2
2023-11-08 10:36:26.4835|INFO|PIVF.Web.Api.Master.Configuration.UserAPIController|Controller Name:UserAPI,Action:HttpGet,Method:GetParentList,User:admin,UnitID:2
2023-11-08 10:36:26.4835|INFO|PIVF.Web.Api.Master.Configuration.UserAPIController|Controller Name:UserAPI,Action:HttpGet,Method:GetParentList,User:admin,UnitID:2
2023-11-08 10:36:26.9006|INFO|PIVF.Web.Api.QueueMgt.QueueMgtController|Controller Name:QueueMgt,Action:HttpPost,Method:GetQueueList,User:admin,UnitID:2
2023-11-08 10:36:26.9006|INFO|PIVF.Web.Api.QueueMgt.QueueMgtController|Controller Name:QueueMgt,Action:HttpPost,Method:GetQueueList,User:admin,UnitID:2
2023-11-08 10:36:27.4704|INFO|PIVF.Web.Api.Master.Common.CommonController|1_Controller Name:CommonController,Action:HttpGet,Method:GetDoctorsList,User:admin,UnitID:2
2023-11-08 10:36:27.4704|INFO|PIVF.Web.Api.Master.Common.CommonController|1_Controller Name:CommonController,Action:HttpGet,Method:GetDoctorsList,User:admin,UnitID:2
2023-11-08 10:36:28.0302|INFO|PIVF.Web.Api.Master.Common.CommonController|1_Controller Name:CommonController,Action:HttpGet,Method:GetDepartmentList,User:admin,UnitID:2
2023-11-08 10:36:28.0302|INFO|PIVF.Web.Api.Master.Common.CommonController|1_Controller Name:CommonController,Action:HttpGet,Method:GetDepartmentList,User:admin,UnitID:2
2023-11-08 10:36:29.0287|INFO|PIVF.Web.Api.Master.Common.CommonController|1_Controller Name:CommonController,Action:HttpGet,Method:GetSpeclRegTypeList,User:admin,UnitID:2
2023-11-08 10:36:29.0287|INFO|PIVF.Web.Api.Master.Common.CommonController|1_Controller Name:CommonController,Action:HttpGet,Method:GetSpeclRegTypeList,User:admin,UnitID:2
2023-11-08 10:36:59.3235|INFO|PIVF.Web.Api.Master.Common.CommonController|Controller Name:Common,Action:GET,Method:GetActiveVisitByPatient,User:admin,UnitID:2
2023-11-08 10:36:59.3235|INFO|PIVF.Web.Api.Master.Common.CommonController|Controller Name:Common,Action:GET,Method:GetActiveVisitByPatient,User:admin,UnitID:2
2023-11-08 10:37:00.1295|INFO|PIVF.Web.Api.Master.Common.CommonController|Controller Name:Common,Action:GET,Method:GetActiveVisitByPatient,User:admin,UnitID:2
2023-11-08 10:37:00.1295|INFO|PIVF.Web.Api.Master.Common.CommonController|Controller Name:Common,Action:GET,Method:GetActiveVisitByPatient,User:admin,UnitID:2
2023-11-08 10:37:00.9323|INFO|PIVF.Web.Api.EMR.LandingPage.EMRLandingPageAPIController|Controller Name:EMRLandingPageAPI,Action:GET,Method:GetEMRLandingPageData,User:admin,UnitID:2
2023-11-08 10:37:00.9323|INFO|PIVF.Web.Api.EMR.LandingPage.EMRLandingPageAPIController|Controller Name:EMRLandingPageAPI,Action:GET,Method:GetEMRLandingPageData,User:admin,UnitID:2
2023-11-08 10:37:04.1529|INFO|PIVF.Web.Api.Master.Common.CommonController|Controller Name:Common,Action:POST,Method:PutSelectedvisitByPatient,User:admin,UnitID:2
2023-11-08 10:37:04.1529|INFO|PIVF.Web.Api.Master.Common.CommonController|Controller Name:Common,Action:POST,Method:PutSelectedvisitByPatient,User:admin,UnitID:2
2023-11-08 10:37:06.3234|INFO|PIVF.Web.Api.Master.Common.CommonController|Controller Name:Common,Action:GET,Method:GetActiveVisitByPatient,User:admin,UnitID:2
2023-11-08 10:37:06.3234|INFO|PIVF.Web.Api.Master.Common.CommonController|Controller Name:Common,Action:GET,Method:GetActiveVisitByPatient,User:admin,UnitID:2
2023-11-08 10:37:25.8952|INFO|PIVF.Web.Api.Master.Common.CommonController|Controller Name:Common,Action:GET,Method:GetActiveVisitByPatient,User:admin,UnitID:2
2023-11-08 10:37:25.8952|INFO|PIVF.Web.Api.Master.Common.CommonController|Controller Name:Common,Action:GET,Method:GetActiveVisitByPatient,User:admin,UnitID:2
2023-11-08 10:37:30.0479|INFO|PIVF.Web.Api.EMR.FemaleHistoryController|Controller Name: FemaleHistory,Action: GET,Method: LoadSpecificFemaleHistory,User: admin,UnitID:2
2023-11-08 10:37:30.0479|INFO|PIVF.Web.Api.EMR.FemaleHistoryController|Controller Name: FemaleHistory,Action: GET,Method: LoadSpecificFemaleHistory,User: admin,UnitID:2
2023-11-08 10:53:22.5371|INFO|PIVF.Web.Api.Master.Configuration.UserAPIController|Controller Name:UserAPI,Action:HttpGet,Method:GetGrandParentList,User:admin,UnitID:2
2023-11-08 10:53:22.5371|INFO|PIVF.Web.Api.Master.Configuration.UserAPIController|Controller Name:UserAPI,Action:HttpGet,Method:GetGrandParentList,User:admin,UnitID:2
2023-11-08 10:53:22.9799|INFO|PIVF.Web.Api.Master.Configuration.UserAPIController|Controller Name:UserAPI,Action:HttpGet,Method:GetUserRoleRights,User:admin,UnitID:2
2023-11-08 10:53:22.9799|INFO|PIVF.Web.Api.Master.Configuration.UserAPIController|Controller Name:UserAPI,Action:HttpGet,Method:GetUserRoleRights,User:admin,UnitID:2
2023-11-08 10:53:23.2354|INFO|PIVF.Web.Api.Master.Common.CommonController|1_Controller Name:CommonController,Action:HttpGet,Method:GetDoctorsList,User:admin,UnitID:2
2023-11-08 10:53:23.2354|INFO|PIVF.Web.Api.Master.Common.CommonController|1_Controller Name:CommonController,Action:HttpGet,Method:GetDoctorsList,User:admin,UnitID:2
2023-11-08 10:53:23.2758|INFO|PIVF.Web.Api.Master.Common.CommonController|1_Controller Name:CommonController,Action:HttpGet,Method:GetSpeclRegTypeList,User:admin,UnitID:2
2023-11-08 10:53:23.2758|INFO|PIVF.Web.Api.Master.Common.CommonController|1_Controller Name:CommonController,Action:HttpGet,Method:GetSpeclRegTypeList,User:admin,UnitID:2
2023-11-08 10:53:23.3167|INFO|PIVF.Web.Api.QueueMgt.QueueMgtController|Controller Name:QueueMgt,Action:HttpPost,Method:GetQueueList,User:admin,UnitID:2
2023-11-08 10:53:23.3167|INFO|PIVF.Web.Api.QueueMgt.QueueMgtController|Controller Name:QueueMgt,Action:HttpPost,Method:GetQueueList,User:admin,UnitID:2
2023-11-08 10:53:23.7231|INFO|PIVF.Web.Api.Master.Common.CommonController|1_Controller Name:CommonController,Action:HttpGet,Method:GetDepartmentList,User:admin,UnitID:2
2023-11-08 10:53:23.7231|INFO|PIVF.Web.Api.Master.Common.CommonController|1_Controller Name:CommonController,Action:HttpGet,Method:GetDepartmentList,User:admin,UnitID:2
2023-11-08 10:53:23.8198|INFO|PIVF.Web.Api.Master.Configuration.UserAPIController|Controller Name:UserAPI,Action:HttpGet,Method:GetParentList,User:admin,UnitID:2
2023-11-08 10:53:23.8198|INFO|PIVF.Web.Api.Master.Configuration.UserAPIController|Controller Name:UserAPI,Action:HttpGet,Method:GetParentList,User:admin,UnitID:2
2023-11-08 10:53:23.9206|INFO|PIVF.Web.Api.Master.Configuration.UserAPIController|Controller Name:UserAPI,Action:HttpGet,Method:GetParentList,User:admin,UnitID:2
2023-11-08 10:53:23.9206|INFO|PIVF.Web.Api.Master.Configuration.UserAPIController|Controller Name:UserAPI,Action:HttpGet,Method:GetParentList,User:admin,UnitID:2
2023-11-08 10:53:39.6118|INFO|PIVF.Web.Api.Master.Common.CommonController|Controller Name:Common,Action:GET,Method:GetActiveVisitByPatient,User:admin,UnitID:2
2023-11-08 10:53:39.6118|INFO|PIVF.Web.Api.Master.Common.CommonController|Controller Name:Common,Action:GET,Method:GetActiveVisitByPatient,User:admin,UnitID:2
2023-11-08 10:53:39.6298|INFO|PIVF.Web.Api.Master.Common.CommonController|Controller Name:Common,Action:GET,Method:GetActiveVisitByPatient,User:admin,UnitID:2
2023-11-08 10:53:39.6298|INFO|PIVF.Web.Api.Master.Common.CommonController|Controller Name:Common,Action:GET,Method:GetActiveVisitByPatient,User:admin,UnitID:2
2023-11-08 10:53:40.3858|INFO|PIVF.Web.Api.EMR.LandingPage.EMRLandingPageAPIController|Controller Name:EMRLandingPageAPI,Action:GET,Method:GetEMRLandingPageData,User:admin,UnitID:2
2023-11-08 10:53:40.3858|INFO|PIVF.Web.Api.EMR.LandingPage.EMRLandingPageAPIController|Controller Name:EMRLandingPageAPI,Action:GET,Method:GetEMRLandingPageData,User:admin,UnitID:2
2023-11-08 10:53:44.3826|INFO|PIVF.Web.Api.Master.Common.CommonController|Controller Name:Common,Action:POST,Method:PutSelectedvisitByPatient,User:admin,UnitID:2
2023-11-08 10:53:44.3826|INFO|PIVF.Web.Api.Master.Common.CommonController|Controller Name:Common,Action:POST,Method:PutSelectedvisitByPatient,User:admin,UnitID:2
2023-11-08 10:53:49.5717|INFO|PIVF.Web.Api.Master.Common.CommonController|Controller Name:Common,Action:GET,Method:GetActiveVisitByPatient,User:admin,UnitID:2
2023-11-08 10:53:49.5717|INFO|PIVF.Web.Api.Master.Common.CommonController|Controller Name:Common,Action:GET,Method:GetActiveVisitByPatient,User:admin,UnitID:2
2023-11-08 10:53:56.5620|INFO|PIVF.Web.Api.EMR.FemaleHistoryController|Controller Name: FemaleHistory,Action: GET,Method: LoadSpecificFemaleHistory,User: admin,UnitID:2
2023-11-08 10:53:56.5620|INFO|PIVF.Web.Api.EMR.FemaleHistoryController|Controller Name: FemaleHistory,Action: GET,Method: LoadSpecificFemaleHistory,User: admin,UnitID:2
2023-11-08 10:55:40.8107|INFO|PIVF.Web.Api.EMR.FemaleHistoryController|Controller Name: FemaleHistory,Action: POST,Method: InsertFemaleHistory,User: admin,UnitID:2
2023-11-08 10:55:40.8107|INFO|PIVF.Web.Api.EMR.FemaleHistoryController|Controller Name: FemaleHistory,Action: POST,Method: InsertFemaleHistory,User: admin,UnitID:2
2023-11-08 10:55:46.2841|INFO|PIVF.Web.Api.EMR.FemaleHistoryController|Controller Name: FemaleHistory,Action: GET,Method: LoadSpecificFemaleHistory,User: admin,UnitID:2
2023-11-08 10:55:46.2841|INFO|PIVF.Web.Api.EMR.FemaleHistoryController|Controller Name: FemaleHistory,Action: GET,Method: LoadSpecificFemaleHistory,User: admin,UnitID:2
2023-11-08 10:57:15.1360|INFO|PIVF.Web.Api.Master.Configuration.UserAPIController|Controller Name:UserAPI,Action:HttpGet,Method:GetUserRoleRights,User:admin,UnitID:2
2023-11-08 10:57:15.1360|INFO|PIVF.Web.Api.Master.Configuration.UserAPIController|Controller Name:UserAPI,Action:HttpGet,Method:GetUserRoleRights,User:admin,UnitID:2
2023-11-08 10:57:16.0815|INFO|PIVF.Web.Api.Master.Configuration.UserAPIController|Controller Name:UserAPI,Action:HttpGet,Method:GetGrandParentList,User:admin,UnitID:2
2023-11-08 10:57:16.0815|INFO|PIVF.Web.Api.Master.Configuration.UserAPIController|Controller Name:UserAPI,Action:HttpGet,Method:GetGrandParentList,User:admin,UnitID:2
2023-11-08 10:57:16.3159|INFO|PIVF.Web.Api.Master.Configuration.UserAPIController|Controller Name:UserAPI,Action:HttpGet,Method:GetParentList,User:admin,UnitID:2
2023-11-08 10:57:16.3159|INFO|PIVF.Web.Api.Master.Configuration.UserAPIController|Controller Name:UserAPI,Action:HttpGet,Method:GetParentList,User:admin,UnitID:2
2023-11-08 10:57:16.3767|INFO|PIVF.Web.Api.Master.Common.CommonController|1_Controller Name:CommonController,Action:HttpGet,Method:GetSpeclRegTypeList,User:admin,UnitID:2
2023-11-08 10:57:16.3767|INFO|PIVF.Web.Api.Master.Common.CommonController|1_Controller Name:CommonController,Action:HttpGet,Method:GetSpeclRegTypeList,User:admin,UnitID:2
2023-11-08 10:57:16.4027|INFO|PIVF.Web.Api.QueueMgt.QueueMgtController|Controller Name:QueueMgt,Action:HttpPost,Method:GetQueueList,User:admin,UnitID:2
2023-11-08 10:57:16.4027|INFO|PIVF.Web.Api.QueueMgt.QueueMgtController|Controller Name:QueueMgt,Action:HttpPost,Method:GetQueueList,User:admin,UnitID:2
2023-11-08 10:57:16.5572|INFO|PIVF.Web.Api.Master.Configuration.UserAPIController|Controller Name:UserAPI,Action:HttpGet,Method:GetParentList,User:admin,UnitID:2
2023-11-08 10:57:16.5572|INFO|PIVF.Web.Api.Master.Configuration.UserAPIController|Controller Name:UserAPI,Action:HttpGet,Method:GetParentList,User:admin,UnitID:2
2023-11-08 10:57:17.3875|INFO|PIVF.Web.Api.Master.Common.CommonController|1_Controller Name:CommonController,Action:HttpGet,Method:GetDoctorsList,User:admin,UnitID:2
2023-11-08 10:57:17.3875|INFO|PIVF.Web.Api.Master.Common.CommonController|1_Controller Name:CommonController,Action:HttpGet,Method:GetDoctorsList,User:admin,UnitID:2
2023-11-08 10:57:17.8519|INFO|PIVF.Web.Api.Master.Common.CommonController|1_Controller Name:CommonController,Action:HttpGet,Method:GetDepartmentList,User:admin,UnitID:2
2023-11-08 10:57:17.8519|INFO|PIVF.Web.Api.Master.Common.CommonController|1_Controller Name:CommonController,Action:HttpGet,Method:GetDepartmentList,User:admin,UnitID:2
2023-11-08 10:57:26.9068|INFO|PIVF.Web.Api.Master.Common.CommonController|Controller Name:Common,Action:GET,Method:GetActiveVisitByPatient,User:admin,UnitID:2
2023-11-08 10:57:26.9068|INFO|PIVF.Web.Api.Master.Common.CommonController|Controller Name:Common,Action:GET,Method:GetActiveVisitByPatient,User:admin,UnitID:2
2023-11-08 10:57:26.9248|INFO|PIVF.Web.Api.Master.Common.CommonController|Controller Name:Common,Action:GET,Method:GetActiveVisitByPatient,User:admin,UnitID:2
2023-11-08 10:57:26.9248|INFO|PIVF.Web.Api.Master.Common.CommonController|Controller Name:Common,Action:GET,Method:GetActiveVisitByPatient,User:admin,UnitID:2
2023-11-08 10:57:27.6419|INFO|PIVF.Web.Api.EMR.LandingPage.EMRLandingPageAPIController|Controller Name:EMRLandingPageAPI,Action:GET,Method:GetEMRLandingPageData,User:admin,UnitID:2
2023-11-08 10:57:27.6419|INFO|PIVF.Web.Api.EMR.LandingPage.EMRLandingPageAPIController|Controller Name:EMRLandingPageAPI,Action:GET,Method:GetEMRLandingPageData,User:admin,UnitID:2
2023-11-08 10:57:31.3904|INFO|PIVF.Web.Api.Master.Common.CommonController|Controller Name:Common,Action:POST,Method:PutSelectedvisitByPatient,User:admin,UnitID:2
2023-11-08 10:57:31.3904|INFO|PIVF.Web.Api.Master.Common.CommonController|Controller Name:Common,Action:POST,Method:PutSelectedvisitByPatient,User:admin,UnitID:2
2023-11-08 10:57:34.1380|INFO|PIVF.Web.Api.Master.Common.CommonController|Controller Name:Common,Action:GET,Method:GetActiveVisitByPatient,User:admin,UnitID:2
2023-11-08 10:57:34.1380|INFO|PIVF.Web.Api.Master.Common.CommonController|Controller Name:Common,Action:GET,Method:GetActiveVisitByPatient,User:admin,UnitID:2
2023-11-08 11:00:07.6037|INFO|PIVF.Web.Api.Master.Configuration.UserAPIController|Controller Name:UserAPI,Action:HttpGet,Method:GetUserRoleRights,User:admin,UnitID:2
2023-11-08 11:00:07.6037|INFO|PIVF.Web.Api.Master.Configuration.UserAPIController|Controller Name:UserAPI,Action:HttpGet,Method:GetUserRoleRights,User:admin,UnitID:2
2023-11-08 11:00:08.1044|INFO|PIVF.Web.Api.Master.Configuration.UserAPIController|Controller Name:UserAPI,Action:HttpGet,Method:GetGrandParentList,User:admin,UnitID:2
2023-11-08 11:00:08.1044|INFO|PIVF.Web.Api.Master.Configuration.UserAPIController|Controller Name:UserAPI,Action:HttpGet,Method:GetGrandParentList,User:admin,UnitID:2
2023-11-08 11:00:08.3766|INFO|PIVF.Web.Api.Master.Common.CommonController|1_Controller Name:CommonController,Action:HttpGet,Method:GetDepartmentList,User:admin,UnitID:2
2023-11-08 11:00:08.3766|INFO|PIVF.Web.Api.Master.Common.CommonController|1_Controller Name:CommonController,Action:HttpGet,Method:GetDepartmentList,User:admin,UnitID:2
2023-11-08 11:00:08.5312|INFO|PIVF.Web.Api.Master.Common.CommonController|1_Controller Name:CommonController,Action:HttpGet,Method:GetDoctorsList,User:admin,UnitID:2
2023-11-08 11:00:08.5312|INFO|PIVF.Web.Api.Master.Common.CommonController|1_Controller Name:CommonController,Action:HttpGet,Method:GetDoctorsList,User:admin,UnitID:2
2023-11-08 11:00:08.6599|INFO|PIVF.Web.Api.Master.Common.CommonController|1_Controller Name:CommonController,Action:HttpGet,Method:GetSpeclRegTypeList,User:admin,UnitID:2
2023-11-08 11:00:08.6599|INFO|PIVF.Web.Api.Master.Common.CommonController|1_Controller Name:CommonController,Action:HttpGet,Method:GetSpeclRegTypeList,User:admin,UnitID:2
2023-11-08 11:00:08.7476|INFO|PIVF.Web.Api.QueueMgt.QueueMgtController|Controller Name:QueueMgt,Action:HttpPost,Method:GetQueueList,User:admin,UnitID:2
2023-11-08 11:00:08.7476|INFO|PIVF.Web.Api.QueueMgt.QueueMgtController|Controller Name:QueueMgt,Action:HttpPost,Method:GetQueueList,User:admin,UnitID:2
2023-11-08 11:00:09.9845|INFO|PIVF.Web.Api.Master.Configuration.UserAPIController|Controller Name:UserAPI,Action:HttpGet,Method:GetParentList,User:admin,UnitID:2
2023-11-08 11:00:09.9845|INFO|PIVF.Web.Api.Master.Configuration.UserAPIController|Controller Name:UserAPI,Action:HttpGet,Method:GetParentList,User:admin,UnitID:2
2023-11-08 11:00:10.5046|INFO|PIVF.Web.Api.Master.Configuration.UserAPIController|Controller Name:UserAPI,Action:HttpGet,Method:GetParentList,User:admin,UnitID:2
2023-11-08 11:00:10.5046|INFO|PIVF.Web.Api.Master.Configuration.UserAPIController|Controller Name:UserAPI,Action:HttpGet,Method:GetParentList,User:admin,UnitID:2
2023-11-08 11:00:25.5535|INFO|PIVF.Web.Api.Master.Common.CommonController|Controller Name:Common,Action:GET,Method:GetActiveVisitByPatient,User:admin,UnitID:2
2023-11-08 11:00:25.5535|INFO|PIVF.Web.Api.Master.Common.CommonController|Controller Name:Common,Action:GET,Method:GetActiveVisitByPatient,User:admin,UnitID:2
2023-11-08 11:00:25.5704|INFO|PIVF.Web.Api.Master.Common.CommonController|Controller Name:Common,Action:GET,Method:GetActiveVisitByPatient,User:admin,UnitID:2
2023-11-08 11:00:25.5704|INFO|PIVF.Web.Api.Master.Common.CommonController|Controller Name:Common,Action:GET,Method:GetActiveVisitByPatient,User:admin,UnitID:2
2023-11-08 11:00:26.2656|INFO|PIVF.Web.Api.EMR.LandingPage.EMRLandingPageAPIController|Controller Name:EMRLandingPageAPI,Action:GET,Method:GetEMRLandingPageData,User:admin,UnitID:2
2023-11-08 11:00:26.2656|INFO|PIVF.Web.Api.EMR.LandingPage.EMRLandingPageAPIController|Controller Name:EMRLandingPageAPI,Action:GET,Method:GetEMRLandingPageData,User:admin,UnitID:2
2023-11-08 11:00:27.3636|INFO|PIVF.Web.Api.Master.Common.CommonController|Controller Name:Common,Action:POST,Method:PutSelectedvisitByPatient,User:admin,UnitID:2
2023-11-08 11:00:27.3636|INFO|PIVF.Web.Api.Master.Common.CommonController|Controller Name:Common,Action:POST,Method:PutSelectedvisitByPatient,User:admin,UnitID:2
2023-11-08 11:00:31.0202|INFO|PIVF.Web.Api.Master.Common.CommonController|Controller Name:Common,Action:GET,Method:GetActiveVisitByPatient,User:admin,UnitID:2
2023-11-08 11:00:31.0202|INFO|PIVF.Web.Api.Master.Common.CommonController|Controller Name:Common,Action:GET,Method:GetActiveVisitByPatient,User:admin,UnitID:2
2023-11-08 11:00:37.8420|INFO|PIVF.Web.Api.EMR.FemaleHistoryController|Controller Name: FemaleHistory,Action: GET,Method: LoadSpecificFemaleHistory,User: admin,UnitID:2
2023-11-08 11:00:37.8420|INFO|PIVF.Web.Api.EMR.FemaleHistoryController|Controller Name: FemaleHistory,Action: GET,Method: LoadSpecificFemaleHistory,User: admin,UnitID:2
2023-11-08 11:01:42.9354|INFO|PIVF.Web.Api.Master.Configuration.UserAPIController|Controller Name:UserAPI,Action:HttpGet,Method:GetParentList,User:admin,UnitID:2
2023-11-08 11:01:42.9354|INFO|PIVF.Web.Api.Master.Configuration.UserAPIController|Controller Name:UserAPI,Action:HttpGet,Method:GetParentList,User:admin,UnitID:2
2023-11-08 11:01:43.1129|INFO|PIVF.Web.Api.Master.Configuration.UserAPIController|Controller Name:UserAPI,Action:HttpGet,Method:GetParentList,User:admin,UnitID:2
2023-11-08 11:01:43.1129|INFO|PIVF.Web.Api.Master.Configuration.UserAPIController|Controller Name:UserAPI,Action:HttpGet,Method:GetParentList,User:admin,UnitID:2
2023-11-08 11:01:43.1628|INFO|PIVF.Web.Api.Master.Configuration.UserAPIController|Controller Name:UserAPI,Action:HttpGet,Method:GetUserRoleRights,User:admin,UnitID:2
2023-11-08 11:01:43.1628|INFO|PIVF.Web.Api.Master.Configuration.UserAPIController|Controller Name:UserAPI,Action:HttpGet,Method:GetUserRoleRights,User:admin,UnitID:2
2023-11-08 11:01:43.4421|INFO|PIVF.Web.Api.Master.Common.CommonController|1_Controller Name:CommonController,Action:HttpGet,Method:GetDepartmentList,User:admin,UnitID:2
2023-11-08 11:01:43.4421|INFO|PIVF.Web.Api.Master.Common.CommonController|1_Controller Name:CommonController,Action:HttpGet,Method:GetDepartmentList,User:admin,UnitID:2
2023-11-08 11:01:43.5882|INFO|PIVF.Web.Api.Master.Common.CommonController|1_Controller Name:CommonController,Action:HttpGet,Method:GetDoctorsList,User:admin,UnitID:2
2023-11-08 11:01:43.5882|INFO|PIVF.Web.Api.Master.Common.CommonController|1_Controller Name:CommonController,Action:HttpGet,Method:GetDoctorsList,User:admin,UnitID:2
2023-11-08 11:01:43.6789|INFO|PIVF.Web.Api.QueueMgt.QueueMgtController|Controller Name:QueueMgt,Action:HttpPost,Method:GetQueueList,User:admin,UnitID:2
2023-11-08 11:01:43.6789|INFO|PIVF.Web.Api.QueueMgt.QueueMgtController|Controller Name:QueueMgt,Action:HttpPost,Method:GetQueueList,User:admin,UnitID:2
2023-11-08 11:01:44.0984|INFO|PIVF.Web.Api.Master.Common.CommonController|1_Controller Name:CommonController,Action:HttpGet,Method:GetSpeclRegTypeList,User:admin,UnitID:2
2023-11-08 11:01:44.0984|INFO|PIVF.Web.Api.Master.Common.CommonController|1_Controller Name:CommonController,Action:HttpGet,Method:GetSpeclRegTypeList,User:admin,UnitID:2
2023-11-08 11:01:44.5023|INFO|PIVF.Web.Api.Master.Configuration.UserAPIController|Controller Name:UserAPI,Action:HttpGet,Method:GetGrandParentList,User:admin,UnitID:2
2023-11-08 11:01:44.5023|INFO|PIVF.Web.Api.Master.Configuration.UserAPIController|Controller Name:UserAPI,Action:HttpGet,Method:GetGrandParentList,User:admin,UnitID:2
2023-11-08 11:01:51.3607|INFO|PIVF.Web.Api.Master.Common.CommonController|Controller Name:Common,Action:GET,Method:GetActiveVisitByPatient,User:admin,UnitID:2
2023-11-08 11:01:51.3607|INFO|PIVF.Web.Api.Master.Common.CommonController|Controller Name:Common,Action:GET,Method:GetActiveVisitByPatient,User:admin,UnitID:2
2023-11-08 11:01:51.9795|INFO|PIVF.Web.Api.Master.Common.CommonController|Controller Name:Common,Action:GET,Method:GetActiveVisitByPatient,User:admin,UnitID:2
2023-11-08 11:01:51.9795|INFO|PIVF.Web.Api.Master.Common.CommonController|Controller Name:Common,Action:GET,Method:GetActiveVisitByPatient,User:admin,UnitID:2
2023-11-08 11:01:52.9629|INFO|PIVF.Web.Api.EMR.LandingPage.EMRLandingPageAPIController|Controller Name:EMRLandingPageAPI,Action:GET,Method:GetEMRLandingPageData,User:admin,UnitID:2
2023-11-08 11:01:52.9629|INFO|PIVF.Web.Api.EMR.LandingPage.EMRLandingPageAPIController|Controller Name:EMRLandingPageAPI,Action:GET,Method:GetEMRLandingPageData,User:admin,UnitID:2
2023-11-08 11:01:54.1026|INFO|PIVF.Web.Api.Master.Common.CommonController|Controller Name:Common,Action:POST,Method:PutSelectedvisitByPatient,User:admin,UnitID:2
2023-11-08 11:01:54.1026|INFO|PIVF.Web.Api.Master.Common.CommonController|Controller Name:Common,Action:POST,Method:PutSelectedvisitByPatient,User:admin,UnitID:2
2023-11-08 11:02:00.4102|INFO|PIVF.Web.Api.Master.Common.CommonController|Controller Name:Common,Action:GET,Method:GetActiveVisitByPatient,User:admin,UnitID:2
2023-11-08 11:02:00.4102|INFO|PIVF.Web.Api.Master.Common.CommonController|Controller Name:Common,Action:GET,Method:GetActiveVisitByPatient,User:admin,UnitID:2
2023-11-08 11:02:08.7265|INFO|PIVF.Web.Api.EMR.FemaleHistoryController|Controller Name: FemaleHistory,Action: GET,Method: LoadSpecificFemaleHistory,User: admin,UnitID:2
2023-11-08 11:02:08.7265|INFO|PIVF.Web.Api.EMR.FemaleHistoryController|Controller Name: FemaleHistory,Action: GET,Method: LoadSpecificFemaleHistory,User: admin,UnitID:2
2023-11-08 11:02:36.4076|INFO|PIVF.Web.Api.Master.Common.CommonController|Controller Name:Common,Action:GET,Method:GetActiveVisitByPatient,User:admin,UnitID:2
2023-11-08 11:02:36.4076|INFO|PIVF.Web.Api.Master.Common.CommonController|Controller Name:Common,Action:GET,Method:GetActiveVisitByPatient,User:admin,UnitID:2
2023-11-08 11:02:39.9192|INFO|PIVF.Web.Api.EMR.MaleHistory.MaleHistoryController|Controller Name: MaleHistory,Action: GET,Method: SetAllControls,User: admin,UnitID:2
2023-11-08 11:02:39.9192|INFO|PIVF.Web.Api.EMR.MaleHistory.MaleHistoryController|Controller Name: MaleHistory,Action: GET,Method: SetAllControls,User: admin,UnitID:2
2023-11-08 11:03:36.0671|INFO|PIVF.Web.Api.EMR.FemaleHistory.FemaleComplaintsController|Controller Name:FemaleComplaints,Action:GET,Method:PreviousFollowUpNotes,User:admin,UnitID:2
2023-11-08 11:03:36.0671|INFO|PIVF.Web.Api.EMR.FemaleHistory.FemaleComplaintsController|Controller Name:FemaleComplaints,Action:GET,Method:PreviousFollowUpNotes,User:admin,UnitID:2
2023-11-08 11:03:36.5488|INFO|PIVF.Web.Api.EMR.FemaleHistory.FemaleComplaintsController|Controller Name:FemaleComplaints,Action:GET,Method:GetLatestLMP,User:admin,UnitID:2
2023-11-08 11:03:36.5488|INFO|PIVF.Web.Api.EMR.FemaleHistory.FemaleComplaintsController|Controller Name:FemaleComplaints,Action:GET,Method:GetLatestLMP,User:admin,UnitID:2
2023-11-08 11:03:36.5887|INFO|PIVF.Web.Api.EMR.FemaleHistory.FemaleComplaintsController|Controller Name: FemaleComplaints,Action: GET,Method: LoadSpecificFemaleComplaints,User: admin,UnitID:2
2023-11-08 11:03:36.5887|INFO|PIVF.Web.Api.EMR.FemaleHistory.FemaleComplaintsController|Controller Name: FemaleComplaints,Action: GET,Method: LoadSpecificFemaleComplaints,User: admin,UnitID:2
2023-11-08 11:08:53.8959|INFO|PIVF.Web.Api.Master.Common.CommonController|1_Controller Name:CommonController,Action:HttpGet,Method:GetDoctorsList,User:admin,UnitID:2
2023-11-08 11:08:53.8959|INFO|PIVF.Web.Api.Master.Common.CommonController|1_Controller Name:CommonController,Action:HttpGet,Method:GetDoctorsList,User:admin,UnitID:2
2023-11-08 11:08:53.9388|INFO|PIVF.Web.Api.Master.Common.CommonController|1_Controller Name:CommonController,Action:HttpGet,Method:GetSpeclRegTypeList,User:admin,UnitID:2
2023-11-08 11:08:53.9388|INFO|PIVF.Web.Api.Master.Common.CommonController|1_Controller Name:CommonController,Action:HttpGet,Method:GetSpeclRegTypeList,User:admin,UnitID:2
2023-11-08 11:08:53.9637|INFO|PIVF.Web.Api.QueueMgt.QueueMgtController|Controller Name:QueueMgt,Action:HttpPost,Method:GetQueueList,User:admin,UnitID:2
2023-11-08 11:08:53.9637|INFO|PIVF.Web.Api.QueueMgt.QueueMgtController|Controller Name:QueueMgt,Action:HttpPost,Method:GetQueueList,User:admin,UnitID:2
2023-11-08 11:08:54.3935|INFO|PIVF.Web.Api.Master.Configuration.UserAPIController|Controller Name:UserAPI,Action:HttpGet,Method:GetParentList,User:admin,UnitID:2
2023-11-08 11:08:54.3935|INFO|PIVF.Web.Api.Master.Configuration.UserAPIController|Controller Name:UserAPI,Action:HttpGet,Method:GetParentList,User:admin,UnitID:2
2023-11-08 11:08:54.4534|INFO|PIVF.Web.Api.Master.Configuration.UserAPIController|Controller Name:UserAPI,Action:HttpGet,Method:GetParentList,User:admin,UnitID:2
2023-11-08 11:08:54.4534|INFO|PIVF.Web.Api.Master.Configuration.UserAPIController|Controller Name:UserAPI,Action:HttpGet,Method:GetParentList,User:admin,UnitID:2
2023-11-08 11:08:54.7725|INFO|PIVF.Web.Api.Master.Common.CommonController|1_Controller Name:CommonController,Action:HttpGet,Method:GetDepartmentList,User:admin,UnitID:2
2023-11-08 11:08:54.7725|INFO|PIVF.Web.Api.Master.Common.CommonController|1_Controller Name:CommonController,Action:HttpGet,Method:GetDepartmentList,User:admin,UnitID:2
2023-11-08 11:08:55.7934|INFO|PIVF.Web.Api.Master.Configuration.UserAPIController|Controller Name:UserAPI,Action:HttpGet,Method:GetUserRoleRights,User:admin,UnitID:2
2023-11-08 11:08:55.7934|INFO|PIVF.Web.Api.Master.Configuration.UserAPIController|Controller Name:UserAPI,Action:HttpGet,Method:GetUserRoleRights,User:admin,UnitID:2
2023-11-08 11:08:56.8017|INFO|PIVF.Web.Api.Master.Configuration.UserAPIController|Controller Name:UserAPI,Action:HttpGet,Method:GetGrandParentList,User:admin,UnitID:2
2023-11-08 11:08:56.8017|INFO|PIVF.Web.Api.Master.Configuration.UserAPIController|Controller Name:UserAPI,Action:HttpGet,Method:GetGrandParentList,User:admin,UnitID:2
2023-11-08 11:09:05.5524|INFO|PIVF.Web.Api.Master.Common.CommonController|Controller Name:Common,Action:GET,Method:GetActiveVisitByPatient,User:admin,UnitID:2
2023-11-08 11:09:05.5524|INFO|PIVF.Web.Api.Master.Common.CommonController|Controller Name:Common,Action:GET,Method:GetActiveVisitByPatient,User:admin,UnitID:2
2023-11-08 11:09:06.2266|INFO|PIVF.Web.Api.Master.Common.CommonController|Controller Name:Common,Action:GET,Method:GetActiveVisitByPatient,User:admin,UnitID:2
2023-11-08 11:09:06.2266|INFO|PIVF.Web.Api.Master.Common.CommonController|Controller Name:Common,Action:GET,Method:GetActiveVisitByPatient,User:admin,UnitID:2
2023-11-08 11:09:06.9567|INFO|PIVF.Web.Api.EMR.LandingPage.EMRLandingPageAPIController|Controller Name:EMRLandingPageAPI,Action:GET,Method:GetEMRLandingPageData,User:admin,UnitID:2
2023-11-08 11:09:06.9567|INFO|PIVF.Web.Api.EMR.LandingPage.EMRLandingPageAPIController|Controller Name:EMRLandingPageAPI,Action:GET,Method:GetEMRLandingPageData,User:admin,UnitID:2
2023-11-08 11:09:08.2901|INFO|PIVF.Web.Api.Master.Common.CommonController|Controller Name:Common,Action:POST,Method:PutSelectedvisitByPatient,User:admin,UnitID:2
2023-11-08 11:09:08.2901|INFO|PIVF.Web.Api.Master.Common.CommonController|Controller Name:Common,Action:POST,Method:PutSelectedvisitByPatient,User:admin,UnitID:2
2023-11-08 11:09:16.6108|INFO|PIVF.Web.Api.Master.Common.CommonController|Controller Name:Common,Action:GET,Method:GetActiveVisitByPatient,User:admin,UnitID:2
2023-11-08 11:09:16.6108|INFO|PIVF.Web.Api.Master.Common.CommonController|Controller Name:Common,Action:GET,Method:GetActiveVisitByPatient,User:admin,UnitID:2
2023-11-08 11:09:23.7368|INFO|PIVF.Web.Api.EMR.FemaleHistoryController|Controller Name: FemaleHistory,Action: GET,Method: LoadSpecificFemaleHistory,User: admin,UnitID:2
2023-11-08 11:09:23.7368|INFO|PIVF.Web.Api.EMR.FemaleHistoryController|Controller Name: FemaleHistory,Action: GET,Method: LoadSpecificFemaleHistory,User: admin,UnitID:2
2023-11-08 11:15:25.4336|INFO|PIVF.Web.Api.Master.Configuration.UserAPIController|Controller Name:UserAPI,Action:HttpGet,Method:GetGrandParentList,User:admin,UnitID:2
2023-11-08 11:15:25.4336|INFO|PIVF.Web.Api.Master.Configuration.UserAPIController|Controller Name:UserAPI,Action:HttpGet,Method:GetGrandParentList,User:admin,UnitID:2
2023-11-08 11:15:26.3109|INFO|PIVF.Web.Api.Master.Configuration.UserAPIController|Controller Name:UserAPI,Action:HttpGet,Method:GetParentList,User:admin,UnitID:2
2023-11-08 11:15:26.3109|INFO|PIVF.Web.Api.Master.Configuration.UserAPIController|Controller Name:UserAPI,Action:HttpGet,Method:GetParentList,User:admin,UnitID:2
2023-11-08 11:15:26.3528|INFO|PIVF.Web.Api.Master.Configuration.UserAPIController|Controller Name:UserAPI,Action:HttpGet,Method:GetParentList,User:admin,UnitID:2
2023-11-08 11:15:26.3528|INFO|PIVF.Web.Api.Master.Configuration.UserAPIController|Controller Name:UserAPI,Action:HttpGet,Method:GetParentList,User:admin,UnitID:2
2023-11-08 11:15:26.4683|INFO|PIVF.Web.Api.Master.Configuration.UserAPIController|Controller Name:UserAPI,Action:HttpGet,Method:GetUserRoleRights,User:admin,UnitID:2
2023-11-08 11:15:26.4683|INFO|PIVF.Web.Api.Master.Configuration.UserAPIController|Controller Name:UserAPI,Action:HttpGet,Method:GetUserRoleRights,User:admin,UnitID:2
2023-11-08 11:15:27.0332|INFO|PIVF.Web.Api.QueueMgt.QueueMgtController|Controller Name:QueueMgt,Action:HttpPost,Method:GetQueueList,User:admin,UnitID:2
2023-11-08 11:15:27.0332|INFO|PIVF.Web.Api.QueueMgt.QueueMgtController|Controller Name:QueueMgt,Action:HttpPost,Method:GetQueueList,User:admin,UnitID:2
2023-11-08 11:15:27.5548|INFO|PIVF.Web.Api.Master.Common.CommonController|1_Controller Name:CommonController,Action:HttpGet,Method:GetDoctorsList,User:admin,UnitID:2
2023-11-08 11:15:27.5548|INFO|PIVF.Web.Api.Master.Common.CommonController|1_Controller Name:CommonController,Action:HttpGet,Method:GetDoctorsList,User:admin,UnitID:2
2023-11-08 11:15:28.0565|INFO|PIVF.Web.Api.Master.Common.CommonController|1_Controller Name:CommonController,Action:HttpGet,Method:GetSpeclRegTypeList,User:admin,UnitID:2
2023-11-08 11:15:28.0565|INFO|PIVF.Web.Api.Master.Common.CommonController|1_Controller Name:CommonController,Action:HttpGet,Method:GetSpeclRegTypeList,User:admin,UnitID:2
2023-11-08 11:15:28.5592|INFO|PIVF.Web.Api.Master.Common.CommonController|1_Controller Name:CommonController,Action:HttpGet,Method:GetDepartmentList,User:admin,UnitID:2
2023-11-08 11:15:28.5592|INFO|PIVF.Web.Api.Master.Common.CommonController|1_Controller Name:CommonController,Action:HttpGet,Method:GetDepartmentList,User:admin,UnitID:2
2023-11-08 11:15:34.5091|INFO|PIVF.Web.Api.Master.Common.CommonController|Controller Name:Common,Action:GET,Method:GetActiveVisitByPatient,User:admin,UnitID:2
2023-11-08 11:15:34.5091|INFO|PIVF.Web.Api.Master.Common.CommonController|Controller Name:Common,Action:GET,Method:GetActiveVisitByPatient,User:admin,UnitID:2
2023-11-08 11:15:35.0715|INFO|PIVF.Web.Api.Master.Common.CommonController|Controller Name:Common,Action:GET,Method:GetActiveVisitByPatient,User:admin,UnitID:2
2023-11-08 11:15:35.0715|INFO|PIVF.Web.Api.Master.Common.CommonController|Controller Name:Common,Action:GET,Method:GetActiveVisitByPatient,User:admin,UnitID:2
2023-11-08 11:15:35.8165|INFO|PIVF.Web.Api.EMR.LandingPage.EMRLandingPageAPIController|Controller Name:EMRLandingPageAPI,Action:GET,Method:GetEMRLandingPageData,User:admin,UnitID:2
2023-11-08 11:15:35.8165|INFO|PIVF.Web.Api.EMR.LandingPage.EMRLandingPageAPIController|Controller Name:EMRLandingPageAPI,Action:GET,Method:GetEMRLandingPageData,User:admin,UnitID:2
2023-11-08 11:15:36.7875|INFO|PIVF.Web.Api.Master.Common.CommonController|Controller Name:Common,Action:POST,Method:PutSelectedvisitByPatient,User:admin,UnitID:2
2023-11-08 11:15:36.7875|INFO|PIVF.Web.Api.Master.Common.CommonController|Controller Name:Common,Action:POST,Method:PutSelectedvisitByPatient,User:admin,UnitID:2
2023-11-08 11:15:40.5135|INFO|PIVF.Web.Api.Master.Common.CommonController|Controller Name:Common,Action:GET,Method:GetActiveVisitByPatient,User:admin,UnitID:2
2023-11-08 11:15:40.5135|INFO|PIVF.Web.Api.Master.Common.CommonController|Controller Name:Common,Action:GET,Method:GetActiveVisitByPatient,User:admin,UnitID:2
2023-11-08 11:15:47.4031|INFO|PIVF.Web.Api.EMR.FemaleHistoryController|Controller Name: FemaleHistory,Action: GET,Method: LoadSpecificFemaleHistory,User: admin,UnitID:2
2023-11-08 11:15:47.4031|INFO|PIVF.Web.Api.EMR.FemaleHistoryController|Controller Name: FemaleHistory,Action: GET,Method: LoadSpecificFemaleHistory,User: admin,UnitID:2
2023-11-08 11:18:48.4318|INFO|PIVF.Web.Api.Master.Configuration.UserAPIController|Controller Name:UserAPI,Action:HttpGet,Method:GetGrandParentList,User:admin,UnitID:2
2023-11-08 11:18:48.4318|INFO|PIVF.Web.Api.Master.Configuration.UserAPIController|Controller Name:UserAPI,Action:HttpGet,Method:GetGrandParentList,User:admin,UnitID:2
2023-11-08 11:18:50.2078|INFO|PIVF.Web.Api.Master.Configuration.UserAPIController|Controller Name:UserAPI,Action:HttpGet,Method:GetParentList,User:admin,UnitID:2
2023-11-08 11:18:50.2078|INFO|PIVF.Web.Api.Master.Configuration.UserAPIController|Controller Name:UserAPI,Action:HttpGet,Method:GetParentList,User:admin,UnitID:2
2023-11-08 11:18:50.3095|INFO|PIVF.Web.Api.Master.Configuration.UserAPIController|Controller Name:UserAPI,Action:HttpGet,Method:GetParentList,User:admin,UnitID:2
2023-11-08 11:18:50.3095|INFO|PIVF.Web.Api.Master.Configuration.UserAPIController|Controller Name:UserAPI,Action:HttpGet,Method:GetParentList,User:admin,UnitID:2
2023-11-08 11:18:50.4781|INFO|PIVF.Web.Api.Master.Configuration.UserAPIController|Controller Name:UserAPI,Action:HttpGet,Method:GetUserRoleRights,User:admin,UnitID:2
2023-11-08 11:18:50.4781|INFO|PIVF.Web.Api.Master.Configuration.UserAPIController|Controller Name:UserAPI,Action:HttpGet,Method:GetUserRoleRights,User:admin,UnitID:2
2023-11-08 11:18:51.0310|INFO|PIVF.Web.Api.Master.Common.CommonController|1_Controller Name:CommonController,Action:HttpGet,Method:GetDoctorsList,User:admin,UnitID:2
2023-11-08 11:18:51.0310|INFO|PIVF.Web.Api.Master.Common.CommonController|1_Controller Name:CommonController,Action:HttpGet,Method:GetDoctorsList,User:admin,UnitID:2
2023-11-08 11:18:51.0490|INFO|PIVF.Web.Api.QueueMgt.QueueMgtController|Controller Name:QueueMgt,Action:HttpPost,Method:GetQueueList,User:admin,UnitID:2
2023-11-08 11:18:51.0490|INFO|PIVF.Web.Api.QueueMgt.QueueMgtController|Controller Name:QueueMgt,Action:HttpPost,Method:GetQueueList,User:admin,UnitID:2
2023-11-08 11:18:51.5582|INFO|PIVF.Web.Api.Master.Common.CommonController|1_Controller Name:CommonController,Action:HttpGet,Method:GetSpeclRegTypeList,User:admin,UnitID:2
2023-11-08 11:18:51.5582|INFO|PIVF.Web.Api.Master.Common.CommonController|1_Controller Name:CommonController,Action:HttpGet,Method:GetSpeclRegTypeList,User:admin,UnitID:2
2023-11-08 11:18:52.0574|INFO|PIVF.Web.Api.Master.Common.CommonController|1_Controller Name:CommonController,Action:HttpGet,Method:GetDepartmentList,User:admin,UnitID:2
2023-11-08 11:18:52.0574|INFO|PIVF.Web.Api.Master.Common.CommonController|1_Controller Name:CommonController,Action:HttpGet,Method:GetDepartmentList,User:admin,UnitID:2
2023-11-08 11:18:57.7067|INFO|PIVF.Web.Api.Master.Common.CommonController|Controller Name:Common,Action:GET,Method:GetActiveVisitByPatient,User:admin,UnitID:2
2023-11-08 11:18:57.7067|INFO|PIVF.Web.Api.Master.Common.CommonController|Controller Name:Common,Action:GET,Method:GetActiveVisitByPatient,User:admin,UnitID:2
2023-11-08 11:18:58.3806|INFO|PIVF.Web.Api.Master.Common.CommonController|Controller Name:Common,Action:GET,Method:GetActiveVisitByPatient,User:admin,UnitID:2
2023-11-08 11:18:58.3806|INFO|PIVF.Web.Api.Master.Common.CommonController|Controller Name:Common,Action:GET,Method:GetActiveVisitByPatient,User:admin,UnitID:2
2023-11-08 11:18:59.2282|INFO|PIVF.Web.Api.EMR.LandingPage.EMRLandingPageAPIController|Controller Name:EMRLandingPageAPI,Action:GET,Method:GetEMRLandingPageData,User:admin,UnitID:2
2023-11-08 11:18:59.2282|INFO|PIVF.Web.Api.EMR.LandingPage.EMRLandingPageAPIController|Controller Name:EMRLandingPageAPI,Action:GET,Method:GetEMRLandingPageData,User:admin,UnitID:2
2023-11-08 11:19:00.7308|INFO|PIVF.Web.Api.Master.Common.CommonController|Controller Name:Common,Action:POST,Method:PutSelectedvisitByPatient,User:admin,UnitID:2
2023-11-08 11:19:00.7308|INFO|PIVF.Web.Api.Master.Common.CommonController|Controller Name:Common,Action:POST,Method:PutSelectedvisitByPatient,User:admin,UnitID:2
2023-11-08 11:19:03.4166|INFO|PIVF.Web.Api.Master.Common.CommonController|Controller Name:Common,Action:GET,Method:GetActiveVisitByPatient,User:admin,UnitID:2
2023-11-08 11:19:03.4166|INFO|PIVF.Web.Api.Master.Common.CommonController|Controller Name:Common,Action:GET,Method:GetActiveVisitByPatient,User:admin,UnitID:2
2023-11-08 11:19:11.0113|INFO|PIVF.Web.Api.EMR.FemaleHistoryController|Controller Name: FemaleHistory,Action: GET,Method: LoadSpecificFemaleHistory,User: admin,UnitID:2
2023-11-08 11:19:11.0113|INFO|PIVF.Web.Api.EMR.FemaleHistoryController|Controller Name: FemaleHistory,Action: GET,Method: LoadSpecificFemaleHistory,User: admin,UnitID:2
2023-11-08 11:19:53.1466|INFO|PIVF.Web.Api.EMR.FemaleHistoryController|Controller Name: FemaleHistory,Action: POST,Method: InsertFemaleHistory,User: admin,UnitID:2
2023-11-08 11:19:53.1466|INFO|PIVF.Web.Api.EMR.FemaleHistoryController|Controller Name: FemaleHistory,Action: POST,Method: InsertFemaleHistory,User: admin,UnitID:2
2023-11-08 11:19:57.4800|INFO|PIVF.Web.Api.EMR.FemaleHistoryController|Controller Name: FemaleHistory,Action: GET,Method: LoadSpecificFemaleHistory,User: admin,UnitID:2
2023-11-08 11:19:57.4800|INFO|PIVF.Web.Api.EMR.FemaleHistoryController|Controller Name: FemaleHistory,Action: GET,Method: LoadSpecificFemaleHistory,User: admin,UnitID:2
2023-11-08 11:26:04.4140|INFO|PIVF.Web.Api.EMR.FemaleHistory.FollicularScanController|Controller Name:FollicularScan,Action:GET,Method:LoadPreviousFollicularScanData,User:admin,UnitID:2
2023-11-08 11:26:04.4140|INFO|PIVF.Web.Api.EMR.FemaleHistory.FollicularScanController|Controller Name:FollicularScan,Action:GET,Method:LoadPreviousFollicularScanData,User:admin,UnitID:2
2023-11-08 11:26:05.4423|INFO|PIVF.Web.Api.EMR.FemaleHistory.FollicularScanController|Controller Name:FollicularScan,Action:GET,Method:LoadCycleCodeList,User:admin,UnitID:2
2023-11-08 11:26:05.4423|INFO|PIVF.Web.Api.EMR.FemaleHistory.FollicularScanController|Controller Name:FollicularScan,Action:GET,Method:LoadCycleCodeList,User:admin,UnitID:2
2023-11-08 11:26:59.8728|INFO|PIVF.Web.Api.New_ART.NewARTController|Controller Name:NewART,Action:GET,Method:GetARTCycleList,User:admin,UnitID:2
2023-11-08 11:26:59.8728|INFO|PIVF.Web.Api.New_ART.NewARTController|Controller Name:NewART,Action:GET,Method:GetARTCycleList,User:admin,UnitID:2
2023-11-08 11:27:00.3754|INFO|PIVF.Web.Api.New_ART.NewARTController|Controller Name:NewART,Action:GET,Method:newCyclebtnFlag,User:admin,UnitID:2
2023-11-08 11:27:00.3754|INFO|PIVF.Web.Api.New_ART.NewARTController|Controller Name:NewART,Action:GET,Method:newCyclebtnFlag,User:admin,UnitID:2
2023-11-08 11:59:20.8811|INFO|PIVF.Web.Api.EMR.FemaleHistory.FemaleComplaintsController|Controller Name:FemaleComplaints,Action:GET,Method:PreviousFollowUpNotes,User:admin,UnitID:2
2023-11-08 11:59:20.8811|INFO|PIVF.Web.Api.EMR.FemaleHistory.FemaleComplaintsController|Controller Name:FemaleComplaints,Action:GET,Method:PreviousFollowUpNotes,User:admin,UnitID:2
2023-11-08 11:59:20.9449|INFO|PIVF.Web.Api.EMR.FemaleHistory.FemaleComplaintsController|Controller Name:FemaleComplaints,Action:GET,Method:GetLatestLMP,User:admin,UnitID:2
2023-11-08 11:59:20.9449|INFO|PIVF.Web.Api.EMR.FemaleHistory.FemaleComplaintsController|Controller Name:FemaleComplaints,Action:GET,Method:GetLatestLMP,User:admin,UnitID:2
2023-11-08 11:59:21.4659|INFO|PIVF.Web.Api.EMR.FemaleHistory.FemaleComplaintsController|Controller Name: FemaleComplaints,Action: GET,Method: LoadSpecificFemaleComplaints,User: admin,UnitID:2
2023-11-08 11:59:21.4659|INFO|PIVF.Web.Api.EMR.FemaleHistory.FemaleComplaintsController|Controller Name: FemaleComplaints,Action: GET,Method: LoadSpecificFemaleComplaints,User: admin,UnitID:2
2023-11-08 16:09:36.1184|INFO|PIVF.Web.Api.Master.Configuration.UserAPIController|Controller Name:UserAPI,Action:HttpGet,Method:GetUserRoleRights,User:admin,UnitID:2
2023-11-08 16:09:36.1184|INFO|PIVF.Web.Api.Master.Configuration.UserAPIController|Controller Name:UserAPI,Action:HttpGet,Method:GetUserRoleRights,User:admin,UnitID:2
2023-11-08 16:09:37.6720|INFO|PIVF.Web.Api.Master.Configuration.UserAPIController|Controller Name:UserAPI,Action:HttpGet,Method:GetParentList,User:admin,UnitID:2
2023-11-08 16:09:37.6720|INFO|PIVF.Web.Api.Master.Configuration.UserAPIController|Controller Name:UserAPI,Action:HttpGet,Method:GetParentList,User:admin,UnitID:2
2023-11-08 16:09:38.7865|INFO|PIVF.Web.Api.Master.Common.CommonController|1_Controller Name:CommonController,Action:HttpGet,Method:GetDepartmentList,User:admin,UnitID:2
2023-11-08 16:09:38.7865|INFO|PIVF.Web.Api.Master.Common.CommonController|1_Controller Name:CommonController,Action:HttpGet,Method:GetDepartmentList,User:admin,UnitID:2
2023-11-08 16:09:39.1332|INFO|PIVF.Web.Api.Master.Common.CommonController|1_Controller Name:CommonController,Action:HttpGet,Method:GetSpeclRegTypeList,User:admin,UnitID:2
2023-11-08 16:09:39.1332|INFO|PIVF.Web.Api.Master.Common.CommonController|1_Controller Name:CommonController,Action:HttpGet,Method:GetSpeclRegTypeList,User:admin,UnitID:2
2023-11-08 16:09:39.4601|INFO|PIVF.Web.Api.Master.Common.CommonController|1_Controller Name:CommonController,Action:HttpGet,Method:GetDoctorsList,User:admin,UnitID:2
2023-11-08 16:09:39.4601|INFO|PIVF.Web.Api.Master.Common.CommonController|1_Controller Name:CommonController,Action:HttpGet,Method:GetDoctorsList,User:admin,UnitID:2
2023-11-08 16:09:39.8189|INFO|PIVF.Web.Api.Master.Configuration.UserAPIController|Controller Name:UserAPI,Action:HttpGet,Method:GetGrandParentList,User:admin,UnitID:2
2023-11-08 16:09:39.8189|INFO|PIVF.Web.Api.Master.Configuration.UserAPIController|Controller Name:UserAPI,Action:HttpGet,Method:GetGrandParentList,User:admin,UnitID:2
2023-11-08 16:09:40.0151|INFO|PIVF.Web.Api.Master.Configuration.UserAPIController|Controller Name:UserAPI,Action:HttpGet,Method:GetParentList,User:admin,UnitID:2
2023-11-08 16:09:40.0151|INFO|PIVF.Web.Api.Master.Configuration.UserAPIController|Controller Name:UserAPI,Action:HttpGet,Method:GetParentList,User:admin,UnitID:2
2023-11-08 16:09:40.3529|INFO|PIVF.Web.Api.QueueMgt.QueueMgtController|Controller Name:QueueMgt,Action:HttpPost,Method:GetQueueList,User:admin,UnitID:2
2023-11-08 16:09:40.3529|INFO|PIVF.Web.Api.QueueMgt.QueueMgtController|Controller Name:QueueMgt,Action:HttpPost,Method:GetQueueList,User:admin,UnitID:2
2023-11-08 16:10:13.2204|INFO|PIVF.Web.Api.Clinic.DoctorAppointmentsController|Controller Name:DoctorAppointmentsController,Action:HttpGet,Method:GetCityAndClinicNames,User:admin,UnitID2
2023-11-08 16:10:13.2204|INFO|PIVF.Web.Api.Clinic.DoctorAppointmentsController|Controller Name:DoctorAppointmentsController,Action:HttpGet,Method:GetCityAndClinicNames,User:admin,UnitID2
2023-11-08 16:10:13.5256|INFO|PIVF.Web.Api.Clinic.DoctorAppointmentsController|Controller Name:DoctorAppointmentsController,Action:HttpGet,Method:GetPatientVisitList,User:admin,UnitID2
2023-11-08 16:10:13.5256|INFO|PIVF.Web.Api.Clinic.DoctorAppointmentsController|Controller Name:DoctorAppointmentsController,Action:HttpGet,Method:GetPatientVisitList,User:admin,UnitID2
2023-11-08 16:10:13.9872|INFO|PIVF.Web.Api.Master.Clinic.DoctorController|Controller Name:Doctor,Action:GET,Method:GetDepartmentListForDoc,User:admin,UnitID:2
2023-11-08 16:10:13.9872|INFO|PIVF.Web.Api.Master.Clinic.DoctorController|Controller Name:Doctor,Action:GET,Method:GetDepartmentListForDoc,User:admin,UnitID:2
2023-11-08 16:10:14.1647|INFO|PIVF.Web.Api.Clinic.DoctorAppointmentsController|Controller Name:DoctorAppointmentsController,Action:HttpGet,Method:GetDoctorAppointment,User:admin,UnitID2
2023-11-08 16:10:14.1647|INFO|PIVF.Web.Api.Clinic.DoctorAppointmentsController|Controller Name:DoctorAppointmentsController,Action:HttpGet,Method:GetDoctorAppointment,User:admin,UnitID2
2023-11-08 16:10:19.9202|INFO|PIVF.Web.Api.Master.Common.CommonController|Controller Name:Common,Action:GET,Method:GetActiveVisitByPatient,User:admin,UnitID:2
2023-11-08 16:10:19.9202|INFO|PIVF.Web.Api.Master.Common.CommonController|Controller Name:Common,Action:GET,Method:GetActiveVisitByPatient,User:admin,UnitID:2
2023-11-08 16:10:19.9656|INFO|PIVF.Web.Api.Master.Common.CommonController|Controller Name:Common,Action:GET,Method:GetActiveVisitByPatient,User:admin,UnitID:2
2023-11-08 16:10:19.9656|INFO|PIVF.Web.Api.Master.Common.CommonController|Controller Name:Common,Action:GET,Method:GetActiveVisitByPatient,User:admin,UnitID:2
2023-11-08 16:10:21.7097|INFO|PIVF.Web.Api.EMR.LandingPage.EMRLandingPageAPIController|Controller Name:EMRLandingPageAPI,Action:GET,Method:GetEMRLandingPageData,User:admin,UnitID:2
2023-11-08 16:10:21.7097|INFO|PIVF.Web.Api.EMR.LandingPage.EMRLandingPageAPIController|Controller Name:EMRLandingPageAPI,Action:GET,Method:GetEMRLandingPageData,User:admin,UnitID:2
2023-11-08 16:10:22.7243|INFO|PIVF.Web.Api.Master.Common.CommonController|Controller Name:Common,Action:POST,Method:PutSelectedvisitByPatient,User:admin,UnitID:2
2023-11-08 16:10:22.7243|INFO|PIVF.Web.Api.Master.Common.CommonController|Controller Name:Common,Action:POST,Method:PutSelectedvisitByPatient,User:admin,UnitID:2
2023-11-08 16:48:15.7828|INFO|PIVF.Web.Api.Master.Configuration.UserAPIController|Controller Name:UserAPI,Action:HttpGet,Method:GetUserRoleRights,User:admin,UnitID:2
2023-11-08 16:48:15.7828|INFO|PIVF.Web.Api.Master.Configuration.UserAPIController|Controller Name:UserAPI,Action:HttpGet,Method:GetUserRoleRights,User:admin,UnitID:2
2023-11-08 16:48:15.9872|INFO|PIVF.Web.Api.Master.Configuration.UserAPIController|Controller Name:UserAPI,Action:HttpGet,Method:GetParentList,User:admin,UnitID:2
2023-11-08 16:48:15.9872|INFO|PIVF.Web.Api.Master.Configuration.UserAPIController|Controller Name:UserAPI,Action:HttpGet,Method:GetParentList,User:admin,UnitID:2
2023-11-08 16:48:16.0550|INFO|PIVF.Web.Api.Master.Configuration.UserAPIController|Controller Name:UserAPI,Action:HttpGet,Method:GetParentList,User:admin,UnitID:2
2023-11-08 16:48:16.0550|INFO|PIVF.Web.Api.Master.Configuration.UserAPIController|Controller Name:UserAPI,Action:HttpGet,Method:GetParentList,User:admin,UnitID:2
2023-11-08 16:48:16.2721|INFO|PIVF.Web.Api.Master.Configuration.UserAPIController|Controller Name:UserAPI,Action:HttpGet,Method:GetGrandParentList,User:admin,UnitID:2
2023-11-08 16:48:16.2721|INFO|PIVF.Web.Api.Master.Configuration.UserAPIController|Controller Name:UserAPI,Action:HttpGet,Method:GetGrandParentList,User:admin,UnitID:2
2023-11-08 16:48:17.4597|INFO|PIVF.Web.Api.QueueMgt.QueueMgtController|Controller Name:QueueMgt,Action:HttpPost,Method:GetQueueList,User:admin,UnitID:2
2023-11-08 16:48:17.4597|INFO|PIVF.Web.Api.QueueMgt.QueueMgtController|Controller Name:QueueMgt,Action:HttpPost,Method:GetQueueList,User:admin,UnitID:2
2023-11-08 16:48:17.9526|INFO|PIVF.Web.Api.Master.Common.CommonController|1_Controller Name:CommonController,Action:HttpGet,Method:GetDepartmentList,User:admin,UnitID:2
2023-11-08 16:48:17.9526|INFO|PIVF.Web.Api.Master.Common.CommonController|1_Controller Name:CommonController,Action:HttpGet,Method:GetDepartmentList,User:admin,UnitID:2
2023-11-08 16:48:18.4593|INFO|PIVF.Web.Api.Master.Common.CommonController|1_Controller Name:CommonController,Action:HttpGet,Method:GetDoctorsList,User:admin,UnitID:2
2023-11-08 16:48:18.4593|INFO|PIVF.Web.Api.Master.Common.CommonController|1_Controller Name:CommonController,Action:HttpGet,Method:GetDoctorsList,User:admin,UnitID:2
2023-11-08 16:48:19.0052|INFO|PIVF.Web.Api.Master.Common.CommonController|1_Controller Name:CommonController,Action:HttpGet,Method:GetSpeclRegTypeList,User:admin,UnitID:2
2023-11-08 16:48:19.0052|INFO|PIVF.Web.Api.Master.Common.CommonController|1_Controller Name:CommonController,Action:HttpGet,Method:GetSpeclRegTypeList,User:admin,UnitID:2
2023-11-08 16:48:23.1934|INFO|PIVF.Web.Api.Master.Common.CommonController|Controller Name:Common,Action:GET,Method:GetActiveVisitByPatient,User:admin,UnitID:2
2023-11-08 16:48:23.1934|INFO|PIVF.Web.Api.Master.Common.CommonController|Controller Name:Common,Action:GET,Method:GetActiveVisitByPatient,User:admin,UnitID:2
2023-11-08 16:48:23.2536|INFO|PIVF.Web.Api.Master.Common.CommonController|Controller Name:Common,Action:GET,Method:GetActiveVisitByPatient,User:admin,UnitID:2
2023-11-08 16:48:23.2536|INFO|PIVF.Web.Api.Master.Common.CommonController|Controller Name:Common,Action:GET,Method:GetActiveVisitByPatient,User:admin,UnitID:2
2023-11-08 16:48:23.4475|INFO|PIVF.Web.Api.EMR.LandingPage.EMRLandingPageAPIController|Controller Name:EMRLandingPageAPI,Action:GET,Method:GetEMRLandingPageData,User:admin,UnitID:2
2023-11-08 16:48:23.4475|INFO|PIVF.Web.Api.EMR.LandingPage.EMRLandingPageAPIController|Controller Name:EMRLandingPageAPI,Action:GET,Method:GetEMRLandingPageData,User:admin,UnitID:2
2023-11-08 16:48:26.7006|INFO|PIVF.Web.Api.Master.Common.CommonController|Controller Name:Common,Action:POST,Method:PutSelectedvisitByPatient,User:admin,UnitID:2
2023-11-08 16:48:26.7006|INFO|PIVF.Web.Api.Master.Common.CommonController|Controller Name:Common,Action:POST,Method:PutSelectedvisitByPatient,User:admin,UnitID:2
2023-11-08 16:52:53.9274|INFO|PIVF.Web.Api.Master.Configuration.UserAPIController|Controller Name:UserAPI,Action:HttpGet,Method:GetUserRoleRights,User:admin,UnitID:2
2023-11-08 16:52:53.9274|INFO|PIVF.Web.Api.Master.Configuration.UserAPIController|Controller Name:UserAPI,Action:HttpGet,Method:GetUserRoleRights,User:admin,UnitID:2
2023-11-08 16:52:55.9745|INFO|PIVF.Web.Api.Master.Configuration.UserAPIController|Controller Name:UserAPI,Action:HttpGet,Method:GetGrandParentList,User:admin,UnitID:2
2023-11-08 16:52:55.9745|INFO|PIVF.Web.Api.Master.Configuration.UserAPIController|Controller Name:UserAPI,Action:HttpGet,Method:GetGrandParentList,User:admin,UnitID:2
2023-11-08 16:52:56.2366|INFO|PIVF.Web.Api.Master.Configuration.UserAPIController|Controller Name:UserAPI,Action:HttpGet,Method:GetParentList,User:admin,UnitID:2
2023-11-08 16:52:56.2366|INFO|PIVF.Web.Api.Master.Configuration.UserAPIController|Controller Name:UserAPI,Action:HttpGet,Method:GetParentList,User:admin,UnitID:2
2023-11-08 16:52:56.2767|INFO|PIVF.Web.Api.Master.Configuration.UserAPIController|Controller Name:UserAPI,Action:HttpGet,Method:GetParentList,User:admin,UnitID:2
2023-11-08 16:52:56.2767|INFO|PIVF.Web.Api.Master.Configuration.UserAPIController|Controller Name:UserAPI,Action:HttpGet,Method:GetParentList,User:admin,UnitID:2
2023-11-08 16:52:56.7080|INFO|PIVF.Web.Api.QueueMgt.QueueMgtController|Controller Name:QueueMgt,Action:HttpPost,Method:GetQueueList,User:admin,UnitID:2
2023-11-08 16:52:56.7080|INFO|PIVF.Web.Api.QueueMgt.QueueMgtController|Controller Name:QueueMgt,Action:HttpPost,Method:GetQueueList,User:admin,UnitID:2
2023-11-08 16:52:57.2158|INFO|PIVF.Web.Api.Master.Common.CommonController|1_Controller Name:CommonController,Action:HttpGet,Method:GetDepartmentList,User:admin,UnitID:2
2023-11-08 16:52:57.2158|INFO|PIVF.Web.Api.Master.Common.CommonController|1_Controller Name:CommonController,Action:HttpGet,Method:GetDepartmentList,User:admin,UnitID:2
2023-11-08 16:52:57.8413|INFO|PIVF.Web.Api.Master.Common.CommonController|1_Controller Name:CommonController,Action:HttpGet,Method:GetSpeclRegTypeList,User:admin,UnitID:2
2023-11-08 16:52:57.8413|INFO|PIVF.Web.Api.Master.Common.CommonController|1_Controller Name:CommonController,Action:HttpGet,Method:GetSpeclRegTypeList,User:admin,UnitID:2
2023-11-08 16:52:58.3205|INFO|PIVF.Web.Api.Master.Common.CommonController|1_Controller Name:CommonController,Action:HttpGet,Method:GetDoctorsList,User:admin,UnitID:2
2023-11-08 16:52:58.3205|INFO|PIVF.Web.Api.Master.Common.CommonController|1_Controller Name:CommonController,Action:HttpGet,Method:GetDoctorsList,User:admin,UnitID:2
2023-11-08 17:02:58.3812|INFO|PIVF.Web.Api.Master.Configuration.UserAPIController|Controller Name:UserAPI,Action:HttpGet,Method:GetUserRoleRights,User:admin,UnitID:2
2023-11-08 17:02:58.3812|INFO|PIVF.Web.Api.Master.Configuration.UserAPIController|Controller Name:UserAPI,Action:HttpGet,Method:GetUserRoleRights,User:admin,UnitID:2
2023-11-08 17:02:59.0803|INFO|PIVF.Web.Api.Master.Common.CommonController|1_Controller Name:CommonController,Action:HttpGet,Method:GetDoctorsList,User:admin,UnitID:2
2023-11-08 17:02:59.0803|INFO|PIVF.Web.Api.Master.Common.CommonController|1_Controller Name:CommonController,Action:HttpGet,Method:GetDoctorsList,User:admin,UnitID:2
2023-11-08 17:02:59.2619|INFO|PIVF.Web.Api.Master.Common.CommonController|1_Controller Name:CommonController,Action:HttpGet,Method:GetDepartmentList,User:admin,UnitID:2
2023-11-08 17:02:59.2619|INFO|PIVF.Web.Api.Master.Common.CommonController|1_Controller Name:CommonController,Action:HttpGet,Method:GetDepartmentList,User:admin,UnitID:2
2023-11-08 17:03:00.0602|INFO|PIVF.Web.Api.Master.Configuration.UserAPIController|Controller Name:UserAPI,Action:HttpGet,Method:GetParentList,User:admin,UnitID:2
2023-11-08 17:03:00.0602|INFO|PIVF.Web.Api.Master.Configuration.UserAPIController|Controller Name:UserAPI,Action:HttpGet,Method:GetParentList,User:admin,UnitID:2
2023-11-08 17:03:00.0921|INFO|PIVF.Web.Api.Master.Configuration.UserAPIController|Controller Name:UserAPI,Action:HttpGet,Method:GetParentList,User:admin,UnitID:2
2023-11-08 17:03:00.0921|INFO|PIVF.Web.Api.Master.Configuration.UserAPIController|Controller Name:UserAPI,Action:HttpGet,Method:GetParentList,User:admin,UnitID:2
2023-11-08 17:03:00.1385|INFO|PIVF.Web.Api.Master.Common.CommonController|1_Controller Name:CommonController,Action:HttpGet,Method:GetSpeclRegTypeList,User:admin,UnitID:2
2023-11-08 17:03:00.1385|INFO|PIVF.Web.Api.Master.Common.CommonController|1_Controller Name:CommonController,Action:HttpGet,Method:GetSpeclRegTypeList,User:admin,UnitID:2
2023-11-08 17:03:00.4831|INFO|PIVF.Web.Api.Master.Configuration.UserAPIController|Controller Name:UserAPI,Action:HttpGet,Method:GetGrandParentList,User:admin,UnitID:2
2023-11-08 17:03:00.4831|INFO|PIVF.Web.Api.Master.Configuration.UserAPIController|Controller Name:UserAPI,Action:HttpGet,Method:GetGrandParentList,User:admin,UnitID:2
2023-11-08 17:03:00.6465|INFO|PIVF.Web.Api.QueueMgt.QueueMgtController|Controller Name:QueueMgt,Action:HttpPost,Method:GetQueueList,User:admin,UnitID:2
2023-11-08 17:03:00.6465|INFO|PIVF.Web.Api.QueueMgt.QueueMgtController|Controller Name:QueueMgt,Action:HttpPost,Method:GetQueueList,User:admin,UnitID:2
2023-11-08 17:03:11.4311|INFO|PIVF.Web.Api.EMR.LandingPage.EMRLandingPageAPIController|Controller Name:EMRLandingPageAPI,Action:GET,Method:GetEMRLandingPageData,User:admin,UnitID:2
2023-11-08 17:03:11.4311|INFO|PIVF.Web.Api.EMR.LandingPage.EMRLandingPageAPIController|Controller Name:EMRLandingPageAPI,Action:GET,Method:GetEMRLandingPageData,User:admin,UnitID:2
2023-11-08 17:06:36.3715|INFO|PIVF.Web.Api.Master.Configuration.UserAPIController|Controller Name:UserAPI,Action:HttpGet,Method:GetUserRoleRights,User:admin,UnitID:2
2023-11-08 17:06:36.3715|INFO|PIVF.Web.Api.Master.Configuration.UserAPIController|Controller Name:UserAPI,Action:HttpGet,Method:GetUserRoleRights,User:admin,UnitID:2
2023-11-08 17:06:37.4077|INFO|PIVF.Web.Api.Master.Configuration.UserAPIController|Controller Name:UserAPI,Action:HttpGet,Method:GetGrandParentList,User:admin,UnitID:2
2023-11-08 17:06:37.4077|INFO|PIVF.Web.Api.Master.Configuration.UserAPIController|Controller Name:UserAPI,Action:HttpGet,Method:GetGrandParentList,User:admin,UnitID:2
2023-11-08 17:06:37.5353|INFO|PIVF.Web.Api.Master.Common.CommonController|1_Controller Name:CommonController,Action:HttpGet,Method:GetSpeclRegTypeList,User:admin,UnitID:2
2023-11-08 17:06:37.5353|INFO|PIVF.Web.Api.Master.Common.CommonController|1_Controller Name:CommonController,Action:HttpGet,Method:GetSpeclRegTypeList,User:admin,UnitID:2
2023-11-08 17:06:37.6600|INFO|PIVF.Web.Api.Master.Configuration.UserAPIController|Controller Name:UserAPI,Action:HttpGet,Method:GetParentList,User:admin,UnitID:2
2023-11-08 17:06:37.6600|INFO|PIVF.Web.Api.Master.Configuration.UserAPIController|Controller Name:UserAPI,Action:HttpGet,Method:GetParentList,User:admin,UnitID:2
2023-11-08 17:06:37.6879|INFO|PIVF.Web.Api.Master.Configuration.UserAPIController|Controller Name:UserAPI,Action:HttpGet,Method:GetParentList,User:admin,UnitID:2
2023-11-08 17:06:37.6879|INFO|PIVF.Web.Api.Master.Configuration.UserAPIController|Controller Name:UserAPI,Action:HttpGet,Method:GetParentList,User:admin,UnitID:2
2023-11-08 17:06:38.0330|INFO|PIVF.Web.Api.Master.Common.CommonController|1_Controller Name:CommonController,Action:HttpGet,Method:GetDepartmentList,User:admin,UnitID:2
2023-11-08 17:06:38.0330|INFO|PIVF.Web.Api.Master.Common.CommonController|1_Controller Name:CommonController,Action:HttpGet,Method:GetDepartmentList,User:admin,UnitID:2
2023-11-08 17:06:38.0510|INFO|PIVF.Web.Api.Master.Common.CommonController|1_Controller Name:CommonController,Action:HttpGet,Method:GetDoctorsList,User:admin,UnitID:2
2023-11-08 17:06:38.0510|INFO|PIVF.Web.Api.Master.Common.CommonController|1_Controller Name:CommonController,Action:HttpGet,Method:GetDoctorsList,User:admin,UnitID:2
2023-11-08 17:06:38.5697|INFO|PIVF.Web.Api.QueueMgt.QueueMgtController|Controller Name:QueueMgt,Action:HttpPost,Method:GetQueueList,User:admin,UnitID:2
2023-11-08 17:06:38.5697|INFO|PIVF.Web.Api.QueueMgt.QueueMgtController|Controller Name:QueueMgt,Action:HttpPost,Method:GetQueueList,User:admin,UnitID:2
2023-11-08 17:06:41.4956|INFO|PIVF.Web.Api.EMR.LandingPage.EMRLandingPageAPIController|Controller Name:EMRLandingPageAPI,Action:GET,Method:GetEMRLandingPageData,User:admin,UnitID:2
2023-11-08 17:06:41.4956|INFO|PIVF.Web.Api.EMR.LandingPage.EMRLandingPageAPIController|Controller Name:EMRLandingPageAPI,Action:GET,Method:GetEMRLandingPageData,User:admin,UnitID:2
2023-11-08 17:13:34.1842|INFO|PIVF.Web.Api.Master.Configuration.UserAPIController|Controller Name:UserAPI,Action:HttpGet,Method:GetGrandParentList,User:admin,UnitID:2
2023-11-08 17:13:34.1842|INFO|PIVF.Web.Api.Master.Configuration.UserAPIController|Controller Name:UserAPI,Action:HttpGet,Method:GetGrandParentList,User:admin,UnitID:2
2023-11-08 17:13:34.4978|INFO|PIVF.Web.Api.Master.Common.CommonController|1_Controller Name:CommonController,Action:HttpGet,Method:GetDepartmentList,User:admin,UnitID:2
2023-11-08 17:13:34.4978|INFO|PIVF.Web.Api.Master.Common.CommonController|1_Controller Name:CommonController,Action:HttpGet,Method:GetDepartmentList,User:admin,UnitID:2
2023-11-08 17:13:34.5707|INFO|PIVF.Web.Api.Master.Common.CommonController|1_Controller Name:CommonController,Action:HttpGet,Method:GetDoctorsList,User:admin,UnitID:2
2023-11-08 17:13:34.5707|INFO|PIVF.Web.Api.Master.Common.CommonController|1_Controller Name:CommonController,Action:HttpGet,Method:GetDoctorsList,User:admin,UnitID:2
2023-11-08 17:13:34.7033|INFO|PIVF.Web.Api.Master.Configuration.UserAPIController|Controller Name:UserAPI,Action:HttpGet,Method:GetUserRoleRights,User:admin,UnitID:2
2023-11-08 17:13:34.7033|INFO|PIVF.Web.Api.Master.Configuration.UserAPIController|Controller Name:UserAPI,Action:HttpGet,Method:GetUserRoleRights,User:admin,UnitID:2
2023-11-08 17:13:35.1255|INFO|PIVF.Web.Api.Master.Common.CommonController|1_Controller Name:CommonController,Action:HttpGet,Method:GetSpeclRegTypeList,User:admin,UnitID:2
2023-11-08 17:13:35.1255|INFO|PIVF.Web.Api.Master.Common.CommonController|1_Controller Name:CommonController,Action:HttpGet,Method:GetSpeclRegTypeList,User:admin,UnitID:2
2023-11-08 17:13:35.1624|INFO|PIVF.Web.Api.QueueMgt.QueueMgtController|Controller Name:QueueMgt,Action:HttpPost,Method:GetQueueList,User:admin,UnitID:2
2023-11-08 17:13:35.1624|INFO|PIVF.Web.Api.QueueMgt.QueueMgtController|Controller Name:QueueMgt,Action:HttpPost,Method:GetQueueList,User:admin,UnitID:2
2023-11-08 17:13:36.9665|INFO|PIVF.Web.Api.Master.Configuration.UserAPIController|Controller Name:UserAPI,Action:HttpGet,Method:GetParentList,User:admin,UnitID:2
2023-11-08 17:13:36.9665|INFO|PIVF.Web.Api.Master.Configuration.UserAPIController|Controller Name:UserAPI,Action:HttpGet,Method:GetParentList,User:admin,UnitID:2
2023-11-08 17:13:37.0004|INFO|PIVF.Web.Api.Master.Configuration.UserAPIController|Controller Name:UserAPI,Action:HttpGet,Method:GetParentList,User:admin,UnitID:2
2023-11-08 17:13:37.0004|INFO|PIVF.Web.Api.Master.Configuration.UserAPIController|Controller Name:UserAPI,Action:HttpGet,Method:GetParentList,User:admin,UnitID:2
2023-11-08 17:13:39.4558|INFO|PIVF.Web.Api.EMR.LandingPage.EMRLandingPageAPIController|Controller Name:EMRLandingPageAPI,Action:GET,Method:GetEMRLandingPageData,User:admin,UnitID:2
2023-11-08 17:13:39.4558|INFO|PIVF.Web.Api.EMR.LandingPage.EMRLandingPageAPIController|Controller Name:EMRLandingPageAPI,Action:GET,Method:GetEMRLandingPageData,User:admin,UnitID:2
2023-11-08 17:16:18.0947|INFO|PIVF.Web.Api.Master.Configuration.UserAPIController|Controller Name:UserAPI,Action:HttpGet,Method:GetGrandParentList,User:admin,UnitID:2
2023-11-08 17:16:18.0947|INFO|PIVF.Web.Api.Master.Configuration.UserAPIController|Controller Name:UserAPI,Action:HttpGet,Method:GetGrandParentList,User:admin,UnitID:2
2023-11-08 17:16:19.7536|INFO|PIVF.Web.Api.Master.Common.CommonController|1_Controller Name:CommonController,Action:HttpGet,Method:GetDepartmentList,User:admin,UnitID:2
2023-11-08 17:16:19.7536|INFO|PIVF.Web.Api.Master.Common.CommonController|1_Controller Name:CommonController,Action:HttpGet,Method:GetDepartmentList,User:admin,UnitID:2
2023-11-08 17:16:21.1925|INFO|PIVF.Web.Api.Master.Common.CommonController|1_Controller Name:CommonController,Action:HttpGet,Method:GetSpeclRegTypeList,User:admin,UnitID:2
2023-11-08 17:16:21.1925|INFO|PIVF.Web.Api.Master.Common.CommonController|1_Controller Name:CommonController,Action:HttpGet,Method:GetSpeclRegTypeList,User:admin,UnitID:2
2023-11-08 17:16:21.5335|INFO|PIVF.Web.Api.QueueMgt.QueueMgtController|Controller Name:QueueMgt,Action:HttpPost,Method:GetQueueList,User:admin,UnitID:2
2023-11-08 17:16:21.5335|INFO|PIVF.Web.Api.QueueMgt.QueueMgtController|Controller Name:QueueMgt,Action:HttpPost,Method:GetQueueList,User:admin,UnitID:2
2023-11-08 17:16:23.2385|INFO|PIVF.Web.Api.Master.Configuration.UserAPIController|Controller Name:UserAPI,Action:HttpGet,Method:GetUserRoleRights,User:admin,UnitID:2
2023-11-08 17:16:23.2385|INFO|PIVF.Web.Api.Master.Configuration.UserAPIController|Controller Name:UserAPI,Action:HttpGet,Method:GetUserRoleRights,User:admin,UnitID:2
2023-11-08 17:16:25.4322|INFO|PIVF.Web.Api.Master.Common.CommonController|1_Controller Name:CommonController,Action:HttpGet,Method:GetDoctorsList,User:admin,UnitID:2
2023-11-08 17:16:25.4322|INFO|PIVF.Web.Api.Master.Common.CommonController|1_Controller Name:CommonController,Action:HttpGet,Method:GetDoctorsList,User:admin,UnitID:2
2023-11-08 17:16:28.7096|INFO|PIVF.Web.Api.EMR.LandingPage.EMRLandingPageAPIController|Controller Name:EMRLandingPageAPI,Action:GET,Method:GetEMRLandingPageData,User:admin,UnitID:2
2023-11-08 17:16:28.7096|INFO|PIVF.Web.Api.EMR.LandingPage.EMRLandingPageAPIController|Controller Name:EMRLandingPageAPI,Action:GET,Method:GetEMRLandingPageData,User:admin,UnitID:2
2023-11-08 17:16:28.8831|INFO|PIVF.Web.Api.Master.Configuration.UserAPIController|Controller Name:UserAPI,Action:HttpGet,Method:GetParentList,User:admin,UnitID:2
2023-11-08 17:16:28.8831|INFO|PIVF.Web.Api.Master.Configuration.UserAPIController|Controller Name:UserAPI,Action:HttpGet,Method:GetParentList,User:admin,UnitID:2
2023-11-08 17:16:28.9335|INFO|PIVF.Web.Api.Master.Configuration.UserAPIController|Controller Name:UserAPI,Action:HttpGet,Method:GetParentList,User:admin,UnitID:2
2023-11-08 17:16:28.9335|INFO|PIVF.Web.Api.Master.Configuration.UserAPIController|Controller Name:UserAPI,Action:HttpGet,Method:GetParentList,User:admin,UnitID:2
2023-11-08 17:22:36.6918|INFO|PIVF.Web.Api.Master.Configuration.UserAPIController|Controller Name:UserAPI,Action:HttpGet,Method:GetUserRoleRights,User:admin,UnitID:2
2023-11-08 17:22:36.6918|INFO|PIVF.Web.Api.Master.Configuration.UserAPIController|Controller Name:UserAPI,Action:HttpGet,Method:GetUserRoleRights,User:admin,UnitID:2
2023-11-08 17:22:37.2086|INFO|PIVF.Web.Api.Master.Configuration.UserAPIController|Controller Name:UserAPI,Action:HttpGet,Method:GetGrandParentList,User:admin,UnitID:2
2023-11-08 17:22:37.2086|INFO|PIVF.Web.Api.Master.Configuration.UserAPIController|Controller Name:UserAPI,Action:HttpGet,Method:GetGrandParentList,User:admin,UnitID:2
2023-11-08 17:22:38.3340|INFO|PIVF.Web.Api.QueueMgt.QueueMgtController|Controller Name:QueueMgt,Action:HttpPost,Method:GetQueueList,User:admin,UnitID:2
2023-11-08 17:22:38.3340|INFO|PIVF.Web.Api.QueueMgt.QueueMgtController|Controller Name:QueueMgt,Action:HttpPost,Method:GetQueueList,User:admin,UnitID:2
2023-11-08 17:22:39.3306|INFO|PIVF.Web.Api.Master.Common.CommonController|1_Controller Name:CommonController,Action:HttpGet,Method:GetDepartmentList,User:admin,UnitID:2
2023-11-08 17:22:39.3306|INFO|PIVF.Web.Api.Master.Common.CommonController|1_Controller Name:CommonController,Action:HttpGet,Method:GetDepartmentList,User:admin,UnitID:2
2023-11-08 17:22:39.3595|INFO|PIVF.Web.Api.Master.Common.CommonController|1_Controller Name:CommonController,Action:HttpGet,Method:GetSpeclRegTypeList,User:admin,UnitID:2
2023-11-08 17:22:39.3595|INFO|PIVF.Web.Api.Master.Common.CommonController|1_Controller Name:CommonController,Action:HttpGet,Method:GetSpeclRegTypeList,User:admin,UnitID:2
2023-11-08 17:22:39.3824|INFO|PIVF.Web.Api.Master.Common.CommonController|1_Controller Name:CommonController,Action:HttpGet,Method:GetDoctorsList,User:admin,UnitID:2
2023-11-08 17:22:39.3824|INFO|PIVF.Web.Api.Master.Common.CommonController|1_Controller Name:CommonController,Action:HttpGet,Method:GetDoctorsList,User:admin,UnitID:2
2023-11-08 17:22:39.4712|INFO|PIVF.Web.Api.Master.Configuration.UserAPIController|Controller Name:UserAPI,Action:HttpGet,Method:GetParentList,User:admin,UnitID:2
2023-11-08 17:22:39.4712|INFO|PIVF.Web.Api.Master.Configuration.UserAPIController|Controller Name:UserAPI,Action:HttpGet,Method:GetParentList,User:admin,UnitID:2
2023-11-08 17:22:39.5211|INFO|PIVF.Web.Api.Master.Configuration.UserAPIController|Controller Name:UserAPI,Action:HttpGet,Method:GetParentList,User:admin,UnitID:2
2023-11-08 17:22:39.5211|INFO|PIVF.Web.Api.Master.Configuration.UserAPIController|Controller Name:UserAPI,Action:HttpGet,Method:GetParentList,User:admin,UnitID:2
2023-11-08 17:22:41.8560|INFO|PIVF.Web.Api.EMR.LandingPage.EMRLandingPageAPIController|Controller Name:EMRLandingPageAPI,Action:GET,Method:GetEMRLandingPageData,User:admin,UnitID:2
2023-11-08 17:22:41.8560|INFO|PIVF.Web.Api.EMR.LandingPage.EMRLandingPageAPIController|Controller Name:EMRLandingPageAPI,Action:GET,Method:GetEMRLandingPageData,User:admin,UnitID:2
2023-11-08 17:24:53.0998|INFO|PIVF.Web.Api.QueueMgt.QueueMgtController|Controller Name:QueueMgt,Action:HttpPost,Method:GetQueueList,User:admin,UnitID:2
2023-11-08 17:24:53.0998|INFO|PIVF.Web.Api.QueueMgt.QueueMgtController|Controller Name:QueueMgt,Action:HttpPost,Method:GetQueueList,User:admin,UnitID:2
2023-11-08 17:24:53.1746|INFO|PIVF.Web.Api.Master.Common.CommonController|1_Controller Name:CommonController,Action:HttpGet,Method:GetDoctorsList,User:admin,UnitID:2
2023-11-08 17:24:53.1746|INFO|PIVF.Web.Api.Master.Common.CommonController|1_Controller Name:CommonController,Action:HttpGet,Method:GetDoctorsList,User:admin,UnitID:2
2023-11-08 17:24:53.2075|INFO|PIVF.Web.Api.Master.Common.CommonController|1_Controller Name:CommonController,Action:HttpGet,Method:GetSpeclRegTypeList,User:admin,UnitID:2
2023-11-08 17:24:53.2075|INFO|PIVF.Web.Api.Master.Common.CommonController|1_Controller Name:CommonController,Action:HttpGet,Method:GetSpeclRegTypeList,User:admin,UnitID:2
2023-11-08 17:24:53.4498|INFO|PIVF.Web.Api.Master.Configuration.UserAPIController|Controller Name:UserAPI,Action:HttpGet,Method:GetUserRoleRights,User:admin,UnitID:2
2023-11-08 17:24:53.4498|INFO|PIVF.Web.Api.Master.Configuration.UserAPIController|Controller Name:UserAPI,Action:HttpGet,Method:GetUserRoleRights,User:admin,UnitID:2
2023-11-08 17:24:53.6948|INFO|PIVF.Web.Api.Master.Configuration.UserAPIController|Controller Name:UserAPI,Action:HttpGet,Method:GetParentList,User:admin,UnitID:2
2023-11-08 17:24:53.6948|INFO|PIVF.Web.Api.Master.Configuration.UserAPIController|Controller Name:UserAPI,Action:HttpGet,Method:GetParentList,User:admin,UnitID:2
2023-11-08 17:24:53.7243|INFO|PIVF.Web.Api.Master.Configuration.UserAPIController|Controller Name:UserAPI,Action:HttpGet,Method:GetParentList,User:admin,UnitID:2
2023-11-08 17:24:53.7243|INFO|PIVF.Web.Api.Master.Configuration.UserAPIController|Controller Name:UserAPI,Action:HttpGet,Method:GetParentList,User:admin,UnitID:2
2023-11-08 17:24:53.9602|INFO|PIVF.Web.Api.Master.Configuration.UserAPIController|Controller Name:UserAPI,Action:HttpGet,Method:GetGrandParentList,User:admin,UnitID:2
2023-11-08 17:24:53.9602|INFO|PIVF.Web.Api.Master.Configuration.UserAPIController|Controller Name:UserAPI,Action:HttpGet,Method:GetGrandParentList,User:admin,UnitID:2
2023-11-08 17:24:54.1263|INFO|PIVF.Web.Api.Master.Common.CommonController|1_Controller Name:CommonController,Action:HttpGet,Method:GetDepartmentList,User:admin,UnitID:2
2023-11-08 17:24:54.1263|INFO|PIVF.Web.Api.Master.Common.CommonController|1_Controller Name:CommonController,Action:HttpGet,Method:GetDepartmentList,User:admin,UnitID:2
2023-11-08 17:24:55.7926|INFO|PIVF.Web.Api.EMR.LandingPage.EMRLandingPageAPIController|Controller Name:EMRLandingPageAPI,Action:GET,Method:GetEMRLandingPageData,User:admin,UnitID:2
2023-11-08 17:24:55.7926|INFO|PIVF.Web.Api.EMR.LandingPage.EMRLandingPageAPIController|Controller Name:EMRLandingPageAPI,Action:GET,Method:GetEMRLandingPageData,User:admin,UnitID:2
2023-11-08 17:29:18.6787|INFO|PIVF.Web.Api.Master.Configuration.UserAPIController|Controller Name:UserAPI,Action:HttpGet,Method:GetUserRoleRights,User:admin,UnitID:2
2023-11-08 17:29:18.6787|INFO|PIVF.Web.Api.Master.Configuration.UserAPIController|Controller Name:UserAPI,Action:HttpGet,Method:GetUserRoleRights,User:admin,UnitID:2
2023-11-08 17:29:19.8287|INFO|PIVF.Web.Api.Master.Configuration.UserAPIController|Controller Name:UserAPI,Action:HttpGet,Method:GetParentList,User:admin,UnitID:2
2023-11-08 17:29:19.8287|INFO|PIVF.Web.Api.Master.Configuration.UserAPIController|Controller Name:UserAPI,Action:HttpGet,Method:GetParentList,User:admin,UnitID:2
2023-11-08 17:29:19.9833|INFO|PIVF.Web.Api.Master.Configuration.UserAPIController|Controller Name:UserAPI,Action:HttpGet,Method:GetParentList,User:admin,UnitID:2
2023-11-08 17:29:19.9833|INFO|PIVF.Web.Api.Master.Configuration.UserAPIController|Controller Name:UserAPI,Action:HttpGet,Method:GetParentList,User:admin,UnitID:2
2023-11-08 17:29:21.6791|INFO|PIVF.Web.Api.QueueMgt.QueueMgtController|Controller Name:QueueMgt,Action:HttpPost,Method:GetQueueList,User:admin,UnitID:2
2023-11-08 17:29:21.6791|INFO|PIVF.Web.Api.QueueMgt.QueueMgtController|Controller Name:QueueMgt,Action:HttpPost,Method:GetQueueList,User:admin,UnitID:2
2023-11-08 17:29:22.0302|INFO|PIVF.Web.Api.Master.Configuration.UserAPIController|Controller Name:UserAPI,Action:HttpGet,Method:GetGrandParentList,User:admin,UnitID:2
2023-11-08 17:29:22.0302|INFO|PIVF.Web.Api.Master.Configuration.UserAPIController|Controller Name:UserAPI,Action:HttpGet,Method:GetGrandParentList,User:admin,UnitID:2
2023-11-08 17:29:22.2226|INFO|PIVF.Web.Api.Master.Common.CommonController|1_Controller Name:CommonController,Action:HttpGet,Method:GetSpeclRegTypeList,User:admin,UnitID:2
2023-11-08 17:29:22.2226|INFO|PIVF.Web.Api.Master.Common.CommonController|1_Controller Name:CommonController,Action:HttpGet,Method:GetSpeclRegTypeList,User:admin,UnitID:2
2023-11-08 17:29:22.7313|INFO|PIVF.Web.Api.Master.Common.CommonController|1_Controller Name:CommonController,Action:HttpGet,Method:GetDepartmentList,User:admin,UnitID:2
2023-11-08 17:29:22.7313|INFO|PIVF.Web.Api.Master.Common.CommonController|1_Controller Name:CommonController,Action:HttpGet,Method:GetDepartmentList,User:admin,UnitID:2
2023-11-08 17:29:23.2447|INFO|PIVF.Web.Api.Master.Common.CommonController|1_Controller Name:CommonController,Action:HttpGet,Method:GetDoctorsList,User:admin,UnitID:2
2023-11-08 17:29:23.2447|INFO|PIVF.Web.Api.Master.Common.CommonController|1_Controller Name:CommonController,Action:HttpGet,Method:GetDoctorsList,User:admin,UnitID:2
2023-11-08 17:29:28.4242|INFO|PIVF.Web.Api.Master.Common.CommonController|1_Controller Name:CommonController,Action:HttpGet,Method:GetDepartmentList,User:admin,UnitID:2
2023-11-08 17:29:28.4242|INFO|PIVF.Web.Api.Master.Common.CommonController|1_Controller Name:CommonController,Action:HttpGet,Method:GetDepartmentList,User:admin,UnitID:2
2023-11-08 17:29:28.4462|INFO|PIVF.Web.Api.Master.Common.CommonController|1_Controller Name:CommonController,Action:HttpGet,Method:GetDoctorsList,User:admin,UnitID:2
2023-11-08 17:29:28.4462|INFO|PIVF.Web.Api.Master.Common.CommonController|1_Controller Name:CommonController,Action:HttpGet,Method:GetDoctorsList,User:admin,UnitID:2
2023-11-08 17:29:28.5020|INFO|PIVF.Web.Api.Master.Common.CommonController|1_Controller Name:CommonController,Action:HttpGet,Method:GetSpeclRegTypeList,User:admin,UnitID:2
2023-11-08 17:29:28.5020|INFO|PIVF.Web.Api.Master.Common.CommonController|1_Controller Name:CommonController,Action:HttpGet,Method:GetSpeclRegTypeList,User:admin,UnitID:2
2023-11-08 17:29:29.9493|INFO|PIVF.Web.Api.QueueMgt.QueueMgtController|Controller Name:QueueMgt,Action:HttpPost,Method:GetQueueList,User:admin,UnitID:2
2023-11-08 17:29:29.9493|INFO|PIVF.Web.Api.QueueMgt.QueueMgtController|Controller Name:QueueMgt,Action:HttpPost,Method:GetQueueList,User:admin,UnitID:2
2023-11-08 17:29:30.2056|INFO|PIVF.Web.Api.EMR.LandingPage.EMRLandingPageAPIController|Controller Name:EMRLandingPageAPI,Action:GET,Method:GetEMRLandingPageData,User:admin,UnitID:2
2023-11-08 17:29:30.2056|INFO|PIVF.Web.Api.EMR.LandingPage.EMRLandingPageAPIController|Controller Name:EMRLandingPageAPI,Action:GET,Method:GetEMRLandingPageData,User:admin,UnitID:2
