2023-09-15 14:12:40.7756|INFO|PIVF.Web.Api.Master.Configuration.UserAPIController|Controller Name:UserAPI,Action:HttpGet,Method:GetGrandParentList,User:multiply,UnitID:2
2023-09-15 14:12:40.7756|INFO|PIVF.Web.Api.Master.Configuration.UserAPIController|Controller Name:UserAPI,Action:HttpGet,Method:GetGrandParentList,User:multiply,UnitID:2
2023-09-15 14:12:42.4376|INFO|PIVF.Web.Api.Master.Configuration.UserAPIController|Controller Name:UserAPI,Action:HttpGet,Method:GetUserRoleRights,User:multiply,UnitID:2
2023-09-15 14:12:42.4376|INFO|PIVF.Web.Api.Master.Configuration.UserAPIController|Controller Name:UserAPI,Action:HttpGet,Method:GetUserRoleRights,User:multiply,UnitID:2
2023-09-15 14:12:46.9061|INFO|PIVF.Web.Api.Master.Configuration.UserAPIController|Controller Name:UserAPI,Action:HttpGet,Method:GetParentList,User:multiply,UnitID:2
2023-09-15 14:12:46.9061|INFO|PIVF.Web.Api.Master.Configuration.UserAPIController|Controller Name:UserAPI,Action:HttpGet,Method:GetParentList,User:multiply,UnitID:2
2023-09-15 14:12:47.9520|INFO|PIVF.Web.Api.Master.Configuration.UserAPIController|Controller Name:UserAPI,Action:HttpGet,Method:GetParentList,User:multiply,UnitID:2
2023-09-15 14:12:47.9520|INFO|PIVF.Web.Api.Master.Configuration.UserAPIController|Controller Name:UserAPI,Action:HttpGet,Method:GetParentList,User:multiply,UnitID:2
2023-09-15 14:12:51.5224|INFO|PIVF.Web.Api.QueueMgt.QueueMgtController|Controller Name:QueueMgt,Action:HttpPost,Method:GetQueueList,User:multiply,UnitID:2
2023-09-15 14:12:51.5224|INFO|PIVF.Web.Api.QueueMgt.QueueMgtController|Controller Name:QueueMgt,Action:HttpPost,Method:GetQueueList,User:multiply,UnitID:2
2023-09-15 14:12:59.1121|INFO|PIVF.Web.Api.Master.Common.CommonController|1_Controller Name:CommonController,Action:HttpGet,Method:GetDepartmentList,User:multiply,UnitID:2
2023-09-15 14:12:59.1121|INFO|PIVF.Web.Api.Master.Common.CommonController|1_Controller Name:CommonController,Action:HttpGet,Method:GetDepartmentList,User:multiply,UnitID:2
2023-09-15 14:13:06.2311|INFO|PIVF.Web.Api.Master.Common.CommonController|1_Controller Name:CommonController,Action:HttpGet,Method:GetDoctorsList,User:multiply,UnitID:2
2023-09-15 14:13:06.2311|INFO|PIVF.Web.Api.Master.Common.CommonController|1_Controller Name:CommonController,Action:HttpGet,Method:GetDoctorsList,User:multiply,UnitID:2
2023-09-15 14:13:07.1267|INFO|PIVF.Web.Api.Master.Common.CommonController|Controller Name:Common,Action:GET,Method:GetActiveVisitByPatient,User:multiply,UnitID:2
2023-09-15 14:13:07.1267|INFO|PIVF.Web.Api.Master.Common.CommonController|Controller Name:Common,Action:GET,Method:GetActiveVisitByPatient,User:multiply,UnitID:2
2023-09-15 14:13:12.9073|INFO|PIVF.Web.Api.Master.Common.CommonController|Controller Name:Common,Action:GET,Method:GetActiveVisitByPatient,User:multiply,UnitID:2
2023-09-15 14:13:12.9073|INFO|PIVF.Web.Api.Master.Common.CommonController|Controller Name:Common,Action:GET,Method:GetActiveVisitByPatient,User:multiply,UnitID:2
2023-09-15 14:13:17.0542|INFO|PIVF.Web.Api.Master.Common.CommonController|Controller Name:Common,Action:GET,Method:GetActiveVisitByPatient,User:multiply,UnitID:2
2023-09-15 14:13:17.0542|INFO|PIVF.Web.Api.Master.Common.CommonController|Controller Name:Common,Action:GET,Method:GetActiveVisitByPatient,User:multiply,UnitID:2
2023-09-15 14:13:20.4651|INFO|PIVF.Web.Api.Master.Common.CommonController|1_Controller Name:CommonController,Action:HttpGet,Method:GetSpeclRegTypeList,User:multiply,UnitID:2
2023-09-15 14:13:20.4651|INFO|PIVF.Web.Api.Master.Common.CommonController|1_Controller Name:CommonController,Action:HttpGet,Method:GetSpeclRegTypeList,User:multiply,UnitID:2
2023-09-15 14:13:24.4394|INFO|PIVF.Web.Api.Master.Common.CommonController|Controller Name:Common,Action:POST,Method:PutSelectedvisitByPatient,User:multiply,UnitID:2
2023-09-15 14:13:24.4394|INFO|PIVF.Web.Api.Master.Common.CommonController|Controller Name:Common,Action:POST,Method:PutSelectedvisitByPatient,User:multiply,UnitID:2
2023-09-15 14:13:41.4131|INFO|PIVF.Web.Api.EMR.LandingPage.EMRLandingPageAPIController|Controller Name:EMRLandingPageAPI,Action:GET,Method:GetEMRLandingPageData,User:multiply,UnitID:2
2023-09-15 14:13:41.4131|INFO|PIVF.Web.Api.EMR.LandingPage.EMRLandingPageAPIController|Controller Name:EMRLandingPageAPI,Action:GET,Method:GetEMRLandingPageData,User:multiply,UnitID:2
2023-09-15 14:15:03.9048|INFO|PIVF.Web.Api.Master.Configuration.UserAPIController|Controller Name:UserAPI,Action:HttpGet,Method:GetGrandParentList,User:multiply,UnitID:2
2023-09-15 14:15:03.9048|INFO|PIVF.Web.Api.Master.Configuration.UserAPIController|Controller Name:UserAPI,Action:HttpGet,Method:GetGrandParentList,User:multiply,UnitID:2
2023-09-15 14:15:11.7216|INFO|PIVF.Web.Api.Master.Configuration.UserAPIController|Controller Name:UserAPI,Action:HttpGet,Method:GetParentList,User:multiply,UnitID:2
2023-09-15 14:15:11.7216|INFO|PIVF.Web.Api.Master.Configuration.UserAPIController|Controller Name:UserAPI,Action:HttpGet,Method:GetParentList,User:multiply,UnitID:2
2023-09-15 14:15:16.4190|INFO|PIVF.Web.Api.Master.Configuration.UserAPIController|Controller Name:UserAPI,Action:HttpGet,Method:GetUserRoleRights,User:multiply,UnitID:2
2023-09-15 14:15:16.4190|INFO|PIVF.Web.Api.Master.Configuration.UserAPIController|Controller Name:UserAPI,Action:HttpGet,Method:GetUserRoleRights,User:multiply,UnitID:2
2023-09-15 14:15:36.4146|INFO|PIVF.Web.Api.QueueMgt.QueueMgtController|Controller Name:QueueMgt,Action:HttpPost,Method:GetQueueList,User:multiply,UnitID:2
2023-09-15 14:15:36.4146|INFO|PIVF.Web.Api.QueueMgt.QueueMgtController|Controller Name:QueueMgt,Action:HttpPost,Method:GetQueueList,User:multiply,UnitID:2
2023-09-15 14:15:42.6180|INFO|PIVF.Web.Api.Master.Common.CommonController|1_Controller Name:CommonController,Action:HttpGet,Method:GetDoctorsList,User:multiply,UnitID:2
2023-09-15 14:15:42.6180|INFO|PIVF.Web.Api.Master.Common.CommonController|1_Controller Name:CommonController,Action:HttpGet,Method:GetDoctorsList,User:multiply,UnitID:2
2023-09-15 14:15:43.3151|INFO|PIVF.Web.Api.Master.Common.CommonController|1_Controller Name:CommonController,Action:HttpGet,Method:GetDepartmentList,User:multiply,UnitID:2
2023-09-15 14:15:43.3151|INFO|PIVF.Web.Api.Master.Common.CommonController|1_Controller Name:CommonController,Action:HttpGet,Method:GetDepartmentList,User:multiply,UnitID:2
2023-09-15 14:15:44.9148|INFO|PIVF.Web.Api.Master.Common.CommonController|1_Controller Name:CommonController,Action:HttpGet,Method:GetSpeclRegTypeList,User:multiply,UnitID:2
2023-09-15 14:15:44.9148|INFO|PIVF.Web.Api.Master.Common.CommonController|1_Controller Name:CommonController,Action:HttpGet,Method:GetSpeclRegTypeList,User:multiply,UnitID:2
2023-09-15 14:15:48.0784|INFO|PIVF.Web.Api.Master.Configuration.UserAPIController|Controller Name:UserAPI,Action:HttpGet,Method:GetParentList,User:multiply,UnitID:2
2023-09-15 14:15:48.0784|INFO|PIVF.Web.Api.Master.Configuration.UserAPIController|Controller Name:UserAPI,Action:HttpGet,Method:GetParentList,User:multiply,UnitID:2
2023-09-15 14:24:36.6016|INFO|PIVF.Web.Api.Master.Configuration.UserAPIController|Controller Name:UserAPI,Action:HttpGet,Method:GetParentList,User:multiply,UnitID:2
2023-09-15 14:24:36.6016|INFO|PIVF.Web.Api.Master.Configuration.UserAPIController|Controller Name:UserAPI,Action:HttpGet,Method:GetParentList,User:multiply,UnitID:2
2023-09-15 14:24:36.9766|INFO|PIVF.Web.Api.Master.Configuration.UserAPIController|Controller Name:UserAPI,Action:HttpGet,Method:GetParentList,User:multiply,UnitID:2
2023-09-15 14:24:36.9766|INFO|PIVF.Web.Api.Master.Configuration.UserAPIController|Controller Name:UserAPI,Action:HttpGet,Method:GetParentList,User:multiply,UnitID:2
2023-09-15 14:24:37.2358|INFO|PIVF.Web.Api.Master.Configuration.UserAPIController|Controller Name:UserAPI,Action:HttpGet,Method:GetUserRoleRights,User:multiply,UnitID:2
2023-09-15 14:24:37.2358|INFO|PIVF.Web.Api.Master.Configuration.UserAPIController|Controller Name:UserAPI,Action:HttpGet,Method:GetUserRoleRights,User:multiply,UnitID:2
2023-09-15 14:24:37.7669|INFO|PIVF.Web.Api.Master.Configuration.UserAPIController|Controller Name:UserAPI,Action:HttpGet,Method:GetGrandParentList,User:multiply,UnitID:2
2023-09-15 14:24:37.7669|INFO|PIVF.Web.Api.Master.Configuration.UserAPIController|Controller Name:UserAPI,Action:HttpGet,Method:GetGrandParentList,User:multiply,UnitID:2
2023-09-15 14:24:40.5000|INFO|PIVF.Web.Api.Master.Common.CommonController|1_Controller Name:CommonController,Action:HttpGet,Method:GetDepartmentList,User:multiply,UnitID:2
2023-09-15 14:24:40.5000|INFO|PIVF.Web.Api.Master.Common.CommonController|1_Controller Name:CommonController,Action:HttpGet,Method:GetDepartmentList,User:multiply,UnitID:2
2023-09-15 14:24:41.0068|INFO|PIVF.Web.Api.Master.Common.CommonController|1_Controller Name:CommonController,Action:HttpGet,Method:GetSpeclRegTypeList,User:multiply,UnitID:2
2023-09-15 14:24:41.0068|INFO|PIVF.Web.Api.Master.Common.CommonController|1_Controller Name:CommonController,Action:HttpGet,Method:GetSpeclRegTypeList,User:multiply,UnitID:2
2023-09-15 14:24:41.5214|INFO|PIVF.Web.Api.Master.Common.CommonController|1_Controller Name:CommonController,Action:HttpGet,Method:GetDoctorsList,User:multiply,UnitID:2
2023-09-15 14:24:41.5214|INFO|PIVF.Web.Api.Master.Common.CommonController|1_Controller Name:CommonController,Action:HttpGet,Method:GetDoctorsList,User:multiply,UnitID:2
2023-09-15 14:24:42.5377|INFO|PIVF.Web.Api.QueueMgt.QueueMgtController|Controller Name:QueueMgt,Action:HttpPost,Method:GetQueueList,User:multiply,UnitID:2
2023-09-15 14:24:42.5377|INFO|PIVF.Web.Api.QueueMgt.QueueMgtController|Controller Name:QueueMgt,Action:HttpPost,Method:GetQueueList,User:multiply,UnitID:2
2023-09-15 14:24:49.5503|INFO|PIVF.Web.Api.Master.Common.CommonController|Controller Name:Common,Action:GET,Method:GetActiveVisitByPatient,User:multiply,UnitID:2
2023-09-15 14:24:49.5503|INFO|PIVF.Web.Api.Master.Common.CommonController|Controller Name:Common,Action:GET,Method:GetActiveVisitByPatient,User:multiply,UnitID:2
2023-09-15 14:24:50.3273|INFO|PIVF.Web.Api.Master.Common.CommonController|Controller Name:Common,Action:GET,Method:GetActiveVisitByPatient,User:multiply,UnitID:2
2023-09-15 14:24:50.3273|INFO|PIVF.Web.Api.Master.Common.CommonController|Controller Name:Common,Action:GET,Method:GetActiveVisitByPatient,User:multiply,UnitID:2
2023-09-15 14:24:53.6773|INFO|PIVF.Web.Api.Master.Common.CommonController|Controller Name:Common,Action:POST,Method:PutSelectedvisitByPatient,User:multiply,UnitID:2
2023-09-15 14:24:53.6773|INFO|PIVF.Web.Api.Master.Common.CommonController|Controller Name:Common,Action:POST,Method:PutSelectedvisitByPatient,User:multiply,UnitID:2
2023-09-15 14:24:57.0423|INFO|PIVF.Web.Api.EMR.LandingPage.EMRLandingPageAPIController|Controller Name:EMRLandingPageAPI,Action:GET,Method:GetEMRLandingPageData,User:multiply,UnitID:2
2023-09-15 14:24:57.0423|INFO|PIVF.Web.Api.EMR.LandingPage.EMRLandingPageAPIController|Controller Name:EMRLandingPageAPI,Action:GET,Method:GetEMRLandingPageData,User:multiply,UnitID:2
2023-09-15 14:25:07.6629|INFO|PIVF.Web.Api.EMR.MaleHistory.SemenAnalysisController|Controller Name:SemenAnalysis,Action:GET,Method:GetSemenAnalysisList,User:multiply,UnitID:2
2023-09-15 14:25:07.6629|INFO|PIVF.Web.Api.EMR.MaleHistory.SemenAnalysisController|Controller Name:SemenAnalysis,Action:GET,Method:GetSemenAnalysisList,User:multiply,UnitID:2
2023-09-15 14:25:08.8258|INFO|PIVF.Web.Api.EMR.MaleHistory.SurgicalSpermRetrievalController|Controller Name:SurgicalSpermRetrieval,Action:GET,Method:GetSurgeonList,User:multiply,UnitID:2
2023-09-15 14:25:08.8258|INFO|PIVF.Web.Api.EMR.MaleHistory.SurgicalSpermRetrievalController|Controller Name:SurgicalSpermRetrieval,Action:GET,Method:GetSurgeonList,User:multiply,UnitID:2
2023-09-15 14:25:08.9864|INFO|PIVF.Web.Api.EMR.MaleHistory.SurgicalSpermRetrievalController|Controller Name:SurgicalSpermRetrieval,Action:GET,Method:GetAnesthetist,User:multiply,UnitID:2
2023-09-15 14:25:08.9864|INFO|PIVF.Web.Api.EMR.MaleHistory.SurgicalSpermRetrievalController|Controller Name:SurgicalSpermRetrieval,Action:GET,Method:GetAnesthetist,User:multiply,UnitID:2
2023-09-15 14:27:03.2082|INFO|PIVF.Web.Api.EMR.MaleHistory.SemenAnalysisController|Controller Name:SemenAnalysis,Action:GET,Method:GetSemenAnalysisList,User:multiply,UnitID:2
2023-09-15 14:27:03.2082|INFO|PIVF.Web.Api.EMR.MaleHistory.SemenAnalysisController|Controller Name:SemenAnalysis,Action:GET,Method:GetSemenAnalysisList,User:multiply,UnitID:2
2023-09-15 14:27:24.4773|INFO|PIVF.Web.Api.EMR.LandingPage.EMRLandingPageAPIController|Controller Name:EMRLandingPageAPI,Action:GET,Method:GetEMRLandingPageData,User:multiply,UnitID:2
2023-09-15 14:27:24.4773|INFO|PIVF.Web.Api.EMR.LandingPage.EMRLandingPageAPIController|Controller Name:EMRLandingPageAPI,Action:GET,Method:GetEMRLandingPageData,User:multiply,UnitID:2
2023-09-15 14:43:52.0419|INFO|PIVF.Web.Api.EMR.MaleHistory.SemenAnalysisController|Controller Name:SemenAnalysis,Action:GET,Method:GetSemenAnalysisList,User:multiply,UnitID:2
2023-09-15 14:43:52.0419|INFO|PIVF.Web.Api.EMR.MaleHistory.SemenAnalysisController|Controller Name:SemenAnalysis,Action:GET,Method:GetSemenAnalysisList,User:multiply,UnitID:2
2023-09-15 14:43:53.0253|INFO|PIVF.Web.Api.EMR.MaleHistory.SurgicalSpermRetrievalController|Controller Name:SurgicalSpermRetrieval,Action:GET,Method:GetSurgeonList,User:multiply,UnitID:2
2023-09-15 14:43:53.0253|INFO|PIVF.Web.Api.EMR.MaleHistory.SurgicalSpermRetrievalController|Controller Name:SurgicalSpermRetrieval,Action:GET,Method:GetSurgeonList,User:multiply,UnitID:2
2023-09-15 14:43:53.1779|INFO|PIVF.Web.Api.EMR.MaleHistory.SurgicalSpermRetrievalController|Controller Name:SurgicalSpermRetrieval,Action:GET,Method:GetAnesthetist,User:multiply,UnitID:2
2023-09-15 14:43:53.1779|INFO|PIVF.Web.Api.EMR.MaleHistory.SurgicalSpermRetrievalController|Controller Name:SurgicalSpermRetrieval,Action:GET,Method:GetAnesthetist,User:multiply,UnitID:2
2023-09-15 14:44:20.2078|INFO|PIVF.Web.Api.Master.Configuration.UserAPIController|Controller Name:UserAPI,Action:HttpGet,Method:GetParentList,User:multiply,UnitID:2
2023-09-15 14:44:20.2078|INFO|PIVF.Web.Api.Master.Configuration.UserAPIController|Controller Name:UserAPI,Action:HttpGet,Method:GetParentList,User:multiply,UnitID:2
2023-09-15 14:44:20.5000|INFO|PIVF.Web.Api.Master.Configuration.UserAPIController|Controller Name:UserAPI,Action:HttpGet,Method:GetParentList,User:multiply,UnitID:2
2023-09-15 14:44:20.5000|INFO|PIVF.Web.Api.Master.Configuration.UserAPIController|Controller Name:UserAPI,Action:HttpGet,Method:GetParentList,User:multiply,UnitID:2
2023-09-15 14:44:22.7855|INFO|PIVF.Web.Api.QueueMgt.QueueMgtController|Controller Name:QueueMgt,Action:HttpPost,Method:GetQueueList,User:multiply,UnitID:2
2023-09-15 14:44:22.7855|INFO|PIVF.Web.Api.QueueMgt.QueueMgtController|Controller Name:QueueMgt,Action:HttpPost,Method:GetQueueList,User:multiply,UnitID:2
2023-09-15 14:44:22.9182|INFO|PIVF.Web.Api.Master.Common.CommonController|1_Controller Name:CommonController,Action:HttpGet,Method:GetDepartmentList,User:multiply,UnitID:2
2023-09-15 14:44:22.9182|INFO|PIVF.Web.Api.Master.Common.CommonController|1_Controller Name:CommonController,Action:HttpGet,Method:GetDepartmentList,User:multiply,UnitID:2
2023-09-15 14:44:23.1618|INFO|PIVF.Web.Api.Master.Configuration.UserAPIController|Controller Name:UserAPI,Action:HttpGet,Method:GetGrandParentList,User:multiply,UnitID:2
2023-09-15 14:44:23.1618|INFO|PIVF.Web.Api.Master.Configuration.UserAPIController|Controller Name:UserAPI,Action:HttpGet,Method:GetGrandParentList,User:multiply,UnitID:2
2023-09-15 14:44:23.6779|INFO|PIVF.Web.Api.Master.Configuration.UserAPIController|Controller Name:UserAPI,Action:HttpGet,Method:GetUserRoleRights,User:multiply,UnitID:2
2023-09-15 14:44:23.6779|INFO|PIVF.Web.Api.Master.Configuration.UserAPIController|Controller Name:UserAPI,Action:HttpGet,Method:GetUserRoleRights,User:multiply,UnitID:2
2023-09-15 14:44:24.2803|INFO|PIVF.Web.Api.Master.Common.CommonController|1_Controller Name:CommonController,Action:HttpGet,Method:GetDoctorsList,User:multiply,UnitID:2
2023-09-15 14:44:24.2803|INFO|PIVF.Web.Api.Master.Common.CommonController|1_Controller Name:CommonController,Action:HttpGet,Method:GetDoctorsList,User:multiply,UnitID:2
2023-09-15 14:44:24.7797|INFO|PIVF.Web.Api.Master.Common.CommonController|1_Controller Name:CommonController,Action:HttpGet,Method:GetSpeclRegTypeList,User:multiply,UnitID:2
2023-09-15 14:44:24.7797|INFO|PIVF.Web.Api.Master.Common.CommonController|1_Controller Name:CommonController,Action:HttpGet,Method:GetSpeclRegTypeList,User:multiply,UnitID:2
2023-09-15 14:44:32.5844|INFO|PIVF.Web.Api.Master.Common.CommonController|Controller Name:Common,Action:GET,Method:GetActiveVisitByPatient,User:multiply,UnitID:2
2023-09-15 14:44:32.5844|INFO|PIVF.Web.Api.Master.Common.CommonController|Controller Name:Common,Action:GET,Method:GetActiveVisitByPatient,User:multiply,UnitID:2
2023-09-15 14:44:34.3168|INFO|PIVF.Web.Api.Master.Common.CommonController|Controller Name:Common,Action:GET,Method:GetActiveVisitByPatient,User:multiply,UnitID:2
2023-09-15 14:44:34.3168|INFO|PIVF.Web.Api.Master.Common.CommonController|Controller Name:Common,Action:GET,Method:GetActiveVisitByPatient,User:multiply,UnitID:2
2023-09-15 14:44:37.4685|INFO|PIVF.Web.Api.EMR.LandingPage.EMRLandingPageAPIController|Controller Name:EMRLandingPageAPI,Action:GET,Method:GetEMRLandingPageData,User:multiply,UnitID:2
2023-09-15 14:44:37.4685|INFO|PIVF.Web.Api.EMR.LandingPage.EMRLandingPageAPIController|Controller Name:EMRLandingPageAPI,Action:GET,Method:GetEMRLandingPageData,User:multiply,UnitID:2
2023-09-15 14:44:39.0134|INFO|PIVF.Web.Api.Master.Common.CommonController|Controller Name:Common,Action:POST,Method:PutSelectedvisitByPatient,User:multiply,UnitID:2
2023-09-15 14:44:39.0134|INFO|PIVF.Web.Api.Master.Common.CommonController|Controller Name:Common,Action:POST,Method:PutSelectedvisitByPatient,User:multiply,UnitID:2
2023-09-15 14:44:45.0540|INFO|PIVF.Web.Api.EMR.MaleHistory.SemenAnalysisController|Controller Name:SemenAnalysis,Action:GET,Method:GetSemenAnalysisList,User:multiply,UnitID:2
2023-09-15 14:44:45.0540|INFO|PIVF.Web.Api.EMR.MaleHistory.SemenAnalysisController|Controller Name:SemenAnalysis,Action:GET,Method:GetSemenAnalysisList,User:multiply,UnitID:2
2023-09-15 14:44:45.3931|INFO|PIVF.Web.Api.EMR.MaleHistory.SurgicalSpermRetrievalController|Controller Name:SurgicalSpermRetrieval,Action:GET,Method:GetSurgeonList,User:multiply,UnitID:2
2023-09-15 14:44:45.3931|INFO|PIVF.Web.Api.EMR.MaleHistory.SurgicalSpermRetrievalController|Controller Name:SurgicalSpermRetrieval,Action:GET,Method:GetSurgeonList,User:multiply,UnitID:2
2023-09-15 14:44:45.4759|INFO|PIVF.Web.Api.EMR.MaleHistory.SurgicalSpermRetrievalController|Controller Name:SurgicalSpermRetrieval,Action:GET,Method:GetAnesthetist,User:multiply,UnitID:2
2023-09-15 14:44:45.4759|INFO|PIVF.Web.Api.EMR.MaleHistory.SurgicalSpermRetrievalController|Controller Name:SurgicalSpermRetrieval,Action:GET,Method:GetAnesthetist,User:multiply,UnitID:2
2023-09-15 14:58:46.4903|INFO|PIVF.Web.Api.Master.Configuration.UserAPIController|Controller Name:UserAPI,Action:HttpGet,Method:GetUserRoleRights,User:multiply,UnitID:2
2023-09-15 14:58:46.4903|INFO|PIVF.Web.Api.Master.Configuration.UserAPIController|Controller Name:UserAPI,Action:HttpGet,Method:GetUserRoleRights,User:multiply,UnitID:2
2023-09-15 14:58:47.9772|INFO|PIVF.Web.Api.Master.Configuration.UserAPIController|Controller Name:UserAPI,Action:HttpGet,Method:GetGrandParentList,User:multiply,UnitID:2
2023-09-15 14:58:47.9772|INFO|PIVF.Web.Api.Master.Configuration.UserAPIController|Controller Name:UserAPI,Action:HttpGet,Method:GetGrandParentList,User:multiply,UnitID:2
2023-09-15 14:58:51.0626|INFO|PIVF.Web.Api.QueueMgt.QueueMgtController|Controller Name:QueueMgt,Action:HttpPost,Method:GetQueueList,User:multiply,UnitID:2
2023-09-15 14:58:51.0626|INFO|PIVF.Web.Api.QueueMgt.QueueMgtController|Controller Name:QueueMgt,Action:HttpPost,Method:GetQueueList,User:multiply,UnitID:2
2023-09-15 14:59:06.2145|INFO|PIVF.Web.Api.Master.Common.CommonController|1_Controller Name:CommonController,Action:HttpGet,Method:GetSpeclRegTypeList,User:multiply,UnitID:2
2023-09-15 14:59:06.2145|INFO|PIVF.Web.Api.Master.Common.CommonController|1_Controller Name:CommonController,Action:HttpGet,Method:GetSpeclRegTypeList,User:multiply,UnitID:2
2023-09-15 14:59:06.8119|INFO|PIVF.Web.Api.Master.Configuration.UserAPIController|Controller Name:UserAPI,Action:HttpGet,Method:GetParentList,User:multiply,UnitID:2
2023-09-15 14:59:06.8119|INFO|PIVF.Web.Api.Master.Configuration.UserAPIController|Controller Name:UserAPI,Action:HttpGet,Method:GetParentList,User:multiply,UnitID:2
2023-09-15 14:59:08.9632|INFO|PIVF.Web.Api.Master.Configuration.UserAPIController|Controller Name:UserAPI,Action:HttpGet,Method:GetParentList,User:multiply,UnitID:2
2023-09-15 14:59:08.9632|INFO|PIVF.Web.Api.Master.Configuration.UserAPIController|Controller Name:UserAPI,Action:HttpGet,Method:GetParentList,User:multiply,UnitID:2
2023-09-15 14:59:20.2550|INFO|PIVF.Web.Api.Master.Common.CommonController|Controller Name:Common,Action:GET,Method:GetActiveVisitByPatient,User:multiply,UnitID:2
2023-09-15 14:59:20.2550|INFO|PIVF.Web.Api.Master.Common.CommonController|Controller Name:Common,Action:GET,Method:GetActiveVisitByPatient,User:multiply,UnitID:2
2023-09-15 14:59:20.7177|INFO|PIVF.Web.Api.Master.Common.CommonController|Controller Name:Common,Action:GET,Method:GetActiveVisitByPatient,User:multiply,UnitID:2
2023-09-15 14:59:20.7177|INFO|PIVF.Web.Api.Master.Common.CommonController|Controller Name:Common,Action:GET,Method:GetActiveVisitByPatient,User:multiply,UnitID:2
2023-09-15 14:59:40.5066|INFO|PIVF.Web.Api.EMR.LandingPage.EMRLandingPageAPIController|Controller Name:EMRLandingPageAPI,Action:GET,Method:GetEMRLandingPageData,User:multiply,UnitID:2
2023-09-15 14:59:40.5066|INFO|PIVF.Web.Api.EMR.LandingPage.EMRLandingPageAPIController|Controller Name:EMRLandingPageAPI,Action:GET,Method:GetEMRLandingPageData,User:multiply,UnitID:2
2023-09-15 14:59:45.1817|INFO|PIVF.Web.Api.Master.Common.CommonController|1_Controller Name:CommonController,Action:HttpGet,Method:GetDepartmentList,User:multiply,UnitID:2
2023-09-15 14:59:45.1817|INFO|PIVF.Web.Api.Master.Common.CommonController|1_Controller Name:CommonController,Action:HttpGet,Method:GetDepartmentList,User:multiply,UnitID:2
2023-09-15 14:59:45.4829|INFO|PIVF.Web.Api.Master.Common.CommonController|Controller Name:Common,Action:POST,Method:PutSelectedvisitByPatient,User:multiply,UnitID:2
2023-09-15 14:59:45.4829|INFO|PIVF.Web.Api.Master.Common.CommonController|Controller Name:Common,Action:POST,Method:PutSelectedvisitByPatient,User:multiply,UnitID:2
2023-09-15 14:59:45.6873|INFO|PIVF.Web.Api.Master.Common.CommonController|1_Controller Name:CommonController,Action:HttpGet,Method:GetDoctorsList,User:multiply,UnitID:2
2023-09-15 14:59:45.6873|INFO|PIVF.Web.Api.Master.Common.CommonController|1_Controller Name:CommonController,Action:HttpGet,Method:GetDoctorsList,User:multiply,UnitID:2
2023-09-15 14:59:56.4490|INFO|PIVF.Web.Api.Master.Common.CommonController|Controller Name:Common,Action:GET,Method:GetActiveVisitByPatient,User:multiply,UnitID:2
2023-09-15 14:59:56.4490|INFO|PIVF.Web.Api.Master.Common.CommonController|Controller Name:Common,Action:GET,Method:GetActiveVisitByPatient,User:multiply,UnitID:2
2023-09-15 14:59:57.1870|INFO|PIVF.Web.Api.Master.Common.CommonController|Controller Name:Common,Action:GET,Method:GetActiveVisitByPatient,User:multiply,UnitID:2
2023-09-15 14:59:57.1870|INFO|PIVF.Web.Api.Master.Common.CommonController|Controller Name:Common,Action:GET,Method:GetActiveVisitByPatient,User:multiply,UnitID:2
2023-09-15 14:59:58.3963|INFO|PIVF.Web.Api.EMR.LandingPage.EMRLandingPageAPIController|Controller Name:EMRLandingPageAPI,Action:GET,Method:GetEMRLandingPageData,User:multiply,UnitID:2
2023-09-15 14:59:58.3963|INFO|PIVF.Web.Api.EMR.LandingPage.EMRLandingPageAPIController|Controller Name:EMRLandingPageAPI,Action:GET,Method:GetEMRLandingPageData,User:multiply,UnitID:2
2023-09-15 15:00:03.7548|INFO|PIVF.Web.Api.Master.Common.CommonController|Controller Name:Common,Action:POST,Method:PutSelectedvisitByPatient,User:multiply,UnitID:2
2023-09-15 15:00:03.7548|INFO|PIVF.Web.Api.Master.Common.CommonController|Controller Name:Common,Action:POST,Method:PutSelectedvisitByPatient,User:multiply,UnitID:2
2023-09-15 15:11:57.7372|INFO|PIVF.Web.Api.Master.Configuration.UserAPIController|Controller Name:UserAPI,Action:HttpGet,Method:GetGrandParentList,User:multiply,UnitID:2
2023-09-15 15:11:57.7372|INFO|PIVF.Web.Api.Master.Configuration.UserAPIController|Controller Name:UserAPI,Action:HttpGet,Method:GetGrandParentList,User:multiply,UnitID:2
2023-09-15 15:11:58.3605|INFO|PIVF.Web.Api.Master.Configuration.UserAPIController|Controller Name:UserAPI,Action:HttpGet,Method:GetParentList,User:multiply,UnitID:2
2023-09-15 15:11:58.3605|INFO|PIVF.Web.Api.Master.Configuration.UserAPIController|Controller Name:UserAPI,Action:HttpGet,Method:GetParentList,User:multiply,UnitID:2
2023-09-15 15:11:58.6338|INFO|PIVF.Web.Api.QueueMgt.QueueMgtController|Controller Name:QueueMgt,Action:HttpPost,Method:GetQueueList,User:multiply,UnitID:2
2023-09-15 15:11:58.6338|INFO|PIVF.Web.Api.QueueMgt.QueueMgtController|Controller Name:QueueMgt,Action:HttpPost,Method:GetQueueList,User:multiply,UnitID:2
2023-09-15 15:11:58.7655|INFO|PIVF.Web.Api.Master.Configuration.UserAPIController|Controller Name:UserAPI,Action:HttpGet,Method:GetUserRoleRights,User:multiply,UnitID:2
2023-09-15 15:11:58.7655|INFO|PIVF.Web.Api.Master.Configuration.UserAPIController|Controller Name:UserAPI,Action:HttpGet,Method:GetUserRoleRights,User:multiply,UnitID:2
2023-09-15 15:11:59.0088|INFO|PIVF.Web.Api.Master.Common.CommonController|1_Controller Name:CommonController,Action:HttpGet,Method:GetDepartmentList,User:multiply,UnitID:2
2023-09-15 15:11:59.0088|INFO|PIVF.Web.Api.Master.Common.CommonController|1_Controller Name:CommonController,Action:HttpGet,Method:GetDepartmentList,User:multiply,UnitID:2
2023-09-15 15:11:59.1803|INFO|PIVF.Web.Api.Master.Common.CommonController|1_Controller Name:CommonController,Action:HttpGet,Method:GetDoctorsList,User:multiply,UnitID:2
2023-09-15 15:11:59.1803|INFO|PIVF.Web.Api.Master.Common.CommonController|1_Controller Name:CommonController,Action:HttpGet,Method:GetDoctorsList,User:multiply,UnitID:2
2023-09-15 15:11:59.3913|INFO|PIVF.Web.Api.Master.Common.CommonController|1_Controller Name:CommonController,Action:HttpGet,Method:GetSpeclRegTypeList,User:multiply,UnitID:2
2023-09-15 15:11:59.3913|INFO|PIVF.Web.Api.Master.Common.CommonController|1_Controller Name:CommonController,Action:HttpGet,Method:GetSpeclRegTypeList,User:multiply,UnitID:2
2023-09-15 15:12:00.4732|INFO|PIVF.Web.Api.Master.Configuration.UserAPIController|Controller Name:UserAPI,Action:HttpGet,Method:GetParentList,User:multiply,UnitID:2
2023-09-15 15:12:00.4732|INFO|PIVF.Web.Api.Master.Configuration.UserAPIController|Controller Name:UserAPI,Action:HttpGet,Method:GetParentList,User:multiply,UnitID:2
2023-09-15 15:12:16.4566|INFO|PIVF.Web.Api.Master.Common.CommonController|Controller Name:Common,Action:GET,Method:GetActiveVisitByPatient,User:multiply,UnitID:2
2023-09-15 15:12:16.4566|INFO|PIVF.Web.Api.Master.Common.CommonController|Controller Name:Common,Action:GET,Method:GetActiveVisitByPatient,User:multiply,UnitID:2
2023-09-15 15:12:18.1361|INFO|PIVF.Web.Api.Master.Common.CommonController|Controller Name:Common,Action:GET,Method:GetActiveVisitByPatient,User:multiply,UnitID:2
2023-09-15 15:12:18.1361|INFO|PIVF.Web.Api.Master.Common.CommonController|Controller Name:Common,Action:GET,Method:GetActiveVisitByPatient,User:multiply,UnitID:2
2023-09-15 15:12:18.9330|INFO|PIVF.Web.Api.EMR.LandingPage.EMRLandingPageAPIController|Controller Name:EMRLandingPageAPI,Action:GET,Method:GetEMRLandingPageData,User:multiply,UnitID:2
2023-09-15 15:12:18.9330|INFO|PIVF.Web.Api.EMR.LandingPage.EMRLandingPageAPIController|Controller Name:EMRLandingPageAPI,Action:GET,Method:GetEMRLandingPageData,User:multiply,UnitID:2
2023-09-15 15:12:21.7031|INFO|PIVF.Web.Api.Master.Common.CommonController|Controller Name:Common,Action:POST,Method:PutSelectedvisitByPatient,User:multiply,UnitID:2
2023-09-15 15:12:21.7031|INFO|PIVF.Web.Api.Master.Common.CommonController|Controller Name:Common,Action:POST,Method:PutSelectedvisitByPatient,User:multiply,UnitID:2
2023-09-15 15:14:32.0799|INFO|PIVF.Web.Api.New_ART.NewARTController|Controller Name:NewART,Action:GET,Method:newCyclebtnFlag,User:multiply,UnitID:2
2023-09-15 15:14:32.0799|INFO|PIVF.Web.Api.New_ART.NewARTController|Controller Name:NewART,Action:GET,Method:newCyclebtnFlag,User:multiply,UnitID:2
2023-09-15 15:14:32.8590|INFO|PIVF.Web.Api.New_ART.NewARTController|Controller Name:NewART,Action:GET,Method:GetARTCycleList,User:multiply,UnitID:2
2023-09-15 15:14:32.8590|INFO|PIVF.Web.Api.New_ART.NewARTController|Controller Name:NewART,Action:GET,Method:GetARTCycleList,User:multiply,UnitID:2
2023-09-15 15:14:49.1266|INFO|PIVF.Web.Api.Master.Configuration.UserAPIController|Controller Name:UserAPI,Action:HttpGet,Method:GetParentList,User:multiply,UnitID:2
2023-09-15 15:14:49.1266|INFO|PIVF.Web.Api.Master.Configuration.UserAPIController|Controller Name:UserAPI,Action:HttpGet,Method:GetParentList,User:multiply,UnitID:2
2023-09-15 15:14:51.2858|INFO|PIVF.Web.Api.New_ART.NewARTController|Controller Name:NewART,Action:GET,Method:GetCycleOverview,User:multiply,UnitID:2
2023-09-15 15:14:51.2858|INFO|PIVF.Web.Api.New_ART.NewARTController|Controller Name:NewART,Action:GET,Method:GetCycleOverview,User:multiply,UnitID:2
2023-09-15 15:14:51.7247|INFO|PIVF.Web.Api.New_ART.NewARTController|Controller Name:NewART,Action:GET,Method:GetMedicalHistory,User:multiply,UnitID:2
2023-09-15 15:14:51.7247|INFO|PIVF.Web.Api.New_ART.NewARTController|Controller Name:NewART,Action:GET,Method:GetMedicalHistory,User:multiply,UnitID:2
2023-09-15 15:14:54.7405|INFO|PIVF.Web.Api.New_ART.NewARTController|Controller Name:NewART,Action:GET,Method:GetDetails,User:multiply,UnitID:2
2023-09-15 15:14:54.7405|INFO|PIVF.Web.Api.New_ART.NewARTController|Controller Name:NewART,Action:GET,Method:GetDetails,User:multiply,UnitID:2
2023-09-15 15:15:04.1082|INFO|PIVF.Web.Api.ARTMgmt.IUI.IUIAPIController|Controller Name:IUIAPI,Action:GET,Method:GetIUIDetails,User:multiply,UnitID:2
2023-09-15 15:15:04.1082|INFO|PIVF.Web.Api.ARTMgmt.IUI.IUIAPIController|Controller Name:IUIAPI,Action:GET,Method:GetIUIDetails,User:multiply,UnitID:2
2023-09-15 15:15:10.2672|INFO|PIVF.Web.Api.Master.Common.CommonController|Controller Name:Common,Action:GET,Method:GetActiveVisitByPatient,User:multiply,UnitID:2
2023-09-15 15:15:10.2672|INFO|PIVF.Web.Api.Master.Common.CommonController|Controller Name:Common,Action:GET,Method:GetActiveVisitByPatient,User:multiply,UnitID:2
2023-09-15 15:15:12.4853|INFO|PIVF.Web.Api.Master.Common.CommonController|Controller Name:Common,Action:POST,Method:PutSelectedvisitByPatient,User:multiply,UnitID:2
2023-09-15 15:15:12.4853|INFO|PIVF.Web.Api.Master.Common.CommonController|Controller Name:Common,Action:POST,Method:PutSelectedvisitByPatient,User:multiply,UnitID:2
2023-09-15 15:15:12.5681|INFO|PIVF.Web.Api.Master.Common.CommonController|1_Controller Name:CommonController,Action:HttpGet,Method:GetDoctorsList,User:multiply,UnitID:2
2023-09-15 15:15:12.5681|INFO|PIVF.Web.Api.Master.Common.CommonController|1_Controller Name:CommonController,Action:HttpGet,Method:GetDoctorsList,User:multiply,UnitID:2
2023-09-15 15:15:12.6967|INFO|PIVF.Web.Api.ARTMgmt.StimulationChart.StimulationChartController|Controller Name:StimulationChart,Action:GET,Method:SetLandingPageControls,User:multiply,UnitID:2
2023-09-15 15:15:12.6967|INFO|PIVF.Web.Api.ARTMgmt.StimulationChart.StimulationChartController|Controller Name:StimulationChart,Action:GET,Method:SetLandingPageControls,User:multiply,UnitID:2
2023-09-15 15:15:15.6368|INFO|PIVF.Web.Api.ARTMgmt.StimulationChart.StimulationChartController|Controller Name:StimulationChart,Action:GET,Method:GetStimulationChartSizeDetails,User:multiply,UnitID:2
2023-09-15 15:15:15.6368|INFO|PIVF.Web.Api.ARTMgmt.StimulationChart.StimulationChartController|Controller Name:StimulationChart,Action:GET,Method:GetStimulationChartSizeDetails,User:multiply,UnitID:2
2023-09-15 15:15:16.8835|INFO|PIVF.Web.Api.ARTMgmt.IUI.IUIAPIController|Controller Name:IUIAPI,Action:GET,Method:GetIUIDetails,User:multiply,UnitID:2
2023-09-15 15:15:16.8835|INFO|PIVF.Web.Api.ARTMgmt.IUI.IUIAPIController|Controller Name:IUIAPI,Action:GET,Method:GetIUIDetails,User:multiply,UnitID:2
2023-09-15 15:15:20.9383|INFO|PIVF.Web.Api.Master.Common.CommonController|Controller Name:Common,Action:GET,Method:GetActiveVisitByPatient,User:multiply,UnitID:2
2023-09-15 15:15:20.9383|INFO|PIVF.Web.Api.Master.Common.CommonController|Controller Name:Common,Action:GET,Method:GetActiveVisitByPatient,User:multiply,UnitID:2
2023-09-15 15:16:24.8528|INFO|PIVF.Web.Api.ARTMgmt.IUI.IUIAPIController|Controller Name:IUIAPI,Action:POST,Method:SaveUpdate,User:multiply,UnitID:2
2023-09-15 15:16:24.8528|INFO|PIVF.Web.Api.ARTMgmt.IUI.IUIAPIController|Controller Name:IUIAPI,Action:POST,Method:SaveUpdate,User:multiply,UnitID:2
2023-09-15 15:16:54.6587|INFO|PIVF.Web.Api.ARTMgmt.IUI.IUIAPIController|Controller Name:IUIAPI,Action:POST,Method:SaveUpdate,User:multiply,UnitID:2
2023-09-15 15:16:54.6587|INFO|PIVF.Web.Api.ARTMgmt.IUI.IUIAPIController|Controller Name:IUIAPI,Action:POST,Method:SaveUpdate,User:multiply,UnitID:2
2023-09-15 15:17:54.0358|INFO|PIVF.Web.Api.Master.Configuration.UserAPIController|Controller Name:UserAPI,Action:HttpGet,Method:GetGrandParentList,User:multiply,UnitID:2
2023-09-15 15:17:54.0358|INFO|PIVF.Web.Api.Master.Configuration.UserAPIController|Controller Name:UserAPI,Action:HttpGet,Method:GetGrandParentList,User:multiply,UnitID:2
2023-09-15 15:17:56.0667|INFO|PIVF.Web.Api.Master.Configuration.UserAPIController|Controller Name:UserAPI,Action:HttpGet,Method:GetUserRoleRights,User:multiply,UnitID:2
2023-09-15 15:17:56.0667|INFO|PIVF.Web.Api.Master.Configuration.UserAPIController|Controller Name:UserAPI,Action:HttpGet,Method:GetUserRoleRights,User:multiply,UnitID:2
2023-09-15 15:18:14.8042|INFO|PIVF.Web.Api.Master.Configuration.UserAPIController|Controller Name:UserAPI,Action:HttpGet,Method:GetParentList,User:multiply,UnitID:2
2023-09-15 15:18:14.8042|INFO|PIVF.Web.Api.Master.Configuration.UserAPIController|Controller Name:UserAPI,Action:HttpGet,Method:GetParentList,User:multiply,UnitID:2
2023-09-15 15:18:18.4864|INFO|PIVF.Web.Api.Master.Configuration.UserAPIController|Controller Name:UserAPI,Action:HttpGet,Method:GetParentList,User:multiply,UnitID:2
2023-09-15 15:18:18.4864|INFO|PIVF.Web.Api.Master.Configuration.UserAPIController|Controller Name:UserAPI,Action:HttpGet,Method:GetParentList,User:multiply,UnitID:2
2023-09-15 15:18:19.4678|INFO|PIVF.Web.Api.QueueMgt.QueueMgtController|Controller Name:QueueMgt,Action:HttpPost,Method:GetQueueList,User:multiply,UnitID:2
2023-09-15 15:18:19.4678|INFO|PIVF.Web.Api.QueueMgt.QueueMgtController|Controller Name:QueueMgt,Action:HttpPost,Method:GetQueueList,User:multiply,UnitID:2
2023-09-15 15:18:33.8125|INFO|PIVF.Web.Api.Master.Common.CommonController|Controller Name:Common,Action:GET,Method:GetActiveVisitByPatient,User:multiply,UnitID:2
2023-09-15 15:18:33.8125|INFO|PIVF.Web.Api.Master.Common.CommonController|Controller Name:Common,Action:GET,Method:GetActiveVisitByPatient,User:multiply,UnitID:2
2023-09-15 15:18:35.4606|INFO|PIVF.Web.Api.Master.Configuration.UserAPIController|Controller Name:UserAPI,Action:HttpGet,Method:GetParentList,User:multiply,UnitID:2
2023-09-15 15:18:35.4606|INFO|PIVF.Web.Api.Master.Configuration.UserAPIController|Controller Name:UserAPI,Action:HttpGet,Method:GetParentList,User:multiply,UnitID:2
2023-09-15 15:18:36.1837|INFO|PIVF.Web.Api.Master.Common.CommonController|1_Controller Name:CommonController,Action:HttpGet,Method:GetDoctorsList,User:multiply,UnitID:2
2023-09-15 15:18:36.1837|INFO|PIVF.Web.Api.Master.Common.CommonController|1_Controller Name:CommonController,Action:HttpGet,Method:GetDoctorsList,User:multiply,UnitID:2
2023-09-15 15:18:36.6808|INFO|PIVF.Web.Api.Master.Common.CommonController|1_Controller Name:CommonController,Action:HttpGet,Method:GetSpeclRegTypeList,User:multiply,UnitID:2
2023-09-15 15:18:36.6808|INFO|PIVF.Web.Api.Master.Common.CommonController|1_Controller Name:CommonController,Action:HttpGet,Method:GetSpeclRegTypeList,User:multiply,UnitID:2
2023-09-15 15:18:37.1825|INFO|PIVF.Web.Api.Master.Common.CommonController|1_Controller Name:CommonController,Action:HttpGet,Method:GetDepartmentList,User:multiply,UnitID:2
2023-09-15 15:18:37.1825|INFO|PIVF.Web.Api.Master.Common.CommonController|1_Controller Name:CommonController,Action:HttpGet,Method:GetDepartmentList,User:multiply,UnitID:2
2023-09-15 15:18:45.4417|INFO|PIVF.Web.Api.New_ART.NewARTController|Controller Name:NewART,Action:GET,Method:GetARTCycleList,User:multiply,UnitID:2
2023-09-15 15:18:45.4417|INFO|PIVF.Web.Api.New_ART.NewARTController|Controller Name:NewART,Action:GET,Method:GetARTCycleList,User:multiply,UnitID:2
2023-09-15 15:18:45.9464|INFO|PIVF.Web.Api.New_ART.NewARTController|Controller Name:NewART,Action:GET,Method:newCyclebtnFlag,User:multiply,UnitID:2
2023-09-15 15:18:45.9464|INFO|PIVF.Web.Api.New_ART.NewARTController|Controller Name:NewART,Action:GET,Method:newCyclebtnFlag,User:multiply,UnitID:2
2023-09-15 15:18:47.5165|INFO|PIVF.Web.Api.Master.Configuration.UserAPIController|Controller Name:UserAPI,Action:HttpGet,Method:GetParentList,User:multiply,UnitID:2
2023-09-15 15:18:47.5165|INFO|PIVF.Web.Api.Master.Configuration.UserAPIController|Controller Name:UserAPI,Action:HttpGet,Method:GetParentList,User:multiply,UnitID:2
2023-09-15 15:18:52.8422|INFO|PIVF.Web.Api.New_ART.NewARTController|Controller Name:NewART,Action:GET,Method:GetCycleOverview,User:multiply,UnitID:2
2023-09-15 15:18:52.8422|INFO|PIVF.Web.Api.New_ART.NewARTController|Controller Name:NewART,Action:GET,Method:GetCycleOverview,User:multiply,UnitID:2
2023-09-15 15:18:53.1015|INFO|PIVF.Web.Api.New_ART.NewARTController|Controller Name:NewART,Action:GET,Method:GetMedicalHistory,User:multiply,UnitID:2
2023-09-15 15:18:53.1015|INFO|PIVF.Web.Api.New_ART.NewARTController|Controller Name:NewART,Action:GET,Method:GetMedicalHistory,User:multiply,UnitID:2
2023-09-15 15:18:53.9153|INFO|PIVF.Web.Api.ARTMgmt.IUI.IUIAPIController|Controller Name:IUIAPI,Action:GET,Method:GetIUIDetails,User:multiply,UnitID:2
2023-09-15 15:18:53.9153|INFO|PIVF.Web.Api.ARTMgmt.IUI.IUIAPIController|Controller Name:IUIAPI,Action:GET,Method:GetIUIDetails,User:multiply,UnitID:2
2023-09-15 15:18:55.6018|INFO|PIVF.Web.Api.New_ART.NewARTController|Controller Name:NewART,Action:GET,Method:GetDetails,User:multiply,UnitID:2
2023-09-15 15:18:55.6018|INFO|PIVF.Web.Api.New_ART.NewARTController|Controller Name:NewART,Action:GET,Method:GetDetails,User:multiply,UnitID:2
2023-09-15 15:19:33.4237|INFO|PIVF.Web.Api.New_ART.NewARTController|Controller Name:NewART,Action:GET,Method:newCyclebtnFlag,User:multiply,UnitID:2
2023-09-15 15:19:33.4237|INFO|PIVF.Web.Api.New_ART.NewARTController|Controller Name:NewART,Action:GET,Method:newCyclebtnFlag,User:multiply,UnitID:2
2023-09-15 15:19:34.9659|INFO|PIVF.Web.Api.New_ART.NewARTController|Controller Name:NewART,Action:GET,Method:GetARTCycleList,User:multiply,UnitID:2
2023-09-15 15:19:34.9659|INFO|PIVF.Web.Api.New_ART.NewARTController|Controller Name:NewART,Action:GET,Method:GetARTCycleList,User:multiply,UnitID:2
2023-09-15 15:19:42.2658|INFO|PIVF.Web.Api.Master.Configuration.UserAPIController|Controller Name:UserAPI,Action:HttpGet,Method:GetParentList,User:multiply,UnitID:2
2023-09-15 15:19:42.2658|INFO|PIVF.Web.Api.Master.Configuration.UserAPIController|Controller Name:UserAPI,Action:HttpGet,Method:GetParentList,User:multiply,UnitID:2
2023-09-15 15:19:51.0533|INFO|PIVF.Web.Api.New_ART.NewARTController|Controller Name:NewART,Action:GET,Method:GetCycleOverview,User:multiply,UnitID:2
2023-09-15 15:19:51.0533|INFO|PIVF.Web.Api.New_ART.NewARTController|Controller Name:NewART,Action:GET,Method:GetCycleOverview,User:multiply,UnitID:2
2023-09-15 15:19:51.5395|INFO|PIVF.Web.Api.New_ART.NewARTController|Controller Name:NewART,Action:GET,Method:GetMedicalHistory,User:multiply,UnitID:2
2023-09-15 15:19:51.5395|INFO|PIVF.Web.Api.New_ART.NewARTController|Controller Name:NewART,Action:GET,Method:GetMedicalHistory,User:multiply,UnitID:2
2023-09-15 15:19:53.9611|INFO|PIVF.Web.Api.New_ART.NewARTController|Controller Name:NewART,Action:GET,Method:GetDetails,User:multiply,UnitID:2
2023-09-15 15:19:53.9611|INFO|PIVF.Web.Api.New_ART.NewARTController|Controller Name:NewART,Action:GET,Method:GetDetails,User:multiply,UnitID:2
2023-09-15 15:20:24.2295|INFO|PIVF.Web.Api.ARTMgmt.IUI.IUIAPIController|Controller Name:IUIAPI,Action:GET,Method:GetIUIDetails,User:multiply,UnitID:2
2023-09-15 15:20:24.2295|INFO|PIVF.Web.Api.ARTMgmt.IUI.IUIAPIController|Controller Name:IUIAPI,Action:GET,Method:GetIUIDetails,User:multiply,UnitID:2
2023-09-15 15:41:52.6676|INFO|PIVF.Web.Api.Master.Common.CommonController|Controller Name:Common,Action:GET,Method:GetActiveVisitByPatient,User:multiply,UnitID:2
2023-09-15 15:41:52.6676|INFO|PIVF.Web.Api.Master.Common.CommonController|Controller Name:Common,Action:GET,Method:GetActiveVisitByPatient,User:multiply,UnitID:2
2023-09-15 15:42:57.5172|INFO|PIVF.Web.Api.Master.Common.CommonController|Controller Name:Common,Action:GET,Method:GetActiveVisitByPatient,User:multiply,UnitID:2
2023-09-15 15:42:57.5172|INFO|PIVF.Web.Api.Master.Common.CommonController|Controller Name:Common,Action:GET,Method:GetActiveVisitByPatient,User:multiply,UnitID:2
2023-09-15 15:42:59.4691|INFO|PIVF.Web.Api.Master.Common.CommonController|Controller Name:Common,Action:POST,Method:PutSelectedvisitByPatient,User:multiply,UnitID:2
2023-09-15 15:42:59.4691|INFO|PIVF.Web.Api.Master.Common.CommonController|Controller Name:Common,Action:POST,Method:PutSelectedvisitByPatient,User:multiply,UnitID:2
2023-09-15 15:42:59.6037|INFO|PIVF.Web.Api.ARTMgmt.StimulationChart.StimulationChartController|Controller Name:StimulationChart,Action:GET,Method:GetStimulationChartSizeDetails,User:multiply,UnitID:2
2023-09-15 15:42:59.6037|INFO|PIVF.Web.Api.ARTMgmt.StimulationChart.StimulationChartController|Controller Name:StimulationChart,Action:GET,Method:GetStimulationChartSizeDetails,User:multiply,UnitID:2
2023-09-15 15:43:00.8764|INFO|PIVF.Web.Api.ARTMgmt.IUI.IUIAPIController|Controller Name:IUIAPI,Action:GET,Method:GetIUIDetails,User:multiply,UnitID:2
2023-09-15 15:43:00.8764|INFO|PIVF.Web.Api.ARTMgmt.IUI.IUIAPIController|Controller Name:IUIAPI,Action:GET,Method:GetIUIDetails,User:multiply,UnitID:2
2023-09-15 15:43:01.5889|INFO|PIVF.Web.Api.Master.Common.CommonController|1_Controller Name:CommonController,Action:HttpGet,Method:GetDoctorsList,User:multiply,UnitID:2
2023-09-15 15:43:01.5889|INFO|PIVF.Web.Api.Master.Common.CommonController|1_Controller Name:CommonController,Action:HttpGet,Method:GetDoctorsList,User:multiply,UnitID:2
2023-09-15 15:43:02.0955|INFO|PIVF.Web.Api.ARTMgmt.StimulationChart.StimulationChartController|Controller Name:StimulationChart,Action:GET,Method:SetLandingPageControls,User:multiply,UnitID:2
2023-09-15 15:43:02.0955|INFO|PIVF.Web.Api.ARTMgmt.StimulationChart.StimulationChartController|Controller Name:StimulationChart,Action:GET,Method:SetLandingPageControls,User:multiply,UnitID:2
2023-09-15 15:43:05.2732|INFO|PIVF.Web.Api.Master.Common.CommonController|Controller Name:Common,Action:GET,Method:GetActiveVisitByPatient,User:multiply,UnitID:2
2023-09-15 15:43:05.2732|INFO|PIVF.Web.Api.Master.Common.CommonController|Controller Name:Common,Action:GET,Method:GetActiveVisitByPatient,User:multiply,UnitID:2
2023-09-15 15:45:49.0061|INFO|PIVF.Web.Api.ARTMgmt.IUI.IUIAPIController|Controller Name:IUIAPI,Action:POST,Method:SaveUpdate,User:multiply,UnitID:2
2023-09-15 15:45:49.0061|INFO|PIVF.Web.Api.ARTMgmt.IUI.IUIAPIController|Controller Name:IUIAPI,Action:POST,Method:SaveUpdate,User:multiply,UnitID:2
2023-09-15 15:48:10.9927|INFO|PIVF.Web.Api.Master.Configuration.UserAPIController|Controller Name:UserAPI,Action:HttpGet,Method:GetUserRoleRights,User:multiply,UnitID:2
2023-09-15 15:48:10.9927|INFO|PIVF.Web.Api.Master.Configuration.UserAPIController|Controller Name:UserAPI,Action:HttpGet,Method:GetUserRoleRights,User:multiply,UnitID:2
2023-09-15 15:48:11.5089|INFO|PIVF.Web.Api.Master.Configuration.UserAPIController|Controller Name:UserAPI,Action:HttpGet,Method:GetGrandParentList,User:multiply,UnitID:2
2023-09-15 15:48:11.5089|INFO|PIVF.Web.Api.Master.Configuration.UserAPIController|Controller Name:UserAPI,Action:HttpGet,Method:GetGrandParentList,User:multiply,UnitID:2
2023-09-15 15:48:13.2333|INFO|PIVF.Web.Api.Master.Configuration.UserAPIController|Controller Name:UserAPI,Action:HttpGet,Method:GetParentList,User:multiply,UnitID:2
2023-09-15 15:48:13.2333|INFO|PIVF.Web.Api.Master.Configuration.UserAPIController|Controller Name:UserAPI,Action:HttpGet,Method:GetParentList,User:multiply,UnitID:2
2023-09-15 15:48:13.3121|INFO|PIVF.Web.Api.Master.Configuration.UserAPIController|Controller Name:UserAPI,Action:HttpGet,Method:GetParentList,User:multiply,UnitID:2
2023-09-15 15:48:13.3121|INFO|PIVF.Web.Api.Master.Configuration.UserAPIController|Controller Name:UserAPI,Action:HttpGet,Method:GetParentList,User:multiply,UnitID:2
2023-09-15 15:48:13.5415|INFO|PIVF.Web.Api.QueueMgt.QueueMgtController|Controller Name:QueueMgt,Action:HttpPost,Method:GetQueueList,User:multiply,UnitID:2
2023-09-15 15:48:13.5415|INFO|PIVF.Web.Api.QueueMgt.QueueMgtController|Controller Name:QueueMgt,Action:HttpPost,Method:GetQueueList,User:multiply,UnitID:2
2023-09-15 15:48:14.5577|INFO|PIVF.Web.Api.Master.Common.CommonController|1_Controller Name:CommonController,Action:HttpGet,Method:GetDepartmentList,User:multiply,UnitID:2
2023-09-15 15:48:14.5577|INFO|PIVF.Web.Api.Master.Common.CommonController|1_Controller Name:CommonController,Action:HttpGet,Method:GetDepartmentList,User:multiply,UnitID:2
2023-09-15 15:48:15.0837|INFO|PIVF.Web.Api.Master.Common.CommonController|1_Controller Name:CommonController,Action:HttpGet,Method:GetSpeclRegTypeList,User:multiply,UnitID:2
2023-09-15 15:48:15.0837|INFO|PIVF.Web.Api.Master.Common.CommonController|1_Controller Name:CommonController,Action:HttpGet,Method:GetSpeclRegTypeList,User:multiply,UnitID:2
2023-09-15 15:48:16.0946|INFO|PIVF.Web.Api.Master.Common.CommonController|1_Controller Name:CommonController,Action:HttpGet,Method:GetDoctorsList,User:multiply,UnitID:2
2023-09-15 15:48:16.0946|INFO|PIVF.Web.Api.Master.Common.CommonController|1_Controller Name:CommonController,Action:HttpGet,Method:GetDoctorsList,User:multiply,UnitID:2
2023-09-15 15:48:39.5312|INFO|PIVF.Web.Api.Master.Common.CommonController|Controller Name:Common,Action:GET,Method:GetActiveVisitByPatient,User:multiply,UnitID:2
2023-09-15 15:48:39.5312|INFO|PIVF.Web.Api.Master.Common.CommonController|Controller Name:Common,Action:GET,Method:GetActiveVisitByPatient,User:multiply,UnitID:2
2023-09-15 15:48:41.8137|INFO|PIVF.Web.Api.Master.Common.CommonController|Controller Name:Common,Action:GET,Method:GetActiveVisitByPatient,User:multiply,UnitID:2
2023-09-15 15:48:41.8137|INFO|PIVF.Web.Api.Master.Common.CommonController|Controller Name:Common,Action:GET,Method:GetActiveVisitByPatient,User:multiply,UnitID:2
2023-09-15 15:48:42.1538|INFO|PIVF.Web.Api.EMR.LandingPage.EMRLandingPageAPIController|Controller Name:EMRLandingPageAPI,Action:GET,Method:GetEMRLandingPageData,User:multiply,UnitID:2
2023-09-15 15:48:42.1538|INFO|PIVF.Web.Api.EMR.LandingPage.EMRLandingPageAPIController|Controller Name:EMRLandingPageAPI,Action:GET,Method:GetEMRLandingPageData,User:multiply,UnitID:2
2023-09-15 15:48:43.8884|INFO|PIVF.Web.Api.Master.Common.CommonController|Controller Name:Common,Action:POST,Method:PutSelectedvisitByPatient,User:multiply,UnitID:2
2023-09-15 15:48:43.8884|INFO|PIVF.Web.Api.Master.Common.CommonController|Controller Name:Common,Action:POST,Method:PutSelectedvisitByPatient,User:multiply,UnitID:2
2023-09-15 15:48:47.5483|INFO|PIVF.Web.Api.New_ART.NewARTController|Controller Name:NewART,Action:GET,Method:newCyclebtnFlag,User:multiply,UnitID:2
2023-09-15 15:48:47.5483|INFO|PIVF.Web.Api.New_ART.NewARTController|Controller Name:NewART,Action:GET,Method:newCyclebtnFlag,User:multiply,UnitID:2
2023-09-15 15:48:49.0732|INFO|PIVF.Web.Api.New_ART.NewARTController|Controller Name:NewART,Action:GET,Method:GetARTCycleList,User:multiply,UnitID:2
2023-09-15 15:48:49.0732|INFO|PIVF.Web.Api.New_ART.NewARTController|Controller Name:NewART,Action:GET,Method:GetARTCycleList,User:multiply,UnitID:2
2023-09-15 15:48:51.3013|INFO|PIVF.Web.Api.Master.Configuration.UserAPIController|Controller Name:UserAPI,Action:HttpGet,Method:GetParentList,User:multiply,UnitID:2
2023-09-15 15:48:51.3013|INFO|PIVF.Web.Api.Master.Configuration.UserAPIController|Controller Name:UserAPI,Action:HttpGet,Method:GetParentList,User:multiply,UnitID:2
2023-09-15 15:48:54.3243|INFO|PIVF.Web.Api.New_ART.NewARTController|Controller Name:NewART,Action:GET,Method:GetCycleOverview,User:multiply,UnitID:2
2023-09-15 15:48:54.3243|INFO|PIVF.Web.Api.New_ART.NewARTController|Controller Name:NewART,Action:GET,Method:GetCycleOverview,User:multiply,UnitID:2
2023-09-15 15:48:54.7492|INFO|PIVF.Web.Api.New_ART.NewARTController|Controller Name:NewART,Action:GET,Method:GetMedicalHistory,User:multiply,UnitID:2
2023-09-15 15:48:54.7492|INFO|PIVF.Web.Api.New_ART.NewARTController|Controller Name:NewART,Action:GET,Method:GetMedicalHistory,User:multiply,UnitID:2
2023-09-15 15:48:57.6504|INFO|PIVF.Web.Api.New_ART.NewARTController|Controller Name:NewART,Action:GET,Method:GetDetails,User:multiply,UnitID:2
2023-09-15 15:48:57.6504|INFO|PIVF.Web.Api.New_ART.NewARTController|Controller Name:NewART,Action:GET,Method:GetDetails,User:multiply,UnitID:2
2023-09-15 15:49:13.1514|INFO|PIVF.Web.Api.ARTMgmt.StimulationChart.StimulationChartController|Controller Name: StimulationChart,Action: GET,Method: GetGraphData,User: multiply,UnitID:2
2023-09-15 15:49:13.1514|INFO|PIVF.Web.Api.ARTMgmt.StimulationChart.StimulationChartController|Controller Name: StimulationChart,Action: GET,Method: GetGraphData,User: multiply,UnitID:2
2023-09-15 15:49:14.2873|INFO|PIVF.Web.Api.Master.Common.CommonController|1_Controller Name:CommonController,Action:HttpGet,Method:GetDoctorsList,User:multiply,UnitID:2
2023-09-15 15:49:14.2873|INFO|PIVF.Web.Api.Master.Common.CommonController|1_Controller Name:CommonController,Action:HttpGet,Method:GetDoctorsList,User:multiply,UnitID:2
2023-09-15 15:49:18.8691|INFO|PIVF.Web.Api.ARTMgmt.StimulationChart.StimulationChartController|Controller Name:StimulationChart,Action:GET,Method:SetLandingPageControls,User:multiply,UnitID:2
2023-09-15 15:49:18.8691|INFO|PIVF.Web.Api.ARTMgmt.StimulationChart.StimulationChartController|Controller Name:StimulationChart,Action:GET,Method:SetLandingPageControls,User:multiply,UnitID:2
2023-09-15 15:49:19.4346|INFO|PIVF.Web.Api.ARTMgmt.StimulationChart.StimulationChartController|Controller Name:StimulationChart,Action:GET,Method:GetStimulationChartSizeDetails,User:multiply,UnitID:2
2023-09-15 15:49:19.4346|INFO|PIVF.Web.Api.ARTMgmt.StimulationChart.StimulationChartController|Controller Name:StimulationChart,Action:GET,Method:GetStimulationChartSizeDetails,User:multiply,UnitID:2
2023-09-15 15:49:21.3694|INFO|PIVF.Web.Api.ARTMgmt.IUI.IUIAPIController|Controller Name:IUIAPI,Action:GET,Method:GetIUIDetails,User:multiply,UnitID:2
2023-09-15 15:49:21.3694|INFO|PIVF.Web.Api.ARTMgmt.IUI.IUIAPIController|Controller Name:IUIAPI,Action:GET,Method:GetIUIDetails,User:multiply,UnitID:2
2023-09-15 15:51:56.4540|INFO|PIVF.Web.Api.New_ART.NewARTController|Controller Name:NewART,Action:GET,Method:newCyclebtnFlag,User:multiply,UnitID:2
2023-09-15 15:51:56.4540|INFO|PIVF.Web.Api.New_ART.NewARTController|Controller Name:NewART,Action:GET,Method:newCyclebtnFlag,User:multiply,UnitID:2
2023-09-15 15:51:57.4694|INFO|PIVF.Web.Api.New_ART.NewARTController|Controller Name:NewART,Action:GET,Method:GetARTCycleList,User:multiply,UnitID:2
2023-09-15 15:51:57.4694|INFO|PIVF.Web.Api.New_ART.NewARTController|Controller Name:NewART,Action:GET,Method:GetARTCycleList,User:multiply,UnitID:2
2023-09-15 15:52:08.5014|INFO|PIVF.Web.Api.Master.Configuration.UserAPIController|Controller Name:UserAPI,Action:HttpGet,Method:GetParentList,User:multiply,UnitID:2
2023-09-15 15:52:08.5014|INFO|PIVF.Web.Api.Master.Configuration.UserAPIController|Controller Name:UserAPI,Action:HttpGet,Method:GetParentList,User:multiply,UnitID:2
2023-09-15 15:52:11.1757|INFO|PIVF.Web.Api.New_ART.NewARTController|Controller Name:NewART,Action:GET,Method:GetCycleOverview,User:multiply,UnitID:2
2023-09-15 15:52:11.1757|INFO|PIVF.Web.Api.New_ART.NewARTController|Controller Name:NewART,Action:GET,Method:GetCycleOverview,User:multiply,UnitID:2
2023-09-15 15:52:11.3602|INFO|PIVF.Web.Api.New_ART.NewARTController|Controller Name:NewART,Action:GET,Method:GetMedicalHistory,User:multiply,UnitID:2
2023-09-15 15:52:11.3602|INFO|PIVF.Web.Api.New_ART.NewARTController|Controller Name:NewART,Action:GET,Method:GetMedicalHistory,User:multiply,UnitID:2
2023-09-15 15:52:13.8481|INFO|PIVF.Web.Api.New_ART.NewARTController|Controller Name:NewART,Action:GET,Method:GetDetails,User:multiply,UnitID:2
2023-09-15 15:52:13.8481|INFO|PIVF.Web.Api.New_ART.NewARTController|Controller Name:NewART,Action:GET,Method:GetDetails,User:multiply,UnitID:2
2023-09-15 15:53:19.7752|INFO|PIVF.Web.Api.ARTMgmt.IUI.IUIAPIController|Controller Name:IUIAPI,Action:GET,Method:GetIUIDetails,User:multiply,UnitID:2
2023-09-15 15:53:19.7752|INFO|PIVF.Web.Api.ARTMgmt.IUI.IUIAPIController|Controller Name:IUIAPI,Action:GET,Method:GetIUIDetails,User:multiply,UnitID:2
2023-09-15 16:09:40.7562|INFO|PIVF.Web.Api.Master.Configuration.UserAPIController|Controller Name:UserAPI,Action:HttpGet,Method:GetGrandParentList,User:multiply,UnitID:2
2023-09-15 16:09:40.7562|INFO|PIVF.Web.Api.Master.Configuration.UserAPIController|Controller Name:UserAPI,Action:HttpGet,Method:GetGrandParentList,User:multiply,UnitID:2
2023-09-15 16:09:40.9054|INFO|PIVF.Web.Api.Master.Configuration.UserAPIController|Controller Name:UserAPI,Action:HttpGet,Method:GetUserRoleRights,User:multiply,UnitID:2
2023-09-15 16:09:40.9054|INFO|PIVF.Web.Api.Master.Configuration.UserAPIController|Controller Name:UserAPI,Action:HttpGet,Method:GetUserRoleRights,User:multiply,UnitID:2
2023-09-15 16:09:45.9779|INFO|PIVF.Web.Api.Master.Configuration.UserAPIController|Controller Name:UserAPI,Action:HttpGet,Method:GetParentList,User:multiply,UnitID:2
2023-09-15 16:09:45.9779|INFO|PIVF.Web.Api.Master.Configuration.UserAPIController|Controller Name:UserAPI,Action:HttpGet,Method:GetParentList,User:multiply,UnitID:2
2023-09-15 16:09:46.8423|INFO|PIVF.Web.Api.QueueMgt.QueueMgtController|Controller Name:QueueMgt,Action:HttpPost,Method:GetQueueList,User:multiply,UnitID:2
2023-09-15 16:09:46.8423|INFO|PIVF.Web.Api.QueueMgt.QueueMgtController|Controller Name:QueueMgt,Action:HttpPost,Method:GetQueueList,User:multiply,UnitID:2
2023-09-15 16:09:47.7180|INFO|PIVF.Web.Api.Master.Configuration.UserAPIController|Controller Name:UserAPI,Action:HttpGet,Method:GetParentList,User:multiply,UnitID:2
2023-09-15 16:09:47.7180|INFO|PIVF.Web.Api.Master.Configuration.UserAPIController|Controller Name:UserAPI,Action:HttpGet,Method:GetParentList,User:multiply,UnitID:2
2023-09-15 16:09:48.8864|INFO|PIVF.Web.Api.Master.Common.CommonController|1_Controller Name:CommonController,Action:HttpGet,Method:GetDepartmentList,User:multiply,UnitID:2
2023-09-15 16:09:48.8864|INFO|PIVF.Web.Api.Master.Common.CommonController|1_Controller Name:CommonController,Action:HttpGet,Method:GetDepartmentList,User:multiply,UnitID:2
2023-09-15 16:09:52.8852|INFO|PIVF.Web.Api.Master.Common.CommonController|Controller Name:Common,Action:GET,Method:GetActiveVisitByPatient,User:multiply,UnitID:2
2023-09-15 16:09:52.8852|INFO|PIVF.Web.Api.Master.Common.CommonController|Controller Name:Common,Action:GET,Method:GetActiveVisitByPatient,User:multiply,UnitID:2
2023-09-15 16:09:54.2249|INFO|PIVF.Web.Api.Master.Common.CommonController|Controller Name:Common,Action:GET,Method:GetActiveVisitByPatient,User:multiply,UnitID:2
2023-09-15 16:09:54.2249|INFO|PIVF.Web.Api.Master.Common.CommonController|Controller Name:Common,Action:GET,Method:GetActiveVisitByPatient,User:multiply,UnitID:2
2023-09-15 16:10:00.8394|INFO|PIVF.Web.Api.Master.Common.CommonController|Controller Name:Common,Action:POST,Method:PutSelectedvisitByPatient,User:multiply,UnitID:2
2023-09-15 16:10:00.8394|INFO|PIVF.Web.Api.Master.Common.CommonController|Controller Name:Common,Action:POST,Method:PutSelectedvisitByPatient,User:multiply,UnitID:2
2023-09-15 16:10:08.2168|INFO|PIVF.Web.Api.Master.Common.CommonController|1_Controller Name:CommonController,Action:HttpGet,Method:GetDoctorsList,User:multiply,UnitID:2
2023-09-15 16:10:08.2168|INFO|PIVF.Web.Api.Master.Common.CommonController|1_Controller Name:CommonController,Action:HttpGet,Method:GetDoctorsList,User:multiply,UnitID:2
2023-09-15 16:10:47.4891|INFO|PIVF.Web.Api.Master.Common.CommonController|1_Controller Name:CommonController,Action:HttpGet,Method:GetDepartmentList,User:multiply,UnitID:2
2023-09-15 16:10:47.4891|INFO|PIVF.Web.Api.Master.Common.CommonController|1_Controller Name:CommonController,Action:HttpGet,Method:GetDepartmentList,User:multiply,UnitID:2
2023-09-15 16:10:48.9174|INFO|PIVF.Web.Api.Master.Configuration.UserAPIController|Controller Name:UserAPI,Action:HttpGet,Method:GetUserRoleRights,User:multiply,UnitID:2
2023-09-15 16:10:48.9174|INFO|PIVF.Web.Api.Master.Configuration.UserAPIController|Controller Name:UserAPI,Action:HttpGet,Method:GetUserRoleRights,User:multiply,UnitID:2
2023-09-15 16:10:59.6590|INFO|PIVF.Web.Api.Master.Common.CommonController|1_Controller Name:CommonController,Action:HttpGet,Method:GetSpeclRegTypeList,User:multiply,UnitID:2
2023-09-15 16:10:59.6590|INFO|PIVF.Web.Api.Master.Common.CommonController|1_Controller Name:CommonController,Action:HttpGet,Method:GetSpeclRegTypeList,User:multiply,UnitID:2
2023-09-15 16:11:00.3011|INFO|PIVF.Web.Api.QueueMgt.QueueMgtController|Controller Name:QueueMgt,Action:HttpPost,Method:GetQueueList,User:multiply,UnitID:2
2023-09-15 16:11:00.3011|INFO|PIVF.Web.Api.QueueMgt.QueueMgtController|Controller Name:QueueMgt,Action:HttpPost,Method:GetQueueList,User:multiply,UnitID:2
2023-09-15 16:11:00.6412|INFO|PIVF.Web.Api.Master.Configuration.UserAPIController|Controller Name:UserAPI,Action:HttpGet,Method:GetGrandParentList,User:multiply,UnitID:2
2023-09-15 16:11:00.6412|INFO|PIVF.Web.Api.Master.Configuration.UserAPIController|Controller Name:UserAPI,Action:HttpGet,Method:GetGrandParentList,User:multiply,UnitID:2
2023-09-15 16:11:01.0998|INFO|PIVF.Web.Api.Master.Configuration.UserAPIController|Controller Name:UserAPI,Action:HttpGet,Method:GetParentList,User:multiply,UnitID:2
2023-09-15 16:11:01.0998|INFO|PIVF.Web.Api.Master.Configuration.UserAPIController|Controller Name:UserAPI,Action:HttpGet,Method:GetParentList,User:multiply,UnitID:2
2023-09-15 16:11:01.5346|INFO|PIVF.Web.Api.Master.Configuration.UserAPIController|Controller Name:UserAPI,Action:HttpGet,Method:GetParentList,User:multiply,UnitID:2
2023-09-15 16:11:01.5346|INFO|PIVF.Web.Api.Master.Configuration.UserAPIController|Controller Name:UserAPI,Action:HttpGet,Method:GetParentList,User:multiply,UnitID:2
2023-09-15 16:11:02.2540|INFO|PIVF.Web.Api.Master.Common.CommonController|1_Controller Name:CommonController,Action:HttpGet,Method:GetDoctorsList,User:multiply,UnitID:2
2023-09-15 16:11:02.2540|INFO|PIVF.Web.Api.Master.Common.CommonController|1_Controller Name:CommonController,Action:HttpGet,Method:GetDoctorsList,User:multiply,UnitID:2
2023-09-15 16:11:04.8246|INFO|PIVF.Web.Api.Master.Common.CommonController|1_Controller Name:CommonController,Action:HttpGet,Method:GetDepartmentList,User:multiply,UnitID:2
2023-09-15 16:11:04.8246|INFO|PIVF.Web.Api.Master.Common.CommonController|1_Controller Name:CommonController,Action:HttpGet,Method:GetDepartmentList,User:multiply,UnitID:2
2023-09-15 16:11:06.8000|INFO|PIVF.Web.Api.Master.Common.CommonController|Controller Name:Common,Action:GET,Method:GetActiveVisitByPatient,User:multiply,UnitID:2
2023-09-15 16:11:06.8000|INFO|PIVF.Web.Api.Master.Common.CommonController|Controller Name:Common,Action:GET,Method:GetActiveVisitByPatient,User:multiply,UnitID:2
2023-09-15 16:11:07.4306|INFO|PIVF.Web.Api.Master.Common.CommonController|Controller Name:Common,Action:GET,Method:GetActiveVisitByPatient,User:multiply,UnitID:2
2023-09-15 16:11:07.4306|INFO|PIVF.Web.Api.Master.Common.CommonController|Controller Name:Common,Action:GET,Method:GetActiveVisitByPatient,User:multiply,UnitID:2
2023-09-15 16:11:14.2550|INFO|PIVF.Web.Api.Master.Common.CommonController|Controller Name:Common,Action:POST,Method:PutSelectedvisitByPatient,User:multiply,UnitID:2
2023-09-15 16:11:14.2550|INFO|PIVF.Web.Api.Master.Common.CommonController|Controller Name:Common,Action:POST,Method:PutSelectedvisitByPatient,User:multiply,UnitID:2
2023-09-15 16:11:23.4988|INFO|PIVF.Web.Api.New_ART.NewARTController|Controller Name:NewART,Action:GET,Method:newCyclebtnFlag,User:multiply,UnitID:2
2023-09-15 16:11:23.4988|INFO|PIVF.Web.Api.New_ART.NewARTController|Controller Name:NewART,Action:GET,Method:newCyclebtnFlag,User:multiply,UnitID:2
2023-09-15 16:11:24.5264|INFO|PIVF.Web.Api.New_ART.NewARTController|Controller Name:NewART,Action:GET,Method:GetARTCycleList,User:multiply,UnitID:2
2023-09-15 16:11:24.5264|INFO|PIVF.Web.Api.New_ART.NewARTController|Controller Name:NewART,Action:GET,Method:GetARTCycleList,User:multiply,UnitID:2
2023-09-15 16:11:29.0198|INFO|PIVF.Web.Api.Master.Configuration.UserAPIController|Controller Name:UserAPI,Action:HttpGet,Method:GetParentList,User:multiply,UnitID:2
2023-09-15 16:11:29.0198|INFO|PIVF.Web.Api.Master.Configuration.UserAPIController|Controller Name:UserAPI,Action:HttpGet,Method:GetParentList,User:multiply,UnitID:2
2023-09-15 16:11:41.7518|INFO|PIVF.Web.Api.New_ART.NewARTController|Controller Name:NewART,Action:GET,Method:GetCycleOverview,User:multiply,UnitID:2
2023-09-15 16:11:41.7518|INFO|PIVF.Web.Api.New_ART.NewARTController|Controller Name:NewART,Action:GET,Method:GetCycleOverview,User:multiply,UnitID:2
2023-09-15 16:11:43.7664|INFO|PIVF.Web.Api.New_ART.NewARTController|Controller Name:NewART,Action:GET,Method:GetMedicalHistory,User:multiply,UnitID:2
2023-09-15 16:11:43.7664|INFO|PIVF.Web.Api.New_ART.NewARTController|Controller Name:NewART,Action:GET,Method:GetMedicalHistory,User:multiply,UnitID:2
2023-09-15 16:11:45.7292|INFO|PIVF.Web.Api.New_ART.NewARTController|Controller Name:NewART,Action:GET,Method:GetDetails,User:multiply,UnitID:2
2023-09-15 16:11:45.7292|INFO|PIVF.Web.Api.New_ART.NewARTController|Controller Name:NewART,Action:GET,Method:GetDetails,User:multiply,UnitID:2
2023-09-15 16:12:06.8715|INFO|PIVF.Web.Api.ARTMgmt.IUI.IUIAPIController|Controller Name:IUIAPI,Action:GET,Method:GetIUIDetails,User:multiply,UnitID:2
2023-09-15 16:12:06.8715|INFO|PIVF.Web.Api.ARTMgmt.IUI.IUIAPIController|Controller Name:IUIAPI,Action:GET,Method:GetIUIDetails,User:multiply,UnitID:2
2023-09-15 16:12:24.0915|INFO|PIVF.Web.Api.Master.Common.CommonController|Controller Name:Common,Action:GET,Method:GetActiveVisitByPatient,User:multiply,UnitID:2
2023-09-15 16:12:24.0915|INFO|PIVF.Web.Api.Master.Common.CommonController|Controller Name:Common,Action:GET,Method:GetActiveVisitByPatient,User:multiply,UnitID:2
2023-09-15 16:13:10.1079|INFO|PIVF.Web.Api.ARTMgmt.IUI.IUIAPIController|Controller Name:IUIAPI,Action:POST,Method:SaveUpdate,User:multiply,UnitID:2
2023-09-15 16:13:10.1079|INFO|PIVF.Web.Api.ARTMgmt.IUI.IUIAPIController|Controller Name:IUIAPI,Action:POST,Method:SaveUpdate,User:multiply,UnitID:2
2023-09-15 16:17:59.9332|INFO|PIVF.Web.Api.ARTMgmt.IUI.IUIAPIController|Controller Name:IUIAPI,Action:POST,Method:SaveUpdate,User:multiply,UnitID:2
2023-09-15 16:17:59.9332|INFO|PIVF.Web.Api.ARTMgmt.IUI.IUIAPIController|Controller Name:IUIAPI,Action:POST,Method:SaveUpdate,User:multiply,UnitID:2
2023-09-15 16:24:40.0368|INFO|PIVF.Web.Api.ARTMgmt.IUI.IUIAPIController|Controller Name:IUIAPI,Action:POST,Method:SaveUpdate,User:multiply,UnitID:2
2023-09-15 16:24:40.0368|INFO|PIVF.Web.Api.ARTMgmt.IUI.IUIAPIController|Controller Name:IUIAPI,Action:POST,Method:SaveUpdate,User:multiply,UnitID:2
2023-09-15 16:25:22.6206|INFO|PIVF.Web.Api.ARTMgmt.IUI.IUIAPIController|Controller Name:IUIAPI,Action:POST,Method:SaveUpdate,User:multiply,UnitID:2
2023-09-15 16:25:22.6206|INFO|PIVF.Web.Api.ARTMgmt.IUI.IUIAPIController|Controller Name:IUIAPI,Action:POST,Method:SaveUpdate,User:multiply,UnitID:2
2023-09-15 16:27:50.8652|INFO|PIVF.Web.Api.ARTMgmt.IUI.IUIAPIController|Controller Name:IUIAPI,Action:POST,Method:SaveUpdate,User:multiply,UnitID:2
2023-09-15 16:27:50.8652|INFO|PIVF.Web.Api.ARTMgmt.IUI.IUIAPIController|Controller Name:IUIAPI,Action:POST,Method:SaveUpdate,User:multiply,UnitID:2
2023-09-15 16:29:51.9765|INFO|PIVF.Web.Api.ARTMgmt.IUI.IUIAPIController|Controller Name:IUIAPI,Action:POST,Method:SaveUpdate,User:multiply,UnitID:2
2023-09-15 16:29:51.9765|INFO|PIVF.Web.Api.ARTMgmt.IUI.IUIAPIController|Controller Name:IUIAPI,Action:POST,Method:SaveUpdate,User:multiply,UnitID:2
2023-09-15 16:42:42.0939|INFO|PIVF.Web.Api.Master.Configuration.UserAPIController|Controller Name:UserAPI,Action:HttpGet,Method:GetParentList,User:multiply,UnitID:2
2023-09-15 16:42:42.0939|INFO|PIVF.Web.Api.Master.Configuration.UserAPIController|Controller Name:UserAPI,Action:HttpGet,Method:GetParentList,User:multiply,UnitID:2
2023-09-15 16:42:42.2325|INFO|PIVF.Web.Api.Master.Configuration.UserAPIController|Controller Name:UserAPI,Action:HttpGet,Method:GetParentList,User:multiply,UnitID:2
2023-09-15 16:42:42.2325|INFO|PIVF.Web.Api.Master.Configuration.UserAPIController|Controller Name:UserAPI,Action:HttpGet,Method:GetParentList,User:multiply,UnitID:2
2023-09-15 16:42:42.3203|INFO|PIVF.Web.Api.Master.Configuration.UserAPIController|Controller Name:UserAPI,Action:HttpGet,Method:GetUserRoleRights,User:multiply,UnitID:2
2023-09-15 16:42:42.3203|INFO|PIVF.Web.Api.Master.Configuration.UserAPIController|Controller Name:UserAPI,Action:HttpGet,Method:GetUserRoleRights,User:multiply,UnitID:2
2023-09-15 16:42:43.3361|INFO|PIVF.Web.Api.Master.Configuration.UserAPIController|Controller Name:UserAPI,Action:HttpGet,Method:GetGrandParentList,User:multiply,UnitID:2
2023-09-15 16:42:43.3361|INFO|PIVF.Web.Api.Master.Configuration.UserAPIController|Controller Name:UserAPI,Action:HttpGet,Method:GetGrandParentList,User:multiply,UnitID:2
2023-09-15 16:42:46.5539|INFO|PIVF.Web.Api.Master.Common.CommonController|1_Controller Name:CommonController,Action:HttpGet,Method:GetDepartmentList,User:multiply,UnitID:2
2023-09-15 16:42:46.5539|INFO|PIVF.Web.Api.Master.Common.CommonController|1_Controller Name:CommonController,Action:HttpGet,Method:GetDepartmentList,User:multiply,UnitID:2
2023-09-15 16:42:47.0639|INFO|PIVF.Web.Api.Master.Common.CommonController|1_Controller Name:CommonController,Action:HttpGet,Method:GetSpeclRegTypeList,User:multiply,UnitID:2
2023-09-15 16:42:47.0639|INFO|PIVF.Web.Api.Master.Common.CommonController|1_Controller Name:CommonController,Action:HttpGet,Method:GetSpeclRegTypeList,User:multiply,UnitID:2
2023-09-15 16:42:47.5891|INFO|PIVF.Web.Api.QueueMgt.QueueMgtController|Controller Name:QueueMgt,Action:HttpPost,Method:GetQueueList,User:multiply,UnitID:2
2023-09-15 16:42:47.5891|INFO|PIVF.Web.Api.QueueMgt.QueueMgtController|Controller Name:QueueMgt,Action:HttpPost,Method:GetQueueList,User:multiply,UnitID:2
2023-09-15 16:42:49.6336|INFO|PIVF.Web.Api.Master.Common.CommonController|1_Controller Name:CommonController,Action:HttpGet,Method:GetDoctorsList,User:multiply,UnitID:2
2023-09-15 16:42:49.6336|INFO|PIVF.Web.Api.Master.Common.CommonController|1_Controller Name:CommonController,Action:HttpGet,Method:GetDoctorsList,User:multiply,UnitID:2
2023-09-15 16:42:55.7427|INFO|PIVF.Web.Api.Master.Common.CommonController|Controller Name:Common,Action:GET,Method:GetActiveVisitByPatient,User:multiply,UnitID:2
2023-09-15 16:42:55.7427|INFO|PIVF.Web.Api.Master.Common.CommonController|Controller Name:Common,Action:GET,Method:GetActiveVisitByPatient,User:multiply,UnitID:2
2023-09-15 16:42:59.0532|INFO|PIVF.Web.Api.Master.Common.CommonController|Controller Name:Common,Action:GET,Method:GetActiveVisitByPatient,User:multiply,UnitID:2
2023-09-15 16:42:59.0532|INFO|PIVF.Web.Api.Master.Common.CommonController|Controller Name:Common,Action:GET,Method:GetActiveVisitByPatient,User:multiply,UnitID:2
2023-09-15 16:43:04.0174|INFO|PIVF.Web.Api.Master.Common.CommonController|Controller Name:Common,Action:POST,Method:PutSelectedvisitByPatient,User:multiply,UnitID:2
2023-09-15 16:43:04.0174|INFO|PIVF.Web.Api.Master.Common.CommonController|Controller Name:Common,Action:POST,Method:PutSelectedvisitByPatient,User:multiply,UnitID:2
2023-09-15 16:43:07.1320|INFO|PIVF.Web.Api.EMR.LandingPage.EMRLandingPageAPIController|Controller Name:EMRLandingPageAPI,Action:GET,Method:GetEMRLandingPageData,User:multiply,UnitID:2
2023-09-15 16:43:07.1320|INFO|PIVF.Web.Api.EMR.LandingPage.EMRLandingPageAPIController|Controller Name:EMRLandingPageAPI,Action:GET,Method:GetEMRLandingPageData,User:multiply,UnitID:2
2023-09-15 16:43:10.1821|INFO|PIVF.Web.Api.New_ART.NewARTController|Controller Name:NewART,Action:GET,Method:GetARTCycleList,User:multiply,UnitID:2
2023-09-15 16:43:10.1821|INFO|PIVF.Web.Api.New_ART.NewARTController|Controller Name:NewART,Action:GET,Method:GetARTCycleList,User:multiply,UnitID:2
2023-09-15 16:43:12.8384|INFO|PIVF.Web.Api.New_ART.NewARTController|Controller Name:NewART,Action:GET,Method:newCyclebtnFlag,User:multiply,UnitID:2
2023-09-15 16:43:12.8384|INFO|PIVF.Web.Api.New_ART.NewARTController|Controller Name:NewART,Action:GET,Method:newCyclebtnFlag,User:multiply,UnitID:2
2023-09-15 16:43:13.6520|INFO|PIVF.Web.Api.Master.Configuration.UserAPIController|Controller Name:UserAPI,Action:HttpGet,Method:GetParentList,User:multiply,UnitID:2
2023-09-15 16:43:13.6520|INFO|PIVF.Web.Api.Master.Configuration.UserAPIController|Controller Name:UserAPI,Action:HttpGet,Method:GetParentList,User:multiply,UnitID:2
2023-09-15 16:43:15.4662|INFO|PIVF.Web.Api.New_ART.NewARTController|Controller Name:NewART,Action:GET,Method:GetCycleOverview,User:multiply,UnitID:2
2023-09-15 16:43:15.4662|INFO|PIVF.Web.Api.New_ART.NewARTController|Controller Name:NewART,Action:GET,Method:GetCycleOverview,User:multiply,UnitID:2
2023-09-15 16:43:15.6267|INFO|PIVF.Web.Api.New_ART.NewARTController|Controller Name:NewART,Action:GET,Method:GetMedicalHistory,User:multiply,UnitID:2
2023-09-15 16:43:15.6267|INFO|PIVF.Web.Api.New_ART.NewARTController|Controller Name:NewART,Action:GET,Method:GetMedicalHistory,User:multiply,UnitID:2
2023-09-15 16:43:19.1405|INFO|PIVF.Web.Api.New_ART.NewARTController|Controller Name:NewART,Action:GET,Method:GetDetails,User:multiply,UnitID:2
2023-09-15 16:43:19.1405|INFO|PIVF.Web.Api.New_ART.NewARTController|Controller Name:NewART,Action:GET,Method:GetDetails,User:multiply,UnitID:2
2023-09-15 16:44:52.5179|INFO|PIVF.Web.Api.ARTMgmt.IUI.IUIAPIController|Controller Name:IUIAPI,Action:GET,Method:GetIUIDetails,User:multiply,UnitID:2
2023-09-15 16:44:52.5179|INFO|PIVF.Web.Api.ARTMgmt.IUI.IUIAPIController|Controller Name:IUIAPI,Action:GET,Method:GetIUIDetails,User:multiply,UnitID:2
2023-09-15 16:45:26.9223|INFO|PIVF.Web.Api.Master.Common.CommonController|Controller Name:Common,Action:GET,Method:GetActiveVisitByPatient,User:multiply,UnitID:2
2023-09-15 16:45:26.9223|INFO|PIVF.Web.Api.Master.Common.CommonController|Controller Name:Common,Action:GET,Method:GetActiveVisitByPatient,User:multiply,UnitID:2
2023-09-15 16:48:24.1545|INFO|PIVF.Web.Api.ARTMgmt.IUI.IUIAPIController|Controller Name:IUIAPI,Action:POST,Method:SaveUpdate,User:multiply,UnitID:2
2023-09-15 16:48:24.1545|INFO|PIVF.Web.Api.ARTMgmt.IUI.IUIAPIController|Controller Name:IUIAPI,Action:POST,Method:SaveUpdate,User:multiply,UnitID:2
2023-09-15 17:27:53.2052|INFO|PIVF.Web.Api.Master.Configuration.UserAPIController|Controller Name:UserAPI,Action:HttpGet,Method:GetGrandParentList,User:multiply,UnitID:2
2023-09-15 17:27:53.2052|INFO|PIVF.Web.Api.Master.Configuration.UserAPIController|Controller Name:UserAPI,Action:HttpGet,Method:GetGrandParentList,User:multiply,UnitID:2
2023-09-15 17:27:53.5422|INFO|PIVF.Web.Api.Master.Configuration.UserAPIController|Controller Name:UserAPI,Action:HttpGet,Method:GetUserRoleRights,User:multiply,UnitID:2
2023-09-15 17:27:53.5422|INFO|PIVF.Web.Api.Master.Configuration.UserAPIController|Controller Name:UserAPI,Action:HttpGet,Method:GetUserRoleRights,User:multiply,UnitID:2
2023-09-15 17:27:56.3201|INFO|PIVF.Web.Api.Master.Common.CommonController|1_Controller Name:CommonController,Action:HttpGet,Method:GetSpeclRegTypeList,User:multiply,UnitID:2
2023-09-15 17:27:56.3201|INFO|PIVF.Web.Api.Master.Common.CommonController|1_Controller Name:CommonController,Action:HttpGet,Method:GetSpeclRegTypeList,User:multiply,UnitID:2
2023-09-15 17:27:56.6618|INFO|PIVF.Web.Api.Master.Configuration.UserAPIController|Controller Name:UserAPI,Action:HttpGet,Method:GetParentList,User:multiply,UnitID:2
2023-09-15 17:27:56.6618|INFO|PIVF.Web.Api.Master.Configuration.UserAPIController|Controller Name:UserAPI,Action:HttpGet,Method:GetParentList,User:multiply,UnitID:2
2023-09-15 17:27:56.7436|INFO|PIVF.Web.Api.Master.Configuration.UserAPIController|Controller Name:UserAPI,Action:HttpGet,Method:GetParentList,User:multiply,UnitID:2
2023-09-15 17:27:56.7436|INFO|PIVF.Web.Api.Master.Configuration.UserAPIController|Controller Name:UserAPI,Action:HttpGet,Method:GetParentList,User:multiply,UnitID:2
2023-09-15 17:27:56.8203|INFO|PIVF.Web.Api.Master.Common.CommonController|1_Controller Name:CommonController,Action:HttpGet,Method:GetDoctorsList,User:multiply,UnitID:2
2023-09-15 17:27:56.8203|INFO|PIVF.Web.Api.Master.Common.CommonController|1_Controller Name:CommonController,Action:HttpGet,Method:GetDoctorsList,User:multiply,UnitID:2
2023-09-15 17:27:57.3346|INFO|PIVF.Web.Api.Master.Common.CommonController|1_Controller Name:CommonController,Action:HttpGet,Method:GetDepartmentList,User:multiply,UnitID:2
2023-09-15 17:27:57.3346|INFO|PIVF.Web.Api.Master.Common.CommonController|1_Controller Name:CommonController,Action:HttpGet,Method:GetDepartmentList,User:multiply,UnitID:2
2023-09-15 17:27:57.8533|INFO|PIVF.Web.Api.QueueMgt.QueueMgtController|Controller Name:QueueMgt,Action:HttpPost,Method:GetQueueList,User:multiply,UnitID:2
2023-09-15 17:27:57.8533|INFO|PIVF.Web.Api.QueueMgt.QueueMgtController|Controller Name:QueueMgt,Action:HttpPost,Method:GetQueueList,User:multiply,UnitID:2
2023-09-15 17:29:00.7560|INFO|PIVF.Web.Api.Master.Common.CommonController|Controller Name:Common,Action:GET,Method:GetActiveVisitByPatient,User:multiply,UnitID:2
2023-09-15 17:29:00.7560|INFO|PIVF.Web.Api.Master.Common.CommonController|Controller Name:Common,Action:GET,Method:GetActiveVisitByPatient,User:multiply,UnitID:2
2023-09-15 17:29:01.4344|INFO|PIVF.Web.Api.Master.Common.CommonController|Controller Name:Common,Action:GET,Method:GetActiveVisitByPatient,User:multiply,UnitID:2
2023-09-15 17:29:01.4344|INFO|PIVF.Web.Api.Master.Common.CommonController|Controller Name:Common,Action:GET,Method:GetActiveVisitByPatient,User:multiply,UnitID:2
2023-09-15 17:29:03.5084|INFO|PIVF.Web.Api.EMR.LandingPage.EMRLandingPageAPIController|Controller Name:EMRLandingPageAPI,Action:GET,Method:GetEMRLandingPageData,User:multiply,UnitID:2
2023-09-15 17:29:03.5084|INFO|PIVF.Web.Api.EMR.LandingPage.EMRLandingPageAPIController|Controller Name:EMRLandingPageAPI,Action:GET,Method:GetEMRLandingPageData,User:multiply,UnitID:2
2023-09-15 17:29:06.7822|INFO|PIVF.Web.Api.New_ART.NewARTController|Controller Name:NewART,Action:GET,Method:newCyclebtnFlag,User:multiply,UnitID:2
2023-09-15 17:29:06.7822|INFO|PIVF.Web.Api.New_ART.NewARTController|Controller Name:NewART,Action:GET,Method:newCyclebtnFlag,User:multiply,UnitID:2
2023-09-15 17:29:06.8151|INFO|PIVF.Web.Api.New_ART.NewARTController|Controller Name:NewART,Action:GET,Method:GetARTCycleList,User:multiply,UnitID:2
2023-09-15 17:29:06.8151|INFO|PIVF.Web.Api.New_ART.NewARTController|Controller Name:NewART,Action:GET,Method:GetARTCycleList,User:multiply,UnitID:2
2023-09-15 17:29:07.9038|INFO|PIVF.Web.Api.Master.Common.CommonController|Controller Name:Common,Action:POST,Method:PutSelectedvisitByPatient,User:multiply,UnitID:2
2023-09-15 17:29:07.9038|INFO|PIVF.Web.Api.Master.Common.CommonController|Controller Name:Common,Action:POST,Method:PutSelectedvisitByPatient,User:multiply,UnitID:2
2023-09-15 17:29:10.3320|INFO|PIVF.Web.Api.Master.Configuration.UserAPIController|Controller Name:UserAPI,Action:HttpGet,Method:GetParentList,User:multiply,UnitID:2
2023-09-15 17:29:10.3320|INFO|PIVF.Web.Api.Master.Configuration.UserAPIController|Controller Name:UserAPI,Action:HttpGet,Method:GetParentList,User:multiply,UnitID:2
2023-09-15 17:29:13.0305|INFO|PIVF.Web.Api.New_ART.NewARTController|Controller Name:NewART,Action:GET,Method:GetCycleOverview,User:multiply,UnitID:2
2023-09-15 17:29:13.0305|INFO|PIVF.Web.Api.New_ART.NewARTController|Controller Name:NewART,Action:GET,Method:GetCycleOverview,User:multiply,UnitID:2
2023-09-15 17:29:13.6766|INFO|PIVF.Web.Api.New_ART.NewARTController|Controller Name:NewART,Action:GET,Method:GetMedicalHistory,User:multiply,UnitID:2
2023-09-15 17:29:13.6766|INFO|PIVF.Web.Api.New_ART.NewARTController|Controller Name:NewART,Action:GET,Method:GetMedicalHistory,User:multiply,UnitID:2
2023-09-15 17:31:16.0250|INFO|PIVF.Web.Api.ARTMgmt.IUI.IUIAPIController|Controller Name:IUIAPI,Action:GET,Method:GetIUIDetails,User:multiply,UnitID:2
2023-09-15 17:31:16.0250|INFO|PIVF.Web.Api.ARTMgmt.IUI.IUIAPIController|Controller Name:IUIAPI,Action:GET,Method:GetIUIDetails,User:multiply,UnitID:2
2023-09-15 17:31:19.5439|INFO|PIVF.Web.Api.Master.Configuration.UserAPIController|Controller Name:UserAPI,Action:HttpGet,Method:GetGrandParentList,User:multiply,UnitID:2
2023-09-15 17:31:19.5439|INFO|PIVF.Web.Api.Master.Configuration.UserAPIController|Controller Name:UserAPI,Action:HttpGet,Method:GetGrandParentList,User:multiply,UnitID:2
2023-09-15 17:31:19.6028|INFO|PIVF.Web.Api.Master.Configuration.UserAPIController|Controller Name:UserAPI,Action:HttpGet,Method:GetUserRoleRights,User:multiply,UnitID:2
2023-09-15 17:31:19.6028|INFO|PIVF.Web.Api.Master.Configuration.UserAPIController|Controller Name:UserAPI,Action:HttpGet,Method:GetUserRoleRights,User:multiply,UnitID:2
2023-09-15 17:31:20.6668|INFO|PIVF.Web.Api.Master.Common.CommonController|1_Controller Name:CommonController,Action:HttpGet,Method:GetDepartmentList,User:multiply,UnitID:2
2023-09-15 17:31:20.6668|INFO|PIVF.Web.Api.Master.Common.CommonController|1_Controller Name:CommonController,Action:HttpGet,Method:GetDepartmentList,User:multiply,UnitID:2
2023-09-15 17:31:20.6927|INFO|PIVF.Web.Api.Master.Configuration.UserAPIController|Controller Name:UserAPI,Action:HttpGet,Method:GetParentList,User:multiply,UnitID:2
2023-09-15 17:31:20.6927|INFO|PIVF.Web.Api.Master.Configuration.UserAPIController|Controller Name:UserAPI,Action:HttpGet,Method:GetParentList,User:multiply,UnitID:2
2023-09-15 17:31:20.7513|INFO|PIVF.Web.Api.Master.Configuration.UserAPIController|Controller Name:UserAPI,Action:HttpGet,Method:GetParentList,User:multiply,UnitID:2
2023-09-15 17:31:20.7513|INFO|PIVF.Web.Api.Master.Configuration.UserAPIController|Controller Name:UserAPI,Action:HttpGet,Method:GetParentList,User:multiply,UnitID:2
2023-09-15 17:31:21.1762|INFO|PIVF.Web.Api.QueueMgt.QueueMgtController|Controller Name:QueueMgt,Action:HttpPost,Method:GetQueueList,User:multiply,UnitID:2
2023-09-15 17:31:21.1762|INFO|PIVF.Web.Api.QueueMgt.QueueMgtController|Controller Name:QueueMgt,Action:HttpPost,Method:GetQueueList,User:multiply,UnitID:2
2023-09-15 17:31:21.6780|INFO|PIVF.Web.Api.Master.Common.CommonController|1_Controller Name:CommonController,Action:HttpGet,Method:GetDoctorsList,User:multiply,UnitID:2
2023-09-15 17:31:21.6780|INFO|PIVF.Web.Api.Master.Common.CommonController|1_Controller Name:CommonController,Action:HttpGet,Method:GetDoctorsList,User:multiply,UnitID:2
2023-09-15 17:31:22.1915|INFO|PIVF.Web.Api.Master.Common.CommonController|1_Controller Name:CommonController,Action:HttpGet,Method:GetSpeclRegTypeList,User:multiply,UnitID:2
2023-09-15 17:31:22.1915|INFO|PIVF.Web.Api.Master.Common.CommonController|1_Controller Name:CommonController,Action:HttpGet,Method:GetSpeclRegTypeList,User:multiply,UnitID:2
2023-09-15 17:31:25.8754|INFO|PIVF.Web.Api.EMR.MaleHistory.SemenFreezController|Controller Name:SemenFreez,Action:GET,Method:GetMaxID,User:multiply,UnitID:2
2023-09-15 17:31:25.8754|INFO|PIVF.Web.Api.EMR.MaleHistory.SemenFreezController|Controller Name:SemenFreez,Action:GET,Method:GetMaxID,User:multiply,UnitID:2
2023-09-15 17:31:29.8919|INFO|PIVF.Web.Api.Master.Common.CommonController|Controller Name:Common,Action:GET,Method:GetActiveVisitByPatient,User:multiply,UnitID:2
2023-09-15 17:31:29.8919|INFO|PIVF.Web.Api.Master.Common.CommonController|Controller Name:Common,Action:GET,Method:GetActiveVisitByPatient,User:multiply,UnitID:2
2023-09-15 17:31:29.9059|INFO|PIVF.Web.Api.Master.Common.CommonController|Controller Name:Common,Action:GET,Method:GetActiveVisitByPatient,User:multiply,UnitID:2
2023-09-15 17:31:29.9059|INFO|PIVF.Web.Api.Master.Common.CommonController|Controller Name:Common,Action:GET,Method:GetActiveVisitByPatient,User:multiply,UnitID:2
2023-09-15 17:31:30.6103|INFO|PIVF.Web.Api.EMR.LandingPage.EMRLandingPageAPIController|Controller Name:EMRLandingPageAPI,Action:GET,Method:GetEMRLandingPageData,User:multiply,UnitID:2
2023-09-15 17:31:30.6103|INFO|PIVF.Web.Api.EMR.LandingPage.EMRLandingPageAPIController|Controller Name:EMRLandingPageAPI,Action:GET,Method:GetEMRLandingPageData,User:multiply,UnitID:2
2023-09-15 17:31:31.7251|INFO|PIVF.Web.Api.Master.Common.CommonController|Controller Name:Common,Action:POST,Method:PutSelectedvisitByPatient,User:multiply,UnitID:2
2023-09-15 17:31:31.7251|INFO|PIVF.Web.Api.Master.Common.CommonController|Controller Name:Common,Action:POST,Method:PutSelectedvisitByPatient,User:multiply,UnitID:2
2023-09-15 17:31:33.6381|INFO|PIVF.Web.Api.New_ART.NewARTController|Controller Name:NewART,Action:GET,Method:newCyclebtnFlag,User:multiply,UnitID:2
2023-09-15 17:31:33.6381|INFO|PIVF.Web.Api.New_ART.NewARTController|Controller Name:NewART,Action:GET,Method:newCyclebtnFlag,User:multiply,UnitID:2
2023-09-15 17:31:34.6554|INFO|PIVF.Web.Api.New_ART.NewARTController|Controller Name:NewART,Action:GET,Method:GetARTCycleList,User:multiply,UnitID:2
2023-09-15 17:31:34.6554|INFO|PIVF.Web.Api.New_ART.NewARTController|Controller Name:NewART,Action:GET,Method:GetARTCycleList,User:multiply,UnitID:2
2023-09-15 17:31:36.0694|INFO|PIVF.Web.Api.Master.Configuration.UserAPIController|Controller Name:UserAPI,Action:HttpGet,Method:GetParentList,User:multiply,UnitID:2
2023-09-15 17:31:36.0694|INFO|PIVF.Web.Api.Master.Configuration.UserAPIController|Controller Name:UserAPI,Action:HttpGet,Method:GetParentList,User:multiply,UnitID:2
2023-09-15 17:31:37.2030|INFO|PIVF.Web.Api.New_ART.NewARTController|Controller Name:NewART,Action:GET,Method:GetCycleOverview,User:multiply,UnitID:2
2023-09-15 17:31:37.2030|INFO|PIVF.Web.Api.New_ART.NewARTController|Controller Name:NewART,Action:GET,Method:GetCycleOverview,User:multiply,UnitID:2
2023-09-15 17:31:37.3646|INFO|PIVF.Web.Api.New_ART.NewARTController|Controller Name:NewART,Action:GET,Method:GetMedicalHistory,User:multiply,UnitID:2
2023-09-15 17:31:37.3646|INFO|PIVF.Web.Api.New_ART.NewARTController|Controller Name:NewART,Action:GET,Method:GetMedicalHistory,User:multiply,UnitID:2
2023-09-15 17:31:41.9330|INFO|PIVF.Web.Api.ARTMgmt.IUI.IUIAPIController|Controller Name:IUIAPI,Action:GET,Method:GetIUIDetails,User:multiply,UnitID:2
2023-09-15 17:31:41.9330|INFO|PIVF.Web.Api.ARTMgmt.IUI.IUIAPIController|Controller Name:IUIAPI,Action:GET,Method:GetIUIDetails,User:multiply,UnitID:2
2023-09-15 17:31:43.5678|INFO|PIVF.Web.Api.New_ART.NewARTController|Controller Name:NewART,Action:GET,Method:GetDetails,User:multiply,UnitID:2
2023-09-15 17:31:43.5678|INFO|PIVF.Web.Api.New_ART.NewARTController|Controller Name:NewART,Action:GET,Method:GetDetails,User:multiply,UnitID:2
2023-09-15 17:31:49.7859|INFO|PIVF.Web.Api.Master.Common.CommonController|Controller Name:Common,Action:GET,Method:GetActiveVisitByPatient,User:multiply,UnitID:2
2023-09-15 17:31:49.7859|INFO|PIVF.Web.Api.Master.Common.CommonController|Controller Name:Common,Action:GET,Method:GetActiveVisitByPatient,User:multiply,UnitID:2
2023-09-15 17:32:45.7080|INFO|PIVF.Web.Api.ARTMgmt.IUI.IUIAPIController|Controller Name:IUIAPI,Action:POST,Method:SaveUpdate,User:multiply,UnitID:2
2023-09-15 17:32:45.7080|INFO|PIVF.Web.Api.ARTMgmt.IUI.IUIAPIController|Controller Name:IUIAPI,Action:POST,Method:SaveUpdate,User:multiply,UnitID:2
2023-09-15 17:33:34.6108|INFO|PIVF.Web.Api.ARTMgmt.IUI.IUIAPIController|Controller Name:IUIAPI,Action:POST,Method:SaveUpdate,User:multiply,UnitID:2
2023-09-15 17:33:34.6108|INFO|PIVF.Web.Api.ARTMgmt.IUI.IUIAPIController|Controller Name:IUIAPI,Action:POST,Method:SaveUpdate,User:multiply,UnitID:2
2023-09-15 17:35:28.1925|INFO|PIVF.Web.Api.Master.Configuration.UserAPIController|Controller Name:UserAPI,Action:HttpGet,Method:GetParentList,User:multiply,UnitID:2
2023-09-15 17:35:28.1925|INFO|PIVF.Web.Api.Master.Configuration.UserAPIController|Controller Name:UserAPI,Action:HttpGet,Method:GetParentList,User:multiply,UnitID:2
2023-09-15 17:35:28.2933|INFO|PIVF.Web.Api.Master.Configuration.UserAPIController|Controller Name:UserAPI,Action:HttpGet,Method:GetParentList,User:multiply,UnitID:2
2023-09-15 17:35:28.2933|INFO|PIVF.Web.Api.Master.Configuration.UserAPIController|Controller Name:UserAPI,Action:HttpGet,Method:GetParentList,User:multiply,UnitID:2
2023-09-15 17:35:28.4588|INFO|PIVF.Web.Api.Master.Configuration.UserAPIController|Controller Name:UserAPI,Action:HttpGet,Method:GetGrandParentList,User:multiply,UnitID:2
2023-09-15 17:35:28.4588|INFO|PIVF.Web.Api.Master.Configuration.UserAPIController|Controller Name:UserAPI,Action:HttpGet,Method:GetGrandParentList,User:multiply,UnitID:2
2023-09-15 17:35:30.3699|INFO|PIVF.Web.Api.Master.Common.CommonController|1_Controller Name:CommonController,Action:HttpGet,Method:GetSpeclRegTypeList,User:multiply,UnitID:2
2023-09-15 17:35:30.3699|INFO|PIVF.Web.Api.Master.Common.CommonController|1_Controller Name:CommonController,Action:HttpGet,Method:GetSpeclRegTypeList,User:multiply,UnitID:2
2023-09-15 17:35:30.4781|INFO|PIVF.Web.Api.Master.Configuration.UserAPIController|Controller Name:UserAPI,Action:HttpGet,Method:GetUserRoleRights,User:multiply,UnitID:2
2023-09-15 17:35:30.4781|INFO|PIVF.Web.Api.Master.Configuration.UserAPIController|Controller Name:UserAPI,Action:HttpGet,Method:GetUserRoleRights,User:multiply,UnitID:2
2023-09-15 17:35:30.8936|INFO|PIVF.Web.Api.QueueMgt.QueueMgtController|Controller Name:QueueMgt,Action:HttpPost,Method:GetQueueList,User:multiply,UnitID:2
2023-09-15 17:35:30.8936|INFO|PIVF.Web.Api.QueueMgt.QueueMgtController|Controller Name:QueueMgt,Action:HttpPost,Method:GetQueueList,User:multiply,UnitID:2
2023-09-15 17:35:31.3659|INFO|PIVF.Web.Api.Master.Common.CommonController|1_Controller Name:CommonController,Action:HttpGet,Method:GetDoctorsList,User:multiply,UnitID:2
2023-09-15 17:35:31.3659|INFO|PIVF.Web.Api.Master.Common.CommonController|1_Controller Name:CommonController,Action:HttpGet,Method:GetDoctorsList,User:multiply,UnitID:2
2023-09-15 17:35:31.8667|INFO|PIVF.Web.Api.Master.Common.CommonController|1_Controller Name:CommonController,Action:HttpGet,Method:GetDepartmentList,User:multiply,UnitID:2
2023-09-15 17:35:31.8667|INFO|PIVF.Web.Api.Master.Common.CommonController|1_Controller Name:CommonController,Action:HttpGet,Method:GetDepartmentList,User:multiply,UnitID:2
2023-09-15 17:35:35.2098|INFO|PIVF.Web.Api.Master.Common.CommonController|Controller Name:Common,Action:GET,Method:GetActiveVisitByPatient,User:multiply,UnitID:2
2023-09-15 17:35:35.2098|INFO|PIVF.Web.Api.Master.Common.CommonController|Controller Name:Common,Action:GET,Method:GetActiveVisitByPatient,User:multiply,UnitID:2
2023-09-15 17:35:35.2367|INFO|PIVF.Web.Api.Master.Common.CommonController|Controller Name:Common,Action:GET,Method:GetActiveVisitByPatient,User:multiply,UnitID:2
2023-09-15 17:35:35.2367|INFO|PIVF.Web.Api.Master.Common.CommonController|Controller Name:Common,Action:GET,Method:GetActiveVisitByPatient,User:multiply,UnitID:2
2023-09-15 17:35:37.3958|INFO|PIVF.Web.Api.EMR.LandingPage.EMRLandingPageAPIController|Controller Name:EMRLandingPageAPI,Action:GET,Method:GetEMRLandingPageData,User:multiply,UnitID:2
2023-09-15 17:35:37.3958|INFO|PIVF.Web.Api.EMR.LandingPage.EMRLandingPageAPIController|Controller Name:EMRLandingPageAPI,Action:GET,Method:GetEMRLandingPageData,User:multiply,UnitID:2
2023-09-15 17:35:37.7369|INFO|PIVF.Web.Api.Master.Common.CommonController|Controller Name:Common,Action:POST,Method:PutSelectedvisitByPatient,User:multiply,UnitID:2
2023-09-15 17:35:37.7369|INFO|PIVF.Web.Api.Master.Common.CommonController|Controller Name:Common,Action:POST,Method:PutSelectedvisitByPatient,User:multiply,UnitID:2
2023-09-15 17:35:45.7587|INFO|PIVF.Web.Api.New_ART.NewARTController|Controller Name:NewART,Action:GET,Method:newCyclebtnFlag,User:multiply,UnitID:2
2023-09-15 17:35:45.7587|INFO|PIVF.Web.Api.New_ART.NewARTController|Controller Name:NewART,Action:GET,Method:newCyclebtnFlag,User:multiply,UnitID:2
2023-09-15 17:35:46.2564|INFO|PIVF.Web.Api.New_ART.NewARTController|Controller Name:NewART,Action:GET,Method:GetARTCycleList,User:multiply,UnitID:2
2023-09-15 17:35:46.2564|INFO|PIVF.Web.Api.New_ART.NewARTController|Controller Name:NewART,Action:GET,Method:GetARTCycleList,User:multiply,UnitID:2
2023-09-15 17:35:48.4419|INFO|PIVF.Web.Api.Master.Configuration.UserAPIController|Controller Name:UserAPI,Action:HttpGet,Method:GetParentList,User:multiply,UnitID:2
2023-09-15 17:35:48.4419|INFO|PIVF.Web.Api.Master.Configuration.UserAPIController|Controller Name:UserAPI,Action:HttpGet,Method:GetParentList,User:multiply,UnitID:2
2023-09-15 17:35:49.0772|INFO|PIVF.Web.Api.New_ART.NewARTController|Controller Name:NewART,Action:GET,Method:GetCycleOverview,User:multiply,UnitID:2
2023-09-15 17:35:49.0772|INFO|PIVF.Web.Api.New_ART.NewARTController|Controller Name:NewART,Action:GET,Method:GetCycleOverview,User:multiply,UnitID:2
2023-09-15 17:35:49.2068|INFO|PIVF.Web.Api.New_ART.NewARTController|Controller Name:NewART,Action:GET,Method:GetMedicalHistory,User:multiply,UnitID:2
2023-09-15 17:35:49.2068|INFO|PIVF.Web.Api.New_ART.NewARTController|Controller Name:NewART,Action:GET,Method:GetMedicalHistory,User:multiply,UnitID:2
2023-09-15 17:35:52.2257|INFO|PIVF.Web.Api.New_ART.NewARTController|Controller Name:NewART,Action:GET,Method:GetDetails,User:multiply,UnitID:2
2023-09-15 17:35:52.2257|INFO|PIVF.Web.Api.New_ART.NewARTController|Controller Name:NewART,Action:GET,Method:GetDetails,User:multiply,UnitID:2
2023-09-15 17:35:52.4231|INFO|PIVF.Web.Api.ARTMgmt.IUI.IUIAPIController|Controller Name:IUIAPI,Action:GET,Method:GetIUIDetails,User:multiply,UnitID:2
2023-09-15 17:35:52.4231|INFO|PIVF.Web.Api.ARTMgmt.IUI.IUIAPIController|Controller Name:IUIAPI,Action:GET,Method:GetIUIDetails,User:multiply,UnitID:2
2023-09-15 17:35:55.3969|INFO|PIVF.Web.Api.Master.Common.CommonController|Controller Name:Common,Action:GET,Method:GetActiveVisitByPatient,User:multiply,UnitID:2
2023-09-15 17:35:55.3969|INFO|PIVF.Web.Api.Master.Common.CommonController|Controller Name:Common,Action:GET,Method:GetActiveVisitByPatient,User:multiply,UnitID:2
2023-09-15 17:36:29.8761|INFO|PIVF.Web.Api.ARTMgmt.IUI.IUIAPIController|Controller Name:IUIAPI,Action:POST,Method:SaveUpdate,User:multiply,UnitID:2
2023-09-15 17:36:29.8761|INFO|PIVF.Web.Api.ARTMgmt.IUI.IUIAPIController|Controller Name:IUIAPI,Action:POST,Method:SaveUpdate,User:multiply,UnitID:2
2023-09-15 17:36:40.7045|INFO|PIVF.Web.Api.ARTMgmt.IUI.IUIAPIController|Controller Name:IUIAPI,Action:GET,Method:GetIUIDetails,User:multiply,UnitID:2
2023-09-15 17:36:40.7045|INFO|PIVF.Web.Api.ARTMgmt.IUI.IUIAPIController|Controller Name:IUIAPI,Action:GET,Method:GetIUIDetails,User:multiply,UnitID:2
2023-09-15 17:37:03.4519|INFO|PIVF.Web.Api.ARTMgmt.Outcome.OutcomeAPIController|Controller Name:OutcomeAPI,Action:GET,Method:GetETPregnancydate,User:multiply,UnitID:2
2023-09-15 17:37:03.4519|INFO|PIVF.Web.Api.ARTMgmt.Outcome.OutcomeAPIController|Controller Name:OutcomeAPI,Action:GET,Method:GetETPregnancydate,User:multiply,UnitID:2
2023-09-15 17:37:04.8646|INFO|PIVF.Web.Api.ARTMgmt.Outcome.OutcomeAPIController|Controller Name:OutcomeAPI,Action:GET,Method:GetOutcomeDetails,User:multiply,UnitID:2
2023-09-15 17:37:04.8646|INFO|PIVF.Web.Api.ARTMgmt.Outcome.OutcomeAPIController|Controller Name:OutcomeAPI,Action:GET,Method:GetOutcomeDetails,User:multiply,UnitID:2
2023-09-15 17:37:04.9314|INFO|PIVF.Web.Api.ARTMgmt.Outcome.OutcomeAPIController|Controller Name:OutcomeAPI,Action:GET,Method:GetETPregnancydate,User:multiply,UnitID:2
2023-09-15 17:37:04.9314|INFO|PIVF.Web.Api.ARTMgmt.Outcome.OutcomeAPIController|Controller Name:OutcomeAPI,Action:GET,Method:GetETPregnancydate,User:multiply,UnitID:2
2023-09-15 17:37:07.7739|INFO|PIVF.Web.Api.ARTMgmt.StimulationChart.StimulationChartController|Controller Name:StimulationChart,Action:GET,Method:GetStimulationChartSizeDetails,User:multiply,UnitID:2
2023-09-15 17:37:07.7739|INFO|PIVF.Web.Api.ARTMgmt.StimulationChart.StimulationChartController|Controller Name:StimulationChart,Action:GET,Method:GetStimulationChartSizeDetails,User:multiply,UnitID:2
2023-09-15 17:37:07.8517|INFO|PIVF.Web.Api.Master.Common.CommonController|1_Controller Name:CommonController,Action:HttpGet,Method:GetDoctorsList,User:multiply,UnitID:2
2023-09-15 17:37:07.8517|INFO|PIVF.Web.Api.Master.Common.CommonController|1_Controller Name:CommonController,Action:HttpGet,Method:GetDoctorsList,User:multiply,UnitID:2
2023-09-15 17:37:08.7385|INFO|PIVF.Web.Api.ARTMgmt.StimulationChart.StimulationChartController|Controller Name:StimulationChart,Action:GET,Method:SetLandingPageControls,User:multiply,UnitID:2
2023-09-15 17:37:08.7385|INFO|PIVF.Web.Api.ARTMgmt.StimulationChart.StimulationChartController|Controller Name:StimulationChart,Action:GET,Method:SetLandingPageControls,User:multiply,UnitID:2
2023-09-15 17:37:09.2452|INFO|PIVF.Web.Api.ARTMgmt.StimulationChart.StimulationChartController|Controller Name: StimulationChart,Action: GET,Method: GetGraphData,User: multiply,UnitID:2
2023-09-15 17:37:09.2452|INFO|PIVF.Web.Api.ARTMgmt.StimulationChart.StimulationChartController|Controller Name: StimulationChart,Action: GET,Method: GetGraphData,User: multiply,UnitID:2
2023-09-15 17:37:20.4782|INFO|PIVF.Web.Api.New_ART.NewARTController|Controller Name:NewART,Action:GET,Method:newCyclebtnFlag,User:multiply,UnitID:2
2023-09-15 17:37:20.4782|INFO|PIVF.Web.Api.New_ART.NewARTController|Controller Name:NewART,Action:GET,Method:newCyclebtnFlag,User:multiply,UnitID:2
2023-09-15 17:37:20.9888|INFO|PIVF.Web.Api.New_ART.NewARTController|Controller Name:NewART,Action:GET,Method:GetARTCycleList,User:multiply,UnitID:2
2023-09-15 17:37:20.9888|INFO|PIVF.Web.Api.New_ART.NewARTController|Controller Name:NewART,Action:GET,Method:GetARTCycleList,User:multiply,UnitID:2
2023-09-15 17:37:23.7437|INFO|PIVF.Web.Api.Master.Configuration.UserAPIController|Controller Name:UserAPI,Action:HttpGet,Method:GetParentList,User:multiply,UnitID:2
2023-09-15 17:37:23.7437|INFO|PIVF.Web.Api.Master.Configuration.UserAPIController|Controller Name:UserAPI,Action:HttpGet,Method:GetParentList,User:multiply,UnitID:2
2023-09-15 17:37:25.3200|INFO|PIVF.Web.Api.New_ART.NewARTController|Controller Name:NewART,Action:GET,Method:GetCycleOverview,User:multiply,UnitID:2
2023-09-15 17:37:25.3200|INFO|PIVF.Web.Api.New_ART.NewARTController|Controller Name:NewART,Action:GET,Method:GetCycleOverview,User:multiply,UnitID:2
2023-09-15 17:37:25.9413|INFO|PIVF.Web.Api.New_ART.NewARTController|Controller Name:NewART,Action:GET,Method:GetMedicalHistory,User:multiply,UnitID:2
2023-09-15 17:37:25.9413|INFO|PIVF.Web.Api.New_ART.NewARTController|Controller Name:NewART,Action:GET,Method:GetMedicalHistory,User:multiply,UnitID:2
2023-09-15 17:37:27.4945|INFO|PIVF.Web.Api.ARTMgmt.IUI.IUIAPIController|Controller Name:IUIAPI,Action:GET,Method:GetIUIDetails,User:multiply,UnitID:2
2023-09-15 17:37:27.4945|INFO|PIVF.Web.Api.ARTMgmt.IUI.IUIAPIController|Controller Name:IUIAPI,Action:GET,Method:GetIUIDetails,User:multiply,UnitID:2
2023-09-15 17:37:28.4546|INFO|PIVF.Web.Api.New_ART.NewARTController|Controller Name:NewART,Action:GET,Method:GetDetails,User:multiply,UnitID:2
2023-09-15 17:37:28.4546|INFO|PIVF.Web.Api.New_ART.NewARTController|Controller Name:NewART,Action:GET,Method:GetDetails,User:multiply,UnitID:2
