2022-08-27 11:58:25.5767|INFO|PIVF.Web.Api.Master.Configuration.UserAPIController|Controller Name:UserAPI,Action:HttpGet,Method:GetParentList,User:multiplyadmin,UnitID:2
2022-08-27 11:58:25.5767|INFO|PIVF.Web.Api.Master.Configuration.UserAPIController|Controller Name:UserAPI,Action:HttpGet,Method:GetParentList,User:multiplyadmin,UnitID:2
2022-08-27 11:58:25.8617|INFO|PIVF.Web.Api.Master.Configuration.UserAPIController|Controller Name:UserAPI,Action:HttpGet,Method:GetParentList,User:multiplyadmin,UnitID:2
2022-08-27 11:58:25.8617|INFO|PIVF.Web.Api.Master.Configuration.UserAPIController|Controller Name:UserAPI,Action:HttpGet,Method:GetParentList,User:multiplyadmin,UnitID:2
2022-08-27 11:58:26.4105|INFO|PIVF.Web.Api.Master.Configuration.UserAPIController|Controller Name:UserAPI,Action:HttpGet,Method:GetGrandParentList,User:multiplyadmin,UnitID:2
2022-08-27 11:58:26.4105|INFO|PIVF.Web.Api.Master.Configuration.UserAPIController|Controller Name:UserAPI,Action:HttpGet,Method:GetGrandParentList,User:multiplyadmin,UnitID:2
2022-08-27 11:58:26.8514|INFO|PIVF.Web.Api.QueueMgt.QueueMgtController|Controller Name:QueueMgt,Action:HttpPost,Method:GetQueueList,User:multiplyadmin,UnitID:2
2022-08-27 11:58:26.8514|INFO|PIVF.Web.Api.QueueMgt.QueueMgtController|Controller Name:QueueMgt,Action:HttpPost,Method:GetQueueList,User:multiplyadmin,UnitID:2
2022-08-27 11:58:27.3510|INFO|PIVF.Web.Api.Master.Common.CommonController|1_Controller Name:CommonController,Action:HttpGet,Method:GetDoctorsList,User:multiplyadmin,UnitID:2
2022-08-27 11:58:27.3510|INFO|PIVF.Web.Api.Master.Common.CommonController|1_Controller Name:CommonController,Action:HttpGet,Method:GetDoctorsList,User:multiplyadmin,UnitID:2
2022-08-27 11:58:27.8157|INFO|PIVF.Web.Api.Master.Common.CommonController|1_Controller Name:CommonController,Action:HttpGet,Method:GetDepartmentList,User:multiplyadmin,UnitID:2
2022-08-27 11:58:27.8157|INFO|PIVF.Web.Api.Master.Common.CommonController|1_Controller Name:CommonController,Action:HttpGet,Method:GetDepartmentList,User:multiplyadmin,UnitID:2
2022-08-27 11:58:28.8556|INFO|PIVF.Web.Api.Master.Common.CommonController|1_Controller Name:CommonController,Action:HttpGet,Method:GetSpeclRegTypeList,User:multiplyadmin,UnitID:2
2022-08-27 11:58:28.8556|INFO|PIVF.Web.Api.Master.Common.CommonController|1_Controller Name:CommonController,Action:HttpGet,Method:GetSpeclRegTypeList,User:multiplyadmin,UnitID:2
2022-08-27 11:58:28.9864|INFO|PIVF.Web.Api.Master.Configuration.UserAPIController|Controller Name:UserAPI,Action:HttpGet,Method:GetUserRoleRights,User:multiplyadmin,UnitID:2
2022-08-27 11:58:28.9864|INFO|PIVF.Web.Api.Master.Configuration.UserAPIController|Controller Name:UserAPI,Action:HttpGet,Method:GetUserRoleRights,User:multiplyadmin,UnitID:2
2022-08-27 11:58:43.2648|INFO|PIVF.Web.Api.NewRegistration.NewRegistrationAPIController|Controller Name:NewRegistrationAPI,Action:GET,Method:getPatientList,User:multiplyadmin,UnitID:2
2022-08-27 11:58:43.2648|INFO|PIVF.Web.Api.NewRegistration.NewRegistrationAPIController|Controller Name:NewRegistrationAPI,Action:GET,Method:getPatientList,User:multiplyadmin,UnitID:2
2022-08-27 11:59:34.2713|ERROR|PIVF.Web.Api.Master.Configuration.UserAPIController|UserAPI/GetGrandParentList MessageObject reference not set to an instance of an object.,StackTrace:   at PIVF.Web.Api.Master.Configuration.UserAPIController.GetGrandParentList() in D:\Gauri\GIT\Multiply_IVF_AUG\multiply_ivf\src\Ganesha\PIVF.Web\Api\Master\Configuration\UserAPIController.cs:line 59
2022-08-27 11:59:34.2713|ERROR|PIVF.Web.Api.Master.Configuration.UserAPIController|UserAPI/GetUserRoleRights MessageObject reference not set to an instance of an object.,StackTrace:   at PIVF.Web.Api.Master.Configuration.UserAPIController.GetUserRoleRights() in D:\Gauri\GIT\Multiply_IVF_AUG\multiply_ivf\src\Ganesha\PIVF.Web\Api\Master\Configuration\UserAPIController.cs:line 398
2022-08-27 11:59:36.1498|ERROR|PIVF.Web.Api.QueueMgt.QueueMgtController|QueueMgt/GetQueueList MessageObject reference not set to an instance of an object.,StackTrace:   at PIVF.Web.Api.QueueMgt.QueueMgtController.GetQueueList(String[] Que) in D:\Gauri\GIT\Multiply_IVF_AUG\multiply_ivf\src\Ganesha\PIVF.Web\Api\QueueMgt\QueueMgtController.cs:line 33
2022-08-27 11:59:36.1498|ERROR|PIVF.Web.Api.Master.Common.CommonController|3_Exc: Common/GetSpeclRegTypeList MessageObject reference not set to an instance of an object.,StackTrace:   at PIVF.Web.Api.Master.Common.CommonController.GetSpeclRegTypeList() in D:\Gauri\GIT\Multiply_IVF_AUG\multiply_ivf\src\Ganesha\PIVF.Web\Api\Master\Common\CommonController.cs:line 519,InnerExc:
2022-08-27 11:59:36.1498|ERROR|PIVF.Web.Api.Master.Common.CommonController|3_Exc: Common/GetDepartmentList MessageObject reference not set to an instance of an object.,StackTrace:   at PIVF.Web.Api.Master.Common.CommonController.GetDepartmentList() in D:\Gauri\GIT\Multiply_IVF_AUG\multiply_ivf\src\Ganesha\PIVF.Web\Api\Master\Common\CommonController.cs:line 485,InnerExc:
2022-08-27 11:59:36.1709|ERROR|PIVF.Web.Api.Master.Common.CommonController|3_Exc: Common/GetDoctorsList MessageObject reference not set to an instance of an object.,StackTrace:   at PIVF.Web.Api.Master.Common.CommonController.GetDoctorsList() in D:\Gauri\GIT\Multiply_IVF_AUG\multiply_ivf\src\Ganesha\PIVF.Web\Api\Master\Common\CommonController.cs:line 451,InnerExc:
2022-08-27 11:59:59.6173|INFO|PIVF.Web.Api.NewRegistration.NewRegistrationAPIController|Controller Name:NewRegistrationAPI,Action:POST,Method:getPatientByID,User:multiplyadmin,UnitID:2
2022-08-27 11:59:59.6173|INFO|PIVF.Web.Api.NewRegistration.NewRegistrationAPIController|Controller Name:NewRegistrationAPI,Action:POST,Method:getPatientByID,User:multiplyadmin,UnitID:2
2022-08-27 12:00:02.8074|INFO|PIVF.Web.Api.Master.Common.CommonController|1_Controller Name:CommonController,Action:HttpGet,Method:GetDoctorsList,User:multiplyadmin,UnitID:2
2022-08-27 12:00:02.8074|INFO|PIVF.Web.Api.Master.Common.CommonController|1_Controller Name:CommonController,Action:HttpGet,Method:GetDoctorsList,User:multiplyadmin,UnitID:2
2022-08-27 12:00:03.4199|INFO|PIVF.Web.Api.NewRegistration.NewRegistrationAPIController|Controller Name:NewRegistrationAPI,Action:GET,Method:GetBankInformation,User:multiplyadmin,UnitID:2
2022-08-27 12:00:03.4199|INFO|PIVF.Web.Api.NewRegistration.NewRegistrationAPIController|Controller Name:NewRegistrationAPI,Action:GET,Method:GetBankInformation,User:multiplyadmin,UnitID:2
2022-08-27 12:00:04.2132|INFO|PIVF.Web.Api.Patient.PatientVisitController|Controller Name:PatientVisit,Action:GET,Method:GetSponsers,User:multiplyadmin,UnitID:2
2022-08-27 12:00:04.2132|INFO|PIVF.Web.Api.Patient.PatientVisitController|Controller Name:PatientVisit,Action:GET,Method:GetSponsers,User:multiplyadmin,UnitID:2
2022-08-27 12:07:15.3459|INFO|PIVF.Web.Api.Master.Configuration.UserAPIController|Controller Name:UserAPI,Action:HttpGet,Method:GetUserRoleRights,User:multiplyadmin,UnitID:2
2022-08-27 12:07:15.3459|INFO|PIVF.Web.Api.Master.Configuration.UserAPIController|Controller Name:UserAPI,Action:HttpGet,Method:GetUserRoleRights,User:multiplyadmin,UnitID:2
2022-08-27 12:07:15.5157|INFO|PIVF.Web.Api.QueueMgt.QueueMgtController|Controller Name:QueueMgt,Action:HttpPost,Method:GetQueueList,User:multiplyadmin,UnitID:2
2022-08-27 12:07:15.5157|INFO|PIVF.Web.Api.QueueMgt.QueueMgtController|Controller Name:QueueMgt,Action:HttpPost,Method:GetQueueList,User:multiplyadmin,UnitID:2
2022-08-27 12:07:15.5547|INFO|PIVF.Web.Api.Master.Common.CommonController|1_Controller Name:CommonController,Action:HttpGet,Method:GetSpeclRegTypeList,User:multiplyadmin,UnitID:2
2022-08-27 12:07:15.5547|INFO|PIVF.Web.Api.Master.Common.CommonController|1_Controller Name:CommonController,Action:HttpGet,Method:GetSpeclRegTypeList,User:multiplyadmin,UnitID:2
2022-08-27 12:07:16.0263|INFO|PIVF.Web.Api.Master.Common.CommonController|1_Controller Name:CommonController,Action:HttpGet,Method:GetDoctorsList,User:multiplyadmin,UnitID:2
2022-08-27 12:07:16.0263|INFO|PIVF.Web.Api.Master.Common.CommonController|1_Controller Name:CommonController,Action:HttpGet,Method:GetDoctorsList,User:multiplyadmin,UnitID:2
2022-08-27 12:07:16.0460|INFO|PIVF.Web.Api.Master.Configuration.UserAPIController|Controller Name:UserAPI,Action:HttpGet,Method:GetParentList,User:multiplyadmin,UnitID:2
2022-08-27 12:07:16.0460|INFO|PIVF.Web.Api.Master.Configuration.UserAPIController|Controller Name:UserAPI,Action:HttpGet,Method:GetParentList,User:multiplyadmin,UnitID:2
2022-08-27 12:07:16.0859|INFO|PIVF.Web.Api.Master.Configuration.UserAPIController|Controller Name:UserAPI,Action:HttpGet,Method:GetParentList,User:multiplyadmin,UnitID:2
2022-08-27 12:07:16.0859|INFO|PIVF.Web.Api.Master.Configuration.UserAPIController|Controller Name:UserAPI,Action:HttpGet,Method:GetParentList,User:multiplyadmin,UnitID:2
2022-08-27 12:07:16.3672|INFO|PIVF.Web.Api.Master.Configuration.UserAPIController|Controller Name:UserAPI,Action:HttpGet,Method:GetGrandParentList,User:multiplyadmin,UnitID:2
2022-08-27 12:07:16.3672|INFO|PIVF.Web.Api.Master.Configuration.UserAPIController|Controller Name:UserAPI,Action:HttpGet,Method:GetGrandParentList,User:multiplyadmin,UnitID:2
2022-08-27 12:07:16.5360|INFO|PIVF.Web.Api.Master.Common.CommonController|1_Controller Name:CommonController,Action:HttpGet,Method:GetDepartmentList,User:multiplyadmin,UnitID:2
2022-08-27 12:07:16.5360|INFO|PIVF.Web.Api.Master.Common.CommonController|1_Controller Name:CommonController,Action:HttpGet,Method:GetDepartmentList,User:multiplyadmin,UnitID:2
2022-08-27 12:07:27.4271|INFO|PIVF.Web.Api.NewRegistration.NewRegistrationAPIController|Controller Name:NewRegistrationAPI,Action:GET,Method:getPatientList,User:multiplyadmin,UnitID:2
2022-08-27 12:07:27.4271|INFO|PIVF.Web.Api.NewRegistration.NewRegistrationAPIController|Controller Name:NewRegistrationAPI,Action:GET,Method:getPatientList,User:multiplyadmin,UnitID:2
2022-08-27 12:07:54.3158|INFO|PIVF.Web.Api.Master.Configuration.UserAPIController|Controller Name:UserAPI,Action:HttpGet,Method:GetParentList,User:multiplyadmin,UnitID:2
2022-08-27 12:07:54.3158|INFO|PIVF.Web.Api.Master.Configuration.UserAPIController|Controller Name:UserAPI,Action:HttpGet,Method:GetParentList,User:multiplyadmin,UnitID:2
2022-08-27 12:07:55.3737|INFO|PIVF.Web.Api.Master.Configuration.UserAPIController|Controller Name:UserAPI,Action:HttpGet,Method:GetUserRoleRights,User:multiplyadmin,UnitID:2
2022-08-27 12:07:55.3737|INFO|PIVF.Web.Api.Master.Configuration.UserAPIController|Controller Name:UserAPI,Action:HttpGet,Method:GetUserRoleRights,User:multiplyadmin,UnitID:2
2022-08-27 12:07:55.4766|INFO|PIVF.Web.Api.Master.Configuration.UserAPIController|Controller Name:UserAPI,Action:HttpGet,Method:GetParentList,User:multiplyadmin,UnitID:2
2022-08-27 12:07:55.4766|INFO|PIVF.Web.Api.Master.Configuration.UserAPIController|Controller Name:UserAPI,Action:HttpGet,Method:GetParentList,User:multiplyadmin,UnitID:2
2022-08-27 12:07:55.9214|INFO|PIVF.Web.Api.Master.Configuration.UserAPIController|Controller Name:UserAPI,Action:HttpGet,Method:GetGrandParentList,User:multiplyadmin,UnitID:2
2022-08-27 12:07:55.9214|INFO|PIVF.Web.Api.Master.Configuration.UserAPIController|Controller Name:UserAPI,Action:HttpGet,Method:GetGrandParentList,User:multiplyadmin,UnitID:2
2022-08-27 12:08:09.7224|INFO|PIVF.Web.Api.Master.Common.CommonController|1_Controller Name:CommonController,Action:HttpGet,Method:GetDepartmentList,User:multiplyadmin,UnitID:2
2022-08-27 12:08:09.7224|INFO|PIVF.Web.Api.Master.Common.CommonController|1_Controller Name:CommonController,Action:HttpGet,Method:GetDepartmentList,User:multiplyadmin,UnitID:2
2022-08-27 12:08:10.2384|INFO|PIVF.Web.Api.Master.Common.CommonController|1_Controller Name:CommonController,Action:HttpGet,Method:GetDoctorsList,User:multiplyadmin,UnitID:2
2022-08-27 12:08:10.2384|INFO|PIVF.Web.Api.Master.Common.CommonController|1_Controller Name:CommonController,Action:HttpGet,Method:GetDoctorsList,User:multiplyadmin,UnitID:2
2022-08-27 12:08:10.7533|INFO|PIVF.Web.Api.Master.Common.CommonController|1_Controller Name:CommonController,Action:HttpGet,Method:GetSpeclRegTypeList,User:multiplyadmin,UnitID:2
2022-08-27 12:08:10.7533|INFO|PIVF.Web.Api.Master.Common.CommonController|1_Controller Name:CommonController,Action:HttpGet,Method:GetSpeclRegTypeList,User:multiplyadmin,UnitID:2
2022-08-27 12:08:11.2653|INFO|PIVF.Web.Api.QueueMgt.QueueMgtController|Controller Name:QueueMgt,Action:HttpPost,Method:GetQueueList,User:multiplyadmin,UnitID:2
2022-08-27 12:08:11.2653|INFO|PIVF.Web.Api.QueueMgt.QueueMgtController|Controller Name:QueueMgt,Action:HttpPost,Method:GetQueueList,User:multiplyadmin,UnitID:2
2022-08-27 12:08:19.4323|INFO|PIVF.Web.Api.NewRegistration.NewRegistrationAPIController|Controller Name:NewRegistrationAPI,Action:GET,Method:getPatientList,User:multiplyadmin,UnitID:2
2022-08-27 12:08:19.4323|INFO|PIVF.Web.Api.NewRegistration.NewRegistrationAPIController|Controller Name:NewRegistrationAPI,Action:GET,Method:getPatientList,User:multiplyadmin,UnitID:2
2022-08-27 12:10:06.0649|INFO|PIVF.Web.Api.NewRegistration.NewRegistrationAPIController|Controller Name:NewRegistrationAPI,Action:POST,Method:getPatientByID,User:multiplyadmin,UnitID:2
2022-08-27 12:10:06.0649|INFO|PIVF.Web.Api.NewRegistration.NewRegistrationAPIController|Controller Name:NewRegistrationAPI,Action:POST,Method:getPatientByID,User:multiplyadmin,UnitID:2
2022-08-27 12:10:06.4565|INFO|PIVF.Web.Api.NewRegistration.NewRegistrationAPIController|Controller Name:NewRegistrationAPI,Action:GET,Method:GetBankInformation,User:multiplyadmin,UnitID:2
2022-08-27 12:10:06.4565|INFO|PIVF.Web.Api.NewRegistration.NewRegistrationAPIController|Controller Name:NewRegistrationAPI,Action:GET,Method:GetBankInformation,User:multiplyadmin,UnitID:2
2022-08-27 12:10:06.5475|INFO|PIVF.Web.Api.Patient.PatientVisitController|Controller Name:PatientVisit,Action:GET,Method:GetSponsers,User:multiplyadmin,UnitID:2
2022-08-27 12:10:06.5475|INFO|PIVF.Web.Api.Patient.PatientVisitController|Controller Name:PatientVisit,Action:GET,Method:GetSponsers,User:multiplyadmin,UnitID:2
2022-08-27 12:10:06.7222|INFO|PIVF.Web.Api.Master.Common.CommonController|1_Controller Name:CommonController,Action:HttpGet,Method:GetDoctorsList,User:multiplyadmin,UnitID:2
2022-08-27 12:10:06.7222|INFO|PIVF.Web.Api.Master.Common.CommonController|1_Controller Name:CommonController,Action:HttpGet,Method:GetDoctorsList,User:multiplyadmin,UnitID:2
2022-08-27 12:10:49.5677|INFO|PIVF.Web.Api.NewRegistration.NewRegistrationAPIController|Controller Name:NewRegistrationAPI,Action:GET,Method:getPatientList,User:multiplyadmin,UnitID:2
2022-08-27 12:10:49.5677|INFO|PIVF.Web.Api.NewRegistration.NewRegistrationAPIController|Controller Name:NewRegistrationAPI,Action:GET,Method:getPatientList,User:multiplyadmin,UnitID:2
2022-08-27 12:11:18.9914|INFO|PIVF.Web.Api.Master.Common.CommonController|1_Controller Name:CommonController,Action:HttpGet,Method:GetDoctorsList,User:multiplyadmin,UnitID:2
2022-08-27 12:11:18.9914|INFO|PIVF.Web.Api.Master.Common.CommonController|1_Controller Name:CommonController,Action:HttpGet,Method:GetDoctorsList,User:multiplyadmin,UnitID:2
2022-08-27 12:11:19.0388|INFO|PIVF.Web.Api.NewRegistration.NewRegistrationAPIController|Controller Name:NewRegistrationAPI,Action:GET,Method:GetBankInformation,User:multiplyadmin,UnitID:2
2022-08-27 12:11:19.0388|INFO|PIVF.Web.Api.NewRegistration.NewRegistrationAPIController|Controller Name:NewRegistrationAPI,Action:GET,Method:GetBankInformation,User:multiplyadmin,UnitID:2
2022-08-27 12:11:19.0747|INFO|PIVF.Web.Api.Patient.PatientVisitController|Controller Name:PatientVisit,Action:GET,Method:GetSponsers,User:multiplyadmin,UnitID:2
2022-08-27 12:11:19.0747|INFO|PIVF.Web.Api.Patient.PatientVisitController|Controller Name:PatientVisit,Action:GET,Method:GetSponsers,User:multiplyadmin,UnitID:2
2022-08-27 12:11:19.1937|INFO|PIVF.Web.Api.NewRegistration.NewRegistrationAPIController|Controller Name:NewRegistrationAPI,Action:POST,Method:getPatientByID,User:multiplyadmin,UnitID:2
2022-08-27 12:11:19.1937|INFO|PIVF.Web.Api.NewRegistration.NewRegistrationAPIController|Controller Name:NewRegistrationAPI,Action:POST,Method:getPatientByID,User:multiplyadmin,UnitID:2
2022-08-27 12:11:37.5595|INFO|PIVF.Web.Api.NewRegistration.NewRegistrationAPIController|Controller Name:NewRegistrationAPI,Action:GET,Method:getPatientList,User:multiplyadmin,UnitID:2
2022-08-27 12:11:37.5595|INFO|PIVF.Web.Api.NewRegistration.NewRegistrationAPIController|Controller Name:NewRegistrationAPI,Action:GET,Method:getPatientList,User:multiplyadmin,UnitID:2
2022-08-27 12:11:52.9103|INFO|PIVF.Web.Api.NewRegistration.NewRegistrationAPIController|Controller Name:NewRegistrationAPI,Action:POST,Method:getPatientByID,User:multiplyadmin,UnitID:2
2022-08-27 12:11:52.9103|INFO|PIVF.Web.Api.NewRegistration.NewRegistrationAPIController|Controller Name:NewRegistrationAPI,Action:POST,Method:getPatientByID,User:multiplyadmin,UnitID:2
2022-08-27 12:11:53.6902|INFO|PIVF.Web.Api.NewRegistration.NewRegistrationAPIController|Controller Name:NewRegistrationAPI,Action:GET,Method:GetBankInformation,User:multiplyadmin,UnitID:2
2022-08-27 12:11:53.6902|INFO|PIVF.Web.Api.NewRegistration.NewRegistrationAPIController|Controller Name:NewRegistrationAPI,Action:GET,Method:GetBankInformation,User:multiplyadmin,UnitID:2
2022-08-27 12:11:53.7140|INFO|PIVF.Web.Api.Patient.PatientVisitController|Controller Name:PatientVisit,Action:GET,Method:GetSponsers,User:multiplyadmin,UnitID:2
2022-08-27 12:11:53.7140|INFO|PIVF.Web.Api.Patient.PatientVisitController|Controller Name:PatientVisit,Action:GET,Method:GetSponsers,User:multiplyadmin,UnitID:2
2022-08-27 12:11:54.0924|INFO|PIVF.Web.Api.Master.Common.CommonController|1_Controller Name:CommonController,Action:HttpGet,Method:GetDoctorsList,User:multiplyadmin,UnitID:2
2022-08-27 12:11:54.0924|INFO|PIVF.Web.Api.Master.Common.CommonController|1_Controller Name:CommonController,Action:HttpGet,Method:GetDoctorsList,User:multiplyadmin,UnitID:2
2022-08-27 12:20:39.8207|INFO|PIVF.Web.Api.NewRegistration.NewRegistrationAPIController|Controller Name:NewRegistrationAPI,Action:GET,Method:getPatientList,User:multiplyadmin,UnitID:2
2022-08-27 12:20:39.8207|INFO|PIVF.Web.Api.NewRegistration.NewRegistrationAPIController|Controller Name:NewRegistrationAPI,Action:GET,Method:getPatientList,User:multiplyadmin,UnitID:2
2022-08-27 12:31:35.6892|INFO|PIVF.Web.Api.Master.Configuration.UserAPIController|Controller Name:UserAPI,Action:HttpGet,Method:GetGrandParentList,User:multiplyadmin,UnitID:2
2022-08-27 12:31:35.6892|INFO|PIVF.Web.Api.Master.Configuration.UserAPIController|Controller Name:UserAPI,Action:HttpGet,Method:GetGrandParentList,User:multiplyadmin,UnitID:2
2022-08-27 12:31:36.1909|INFO|PIVF.Web.Api.Master.Configuration.UserAPIController|Controller Name:UserAPI,Action:HttpGet,Method:GetUserRoleRights,User:multiplyadmin,UnitID:2
2022-08-27 12:31:36.1909|INFO|PIVF.Web.Api.Master.Configuration.UserAPIController|Controller Name:UserAPI,Action:HttpGet,Method:GetUserRoleRights,User:multiplyadmin,UnitID:2
2022-08-27 12:31:36.4278|INFO|PIVF.Web.Api.Master.Configuration.UserAPIController|Controller Name:UserAPI,Action:HttpGet,Method:GetParentList,User:multiplyadmin,UnitID:2
2022-08-27 12:31:36.4278|INFO|PIVF.Web.Api.Master.Configuration.UserAPIController|Controller Name:UserAPI,Action:HttpGet,Method:GetParentList,User:multiplyadmin,UnitID:2
2022-08-27 12:31:36.7910|INFO|PIVF.Web.Api.QueueMgt.QueueMgtController|Controller Name:QueueMgt,Action:HttpPost,Method:GetQueueList,User:multiplyadmin,UnitID:2
2022-08-27 12:31:36.7910|INFO|PIVF.Web.Api.QueueMgt.QueueMgtController|Controller Name:QueueMgt,Action:HttpPost,Method:GetQueueList,User:multiplyadmin,UnitID:2
2022-08-27 12:31:36.9189|INFO|PIVF.Web.Api.Master.Common.CommonController|1_Controller Name:CommonController,Action:HttpGet,Method:GetDoctorsList,User:multiplyadmin,UnitID:2
2022-08-27 12:31:36.9189|INFO|PIVF.Web.Api.Master.Common.CommonController|1_Controller Name:CommonController,Action:HttpGet,Method:GetDoctorsList,User:multiplyadmin,UnitID:2
2022-08-27 12:31:37.4240|INFO|PIVF.Web.Api.Master.Common.CommonController|1_Controller Name:CommonController,Action:HttpGet,Method:GetDepartmentList,User:multiplyadmin,UnitID:2
2022-08-27 12:31:37.4240|INFO|PIVF.Web.Api.Master.Common.CommonController|1_Controller Name:CommonController,Action:HttpGet,Method:GetDepartmentList,User:multiplyadmin,UnitID:2
2022-08-27 12:31:37.4717|INFO|PIVF.Web.Api.Master.Common.CommonController|1_Controller Name:CommonController,Action:HttpGet,Method:GetSpeclRegTypeList,User:multiplyadmin,UnitID:2
2022-08-27 12:31:37.4717|INFO|PIVF.Web.Api.Master.Common.CommonController|1_Controller Name:CommonController,Action:HttpGet,Method:GetSpeclRegTypeList,User:multiplyadmin,UnitID:2
2022-08-27 12:31:38.3584|INFO|PIVF.Web.Api.Master.Configuration.UserAPIController|Controller Name:UserAPI,Action:HttpGet,Method:GetParentList,User:multiplyadmin,UnitID:2
2022-08-27 12:31:38.3584|INFO|PIVF.Web.Api.Master.Configuration.UserAPIController|Controller Name:UserAPI,Action:HttpGet,Method:GetParentList,User:multiplyadmin,UnitID:2
2022-08-27 12:31:46.1820|INFO|PIVF.Web.Api.NewRegistration.NewRegistrationAPIController|Controller Name:NewRegistrationAPI,Action:GET,Method:getPatientList,User:multiplyadmin,UnitID:2
2022-08-27 12:31:46.1820|INFO|PIVF.Web.Api.NewRegistration.NewRegistrationAPIController|Controller Name:NewRegistrationAPI,Action:GET,Method:getPatientList,User:multiplyadmin,UnitID:2
2022-08-27 12:32:11.4518|INFO|PIVF.Web.Api.Master.Configuration.UserAPIController|Controller Name:UserAPI,Action:HttpGet,Method:GetParentList,User:multiplyadmin,UnitID:2
2022-08-27 12:32:11.4518|INFO|PIVF.Web.Api.Master.Configuration.UserAPIController|Controller Name:UserAPI,Action:HttpGet,Method:GetParentList,User:multiplyadmin,UnitID:2
2022-08-27 12:32:11.9831|INFO|PIVF.Web.Api.Master.Configuration.UserAPIController|Controller Name:UserAPI,Action:HttpGet,Method:GetParentList,User:multiplyadmin,UnitID:2
2022-08-27 12:32:11.9831|INFO|PIVF.Web.Api.Master.Configuration.UserAPIController|Controller Name:UserAPI,Action:HttpGet,Method:GetParentList,User:multiplyadmin,UnitID:2
2022-08-27 12:32:12.3142|INFO|PIVF.Web.Api.Master.Configuration.UserAPIController|Controller Name:UserAPI,Action:HttpGet,Method:GetGrandParentList,User:multiplyadmin,UnitID:2
2022-08-27 12:32:12.3142|INFO|PIVF.Web.Api.Master.Configuration.UserAPIController|Controller Name:UserAPI,Action:HttpGet,Method:GetGrandParentList,User:multiplyadmin,UnitID:2
2022-08-27 12:32:12.4121|INFO|PIVF.Web.Api.QueueMgt.QueueMgtController|Controller Name:QueueMgt,Action:HttpPost,Method:GetQueueList,User:multiplyadmin,UnitID:2
2022-08-27 12:32:12.4121|INFO|PIVF.Web.Api.QueueMgt.QueueMgtController|Controller Name:QueueMgt,Action:HttpPost,Method:GetQueueList,User:multiplyadmin,UnitID:2
2022-08-27 12:32:12.8119|INFO|PIVF.Web.Api.Master.Configuration.UserAPIController|Controller Name:UserAPI,Action:HttpGet,Method:GetUserRoleRights,User:multiplyadmin,UnitID:2
2022-08-27 12:32:12.8119|INFO|PIVF.Web.Api.Master.Configuration.UserAPIController|Controller Name:UserAPI,Action:HttpGet,Method:GetUserRoleRights,User:multiplyadmin,UnitID:2
2022-08-27 12:32:12.9184|INFO|PIVF.Web.Api.Master.Common.CommonController|1_Controller Name:CommonController,Action:HttpGet,Method:GetSpeclRegTypeList,User:multiplyadmin,UnitID:2
2022-08-27 12:32:12.9184|INFO|PIVF.Web.Api.Master.Common.CommonController|1_Controller Name:CommonController,Action:HttpGet,Method:GetSpeclRegTypeList,User:multiplyadmin,UnitID:2
2022-08-27 12:32:13.4284|INFO|PIVF.Web.Api.Master.Common.CommonController|1_Controller Name:CommonController,Action:HttpGet,Method:GetDoctorsList,User:multiplyadmin,UnitID:2
2022-08-27 12:32:13.4284|INFO|PIVF.Web.Api.Master.Common.CommonController|1_Controller Name:CommonController,Action:HttpGet,Method:GetDoctorsList,User:multiplyadmin,UnitID:2
2022-08-27 12:32:13.9394|INFO|PIVF.Web.Api.Master.Common.CommonController|1_Controller Name:CommonController,Action:HttpGet,Method:GetDepartmentList,User:multiplyadmin,UnitID:2
2022-08-27 12:32:13.9394|INFO|PIVF.Web.Api.Master.Common.CommonController|1_Controller Name:CommonController,Action:HttpGet,Method:GetDepartmentList,User:multiplyadmin,UnitID:2
2022-08-27 12:32:20.5072|INFO|PIVF.Web.Api.NewRegistration.NewRegistrationAPIController|Controller Name:NewRegistrationAPI,Action:GET,Method:getPatientList,User:multiplyadmin,UnitID:2
2022-08-27 12:32:20.5072|INFO|PIVF.Web.Api.NewRegistration.NewRegistrationAPIController|Controller Name:NewRegistrationAPI,Action:GET,Method:getPatientList,User:multiplyadmin,UnitID:2
2022-08-27 12:33:17.7928|INFO|PIVF.Web.Api.Master.Common.CommonController|1_Controller Name:CommonController,Action:HttpGet,Method:GetDepartmentList,User:multiplyadmin,UnitID:2
2022-08-27 12:33:17.7928|INFO|PIVF.Web.Api.Master.Common.CommonController|1_Controller Name:CommonController,Action:HttpGet,Method:GetDepartmentList,User:multiplyadmin,UnitID:2
2022-08-27 12:33:46.8862|INFO|PIVF.Web.Api.Master.Configuration.UserAPIController|Controller Name:UserAPI,Action:HttpGet,Method:GetGrandParentList,User:multiplyadmin,UnitID:2
2022-08-27 12:33:46.8862|INFO|PIVF.Web.Api.Master.Configuration.UserAPIController|Controller Name:UserAPI,Action:HttpGet,Method:GetGrandParentList,User:multiplyadmin,UnitID:2
2022-08-27 12:33:47.4090|INFO|PIVF.Web.Api.Master.Configuration.UserAPIController|Controller Name:UserAPI,Action:HttpGet,Method:GetUserRoleRights,User:multiplyadmin,UnitID:2
2022-08-27 12:33:47.4090|INFO|PIVF.Web.Api.Master.Configuration.UserAPIController|Controller Name:UserAPI,Action:HttpGet,Method:GetUserRoleRights,User:multiplyadmin,UnitID:2
2022-08-27 12:33:48.6023|INFO|PIVF.Web.Api.Master.Configuration.UserAPIController|Controller Name:UserAPI,Action:HttpGet,Method:GetParentList,User:multiplyadmin,UnitID:2
2022-08-27 12:33:48.6023|INFO|PIVF.Web.Api.Master.Configuration.UserAPIController|Controller Name:UserAPI,Action:HttpGet,Method:GetParentList,User:multiplyadmin,UnitID:2
2022-08-27 12:33:48.6342|INFO|PIVF.Web.Api.Master.Configuration.UserAPIController|Controller Name:UserAPI,Action:HttpGet,Method:GetParentList,User:multiplyadmin,UnitID:2
2022-08-27 12:33:48.6342|INFO|PIVF.Web.Api.Master.Configuration.UserAPIController|Controller Name:UserAPI,Action:HttpGet,Method:GetParentList,User:multiplyadmin,UnitID:2
2022-08-27 12:33:48.7072|INFO|PIVF.Web.Api.Master.Common.CommonController|1_Controller Name:CommonController,Action:HttpGet,Method:GetDepartmentList,User:multiplyadmin,UnitID:2
2022-08-27 12:33:48.7072|INFO|PIVF.Web.Api.Master.Common.CommonController|1_Controller Name:CommonController,Action:HttpGet,Method:GetDepartmentList,User:multiplyadmin,UnitID:2
2022-08-27 12:33:49.2126|INFO|PIVF.Web.Api.Master.Common.CommonController|1_Controller Name:CommonController,Action:HttpGet,Method:GetSpeclRegTypeList,User:multiplyadmin,UnitID:2
2022-08-27 12:33:49.2126|INFO|PIVF.Web.Api.Master.Common.CommonController|1_Controller Name:CommonController,Action:HttpGet,Method:GetSpeclRegTypeList,User:multiplyadmin,UnitID:2
2022-08-27 12:33:49.7293|INFO|PIVF.Web.Api.QueueMgt.QueueMgtController|Controller Name:QueueMgt,Action:HttpPost,Method:GetQueueList,User:multiplyadmin,UnitID:2
2022-08-27 12:33:49.7293|INFO|PIVF.Web.Api.QueueMgt.QueueMgtController|Controller Name:QueueMgt,Action:HttpPost,Method:GetQueueList,User:multiplyadmin,UnitID:2
2022-08-27 12:33:50.2302|INFO|PIVF.Web.Api.Master.Common.CommonController|1_Controller Name:CommonController,Action:HttpGet,Method:GetDoctorsList,User:multiplyadmin,UnitID:2
2022-08-27 12:33:50.2302|INFO|PIVF.Web.Api.Master.Common.CommonController|1_Controller Name:CommonController,Action:HttpGet,Method:GetDoctorsList,User:multiplyadmin,UnitID:2
2022-08-27 12:33:59.6886|INFO|PIVF.Web.Api.NewRegistration.NewRegistrationAPIController|Controller Name:NewRegistrationAPI,Action:GET,Method:getPatientList,User:multiplyadmin,UnitID:2
2022-08-27 12:33:59.6886|INFO|PIVF.Web.Api.NewRegistration.NewRegistrationAPIController|Controller Name:NewRegistrationAPI,Action:GET,Method:getPatientList,User:multiplyadmin,UnitID:2
2022-08-27 12:34:05.9829|INFO|PIVF.Web.Api.Master.Common.CommonController|1_Controller Name:CommonController,Action:HttpGet,Method:GetDoctorsList,User:multiplyadmin,UnitID:2
2022-08-27 12:34:05.9829|INFO|PIVF.Web.Api.Master.Common.CommonController|1_Controller Name:CommonController,Action:HttpGet,Method:GetDoctorsList,User:multiplyadmin,UnitID:2
2022-08-27 12:42:31.3956|INFO|PIVF.Web.Api.Master.Configuration.UserAPIController|Controller Name:UserAPI,Action:HttpGet,Method:GetUserRoleRights,User:multiplyadmin,UnitID:2
2022-08-27 12:42:31.3956|INFO|PIVF.Web.Api.Master.Configuration.UserAPIController|Controller Name:UserAPI,Action:HttpGet,Method:GetUserRoleRights,User:multiplyadmin,UnitID:2
2022-08-27 12:42:31.7185|INFO|PIVF.Web.Api.Master.Configuration.UserAPIController|Controller Name:UserAPI,Action:HttpGet,Method:GetGrandParentList,User:multiplyadmin,UnitID:2
2022-08-27 12:42:31.7185|INFO|PIVF.Web.Api.Master.Configuration.UserAPIController|Controller Name:UserAPI,Action:HttpGet,Method:GetGrandParentList,User:multiplyadmin,UnitID:2
2022-08-27 12:42:31.8152|INFO|PIVF.Web.Api.Master.Configuration.UserAPIController|Controller Name:UserAPI,Action:HttpGet,Method:GetParentList,User:multiplyadmin,UnitID:2
2022-08-27 12:42:31.8152|INFO|PIVF.Web.Api.Master.Configuration.UserAPIController|Controller Name:UserAPI,Action:HttpGet,Method:GetParentList,User:multiplyadmin,UnitID:2
2022-08-27 12:42:32.2869|INFO|PIVF.Web.Api.Master.Common.CommonController|1_Controller Name:CommonController,Action:HttpGet,Method:GetDepartmentList,User:multiplyadmin,UnitID:2
2022-08-27 12:42:32.2869|INFO|PIVF.Web.Api.Master.Common.CommonController|1_Controller Name:CommonController,Action:HttpGet,Method:GetDepartmentList,User:multiplyadmin,UnitID:2
2022-08-27 12:42:32.3728|INFO|PIVF.Web.Api.Master.Configuration.UserAPIController|Controller Name:UserAPI,Action:HttpGet,Method:GetParentList,User:multiplyadmin,UnitID:2
2022-08-27 12:42:32.3728|INFO|PIVF.Web.Api.Master.Configuration.UserAPIController|Controller Name:UserAPI,Action:HttpGet,Method:GetParentList,User:multiplyadmin,UnitID:2
2022-08-27 12:42:33.3057|INFO|PIVF.Web.Api.Master.Common.CommonController|1_Controller Name:CommonController,Action:HttpGet,Method:GetDoctorsList,User:multiplyadmin,UnitID:2
2022-08-27 12:42:33.3057|INFO|PIVF.Web.Api.Master.Common.CommonController|1_Controller Name:CommonController,Action:HttpGet,Method:GetDoctorsList,User:multiplyadmin,UnitID:2
2022-08-27 12:42:33.3347|INFO|PIVF.Web.Api.Master.Common.CommonController|1_Controller Name:CommonController,Action:HttpGet,Method:GetSpeclRegTypeList,User:multiplyadmin,UnitID:2
2022-08-27 12:42:33.3347|INFO|PIVF.Web.Api.Master.Common.CommonController|1_Controller Name:CommonController,Action:HttpGet,Method:GetSpeclRegTypeList,User:multiplyadmin,UnitID:2
2022-08-27 12:42:34.1619|INFO|PIVF.Web.Api.QueueMgt.QueueMgtController|Controller Name:QueueMgt,Action:HttpPost,Method:GetQueueList,User:multiplyadmin,UnitID:2
2022-08-27 12:42:34.1619|INFO|PIVF.Web.Api.QueueMgt.QueueMgtController|Controller Name:QueueMgt,Action:HttpPost,Method:GetQueueList,User:multiplyadmin,UnitID:2
2022-08-27 12:42:39.0569|INFO|PIVF.Web.Api.NewRegistration.NewRegistrationAPIController|Controller Name:NewRegistrationAPI,Action:GET,Method:getPatientList,User:multiplyadmin,UnitID:2
2022-08-27 12:42:39.0569|INFO|PIVF.Web.Api.NewRegistration.NewRegistrationAPIController|Controller Name:NewRegistrationAPI,Action:GET,Method:getPatientList,User:multiplyadmin,UnitID:2
2022-08-27 12:43:01.1325|INFO|PIVF.Web.Api.Master.Configuration.UserAPIController|Controller Name:UserAPI,Action:HttpGet,Method:GetUserRoleRights,User:multiplyadmin,UnitID:2
2022-08-27 12:43:01.1325|INFO|PIVF.Web.Api.Master.Configuration.UserAPIController|Controller Name:UserAPI,Action:HttpGet,Method:GetUserRoleRights,User:multiplyadmin,UnitID:2
2022-08-27 12:43:02.1603|INFO|PIVF.Web.Api.Master.Configuration.UserAPIController|Controller Name:UserAPI,Action:HttpGet,Method:GetGrandParentList,User:multiplyadmin,UnitID:2
2022-08-27 12:43:02.1603|INFO|PIVF.Web.Api.Master.Configuration.UserAPIController|Controller Name:UserAPI,Action:HttpGet,Method:GetGrandParentList,User:multiplyadmin,UnitID:2
2022-08-27 12:43:02.9404|INFO|PIVF.Web.Api.Master.Configuration.UserAPIController|Controller Name:UserAPI,Action:HttpGet,Method:GetParentList,User:multiplyadmin,UnitID:2
2022-08-27 12:43:02.9404|INFO|PIVF.Web.Api.Master.Configuration.UserAPIController|Controller Name:UserAPI,Action:HttpGet,Method:GetParentList,User:multiplyadmin,UnitID:2
2022-08-27 12:43:03.1063|INFO|PIVF.Web.Api.QueueMgt.QueueMgtController|Controller Name:QueueMgt,Action:HttpPost,Method:GetQueueList,User:multiplyadmin,UnitID:2
2022-08-27 12:43:03.1063|INFO|PIVF.Web.Api.QueueMgt.QueueMgtController|Controller Name:QueueMgt,Action:HttpPost,Method:GetQueueList,User:multiplyadmin,UnitID:2
2022-08-27 12:43:03.1433|INFO|PIVF.Web.Api.Master.Common.CommonController|1_Controller Name:CommonController,Action:HttpGet,Method:GetSpeclRegTypeList,User:multiplyadmin,UnitID:2
2022-08-27 12:43:03.1433|INFO|PIVF.Web.Api.Master.Common.CommonController|1_Controller Name:CommonController,Action:HttpGet,Method:GetSpeclRegTypeList,User:multiplyadmin,UnitID:2
2022-08-27 12:43:03.3746|INFO|PIVF.Web.Api.Master.Configuration.UserAPIController|Controller Name:UserAPI,Action:HttpGet,Method:GetParentList,User:multiplyadmin,UnitID:2
2022-08-27 12:43:03.3746|INFO|PIVF.Web.Api.Master.Configuration.UserAPIController|Controller Name:UserAPI,Action:HttpGet,Method:GetParentList,User:multiplyadmin,UnitID:2
2022-08-27 12:43:04.6578|INFO|PIVF.Web.Api.Master.Common.CommonController|1_Controller Name:CommonController,Action:HttpGet,Method:GetDoctorsList,User:multiplyadmin,UnitID:2
2022-08-27 12:43:04.6578|INFO|PIVF.Web.Api.Master.Common.CommonController|1_Controller Name:CommonController,Action:HttpGet,Method:GetDoctorsList,User:multiplyadmin,UnitID:2
2022-08-27 12:43:05.1724|INFO|PIVF.Web.Api.Master.Common.CommonController|1_Controller Name:CommonController,Action:HttpGet,Method:GetDepartmentList,User:multiplyadmin,UnitID:2
2022-08-27 12:43:05.1724|INFO|PIVF.Web.Api.Master.Common.CommonController|1_Controller Name:CommonController,Action:HttpGet,Method:GetDepartmentList,User:multiplyadmin,UnitID:2
2022-08-27 12:43:06.4997|INFO|PIVF.Web.Api.NewRegistration.NewRegistrationAPIController|Controller Name:NewRegistrationAPI,Action:GET,Method:getPatientList,User:multiplyadmin,UnitID:2
2022-08-27 12:43:06.4997|INFO|PIVF.Web.Api.NewRegistration.NewRegistrationAPIController|Controller Name:NewRegistrationAPI,Action:GET,Method:getPatientList,User:multiplyadmin,UnitID:2
2022-08-27 12:43:45.8195|INFO|PIVF.Web.Api.Master.Configuration.UserAPIController|Controller Name:UserAPI,Action:HttpGet,Method:GetGrandParentList,User:multiplyadmin,UnitID:2
2022-08-27 12:43:45.8195|INFO|PIVF.Web.Api.Master.Configuration.UserAPIController|Controller Name:UserAPI,Action:HttpGet,Method:GetGrandParentList,User:multiplyadmin,UnitID:2
2022-08-27 12:43:46.6642|INFO|PIVF.Web.Api.Master.Configuration.UserAPIController|Controller Name:UserAPI,Action:HttpGet,Method:GetParentList,User:multiplyadmin,UnitID:2
2022-08-27 12:43:46.6642|INFO|PIVF.Web.Api.Master.Configuration.UserAPIController|Controller Name:UserAPI,Action:HttpGet,Method:GetParentList,User:multiplyadmin,UnitID:2
2022-08-27 12:43:46.8389|INFO|PIVF.Web.Api.Master.Configuration.UserAPIController|Controller Name:UserAPI,Action:HttpGet,Method:GetUserRoleRights,User:multiplyadmin,UnitID:2
2022-08-27 12:43:46.8389|INFO|PIVF.Web.Api.Master.Configuration.UserAPIController|Controller Name:UserAPI,Action:HttpGet,Method:GetUserRoleRights,User:multiplyadmin,UnitID:2
2022-08-27 12:43:47.3535|INFO|PIVF.Web.Api.Master.Common.CommonController|1_Controller Name:CommonController,Action:HttpGet,Method:GetSpeclRegTypeList,User:multiplyadmin,UnitID:2
2022-08-27 12:43:47.3535|INFO|PIVF.Web.Api.Master.Common.CommonController|1_Controller Name:CommonController,Action:HttpGet,Method:GetSpeclRegTypeList,User:multiplyadmin,UnitID:2
2022-08-27 12:43:47.8659|INFO|PIVF.Web.Api.Master.Common.CommonController|1_Controller Name:CommonController,Action:HttpGet,Method:GetDoctorsList,User:multiplyadmin,UnitID:2
2022-08-27 12:43:47.8659|INFO|PIVF.Web.Api.Master.Common.CommonController|1_Controller Name:CommonController,Action:HttpGet,Method:GetDoctorsList,User:multiplyadmin,UnitID:2
2022-08-27 12:43:48.3798|INFO|PIVF.Web.Api.Master.Common.CommonController|1_Controller Name:CommonController,Action:HttpGet,Method:GetDepartmentList,User:multiplyadmin,UnitID:2
2022-08-27 12:43:48.3798|INFO|PIVF.Web.Api.Master.Common.CommonController|1_Controller Name:CommonController,Action:HttpGet,Method:GetDepartmentList,User:multiplyadmin,UnitID:2
2022-08-27 12:43:48.8868|INFO|PIVF.Web.Api.QueueMgt.QueueMgtController|Controller Name:QueueMgt,Action:HttpPost,Method:GetQueueList,User:multiplyadmin,UnitID:2
2022-08-27 12:43:48.8868|INFO|PIVF.Web.Api.QueueMgt.QueueMgtController|Controller Name:QueueMgt,Action:HttpPost,Method:GetQueueList,User:multiplyadmin,UnitID:2
2022-08-27 12:43:49.5157|INFO|PIVF.Web.Api.Master.Configuration.UserAPIController|Controller Name:UserAPI,Action:HttpGet,Method:GetParentList,User:multiplyadmin,UnitID:2
2022-08-27 12:43:49.5157|INFO|PIVF.Web.Api.Master.Configuration.UserAPIController|Controller Name:UserAPI,Action:HttpGet,Method:GetParentList,User:multiplyadmin,UnitID:2
2022-08-27 12:44:07.5183|INFO|PIVF.Web.Api.Master.Configuration.UserAPIController|Controller Name:UserAPI,Action:HttpGet,Method:GetGrandParentList,User:multiplyadmin,UnitID:2
2022-08-27 12:44:07.5183|INFO|PIVF.Web.Api.Master.Configuration.UserAPIController|Controller Name:UserAPI,Action:HttpGet,Method:GetGrandParentList,User:multiplyadmin,UnitID:2
2022-08-27 12:44:08.0182|INFO|PIVF.Web.Api.Master.Configuration.UserAPIController|Controller Name:UserAPI,Action:HttpGet,Method:GetUserRoleRights,User:multiplyadmin,UnitID:2
2022-08-27 12:44:08.0182|INFO|PIVF.Web.Api.Master.Configuration.UserAPIController|Controller Name:UserAPI,Action:HttpGet,Method:GetUserRoleRights,User:multiplyadmin,UnitID:2
2022-08-27 12:44:08.1691|INFO|PIVF.Web.Api.Master.Configuration.UserAPIController|Controller Name:UserAPI,Action:HttpGet,Method:GetParentList,User:multiplyadmin,UnitID:2
2022-08-27 12:44:08.1691|INFO|PIVF.Web.Api.Master.Configuration.UserAPIController|Controller Name:UserAPI,Action:HttpGet,Method:GetParentList,User:multiplyadmin,UnitID:2
2022-08-27 12:44:08.3711|INFO|PIVF.Web.Api.Master.Common.CommonController|1_Controller Name:CommonController,Action:HttpGet,Method:GetDepartmentList,User:multiplyadmin,UnitID:2
2022-08-27 12:44:08.3711|INFO|PIVF.Web.Api.Master.Common.CommonController|1_Controller Name:CommonController,Action:HttpGet,Method:GetDepartmentList,User:multiplyadmin,UnitID:2
2022-08-27 12:44:08.8853|INFO|PIVF.Web.Api.Master.Common.CommonController|1_Controller Name:CommonController,Action:HttpGet,Method:GetSpeclRegTypeList,User:multiplyadmin,UnitID:2
2022-08-27 12:44:08.8853|INFO|PIVF.Web.Api.Master.Common.CommonController|1_Controller Name:CommonController,Action:HttpGet,Method:GetSpeclRegTypeList,User:multiplyadmin,UnitID:2
2022-08-27 12:44:09.3196|INFO|PIVF.Web.Api.Master.Configuration.UserAPIController|Controller Name:UserAPI,Action:HttpGet,Method:GetParentList,User:multiplyadmin,UnitID:2
2022-08-27 12:44:09.3196|INFO|PIVF.Web.Api.Master.Configuration.UserAPIController|Controller Name:UserAPI,Action:HttpGet,Method:GetParentList,User:multiplyadmin,UnitID:2
2022-08-27 12:44:09.3977|INFO|PIVF.Web.Api.Master.Common.CommonController|1_Controller Name:CommonController,Action:HttpGet,Method:GetDoctorsList,User:multiplyadmin,UnitID:2
2022-08-27 12:44:09.3977|INFO|PIVF.Web.Api.Master.Common.CommonController|1_Controller Name:CommonController,Action:HttpGet,Method:GetDoctorsList,User:multiplyadmin,UnitID:2
2022-08-27 12:44:09.9256|INFO|PIVF.Web.Api.QueueMgt.QueueMgtController|Controller Name:QueueMgt,Action:HttpPost,Method:GetQueueList,User:multiplyadmin,UnitID:2
2022-08-27 12:44:09.9256|INFO|PIVF.Web.Api.QueueMgt.QueueMgtController|Controller Name:QueueMgt,Action:HttpPost,Method:GetQueueList,User:multiplyadmin,UnitID:2
2022-08-27 12:44:17.4129|INFO|PIVF.Web.Api.NewRegistration.NewRegistrationAPIController|Controller Name:NewRegistrationAPI,Action:GET,Method:getPatientList,User:multiplyadmin,UnitID:2
2022-08-27 12:44:17.4129|INFO|PIVF.Web.Api.NewRegistration.NewRegistrationAPIController|Controller Name:NewRegistrationAPI,Action:GET,Method:getPatientList,User:multiplyadmin,UnitID:2
2022-08-27 12:44:31.0795|INFO|PIVF.Web.Api.Master.Configuration.UserAPIController|Controller Name:UserAPI,Action:HttpGet,Method:GetParentList,User:multiplyadmin,UnitID:2
2022-08-27 12:44:31.0795|INFO|PIVF.Web.Api.Master.Configuration.UserAPIController|Controller Name:UserAPI,Action:HttpGet,Method:GetParentList,User:multiplyadmin,UnitID:2
2022-08-27 12:44:31.3344|INFO|PIVF.Web.Api.QueueMgt.QueueMgtController|Controller Name:QueueMgt,Action:HttpPost,Method:GetQueueList,User:multiplyadmin,UnitID:2
2022-08-27 12:44:31.3344|INFO|PIVF.Web.Api.QueueMgt.QueueMgtController|Controller Name:QueueMgt,Action:HttpPost,Method:GetQueueList,User:multiplyadmin,UnitID:2
2022-08-27 12:44:31.3604|INFO|PIVF.Web.Api.Master.Common.CommonController|1_Controller Name:CommonController,Action:HttpGet,Method:GetSpeclRegTypeList,User:multiplyadmin,UnitID:2
2022-08-27 12:44:31.3604|INFO|PIVF.Web.Api.Master.Common.CommonController|1_Controller Name:CommonController,Action:HttpGet,Method:GetSpeclRegTypeList,User:multiplyadmin,UnitID:2
2022-08-27 12:44:31.6235|INFO|PIVF.Web.Api.Master.Configuration.UserAPIController|Controller Name:UserAPI,Action:HttpGet,Method:GetUserRoleRights,User:multiplyadmin,UnitID:2
2022-08-27 12:44:31.6235|INFO|PIVF.Web.Api.Master.Configuration.UserAPIController|Controller Name:UserAPI,Action:HttpGet,Method:GetUserRoleRights,User:multiplyadmin,UnitID:2
2022-08-27 12:44:31.8542|INFO|PIVF.Web.Api.Master.Common.CommonController|1_Controller Name:CommonController,Action:HttpGet,Method:GetDoctorsList,User:multiplyadmin,UnitID:2
2022-08-27 12:44:31.8542|INFO|PIVF.Web.Api.Master.Common.CommonController|1_Controller Name:CommonController,Action:HttpGet,Method:GetDoctorsList,User:multiplyadmin,UnitID:2
2022-08-27 12:44:32.3398|INFO|PIVF.Web.Api.Master.Configuration.UserAPIController|Controller Name:UserAPI,Action:HttpGet,Method:GetParentList,User:multiplyadmin,UnitID:2
2022-08-27 12:44:32.3398|INFO|PIVF.Web.Api.Master.Configuration.UserAPIController|Controller Name:UserAPI,Action:HttpGet,Method:GetParentList,User:multiplyadmin,UnitID:2
2022-08-27 12:44:32.6480|INFO|PIVF.Web.Api.Master.Configuration.UserAPIController|Controller Name:UserAPI,Action:HttpGet,Method:GetGrandParentList,User:multiplyadmin,UnitID:2
2022-08-27 12:44:32.6480|INFO|PIVF.Web.Api.Master.Configuration.UserAPIController|Controller Name:UserAPI,Action:HttpGet,Method:GetGrandParentList,User:multiplyadmin,UnitID:2
2022-08-27 12:44:32.8658|INFO|PIVF.Web.Api.Master.Common.CommonController|1_Controller Name:CommonController,Action:HttpGet,Method:GetDepartmentList,User:multiplyadmin,UnitID:2
2022-08-27 12:44:32.8658|INFO|PIVF.Web.Api.Master.Common.CommonController|1_Controller Name:CommonController,Action:HttpGet,Method:GetDepartmentList,User:multiplyadmin,UnitID:2
2022-08-27 12:44:40.1983|INFO|PIVF.Web.Api.NewRegistration.NewRegistrationAPIController|Controller Name:NewRegistrationAPI,Action:GET,Method:getPatientList,User:multiplyadmin,UnitID:2
2022-08-27 12:44:40.1983|INFO|PIVF.Web.Api.NewRegistration.NewRegistrationAPIController|Controller Name:NewRegistrationAPI,Action:GET,Method:getPatientList,User:multiplyadmin,UnitID:2
2022-08-27 12:46:23.5714|INFO|PIVF.Web.Api.Master.Common.CommonController|1_Controller Name:CommonController,Action:HttpGet,Method:GetDepartmentList,User:multiplyadmin,UnitID:2
2022-08-27 12:46:23.5714|INFO|PIVF.Web.Api.Master.Common.CommonController|1_Controller Name:CommonController,Action:HttpGet,Method:GetDepartmentList,User:multiplyadmin,UnitID:2
2022-08-27 12:46:23.5984|INFO|PIVF.Web.Api.Master.Common.CommonController|1_Controller Name:CommonController,Action:HttpGet,Method:GetSpeclRegTypeList,User:multiplyadmin,UnitID:2
2022-08-27 12:46:23.5984|INFO|PIVF.Web.Api.Master.Common.CommonController|1_Controller Name:CommonController,Action:HttpGet,Method:GetSpeclRegTypeList,User:multiplyadmin,UnitID:2
2022-08-27 12:46:23.6173|INFO|PIVF.Web.Api.QueueMgt.QueueMgtController|Controller Name:QueueMgt,Action:HttpPost,Method:GetQueueList,User:multiplyadmin,UnitID:2
2022-08-27 12:46:23.6173|INFO|PIVF.Web.Api.QueueMgt.QueueMgtController|Controller Name:QueueMgt,Action:HttpPost,Method:GetQueueList,User:multiplyadmin,UnitID:2
2022-08-27 12:46:23.7056|INFO|PIVF.Web.Api.Master.Configuration.UserAPIController|Controller Name:UserAPI,Action:HttpGet,Method:GetUserRoleRights,User:multiplyadmin,UnitID:2
2022-08-27 12:46:23.7056|INFO|PIVF.Web.Api.Master.Configuration.UserAPIController|Controller Name:UserAPI,Action:HttpGet,Method:GetUserRoleRights,User:multiplyadmin,UnitID:2
2022-08-27 12:46:24.0905|INFO|PIVF.Web.Api.Master.Common.CommonController|1_Controller Name:CommonController,Action:HttpGet,Method:GetDoctorsList,User:multiplyadmin,UnitID:2
2022-08-27 12:46:24.0905|INFO|PIVF.Web.Api.Master.Common.CommonController|1_Controller Name:CommonController,Action:HttpGet,Method:GetDoctorsList,User:multiplyadmin,UnitID:2
2022-08-27 12:46:24.2157|INFO|PIVF.Web.Api.Master.Configuration.UserAPIController|Controller Name:UserAPI,Action:HttpGet,Method:GetGrandParentList,User:multiplyadmin,UnitID:2
2022-08-27 12:46:24.2157|INFO|PIVF.Web.Api.Master.Configuration.UserAPIController|Controller Name:UserAPI,Action:HttpGet,Method:GetGrandParentList,User:multiplyadmin,UnitID:2
2022-08-27 12:46:25.3899|INFO|PIVF.Web.Api.Master.Configuration.UserAPIController|Controller Name:UserAPI,Action:HttpGet,Method:GetParentList,User:multiplyadmin,UnitID:2
2022-08-27 12:46:25.3899|INFO|PIVF.Web.Api.Master.Configuration.UserAPIController|Controller Name:UserAPI,Action:HttpGet,Method:GetParentList,User:multiplyadmin,UnitID:2
2022-08-27 12:46:25.4472|INFO|PIVF.Web.Api.Master.Configuration.UserAPIController|Controller Name:UserAPI,Action:HttpGet,Method:GetParentList,User:multiplyadmin,UnitID:2
2022-08-27 12:46:25.4472|INFO|PIVF.Web.Api.Master.Configuration.UserAPIController|Controller Name:UserAPI,Action:HttpGet,Method:GetParentList,User:multiplyadmin,UnitID:2
2022-08-27 12:46:28.9026|INFO|PIVF.Web.Api.NewRegistration.NewRegistrationAPIController|Controller Name:NewRegistrationAPI,Action:GET,Method:getPatientList,User:multiplyadmin,UnitID:2
2022-08-27 12:46:28.9026|INFO|PIVF.Web.Api.NewRegistration.NewRegistrationAPIController|Controller Name:NewRegistrationAPI,Action:GET,Method:getPatientList,User:multiplyadmin,UnitID:2
2022-08-27 12:46:48.2610|INFO|PIVF.Web.Api.Master.Configuration.UserAPIController|Controller Name:UserAPI,Action:HttpGet,Method:GetParentList,User:multiplyadmin,UnitID:2
2022-08-27 12:46:48.2610|INFO|PIVF.Web.Api.Master.Configuration.UserAPIController|Controller Name:UserAPI,Action:HttpGet,Method:GetParentList,User:multiplyadmin,UnitID:2
2022-08-27 12:46:48.2929|INFO|PIVF.Web.Api.Master.Configuration.UserAPIController|Controller Name:UserAPI,Action:HttpGet,Method:GetParentList,User:multiplyadmin,UnitID:2
2022-08-27 12:46:48.2929|INFO|PIVF.Web.Api.Master.Configuration.UserAPIController|Controller Name:UserAPI,Action:HttpGet,Method:GetParentList,User:multiplyadmin,UnitID:2
2022-08-27 12:46:48.3509|INFO|PIVF.Web.Api.Master.Configuration.UserAPIController|Controller Name:UserAPI,Action:HttpGet,Method:GetUserRoleRights,User:multiplyadmin,UnitID:2
2022-08-27 12:46:48.3509|INFO|PIVF.Web.Api.Master.Configuration.UserAPIController|Controller Name:UserAPI,Action:HttpGet,Method:GetUserRoleRights,User:multiplyadmin,UnitID:2
2022-08-27 12:46:48.8336|INFO|PIVF.Web.Api.Master.Common.CommonController|1_Controller Name:CommonController,Action:HttpGet,Method:GetDepartmentList,User:multiplyadmin,UnitID:2
2022-08-27 12:46:48.8336|INFO|PIVF.Web.Api.Master.Common.CommonController|1_Controller Name:CommonController,Action:HttpGet,Method:GetDepartmentList,User:multiplyadmin,UnitID:2
2022-08-27 12:46:48.9105|INFO|PIVF.Web.Api.Master.Common.CommonController|1_Controller Name:CommonController,Action:HttpGet,Method:GetDoctorsList,User:multiplyadmin,UnitID:2
2022-08-27 12:46:48.9105|INFO|PIVF.Web.Api.Master.Common.CommonController|1_Controller Name:CommonController,Action:HttpGet,Method:GetDoctorsList,User:multiplyadmin,UnitID:2
2022-08-27 12:46:48.9275|INFO|PIVF.Web.Api.Master.Common.CommonController|1_Controller Name:CommonController,Action:HttpGet,Method:GetSpeclRegTypeList,User:multiplyadmin,UnitID:2
2022-08-27 12:46:48.9275|INFO|PIVF.Web.Api.Master.Common.CommonController|1_Controller Name:CommonController,Action:HttpGet,Method:GetSpeclRegTypeList,User:multiplyadmin,UnitID:2
2022-08-27 12:46:48.9495|INFO|PIVF.Web.Api.QueueMgt.QueueMgtController|Controller Name:QueueMgt,Action:HttpPost,Method:GetQueueList,User:multiplyadmin,UnitID:2
2022-08-27 12:46:48.9495|INFO|PIVF.Web.Api.QueueMgt.QueueMgtController|Controller Name:QueueMgt,Action:HttpPost,Method:GetQueueList,User:multiplyadmin,UnitID:2
2022-08-27 12:46:50.3542|INFO|PIVF.Web.Api.Master.Configuration.UserAPIController|Controller Name:UserAPI,Action:HttpGet,Method:GetGrandParentList,User:multiplyadmin,UnitID:2
2022-08-27 12:46:50.3542|INFO|PIVF.Web.Api.Master.Configuration.UserAPIController|Controller Name:UserAPI,Action:HttpGet,Method:GetGrandParentList,User:multiplyadmin,UnitID:2
2022-08-27 12:46:56.6336|INFO|PIVF.Web.Api.NewRegistration.NewRegistrationAPIController|Controller Name:NewRegistrationAPI,Action:GET,Method:getPatientList,User:multiplyadmin,UnitID:2
2022-08-27 12:46:56.6336|INFO|PIVF.Web.Api.NewRegistration.NewRegistrationAPIController|Controller Name:NewRegistrationAPI,Action:GET,Method:getPatientList,User:multiplyadmin,UnitID:2
2022-08-27 12:47:35.2963|INFO|PIVF.Web.Api.Master.Configuration.UserAPIController|Controller Name:UserAPI,Action:HttpGet,Method:GetUserRoleRights,User:multiplyadmin,UnitID:2
2022-08-27 12:47:35.2963|INFO|PIVF.Web.Api.Master.Configuration.UserAPIController|Controller Name:UserAPI,Action:HttpGet,Method:GetUserRoleRights,User:multiplyadmin,UnitID:2
2022-08-27 12:47:35.8065|INFO|PIVF.Web.Api.Master.Configuration.UserAPIController|Controller Name:UserAPI,Action:HttpGet,Method:GetGrandParentList,User:multiplyadmin,UnitID:2
2022-08-27 12:47:35.8065|INFO|PIVF.Web.Api.Master.Configuration.UserAPIController|Controller Name:UserAPI,Action:HttpGet,Method:GetGrandParentList,User:multiplyadmin,UnitID:2
2022-08-27 12:47:36.5229|INFO|PIVF.Web.Api.Master.Configuration.UserAPIController|Controller Name:UserAPI,Action:HttpGet,Method:GetParentList,User:multiplyadmin,UnitID:2
2022-08-27 12:47:36.5229|INFO|PIVF.Web.Api.Master.Configuration.UserAPIController|Controller Name:UserAPI,Action:HttpGet,Method:GetParentList,User:multiplyadmin,UnitID:2
2022-08-27 12:47:37.1858|INFO|PIVF.Web.Api.Master.Common.CommonController|1_Controller Name:CommonController,Action:HttpGet,Method:GetDoctorsList,User:multiplyadmin,UnitID:2
2022-08-27 12:47:37.1858|INFO|PIVF.Web.Api.Master.Common.CommonController|1_Controller Name:CommonController,Action:HttpGet,Method:GetDoctorsList,User:multiplyadmin,UnitID:2
2022-08-27 12:47:37.2048|INFO|PIVF.Web.Api.Master.Common.CommonController|1_Controller Name:CommonController,Action:HttpGet,Method:GetSpeclRegTypeList,User:multiplyadmin,UnitID:2
2022-08-27 12:47:37.2048|INFO|PIVF.Web.Api.Master.Common.CommonController|1_Controller Name:CommonController,Action:HttpGet,Method:GetSpeclRegTypeList,User:multiplyadmin,UnitID:2
2022-08-27 12:47:37.9200|INFO|PIVF.Web.Api.Master.Configuration.UserAPIController|Controller Name:UserAPI,Action:HttpGet,Method:GetParentList,User:multiplyadmin,UnitID:2
2022-08-27 12:47:37.9200|INFO|PIVF.Web.Api.Master.Configuration.UserAPIController|Controller Name:UserAPI,Action:HttpGet,Method:GetParentList,User:multiplyadmin,UnitID:2
2022-08-27 12:47:38.2163|INFO|PIVF.Web.Api.Master.Common.CommonController|1_Controller Name:CommonController,Action:HttpGet,Method:GetDepartmentList,User:multiplyadmin,UnitID:2
2022-08-27 12:47:38.2163|INFO|PIVF.Web.Api.Master.Common.CommonController|1_Controller Name:CommonController,Action:HttpGet,Method:GetDepartmentList,User:multiplyadmin,UnitID:2
2022-08-27 12:47:38.7333|INFO|PIVF.Web.Api.QueueMgt.QueueMgtController|Controller Name:QueueMgt,Action:HttpPost,Method:GetQueueList,User:multiplyadmin,UnitID:2
2022-08-27 12:47:38.7333|INFO|PIVF.Web.Api.QueueMgt.QueueMgtController|Controller Name:QueueMgt,Action:HttpPost,Method:GetQueueList,User:multiplyadmin,UnitID:2
2022-08-27 12:47:44.6609|INFO|PIVF.Web.Api.NewRegistration.NewRegistrationAPIController|Controller Name:NewRegistrationAPI,Action:GET,Method:getPatientList,User:multiplyadmin,UnitID:2
2022-08-27 12:47:44.6609|INFO|PIVF.Web.Api.NewRegistration.NewRegistrationAPIController|Controller Name:NewRegistrationAPI,Action:GET,Method:getPatientList,User:multiplyadmin,UnitID:2
2022-08-27 12:52:15.0787|INFO|PIVF.Web.Api.Master.Configuration.UserAPIController|Controller Name:UserAPI,Action:HttpGet,Method:GetGrandParentList,User:multiplyadmin,UnitID:2
2022-08-27 12:52:15.0787|INFO|PIVF.Web.Api.Master.Configuration.UserAPIController|Controller Name:UserAPI,Action:HttpGet,Method:GetGrandParentList,User:multiplyadmin,UnitID:2
2022-08-27 12:52:15.1616|INFO|PIVF.Web.Api.Master.Configuration.UserAPIController|Controller Name:UserAPI,Action:HttpGet,Method:GetParentList,User:multiplyadmin,UnitID:2
2022-08-27 12:52:15.1616|INFO|PIVF.Web.Api.Master.Configuration.UserAPIController|Controller Name:UserAPI,Action:HttpGet,Method:GetParentList,User:multiplyadmin,UnitID:2
2022-08-27 12:52:15.5914|INFO|PIVF.Web.Api.Master.Configuration.UserAPIController|Controller Name:UserAPI,Action:HttpGet,Method:GetUserRoleRights,User:multiplyadmin,UnitID:2
2022-08-27 12:52:15.5914|INFO|PIVF.Web.Api.Master.Configuration.UserAPIController|Controller Name:UserAPI,Action:HttpGet,Method:GetUserRoleRights,User:multiplyadmin,UnitID:2
2022-08-27 12:52:15.7553|INFO|PIVF.Web.Api.Master.Common.CommonController|1_Controller Name:CommonController,Action:HttpGet,Method:GetDepartmentList,User:multiplyadmin,UnitID:2
2022-08-27 12:52:15.7553|INFO|PIVF.Web.Api.Master.Common.CommonController|1_Controller Name:CommonController,Action:HttpGet,Method:GetDepartmentList,User:multiplyadmin,UnitID:2
2022-08-27 12:52:16.2571|INFO|PIVF.Web.Api.QueueMgt.QueueMgtController|Controller Name:QueueMgt,Action:HttpPost,Method:GetQueueList,User:multiplyadmin,UnitID:2
2022-08-27 12:52:16.2571|INFO|PIVF.Web.Api.QueueMgt.QueueMgtController|Controller Name:QueueMgt,Action:HttpPost,Method:GetQueueList,User:multiplyadmin,UnitID:2
2022-08-27 12:52:16.7856|INFO|PIVF.Web.Api.Master.Common.CommonController|1_Controller Name:CommonController,Action:HttpGet,Method:GetSpeclRegTypeList,User:multiplyadmin,UnitID:2
2022-08-27 12:52:16.7856|INFO|PIVF.Web.Api.Master.Common.CommonController|1_Controller Name:CommonController,Action:HttpGet,Method:GetSpeclRegTypeList,User:multiplyadmin,UnitID:2
2022-08-27 12:52:17.2999|INFO|PIVF.Web.Api.Master.Common.CommonController|1_Controller Name:CommonController,Action:HttpGet,Method:GetDoctorsList,User:multiplyadmin,UnitID:2
2022-08-27 12:52:17.2999|INFO|PIVF.Web.Api.Master.Common.CommonController|1_Controller Name:CommonController,Action:HttpGet,Method:GetDoctorsList,User:multiplyadmin,UnitID:2
2022-08-27 12:52:19.6732|INFO|PIVF.Web.Api.Master.Configuration.UserAPIController|Controller Name:UserAPI,Action:HttpGet,Method:GetParentList,User:multiplyadmin,UnitID:2
2022-08-27 12:52:19.6732|INFO|PIVF.Web.Api.Master.Configuration.UserAPIController|Controller Name:UserAPI,Action:HttpGet,Method:GetParentList,User:multiplyadmin,UnitID:2
2022-08-27 12:52:29.3818|INFO|PIVF.Web.Api.QueueMgt.QueueMgtController|Controller Name:QueueMgt,Action:HttpPost,Method:GetQueueList,User:multiplyadmin,UnitID:2
2022-08-27 12:52:29.3818|INFO|PIVF.Web.Api.QueueMgt.QueueMgtController|Controller Name:QueueMgt,Action:HttpPost,Method:GetQueueList,User:multiplyadmin,UnitID:2
2022-08-27 12:52:56.9235|INFO|PIVF.Web.Api.NewRegistration.NewRegistrationAPIController|Controller Name:NewRegistrationAPI,Action:GET,Method:getPatientList,User:multiplyadmin,UnitID:2
2022-08-27 12:52:56.9235|INFO|PIVF.Web.Api.NewRegistration.NewRegistrationAPIController|Controller Name:NewRegistrationAPI,Action:GET,Method:getPatientList,User:multiplyadmin,UnitID:2
2022-08-27 12:53:50.1571|INFO|PIVF.Web.Api.Master.Configuration.UserAPIController|Controller Name:UserAPI,Action:HttpGet,Method:GetUserRoleRights,User:multiplyadmin,UnitID:2
2022-08-27 12:53:50.1571|INFO|PIVF.Web.Api.Master.Configuration.UserAPIController|Controller Name:UserAPI,Action:HttpGet,Method:GetUserRoleRights,User:multiplyadmin,UnitID:2
2022-08-27 12:53:50.7998|INFO|PIVF.Web.Api.Master.Configuration.UserAPIController|Controller Name:UserAPI,Action:HttpGet,Method:GetGrandParentList,User:multiplyadmin,UnitID:2
2022-08-27 12:53:50.7998|INFO|PIVF.Web.Api.Master.Configuration.UserAPIController|Controller Name:UserAPI,Action:HttpGet,Method:GetGrandParentList,User:multiplyadmin,UnitID:2
2022-08-27 12:53:51.2555|INFO|PIVF.Web.Api.Master.Configuration.UserAPIController|Controller Name:UserAPI,Action:HttpGet,Method:GetParentList,User:multiplyadmin,UnitID:2
2022-08-27 12:53:51.2555|INFO|PIVF.Web.Api.Master.Configuration.UserAPIController|Controller Name:UserAPI,Action:HttpGet,Method:GetParentList,User:multiplyadmin,UnitID:2
2022-08-27 12:53:51.4144|INFO|PIVF.Web.Api.Master.Common.CommonController|1_Controller Name:CommonController,Action:HttpGet,Method:GetDepartmentList,User:multiplyadmin,UnitID:2
2022-08-27 12:53:51.4144|INFO|PIVF.Web.Api.Master.Common.CommonController|1_Controller Name:CommonController,Action:HttpGet,Method:GetDepartmentList,User:multiplyadmin,UnitID:2
2022-08-27 12:53:51.4243|INFO|PIVF.Web.Api.Master.Common.CommonController|1_Controller Name:CommonController,Action:HttpGet,Method:GetSpeclRegTypeList,User:multiplyadmin,UnitID:2
2022-08-27 12:53:51.4243|INFO|PIVF.Web.Api.Master.Common.CommonController|1_Controller Name:CommonController,Action:HttpGet,Method:GetSpeclRegTypeList,User:multiplyadmin,UnitID:2
2022-08-27 12:53:51.9302|INFO|PIVF.Web.Api.Master.Common.CommonController|1_Controller Name:CommonController,Action:HttpGet,Method:GetDoctorsList,User:multiplyadmin,UnitID:2
2022-08-27 12:53:51.9302|INFO|PIVF.Web.Api.Master.Common.CommonController|1_Controller Name:CommonController,Action:HttpGet,Method:GetDoctorsList,User:multiplyadmin,UnitID:2
2022-08-27 12:53:52.4689|INFO|PIVF.Web.Api.Master.Configuration.UserAPIController|Controller Name:UserAPI,Action:HttpGet,Method:GetParentList,User:multiplyadmin,UnitID:2
2022-08-27 12:53:52.4689|INFO|PIVF.Web.Api.Master.Configuration.UserAPIController|Controller Name:UserAPI,Action:HttpGet,Method:GetParentList,User:multiplyadmin,UnitID:2
2022-08-27 12:53:52.9502|INFO|PIVF.Web.Api.QueueMgt.QueueMgtController|Controller Name:QueueMgt,Action:HttpPost,Method:GetQueueList,User:multiplyadmin,UnitID:2
2022-08-27 12:53:52.9502|INFO|PIVF.Web.Api.QueueMgt.QueueMgtController|Controller Name:QueueMgt,Action:HttpPost,Method:GetQueueList,User:multiplyadmin,UnitID:2
2022-08-27 12:53:58.0492|INFO|PIVF.Web.Api.NewRegistration.NewRegistrationAPIController|Controller Name:NewRegistrationAPI,Action:GET,Method:getPatientList,User:multiplyadmin,UnitID:2
2022-08-27 12:53:58.0492|INFO|PIVF.Web.Api.NewRegistration.NewRegistrationAPIController|Controller Name:NewRegistrationAPI,Action:GET,Method:getPatientList,User:multiplyadmin,UnitID:2
2022-08-27 12:54:52.7311|INFO|PIVF.Web.Api.Master.Configuration.UserAPIController|Controller Name:UserAPI,Action:HttpGet,Method:GetGrandParentList,User:multiplyadmin,UnitID:2
2022-08-27 12:54:52.7311|INFO|PIVF.Web.Api.Master.Configuration.UserAPIController|Controller Name:UserAPI,Action:HttpGet,Method:GetGrandParentList,User:multiplyadmin,UnitID:2
2022-08-27 12:54:53.0269|INFO|PIVF.Web.Api.Master.Common.CommonController|1_Controller Name:CommonController,Action:HttpGet,Method:GetDoctorsList,User:multiplyadmin,UnitID:2
2022-08-27 12:54:53.0269|INFO|PIVF.Web.Api.Master.Common.CommonController|1_Controller Name:CommonController,Action:HttpGet,Method:GetDoctorsList,User:multiplyadmin,UnitID:2
2022-08-27 12:54:53.0469|INFO|PIVF.Web.Api.QueueMgt.QueueMgtController|Controller Name:QueueMgt,Action:HttpPost,Method:GetQueueList,User:multiplyadmin,UnitID:2
2022-08-27 12:54:53.0469|INFO|PIVF.Web.Api.QueueMgt.QueueMgtController|Controller Name:QueueMgt,Action:HttpPost,Method:GetQueueList,User:multiplyadmin,UnitID:2
2022-08-27 12:54:53.9840|INFO|PIVF.Web.Api.Master.Configuration.UserAPIController|Controller Name:UserAPI,Action:HttpGet,Method:GetParentList,User:multiplyadmin,UnitID:2
2022-08-27 12:54:53.9840|INFO|PIVF.Web.Api.Master.Configuration.UserAPIController|Controller Name:UserAPI,Action:HttpGet,Method:GetParentList,User:multiplyadmin,UnitID:2
2022-08-27 12:54:54.0090|INFO|PIVF.Web.Api.Master.Configuration.UserAPIController|Controller Name:UserAPI,Action:HttpGet,Method:GetParentList,User:multiplyadmin,UnitID:2
2022-08-27 12:54:54.0090|INFO|PIVF.Web.Api.Master.Configuration.UserAPIController|Controller Name:UserAPI,Action:HttpGet,Method:GetParentList,User:multiplyadmin,UnitID:2
2022-08-27 12:54:54.0309|INFO|PIVF.Web.Api.Master.Common.CommonController|1_Controller Name:CommonController,Action:HttpGet,Method:GetDepartmentList,User:multiplyadmin,UnitID:2
2022-08-27 12:54:54.0309|INFO|PIVF.Web.Api.Master.Common.CommonController|1_Controller Name:CommonController,Action:HttpGet,Method:GetDepartmentList,User:multiplyadmin,UnitID:2
2022-08-27 12:54:54.0489|INFO|PIVF.Web.Api.Master.Common.CommonController|1_Controller Name:CommonController,Action:HttpGet,Method:GetSpeclRegTypeList,User:multiplyadmin,UnitID:2
2022-08-27 12:54:54.0489|INFO|PIVF.Web.Api.Master.Common.CommonController|1_Controller Name:CommonController,Action:HttpGet,Method:GetSpeclRegTypeList,User:multiplyadmin,UnitID:2
2022-08-27 12:54:54.2638|INFO|PIVF.Web.Api.Master.Configuration.UserAPIController|Controller Name:UserAPI,Action:HttpGet,Method:GetUserRoleRights,User:multiplyadmin,UnitID:2
2022-08-27 12:54:54.2638|INFO|PIVF.Web.Api.Master.Configuration.UserAPIController|Controller Name:UserAPI,Action:HttpGet,Method:GetUserRoleRights,User:multiplyadmin,UnitID:2
2022-08-27 12:54:57.6209|INFO|PIVF.Web.Api.NewRegistration.NewRegistrationAPIController|Controller Name:NewRegistrationAPI,Action:GET,Method:getPatientList,User:multiplyadmin,UnitID:2
2022-08-27 12:54:57.6209|INFO|PIVF.Web.Api.NewRegistration.NewRegistrationAPIController|Controller Name:NewRegistrationAPI,Action:GET,Method:getPatientList,User:multiplyadmin,UnitID:2
2022-08-27 13:00:37.9922|INFO|PIVF.Web.Api.Master.Configuration.UserAPIController|Controller Name:UserAPI,Action:HttpGet,Method:GetUserRoleRights,User:multiplyadmin,UnitID:2
2022-08-27 13:00:37.9922|INFO|PIVF.Web.Api.Master.Configuration.UserAPIController|Controller Name:UserAPI,Action:HttpGet,Method:GetUserRoleRights,User:multiplyadmin,UnitID:2
2022-08-27 13:00:38.5059|INFO|PIVF.Web.Api.Master.Configuration.UserAPIController|Controller Name:UserAPI,Action:HttpGet,Method:GetGrandParentList,User:multiplyadmin,UnitID:2
2022-08-27 13:00:38.5059|INFO|PIVF.Web.Api.Master.Configuration.UserAPIController|Controller Name:UserAPI,Action:HttpGet,Method:GetGrandParentList,User:multiplyadmin,UnitID:2
2022-08-27 13:00:38.6598|INFO|PIVF.Web.Api.QueueMgt.QueueMgtController|Controller Name:QueueMgt,Action:HttpPost,Method:GetQueueList,User:multiplyadmin,UnitID:2
2022-08-27 13:00:38.6598|INFO|PIVF.Web.Api.QueueMgt.QueueMgtController|Controller Name:QueueMgt,Action:HttpPost,Method:GetQueueList,User:multiplyadmin,UnitID:2
2022-08-27 13:00:38.6808|INFO|PIVF.Web.Api.Master.Common.CommonController|1_Controller Name:CommonController,Action:HttpGet,Method:GetDoctorsList,User:multiplyadmin,UnitID:2
2022-08-27 13:00:38.6808|INFO|PIVF.Web.Api.Master.Common.CommonController|1_Controller Name:CommonController,Action:HttpGet,Method:GetDoctorsList,User:multiplyadmin,UnitID:2
2022-08-27 13:00:38.7078|INFO|PIVF.Web.Api.Master.Configuration.UserAPIController|Controller Name:UserAPI,Action:HttpGet,Method:GetParentList,User:multiplyadmin,UnitID:2
2022-08-27 13:00:38.7078|INFO|PIVF.Web.Api.Master.Configuration.UserAPIController|Controller Name:UserAPI,Action:HttpGet,Method:GetParentList,User:multiplyadmin,UnitID:2
2022-08-27 13:00:38.7378|INFO|PIVF.Web.Api.Master.Configuration.UserAPIController|Controller Name:UserAPI,Action:HttpGet,Method:GetParentList,User:multiplyadmin,UnitID:2
2022-08-27 13:00:38.7378|INFO|PIVF.Web.Api.Master.Configuration.UserAPIController|Controller Name:UserAPI,Action:HttpGet,Method:GetParentList,User:multiplyadmin,UnitID:2
2022-08-27 13:00:39.1839|INFO|PIVF.Web.Api.Master.Common.CommonController|1_Controller Name:CommonController,Action:HttpGet,Method:GetDepartmentList,User:multiplyadmin,UnitID:2
2022-08-27 13:00:39.1839|INFO|PIVF.Web.Api.Master.Common.CommonController|1_Controller Name:CommonController,Action:HttpGet,Method:GetDepartmentList,User:multiplyadmin,UnitID:2
2022-08-27 13:00:39.2001|INFO|PIVF.Web.Api.Master.Common.CommonController|1_Controller Name:CommonController,Action:HttpGet,Method:GetSpeclRegTypeList,User:multiplyadmin,UnitID:2
2022-08-27 13:00:39.2001|INFO|PIVF.Web.Api.Master.Common.CommonController|1_Controller Name:CommonController,Action:HttpGet,Method:GetSpeclRegTypeList,User:multiplyadmin,UnitID:2
2022-08-27 13:00:44.8666|INFO|PIVF.Web.Api.NewRegistration.NewRegistrationAPIController|Controller Name:NewRegistrationAPI,Action:GET,Method:getPatientList,User:multiplyadmin,UnitID:2
2022-08-27 13:00:44.8666|INFO|PIVF.Web.Api.NewRegistration.NewRegistrationAPIController|Controller Name:NewRegistrationAPI,Action:GET,Method:getPatientList,User:multiplyadmin,UnitID:2
2022-08-27 15:54:11.6902|INFO|PIVF.Web.Api.Master.Configuration.UserAPIController|Controller Name:UserAPI,Action:HttpGet,Method:GetGrandParentList,User:multiplyadmin,UnitID:2
2022-08-27 15:54:11.6902|INFO|PIVF.Web.Api.Master.Configuration.UserAPIController|Controller Name:UserAPI,Action:HttpGet,Method:GetGrandParentList,User:multiplyadmin,UnitID:2
2022-08-27 15:54:13.8456|INFO|PIVF.Web.Api.Master.Configuration.UserAPIController|Controller Name:UserAPI,Action:HttpGet,Method:GetParentList,User:multiplyadmin,UnitID:2
2022-08-27 15:54:13.8456|INFO|PIVF.Web.Api.Master.Configuration.UserAPIController|Controller Name:UserAPI,Action:HttpGet,Method:GetParentList,User:multiplyadmin,UnitID:2
2022-08-27 15:54:13.8766|INFO|PIVF.Web.Api.Master.Configuration.UserAPIController|Controller Name:UserAPI,Action:HttpGet,Method:GetParentList,User:multiplyadmin,UnitID:2
2022-08-27 15:54:13.8766|INFO|PIVF.Web.Api.Master.Configuration.UserAPIController|Controller Name:UserAPI,Action:HttpGet,Method:GetParentList,User:multiplyadmin,UnitID:2
2022-08-27 15:54:19.5429|INFO|PIVF.Web.Api.NewRegistration.NewRegistrationAPIController|Controller Name:NewRegistrationAPI,Action:GET,Method:getPatientList,User:multiplyadmin,UnitID:2
2022-08-27 15:54:19.5429|INFO|PIVF.Web.Api.NewRegistration.NewRegistrationAPIController|Controller Name:NewRegistrationAPI,Action:GET,Method:getPatientList,User:multiplyadmin,UnitID:2
2022-08-27 15:54:20.7775|INFO|PIVF.Web.Api.Master.Configuration.UserAPIController|Controller Name:UserAPI,Action:HttpGet,Method:GetUserRoleRights,User:multiplyadmin,UnitID:2
2022-08-27 15:54:20.7775|INFO|PIVF.Web.Api.Master.Configuration.UserAPIController|Controller Name:UserAPI,Action:HttpGet,Method:GetUserRoleRights,User:multiplyadmin,UnitID:2
2022-08-27 16:36:25.3179|INFO|PIVF.Web.Api.Master.Configuration.UserAPIController|Controller Name:UserAPI,Action:HttpGet,Method:GetUserRoleRights,User:multiplyadmin,UnitID:2
2022-08-27 16:36:25.3179|INFO|PIVF.Web.Api.Master.Configuration.UserAPIController|Controller Name:UserAPI,Action:HttpGet,Method:GetUserRoleRights,User:multiplyadmin,UnitID:2
2022-08-27 16:36:26.9190|INFO|PIVF.Web.Api.QueueMgt.QueueMgtController|Controller Name:QueueMgt,Action:HttpPost,Method:GetQueueList,User:multiplyadmin,UnitID:2
2022-08-27 16:36:26.9190|INFO|PIVF.Web.Api.QueueMgt.QueueMgtController|Controller Name:QueueMgt,Action:HttpPost,Method:GetQueueList,User:multiplyadmin,UnitID:2
2022-08-27 16:36:27.3941|INFO|PIVF.Web.Api.Master.Common.CommonController|1_Controller Name:CommonController,Action:HttpGet,Method:GetDepartmentList,User:multiplyadmin,UnitID:2
2022-08-27 16:36:27.3941|INFO|PIVF.Web.Api.Master.Common.CommonController|1_Controller Name:CommonController,Action:HttpGet,Method:GetDepartmentList,User:multiplyadmin,UnitID:2
2022-08-27 16:36:28.3458|INFO|PIVF.Web.Api.Master.Common.CommonController|1_Controller Name:CommonController,Action:HttpGet,Method:GetSpeclRegTypeList,User:multiplyadmin,UnitID:2
2022-08-27 16:36:28.3458|INFO|PIVF.Web.Api.Master.Common.CommonController|1_Controller Name:CommonController,Action:HttpGet,Method:GetSpeclRegTypeList,User:multiplyadmin,UnitID:2
2022-08-27 16:36:28.4846|INFO|PIVF.Web.Api.Master.Configuration.UserAPIController|Controller Name:UserAPI,Action:HttpGet,Method:GetParentList,User:multiplyadmin,UnitID:2
2022-08-27 16:36:28.4846|INFO|PIVF.Web.Api.Master.Configuration.UserAPIController|Controller Name:UserAPI,Action:HttpGet,Method:GetParentList,User:multiplyadmin,UnitID:2
2022-08-27 16:36:28.8565|INFO|PIVF.Web.Api.Master.Common.CommonController|1_Controller Name:CommonController,Action:HttpGet,Method:GetDoctorsList,User:multiplyadmin,UnitID:2
2022-08-27 16:36:28.8565|INFO|PIVF.Web.Api.Master.Common.CommonController|1_Controller Name:CommonController,Action:HttpGet,Method:GetDoctorsList,User:multiplyadmin,UnitID:2
2022-08-27 16:36:28.9962|INFO|PIVF.Web.Api.Master.Configuration.UserAPIController|Controller Name:UserAPI,Action:HttpGet,Method:GetGrandParentList,User:multiplyadmin,UnitID:2
2022-08-27 16:36:28.9962|INFO|PIVF.Web.Api.Master.Configuration.UserAPIController|Controller Name:UserAPI,Action:HttpGet,Method:GetGrandParentList,User:multiplyadmin,UnitID:2
2022-08-27 16:36:29.6665|INFO|PIVF.Web.Api.Master.Configuration.UserAPIController|Controller Name:UserAPI,Action:HttpGet,Method:GetParentList,User:multiplyadmin,UnitID:2
2022-08-27 16:36:29.6665|INFO|PIVF.Web.Api.Master.Configuration.UserAPIController|Controller Name:UserAPI,Action:HttpGet,Method:GetParentList,User:multiplyadmin,UnitID:2
2022-08-27 16:39:23.5769|INFO|PIVF.Web.Api.NewRegistration.NewRegistrationAPIController|Controller Name:NewRegistrationAPI,Action:GET,Method:getPatientList,User:multiplyadmin,UnitID:2
2022-08-27 16:39:23.5769|INFO|PIVF.Web.Api.NewRegistration.NewRegistrationAPIController|Controller Name:NewRegistrationAPI,Action:GET,Method:getPatientList,User:multiplyadmin,UnitID:2
2022-08-27 16:41:02.7051|INFO|PIVF.Web.Api.Master.Configuration.UserAPIController|Controller Name:UserAPI,Action:HttpGet,Method:GetGrandParentList,User:multiplyadmin,UnitID:2
2022-08-27 16:41:02.7051|INFO|PIVF.Web.Api.Master.Configuration.UserAPIController|Controller Name:UserAPI,Action:HttpGet,Method:GetGrandParentList,User:multiplyadmin,UnitID:2
2022-08-27 16:41:03.4428|INFO|PIVF.Web.Api.Master.Common.CommonController|1_Controller Name:CommonController,Action:HttpGet,Method:GetDoctorsList,User:multiplyadmin,UnitID:2
2022-08-27 16:41:03.4428|INFO|PIVF.Web.Api.Master.Common.CommonController|1_Controller Name:CommonController,Action:HttpGet,Method:GetDoctorsList,User:multiplyadmin,UnitID:2
2022-08-27 16:41:03.4782|INFO|PIVF.Web.Api.Master.Common.CommonController|1_Controller Name:CommonController,Action:HttpGet,Method:GetSpeclRegTypeList,User:multiplyadmin,UnitID:2
2022-08-27 16:41:03.4782|INFO|PIVF.Web.Api.Master.Common.CommonController|1_Controller Name:CommonController,Action:HttpGet,Method:GetSpeclRegTypeList,User:multiplyadmin,UnitID:2
2022-08-27 16:41:03.5131|INFO|PIVF.Web.Api.QueueMgt.QueueMgtController|Controller Name:QueueMgt,Action:HttpPost,Method:GetQueueList,User:multiplyadmin,UnitID:2
2022-08-27 16:41:03.5131|INFO|PIVF.Web.Api.QueueMgt.QueueMgtController|Controller Name:QueueMgt,Action:HttpPost,Method:GetQueueList,User:multiplyadmin,UnitID:2
2022-08-27 16:41:03.5461|INFO|PIVF.Web.Api.Master.Configuration.UserAPIController|Controller Name:UserAPI,Action:HttpGet,Method:GetParentList,User:multiplyadmin,UnitID:2
2022-08-27 16:41:03.5461|INFO|PIVF.Web.Api.Master.Configuration.UserAPIController|Controller Name:UserAPI,Action:HttpGet,Method:GetParentList,User:multiplyadmin,UnitID:2
2022-08-27 16:41:03.7140|INFO|PIVF.Web.Api.Master.Common.CommonController|1_Controller Name:CommonController,Action:HttpGet,Method:GetDepartmentList,User:multiplyadmin,UnitID:2
2022-08-27 16:41:03.7140|INFO|PIVF.Web.Api.Master.Common.CommonController|1_Controller Name:CommonController,Action:HttpGet,Method:GetDepartmentList,User:multiplyadmin,UnitID:2
2022-08-27 16:41:03.7302|INFO|PIVF.Web.Api.Master.Configuration.UserAPIController|Controller Name:UserAPI,Action:HttpGet,Method:GetUserRoleRights,User:multiplyadmin,UnitID:2
2022-08-27 16:41:03.7302|INFO|PIVF.Web.Api.Master.Configuration.UserAPIController|Controller Name:UserAPI,Action:HttpGet,Method:GetUserRoleRights,User:multiplyadmin,UnitID:2
2022-08-27 16:41:04.7180|INFO|PIVF.Web.Api.Master.Configuration.UserAPIController|Controller Name:UserAPI,Action:HttpGet,Method:GetParentList,User:multiplyadmin,UnitID:2
2022-08-27 16:41:04.7180|INFO|PIVF.Web.Api.Master.Configuration.UserAPIController|Controller Name:UserAPI,Action:HttpGet,Method:GetParentList,User:multiplyadmin,UnitID:2
2022-08-27 16:47:52.6060|INFO|PIVF.Web.Api.NewRegistration.NewRegistrationAPIController|Controller Name:NewRegistrationAPI,Action:GET,Method:getPatientList,User:multiplyadmin,UnitID:2
2022-08-27 16:47:52.6060|INFO|PIVF.Web.Api.NewRegistration.NewRegistrationAPIController|Controller Name:NewRegistrationAPI,Action:GET,Method:getPatientList,User:multiplyadmin,UnitID:2
2022-08-27 16:48:56.1989|INFO|PIVF.Web.Api.Master.Configuration.UserAPIController|Controller Name:UserAPI,Action:HttpGet,Method:GetParentList,User:multiplyadmin,UnitID:2
2022-08-27 16:48:56.1989|INFO|PIVF.Web.Api.Master.Configuration.UserAPIController|Controller Name:UserAPI,Action:HttpGet,Method:GetParentList,User:multiplyadmin,UnitID:2
2022-08-27 16:48:56.7300|INFO|PIVF.Web.Api.Master.Configuration.UserAPIController|Controller Name:UserAPI,Action:HttpGet,Method:GetGrandParentList,User:multiplyadmin,UnitID:2
2022-08-27 16:48:56.7300|INFO|PIVF.Web.Api.Master.Configuration.UserAPIController|Controller Name:UserAPI,Action:HttpGet,Method:GetGrandParentList,User:multiplyadmin,UnitID:2
2022-08-27 16:48:56.7614|INFO|PIVF.Web.Api.Master.Configuration.UserAPIController|Controller Name:UserAPI,Action:HttpGet,Method:GetParentList,User:multiplyadmin,UnitID:2
2022-08-27 16:48:56.7614|INFO|PIVF.Web.Api.Master.Configuration.UserAPIController|Controller Name:UserAPI,Action:HttpGet,Method:GetParentList,User:multiplyadmin,UnitID:2
2022-08-27 16:48:57.2458|INFO|PIVF.Web.Api.Master.Configuration.UserAPIController|Controller Name:UserAPI,Action:HttpGet,Method:GetUserRoleRights,User:multiplyadmin,UnitID:2
2022-08-27 16:48:57.2458|INFO|PIVF.Web.Api.Master.Configuration.UserAPIController|Controller Name:UserAPI,Action:HttpGet,Method:GetUserRoleRights,User:multiplyadmin,UnitID:2
2022-08-27 16:48:57.9686|INFO|PIVF.Web.Api.QueueMgt.QueueMgtController|Controller Name:QueueMgt,Action:HttpPost,Method:GetQueueList,User:multiplyadmin,UnitID:2
2022-08-27 16:48:57.9686|INFO|PIVF.Web.Api.QueueMgt.QueueMgtController|Controller Name:QueueMgt,Action:HttpPost,Method:GetQueueList,User:multiplyadmin,UnitID:2
2022-08-27 16:48:57.9906|INFO|PIVF.Web.Api.Master.Common.CommonController|1_Controller Name:CommonController,Action:HttpGet,Method:GetSpeclRegTypeList,User:multiplyadmin,UnitID:2
2022-08-27 16:48:57.9906|INFO|PIVF.Web.Api.Master.Common.CommonController|1_Controller Name:CommonController,Action:HttpGet,Method:GetSpeclRegTypeList,User:multiplyadmin,UnitID:2
2022-08-27 16:48:58.5037|INFO|PIVF.Web.Api.Master.Common.CommonController|1_Controller Name:CommonController,Action:HttpGet,Method:GetDepartmentList,User:multiplyadmin,UnitID:2
2022-08-27 16:48:58.5037|INFO|PIVF.Web.Api.Master.Common.CommonController|1_Controller Name:CommonController,Action:HttpGet,Method:GetDepartmentList,User:multiplyadmin,UnitID:2
2022-08-27 16:48:59.0164|INFO|PIVF.Web.Api.Master.Common.CommonController|1_Controller Name:CommonController,Action:HttpGet,Method:GetDoctorsList,User:multiplyadmin,UnitID:2
2022-08-27 16:48:59.0164|INFO|PIVF.Web.Api.Master.Common.CommonController|1_Controller Name:CommonController,Action:HttpGet,Method:GetDoctorsList,User:multiplyadmin,UnitID:2
2022-08-27 16:49:01.7910|INFO|PIVF.Web.Api.NewRegistration.NewRegistrationAPIController|Controller Name:NewRegistrationAPI,Action:GET,Method:getPatientList,User:multiplyadmin,UnitID:2
2022-08-27 16:49:01.7910|INFO|PIVF.Web.Api.NewRegistration.NewRegistrationAPIController|Controller Name:NewRegistrationAPI,Action:GET,Method:getPatientList,User:multiplyadmin,UnitID:2
2022-08-27 17:10:59.2791|INFO|PIVF.Web.Api.Master.Configuration.UserAPIController|Controller Name:UserAPI,Action:HttpGet,Method:GetGrandParentList,User:multiplyadmin,UnitID:2
2022-08-27 17:10:59.2791|INFO|PIVF.Web.Api.Master.Configuration.UserAPIController|Controller Name:UserAPI,Action:HttpGet,Method:GetGrandParentList,User:multiplyadmin,UnitID:2
2022-08-27 17:10:59.5799|INFO|PIVF.Web.Api.Master.Common.CommonController|1_Controller Name:CommonController,Action:HttpGet,Method:GetDepartmentList,User:multiplyadmin,UnitID:2
2022-08-27 17:10:59.5799|INFO|PIVF.Web.Api.Master.Common.CommonController|1_Controller Name:CommonController,Action:HttpGet,Method:GetDepartmentList,User:multiplyadmin,UnitID:2
2022-08-27 17:10:59.5909|INFO|PIVF.Web.Api.QueueMgt.QueueMgtController|Controller Name:QueueMgt,Action:HttpPost,Method:GetQueueList,User:multiplyadmin,UnitID:2
2022-08-27 17:10:59.5909|INFO|PIVF.Web.Api.QueueMgt.QueueMgtController|Controller Name:QueueMgt,Action:HttpPost,Method:GetQueueList,User:multiplyadmin,UnitID:2
2022-08-27 17:11:00.0962|INFO|PIVF.Web.Api.Master.Common.CommonController|1_Controller Name:CommonController,Action:HttpGet,Method:GetDoctorsList,User:multiplyadmin,UnitID:2
2022-08-27 17:11:00.0962|INFO|PIVF.Web.Api.Master.Common.CommonController|1_Controller Name:CommonController,Action:HttpGet,Method:GetDoctorsList,User:multiplyadmin,UnitID:2
2022-08-27 17:11:00.1132|INFO|PIVF.Web.Api.Master.Common.CommonController|1_Controller Name:CommonController,Action:HttpGet,Method:GetSpeclRegTypeList,User:multiplyadmin,UnitID:2
2022-08-27 17:11:00.1132|INFO|PIVF.Web.Api.Master.Common.CommonController|1_Controller Name:CommonController,Action:HttpGet,Method:GetSpeclRegTypeList,User:multiplyadmin,UnitID:2
2022-08-27 17:11:00.3001|INFO|PIVF.Web.Api.Master.Configuration.UserAPIController|Controller Name:UserAPI,Action:HttpGet,Method:GetUserRoleRights,User:multiplyadmin,UnitID:2
2022-08-27 17:11:00.3001|INFO|PIVF.Web.Api.Master.Configuration.UserAPIController|Controller Name:UserAPI,Action:HttpGet,Method:GetUserRoleRights,User:multiplyadmin,UnitID:2
2022-08-27 17:11:01.4660|INFO|PIVF.Web.Api.Master.Configuration.UserAPIController|Controller Name:UserAPI,Action:HttpGet,Method:GetParentList,User:multiplyadmin,UnitID:2
2022-08-27 17:11:01.4660|INFO|PIVF.Web.Api.Master.Configuration.UserAPIController|Controller Name:UserAPI,Action:HttpGet,Method:GetParentList,User:multiplyadmin,UnitID:2
2022-08-27 17:11:01.4872|INFO|PIVF.Web.Api.Master.Configuration.UserAPIController|Controller Name:UserAPI,Action:HttpGet,Method:GetParentList,User:multiplyadmin,UnitID:2
2022-08-27 17:11:01.4872|INFO|PIVF.Web.Api.Master.Configuration.UserAPIController|Controller Name:UserAPI,Action:HttpGet,Method:GetParentList,User:multiplyadmin,UnitID:2
2022-08-27 17:11:06.7495|INFO|PIVF.Web.Api.Master.Configuration.UserAPIController|Controller Name:UserAPI,Action:HttpGet,Method:GetUserRoleRights,User:multiplyadmin,UnitID:2
2022-08-27 17:11:06.7495|INFO|PIVF.Web.Api.Master.Configuration.UserAPIController|Controller Name:UserAPI,Action:HttpGet,Method:GetUserRoleRights,User:multiplyadmin,UnitID:2
2022-08-27 17:11:06.9235|INFO|PIVF.Web.Api.Master.Common.CommonController|1_Controller Name:CommonController,Action:HttpGet,Method:GetDepartmentList,User:multiplyadmin,UnitID:2
2022-08-27 17:11:06.9235|INFO|PIVF.Web.Api.Master.Common.CommonController|1_Controller Name:CommonController,Action:HttpGet,Method:GetDepartmentList,User:multiplyadmin,UnitID:2
2022-08-27 17:11:06.9385|INFO|PIVF.Web.Api.QueueMgt.QueueMgtController|Controller Name:QueueMgt,Action:HttpPost,Method:GetQueueList,User:multiplyadmin,UnitID:2
2022-08-27 17:11:06.9385|INFO|PIVF.Web.Api.QueueMgt.QueueMgtController|Controller Name:QueueMgt,Action:HttpPost,Method:GetQueueList,User:multiplyadmin,UnitID:2
2022-08-27 17:11:06.9625|INFO|PIVF.Web.Api.Master.Common.CommonController|1_Controller Name:CommonController,Action:HttpGet,Method:GetSpeclRegTypeList,User:multiplyadmin,UnitID:2
2022-08-27 17:11:06.9625|INFO|PIVF.Web.Api.Master.Common.CommonController|1_Controller Name:CommonController,Action:HttpGet,Method:GetSpeclRegTypeList,User:multiplyadmin,UnitID:2
2022-08-27 17:11:07.2641|INFO|PIVF.Web.Api.Master.Configuration.UserAPIController|Controller Name:UserAPI,Action:HttpGet,Method:GetGrandParentList,User:multiplyadmin,UnitID:2
2022-08-27 17:11:07.2641|INFO|PIVF.Web.Api.Master.Configuration.UserAPIController|Controller Name:UserAPI,Action:HttpGet,Method:GetGrandParentList,User:multiplyadmin,UnitID:2
2022-08-27 17:11:07.4488|INFO|PIVF.Web.Api.Master.Common.CommonController|1_Controller Name:CommonController,Action:HttpGet,Method:GetDoctorsList,User:multiplyadmin,UnitID:2
2022-08-27 17:11:07.4488|INFO|PIVF.Web.Api.Master.Common.CommonController|1_Controller Name:CommonController,Action:HttpGet,Method:GetDoctorsList,User:multiplyadmin,UnitID:2
2022-08-27 17:11:07.9890|INFO|PIVF.Web.Api.Master.Configuration.UserAPIController|Controller Name:UserAPI,Action:HttpGet,Method:GetParentList,User:multiplyadmin,UnitID:2
2022-08-27 17:11:07.9890|INFO|PIVF.Web.Api.Master.Configuration.UserAPIController|Controller Name:UserAPI,Action:HttpGet,Method:GetParentList,User:multiplyadmin,UnitID:2
2022-08-27 17:11:08.0739|INFO|PIVF.Web.Api.Master.Configuration.UserAPIController|Controller Name:UserAPI,Action:HttpGet,Method:GetParentList,User:multiplyadmin,UnitID:2
2022-08-27 17:11:08.0739|INFO|PIVF.Web.Api.Master.Configuration.UserAPIController|Controller Name:UserAPI,Action:HttpGet,Method:GetParentList,User:multiplyadmin,UnitID:2
2022-08-27 17:11:22.7694|INFO|PIVF.Web.Api.Master.Common.CommonController|1_Controller Name:CommonController,Action:HttpGet,Method:GetDepartmentList,User:multiplyadmin,UnitID:2
2022-08-27 17:11:22.7694|INFO|PIVF.Web.Api.Master.Common.CommonController|1_Controller Name:CommonController,Action:HttpGet,Method:GetDepartmentList,User:multiplyadmin,UnitID:2
2022-08-27 17:11:22.7804|INFO|PIVF.Web.Api.Master.Common.CommonController|1_Controller Name:CommonController,Action:HttpGet,Method:GetSpeclRegTypeList,User:multiplyadmin,UnitID:2
2022-08-27 17:11:22.7804|INFO|PIVF.Web.Api.Master.Common.CommonController|1_Controller Name:CommonController,Action:HttpGet,Method:GetSpeclRegTypeList,User:multiplyadmin,UnitID:2
2022-08-27 17:11:22.8670|INFO|PIVF.Web.Api.Master.Configuration.UserAPIController|Controller Name:UserAPI,Action:HttpGet,Method:GetParentList,User:multiplyadmin,UnitID:2
2022-08-27 17:11:22.8670|INFO|PIVF.Web.Api.Master.Configuration.UserAPIController|Controller Name:UserAPI,Action:HttpGet,Method:GetParentList,User:multiplyadmin,UnitID:2
2022-08-27 17:11:22.8897|INFO|PIVF.Web.Api.Master.Configuration.UserAPIController|Controller Name:UserAPI,Action:HttpGet,Method:GetParentList,User:multiplyadmin,UnitID:2
2022-08-27 17:11:22.8897|INFO|PIVF.Web.Api.Master.Configuration.UserAPIController|Controller Name:UserAPI,Action:HttpGet,Method:GetParentList,User:multiplyadmin,UnitID:2
2022-08-27 17:11:23.1796|INFO|PIVF.Web.Api.Master.Configuration.UserAPIController|Controller Name:UserAPI,Action:HttpGet,Method:GetUserRoleRights,User:multiplyadmin,UnitID:2
2022-08-27 17:11:23.1796|INFO|PIVF.Web.Api.Master.Configuration.UserAPIController|Controller Name:UserAPI,Action:HttpGet,Method:GetUserRoleRights,User:multiplyadmin,UnitID:2
2022-08-27 17:11:23.2736|INFO|PIVF.Web.Api.Master.Common.CommonController|1_Controller Name:CommonController,Action:HttpGet,Method:GetDoctorsList,User:multiplyadmin,UnitID:2
2022-08-27 17:11:23.2736|INFO|PIVF.Web.Api.Master.Common.CommonController|1_Controller Name:CommonController,Action:HttpGet,Method:GetDoctorsList,User:multiplyadmin,UnitID:2
2022-08-27 17:11:23.3038|INFO|PIVF.Web.Api.QueueMgt.QueueMgtController|Controller Name:QueueMgt,Action:HttpPost,Method:GetQueueList,User:multiplyadmin,UnitID:2
2022-08-27 17:11:23.3038|INFO|PIVF.Web.Api.QueueMgt.QueueMgtController|Controller Name:QueueMgt,Action:HttpPost,Method:GetQueueList,User:multiplyadmin,UnitID:2
2022-08-27 17:11:23.6925|INFO|PIVF.Web.Api.Master.Configuration.UserAPIController|Controller Name:UserAPI,Action:HttpGet,Method:GetGrandParentList,User:multiplyadmin,UnitID:2
2022-08-27 17:11:23.6925|INFO|PIVF.Web.Api.Master.Configuration.UserAPIController|Controller Name:UserAPI,Action:HttpGet,Method:GetGrandParentList,User:multiplyadmin,UnitID:2
2022-08-27 17:17:15.6650|INFO|PIVF.Web.Api.NewRegistration.NewRegistrationAPIController|Controller Name:NewRegistrationAPI,Action:GET,Method:getPatientList,User:multiplyadmin,UnitID:2
2022-08-27 17:17:15.6650|INFO|PIVF.Web.Api.NewRegistration.NewRegistrationAPIController|Controller Name:NewRegistrationAPI,Action:GET,Method:getPatientList,User:multiplyadmin,UnitID:2
2022-08-27 17:18:36.3113|INFO|PIVF.Web.Api.NewRegistration.NewRegistrationAPIController|Controller Name:NewRegistrationAPI,Action:POST,Method:getPatientByID,User:multiplyadmin,UnitID:2
2022-08-27 17:18:36.3113|INFO|PIVF.Web.Api.NewRegistration.NewRegistrationAPIController|Controller Name:NewRegistrationAPI,Action:POST,Method:getPatientByID,User:multiplyadmin,UnitID:2
2022-08-27 17:18:36.4908|ERROR|PIVF.Web.Api.NewRegistration.NewRegistrationAPIController|NewRegistrationAPI/getPatientByID,MessageObject reference not set to an instance of an object.,StackTrace:   at PIVF.DataAccessLayer.NewRegistration.NewRegistrationDAL.getPatientByID(NewPatient obj) in D:\Gauri\GIT\Multiply_IVF_AUG\multiply_ivf\src\Ganesha\PIVF.DataAccessLayer\NewRegistration\NewRegistrationDAL.cs:line 318
   at PIVF.Web.Api.NewRegistration.NewRegistrationAPIController.getPatientByID(NewPatient obj) in D:\Gauri\GIT\Multiply_IVF_AUG\multiply_ivf\src\Ganesha\PIVF.Web\Api\NewRegistration\NewRegistrationAPIController.cs:line 182
2022-08-27 17:19:45.0033|INFO|PIVF.Web.Api.NewRegistration.NewRegistrationAPIController|Controller Name:NewRegistrationAPI,Action:POST,Method:getPatientByID,User:multiplyadmin,UnitID:2
2022-08-27 17:19:45.0033|INFO|PIVF.Web.Api.NewRegistration.NewRegistrationAPIController|Controller Name:NewRegistrationAPI,Action:POST,Method:getPatientByID,User:multiplyadmin,UnitID:2
2022-08-27 17:19:45.0033|ERROR|PIVF.Web.Api.NewRegistration.NewRegistrationAPIController|NewRegistrationAPI/getPatientByID,MessageObject reference not set to an instance of an object.,StackTrace:   at PIVF.DataAccessLayer.NewRegistration.NewRegistrationDAL.getPatientByID(NewPatient obj) in D:\Gauri\GIT\Multiply_IVF_AUG\multiply_ivf\src\Ganesha\PIVF.DataAccessLayer\NewRegistration\NewRegistrationDAL.cs:line 318
   at PIVF.Web.Api.NewRegistration.NewRegistrationAPIController.getPatientByID(NewPatient obj) in D:\Gauri\GIT\Multiply_IVF_AUG\multiply_ivf\src\Ganesha\PIVF.Web\Api\NewRegistration\NewRegistrationAPIController.cs:line 182
2022-08-27 17:31:57.0123|INFO|PIVF.Web.Api.NewRegistration.NewRegistrationAPIController|Controller Name:NewRegistrationAPI,Action:POST,Method:getPatientByID,User:multiplyadmin,UnitID:2
2022-08-27 17:31:57.0123|INFO|PIVF.Web.Api.NewRegistration.NewRegistrationAPIController|Controller Name:NewRegistrationAPI,Action:POST,Method:getPatientByID,User:multiplyadmin,UnitID:2
2022-08-27 17:31:57.0123|ERROR|PIVF.Web.Api.NewRegistration.NewRegistrationAPIController|NewRegistrationAPI/getPatientByID,MessageObject reference not set to an instance of an object.,StackTrace:   at PIVF.DataAccessLayer.NewRegistration.NewRegistrationDAL.getPatientByID(NewPatient obj) in D:\Gauri\GIT\Multiply_IVF_AUG\multiply_ivf\src\Ganesha\PIVF.DataAccessLayer\NewRegistration\NewRegistrationDAL.cs:line 318
   at PIVF.Web.Api.NewRegistration.NewRegistrationAPIController.getPatientByID(NewPatient obj) in D:\Gauri\GIT\Multiply_IVF_AUG\multiply_ivf\src\Ganesha\PIVF.Web\Api\NewRegistration\NewRegistrationAPIController.cs:line 182
2022-08-27 17:34:33.3773|INFO|PIVF.Web.Api.NewRegistration.NewRegistrationAPIController|Controller Name:NewRegistrationAPI,Action:POST,Method:getPatientByID,User:multiplyadmin,UnitID:2
2022-08-27 17:34:33.3773|INFO|PIVF.Web.Api.NewRegistration.NewRegistrationAPIController|Controller Name:NewRegistrationAPI,Action:POST,Method:getPatientByID,User:multiplyadmin,UnitID:2
2022-08-27 17:34:36.2676|INFO|PIVF.Web.Api.Master.Common.CommonController|1_Controller Name:CommonController,Action:HttpGet,Method:GetDoctorsList,User:multiplyadmin,UnitID:2
2022-08-27 17:34:36.2676|INFO|PIVF.Web.Api.Master.Common.CommonController|1_Controller Name:CommonController,Action:HttpGet,Method:GetDoctorsList,User:multiplyadmin,UnitID:2
2022-08-27 17:34:36.7634|INFO|PIVF.Web.Api.Patient.PatientVisitController|Controller Name:PatientVisit,Action:GET,Method:GetSponsers,User:multiplyadmin,UnitID:2
2022-08-27 17:34:36.7634|INFO|PIVF.Web.Api.Patient.PatientVisitController|Controller Name:PatientVisit,Action:GET,Method:GetSponsers,User:multiplyadmin,UnitID:2
2022-08-27 17:34:38.6746|INFO|PIVF.Web.Api.NewRegistration.NewRegistrationAPIController|Controller Name:NewRegistrationAPI,Action:GET,Method:GetBankInformation,User:multiplyadmin,UnitID:2
2022-08-27 17:34:38.6746|INFO|PIVF.Web.Api.NewRegistration.NewRegistrationAPIController|Controller Name:NewRegistrationAPI,Action:GET,Method:GetBankInformation,User:multiplyadmin,UnitID:2
2022-08-27 17:35:00.2406|INFO|PIVF.Web.Api.Master.Configuration.UserAPIController|Controller Name:UserAPI,Action:HttpGet,Method:GetGrandParentList,User:multiplyadmin,UnitID:2
2022-08-27 17:35:00.2406|INFO|PIVF.Web.Api.Master.Configuration.UserAPIController|Controller Name:UserAPI,Action:HttpGet,Method:GetGrandParentList,User:multiplyadmin,UnitID:2
2022-08-27 17:35:00.7777|INFO|PIVF.Web.Api.Master.Configuration.UserAPIController|Controller Name:UserAPI,Action:HttpGet,Method:GetUserRoleRights,User:multiplyadmin,UnitID:2
2022-08-27 17:35:00.7777|INFO|PIVF.Web.Api.Master.Configuration.UserAPIController|Controller Name:UserAPI,Action:HttpGet,Method:GetUserRoleRights,User:multiplyadmin,UnitID:2
2022-08-27 17:35:03.8846|INFO|PIVF.Web.Api.Master.Configuration.UserAPIController|Controller Name:UserAPI,Action:HttpGet,Method:GetParentList,User:multiplyadmin,UnitID:2
2022-08-27 17:35:03.8846|INFO|PIVF.Web.Api.Master.Configuration.UserAPIController|Controller Name:UserAPI,Action:HttpGet,Method:GetParentList,User:multiplyadmin,UnitID:2
2022-08-27 17:35:05.6161|INFO|PIVF.Web.Api.Master.Configuration.UserAPIController|Controller Name:UserAPI,Action:HttpGet,Method:GetParentList,User:multiplyadmin,UnitID:2
2022-08-27 17:35:05.6161|INFO|PIVF.Web.Api.Master.Configuration.UserAPIController|Controller Name:UserAPI,Action:HttpGet,Method:GetParentList,User:multiplyadmin,UnitID:2
2022-08-27 17:35:14.0618|INFO|PIVF.Web.Api.Master.Common.CommonController|1_Controller Name:CommonController,Action:HttpGet,Method:GetDepartmentList,User:multiplyadmin,UnitID:2
2022-08-27 17:35:14.0618|INFO|PIVF.Web.Api.Master.Common.CommonController|1_Controller Name:CommonController,Action:HttpGet,Method:GetDepartmentList,User:multiplyadmin,UnitID:2
2022-08-27 17:35:14.5711|INFO|PIVF.Web.Api.QueueMgt.QueueMgtController|Controller Name:QueueMgt,Action:HttpPost,Method:GetQueueList,User:multiplyadmin,UnitID:2
2022-08-27 17:35:14.5711|INFO|PIVF.Web.Api.QueueMgt.QueueMgtController|Controller Name:QueueMgt,Action:HttpPost,Method:GetQueueList,User:multiplyadmin,UnitID:2
2022-08-27 17:35:15.0851|INFO|PIVF.Web.Api.Master.Common.CommonController|1_Controller Name:CommonController,Action:HttpGet,Method:GetSpeclRegTypeList,User:multiplyadmin,UnitID:2
2022-08-27 17:35:15.0851|INFO|PIVF.Web.Api.Master.Common.CommonController|1_Controller Name:CommonController,Action:HttpGet,Method:GetSpeclRegTypeList,User:multiplyadmin,UnitID:2
2022-08-27 17:35:15.1011|INFO|PIVF.Web.Api.Master.Common.CommonController|1_Controller Name:CommonController,Action:HttpGet,Method:GetDoctorsList,User:multiplyadmin,UnitID:2
2022-08-27 17:35:15.1011|INFO|PIVF.Web.Api.Master.Common.CommonController|1_Controller Name:CommonController,Action:HttpGet,Method:GetDoctorsList,User:multiplyadmin,UnitID:2
2022-08-27 17:39:13.3185|INFO|PIVF.Web.Api.NewRegistration.NewRegistrationAPIController|Controller Name:NewRegistrationAPI,Action:GET,Method:getPatientList,User:multiplyadmin,UnitID:2
2022-08-27 17:39:13.3185|INFO|PIVF.Web.Api.NewRegistration.NewRegistrationAPIController|Controller Name:NewRegistrationAPI,Action:GET,Method:getPatientList,User:multiplyadmin,UnitID:2
