2022-09-16 18:24:39.6585|INFO|PIVF.Web.Api.Master.Configuration.UserAPIController|Controller Name:UserAPI,Action:HttpGet,Method:GetGrandParentList,User:multiplyadmin,UnitID:2
2022-09-16 18:24:39.6585|INFO|PIVF.Web.Api.Master.Configuration.UserAPIController|Controller Name:UserAPI,Action:HttpGet,Method:GetGrandParentList,User:multiplyadmin,UnitID:2
2022-09-16 18:24:41.3780|INFO|PIVF.Web.Api.Master.Configuration.UserAPIController|Controller Name:UserAPI,Action:HttpGet,Method:GetUserRoleRights,User:multiplyadmin,UnitID:2
2022-09-16 18:24:41.3780|INFO|PIVF.Web.Api.Master.Configuration.UserAPIController|Controller Name:UserAPI,Action:HttpGet,Method:GetUserRoleRights,User:multiplyadmin,UnitID:2
2022-09-16 18:24:44.6630|INFO|PIVF.Web.Api.Master.Configuration.UserAPIController|Controller Name:UserAPI,Action:HttpGet,Method:GetParentList,User:multiplyadmin,UnitID:2
2022-09-16 18:24:44.6630|INFO|PIVF.Web.Api.Master.Configuration.UserAPIController|Controller Name:UserAPI,Action:HttpGet,Method:GetParentList,User:multiplyadmin,UnitID:2
2022-09-16 18:24:45.6860|INFO|PIVF.Web.Api.Master.Common.CommonController|1_Controller Name:CommonController,Action:HttpGet,Method:GetDepartmentList,User:multiplyadmin,UnitID:2
2022-09-16 18:24:45.6860|INFO|PIVF.Web.Api.Master.Common.CommonController|1_Controller Name:CommonController,Action:HttpGet,Method:GetDepartmentList,User:multiplyadmin,UnitID:2
2022-09-16 18:24:46.7319|INFO|PIVF.Web.Api.Master.Configuration.UserAPIController|Controller Name:UserAPI,Action:HttpGet,Method:GetParentList,User:multiplyadmin,UnitID:2
2022-09-16 18:24:46.7319|INFO|PIVF.Web.Api.Master.Configuration.UserAPIController|Controller Name:UserAPI,Action:HttpGet,Method:GetParentList,User:multiplyadmin,UnitID:2
2022-09-16 18:24:47.2696|INFO|PIVF.Web.Api.Master.Common.CommonController|1_Controller Name:CommonController,Action:HttpGet,Method:GetDoctorsList,User:multiplyadmin,UnitID:2
2022-09-16 18:24:47.2696|INFO|PIVF.Web.Api.Master.Common.CommonController|1_Controller Name:CommonController,Action:HttpGet,Method:GetDoctorsList,User:multiplyadmin,UnitID:2
2022-09-16 18:24:47.7361|INFO|PIVF.Web.Api.QueueMgt.QueueMgtController|Controller Name:QueueMgt,Action:HttpPost,Method:GetQueueList,User:multiplyadmin,UnitID:2
2022-09-16 18:24:47.7361|INFO|PIVF.Web.Api.QueueMgt.QueueMgtController|Controller Name:QueueMgt,Action:HttpPost,Method:GetQueueList,User:multiplyadmin,UnitID:2
2022-09-16 18:24:48.1570|INFO|PIVF.Web.Api.Master.Common.CommonController|1_Controller Name:CommonController,Action:HttpGet,Method:GetSpeclRegTypeList,User:multiplyadmin,UnitID:2
2022-09-16 18:24:48.1570|INFO|PIVF.Web.Api.Master.Common.CommonController|1_Controller Name:CommonController,Action:HttpGet,Method:GetSpeclRegTypeList,User:multiplyadmin,UnitID:2
2022-09-16 19:00:28.2633|INFO|PIVF.Web.Api.Master.Configuration.UserAPIController|Controller Name:UserAPI,Action:HttpGet,Method:GetGrandParentList,User:multiplyadmin,UnitID:2
2022-09-16 19:00:28.2633|INFO|PIVF.Web.Api.Master.Configuration.UserAPIController|Controller Name:UserAPI,Action:HttpGet,Method:GetGrandParentList,User:multiplyadmin,UnitID:2
2022-09-16 19:00:28.5582|INFO|PIVF.Web.Api.Master.Configuration.UserAPIController|Controller Name:UserAPI,Action:HttpGet,Method:GetParentList,User:multiplyadmin,UnitID:2
2022-09-16 19:00:28.5582|INFO|PIVF.Web.Api.Master.Configuration.UserAPIController|Controller Name:UserAPI,Action:HttpGet,Method:GetParentList,User:multiplyadmin,UnitID:2
2022-09-16 19:00:28.5982|INFO|PIVF.Web.Api.Master.Configuration.UserAPIController|Controller Name:UserAPI,Action:HttpGet,Method:GetParentList,User:multiplyadmin,UnitID:2
2022-09-16 19:00:28.5982|INFO|PIVF.Web.Api.Master.Configuration.UserAPIController|Controller Name:UserAPI,Action:HttpGet,Method:GetParentList,User:multiplyadmin,UnitID:2
2022-09-16 19:00:28.7221|INFO|PIVF.Web.Api.Master.Common.CommonController|1_Controller Name:CommonController,Action:HttpGet,Method:GetDoctorsList,User:multiplyadmin,UnitID:2
2022-09-16 19:00:28.7221|INFO|PIVF.Web.Api.Master.Common.CommonController|1_Controller Name:CommonController,Action:HttpGet,Method:GetDoctorsList,User:multiplyadmin,UnitID:2
2022-09-16 19:00:29.1508|INFO|PIVF.Web.Api.Master.Common.CommonController|1_Controller Name:CommonController,Action:HttpGet,Method:GetDepartmentList,User:multiplyadmin,UnitID:2
2022-09-16 19:00:29.1508|INFO|PIVF.Web.Api.Master.Common.CommonController|1_Controller Name:CommonController,Action:HttpGet,Method:GetDepartmentList,User:multiplyadmin,UnitID:2
2022-09-16 19:00:29.2438|INFO|PIVF.Web.Api.Master.Common.CommonController|1_Controller Name:CommonController,Action:HttpGet,Method:GetSpeclRegTypeList,User:multiplyadmin,UnitID:2
2022-09-16 19:00:29.2438|INFO|PIVF.Web.Api.Master.Common.CommonController|1_Controller Name:CommonController,Action:HttpGet,Method:GetSpeclRegTypeList,User:multiplyadmin,UnitID:2
2022-09-16 19:00:29.2918|INFO|PIVF.Web.Api.Master.Configuration.UserAPIController|Controller Name:UserAPI,Action:HttpGet,Method:GetUserRoleRights,User:multiplyadmin,UnitID:2
2022-09-16 19:00:29.2918|INFO|PIVF.Web.Api.Master.Configuration.UserAPIController|Controller Name:UserAPI,Action:HttpGet,Method:GetUserRoleRights,User:multiplyadmin,UnitID:2
2022-09-16 19:00:29.8105|INFO|PIVF.Web.Api.QueueMgt.QueueMgtController|Controller Name:QueueMgt,Action:HttpPost,Method:GetQueueList,User:multiplyadmin,UnitID:2
2022-09-16 19:00:29.8105|INFO|PIVF.Web.Api.QueueMgt.QueueMgtController|Controller Name:QueueMgt,Action:HttpPost,Method:GetQueueList,User:multiplyadmin,UnitID:2
2022-09-16 20:17:46.0141|INFO|PIVF.Web.Api.Master.Configuration.UserAPIController|Controller Name:UserAPI,Action:HttpGet,Method:GetUserRoleRights,User:multiplyadmin,UnitID:2
2022-09-16 20:17:46.0141|INFO|PIVF.Web.Api.Master.Configuration.UserAPIController|Controller Name:UserAPI,Action:HttpGet,Method:GetUserRoleRights,User:multiplyadmin,UnitID:2
2022-09-16 20:17:47.6295|INFO|PIVF.Web.Api.Master.Configuration.UserAPIController|Controller Name:UserAPI,Action:HttpGet,Method:GetParentList,User:multiplyadmin,UnitID:2
2022-09-16 20:17:47.6295|INFO|PIVF.Web.Api.Master.Configuration.UserAPIController|Controller Name:UserAPI,Action:HttpGet,Method:GetParentList,User:multiplyadmin,UnitID:2
2022-09-16 20:17:47.7525|INFO|PIVF.Web.Api.Master.Configuration.UserAPIController|Controller Name:UserAPI,Action:HttpGet,Method:GetParentList,User:multiplyadmin,UnitID:2
2022-09-16 20:17:47.7525|INFO|PIVF.Web.Api.Master.Configuration.UserAPIController|Controller Name:UserAPI,Action:HttpGet,Method:GetParentList,User:multiplyadmin,UnitID:2
2022-09-16 20:17:48.5950|INFO|PIVF.Web.Api.Master.Common.CommonController|1_Controller Name:CommonController,Action:HttpGet,Method:GetDoctorsList,User:multiplyadmin,UnitID:2
2022-09-16 20:17:48.5950|INFO|PIVF.Web.Api.Master.Common.CommonController|1_Controller Name:CommonController,Action:HttpGet,Method:GetDoctorsList,User:multiplyadmin,UnitID:2
2022-09-16 20:17:49.1407|INFO|PIVF.Web.Api.QueueMgt.QueueMgtController|Controller Name:QueueMgt,Action:HttpPost,Method:GetQueueList,User:multiplyadmin,UnitID:2
2022-09-16 20:17:49.1407|INFO|PIVF.Web.Api.QueueMgt.QueueMgtController|Controller Name:QueueMgt,Action:HttpPost,Method:GetQueueList,User:multiplyadmin,UnitID:2
2022-09-16 20:17:49.3256|INFO|PIVF.Web.Api.Master.Configuration.UserAPIController|Controller Name:UserAPI,Action:HttpGet,Method:GetGrandParentList,User:multiplyadmin,UnitID:2
2022-09-16 20:17:49.3256|INFO|PIVF.Web.Api.Master.Configuration.UserAPIController|Controller Name:UserAPI,Action:HttpGet,Method:GetGrandParentList,User:multiplyadmin,UnitID:2
2022-09-16 20:17:49.6244|INFO|PIVF.Web.Api.Master.Common.CommonController|1_Controller Name:CommonController,Action:HttpGet,Method:GetSpeclRegTypeList,User:multiplyadmin,UnitID:2
2022-09-16 20:17:49.6244|INFO|PIVF.Web.Api.Master.Common.CommonController|1_Controller Name:CommonController,Action:HttpGet,Method:GetSpeclRegTypeList,User:multiplyadmin,UnitID:2
2022-09-16 20:17:50.1311|INFO|PIVF.Web.Api.Master.Common.CommonController|1_Controller Name:CommonController,Action:HttpGet,Method:GetDepartmentList,User:multiplyadmin,UnitID:2
2022-09-16 20:17:50.1311|INFO|PIVF.Web.Api.Master.Common.CommonController|1_Controller Name:CommonController,Action:HttpGet,Method:GetDepartmentList,User:multiplyadmin,UnitID:2
2022-09-16 20:17:55.4148|INFO|PIVF.Web.Api.Master.Common.CommonController|Controller Name:Common,Action:GET,Method:GetActiveVisitByPatient,User:multiplyadmin,UnitID:2
2022-09-16 20:17:55.4148|INFO|PIVF.Web.Api.Master.Common.CommonController|Controller Name:Common,Action:GET,Method:GetActiveVisitByPatient,User:multiplyadmin,UnitID:2
2022-09-16 20:17:55.4550|INFO|PIVF.Web.Api.Master.Common.CommonController|Controller Name:Common,Action:GET,Method:GetActiveVisitByPatient,User:multiplyadmin,UnitID:2
2022-09-16 20:17:55.4550|INFO|PIVF.Web.Api.Master.Common.CommonController|Controller Name:Common,Action:GET,Method:GetActiveVisitByPatient,User:multiplyadmin,UnitID:2
2022-09-16 20:18:26.6830|INFO|PIVF.Web.Api.Master.Common.CommonController|Controller Name:Common,Action:POST,Method:PutSelectedvisitByPatient,User:multiplyadmin,UnitID:2
2022-09-16 20:18:26.6830|INFO|PIVF.Web.Api.Master.Common.CommonController|Controller Name:Common,Action:POST,Method:PutSelectedvisitByPatient,User:multiplyadmin,UnitID:2
2022-09-16 20:18:33.7985|INFO|PIVF.Web.Api.New_ART.NewARTController|Controller Name:NewART,Action:GET,Method:GetARTCycleList,User:multiplyadmin,UnitID:2
2022-09-16 20:18:33.7985|INFO|PIVF.Web.Api.New_ART.NewARTController|Controller Name:NewART,Action:GET,Method:GetARTCycleList,User:multiplyadmin,UnitID:2
2022-09-16 20:18:35.2526|INFO|PIVF.Web.Api.New_ART.NewARTController|Controller Name:NewART,Action:GET,Method:newCyclebtnFlag,User:multiplyadmin,UnitID:2
2022-09-16 20:18:35.2526|INFO|PIVF.Web.Api.New_ART.NewARTController|Controller Name:NewART,Action:GET,Method:newCyclebtnFlag,User:multiplyadmin,UnitID:2
