2021-08-04 16:21:20.2760|INFO|PIVF.Web.Api.Master.Configuration.UserAPIController|Controller Name:UserAPI,Action:HttpGet,Method:GetUserRoleRights,User:palash,UnitID:2
2021-08-04 16:21:20.2760|INFO|PIVF.Web.Api.Master.Configuration.UserAPIController|Controller Name:UserAPI,Action:HttpGet,Method:GetUserRoleRights,User:palash,UnitID:2
2021-08-04 16:21:25.7103|INFO|PIVF.Web.Api.Master.Configuration.UserAPIController|Controller Name:UserAPI,Action:HttpGet,Method:GetParentList,User:palash,UnitID:2
2021-08-04 16:21:25.7103|INFO|PIVF.Web.Api.Master.Configuration.UserAPIController|Controller Name:UserAPI,Action:HttpGet,Method:GetParentList,User:palash,UnitID:2
2021-08-04 16:21:26.3069|INFO|PIVF.Web.Api.Master.Configuration.UserAPIController|Controller Name:UserAPI,Action:HttpGet,Method:GetParentList,User:palash,UnitID:2
2021-08-04 16:21:26.3069|INFO|PIVF.Web.Api.Master.Configuration.UserAPIController|Controller Name:UserAPI,Action:HttpGet,Method:GetParentList,User:palash,UnitID:2
2021-08-04 16:21:27.4356|INFO|PIVF.Web.Api.QueueMgt.QueueMgtController|Controller Name:QueueMgt,Action:HttpPost,Method:GetQueueList,User:palash,UnitID:2
2021-08-04 16:21:27.4356|INFO|PIVF.Web.Api.QueueMgt.QueueMgtController|Controller Name:QueueMgt,Action:HttpPost,Method:GetQueueList,User:palash,UnitID:2
2021-08-04 16:21:27.6397|INFO|PIVF.Web.Api.Master.Configuration.UserAPIController|Controller Name:UserAPI,Action:HttpGet,Method:GetGrandParentList,User:palash,UnitID:2
2021-08-04 16:21:27.6397|INFO|PIVF.Web.Api.Master.Configuration.UserAPIController|Controller Name:UserAPI,Action:HttpGet,Method:GetGrandParentList,User:palash,UnitID:2
2021-08-04 16:21:27.9349|INFO|PIVF.Web.Api.Master.Common.CommonController|1_Controller Name:CommonController,Action:HttpGet,Method:GetSpeclRegTypeList,User:palash,UnitID:2
2021-08-04 16:21:27.9349|INFO|PIVF.Web.Api.Master.Common.CommonController|1_Controller Name:CommonController,Action:HttpGet,Method:GetSpeclRegTypeList,User:palash,UnitID:2
2021-08-04 16:21:28.9356|INFO|PIVF.Web.Api.Master.Common.CommonController|1_Controller Name:CommonController,Action:HttpGet,Method:GetDoctorsList,User:palash,UnitID:2
2021-08-04 16:21:28.9356|INFO|PIVF.Web.Api.Master.Common.CommonController|1_Controller Name:CommonController,Action:HttpGet,Method:GetDoctorsList,User:palash,UnitID:2
2021-08-04 16:21:29.9529|INFO|PIVF.Web.Api.Master.Common.CommonController|1_Controller Name:CommonController,Action:HttpGet,Method:GetDepartmentList,User:palash,UnitID:2
2021-08-04 16:21:29.9529|INFO|PIVF.Web.Api.Master.Common.CommonController|1_Controller Name:CommonController,Action:HttpGet,Method:GetDepartmentList,User:palash,UnitID:2
2021-08-04 16:21:48.6779|INFO|PIVF.Web.Api.Master.Common.CommonController|Controller Name:Common,Action:GET,Method:GetActiveVisitByPatient,User:palash,UnitID:2
2021-08-04 16:21:48.6779|INFO|PIVF.Web.Api.Master.Common.CommonController|Controller Name:Common,Action:GET,Method:GetActiveVisitByPatient,User:palash,UnitID:2
2021-08-04 16:21:50.0332|INFO|PIVF.Web.Api.Master.Common.CommonController|Controller Name:Common,Action:GET,Method:GetActiveVisitByPatient,User:palash,UnitID:2
2021-08-04 16:21:50.0332|INFO|PIVF.Web.Api.Master.Common.CommonController|Controller Name:Common,Action:GET,Method:GetActiveVisitByPatient,User:palash,UnitID:2
2021-08-04 16:21:51.7633|INFO|PIVF.Web.Api.EMR.LandingPage.EMRLandingPageAPIController|Controller Name:EMRLandingPageAPI,Action:GET,Method:GetEMRLandingPageData,User:palash,UnitID:2
2021-08-04 16:21:51.7633|INFO|PIVF.Web.Api.EMR.LandingPage.EMRLandingPageAPIController|Controller Name:EMRLandingPageAPI,Action:GET,Method:GetEMRLandingPageData,User:palash,UnitID:2
2021-08-04 16:21:53.9575|INFO|PIVF.Web.Api.Master.Common.CommonController|Controller Name:Common,Action:POST,Method:PutSelectedvisitByPatient,User:palash,UnitID:2
2021-08-04 16:21:53.9575|INFO|PIVF.Web.Api.Master.Common.CommonController|Controller Name:Common,Action:POST,Method:PutSelectedvisitByPatient,User:palash,UnitID:2
2021-08-04 16:22:00.8893|INFO|PIVF.Web.Api.Master.Common.CommonController|Controller Name:Common,Action:GET,Method:GetActiveVisitByPatient,User:palash,UnitID:2
2021-08-04 16:22:00.8893|INFO|PIVF.Web.Api.Master.Common.CommonController|Controller Name:Common,Action:GET,Method:GetActiveVisitByPatient,User:palash,UnitID:2
2021-08-04 16:22:03.0239|INFO|PIVF.Web.Api.EMR.MaleHistory.SemenFreezController|Controller Name:SemenFreez,Action:GET,Method:GetSemenFreezList,User:palash,UnitID:2
2021-08-04 16:22:03.0239|INFO|PIVF.Web.Api.EMR.MaleHistory.SemenFreezController|Controller Name:SemenFreez,Action:GET,Method:GetSemenFreezList,User:palash,UnitID:2
2021-08-04 16:22:03.2952|INFO|PIVF.Web.Api.EMR.MaleHistory.SemenFreezController|Controller Name:SemenFreez,Action:GET,Method:GetMaxID,User:palash,UnitID:2
2021-08-04 16:22:03.2952|INFO|PIVF.Web.Api.EMR.MaleHistory.SemenFreezController|Controller Name:SemenFreez,Action:GET,Method:GetMaxID,User:palash,UnitID:2
2021-08-04 16:22:14.3125|INFO|PIVF.Web.Api.EMR.MaleHistory.SemenFreezController|Controller Name:SemenFreez,Action:GET,Method:GetSemenFreezListByFormNo,User:palash,UnitID:2
2021-08-04 16:22:14.3125|INFO|PIVF.Web.Api.EMR.MaleHistory.SemenFreezController|Controller Name:SemenFreez,Action:GET,Method:GetSemenFreezListByFormNo,User:palash,UnitID:2
2021-08-04 16:22:14.8098|INFO|PIVF.Web.Api.EMR.MaleHistory.SemenFreezController|Controller Name:SemenFreez,Action:GET,Method:GetSemenFreezListByFormNo,User:palash,UnitID:2
2021-08-04 16:22:14.8098|INFO|PIVF.Web.Api.EMR.MaleHistory.SemenFreezController|Controller Name:SemenFreez,Action:GET,Method:GetSemenFreezListByFormNo,User:palash,UnitID:2
2021-08-04 16:22:18.2149|INFO|PIVF.Web.Api.EMR.MaleHistory.SemenFreezController|Controller Name:SemenFreez,Action:GET,Method:GetSemenFreezListByFormNo,User:palash,UnitID:2
2021-08-04 16:22:18.2149|INFO|PIVF.Web.Api.EMR.MaleHistory.SemenFreezController|Controller Name:SemenFreez,Action:GET,Method:GetSemenFreezListByFormNo,User:palash,UnitID:2
2021-08-04 16:22:18.7147|INFO|PIVF.Web.Api.EMR.MaleHistory.SemenFreezController|Controller Name:SemenFreez,Action:GET,Method:GetSemenFreezListByFormNo,User:palash,UnitID:2
2021-08-04 16:22:18.7147|INFO|PIVF.Web.Api.EMR.MaleHistory.SemenFreezController|Controller Name:SemenFreez,Action:GET,Method:GetSemenFreezListByFormNo,User:palash,UnitID:2
2021-08-04 16:22:30.6575|INFO|PIVF.Web.Api.EMR.MaleHistory.SemenThawingController|Controller Name:SemenThawing,Action:GET,Method:GetFreezDetails,User:palash,UnitID:2
2021-08-04 16:22:30.6575|INFO|PIVF.Web.Api.EMR.MaleHistory.SemenThawingController|Controller Name:SemenThawing,Action:GET,Method:GetFreezDetails,User:palash,UnitID:2
2021-08-04 16:22:31.1379|INFO|PIVF.Web.Api.EMR.MaleHistory.SemenThawingController|Controller Name:SemenThawing,Action:GET,Method:GetFreezDetails,User:palash,UnitID:2
2021-08-04 16:22:31.1379|INFO|PIVF.Web.Api.EMR.MaleHistory.SemenThawingController|Controller Name:SemenThawing,Action:GET,Method:GetFreezDetails,User:palash,UnitID:2
2021-08-04 16:23:48.0203|INFO|PIVF.Web.Api.EMR.MaleHistory.SemenThawingController|Controller Name:SemenThawing,Action:POST,Method:SaveUpdate,User:palash,UnitID:2
2021-08-04 16:23:48.0203|INFO|PIVF.Web.Api.EMR.MaleHistory.SemenThawingController|Controller Name:SemenThawing,Action:POST,Method:SaveUpdate,User:palash,UnitID:2
2021-08-04 16:23:48.6366|INFO|PIVF.Web.Api.EMR.MaleHistory.SemenThawingController|Controller Name:SemenThawing,Action:GET,Method:GetFreezDetails,User:palash,UnitID:2
2021-08-04 16:23:48.6366|INFO|PIVF.Web.Api.EMR.MaleHistory.SemenThawingController|Controller Name:SemenThawing,Action:GET,Method:GetFreezDetails,User:palash,UnitID:2
2021-08-04 16:23:49.1699|INFO|PIVF.Web.Api.EMR.MaleHistory.SemenThawingController|Controller Name:SemenThawing,Action:GET,Method:GetFreezDetails,User:palash,UnitID:2
2021-08-04 16:23:49.1699|INFO|PIVF.Web.Api.EMR.MaleHistory.SemenThawingController|Controller Name:SemenThawing,Action:GET,Method:GetFreezDetails,User:palash,UnitID:2
2021-08-04 16:24:02.5057|INFO|PIVF.Web.Api.EMR.MaleHistory.SemenPrepController|Controller Name:SemenPrep,Action:GET,Method:GetSemenThawingDetailFromSemenPrepIDForTC,User:palash,UnitID:2
2021-08-04 16:24:02.5057|INFO|PIVF.Web.Api.EMR.MaleHistory.SemenPrepController|Controller Name:SemenPrep,Action:GET,Method:GetSemenThawingDetailFromSemenPrepIDForTC,User:palash,UnitID:2
2021-08-04 16:24:28.2457|INFO|PIVF.Web.Api.EMR.MaleHistory.SemenPrepController|Controller Name:SemenPrep,Action:GET,Method:GetSemenThawingDetailFromSemenPrepIDForTC,User:palash,UnitID:2
2021-08-04 16:24:28.2457|INFO|PIVF.Web.Api.EMR.MaleHistory.SemenPrepController|Controller Name:SemenPrep,Action:GET,Method:GetSemenThawingDetailFromSemenPrepIDForTC,User:palash,UnitID:2
2021-08-04 16:42:51.5675|INFO|PIVF.Web.Api.Master.Configuration.UserAPIController|Controller Name:UserAPI,Action:HttpGet,Method:GetUserRoleRights,User:palash,UnitID:2
2021-08-04 16:42:51.5675|INFO|PIVF.Web.Api.Master.Configuration.UserAPIController|Controller Name:UserAPI,Action:HttpGet,Method:GetUserRoleRights,User:palash,UnitID:2
2021-08-04 16:42:51.8523|INFO|PIVF.Web.Api.QueueMgt.QueueMgtController|Controller Name:QueueMgt,Action:HttpPost,Method:GetQueueList,User:palash,UnitID:2
2021-08-04 16:42:51.8523|INFO|PIVF.Web.Api.QueueMgt.QueueMgtController|Controller Name:QueueMgt,Action:HttpPost,Method:GetQueueList,User:palash,UnitID:2
2021-08-04 16:42:51.9181|INFO|PIVF.Web.Api.Master.Common.CommonController|1_Controller Name:CommonController,Action:HttpGet,Method:GetDoctorsList,User:palash,UnitID:2
2021-08-04 16:42:51.9181|INFO|PIVF.Web.Api.Master.Common.CommonController|1_Controller Name:CommonController,Action:HttpGet,Method:GetDoctorsList,User:palash,UnitID:2
2021-08-04 16:42:51.9859|INFO|PIVF.Web.Api.Master.Common.CommonController|1_Controller Name:CommonController,Action:HttpGet,Method:GetSpeclRegTypeList,User:palash,UnitID:2
2021-08-04 16:42:51.9859|INFO|PIVF.Web.Api.Master.Common.CommonController|1_Controller Name:CommonController,Action:HttpGet,Method:GetSpeclRegTypeList,User:palash,UnitID:2
2021-08-04 16:42:52.8870|INFO|PIVF.Web.Api.Master.Common.CommonController|1_Controller Name:CommonController,Action:HttpGet,Method:GetDepartmentList,User:palash,UnitID:2
2021-08-04 16:42:52.8870|INFO|PIVF.Web.Api.Master.Common.CommonController|1_Controller Name:CommonController,Action:HttpGet,Method:GetDepartmentList,User:palash,UnitID:2
2021-08-04 16:42:53.0457|INFO|PIVF.Web.Api.Master.Configuration.UserAPIController|Controller Name:UserAPI,Action:HttpGet,Method:GetGrandParentList,User:palash,UnitID:2
2021-08-04 16:42:53.0457|INFO|PIVF.Web.Api.Master.Configuration.UserAPIController|Controller Name:UserAPI,Action:HttpGet,Method:GetGrandParentList,User:palash,UnitID:2
2021-08-04 16:42:54.1332|INFO|PIVF.Web.Api.Master.Configuration.UserAPIController|Controller Name:UserAPI,Action:HttpGet,Method:GetParentList,User:palash,UnitID:2
2021-08-04 16:42:54.1332|INFO|PIVF.Web.Api.Master.Configuration.UserAPIController|Controller Name:UserAPI,Action:HttpGet,Method:GetParentList,User:palash,UnitID:2
2021-08-04 16:42:54.1880|INFO|PIVF.Web.Api.Master.Configuration.UserAPIController|Controller Name:UserAPI,Action:HttpGet,Method:GetParentList,User:palash,UnitID:2
2021-08-04 16:42:54.1880|INFO|PIVF.Web.Api.Master.Configuration.UserAPIController|Controller Name:UserAPI,Action:HttpGet,Method:GetParentList,User:palash,UnitID:2
2021-08-04 16:43:02.1729|INFO|PIVF.Web.Api.Master.Common.CommonController|Controller Name:Common,Action:GET,Method:GetActiveVisitByPatient,User:palash,UnitID:2
2021-08-04 16:43:02.1729|INFO|PIVF.Web.Api.Master.Common.CommonController|Controller Name:Common,Action:GET,Method:GetActiveVisitByPatient,User:palash,UnitID:2
2021-08-04 16:43:03.8916|INFO|PIVF.Web.Api.Master.Common.CommonController|Controller Name:Common,Action:GET,Method:GetActiveVisitByPatient,User:palash,UnitID:2
2021-08-04 16:43:03.8916|INFO|PIVF.Web.Api.Master.Common.CommonController|Controller Name:Common,Action:GET,Method:GetActiveVisitByPatient,User:palash,UnitID:2
2021-08-04 16:43:05.5636|INFO|PIVF.Web.Api.EMR.LandingPage.EMRLandingPageAPIController|Controller Name:EMRLandingPageAPI,Action:GET,Method:GetEMRLandingPageData,User:palash,UnitID:2
2021-08-04 16:43:05.5636|INFO|PIVF.Web.Api.EMR.LandingPage.EMRLandingPageAPIController|Controller Name:EMRLandingPageAPI,Action:GET,Method:GetEMRLandingPageData,User:palash,UnitID:2
2021-08-04 16:43:08.9340|INFO|PIVF.Web.Api.Master.Common.CommonController|Controller Name:Common,Action:POST,Method:PutSelectedvisitByPatient,User:palash,UnitID:2
2021-08-04 16:43:08.9340|INFO|PIVF.Web.Api.Master.Common.CommonController|Controller Name:Common,Action:POST,Method:PutSelectedvisitByPatient,User:palash,UnitID:2
2021-08-04 16:43:13.3113|INFO|PIVF.Web.Api.Master.Common.CommonController|Controller Name:Common,Action:GET,Method:GetActiveVisitByPatient,User:palash,UnitID:2
2021-08-04 16:43:13.3113|INFO|PIVF.Web.Api.Master.Common.CommonController|Controller Name:Common,Action:GET,Method:GetActiveVisitByPatient,User:palash,UnitID:2
2021-08-04 16:43:15.5693|INFO|PIVF.Web.Api.EMR.MaleHistory.SemenThawingController|Controller Name:SemenThawing,Action:GET,Method:GetFreezDetails,User:palash,UnitID:2
2021-08-04 16:43:15.5693|INFO|PIVF.Web.Api.EMR.MaleHistory.SemenThawingController|Controller Name:SemenThawing,Action:GET,Method:GetFreezDetails,User:palash,UnitID:2
2021-08-04 16:43:16.0780|INFO|PIVF.Web.Api.EMR.MaleHistory.SemenThawingController|Controller Name:SemenThawing,Action:GET,Method:GetFreezDetails,User:palash,UnitID:2
2021-08-04 16:43:16.0780|INFO|PIVF.Web.Api.EMR.MaleHistory.SemenThawingController|Controller Name:SemenThawing,Action:GET,Method:GetFreezDetails,User:palash,UnitID:2
2021-08-04 16:43:23.8642|INFO|PIVF.Web.Api.EMR.MaleHistory.SemenPrepController|Controller Name:SemenPrep,Action:GET,Method:GetSemenThawingDetailFromSemenPrepIDForTC,User:palash,UnitID:2
2021-08-04 16:43:23.8642|INFO|PIVF.Web.Api.EMR.MaleHistory.SemenPrepController|Controller Name:SemenPrep,Action:GET,Method:GetSemenThawingDetailFromSemenPrepIDForTC,User:palash,UnitID:2
2021-08-04 16:43:24.3721|INFO|PIVF.Web.Api.EMR.MaleHistory.SemenPrepController|Controller Name:SemenPrep,Action:GET,Method:GetSemenThawingDetailFromSemenPrepIDForTC,User:palash,UnitID:2
2021-08-04 16:43:24.3721|INFO|PIVF.Web.Api.EMR.MaleHistory.SemenPrepController|Controller Name:SemenPrep,Action:GET,Method:GetSemenThawingDetailFromSemenPrepIDForTC,User:palash,UnitID:2
2021-08-04 16:43:35.5914|INFO|PIVF.Web.Api.EMR.MaleHistory.SemenThawingController|Controller Name:SemenThawing,Action:POST,Method:SaveUpdate,User:palash,UnitID:2
2021-08-04 16:43:35.5914|INFO|PIVF.Web.Api.EMR.MaleHistory.SemenThawingController|Controller Name:SemenThawing,Action:POST,Method:SaveUpdate,User:palash,UnitID:2
2021-08-04 16:43:36.6523|INFO|PIVF.Web.Api.EMR.MaleHistory.SemenThawingController|Controller Name:SemenThawing,Action:GET,Method:GetFreezDetails,User:palash,UnitID:2
2021-08-04 16:43:36.6523|INFO|PIVF.Web.Api.EMR.MaleHistory.SemenThawingController|Controller Name:SemenThawing,Action:GET,Method:GetFreezDetails,User:palash,UnitID:2
2021-08-04 16:43:37.1544|INFO|PIVF.Web.Api.EMR.MaleHistory.SemenThawingController|Controller Name:SemenThawing,Action:GET,Method:GetFreezDetails,User:palash,UnitID:2
2021-08-04 16:43:37.1544|INFO|PIVF.Web.Api.EMR.MaleHistory.SemenThawingController|Controller Name:SemenThawing,Action:GET,Method:GetFreezDetails,User:palash,UnitID:2
2021-08-04 16:43:39.9681|INFO|PIVF.Web.Api.EMR.MaleHistory.SemenPrepController|Controller Name:SemenPrep,Action:GET,Method:GetSemenThawingDetailFromSemenPrepIDForTC,User:palash,UnitID:2
2021-08-04 16:43:39.9681|INFO|PIVF.Web.Api.EMR.MaleHistory.SemenPrepController|Controller Name:SemenPrep,Action:GET,Method:GetSemenThawingDetailFromSemenPrepIDForTC,User:palash,UnitID:2
2021-08-04 16:43:40.4851|INFO|PIVF.Web.Api.EMR.MaleHistory.SemenPrepController|Controller Name:SemenPrep,Action:GET,Method:GetSemenThawingDetailFromSemenPrepIDForTC,User:palash,UnitID:2
2021-08-04 16:43:40.4851|INFO|PIVF.Web.Api.EMR.MaleHistory.SemenPrepController|Controller Name:SemenPrep,Action:GET,Method:GetSemenThawingDetailFromSemenPrepIDForTC,User:palash,UnitID:2
2021-08-04 16:44:26.5296|INFO|PIVF.Web.Api.EMR.MaleHistory.SemenThawingController|Controller Name:SemenThawing,Action:POST,Method:SaveUpdate,User:palash,UnitID:2
2021-08-04 16:44:26.5296|INFO|PIVF.Web.Api.EMR.MaleHistory.SemenThawingController|Controller Name:SemenThawing,Action:POST,Method:SaveUpdate,User:palash,UnitID:2
2021-08-04 16:44:26.5566|INFO|PIVF.Web.Api.EMR.MaleHistory.SemenThawingController|Controller Name:SemenThawing,Action:GET,Method:GetFreezDetails,User:palash,UnitID:2
2021-08-04 16:44:26.5566|INFO|PIVF.Web.Api.EMR.MaleHistory.SemenThawingController|Controller Name:SemenThawing,Action:GET,Method:GetFreezDetails,User:palash,UnitID:2
2021-08-04 16:44:28.0602|INFO|PIVF.Web.Api.EMR.MaleHistory.SemenThawingController|Controller Name:SemenThawing,Action:GET,Method:GetFreezDetails,User:palash,UnitID:2
2021-08-04 16:44:28.0602|INFO|PIVF.Web.Api.EMR.MaleHistory.SemenThawingController|Controller Name:SemenThawing,Action:GET,Method:GetFreezDetails,User:palash,UnitID:2
2021-08-04 16:44:32.6696|INFO|PIVF.Web.Api.EMR.MaleHistory.SemenPrepController|Controller Name:SemenPrep,Action:GET,Method:GetSemenThawingDetailFromSemenPrepIDForTC,User:palash,UnitID:2
2021-08-04 16:44:32.6696|INFO|PIVF.Web.Api.EMR.MaleHistory.SemenPrepController|Controller Name:SemenPrep,Action:GET,Method:GetSemenThawingDetailFromSemenPrepIDForTC,User:palash,UnitID:2
2021-08-04 16:44:33.1685|INFO|PIVF.Web.Api.EMR.MaleHistory.SemenPrepController|Controller Name:SemenPrep,Action:GET,Method:GetSemenThawingDetailFromSemenPrepIDForTC,User:palash,UnitID:2
2021-08-04 16:44:33.1685|INFO|PIVF.Web.Api.EMR.MaleHistory.SemenPrepController|Controller Name:SemenPrep,Action:GET,Method:GetSemenThawingDetailFromSemenPrepIDForTC,User:palash,UnitID:2
2021-08-04 16:46:36.2843|INFO|PIVF.Web.Api.EMR.MaleHistory.SemenThawingController|Controller Name:SemenThawing,Action:POST,Method:SaveUpdate,User:palash,UnitID:2
2021-08-04 16:46:36.2843|INFO|PIVF.Web.Api.EMR.MaleHistory.SemenThawingController|Controller Name:SemenThawing,Action:POST,Method:SaveUpdate,User:palash,UnitID:2
2021-08-04 16:46:36.3850|INFO|PIVF.Web.Api.EMR.MaleHistory.SemenThawingController|Controller Name:SemenThawing,Action:GET,Method:GetFreezDetails,User:palash,UnitID:2
2021-08-04 16:46:36.3850|INFO|PIVF.Web.Api.EMR.MaleHistory.SemenThawingController|Controller Name:SemenThawing,Action:GET,Method:GetFreezDetails,User:palash,UnitID:2
2021-08-04 16:46:37.4031|INFO|PIVF.Web.Api.EMR.MaleHistory.SemenThawingController|Controller Name:SemenThawing,Action:GET,Method:GetFreezDetails,User:palash,UnitID:2
2021-08-04 16:46:37.4031|INFO|PIVF.Web.Api.EMR.MaleHistory.SemenThawingController|Controller Name:SemenThawing,Action:GET,Method:GetFreezDetails,User:palash,UnitID:2
2021-08-04 16:46:40.2746|INFO|PIVF.Web.Api.EMR.MaleHistory.SemenPrepController|Controller Name:SemenPrep,Action:GET,Method:GetSemenThawingDetailFromSemenPrepIDForTC,User:palash,UnitID:2
2021-08-04 16:46:40.2746|INFO|PIVF.Web.Api.EMR.MaleHistory.SemenPrepController|Controller Name:SemenPrep,Action:GET,Method:GetSemenThawingDetailFromSemenPrepIDForTC,User:palash,UnitID:2
2021-08-04 16:46:40.7784|INFO|PIVF.Web.Api.EMR.MaleHistory.SemenPrepController|Controller Name:SemenPrep,Action:GET,Method:GetSemenThawingDetailFromSemenPrepIDForTC,User:palash,UnitID:2
2021-08-04 16:46:40.7784|INFO|PIVF.Web.Api.EMR.MaleHistory.SemenPrepController|Controller Name:SemenPrep,Action:GET,Method:GetSemenThawingDetailFromSemenPrepIDForTC,User:palash,UnitID:2
2021-08-04 16:55:22.9073|INFO|PIVF.Web.Api.QueueMgt.QueueMgtController|Controller Name:QueueMgt,Action:HttpPost,Method:GetQueueList,User:palash,UnitID:2
2021-08-04 16:55:22.9073|INFO|PIVF.Web.Api.QueueMgt.QueueMgtController|Controller Name:QueueMgt,Action:HttpPost,Method:GetQueueList,User:palash,UnitID:2
2021-08-04 16:55:23.0389|INFO|PIVF.Web.Api.Master.Common.CommonController|1_Controller Name:CommonController,Action:HttpGet,Method:GetDoctorsList,User:palash,UnitID:2
2021-08-04 16:55:23.0389|INFO|PIVF.Web.Api.Master.Common.CommonController|1_Controller Name:CommonController,Action:HttpGet,Method:GetDoctorsList,User:palash,UnitID:2
2021-08-04 16:55:23.5154|INFO|PIVF.Web.Api.Master.Common.CommonController|1_Controller Name:CommonController,Action:HttpGet,Method:GetDepartmentList,User:palash,UnitID:2
2021-08-04 16:55:23.5154|INFO|PIVF.Web.Api.Master.Common.CommonController|1_Controller Name:CommonController,Action:HttpGet,Method:GetDepartmentList,User:palash,UnitID:2
2021-08-04 16:55:23.6820|INFO|PIVF.Web.Api.Master.Common.CommonController|1_Controller Name:CommonController,Action:HttpGet,Method:GetSpeclRegTypeList,User:palash,UnitID:2
2021-08-04 16:55:23.6820|INFO|PIVF.Web.Api.Master.Common.CommonController|1_Controller Name:CommonController,Action:HttpGet,Method:GetSpeclRegTypeList,User:palash,UnitID:2
2021-08-04 16:55:23.8366|INFO|PIVF.Web.Api.Master.Configuration.UserAPIController|Controller Name:UserAPI,Action:HttpGet,Method:GetGrandParentList,User:palash,UnitID:2
2021-08-04 16:55:23.8366|INFO|PIVF.Web.Api.Master.Configuration.UserAPIController|Controller Name:UserAPI,Action:HttpGet,Method:GetGrandParentList,User:palash,UnitID:2
2021-08-04 16:55:24.3933|INFO|PIVF.Web.Api.Master.Configuration.UserAPIController|Controller Name:UserAPI,Action:HttpGet,Method:GetParentList,User:palash,UnitID:2
2021-08-04 16:55:24.3933|INFO|PIVF.Web.Api.Master.Configuration.UserAPIController|Controller Name:UserAPI,Action:HttpGet,Method:GetParentList,User:palash,UnitID:2
2021-08-04 16:55:24.4393|INFO|PIVF.Web.Api.Master.Configuration.UserAPIController|Controller Name:UserAPI,Action:HttpGet,Method:GetParentList,User:palash,UnitID:2
2021-08-04 16:55:24.4393|INFO|PIVF.Web.Api.Master.Configuration.UserAPIController|Controller Name:UserAPI,Action:HttpGet,Method:GetParentList,User:palash,UnitID:2
2021-08-04 16:55:24.8366|INFO|PIVF.Web.Api.Master.Configuration.UserAPIController|Controller Name:UserAPI,Action:HttpGet,Method:GetUserRoleRights,User:palash,UnitID:2
2021-08-04 16:55:24.8366|INFO|PIVF.Web.Api.Master.Configuration.UserAPIController|Controller Name:UserAPI,Action:HttpGet,Method:GetUserRoleRights,User:palash,UnitID:2
2021-08-04 17:00:23.7652|INFO|PIVF.Web.Api.Master.Common.CommonController|Controller Name:Common,Action:GET,Method:GetActiveVisitByPatient,User:palash,UnitID:2
2021-08-04 17:00:23.7652|INFO|PIVF.Web.Api.Master.Common.CommonController|Controller Name:Common,Action:GET,Method:GetActiveVisitByPatient,User:palash,UnitID:2
2021-08-04 17:00:23.8670|INFO|PIVF.Web.Api.Master.Common.CommonController|Controller Name:Common,Action:GET,Method:GetActiveVisitByPatient,User:palash,UnitID:2
2021-08-04 17:00:23.8670|INFO|PIVF.Web.Api.Master.Common.CommonController|Controller Name:Common,Action:GET,Method:GetActiveVisitByPatient,User:palash,UnitID:2
2021-08-04 17:00:24.6513|INFO|PIVF.Web.Api.EMR.LandingPage.EMRLandingPageAPIController|Controller Name:EMRLandingPageAPI,Action:GET,Method:GetEMRLandingPageData,User:palash,UnitID:2
2021-08-04 17:00:24.6513|INFO|PIVF.Web.Api.EMR.LandingPage.EMRLandingPageAPIController|Controller Name:EMRLandingPageAPI,Action:GET,Method:GetEMRLandingPageData,User:palash,UnitID:2
2021-08-04 17:00:27.6305|INFO|PIVF.Web.Api.Master.Common.CommonController|Controller Name:Common,Action:POST,Method:PutSelectedvisitByPatient,User:palash,UnitID:2
2021-08-04 17:00:27.6305|INFO|PIVF.Web.Api.Master.Common.CommonController|Controller Name:Common,Action:POST,Method:PutSelectedvisitByPatient,User:palash,UnitID:2
2021-08-04 17:00:32.0285|INFO|PIVF.Web.Api.New_ART.NewARTController|Controller Name:NewART,Action:GET,Method:newCyclebtnFlag,User:palash,UnitID:2
2021-08-04 17:00:32.0285|INFO|PIVF.Web.Api.New_ART.NewARTController|Controller Name:NewART,Action:GET,Method:newCyclebtnFlag,User:palash,UnitID:2
2021-08-04 17:00:32.5148|INFO|PIVF.Web.Api.New_ART.NewARTController|Controller Name:NewART,Action:GET,Method:GetARTCycleList,User:palash,UnitID:2
2021-08-04 17:00:32.5148|INFO|PIVF.Web.Api.New_ART.NewARTController|Controller Name:NewART,Action:GET,Method:GetARTCycleList,User:palash,UnitID:2
2021-08-04 17:00:36.7094|INFO|PIVF.Web.Api.Master.Common.CommonController|Controller Name:Common,Action:GET,Method:GetActiveVisitByPatient,User:palash,UnitID:2
2021-08-04 17:00:36.7094|INFO|PIVF.Web.Api.Master.Common.CommonController|Controller Name:Common,Action:GET,Method:GetActiveVisitByPatient,User:palash,UnitID:2
2021-08-04 17:00:37.1288|INFO|PIVF.Web.Api.EMR.MaleHistory.SemenThawingController|Controller Name:SemenThawing,Action:GET,Method:GetFreezDetails,User:palash,UnitID:2
2021-08-04 17:00:37.1288|INFO|PIVF.Web.Api.EMR.MaleHistory.SemenThawingController|Controller Name:SemenThawing,Action:GET,Method:GetFreezDetails,User:palash,UnitID:2
2021-08-04 17:00:37.6253|INFO|PIVF.Web.Api.EMR.MaleHistory.SemenThawingController|Controller Name:SemenThawing,Action:GET,Method:GetFreezDetails,User:palash,UnitID:2
2021-08-04 17:00:37.6253|INFO|PIVF.Web.Api.EMR.MaleHistory.SemenThawingController|Controller Name:SemenThawing,Action:GET,Method:GetFreezDetails,User:palash,UnitID:2
2021-08-04 17:00:41.5686|INFO|PIVF.Web.Api.EMR.MaleHistory.SemenPrepController|Controller Name:SemenPrep,Action:GET,Method:GetSemenThawingDetailFromSemenPrepIDForTC,User:palash,UnitID:2
2021-08-04 17:00:41.5686|INFO|PIVF.Web.Api.EMR.MaleHistory.SemenPrepController|Controller Name:SemenPrep,Action:GET,Method:GetSemenThawingDetailFromSemenPrepIDForTC,User:palash,UnitID:2
2021-08-04 17:00:42.0746|INFO|PIVF.Web.Api.EMR.MaleHistory.SemenPrepController|Controller Name:SemenPrep,Action:GET,Method:GetSemenThawingDetailFromSemenPrepIDForTC,User:palash,UnitID:2
2021-08-04 17:00:42.0746|INFO|PIVF.Web.Api.EMR.MaleHistory.SemenPrepController|Controller Name:SemenPrep,Action:GET,Method:GetSemenThawingDetailFromSemenPrepIDForTC,User:palash,UnitID:2
2021-08-04 17:01:19.6596|INFO|PIVF.Web.Api.EMR.MaleHistory.SemenThawingController|Controller Name:SemenThawing,Action:POST,Method:SaveUpdate,User:palash,UnitID:2
2021-08-04 17:01:19.6596|INFO|PIVF.Web.Api.EMR.MaleHistory.SemenThawingController|Controller Name:SemenThawing,Action:POST,Method:SaveUpdate,User:palash,UnitID:2
2021-08-04 17:01:19.6955|INFO|PIVF.Web.Api.EMR.MaleHistory.SemenThawingController|Controller Name:SemenThawing,Action:GET,Method:GetFreezDetails,User:palash,UnitID:2
2021-08-04 17:01:19.6955|INFO|PIVF.Web.Api.EMR.MaleHistory.SemenThawingController|Controller Name:SemenThawing,Action:GET,Method:GetFreezDetails,User:palash,UnitID:2
2021-08-04 17:01:21.2320|INFO|PIVF.Web.Api.EMR.MaleHistory.SemenThawingController|Controller Name:SemenThawing,Action:GET,Method:GetFreezDetails,User:palash,UnitID:2
2021-08-04 17:01:21.2320|INFO|PIVF.Web.Api.EMR.MaleHistory.SemenThawingController|Controller Name:SemenThawing,Action:GET,Method:GetFreezDetails,User:palash,UnitID:2
