2022-08-25 10:39:02.5931|INFO|PIVF.Web.Api.Master.Configuration.UserAPIController|Controller Name:UserAPI,Action:HttpGet,Method:GetGrandParentList,User:multiplyadmin,UnitID:2
2022-08-25 10:39:02.5931|INFO|PIVF.Web.Api.Master.Configuration.UserAPIController|Controller Name:UserAPI,Action:HttpGet,Method:GetGrandParentList,User:multiplyadmin,UnitID:2
2022-08-25 10:39:03.4405|INFO|PIVF.Web.Api.Master.Configuration.UserAPIController|Controller Name:UserAPI,Action:HttpGet,Method:GetUserRoleRights,User:multiplyadmin,UnitID:2
2022-08-25 10:39:03.4405|INFO|PIVF.Web.Api.Master.Configuration.UserAPIController|Controller Name:UserAPI,Action:HttpGet,Method:GetUserRoleRights,User:multiplyadmin,UnitID:2
2022-08-25 10:39:05.1687|INFO|PIVF.Web.Api.Master.Configuration.UserAPIController|Controller Name:UserAPI,Action:HttpGet,Method:GetParentList,User:multiplyadmin,UnitID:2
2022-08-25 10:39:05.1687|INFO|PIVF.Web.Api.Master.Configuration.UserAPIController|Controller Name:UserAPI,Action:HttpGet,Method:GetParentList,User:multiplyadmin,UnitID:2
2022-08-25 10:39:05.1999|INFO|PIVF.Web.Api.Master.Configuration.UserAPIController|Controller Name:UserAPI,Action:HttpGet,Method:GetParentList,User:multiplyadmin,UnitID:2
2022-08-25 10:39:05.1999|INFO|PIVF.Web.Api.Master.Configuration.UserAPIController|Controller Name:UserAPI,Action:HttpGet,Method:GetParentList,User:multiplyadmin,UnitID:2
2022-08-25 10:39:06.4290|INFO|PIVF.Web.Api.QueueMgt.QueueMgtController|Controller Name:QueueMgt,Action:HttpPost,Method:GetQueueList,User:multiplyadmin,UnitID:2
2022-08-25 10:39:06.4290|INFO|PIVF.Web.Api.QueueMgt.QueueMgtController|Controller Name:QueueMgt,Action:HttpPost,Method:GetQueueList,User:multiplyadmin,UnitID:2
2022-08-25 10:39:06.9186|INFO|PIVF.Web.Api.Master.Common.CommonController|1_Controller Name:CommonController,Action:HttpGet,Method:GetDoctorsList,User:multiplyadmin,UnitID:2
2022-08-25 10:39:06.9186|INFO|PIVF.Web.Api.Master.Common.CommonController|1_Controller Name:CommonController,Action:HttpGet,Method:GetDoctorsList,User:multiplyadmin,UnitID:2
2022-08-25 10:39:07.4690|INFO|PIVF.Web.Api.Master.Common.CommonController|1_Controller Name:CommonController,Action:HttpGet,Method:GetSpeclRegTypeList,User:multiplyadmin,UnitID:2
2022-08-25 10:39:07.4690|INFO|PIVF.Web.Api.Master.Common.CommonController|1_Controller Name:CommonController,Action:HttpGet,Method:GetSpeclRegTypeList,User:multiplyadmin,UnitID:2
2022-08-25 10:39:08.4934|INFO|PIVF.Web.Api.Master.Common.CommonController|1_Controller Name:CommonController,Action:HttpGet,Method:GetDepartmentList,User:multiplyadmin,UnitID:2
2022-08-25 10:39:08.4934|INFO|PIVF.Web.Api.Master.Common.CommonController|1_Controller Name:CommonController,Action:HttpGet,Method:GetDepartmentList,User:multiplyadmin,UnitID:2
2022-08-25 10:39:13.6834|INFO|PIVF.Web.Api.Master.Common.CommonController|Controller Name:Common,Action:GET,Method:GetActiveVisitByPatient,User:multiplyadmin,UnitID:2
2022-08-25 10:39:13.6834|INFO|PIVF.Web.Api.Master.Common.CommonController|Controller Name:Common,Action:GET,Method:GetActiveVisitByPatient,User:multiplyadmin,UnitID:2
2022-08-25 10:39:17.7742|INFO|PIVF.Web.Api.New_ART.NewARTController|Controller Name:NewART,Action:GET,Method:GetARTCycleList,User:multiplyadmin,UnitID:2
2022-08-25 10:39:17.7742|INFO|PIVF.Web.Api.New_ART.NewARTController|Controller Name:NewART,Action:GET,Method:GetARTCycleList,User:multiplyadmin,UnitID:2
2022-08-25 10:39:18.7694|INFO|PIVF.Web.Api.New_ART.NewARTController|Controller Name:NewART,Action:GET,Method:newCyclebtnFlag,User:multiplyadmin,UnitID:2
2022-08-25 10:39:18.7694|INFO|PIVF.Web.Api.New_ART.NewARTController|Controller Name:NewART,Action:GET,Method:newCyclebtnFlag,User:multiplyadmin,UnitID:2
2022-08-25 12:22:21.3322|INFO|PIVF.Web.Api.Master.Configuration.UserAPIController|Controller Name:UserAPI,Action:HttpGet,Method:GetGrandParentList,User:multiplyadmin,UnitID:2
2022-08-25 12:22:21.3322|INFO|PIVF.Web.Api.Master.Configuration.UserAPIController|Controller Name:UserAPI,Action:HttpGet,Method:GetGrandParentList,User:multiplyadmin,UnitID:2
2022-08-25 12:22:21.6103|INFO|PIVF.Web.Api.Master.Configuration.UserAPIController|Controller Name:UserAPI,Action:HttpGet,Method:GetUserRoleRights,User:multiplyadmin,UnitID:2
2022-08-25 12:22:21.6103|INFO|PIVF.Web.Api.Master.Configuration.UserAPIController|Controller Name:UserAPI,Action:HttpGet,Method:GetUserRoleRights,User:multiplyadmin,UnitID:2
2022-08-25 12:22:26.6459|INFO|PIVF.Web.Api.QueueMgt.QueueMgtController|Controller Name:QueueMgt,Action:HttpPost,Method:GetQueueList,User:multiplyadmin,UnitID:2
2022-08-25 12:22:26.6459|INFO|PIVF.Web.Api.QueueMgt.QueueMgtController|Controller Name:QueueMgt,Action:HttpPost,Method:GetQueueList,User:multiplyadmin,UnitID:2
2022-08-25 12:22:26.8048|INFO|PIVF.Web.Api.Master.Common.CommonController|1_Controller Name:CommonController,Action:HttpGet,Method:GetDepartmentList,User:multiplyadmin,UnitID:2
2022-08-25 12:22:26.8048|INFO|PIVF.Web.Api.Master.Common.CommonController|1_Controller Name:CommonController,Action:HttpGet,Method:GetDepartmentList,User:multiplyadmin,UnitID:2
2022-08-25 12:22:27.5644|INFO|PIVF.Web.Api.Master.Common.CommonController|1_Controller Name:CommonController,Action:HttpGet,Method:GetDoctorsList,User:multiplyadmin,UnitID:2
2022-08-25 12:22:27.5644|INFO|PIVF.Web.Api.Master.Common.CommonController|1_Controller Name:CommonController,Action:HttpGet,Method:GetDoctorsList,User:multiplyadmin,UnitID:2
2022-08-25 12:22:27.5964|INFO|PIVF.Web.Api.Master.Common.CommonController|1_Controller Name:CommonController,Action:HttpGet,Method:GetSpeclRegTypeList,User:multiplyadmin,UnitID:2
2022-08-25 12:22:27.5964|INFO|PIVF.Web.Api.Master.Common.CommonController|1_Controller Name:CommonController,Action:HttpGet,Method:GetSpeclRegTypeList,User:multiplyadmin,UnitID:2
2022-08-25 12:22:28.1461|INFO|PIVF.Web.Api.Master.Configuration.UserAPIController|Controller Name:UserAPI,Action:HttpGet,Method:GetParentList,User:multiplyadmin,UnitID:2
2022-08-25 12:22:28.1461|INFO|PIVF.Web.Api.Master.Configuration.UserAPIController|Controller Name:UserAPI,Action:HttpGet,Method:GetParentList,User:multiplyadmin,UnitID:2
2022-08-25 12:22:28.2460|INFO|PIVF.Web.Api.Master.Configuration.UserAPIController|Controller Name:UserAPI,Action:HttpGet,Method:GetParentList,User:multiplyadmin,UnitID:2
2022-08-25 12:22:28.2460|INFO|PIVF.Web.Api.Master.Configuration.UserAPIController|Controller Name:UserAPI,Action:HttpGet,Method:GetParentList,User:multiplyadmin,UnitID:2
2022-08-25 12:22:30.6817|INFO|PIVF.Web.Api.Master.Common.CommonController|Controller Name:Common,Action:GET,Method:GetActiveVisitByPatient,User:multiplyadmin,UnitID:2
2022-08-25 12:22:30.6817|INFO|PIVF.Web.Api.Master.Common.CommonController|Controller Name:Common,Action:GET,Method:GetActiveVisitByPatient,User:multiplyadmin,UnitID:2
2022-08-25 12:22:31.7620|INFO|PIVF.Web.Api.Master.Common.CommonController|Controller Name:Common,Action:GET,Method:GetActiveVisitByPatient,User:multiplyadmin,UnitID:2
2022-08-25 12:22:31.7620|INFO|PIVF.Web.Api.Master.Common.CommonController|Controller Name:Common,Action:GET,Method:GetActiveVisitByPatient,User:multiplyadmin,UnitID:2
2022-08-25 12:22:37.6637|INFO|PIVF.Web.Api.Master.Common.CommonController|Controller Name:Common,Action:GET,Method:GetActiveVisitByPatient,User:multiplyadmin,UnitID:2
2022-08-25 12:22:37.6637|INFO|PIVF.Web.Api.Master.Common.CommonController|Controller Name:Common,Action:GET,Method:GetActiveVisitByPatient,User:multiplyadmin,UnitID:2
2022-08-25 12:22:38.3393|INFO|PIVF.Web.Api.EMR.LandingPage.EMRLandingPageAPIController|Controller Name:EMRLandingPageAPI,Action:GET,Method:GetEMRLandingPageData,User:multiplyadmin,UnitID:2
2022-08-25 12:22:38.3393|INFO|PIVF.Web.Api.EMR.LandingPage.EMRLandingPageAPIController|Controller Name:EMRLandingPageAPI,Action:GET,Method:GetEMRLandingPageData,User:multiplyadmin,UnitID:2
2022-08-25 12:22:39.8624|INFO|PIVF.Web.Api.Master.Common.CommonController|Controller Name:Common,Action:GET,Method:GetActiveVisitByPatient,User:multiplyadmin,UnitID:2
2022-08-25 12:22:39.8624|INFO|PIVF.Web.Api.Master.Common.CommonController|Controller Name:Common,Action:GET,Method:GetActiveVisitByPatient,User:multiplyadmin,UnitID:2
2022-08-25 12:22:43.9841|INFO|PIVF.Web.Api.EMR.LandingPage.EMRLandingPageAPIController|Controller Name:EMRLandingPageAPI,Action:GET,Method:GetEMRLandingPageData,User:multiplyadmin,UnitID:2
2022-08-25 12:22:43.9841|INFO|PIVF.Web.Api.EMR.LandingPage.EMRLandingPageAPIController|Controller Name:EMRLandingPageAPI,Action:GET,Method:GetEMRLandingPageData,User:multiplyadmin,UnitID:2
2022-08-25 12:22:44.6817|INFO|PIVF.Web.Api.Master.Common.CommonController|Controller Name:Common,Action:POST,Method:PutSelectedvisitByPatient,User:multiplyadmin,UnitID:2
2022-08-25 12:22:44.6817|INFO|PIVF.Web.Api.Master.Common.CommonController|Controller Name:Common,Action:POST,Method:PutSelectedvisitByPatient,User:multiplyadmin,UnitID:2
2022-08-25 12:22:47.6960|INFO|PIVF.Web.Api.New_ART.NewARTController|Controller Name:NewART,Action:GET,Method:newCyclebtnFlag,User:multiplyadmin,UnitID:2
2022-08-25 12:22:47.6960|INFO|PIVF.Web.Api.New_ART.NewARTController|Controller Name:NewART,Action:GET,Method:newCyclebtnFlag,User:multiplyadmin,UnitID:2
2022-08-25 12:22:48.6994|INFO|PIVF.Web.Api.New_ART.NewARTController|Controller Name:NewART,Action:GET,Method:GetARTCycleList,User:multiplyadmin,UnitID:2
2022-08-25 12:22:48.6994|INFO|PIVF.Web.Api.New_ART.NewARTController|Controller Name:NewART,Action:GET,Method:GetARTCycleList,User:multiplyadmin,UnitID:2
2022-08-25 12:39:05.7402|INFO|PIVF.Web.Api.Master.Configuration.UserAPIController|Controller Name:UserAPI,Action:HttpGet,Method:GetGrandParentList,User:multiplyadmin,UnitID:2
2022-08-25 12:39:05.7402|INFO|PIVF.Web.Api.Master.Configuration.UserAPIController|Controller Name:UserAPI,Action:HttpGet,Method:GetGrandParentList,User:multiplyadmin,UnitID:2
2022-08-25 12:39:05.9480|INFO|PIVF.Web.Api.Master.Configuration.UserAPIController|Controller Name:UserAPI,Action:HttpGet,Method:GetUserRoleRights,User:multiplyadmin,UnitID:2
2022-08-25 12:39:05.9480|INFO|PIVF.Web.Api.Master.Configuration.UserAPIController|Controller Name:UserAPI,Action:HttpGet,Method:GetUserRoleRights,User:multiplyadmin,UnitID:2
2022-08-25 12:39:27.6544|INFO|PIVF.Web.Api.Master.Configuration.UserAPIController|Controller Name:UserAPI,Action:HttpGet,Method:GetUserRoleRights,User:multiplyadmin,UnitID:2
2022-08-25 12:39:27.6544|INFO|PIVF.Web.Api.Master.Configuration.UserAPIController|Controller Name:UserAPI,Action:HttpGet,Method:GetUserRoleRights,User:multiplyadmin,UnitID:2
2022-08-25 12:39:28.8168|INFO|PIVF.Web.Api.Master.Common.CommonController|1_Controller Name:CommonController,Action:HttpGet,Method:GetDoctorsList,User:multiplyadmin,UnitID:2
2022-08-25 12:39:28.8168|INFO|PIVF.Web.Api.Master.Common.CommonController|1_Controller Name:CommonController,Action:HttpGet,Method:GetDoctorsList,User:multiplyadmin,UnitID:2
2022-08-25 12:39:28.8867|INFO|PIVF.Web.Api.Master.Common.CommonController|1_Controller Name:CommonController,Action:HttpGet,Method:GetSpeclRegTypeList,User:multiplyadmin,UnitID:2
2022-08-25 12:39:28.8867|INFO|PIVF.Web.Api.Master.Common.CommonController|1_Controller Name:CommonController,Action:HttpGet,Method:GetSpeclRegTypeList,User:multiplyadmin,UnitID:2
2022-08-25 12:39:29.8502|INFO|PIVF.Web.Api.QueueMgt.QueueMgtController|Controller Name:QueueMgt,Action:HttpPost,Method:GetQueueList,User:multiplyadmin,UnitID:2
2022-08-25 12:39:29.8502|INFO|PIVF.Web.Api.QueueMgt.QueueMgtController|Controller Name:QueueMgt,Action:HttpPost,Method:GetQueueList,User:multiplyadmin,UnitID:2
2022-08-25 12:39:30.2184|INFO|PIVF.Web.Api.Master.Configuration.UserAPIController|Controller Name:UserAPI,Action:HttpGet,Method:GetGrandParentList,User:multiplyadmin,UnitID:2
2022-08-25 12:39:30.2184|INFO|PIVF.Web.Api.Master.Configuration.UserAPIController|Controller Name:UserAPI,Action:HttpGet,Method:GetGrandParentList,User:multiplyadmin,UnitID:2
2022-08-25 12:39:30.3384|INFO|PIVF.Web.Api.Master.Configuration.UserAPIController|Controller Name:UserAPI,Action:HttpGet,Method:GetParentList,User:multiplyadmin,UnitID:2
2022-08-25 12:39:30.3384|INFO|PIVF.Web.Api.Master.Configuration.UserAPIController|Controller Name:UserAPI,Action:HttpGet,Method:GetParentList,User:multiplyadmin,UnitID:2
2022-08-25 12:39:30.9809|INFO|PIVF.Web.Api.Master.Configuration.UserAPIController|Controller Name:UserAPI,Action:HttpGet,Method:GetParentList,User:multiplyadmin,UnitID:2
2022-08-25 12:39:30.9809|INFO|PIVF.Web.Api.Master.Configuration.UserAPIController|Controller Name:UserAPI,Action:HttpGet,Method:GetParentList,User:multiplyadmin,UnitID:2
2022-08-25 12:39:31.8693|INFO|PIVF.Web.Api.Master.Common.CommonController|1_Controller Name:CommonController,Action:HttpGet,Method:GetDepartmentList,User:multiplyadmin,UnitID:2
2022-08-25 12:39:31.8693|INFO|PIVF.Web.Api.Master.Common.CommonController|1_Controller Name:CommonController,Action:HttpGet,Method:GetDepartmentList,User:multiplyadmin,UnitID:2
2022-08-25 12:39:37.2664|INFO|PIVF.Web.Api.Master.Common.CommonController|Controller Name:Common,Action:GET,Method:GetActiveVisitByPatient,User:multiplyadmin,UnitID:2
2022-08-25 12:39:37.2664|INFO|PIVF.Web.Api.Master.Common.CommonController|Controller Name:Common,Action:GET,Method:GetActiveVisitByPatient,User:multiplyadmin,UnitID:2
2022-08-25 12:39:39.5319|INFO|PIVF.Web.Api.New_ART.NewARTController|Controller Name:NewART,Action:GET,Method:newCyclebtnFlag,User:multiplyadmin,UnitID:2
2022-08-25 12:39:39.5319|INFO|PIVF.Web.Api.New_ART.NewARTController|Controller Name:NewART,Action:GET,Method:newCyclebtnFlag,User:multiplyadmin,UnitID:2
2022-08-25 12:39:39.6453|ERROR|PIVF.Web.Api.New_ART.NewARTController|NewART/newCyclebtnFlag,MessageObject reference not set to an instance of an object.,StackTrace:   at PIVF.Web.Api.New_ART.NewARTController.newCyclebtnFlag() in D:\Gauri\GIT\Multiply_IVF_AUG\multiply_ivf\src\Ganesha\PIVF.Web\Api\NewART\NewARTController.cs:line 162
2022-08-25 12:39:41.5218|INFO|PIVF.Web.Api.New_ART.NewARTController|Controller Name:NewART,Action:GET,Method:GetARTCycleList,User:multiplyadmin,UnitID:2
2022-08-25 12:39:41.5218|INFO|PIVF.Web.Api.New_ART.NewARTController|Controller Name:NewART,Action:GET,Method:GetARTCycleList,User:multiplyadmin,UnitID:2
2022-08-25 12:40:37.9829|INFO|PIVF.Web.Api.Master.Common.CommonController|Controller Name:Common,Action:GET,Method:GetActiveVisitByPatient,User:multiplyadmin,UnitID:2
2022-08-25 12:40:37.9829|INFO|PIVF.Web.Api.Master.Common.CommonController|Controller Name:Common,Action:GET,Method:GetActiveVisitByPatient,User:multiplyadmin,UnitID:2
2022-08-25 12:40:38.0141|INFO|PIVF.Web.Api.Master.Common.CommonController|Controller Name:Common,Action:GET,Method:GetActiveVisitByPatient,User:multiplyadmin,UnitID:2
2022-08-25 12:40:38.0141|INFO|PIVF.Web.Api.Master.Common.CommonController|Controller Name:Common,Action:GET,Method:GetActiveVisitByPatient,User:multiplyadmin,UnitID:2
2022-08-25 12:40:39.7721|INFO|PIVF.Web.Api.EMR.LandingPage.EMRLandingPageAPIController|Controller Name:EMRLandingPageAPI,Action:GET,Method:GetEMRLandingPageData,User:multiplyadmin,UnitID:2
2022-08-25 12:40:39.7721|INFO|PIVF.Web.Api.EMR.LandingPage.EMRLandingPageAPIController|Controller Name:EMRLandingPageAPI,Action:GET,Method:GetEMRLandingPageData,User:multiplyadmin,UnitID:2
2022-08-25 12:40:40.5831|INFO|PIVF.Web.Api.Master.Common.CommonController|Controller Name:Common,Action:POST,Method:PutSelectedvisitByPatient,User:multiplyadmin,UnitID:2
2022-08-25 12:40:40.5831|INFO|PIVF.Web.Api.Master.Common.CommonController|Controller Name:Common,Action:POST,Method:PutSelectedvisitByPatient,User:multiplyadmin,UnitID:2
2022-08-25 12:40:41.4920|INFO|PIVF.Web.Api.New_ART.NewARTController|Controller Name:NewART,Action:GET,Method:GetARTCycleList,User:multiplyadmin,UnitID:2
2022-08-25 12:40:41.4920|INFO|PIVF.Web.Api.New_ART.NewARTController|Controller Name:NewART,Action:GET,Method:GetARTCycleList,User:multiplyadmin,UnitID:2
2022-08-25 12:40:43.0123|INFO|PIVF.Web.Api.New_ART.NewARTController|Controller Name:NewART,Action:GET,Method:newCyclebtnFlag,User:multiplyadmin,UnitID:2
2022-08-25 12:40:43.0123|INFO|PIVF.Web.Api.New_ART.NewARTController|Controller Name:NewART,Action:GET,Method:newCyclebtnFlag,User:multiplyadmin,UnitID:2
2022-08-25 12:41:31.9124|INFO|PIVF.Web.Api.Master.Configuration.UserAPIController|Controller Name:UserAPI,Action:HttpGet,Method:GetGrandParentList,User:multiplyadmin,UnitID:2
2022-08-25 12:41:31.9124|INFO|PIVF.Web.Api.Master.Configuration.UserAPIController|Controller Name:UserAPI,Action:HttpGet,Method:GetGrandParentList,User:multiplyadmin,UnitID:2
2022-08-25 12:41:32.1308|INFO|PIVF.Web.Api.Master.Configuration.UserAPIController|Controller Name:UserAPI,Action:HttpGet,Method:GetParentList,User:multiplyadmin,UnitID:2
2022-08-25 12:41:32.1308|INFO|PIVF.Web.Api.Master.Configuration.UserAPIController|Controller Name:UserAPI,Action:HttpGet,Method:GetParentList,User:multiplyadmin,UnitID:2
2022-08-25 12:41:32.1598|INFO|PIVF.Web.Api.Master.Configuration.UserAPIController|Controller Name:UserAPI,Action:HttpGet,Method:GetParentList,User:multiplyadmin,UnitID:2
2022-08-25 12:41:32.1598|INFO|PIVF.Web.Api.Master.Configuration.UserAPIController|Controller Name:UserAPI,Action:HttpGet,Method:GetParentList,User:multiplyadmin,UnitID:2
2022-08-25 12:41:32.4361|INFO|PIVF.Web.Api.Master.Configuration.UserAPIController|Controller Name:UserAPI,Action:HttpGet,Method:GetUserRoleRights,User:multiplyadmin,UnitID:2
2022-08-25 12:41:32.4361|INFO|PIVF.Web.Api.Master.Configuration.UserAPIController|Controller Name:UserAPI,Action:HttpGet,Method:GetUserRoleRights,User:multiplyadmin,UnitID:2
2022-08-25 12:41:32.6040|INFO|PIVF.Web.Api.Master.Common.CommonController|1_Controller Name:CommonController,Action:HttpGet,Method:GetDepartmentList,User:multiplyadmin,UnitID:2
2022-08-25 12:41:32.6040|INFO|PIVF.Web.Api.Master.Common.CommonController|1_Controller Name:CommonController,Action:HttpGet,Method:GetDepartmentList,User:multiplyadmin,UnitID:2
2022-08-25 12:41:33.6529|INFO|PIVF.Web.Api.Master.Common.CommonController|1_Controller Name:CommonController,Action:HttpGet,Method:GetSpeclRegTypeList,User:multiplyadmin,UnitID:2
2022-08-25 12:41:33.6529|INFO|PIVF.Web.Api.Master.Common.CommonController|1_Controller Name:CommonController,Action:HttpGet,Method:GetSpeclRegTypeList,User:multiplyadmin,UnitID:2
2022-08-25 12:41:34.1557|INFO|PIVF.Web.Api.QueueMgt.QueueMgtController|Controller Name:QueueMgt,Action:HttpPost,Method:GetQueueList,User:multiplyadmin,UnitID:2
2022-08-25 12:41:34.1557|INFO|PIVF.Web.Api.QueueMgt.QueueMgtController|Controller Name:QueueMgt,Action:HttpPost,Method:GetQueueList,User:multiplyadmin,UnitID:2
2022-08-25 12:41:34.6702|INFO|PIVF.Web.Api.Master.Common.CommonController|1_Controller Name:CommonController,Action:HttpGet,Method:GetDoctorsList,User:multiplyadmin,UnitID:2
2022-08-25 12:41:34.6702|INFO|PIVF.Web.Api.Master.Common.CommonController|1_Controller Name:CommonController,Action:HttpGet,Method:GetDoctorsList,User:multiplyadmin,UnitID:2
2022-08-25 12:41:45.1688|INFO|PIVF.Web.Api.Master.Common.CommonController|Controller Name:Common,Action:GET,Method:GetActiveVisitByPatient,User:multiplyadmin,UnitID:2
2022-08-25 12:41:45.1688|INFO|PIVF.Web.Api.Master.Common.CommonController|Controller Name:Common,Action:GET,Method:GetActiveVisitByPatient,User:multiplyadmin,UnitID:2
2022-08-25 12:41:47.0415|INFO|PIVF.Web.Api.New_ART.NewARTController|Controller Name:NewART,Action:GET,Method:GetARTCycleList,User:multiplyadmin,UnitID:2
2022-08-25 12:41:47.0415|INFO|PIVF.Web.Api.New_ART.NewARTController|Controller Name:NewART,Action:GET,Method:GetARTCycleList,User:multiplyadmin,UnitID:2
2022-08-25 12:41:47.5467|INFO|PIVF.Web.Api.New_ART.NewARTController|Controller Name:NewART,Action:GET,Method:newCyclebtnFlag,User:multiplyadmin,UnitID:2
2022-08-25 12:41:47.5467|INFO|PIVF.Web.Api.New_ART.NewARTController|Controller Name:NewART,Action:GET,Method:newCyclebtnFlag,User:multiplyadmin,UnitID:2
2022-08-25 12:57:53.4403|INFO|PIVF.Web.Api.Master.Configuration.UserAPIController|Controller Name:UserAPI,Action:HttpGet,Method:GetUserRoleRights,User:multiplyadmin,UnitID:2
2022-08-25 12:57:53.4403|INFO|PIVF.Web.Api.Master.Configuration.UserAPIController|Controller Name:UserAPI,Action:HttpGet,Method:GetUserRoleRights,User:multiplyadmin,UnitID:2
2022-08-25 12:58:04.1591|INFO|PIVF.Web.Api.Master.Common.CommonController|1_Controller Name:CommonController,Action:HttpGet,Method:GetDoctorsList,User:multiplyadmin,UnitID:2
2022-08-25 12:58:04.1591|INFO|PIVF.Web.Api.Master.Common.CommonController|1_Controller Name:CommonController,Action:HttpGet,Method:GetDoctorsList,User:multiplyadmin,UnitID:2
2022-08-25 12:58:04.2471|INFO|PIVF.Web.Api.Master.Common.CommonController|1_Controller Name:CommonController,Action:HttpGet,Method:GetSpeclRegTypeList,User:multiplyadmin,UnitID:2
2022-08-25 12:58:04.2471|INFO|PIVF.Web.Api.Master.Common.CommonController|1_Controller Name:CommonController,Action:HttpGet,Method:GetSpeclRegTypeList,User:multiplyadmin,UnitID:2
2022-08-25 12:58:05.0104|INFO|PIVF.Web.Api.Master.Common.CommonController|1_Controller Name:CommonController,Action:HttpGet,Method:GetDepartmentList,User:multiplyadmin,UnitID:2
2022-08-25 12:58:05.0104|INFO|PIVF.Web.Api.Master.Common.CommonController|1_Controller Name:CommonController,Action:HttpGet,Method:GetDepartmentList,User:multiplyadmin,UnitID:2
2022-08-25 12:58:05.3475|INFO|PIVF.Web.Api.Master.Configuration.UserAPIController|Controller Name:UserAPI,Action:HttpGet,Method:GetGrandParentList,User:multiplyadmin,UnitID:2
2022-08-25 12:58:05.3475|INFO|PIVF.Web.Api.Master.Configuration.UserAPIController|Controller Name:UserAPI,Action:HttpGet,Method:GetGrandParentList,User:multiplyadmin,UnitID:2
2022-08-25 12:58:05.5974|INFO|PIVF.Web.Api.QueueMgt.QueueMgtController|Controller Name:QueueMgt,Action:HttpPost,Method:GetQueueList,User:multiplyadmin,UnitID:2
2022-08-25 12:58:05.5974|INFO|PIVF.Web.Api.QueueMgt.QueueMgtController|Controller Name:QueueMgt,Action:HttpPost,Method:GetQueueList,User:multiplyadmin,UnitID:2
2022-08-25 12:58:45.9511|INFO|PIVF.Web.Api.Master.Configuration.UserAPIController|Controller Name:UserAPI,Action:HttpGet,Method:GetGrandParentList,User:multiplyadmin,UnitID:2
2022-08-25 12:58:45.9511|INFO|PIVF.Web.Api.Master.Configuration.UserAPIController|Controller Name:UserAPI,Action:HttpGet,Method:GetGrandParentList,User:multiplyadmin,UnitID:2
2022-08-25 12:58:46.4609|INFO|PIVF.Web.Api.Master.Configuration.UserAPIController|Controller Name:UserAPI,Action:HttpGet,Method:GetUserRoleRights,User:multiplyadmin,UnitID:2
2022-08-25 12:58:46.4609|INFO|PIVF.Web.Api.Master.Configuration.UserAPIController|Controller Name:UserAPI,Action:HttpGet,Method:GetUserRoleRights,User:multiplyadmin,UnitID:2
2022-08-25 12:59:22.6834|INFO|PIVF.Web.Api.QueueMgt.QueueMgtController|Controller Name:QueueMgt,Action:HttpPost,Method:GetQueueList,User:multiplyadmin,UnitID:2
2022-08-25 12:59:22.6834|INFO|PIVF.Web.Api.QueueMgt.QueueMgtController|Controller Name:QueueMgt,Action:HttpPost,Method:GetQueueList,User:multiplyadmin,UnitID:2
2022-08-25 12:59:23.7134|INFO|PIVF.Web.Api.Master.Common.CommonController|1_Controller Name:CommonController,Action:HttpGet,Method:GetDoctorsList,User:multiplyadmin,UnitID:2
2022-08-25 12:59:23.7134|INFO|PIVF.Web.Api.Master.Common.CommonController|1_Controller Name:CommonController,Action:HttpGet,Method:GetDoctorsList,User:multiplyadmin,UnitID:2
2022-08-25 12:59:24.2210|INFO|PIVF.Web.Api.Master.Common.CommonController|1_Controller Name:CommonController,Action:HttpGet,Method:GetDepartmentList,User:multiplyadmin,UnitID:2
2022-08-25 12:59:24.2210|INFO|PIVF.Web.Api.Master.Common.CommonController|1_Controller Name:CommonController,Action:HttpGet,Method:GetDepartmentList,User:multiplyadmin,UnitID:2
2022-08-25 12:59:26.2750|INFO|PIVF.Web.Api.Master.Common.CommonController|1_Controller Name:CommonController,Action:HttpGet,Method:GetSpeclRegTypeList,User:multiplyadmin,UnitID:2
2022-08-25 12:59:26.2750|INFO|PIVF.Web.Api.Master.Common.CommonController|1_Controller Name:CommonController,Action:HttpGet,Method:GetSpeclRegTypeList,User:multiplyadmin,UnitID:2
2022-08-25 12:59:27.2812|INFO|PIVF.Web.Api.Master.Configuration.UserAPIController|Controller Name:UserAPI,Action:HttpGet,Method:GetParentList,User:multiplyadmin,UnitID:2
2022-08-25 12:59:27.2812|INFO|PIVF.Web.Api.Master.Configuration.UserAPIController|Controller Name:UserAPI,Action:HttpGet,Method:GetParentList,User:multiplyadmin,UnitID:2
2022-08-25 12:59:27.3919|INFO|PIVF.Web.Api.Master.Configuration.UserAPIController|Controller Name:UserAPI,Action:HttpGet,Method:GetParentList,User:multiplyadmin,UnitID:2
2022-08-25 12:59:27.3919|INFO|PIVF.Web.Api.Master.Configuration.UserAPIController|Controller Name:UserAPI,Action:HttpGet,Method:GetParentList,User:multiplyadmin,UnitID:2
2022-08-25 12:59:30.2436|INFO|PIVF.Web.Api.Master.Common.CommonController|Controller Name:Common,Action:GET,Method:GetActiveVisitByPatient,User:multiplyadmin,UnitID:2
2022-08-25 12:59:30.2436|INFO|PIVF.Web.Api.Master.Common.CommonController|Controller Name:Common,Action:GET,Method:GetActiveVisitByPatient,User:multiplyadmin,UnitID:2
2022-08-25 12:59:41.4822|INFO|PIVF.Web.Api.New_ART.NewARTController|Controller Name:NewART,Action:GET,Method:newCyclebtnFlag,User:multiplyadmin,UnitID:2
2022-08-25 12:59:41.4822|INFO|PIVF.Web.Api.New_ART.NewARTController|Controller Name:NewART,Action:GET,Method:newCyclebtnFlag,User:multiplyadmin,UnitID:2
2022-08-25 12:59:41.5332|INFO|PIVF.Web.Api.New_ART.NewARTController|Controller Name:NewART,Action:GET,Method:GetARTCycleList,User:multiplyadmin,UnitID:2
2022-08-25 12:59:41.5332|INFO|PIVF.Web.Api.New_ART.NewARTController|Controller Name:NewART,Action:GET,Method:GetARTCycleList,User:multiplyadmin,UnitID:2
2022-08-25 15:16:51.6047|INFO|PIVF.Web.Api.Master.Configuration.UserAPIController|Controller Name:UserAPI,Action:HttpGet,Method:GetUserRoleRights,User:multiplyadmin,UnitID:2
2022-08-25 15:16:51.6047|INFO|PIVF.Web.Api.Master.Configuration.UserAPIController|Controller Name:UserAPI,Action:HttpGet,Method:GetUserRoleRights,User:multiplyadmin,UnitID:2
2022-08-25 15:16:58.5385|INFO|PIVF.Web.Api.QueueMgt.QueueMgtController|Controller Name:QueueMgt,Action:HttpPost,Method:GetQueueList,User:multiplyadmin,UnitID:2
2022-08-25 15:16:58.5385|INFO|PIVF.Web.Api.QueueMgt.QueueMgtController|Controller Name:QueueMgt,Action:HttpPost,Method:GetQueueList,User:multiplyadmin,UnitID:2
2022-08-25 15:16:58.8263|INFO|PIVF.Web.Api.Master.Configuration.UserAPIController|Controller Name:UserAPI,Action:HttpGet,Method:GetGrandParentList,User:multiplyadmin,UnitID:2
2022-08-25 15:16:58.8263|INFO|PIVF.Web.Api.Master.Configuration.UserAPIController|Controller Name:UserAPI,Action:HttpGet,Method:GetGrandParentList,User:multiplyadmin,UnitID:2
2022-08-25 15:17:00.8032|INFO|PIVF.Web.Api.Master.Configuration.UserAPIController|Controller Name:UserAPI,Action:HttpGet,Method:GetParentList,User:multiplyadmin,UnitID:2
2022-08-25 15:17:00.8032|INFO|PIVF.Web.Api.Master.Configuration.UserAPIController|Controller Name:UserAPI,Action:HttpGet,Method:GetParentList,User:multiplyadmin,UnitID:2
2022-08-25 15:17:00.8291|INFO|PIVF.Web.Api.Master.Configuration.UserAPIController|Controller Name:UserAPI,Action:HttpGet,Method:GetParentList,User:multiplyadmin,UnitID:2
2022-08-25 15:17:00.8291|INFO|PIVF.Web.Api.Master.Configuration.UserAPIController|Controller Name:UserAPI,Action:HttpGet,Method:GetParentList,User:multiplyadmin,UnitID:2
2022-08-25 15:17:00.9021|INFO|PIVF.Web.Api.Master.Common.CommonController|1_Controller Name:CommonController,Action:HttpGet,Method:GetSpeclRegTypeList,User:multiplyadmin,UnitID:2
2022-08-25 15:17:00.9021|INFO|PIVF.Web.Api.Master.Common.CommonController|1_Controller Name:CommonController,Action:HttpGet,Method:GetSpeclRegTypeList,User:multiplyadmin,UnitID:2
2022-08-25 15:17:02.4452|INFO|PIVF.Web.Api.Master.Common.CommonController|1_Controller Name:CommonController,Action:HttpGet,Method:GetDepartmentList,User:multiplyadmin,UnitID:2
2022-08-25 15:17:02.4452|INFO|PIVF.Web.Api.Master.Common.CommonController|1_Controller Name:CommonController,Action:HttpGet,Method:GetDepartmentList,User:multiplyadmin,UnitID:2
2022-08-25 15:17:03.9565|INFO|PIVF.Web.Api.Master.Common.CommonController|1_Controller Name:CommonController,Action:HttpGet,Method:GetDoctorsList,User:multiplyadmin,UnitID:2
2022-08-25 15:17:03.9565|INFO|PIVF.Web.Api.Master.Common.CommonController|1_Controller Name:CommonController,Action:HttpGet,Method:GetDoctorsList,User:multiplyadmin,UnitID:2
2022-08-25 15:17:17.6186|INFO|PIVF.Web.Api.New_ART.NewARTController|Controller Name:NewART,Action:GET,Method:newCyclebtnFlag,User:multiplyadmin,UnitID:2
2022-08-25 15:17:17.6186|INFO|PIVF.Web.Api.New_ART.NewARTController|Controller Name:NewART,Action:GET,Method:newCyclebtnFlag,User:multiplyadmin,UnitID:2
2022-08-25 15:17:17.6952|INFO|PIVF.Web.Api.New_ART.NewARTController|Controller Name:NewART,Action:GET,Method:GetARTCycleList,User:multiplyadmin,UnitID:2
2022-08-25 15:17:17.6952|INFO|PIVF.Web.Api.New_ART.NewARTController|Controller Name:NewART,Action:GET,Method:GetARTCycleList,User:multiplyadmin,UnitID:2
2022-08-25 15:17:18.9545|INFO|PIVF.Web.Api.Master.Common.CommonController|Controller Name:Common,Action:GET,Method:GetActiveVisitByPatient,User:multiplyadmin,UnitID:2
2022-08-25 15:17:18.9545|INFO|PIVF.Web.Api.Master.Common.CommonController|Controller Name:Common,Action:GET,Method:GetActiveVisitByPatient,User:multiplyadmin,UnitID:2
2022-08-25 15:17:19.0344|INFO|PIVF.Web.Api.Master.Common.CommonController|Controller Name:Common,Action:GET,Method:GetActiveVisitByPatient,User:multiplyadmin,UnitID:2
2022-08-25 15:17:19.0344|INFO|PIVF.Web.Api.Master.Common.CommonController|Controller Name:Common,Action:GET,Method:GetActiveVisitByPatient,User:multiplyadmin,UnitID:2
2022-08-25 15:17:22.7063|INFO|PIVF.Web.Api.Master.Common.CommonController|Controller Name:Common,Action:POST,Method:PutSelectedvisitByPatient,User:multiplyadmin,UnitID:2
2022-08-25 15:17:22.7063|INFO|PIVF.Web.Api.Master.Common.CommonController|Controller Name:Common,Action:POST,Method:PutSelectedvisitByPatient,User:multiplyadmin,UnitID:2
2022-08-25 15:17:23.1537|INFO|PIVF.Web.Api.EMR.LandingPage.EMRLandingPageAPIController|Controller Name:EMRLandingPageAPI,Action:GET,Method:GetEMRLandingPageData,User:multiplyadmin,UnitID:2
2022-08-25 15:17:23.1537|INFO|PIVF.Web.Api.EMR.LandingPage.EMRLandingPageAPIController|Controller Name:EMRLandingPageAPI,Action:GET,Method:GetEMRLandingPageData,User:multiplyadmin,UnitID:2
2022-08-25 15:17:24.9552|INFO|PIVF.Web.Api.New_ART.NewARTController|Controller Name:NewART,Action:GET,Method:GetARTCycleList,User:multiplyadmin,UnitID:2
2022-08-25 15:17:24.9552|INFO|PIVF.Web.Api.New_ART.NewARTController|Controller Name:NewART,Action:GET,Method:GetARTCycleList,User:multiplyadmin,UnitID:2
2022-08-25 15:17:25.4989|INFO|PIVF.Web.Api.New_ART.NewARTController|Controller Name:NewART,Action:GET,Method:newCyclebtnFlag,User:multiplyadmin,UnitID:2
2022-08-25 15:17:25.4989|INFO|PIVF.Web.Api.New_ART.NewARTController|Controller Name:NewART,Action:GET,Method:newCyclebtnFlag,User:multiplyadmin,UnitID:2
2022-08-25 15:41:35.3114|INFO|PIVF.Web.Api.Master.Configuration.UserAPIController|Controller Name:UserAPI,Action:HttpGet,Method:GetGrandParentList,User:multiplyadmin,UnitID:2
2022-08-25 15:41:35.3114|INFO|PIVF.Web.Api.Master.Configuration.UserAPIController|Controller Name:UserAPI,Action:HttpGet,Method:GetGrandParentList,User:multiplyadmin,UnitID:2
2022-08-25 15:41:36.2750|INFO|PIVF.Web.Api.Master.Configuration.UserAPIController|Controller Name:UserAPI,Action:HttpGet,Method:GetParentList,User:multiplyadmin,UnitID:2
2022-08-25 15:41:36.2750|INFO|PIVF.Web.Api.Master.Configuration.UserAPIController|Controller Name:UserAPI,Action:HttpGet,Method:GetParentList,User:multiplyadmin,UnitID:2
2022-08-25 15:41:36.3698|INFO|PIVF.Web.Api.Master.Configuration.UserAPIController|Controller Name:UserAPI,Action:HttpGet,Method:GetParentList,User:multiplyadmin,UnitID:2
2022-08-25 15:41:36.3698|INFO|PIVF.Web.Api.Master.Configuration.UserAPIController|Controller Name:UserAPI,Action:HttpGet,Method:GetParentList,User:multiplyadmin,UnitID:2
2022-08-25 15:41:42.8168|INFO|PIVF.Web.Api.Master.Configuration.UserAPIController|Controller Name:UserAPI,Action:HttpGet,Method:GetParentList,User:multiplyadmin,UnitID:2
2022-08-25 15:41:42.8168|INFO|PIVF.Web.Api.Master.Configuration.UserAPIController|Controller Name:UserAPI,Action:HttpGet,Method:GetParentList,User:multiplyadmin,UnitID:2
2022-08-25 15:41:42.9336|INFO|PIVF.Web.Api.Master.Configuration.UserAPIController|Controller Name:UserAPI,Action:HttpGet,Method:GetUserRoleRights,User:multiplyadmin,UnitID:2
2022-08-25 15:41:42.9336|INFO|PIVF.Web.Api.Master.Configuration.UserAPIController|Controller Name:UserAPI,Action:HttpGet,Method:GetUserRoleRights,User:multiplyadmin,UnitID:2
2022-08-25 15:41:43.6516|INFO|PIVF.Web.Api.Master.Common.CommonController|1_Controller Name:CommonController,Action:HttpGet,Method:GetDepartmentList,User:multiplyadmin,UnitID:2
2022-08-25 15:41:43.6516|INFO|PIVF.Web.Api.Master.Common.CommonController|1_Controller Name:CommonController,Action:HttpGet,Method:GetDepartmentList,User:multiplyadmin,UnitID:2
2022-08-25 15:41:45.0466|INFO|PIVF.Web.Api.QueueMgt.QueueMgtController|Controller Name:QueueMgt,Action:HttpPost,Method:GetQueueList,User:multiplyadmin,UnitID:2
2022-08-25 15:41:45.0466|INFO|PIVF.Web.Api.QueueMgt.QueueMgtController|Controller Name:QueueMgt,Action:HttpPost,Method:GetQueueList,User:multiplyadmin,UnitID:2
2022-08-25 15:41:45.6532|INFO|PIVF.Web.Api.Master.Common.CommonController|1_Controller Name:CommonController,Action:HttpGet,Method:GetDoctorsList,User:multiplyadmin,UnitID:2
2022-08-25 15:41:45.6532|INFO|PIVF.Web.Api.Master.Common.CommonController|1_Controller Name:CommonController,Action:HttpGet,Method:GetDoctorsList,User:multiplyadmin,UnitID:2
2022-08-25 15:41:46.1689|INFO|PIVF.Web.Api.Master.Common.CommonController|1_Controller Name:CommonController,Action:HttpGet,Method:GetSpeclRegTypeList,User:multiplyadmin,UnitID:2
2022-08-25 15:41:46.1689|INFO|PIVF.Web.Api.Master.Common.CommonController|1_Controller Name:CommonController,Action:HttpGet,Method:GetSpeclRegTypeList,User:multiplyadmin,UnitID:2
2022-08-25 15:41:54.3311|INFO|PIVF.Web.Api.Master.Common.CommonController|Controller Name:Common,Action:GET,Method:GetActiveVisitByPatient,User:multiplyadmin,UnitID:2
2022-08-25 15:41:54.3311|INFO|PIVF.Web.Api.Master.Common.CommonController|Controller Name:Common,Action:GET,Method:GetActiveVisitByPatient,User:multiplyadmin,UnitID:2
2022-08-25 15:42:01.7249|INFO|PIVF.Web.Api.New_ART.NewARTController|Controller Name:NewART,Action:GET,Method:newCyclebtnFlag,User:multiplyadmin,UnitID:2
2022-08-25 15:42:01.7249|INFO|PIVF.Web.Api.New_ART.NewARTController|Controller Name:NewART,Action:GET,Method:newCyclebtnFlag,User:multiplyadmin,UnitID:2
2022-08-25 15:42:02.1886|INFO|PIVF.Web.Api.New_ART.NewARTController|Controller Name:NewART,Action:GET,Method:GetARTCycleList,User:multiplyadmin,UnitID:2
2022-08-25 15:42:02.1886|INFO|PIVF.Web.Api.New_ART.NewARTController|Controller Name:NewART,Action:GET,Method:GetARTCycleList,User:multiplyadmin,UnitID:2
2022-08-25 15:46:22.1020|INFO|PIVF.Web.Api.KPI.KPIController|Controller Name:QueueMgt,Action:HttpPost,Method:GetQueueList,User:multiplyadmin,UnitID:2
2022-08-25 15:46:22.1020|INFO|PIVF.Web.Api.KPI.KPIController|Controller Name:QueueMgt,Action:HttpPost,Method:GetQueueList,User:multiplyadmin,UnitID:2
2022-08-25 15:57:54.1271|INFO|PIVF.Web.Api.Master.Common.CommonController|1_Controller Name:CommonController,Action:HttpGet,Method:GetDepartmentList,User:multiplyadmin,UnitID:2
2022-08-25 15:57:54.1271|INFO|PIVF.Web.Api.Master.Common.CommonController|1_Controller Name:CommonController,Action:HttpGet,Method:GetDepartmentList,User:multiplyadmin,UnitID:2
2022-08-25 15:57:55.1782|INFO|PIVF.Web.Api.Master.Common.CommonController|1_Controller Name:CommonController,Action:HttpGet,Method:GetDoctorsList,User:multiplyadmin,UnitID:2
2022-08-25 15:57:55.1782|INFO|PIVF.Web.Api.Master.Common.CommonController|1_Controller Name:CommonController,Action:HttpGet,Method:GetDoctorsList,User:multiplyadmin,UnitID:2
2022-08-25 15:57:55.2092|INFO|PIVF.Web.Api.Master.Common.CommonController|1_Controller Name:CommonController,Action:HttpGet,Method:GetSpeclRegTypeList,User:multiplyadmin,UnitID:2
2022-08-25 15:57:55.2092|INFO|PIVF.Web.Api.Master.Common.CommonController|1_Controller Name:CommonController,Action:HttpGet,Method:GetSpeclRegTypeList,User:multiplyadmin,UnitID:2
2022-08-25 15:57:55.3965|INFO|PIVF.Web.Api.QueueMgt.QueueMgtController|Controller Name:QueueMgt,Action:HttpPost,Method:GetQueueList,User:multiplyadmin,UnitID:2
2022-08-25 15:57:55.3965|INFO|PIVF.Web.Api.QueueMgt.QueueMgtController|Controller Name:QueueMgt,Action:HttpPost,Method:GetQueueList,User:multiplyadmin,UnitID:2
2022-08-25 15:57:56.0138|INFO|PIVF.Web.Api.Master.Configuration.UserAPIController|Controller Name:UserAPI,Action:HttpGet,Method:GetParentList,User:multiplyadmin,UnitID:2
2022-08-25 15:57:56.0138|INFO|PIVF.Web.Api.Master.Configuration.UserAPIController|Controller Name:UserAPI,Action:HttpGet,Method:GetParentList,User:multiplyadmin,UnitID:2
2022-08-25 15:57:56.1705|INFO|PIVF.Web.Api.Master.Configuration.UserAPIController|Controller Name:UserAPI,Action:HttpGet,Method:GetGrandParentList,User:multiplyadmin,UnitID:2
2022-08-25 15:57:56.1705|INFO|PIVF.Web.Api.Master.Configuration.UserAPIController|Controller Name:UserAPI,Action:HttpGet,Method:GetGrandParentList,User:multiplyadmin,UnitID:2
2022-08-25 15:57:56.6696|INFO|PIVF.Web.Api.Master.Configuration.UserAPIController|Controller Name:UserAPI,Action:HttpGet,Method:GetUserRoleRights,User:multiplyadmin,UnitID:2
2022-08-25 15:57:56.6696|INFO|PIVF.Web.Api.Master.Configuration.UserAPIController|Controller Name:UserAPI,Action:HttpGet,Method:GetUserRoleRights,User:multiplyadmin,UnitID:2
2022-08-25 15:57:57.1964|INFO|PIVF.Web.Api.Master.Configuration.UserAPIController|Controller Name:UserAPI,Action:HttpGet,Method:GetParentList,User:multiplyadmin,UnitID:2
2022-08-25 15:57:57.1964|INFO|PIVF.Web.Api.Master.Configuration.UserAPIController|Controller Name:UserAPI,Action:HttpGet,Method:GetParentList,User:multiplyadmin,UnitID:2
2022-08-25 15:58:54.5704|INFO|PIVF.Web.Api.Master.Common.CommonController|Controller Name:Common,Action:GET,Method:GetActiveVisitByPatient,User:multiplyadmin,UnitID:2
2022-08-25 15:58:54.5704|INFO|PIVF.Web.Api.Master.Common.CommonController|Controller Name:Common,Action:GET,Method:GetActiveVisitByPatient,User:multiplyadmin,UnitID:2
2022-08-25 15:58:55.2880|INFO|PIVF.Web.Api.New_ART.NewARTController|Controller Name:NewART,Action:GET,Method:newCyclebtnFlag,User:multiplyadmin,UnitID:2
2022-08-25 15:58:55.2880|INFO|PIVF.Web.Api.New_ART.NewARTController|Controller Name:NewART,Action:GET,Method:newCyclebtnFlag,User:multiplyadmin,UnitID:2
2022-08-25 15:58:55.4313|ERROR|PIVF.Web.Api.New_ART.NewARTController|NewART/newCyclebtnFlag,MessageObject reference not set to an instance of an object.,StackTrace:   at PIVF.Web.Api.New_ART.NewARTController.newCyclebtnFlag() in D:\Gauri\GIT\Multiply_IVF_AUG\multiply_ivf\src\Ganesha\PIVF.Web\Api\NewART\NewARTController.cs:line 157
2022-08-25 15:58:55.7479|INFO|PIVF.Web.Api.New_ART.NewARTController|Controller Name:NewART,Action:GET,Method:GetARTCycleList,User:multiplyadmin,UnitID:2
2022-08-25 15:58:55.7479|INFO|PIVF.Web.Api.New_ART.NewARTController|Controller Name:NewART,Action:GET,Method:GetARTCycleList,User:multiplyadmin,UnitID:2
2022-08-25 15:58:55.7479|ERROR|PIVF.Web.Api.New_ART.NewARTController|NewART/GetARTCycleList,MessageObject reference not set to an instance of an object.,StackTrace:   at PIVF.Web.Api.New_ART.NewARTController.GetARTCycleList() in D:\Gauri\GIT\Multiply_IVF_AUG\multiply_ivf\src\Ganesha\PIVF.Web\Api\NewART\NewARTController.cs:line 125
2022-08-25 15:59:03.7472|INFO|PIVF.Web.Api.Master.Common.CommonController|1_Controller Name:CommonController,Action:HttpGet,Method:GetDepartmentList,User:multiplyadmin,UnitID:2
2022-08-25 15:59:03.7472|INFO|PIVF.Web.Api.Master.Common.CommonController|1_Controller Name:CommonController,Action:HttpGet,Method:GetDepartmentList,User:multiplyadmin,UnitID:2
2022-08-25 15:59:04.3282|INFO|PIVF.Web.Api.QueueMgt.QueueMgtController|Controller Name:QueueMgt,Action:HttpPost,Method:GetQueueList,User:multiplyadmin,UnitID:2
2022-08-25 15:59:04.3282|INFO|PIVF.Web.Api.QueueMgt.QueueMgtController|Controller Name:QueueMgt,Action:HttpPost,Method:GetQueueList,User:multiplyadmin,UnitID:2
2022-08-25 15:59:04.5933|INFO|PIVF.Web.Api.Master.Configuration.UserAPIController|Controller Name:UserAPI,Action:HttpGet,Method:GetGrandParentList,User:multiplyadmin,UnitID:2
2022-08-25 15:59:04.5933|INFO|PIVF.Web.Api.Master.Configuration.UserAPIController|Controller Name:UserAPI,Action:HttpGet,Method:GetGrandParentList,User:multiplyadmin,UnitID:2
2022-08-25 15:59:04.7613|INFO|PIVF.Web.Api.Master.Common.CommonController|1_Controller Name:CommonController,Action:HttpGet,Method:GetSpeclRegTypeList,User:multiplyadmin,UnitID:2
2022-08-25 15:59:04.7613|INFO|PIVF.Web.Api.Master.Common.CommonController|1_Controller Name:CommonController,Action:HttpGet,Method:GetSpeclRegTypeList,User:multiplyadmin,UnitID:2
2022-08-25 15:59:05.1043|INFO|PIVF.Web.Api.Master.Configuration.UserAPIController|Controller Name:UserAPI,Action:HttpGet,Method:GetUserRoleRights,User:multiplyadmin,UnitID:2
2022-08-25 15:59:05.1043|INFO|PIVF.Web.Api.Master.Configuration.UserAPIController|Controller Name:UserAPI,Action:HttpGet,Method:GetUserRoleRights,User:multiplyadmin,UnitID:2
2022-08-25 15:59:05.2764|INFO|PIVF.Web.Api.Master.Common.CommonController|1_Controller Name:CommonController,Action:HttpGet,Method:GetDoctorsList,User:multiplyadmin,UnitID:2
2022-08-25 15:59:05.2764|INFO|PIVF.Web.Api.Master.Common.CommonController|1_Controller Name:CommonController,Action:HttpGet,Method:GetDoctorsList,User:multiplyadmin,UnitID:2
2022-08-25 15:59:05.7872|INFO|PIVF.Web.Api.Master.Configuration.UserAPIController|Controller Name:UserAPI,Action:HttpGet,Method:GetParentList,User:multiplyadmin,UnitID:2
2022-08-25 15:59:05.7872|INFO|PIVF.Web.Api.Master.Configuration.UserAPIController|Controller Name:UserAPI,Action:HttpGet,Method:GetParentList,User:multiplyadmin,UnitID:2
2022-08-25 15:59:05.8833|INFO|PIVF.Web.Api.Master.Configuration.UserAPIController|Controller Name:UserAPI,Action:HttpGet,Method:GetParentList,User:multiplyadmin,UnitID:2
2022-08-25 15:59:05.8833|INFO|PIVF.Web.Api.Master.Configuration.UserAPIController|Controller Name:UserAPI,Action:HttpGet,Method:GetParentList,User:multiplyadmin,UnitID:2
2022-08-25 15:59:09.9473|INFO|PIVF.Web.Api.Master.Common.CommonController|Controller Name:Common,Action:GET,Method:GetActiveVisitByPatient,User:multiplyadmin,UnitID:2
2022-08-25 15:59:09.9473|INFO|PIVF.Web.Api.Master.Common.CommonController|Controller Name:Common,Action:GET,Method:GetActiveVisitByPatient,User:multiplyadmin,UnitID:2
2022-08-25 15:59:09.9783|INFO|PIVF.Web.Api.Master.Common.CommonController|Controller Name:Common,Action:GET,Method:GetActiveVisitByPatient,User:multiplyadmin,UnitID:2
2022-08-25 15:59:09.9783|INFO|PIVF.Web.Api.Master.Common.CommonController|Controller Name:Common,Action:GET,Method:GetActiveVisitByPatient,User:multiplyadmin,UnitID:2
2022-08-25 15:59:23.4183|INFO|PIVF.Web.Api.Master.Configuration.UserAPIController|Controller Name:UserAPI,Action:HttpGet,Method:GetParentList,User:multiplyadmin,UnitID:2
2022-08-25 15:59:23.4183|INFO|PIVF.Web.Api.Master.Configuration.UserAPIController|Controller Name:UserAPI,Action:HttpGet,Method:GetParentList,User:multiplyadmin,UnitID:2
2022-08-25 15:59:23.5880|INFO|PIVF.Web.Api.Master.Configuration.UserAPIController|Controller Name:UserAPI,Action:HttpGet,Method:GetParentList,User:multiplyadmin,UnitID:2
2022-08-25 15:59:23.5880|INFO|PIVF.Web.Api.Master.Configuration.UserAPIController|Controller Name:UserAPI,Action:HttpGet,Method:GetParentList,User:multiplyadmin,UnitID:2
2022-08-25 15:59:23.7449|INFO|PIVF.Web.Api.Master.Configuration.UserAPIController|Controller Name:UserAPI,Action:HttpGet,Method:GetGrandParentList,User:multiplyadmin,UnitID:2
2022-08-25 15:59:23.7449|INFO|PIVF.Web.Api.Master.Configuration.UserAPIController|Controller Name:UserAPI,Action:HttpGet,Method:GetGrandParentList,User:multiplyadmin,UnitID:2
2022-08-25 15:59:23.8618|INFO|PIVF.Web.Api.Master.Common.CommonController|1_Controller Name:CommonController,Action:HttpGet,Method:GetDepartmentList,User:multiplyadmin,UnitID:2
2022-08-25 15:59:23.8618|INFO|PIVF.Web.Api.Master.Common.CommonController|1_Controller Name:CommonController,Action:HttpGet,Method:GetDepartmentList,User:multiplyadmin,UnitID:2
2022-08-25 15:59:24.7675|INFO|PIVF.Web.Api.Master.Configuration.UserAPIController|Controller Name:UserAPI,Action:HttpGet,Method:GetUserRoleRights,User:multiplyadmin,UnitID:2
2022-08-25 15:59:24.7675|INFO|PIVF.Web.Api.Master.Configuration.UserAPIController|Controller Name:UserAPI,Action:HttpGet,Method:GetUserRoleRights,User:multiplyadmin,UnitID:2
2022-08-25 15:59:24.8794|INFO|PIVF.Web.Api.Master.Common.CommonController|1_Controller Name:CommonController,Action:HttpGet,Method:GetDoctorsList,User:multiplyadmin,UnitID:2
2022-08-25 15:59:24.8794|INFO|PIVF.Web.Api.Master.Common.CommonController|1_Controller Name:CommonController,Action:HttpGet,Method:GetDoctorsList,User:multiplyadmin,UnitID:2
2022-08-25 15:59:25.3974|INFO|PIVF.Web.Api.QueueMgt.QueueMgtController|Controller Name:QueueMgt,Action:HttpPost,Method:GetQueueList,User:multiplyadmin,UnitID:2
2022-08-25 15:59:25.3974|INFO|PIVF.Web.Api.QueueMgt.QueueMgtController|Controller Name:QueueMgt,Action:HttpPost,Method:GetQueueList,User:multiplyadmin,UnitID:2
2022-08-25 15:59:25.9054|INFO|PIVF.Web.Api.Master.Common.CommonController|1_Controller Name:CommonController,Action:HttpGet,Method:GetSpeclRegTypeList,User:multiplyadmin,UnitID:2
2022-08-25 15:59:25.9054|INFO|PIVF.Web.Api.Master.Common.CommonController|1_Controller Name:CommonController,Action:HttpGet,Method:GetSpeclRegTypeList,User:multiplyadmin,UnitID:2
2022-08-25 15:59:33.9455|INFO|PIVF.Web.Api.Master.Common.CommonController|Controller Name:Common,Action:GET,Method:GetActiveVisitByPatient,User:multiplyadmin,UnitID:2
2022-08-25 15:59:33.9455|INFO|PIVF.Web.Api.Master.Common.CommonController|Controller Name:Common,Action:GET,Method:GetActiveVisitByPatient,User:multiplyadmin,UnitID:2
2022-08-25 15:59:33.9781|INFO|PIVF.Web.Api.Master.Common.CommonController|Controller Name:Common,Action:GET,Method:GetActiveVisitByPatient,User:multiplyadmin,UnitID:2
2022-08-25 15:59:33.9781|INFO|PIVF.Web.Api.Master.Common.CommonController|Controller Name:Common,Action:GET,Method:GetActiveVisitByPatient,User:multiplyadmin,UnitID:2
2022-08-25 15:59:35.7186|INFO|PIVF.Web.Api.EMR.LandingPage.EMRLandingPageAPIController|Controller Name:EMRLandingPageAPI,Action:GET,Method:GetEMRLandingPageData,User:multiplyadmin,UnitID:2
2022-08-25 15:59:35.7186|INFO|PIVF.Web.Api.EMR.LandingPage.EMRLandingPageAPIController|Controller Name:EMRLandingPageAPI,Action:GET,Method:GetEMRLandingPageData,User:multiplyadmin,UnitID:2
2022-08-25 15:59:37.2107|INFO|PIVF.Web.Api.Master.Common.CommonController|Controller Name:Common,Action:POST,Method:PutSelectedvisitByPatient,User:multiplyadmin,UnitID:2
2022-08-25 15:59:37.2107|INFO|PIVF.Web.Api.Master.Common.CommonController|Controller Name:Common,Action:POST,Method:PutSelectedvisitByPatient,User:multiplyadmin,UnitID:2
2022-08-25 15:59:40.5752|INFO|PIVF.Web.Api.New_ART.NewARTController|Controller Name:NewART,Action:GET,Method:newCyclebtnFlag,User:multiplyadmin,UnitID:2
2022-08-25 15:59:40.5752|INFO|PIVF.Web.Api.New_ART.NewARTController|Controller Name:NewART,Action:GET,Method:newCyclebtnFlag,User:multiplyadmin,UnitID:2
2022-08-25 15:59:41.6066|INFO|PIVF.Web.Api.New_ART.NewARTController|Controller Name:NewART,Action:GET,Method:GetARTCycleList,User:multiplyadmin,UnitID:2
2022-08-25 15:59:41.6066|INFO|PIVF.Web.Api.New_ART.NewARTController|Controller Name:NewART,Action:GET,Method:GetARTCycleList,User:multiplyadmin,UnitID:2
2022-08-25 16:22:32.6482|INFO|PIVF.Web.Api.Master.Configuration.UserAPIController|Controller Name:UserAPI,Action:HttpGet,Method:GetGrandParentList,User:multiplyadmin,UnitID:2
2022-08-25 16:22:32.6482|INFO|PIVF.Web.Api.Master.Configuration.UserAPIController|Controller Name:UserAPI,Action:HttpGet,Method:GetGrandParentList,User:multiplyadmin,UnitID:2
2022-08-25 16:22:33.7885|INFO|PIVF.Web.Api.Master.Configuration.UserAPIController|Controller Name:UserAPI,Action:HttpGet,Method:GetUserRoleRights,User:multiplyadmin,UnitID:2
2022-08-25 16:22:33.7885|INFO|PIVF.Web.Api.Master.Configuration.UserAPIController|Controller Name:UserAPI,Action:HttpGet,Method:GetUserRoleRights,User:multiplyadmin,UnitID:2
2022-08-25 16:22:34.1473|INFO|PIVF.Web.Api.Master.Configuration.UserAPIController|Controller Name:UserAPI,Action:HttpGet,Method:GetParentList,User:multiplyadmin,UnitID:2
2022-08-25 16:22:34.1473|INFO|PIVF.Web.Api.Master.Configuration.UserAPIController|Controller Name:UserAPI,Action:HttpGet,Method:GetParentList,User:multiplyadmin,UnitID:2
2022-08-25 16:22:34.2292|INFO|PIVF.Web.Api.Master.Configuration.UserAPIController|Controller Name:UserAPI,Action:HttpGet,Method:GetParentList,User:multiplyadmin,UnitID:2
2022-08-25 16:22:34.2292|INFO|PIVF.Web.Api.Master.Configuration.UserAPIController|Controller Name:UserAPI,Action:HttpGet,Method:GetParentList,User:multiplyadmin,UnitID:2
2022-08-25 16:22:34.8930|INFO|PIVF.Web.Api.Master.Common.CommonController|1_Controller Name:CommonController,Action:HttpGet,Method:GetDoctorsList,User:multiplyadmin,UnitID:2
2022-08-25 16:22:34.8930|INFO|PIVF.Web.Api.Master.Common.CommonController|1_Controller Name:CommonController,Action:HttpGet,Method:GetDoctorsList,User:multiplyadmin,UnitID:2
2022-08-25 16:22:35.3887|INFO|PIVF.Web.Api.Master.Common.CommonController|1_Controller Name:CommonController,Action:HttpGet,Method:GetDepartmentList,User:multiplyadmin,UnitID:2
2022-08-25 16:22:35.3887|INFO|PIVF.Web.Api.Master.Common.CommonController|1_Controller Name:CommonController,Action:HttpGet,Method:GetDepartmentList,User:multiplyadmin,UnitID:2
2022-08-25 16:22:36.4669|INFO|PIVF.Web.Api.QueueMgt.QueueMgtController|Controller Name:QueueMgt,Action:HttpPost,Method:GetQueueList,User:multiplyadmin,UnitID:2
2022-08-25 16:22:36.4669|INFO|PIVF.Web.Api.QueueMgt.QueueMgtController|Controller Name:QueueMgt,Action:HttpPost,Method:GetQueueList,User:multiplyadmin,UnitID:2
2022-08-25 16:22:36.9624|INFO|PIVF.Web.Api.Master.Common.CommonController|1_Controller Name:CommonController,Action:HttpGet,Method:GetSpeclRegTypeList,User:multiplyadmin,UnitID:2
2022-08-25 16:22:36.9624|INFO|PIVF.Web.Api.Master.Common.CommonController|1_Controller Name:CommonController,Action:HttpGet,Method:GetSpeclRegTypeList,User:multiplyadmin,UnitID:2
2022-08-25 16:35:13.0772|INFO|PIVF.Web.Api.EMR.MaleHistory.SemenFreezController|Controller Name:SemenFreez,Action:GET,Method:GetMaxID,User:multiplyadmin,UnitID:2
2022-08-25 16:35:13.0772|INFO|PIVF.Web.Api.EMR.MaleHistory.SemenFreezController|Controller Name:SemenFreez,Action:GET,Method:GetMaxID,User:multiplyadmin,UnitID:2
2022-08-25 16:37:33.0988|INFO|PIVF.Web.Api.Master.Common.CommonController|Controller Name:Common,Action:GET,Method:GetActiveVisitByPatient,User:multiplyadmin,UnitID:2
2022-08-25 16:37:33.0988|INFO|PIVF.Web.Api.Master.Common.CommonController|Controller Name:Common,Action:GET,Method:GetActiveVisitByPatient,User:multiplyadmin,UnitID:2
2022-08-25 16:37:33.1767|INFO|PIVF.Web.Api.Master.Common.CommonController|Controller Name:Common,Action:GET,Method:GetActiveVisitByPatient,User:multiplyadmin,UnitID:2
2022-08-25 16:37:33.1767|INFO|PIVF.Web.Api.Master.Common.CommonController|Controller Name:Common,Action:GET,Method:GetActiveVisitByPatient,User:multiplyadmin,UnitID:2
2022-08-25 16:37:34.5825|INFO|PIVF.Web.Api.EMR.LandingPage.EMRLandingPageAPIController|Controller Name:EMRLandingPageAPI,Action:GET,Method:GetEMRLandingPageData,User:multiplyadmin,UnitID:2
2022-08-25 16:37:34.5825|INFO|PIVF.Web.Api.EMR.LandingPage.EMRLandingPageAPIController|Controller Name:EMRLandingPageAPI,Action:GET,Method:GetEMRLandingPageData,User:multiplyadmin,UnitID:2
2022-08-25 16:37:39.1800|INFO|PIVF.Web.Api.Master.Common.CommonController|Controller Name:Common,Action:POST,Method:PutSelectedvisitByPatient,User:multiplyadmin,UnitID:2
2022-08-25 16:37:39.1800|INFO|PIVF.Web.Api.Master.Common.CommonController|Controller Name:Common,Action:POST,Method:PutSelectedvisitByPatient,User:multiplyadmin,UnitID:2
2022-08-25 16:37:41.9712|INFO|PIVF.Web.Api.Master.Common.CommonController|Controller Name:Common,Action:GET,Method:GetActiveVisitByPatient,User:multiplyadmin,UnitID:2
2022-08-25 16:37:41.9712|INFO|PIVF.Web.Api.Master.Common.CommonController|Controller Name:Common,Action:GET,Method:GetActiveVisitByPatient,User:multiplyadmin,UnitID:2
2022-08-25 16:37:48.9947|INFO|PIVF.Web.Api.EMR.FemaleHistoryController|Controller Name: FemaleHistory,Action: GET,Method: LoadSpecificFemaleHistory,User: multiplyadmin,UnitID:2
2022-08-25 16:37:48.9947|INFO|PIVF.Web.Api.EMR.FemaleHistoryController|Controller Name: FemaleHistory,Action: GET,Method: LoadSpecificFemaleHistory,User: multiplyadmin,UnitID:2
2022-08-25 16:39:40.7269|INFO|PIVF.Web.Api.Master.Common.CommonController|Controller Name:Common,Action:GET,Method:GetActiveVisitByPatient,User:multiplyadmin,UnitID:2
2022-08-25 16:39:40.7269|INFO|PIVF.Web.Api.Master.Common.CommonController|Controller Name:Common,Action:GET,Method:GetActiveVisitByPatient,User:multiplyadmin,UnitID:2
2022-08-25 16:39:47.5060|INFO|PIVF.Web.Api.EMR.MaleHistory.MaleHistoryController|Controller Name: MaleHistory,Action: GET,Method: SetAllControls,User: multiplyadmin,UnitID:2
2022-08-25 16:39:47.5060|INFO|PIVF.Web.Api.EMR.MaleHistory.MaleHistoryController|Controller Name: MaleHistory,Action: GET,Method: SetAllControls,User: multiplyadmin,UnitID:2
2022-08-25 16:40:27.1831|INFO|PIVF.Web.Api.NewRegistration.NewRegistrationAPIController|Controller Name:NewRegistrationAPI,Action:GET,Method:getPatientList,User:multiplyadmin,UnitID:2
2022-08-25 16:40:27.1831|INFO|PIVF.Web.Api.NewRegistration.NewRegistrationAPIController|Controller Name:NewRegistrationAPI,Action:GET,Method:getPatientList,User:multiplyadmin,UnitID:2
2022-08-25 16:41:48.6751|INFO|PIVF.Web.Api.NewRegistration.NewRegistrationAPIController|Controller Name:NewRegistrationAPI,Action:GET,Method:getPatientList,User:multiplyadmin,UnitID:2
2022-08-25 16:41:48.6751|INFO|PIVF.Web.Api.NewRegistration.NewRegistrationAPIController|Controller Name:NewRegistrationAPI,Action:GET,Method:getPatientList,User:multiplyadmin,UnitID:2
2022-08-25 16:41:59.4463|INFO|PIVF.Web.Api.NewRegistration.NewRegistrationAPIController|Controller Name:NewRegistrationAPI,Action:GET,Method:getPatientList,User:multiplyadmin,UnitID:2
2022-08-25 16:41:59.4463|INFO|PIVF.Web.Api.NewRegistration.NewRegistrationAPIController|Controller Name:NewRegistrationAPI,Action:GET,Method:getPatientList,User:multiplyadmin,UnitID:2
2022-08-25 16:44:28.0689|INFO|PIVF.Web.Api.NewRegistration.NewRegistrationAPIController|Controller Name:NewRegistrationAPI,Action:GET,Method:getPatientList,User:multiplyadmin,UnitID:2
2022-08-25 16:44:28.0689|INFO|PIVF.Web.Api.NewRegistration.NewRegistrationAPIController|Controller Name:NewRegistrationAPI,Action:GET,Method:getPatientList,User:multiplyadmin,UnitID:2
2022-08-25 16:44:47.1100|INFO|PIVF.Web.Api.NewRegistration.NewRegistrationAPIController|Controller Name:NewRegistrationAPI,Action:GET,Method:getPatientList,User:multiplyadmin,UnitID:2
2022-08-25 16:44:47.1100|INFO|PIVF.Web.Api.NewRegistration.NewRegistrationAPIController|Controller Name:NewRegistrationAPI,Action:GET,Method:getPatientList,User:multiplyadmin,UnitID:2
2022-08-25 16:44:49.4757|INFO|PIVF.Web.Api.NewRegistration.NewRegistrationAPIController|Controller Name:NewRegistrationAPI,Action:GET,Method:getPatientList,User:multiplyadmin,UnitID:2
2022-08-25 16:44:49.4757|INFO|PIVF.Web.Api.NewRegistration.NewRegistrationAPIController|Controller Name:NewRegistrationAPI,Action:GET,Method:getPatientList,User:multiplyadmin,UnitID:2
2022-08-25 16:44:54.0552|INFO|PIVF.Web.Api.NewRegistration.NewRegistrationAPIController|Controller Name:NewRegistrationAPI,Action:GET,Method:getPatientList,User:multiplyadmin,UnitID:2
2022-08-25 16:44:54.0552|INFO|PIVF.Web.Api.NewRegistration.NewRegistrationAPIController|Controller Name:NewRegistrationAPI,Action:GET,Method:getPatientList,User:multiplyadmin,UnitID:2
2022-08-25 16:49:00.9314|INFO|PIVF.Web.Api.NewRegistration.NewRegistrationAPIController|Controller Name:NewRegistrationAPI,Action:GET,Method:getPatientList,User:multiplyadmin,UnitID:2
2022-08-25 16:49:00.9314|INFO|PIVF.Web.Api.NewRegistration.NewRegistrationAPIController|Controller Name:NewRegistrationAPI,Action:GET,Method:getPatientList,User:multiplyadmin,UnitID:2
2022-08-25 16:52:27.6174|INFO|PIVF.Web.Api.NewRegistration.NewRegistrationAPIController|Controller Name:NewRegistrationAPI,Action:POST,Method:getPatientByID,User:multiplyadmin,UnitID:2
2022-08-25 16:52:27.6174|INFO|PIVF.Web.Api.NewRegistration.NewRegistrationAPIController|Controller Name:NewRegistrationAPI,Action:POST,Method:getPatientByID,User:multiplyadmin,UnitID:2
2022-08-25 16:52:29.4748|INFO|PIVF.Web.Api.Master.Common.CommonController|1_Controller Name:CommonController,Action:HttpGet,Method:GetDoctorsList,User:multiplyadmin,UnitID:2
2022-08-25 16:52:29.4748|INFO|PIVF.Web.Api.Master.Common.CommonController|1_Controller Name:CommonController,Action:HttpGet,Method:GetDoctorsList,User:multiplyadmin,UnitID:2
2022-08-25 16:52:29.5035|INFO|PIVF.Web.Api.NewRegistration.NewRegistrationAPIController|Controller Name:NewRegistrationAPI,Action:GET,Method:GetBankInformation,User:multiplyadmin,UnitID:2
2022-08-25 16:52:29.5035|INFO|PIVF.Web.Api.NewRegistration.NewRegistrationAPIController|Controller Name:NewRegistrationAPI,Action:GET,Method:GetBankInformation,User:multiplyadmin,UnitID:2
2022-08-25 16:52:29.5681|INFO|PIVF.Web.Api.Patient.PatientVisitController|Controller Name:PatientVisit,Action:GET,Method:GetSponsers,User:multiplyadmin,UnitID:2
2022-08-25 16:52:29.5681|INFO|PIVF.Web.Api.Patient.PatientVisitController|Controller Name:PatientVisit,Action:GET,Method:GetSponsers,User:multiplyadmin,UnitID:2
2022-08-25 16:52:36.6107|INFO|PIVF.Web.Api.NewRegistration.NewRegistrationAPIController|Controller Name:NewRegistrationAPI,Action:GET,Method:getPatientList,User:multiplyadmin,UnitID:2
2022-08-25 16:52:36.6107|INFO|PIVF.Web.Api.NewRegistration.NewRegistrationAPIController|Controller Name:NewRegistrationAPI,Action:GET,Method:getPatientList,User:multiplyadmin,UnitID:2
2022-08-25 17:06:03.9213|INFO|PIVF.Web.Api.Master.Configuration.UserAPIController|Controller Name:UserAPI,Action:HttpGet,Method:GetUserRoleRights,User:multiplyadmin,UnitID:2
2022-08-25 17:06:03.9213|INFO|PIVF.Web.Api.Master.Configuration.UserAPIController|Controller Name:UserAPI,Action:HttpGet,Method:GetUserRoleRights,User:multiplyadmin,UnitID:2
2022-08-25 17:06:04.5955|INFO|PIVF.Web.Api.QueueMgt.QueueMgtController|Controller Name:QueueMgt,Action:HttpPost,Method:GetQueueList,User:multiplyadmin,UnitID:2
2022-08-25 17:06:04.5955|INFO|PIVF.Web.Api.QueueMgt.QueueMgtController|Controller Name:QueueMgt,Action:HttpPost,Method:GetQueueList,User:multiplyadmin,UnitID:2
2022-08-25 17:06:05.4735|INFO|PIVF.Web.Api.Master.Configuration.UserAPIController|Controller Name:UserAPI,Action:HttpGet,Method:GetGrandParentList,User:multiplyadmin,UnitID:2
2022-08-25 17:06:05.4735|INFO|PIVF.Web.Api.Master.Configuration.UserAPIController|Controller Name:UserAPI,Action:HttpGet,Method:GetGrandParentList,User:multiplyadmin,UnitID:2
2022-08-25 17:06:05.6394|INFO|PIVF.Web.Api.Master.Common.CommonController|1_Controller Name:CommonController,Action:HttpGet,Method:GetDepartmentList,User:multiplyadmin,UnitID:2
2022-08-25 17:06:05.6394|INFO|PIVF.Web.Api.Master.Common.CommonController|1_Controller Name:CommonController,Action:HttpGet,Method:GetDepartmentList,User:multiplyadmin,UnitID:2
2022-08-25 17:06:06.6526|INFO|PIVF.Web.Api.Master.Common.CommonController|1_Controller Name:CommonController,Action:HttpGet,Method:GetSpeclRegTypeList,User:multiplyadmin,UnitID:2
2022-08-25 17:06:06.6526|INFO|PIVF.Web.Api.Master.Common.CommonController|1_Controller Name:CommonController,Action:HttpGet,Method:GetSpeclRegTypeList,User:multiplyadmin,UnitID:2
2022-08-25 17:06:06.7245|INFO|PIVF.Web.Api.Master.Configuration.UserAPIController|Controller Name:UserAPI,Action:HttpGet,Method:GetParentList,User:multiplyadmin,UnitID:2
2022-08-25 17:06:06.7245|INFO|PIVF.Web.Api.Master.Configuration.UserAPIController|Controller Name:UserAPI,Action:HttpGet,Method:GetParentList,User:multiplyadmin,UnitID:2
2022-08-25 17:06:06.8055|INFO|PIVF.Web.Api.Master.Configuration.UserAPIController|Controller Name:UserAPI,Action:HttpGet,Method:GetParentList,User:multiplyadmin,UnitID:2
2022-08-25 17:06:06.8055|INFO|PIVF.Web.Api.Master.Configuration.UserAPIController|Controller Name:UserAPI,Action:HttpGet,Method:GetParentList,User:multiplyadmin,UnitID:2
2022-08-25 17:06:07.1563|INFO|PIVF.Web.Api.Master.Common.CommonController|1_Controller Name:CommonController,Action:HttpGet,Method:GetDoctorsList,User:multiplyadmin,UnitID:2
2022-08-25 17:06:07.1563|INFO|PIVF.Web.Api.Master.Common.CommonController|1_Controller Name:CommonController,Action:HttpGet,Method:GetDoctorsList,User:multiplyadmin,UnitID:2
2022-08-25 17:06:10.4146|INFO|PIVF.Web.Api.EMR.MaleHistory.SemenFreezController|Controller Name:SemenFreez,Action:GET,Method:GetMaxID,User:multiplyadmin,UnitID:2
2022-08-25 17:06:10.4146|INFO|PIVF.Web.Api.EMR.MaleHistory.SemenFreezController|Controller Name:SemenFreez,Action:GET,Method:GetMaxID,User:multiplyadmin,UnitID:2
2022-08-25 17:31:33.7147|INFO|PIVF.Web.Api.NewRegistration.NewRegistrationAPIController|Controller Name:NewRegistrationAPI,Action:GET,Method:getPatientList,User:multiplyadmin,UnitID:2
2022-08-25 17:31:33.7147|INFO|PIVF.Web.Api.NewRegistration.NewRegistrationAPIController|Controller Name:NewRegistrationAPI,Action:GET,Method:getPatientList,User:multiplyadmin,UnitID:2
2022-08-25 17:32:01.0417|INFO|PIVF.Web.Api.NewRegistration.NewRegistrationAPIController|Controller Name:NewRegistrationAPI,Action:GET,Method:getPatientList,User:multiplyadmin,UnitID:2
2022-08-25 17:32:01.0417|INFO|PIVF.Web.Api.NewRegistration.NewRegistrationAPIController|Controller Name:NewRegistrationAPI,Action:GET,Method:getPatientList,User:multiplyadmin,UnitID:2
