2025-03-11 09:30:34.3203|INFO|PIVF.Web.Api.Master.Configuration.UserAPIController|Controller Name:UserAPI,Action:HttpGet,Method:GetUserRoleRights,User:akshaya.p,UnitID:2
2025-03-11 09:30:34.3203|INFO|PIVF.Web.Api.Master.Configuration.UserAPIController|Controller Name:UserAPI,Action:HttpGet,Method:GetUserRoleRights,User:akshaya.p,UnitID:2
2025-03-11 09:30:34.9499|INFO|PIVF.Web.Api.PatientDashboard.PatientDashboardAPIController|Controller Name:PatientDashboardAPI,Action:GET,Method:GetVisitTypeList,User:akshaya.p,UnitID:2
2025-03-11 09:30:34.9499|INFO|PIVF.Web.Api.PatientDashboard.PatientDashboardAPIController|Controller Name:PatientDashboardAPI,Action:GET,Method:GetVisitTypeList,User:akshaya.p,UnitID:2
2025-03-11 09:30:34.9728|INFO|PIVF.Web.Api.FertivueDashboard.FertivueDashboardController|Controller Name:FertivueDashboard,Action:GET,Method:GetRegistrationDashboardByAgeGroupCount,User:akshaya.p,UnitID:2
2025-03-11 09:30:34.9728|INFO|PIVF.Web.Api.FertivueDashboard.FertivueDashboardController|Controller Name:FertivueDashboard,Action:GET,Method:GetRegistrationDashboardByAgeGroupCount,User:akshaya.p,UnitID:2
2025-03-11 09:30:34.9837|INFO|PIVF.Web.Api.PatientDashboard.PatientDashboardAPIController|Controller Name:PatientDashboardAPI,Action:GET,Method:GetVisitTypeList,User:akshaya.p,UnitID:2
2025-03-11 09:30:34.9837|INFO|PIVF.Web.Api.PatientDashboard.PatientDashboardAPIController|Controller Name:PatientDashboardAPI,Action:GET,Method:GetVisitTypeList,User:akshaya.p,UnitID:2
2025-03-11 09:30:35.0012|INFO|PIVF.Web.Api.FertivueDashboard.FertivueDashboardController|Controller Name:FertivueDashboard,Action:GET,Method:GetAppointmentDashboardCount,User:akshaya.p,UnitID:2
2025-03-11 09:30:35.0012|INFO|PIVF.Web.Api.FertivueDashboard.FertivueDashboardController|Controller Name:FertivueDashboard,Action:GET,Method:GetAppointmentDashboardCount,User:akshaya.p,UnitID:2
2025-03-11 09:30:35.0096|INFO|PIVF.Web.Api.FertivueDashboard.FertivueDashboardController|Controller Name:FertivueDashboard,Action:GET,Method:GetInvestigationDashboardCount,User:akshaya.p,UnitID:2
2025-03-11 09:30:35.0096|INFO|PIVF.Web.Api.FertivueDashboard.FertivueDashboardController|Controller Name:FertivueDashboard,Action:GET,Method:GetInvestigationDashboardCount,User:akshaya.p,UnitID:2
2025-03-11 09:30:35.0239|INFO|PIVF.Web.Api.FertivueDashboard.FertivueDashboardController|Controller Name:FertivueDashboard,Action:GET,Method:GetBillingDashboardCount,User:akshaya.p,UnitID:2
2025-03-11 09:30:35.0239|INFO|PIVF.Web.Api.FertivueDashboard.FertivueDashboardController|Controller Name:FertivueDashboard,Action:GET,Method:GetBillingDashboardCount,User:akshaya.p,UnitID:2
2025-03-11 09:30:35.0441|INFO|PIVF.Web.Api.FertivueDashboard.FertivueDashboardController|Controller Name:FertivueDashboard,Action:GET,Method:GetTotalRevenueDashboardServiceTypeCount,User:akshaya.p,UnitID:2
2025-03-11 09:30:35.0441|INFO|PIVF.Web.Api.FertivueDashboard.FertivueDashboardController|Controller Name:FertivueDashboard,Action:GET,Method:GetTotalRevenueDashboardServiceTypeCount,User:akshaya.p,UnitID:2
2025-03-11 09:30:35.0688|INFO|PIVF.Web.Api.FertivueDashboard.FertivueDashboardController|Controller Name:FertivueDashboard,Action:GET,Method:GetAdminDashboardPercentageCounts,User:akshaya.p,UnitID:2
2025-03-11 09:30:35.0688|INFO|PIVF.Web.Api.FertivueDashboard.FertivueDashboardController|Controller Name:FertivueDashboard,Action:GET,Method:GetAdminDashboardPercentageCounts,User:akshaya.p,UnitID:2
2025-03-11 09:30:37.7068|INFO|PIVF.Web.Api.Master.Configuration.UserAPIController|Controller Name:UserAPI,Action:HttpGet,Method:GetParentList,User:akshaya.p,UnitID:2
2025-03-11 09:30:37.7068|INFO|PIVF.Web.Api.Master.Configuration.UserAPIController|Controller Name:UserAPI,Action:HttpGet,Method:GetParentList,User:akshaya.p,UnitID:2
2025-03-11 09:30:37.7156|INFO|PIVF.Web.Api.Master.Configuration.UserAPIController|Controller Name:UserAPI,Action:HttpGet,Method:GetParentList,User:akshaya.p,UnitID:2
2025-03-11 09:30:37.7156|INFO|PIVF.Web.Api.Master.Configuration.UserAPIController|Controller Name:UserAPI,Action:HttpGet,Method:GetParentList,User:akshaya.p,UnitID:2
2025-03-11 09:30:37.8195|INFO|PIVF.Web.Api.Master.Configuration.UserAPIController|Controller Name:UserAPI,Action:HttpGet,Method:GetGrandParentList,User:akshaya.p,UnitID:2
2025-03-11 09:30:37.8195|INFO|PIVF.Web.Api.Master.Configuration.UserAPIController|Controller Name:UserAPI,Action:HttpGet,Method:GetGrandParentList,User:akshaya.p,UnitID:2
2025-03-11 09:31:00.1874|INFO|PIVF.Web.Api.Master.Common.CommonController|Controller Name:Common,Action:GET,Method:GetActiveVisitByPatient,User:akshaya.p,UnitID:2
2025-03-11 09:31:00.1874|INFO|PIVF.Web.Api.Master.Common.CommonController|Controller Name:Common,Action:GET,Method:GetActiveVisitByPatient,User:akshaya.p,UnitID:2
2025-03-11 09:31:00.7790|INFO|PIVF.Web.Api.Master.Common.CommonController|Controller Name:Common,Action:GET,Method:GetActiveVisitByPatient,User:akshaya.p,UnitID:2
2025-03-11 09:31:00.7790|INFO|PIVF.Web.Api.Master.Common.CommonController|Controller Name:Common,Action:GET,Method:GetActiveVisitByPatient,User:akshaya.p,UnitID:2
2025-03-11 09:31:02.4250|INFO|PIVF.Web.Api.Billing.BillingAPIController|Controller Name:BillingAPI,Action:GET,Method:GetCaseSummaryHistory,User:akshaya.p,UnitID:2
2025-03-11 09:31:02.4250|INFO|PIVF.Web.Api.Billing.BillingAPIController|Controller Name:BillingAPI,Action:GET,Method:GetCaseSummaryHistory,User:akshaya.p,UnitID:2
2025-03-11 09:31:02.4346|INFO|PIVF.Web.Api.Billing.BillingAPIController|Controller Name:BillingAPI,Action:GET,Method:GetHistorySummary,User:akshaya.p,UnitID:2
2025-03-11 09:31:02.4346|INFO|PIVF.Web.Api.Billing.BillingAPIController|Controller Name:BillingAPI,Action:GET,Method:GetHistorySummary,User:akshaya.p,UnitID:2
2025-03-11 09:31:02.9242|INFO|PIVF.Web.Api.Billing.BillingAPIController|Controller Name:BillingAPI,Action:GET,Method:GetPatientPrescriptionHistory,User:akshaya.p,UnitID:2
2025-03-11 09:31:02.9242|INFO|PIVF.Web.Api.Billing.BillingAPIController|Controller Name:BillingAPI,Action:GET,Method:GetPatientPrescriptionHistory,User:akshaya.p,UnitID:2
2025-03-11 09:31:03.9379|INFO|PIVF.Web.Api.Billing.BillingAPIController|Controller Name:BillingAPI,Action:GET,Method:GetInvestigationHistory,User:akshaya.p,UnitID:2
2025-03-11 09:31:03.9379|INFO|PIVF.Web.Api.Billing.BillingAPIController|Controller Name:BillingAPI,Action:GET,Method:GetInvestigationHistory,User:akshaya.p,UnitID:2
2025-03-11 09:31:04.4448|INFO|PIVF.Web.Api.EMR.LandingPage.EMRLandingPageAPIController|Controller Name:EMRLandingPageAPI,Action:GET,Method:GetEMRLandingPageData,User:akshaya.p,UnitID:2
2025-03-11 09:31:04.4448|INFO|PIVF.Web.Api.EMR.LandingPage.EMRLandingPageAPIController|Controller Name:EMRLandingPageAPI,Action:GET,Method:GetEMRLandingPageData,User:akshaya.p,UnitID:2
2025-03-11 09:31:04.9437|INFO|PIVF.Web.Api.Billing.BillingAPIController|Controller Name:BillingAPI,Action:GET,Method:GetPatientVisitSummaryModel,User:akshaya.p,UnitID:2
2025-03-11 09:31:04.9437|INFO|PIVF.Web.Api.Billing.BillingAPIController|Controller Name:BillingAPI,Action:GET,Method:GetPatientVisitSummaryModel,User:akshaya.p,UnitID:2
2025-03-11 09:31:05.8940|INFO|PIVF.Web.Api.Master.Common.CommonController|Controller Name:Common,Action:POST,Method:PutSelectedvisitByPatient,User:akshaya.p,UnitID:2
2025-03-11 09:31:05.8940|INFO|PIVF.Web.Api.Master.Common.CommonController|Controller Name:Common,Action:POST,Method:PutSelectedvisitByPatient,User:akshaya.p,UnitID:2
2025-03-11 09:32:50.7731|INFO|PIVF.Web.Api.Master.Configuration.UserAPIController|Controller Name:UserAPI,Action:HttpGet,Method:GetGrandParentList,User:akshaya.p,UnitID:2
2025-03-11 09:32:50.7731|INFO|PIVF.Web.Api.Master.Configuration.UserAPIController|Controller Name:UserAPI,Action:HttpGet,Method:GetGrandParentList,User:akshaya.p,UnitID:2
2025-03-11 09:32:50.9404|INFO|PIVF.Web.Api.PatientDashboard.PatientDashboardAPIController|Controller Name:PatientDashboardAPI,Action:GET,Method:GetVisitTypeList,User:akshaya.p,UnitID:2
2025-03-11 09:32:50.9404|INFO|PIVF.Web.Api.PatientDashboard.PatientDashboardAPIController|Controller Name:PatientDashboardAPI,Action:GET,Method:GetVisitTypeList,User:akshaya.p,UnitID:2
2025-03-11 09:32:50.9478|INFO|PIVF.Web.Api.FertivueDashboard.FertivueDashboardController|Controller Name:FertivueDashboard,Action:GET,Method:GetRegistrationDashboardByAgeGroupCount,User:akshaya.p,UnitID:2
2025-03-11 09:32:50.9478|INFO|PIVF.Web.Api.FertivueDashboard.FertivueDashboardController|Controller Name:FertivueDashboard,Action:GET,Method:GetRegistrationDashboardByAgeGroupCount,User:akshaya.p,UnitID:2
2025-03-11 09:32:50.9478|INFO|PIVF.Web.Api.PatientDashboard.PatientDashboardAPIController|Controller Name:PatientDashboardAPI,Action:GET,Method:GetVisitTypeList,User:akshaya.p,UnitID:2
2025-03-11 09:32:50.9478|INFO|PIVF.Web.Api.PatientDashboard.PatientDashboardAPIController|Controller Name:PatientDashboardAPI,Action:GET,Method:GetVisitTypeList,User:akshaya.p,UnitID:2
2025-03-11 09:32:50.9656|INFO|PIVF.Web.Api.FertivueDashboard.FertivueDashboardController|Controller Name:FertivueDashboard,Action:GET,Method:GetAppointmentDashboardCount,User:akshaya.p,UnitID:2
2025-03-11 09:32:50.9656|INFO|PIVF.Web.Api.FertivueDashboard.FertivueDashboardController|Controller Name:FertivueDashboard,Action:GET,Method:GetAppointmentDashboardCount,User:akshaya.p,UnitID:2
2025-03-11 09:32:50.9656|INFO|PIVF.Web.Api.FertivueDashboard.FertivueDashboardController|Controller Name:FertivueDashboard,Action:GET,Method:GetInvestigationDashboardCount,User:akshaya.p,UnitID:2
2025-03-11 09:32:50.9656|INFO|PIVF.Web.Api.FertivueDashboard.FertivueDashboardController|Controller Name:FertivueDashboard,Action:GET,Method:GetInvestigationDashboardCount,User:akshaya.p,UnitID:2
2025-03-11 09:32:50.9788|INFO|PIVF.Web.Api.FertivueDashboard.FertivueDashboardController|Controller Name:FertivueDashboard,Action:GET,Method:GetBillingDashboardCount,User:akshaya.p,UnitID:2
2025-03-11 09:32:50.9788|INFO|PIVF.Web.Api.FertivueDashboard.FertivueDashboardController|Controller Name:FertivueDashboard,Action:GET,Method:GetBillingDashboardCount,User:akshaya.p,UnitID:2
2025-03-11 09:32:50.9967|INFO|PIVF.Web.Api.FertivueDashboard.FertivueDashboardController|Controller Name:FertivueDashboard,Action:GET,Method:GetTotalRevenueDashboardServiceTypeCount,User:akshaya.p,UnitID:2
2025-03-11 09:32:50.9967|INFO|PIVF.Web.Api.FertivueDashboard.FertivueDashboardController|Controller Name:FertivueDashboard,Action:GET,Method:GetTotalRevenueDashboardServiceTypeCount,User:akshaya.p,UnitID:2
2025-03-11 09:32:51.0195|INFO|PIVF.Web.Api.FertivueDashboard.FertivueDashboardController|Controller Name:FertivueDashboard,Action:GET,Method:GetAdminDashboardPercentageCounts,User:akshaya.p,UnitID:2
2025-03-11 09:32:51.0195|INFO|PIVF.Web.Api.FertivueDashboard.FertivueDashboardController|Controller Name:FertivueDashboard,Action:GET,Method:GetAdminDashboardPercentageCounts,User:akshaya.p,UnitID:2
2025-03-11 09:32:51.2795|INFO|PIVF.Web.Api.Master.Configuration.UserAPIController|Controller Name:UserAPI,Action:HttpGet,Method:GetUserRoleRights,User:akshaya.p,UnitID:2
2025-03-11 09:32:51.2795|INFO|PIVF.Web.Api.Master.Configuration.UserAPIController|Controller Name:UserAPI,Action:HttpGet,Method:GetUserRoleRights,User:akshaya.p,UnitID:2
2025-03-11 09:32:55.0525|INFO|PIVF.Web.Api.Master.Configuration.UserAPIController|Controller Name:UserAPI,Action:HttpGet,Method:GetParentList,User:akshaya.p,UnitID:2
2025-03-11 09:32:55.0525|INFO|PIVF.Web.Api.Master.Configuration.UserAPIController|Controller Name:UserAPI,Action:HttpGet,Method:GetParentList,User:akshaya.p,UnitID:2
2025-03-11 09:32:55.0644|INFO|PIVF.Web.Api.Master.Configuration.UserAPIController|Controller Name:UserAPI,Action:HttpGet,Method:GetParentList,User:akshaya.p,UnitID:2
2025-03-11 09:32:55.0644|INFO|PIVF.Web.Api.Master.Configuration.UserAPIController|Controller Name:UserAPI,Action:HttpGet,Method:GetParentList,User:akshaya.p,UnitID:2
2025-03-11 09:33:05.6262|INFO|PIVF.Web.Api.Master.Common.CommonController|Controller Name:Common,Action:GET,Method:GetActiveVisitByPatient,User:akshaya.p,UnitID:2
2025-03-11 09:33:05.6262|INFO|PIVF.Web.Api.Master.Common.CommonController|Controller Name:Common,Action:GET,Method:GetActiveVisitByPatient,User:akshaya.p,UnitID:2
2025-03-11 09:33:06.1856|INFO|PIVF.Web.Api.Master.Common.CommonController|Controller Name:Common,Action:GET,Method:GetActiveVisitByPatient,User:akshaya.p,UnitID:2
2025-03-11 09:33:06.1856|INFO|PIVF.Web.Api.Master.Common.CommonController|Controller Name:Common,Action:GET,Method:GetActiveVisitByPatient,User:akshaya.p,UnitID:2
2025-03-11 09:33:06.2949|INFO|PIVF.Web.Api.Billing.BillingAPIController|Controller Name:BillingAPI,Action:GET,Method:GetPatientPrescriptionHistory,User:akshaya.p,UnitID:2
2025-03-11 09:33:06.2949|INFO|PIVF.Web.Api.Billing.BillingAPIController|Controller Name:BillingAPI,Action:GET,Method:GetPatientPrescriptionHistory,User:akshaya.p,UnitID:2
2025-03-11 09:33:06.2949|INFO|PIVF.Web.Api.Billing.BillingAPIController|Controller Name:BillingAPI,Action:GET,Method:GetHistorySummary,User:akshaya.p,UnitID:2
2025-03-11 09:33:06.2949|INFO|PIVF.Web.Api.Billing.BillingAPIController|Controller Name:BillingAPI,Action:GET,Method:GetHistorySummary,User:akshaya.p,UnitID:2
2025-03-11 09:33:06.7647|INFO|PIVF.Web.Api.EMR.LandingPage.EMRLandingPageAPIController|Controller Name:EMRLandingPageAPI,Action:GET,Method:GetEMRLandingPageData,User:akshaya.p,UnitID:2
2025-03-11 09:33:06.7647|INFO|PIVF.Web.Api.EMR.LandingPage.EMRLandingPageAPIController|Controller Name:EMRLandingPageAPI,Action:GET,Method:GetEMRLandingPageData,User:akshaya.p,UnitID:2
2025-03-11 09:33:07.2756|INFO|PIVF.Web.Api.Billing.BillingAPIController|Controller Name:BillingAPI,Action:GET,Method:GetInvestigationHistory,User:akshaya.p,UnitID:2
2025-03-11 09:33:07.2756|INFO|PIVF.Web.Api.Billing.BillingAPIController|Controller Name:BillingAPI,Action:GET,Method:GetInvestigationHistory,User:akshaya.p,UnitID:2
2025-03-11 09:33:07.7823|INFO|PIVF.Web.Api.Billing.BillingAPIController|Controller Name:BillingAPI,Action:GET,Method:GetPatientVisitSummaryModel,User:akshaya.p,UnitID:2
2025-03-11 09:33:07.7823|INFO|PIVF.Web.Api.Billing.BillingAPIController|Controller Name:BillingAPI,Action:GET,Method:GetPatientVisitSummaryModel,User:akshaya.p,UnitID:2
2025-03-11 09:33:08.2901|INFO|PIVF.Web.Api.Billing.BillingAPIController|Controller Name:BillingAPI,Action:GET,Method:GetCaseSummaryHistory,User:akshaya.p,UnitID:2
2025-03-11 09:33:08.2901|INFO|PIVF.Web.Api.Billing.BillingAPIController|Controller Name:BillingAPI,Action:GET,Method:GetCaseSummaryHistory,User:akshaya.p,UnitID:2
2025-03-11 09:33:11.6168|INFO|PIVF.Web.Api.Master.Common.CommonController|Controller Name:Common,Action:POST,Method:PutSelectedvisitByPatient,User:akshaya.p,UnitID:2
2025-03-11 09:33:11.6168|INFO|PIVF.Web.Api.Master.Common.CommonController|Controller Name:Common,Action:POST,Method:PutSelectedvisitByPatient,User:akshaya.p,UnitID:2
2025-03-11 12:34:00.4463|INFO|PIVF.Web.Api.Master.Configuration.UserAPIController|Controller Name:UserAPI,Action:HttpGet,Method:GetGrandParentList,User:akshaya.p,UnitID:2
2025-03-11 12:34:00.4463|INFO|PIVF.Web.Api.Master.Configuration.UserAPIController|Controller Name:UserAPI,Action:HttpGet,Method:GetGrandParentList,User:akshaya.p,UnitID:2
2025-03-11 12:34:00.8715|INFO|PIVF.Web.Api.Master.Configuration.UserAPIController|Controller Name:UserAPI,Action:HttpGet,Method:GetUserRoleRights,User:akshaya.p,UnitID:2
2025-03-11 12:34:00.8715|INFO|PIVF.Web.Api.Master.Configuration.UserAPIController|Controller Name:UserAPI,Action:HttpGet,Method:GetUserRoleRights,User:akshaya.p,UnitID:2
2025-03-11 12:34:01.5434|INFO|PIVF.Web.Api.PatientDashboard.PatientDashboardAPIController|Controller Name:PatientDashboardAPI,Action:GET,Method:GetVisitTypeList,User:akshaya.p,UnitID:2
2025-03-11 12:34:01.5434|INFO|PIVF.Web.Api.PatientDashboard.PatientDashboardAPIController|Controller Name:PatientDashboardAPI,Action:GET,Method:GetVisitTypeList,User:akshaya.p,UnitID:2
2025-03-11 12:34:01.5776|INFO|PIVF.Web.Api.FertivueDashboard.FertivueDashboardController|Controller Name:FertivueDashboard,Action:GET,Method:GetRegistrationDashboardByAgeGroupCount,User:akshaya.p,UnitID:2
2025-03-11 12:34:01.5776|INFO|PIVF.Web.Api.FertivueDashboard.FertivueDashboardController|Controller Name:FertivueDashboard,Action:GET,Method:GetRegistrationDashboardByAgeGroupCount,User:akshaya.p,UnitID:2
2025-03-11 12:34:01.5969|INFO|PIVF.Web.Api.PatientDashboard.PatientDashboardAPIController|Controller Name:PatientDashboardAPI,Action:GET,Method:GetVisitTypeList,User:akshaya.p,UnitID:2
2025-03-11 12:34:01.5969|INFO|PIVF.Web.Api.PatientDashboard.PatientDashboardAPIController|Controller Name:PatientDashboardAPI,Action:GET,Method:GetVisitTypeList,User:akshaya.p,UnitID:2
2025-03-11 12:34:01.6177|INFO|PIVF.Web.Api.FertivueDashboard.FertivueDashboardController|Controller Name:FertivueDashboard,Action:GET,Method:GetAppointmentDashboardCount,User:akshaya.p,UnitID:2
2025-03-11 12:34:01.6177|INFO|PIVF.Web.Api.FertivueDashboard.FertivueDashboardController|Controller Name:FertivueDashboard,Action:GET,Method:GetAppointmentDashboardCount,User:akshaya.p,UnitID:2
2025-03-11 12:34:01.6177|INFO|PIVF.Web.Api.FertivueDashboard.FertivueDashboardController|Controller Name:FertivueDashboard,Action:GET,Method:GetInvestigationDashboardCount,User:akshaya.p,UnitID:2
2025-03-11 12:34:01.6177|INFO|PIVF.Web.Api.FertivueDashboard.FertivueDashboardController|Controller Name:FertivueDashboard,Action:GET,Method:GetInvestigationDashboardCount,User:akshaya.p,UnitID:2
2025-03-11 12:34:01.6488|INFO|PIVF.Web.Api.FertivueDashboard.FertivueDashboardController|Controller Name:FertivueDashboard,Action:GET,Method:GetBillingDashboardCount,User:akshaya.p,UnitID:2
2025-03-11 12:34:01.6488|INFO|PIVF.Web.Api.FertivueDashboard.FertivueDashboardController|Controller Name:FertivueDashboard,Action:GET,Method:GetBillingDashboardCount,User:akshaya.p,UnitID:2
2025-03-11 12:34:01.6692|INFO|PIVF.Web.Api.FertivueDashboard.FertivueDashboardController|Controller Name:FertivueDashboard,Action:GET,Method:GetTotalRevenueDashboardServiceTypeCount,User:akshaya.p,UnitID:2
2025-03-11 12:34:01.6692|INFO|PIVF.Web.Api.FertivueDashboard.FertivueDashboardController|Controller Name:FertivueDashboard,Action:GET,Method:GetTotalRevenueDashboardServiceTypeCount,User:akshaya.p,UnitID:2
2025-03-11 12:34:01.6959|INFO|PIVF.Web.Api.FertivueDashboard.FertivueDashboardController|Controller Name:FertivueDashboard,Action:GET,Method:GetAdminDashboardPercentageCounts,User:akshaya.p,UnitID:2
2025-03-11 12:34:01.6959|INFO|PIVF.Web.Api.FertivueDashboard.FertivueDashboardController|Controller Name:FertivueDashboard,Action:GET,Method:GetAdminDashboardPercentageCounts,User:akshaya.p,UnitID:2
2025-03-11 12:34:04.3964|INFO|PIVF.Web.Api.Master.Configuration.UserAPIController|Controller Name:UserAPI,Action:HttpGet,Method:GetParentList,User:akshaya.p,UnitID:2
2025-03-11 12:34:04.3964|INFO|PIVF.Web.Api.Master.Configuration.UserAPIController|Controller Name:UserAPI,Action:HttpGet,Method:GetParentList,User:akshaya.p,UnitID:2
2025-03-11 12:34:04.4082|INFO|PIVF.Web.Api.Master.Configuration.UserAPIController|Controller Name:UserAPI,Action:HttpGet,Method:GetParentList,User:akshaya.p,UnitID:2
2025-03-11 12:34:04.4082|INFO|PIVF.Web.Api.Master.Configuration.UserAPIController|Controller Name:UserAPI,Action:HttpGet,Method:GetParentList,User:akshaya.p,UnitID:2
2025-03-11 12:34:21.5656|INFO|PIVF.Web.Api.Master.Common.CommonController|Controller Name:Common,Action:GET,Method:GetActiveVisitByPatient,User:akshaya.p,UnitID:2
2025-03-11 12:34:21.5656|INFO|PIVF.Web.Api.Master.Common.CommonController|Controller Name:Common,Action:GET,Method:GetActiveVisitByPatient,User:akshaya.p,UnitID:2
2025-03-11 12:34:21.5814|INFO|PIVF.Web.Api.Master.Common.CommonController|Controller Name:Common,Action:GET,Method:GetActiveVisitByPatient,User:akshaya.p,UnitID:2
2025-03-11 12:34:21.5814|INFO|PIVF.Web.Api.Master.Common.CommonController|Controller Name:Common,Action:GET,Method:GetActiveVisitByPatient,User:akshaya.p,UnitID:2
2025-03-11 12:34:23.2337|INFO|PIVF.Web.Api.Billing.BillingAPIController|Controller Name:BillingAPI,Action:GET,Method:GetHistorySummary,User:akshaya.p,UnitID:2
2025-03-11 12:34:23.2337|INFO|PIVF.Web.Api.Billing.BillingAPIController|Controller Name:BillingAPI,Action:GET,Method:GetHistorySummary,User:akshaya.p,UnitID:2
2025-03-11 12:34:23.6732|INFO|PIVF.Web.Api.Billing.BillingAPIController|Controller Name:BillingAPI,Action:GET,Method:GetInvestigationHistory,User:akshaya.p,UnitID:2
2025-03-11 12:34:23.6732|INFO|PIVF.Web.Api.Billing.BillingAPIController|Controller Name:BillingAPI,Action:GET,Method:GetInvestigationHistory,User:akshaya.p,UnitID:2
2025-03-11 12:34:24.2021|INFO|PIVF.Web.Api.EMR.LandingPage.EMRLandingPageAPIController|Controller Name:EMRLandingPageAPI,Action:GET,Method:GetEMRLandingPageData,User:akshaya.p,UnitID:2
2025-03-11 12:34:24.2021|INFO|PIVF.Web.Api.EMR.LandingPage.EMRLandingPageAPIController|Controller Name:EMRLandingPageAPI,Action:GET,Method:GetEMRLandingPageData,User:akshaya.p,UnitID:2
2025-03-11 12:34:24.6996|INFO|PIVF.Web.Api.Billing.BillingAPIController|Controller Name:BillingAPI,Action:GET,Method:GetPatientVisitSummaryModel,User:akshaya.p,UnitID:2
2025-03-11 12:34:24.6996|INFO|PIVF.Web.Api.Billing.BillingAPIController|Controller Name:BillingAPI,Action:GET,Method:GetPatientVisitSummaryModel,User:akshaya.p,UnitID:2
2025-03-11 12:34:25.7256|INFO|PIVF.Web.Api.Billing.BillingAPIController|Controller Name:BillingAPI,Action:GET,Method:GetPatientPrescriptionHistory,User:akshaya.p,UnitID:2
2025-03-11 12:34:25.7256|INFO|PIVF.Web.Api.Billing.BillingAPIController|Controller Name:BillingAPI,Action:GET,Method:GetPatientPrescriptionHistory,User:akshaya.p,UnitID:2
2025-03-11 12:34:26.2390|INFO|PIVF.Web.Api.Billing.BillingAPIController|Controller Name:BillingAPI,Action:GET,Method:GetCaseSummaryHistory,User:akshaya.p,UnitID:2
2025-03-11 12:34:26.2390|INFO|PIVF.Web.Api.Billing.BillingAPIController|Controller Name:BillingAPI,Action:GET,Method:GetCaseSummaryHistory,User:akshaya.p,UnitID:2
2025-03-11 12:34:31.1631|INFO|PIVF.Web.Api.Master.Common.CommonController|Controller Name:Common,Action:GET,Method:GetActiveVisitByPatient,User:akshaya.p,UnitID:2
2025-03-11 12:34:31.1631|INFO|PIVF.Web.Api.Master.Common.CommonController|Controller Name:Common,Action:GET,Method:GetActiveVisitByPatient,User:akshaya.p,UnitID:2
2025-03-11 12:34:31.7641|INFO|PIVF.Web.Api.Master.Common.CommonController|Controller Name:Common,Action:GET,Method:GetActiveVisitByPatient,User:akshaya.p,UnitID:2
2025-03-11 12:34:31.7641|INFO|PIVF.Web.Api.Master.Common.CommonController|Controller Name:Common,Action:GET,Method:GetActiveVisitByPatient,User:akshaya.p,UnitID:2
2025-03-11 12:34:31.8794|INFO|PIVF.Web.Api.Billing.BillingAPIController|Controller Name:BillingAPI,Action:GET,Method:GetPatientPrescriptionHistory,User:akshaya.p,UnitID:2
2025-03-11 12:34:31.8794|INFO|PIVF.Web.Api.Billing.BillingAPIController|Controller Name:BillingAPI,Action:GET,Method:GetPatientPrescriptionHistory,User:akshaya.p,UnitID:2
2025-03-11 12:34:31.8858|INFO|PIVF.Web.Api.Billing.BillingAPIController|Controller Name:BillingAPI,Action:GET,Method:GetHistorySummary,User:akshaya.p,UnitID:2
2025-03-11 12:34:31.8858|INFO|PIVF.Web.Api.Billing.BillingAPIController|Controller Name:BillingAPI,Action:GET,Method:GetHistorySummary,User:akshaya.p,UnitID:2
2025-03-11 12:34:32.3001|INFO|PIVF.Web.Api.EMR.LandingPage.EMRLandingPageAPIController|Controller Name:EMRLandingPageAPI,Action:GET,Method:GetEMRLandingPageData,User:akshaya.p,UnitID:2
2025-03-11 12:34:32.3001|INFO|PIVF.Web.Api.EMR.LandingPage.EMRLandingPageAPIController|Controller Name:EMRLandingPageAPI,Action:GET,Method:GetEMRLandingPageData,User:akshaya.p,UnitID:2
2025-03-11 12:34:32.8018|INFO|PIVF.Web.Api.Billing.BillingAPIController|Controller Name:BillingAPI,Action:GET,Method:GetInvestigationHistory,User:akshaya.p,UnitID:2
2025-03-11 12:34:32.8018|INFO|PIVF.Web.Api.Billing.BillingAPIController|Controller Name:BillingAPI,Action:GET,Method:GetInvestigationHistory,User:akshaya.p,UnitID:2
2025-03-11 12:34:33.3022|INFO|PIVF.Web.Api.Billing.BillingAPIController|Controller Name:BillingAPI,Action:GET,Method:GetCaseSummaryHistory,User:akshaya.p,UnitID:2
2025-03-11 12:34:33.3022|INFO|PIVF.Web.Api.Billing.BillingAPIController|Controller Name:BillingAPI,Action:GET,Method:GetCaseSummaryHistory,User:akshaya.p,UnitID:2
2025-03-11 12:34:33.8183|INFO|PIVF.Web.Api.Billing.BillingAPIController|Controller Name:BillingAPI,Action:GET,Method:GetPatientVisitSummaryModel,User:akshaya.p,UnitID:2
2025-03-11 12:34:33.8183|INFO|PIVF.Web.Api.Billing.BillingAPIController|Controller Name:BillingAPI,Action:GET,Method:GetPatientVisitSummaryModel,User:akshaya.p,UnitID:2
2025-03-11 12:34:35.0777|INFO|PIVF.Web.Api.Master.Common.CommonController|Controller Name:Common,Action:POST,Method:PutSelectedvisitByPatient,User:akshaya.p,UnitID:2
2025-03-11 12:34:35.0777|INFO|PIVF.Web.Api.Master.Common.CommonController|Controller Name:Common,Action:POST,Method:PutSelectedvisitByPatient,User:akshaya.p,UnitID:2
2025-03-11 12:35:18.2243|INFO|PIVF.Web.Api.Billing.BillingAPIController|Controller Name:BillingAPI,Action:GET,Method:GetPatientPrescriptionHistory,User:akshaya.p,UnitID:2
2025-03-11 12:35:18.2243|INFO|PIVF.Web.Api.Billing.BillingAPIController|Controller Name:BillingAPI,Action:GET,Method:GetPatientPrescriptionHistory,User:akshaya.p,UnitID:2
2025-03-11 12:35:18.2318|INFO|PIVF.Web.Api.Billing.BillingAPIController|Controller Name:BillingAPI,Action:GET,Method:GetInvestigationHistory,User:akshaya.p,UnitID:2
2025-03-11 12:35:18.2318|INFO|PIVF.Web.Api.Billing.BillingAPIController|Controller Name:BillingAPI,Action:GET,Method:GetInvestigationHistory,User:akshaya.p,UnitID:2
2025-03-11 12:35:18.2318|INFO|PIVF.Web.Api.Billing.BillingAPIController|Controller Name:BillingAPI,Action:GET,Method:GetHistorySummary,User:akshaya.p,UnitID:2
2025-03-11 12:35:18.2318|INFO|PIVF.Web.Api.Billing.BillingAPIController|Controller Name:BillingAPI,Action:GET,Method:GetHistorySummary,User:akshaya.p,UnitID:2
2025-03-11 12:35:18.2971|INFO|PIVF.Web.Api.EMR.LandingPage.EMRLandingPageAPIController|Controller Name:EMRLandingPageAPI,Action:GET,Method:GetEMRLandingPageData,User:akshaya.p,UnitID:2
2025-03-11 12:35:18.2971|INFO|PIVF.Web.Api.EMR.LandingPage.EMRLandingPageAPIController|Controller Name:EMRLandingPageAPI,Action:GET,Method:GetEMRLandingPageData,User:akshaya.p,UnitID:2
2025-03-11 12:35:18.3285|INFO|PIVF.Web.Api.Billing.BillingAPIController|Controller Name:BillingAPI,Action:GET,Method:GetPatientPrescriptionHistory,User:akshaya.p,UnitID:2
2025-03-11 12:35:18.3285|INFO|PIVF.Web.Api.Billing.BillingAPIController|Controller Name:BillingAPI,Action:GET,Method:GetPatientPrescriptionHistory,User:akshaya.p,UnitID:2
2025-03-11 12:35:18.3363|INFO|PIVF.Web.Api.Billing.BillingAPIController|Controller Name:BillingAPI,Action:GET,Method:GetInvestigationHistory,User:akshaya.p,UnitID:2
2025-03-11 12:35:18.3363|INFO|PIVF.Web.Api.Billing.BillingAPIController|Controller Name:BillingAPI,Action:GET,Method:GetInvestigationHistory,User:akshaya.p,UnitID:2
2025-03-11 12:35:18.3363|INFO|PIVF.Web.Api.Billing.BillingAPIController|Controller Name:BillingAPI,Action:GET,Method:GetHistorySummary,User:akshaya.p,UnitID:2
2025-03-11 12:35:18.3363|INFO|PIVF.Web.Api.Billing.BillingAPIController|Controller Name:BillingAPI,Action:GET,Method:GetHistorySummary,User:akshaya.p,UnitID:2
2025-03-11 12:35:18.9676|INFO|PIVF.Web.Api.Billing.BillingAPIController|Controller Name:BillingAPI,Action:GET,Method:GetCaseSummaryHistory,User:akshaya.p,UnitID:2
2025-03-11 12:35:18.9676|INFO|PIVF.Web.Api.Billing.BillingAPIController|Controller Name:BillingAPI,Action:GET,Method:GetCaseSummaryHistory,User:akshaya.p,UnitID:2
2025-03-11 12:35:18.9779|INFO|PIVF.Web.Api.Billing.BillingAPIController|Controller Name:BillingAPI,Action:GET,Method:GetCaseSummaryHistory,User:akshaya.p,UnitID:2
2025-03-11 12:35:18.9779|INFO|PIVF.Web.Api.Billing.BillingAPIController|Controller Name:BillingAPI,Action:GET,Method:GetCaseSummaryHistory,User:akshaya.p,UnitID:2
2025-03-11 12:35:19.4766|INFO|PIVF.Web.Api.Billing.BillingAPIController|Controller Name:BillingAPI,Action:GET,Method:GetPatientVisitSummaryModel,User:akshaya.p,UnitID:2
2025-03-11 12:35:19.4766|INFO|PIVF.Web.Api.Billing.BillingAPIController|Controller Name:BillingAPI,Action:GET,Method:GetPatientVisitSummaryModel,User:akshaya.p,UnitID:2
2025-03-11 12:35:19.5120|INFO|PIVF.Web.Api.Billing.BillingAPIController|Controller Name:BillingAPI,Action:GET,Method:GetPatientVisitSummaryModel,User:akshaya.p,UnitID:2
2025-03-11 12:35:19.5120|INFO|PIVF.Web.Api.Billing.BillingAPIController|Controller Name:BillingAPI,Action:GET,Method:GetPatientVisitSummaryModel,User:akshaya.p,UnitID:2
2025-03-11 12:35:32.2209|INFO|PIVF.Web.Api.Master.Common.CommonController|Controller Name:Common,Action:GET,Method:GetActiveVisitByPatient,User:akshaya.p,UnitID:2
2025-03-11 12:35:32.2209|INFO|PIVF.Web.Api.Master.Common.CommonController|Controller Name:Common,Action:GET,Method:GetActiveVisitByPatient,User:akshaya.p,UnitID:2
2025-03-11 12:35:34.4684|INFO|PIVF.Web.Api.EMR.Vitals.VitalsAPIController|Controller Name:VitalsAPI,Action:GET,Method:GetVitals,User:akshaya.p,UnitID:2
2025-03-11 12:35:34.4684|INFO|PIVF.Web.Api.EMR.Vitals.VitalsAPIController|Controller Name:VitalsAPI,Action:GET,Method:GetVitals,User:akshaya.p,UnitID:2
2025-03-11 17:41:27.1907|INFO|PIVF.Web.Api.Master.Configuration.UserAPIController|Controller Name:UserAPI,Action:HttpGet,Method:GetParentList,User:akshaya.p,UnitID:2
2025-03-11 17:41:27.1907|INFO|PIVF.Web.Api.Master.Configuration.UserAPIController|Controller Name:UserAPI,Action:HttpGet,Method:GetParentList,User:akshaya.p,UnitID:2
2025-03-11 17:41:27.2148|INFO|PIVF.Web.Api.Master.Configuration.UserAPIController|Controller Name:UserAPI,Action:HttpGet,Method:GetParentList,User:akshaya.p,UnitID:2
2025-03-11 17:41:27.2148|INFO|PIVF.Web.Api.Master.Configuration.UserAPIController|Controller Name:UserAPI,Action:HttpGet,Method:GetParentList,User:akshaya.p,UnitID:2
2025-03-11 17:41:27.7422|INFO|PIVF.Web.Api.PatientDashboard.PatientDashboardAPIController|Controller Name:PatientDashboardAPI,Action:GET,Method:GetVisitTypeList,User:akshaya.p,UnitID:2
2025-03-11 17:41:27.7422|INFO|PIVF.Web.Api.PatientDashboard.PatientDashboardAPIController|Controller Name:PatientDashboardAPI,Action:GET,Method:GetVisitTypeList,User:akshaya.p,UnitID:2
2025-03-11 17:41:27.7674|INFO|PIVF.Web.Api.FertivueDashboard.FertivueDashboardController|Controller Name:FertivueDashboard,Action:GET,Method:GetRegistrationDashboardByAgeGroupCount,User:akshaya.p,UnitID:2
2025-03-11 17:41:27.7674|INFO|PIVF.Web.Api.FertivueDashboard.FertivueDashboardController|Controller Name:FertivueDashboard,Action:GET,Method:GetRegistrationDashboardByAgeGroupCount,User:akshaya.p,UnitID:2
2025-03-11 17:41:27.7834|INFO|PIVF.Web.Api.PatientDashboard.PatientDashboardAPIController|Controller Name:PatientDashboardAPI,Action:GET,Method:GetVisitTypeList,User:akshaya.p,UnitID:2
2025-03-11 17:41:27.7834|INFO|PIVF.Web.Api.PatientDashboard.PatientDashboardAPIController|Controller Name:PatientDashboardAPI,Action:GET,Method:GetVisitTypeList,User:akshaya.p,UnitID:2
2025-03-11 17:41:27.8063|INFO|PIVF.Web.Api.FertivueDashboard.FertivueDashboardController|Controller Name:FertivueDashboard,Action:GET,Method:GetAppointmentDashboardCount,User:akshaya.p,UnitID:2
2025-03-11 17:41:27.8063|INFO|PIVF.Web.Api.FertivueDashboard.FertivueDashboardController|Controller Name:FertivueDashboard,Action:GET,Method:GetAppointmentDashboardCount,User:akshaya.p,UnitID:2
2025-03-11 17:41:27.8063|INFO|PIVF.Web.Api.FertivueDashboard.FertivueDashboardController|Controller Name:FertivueDashboard,Action:GET,Method:GetInvestigationDashboardCount,User:akshaya.p,UnitID:2
2025-03-11 17:41:27.8063|INFO|PIVF.Web.Api.FertivueDashboard.FertivueDashboardController|Controller Name:FertivueDashboard,Action:GET,Method:GetInvestigationDashboardCount,User:akshaya.p,UnitID:2
2025-03-11 17:41:27.8368|INFO|PIVF.Web.Api.FertivueDashboard.FertivueDashboardController|Controller Name:FertivueDashboard,Action:GET,Method:GetBillingDashboardCount,User:akshaya.p,UnitID:2
2025-03-11 17:41:27.8368|INFO|PIVF.Web.Api.FertivueDashboard.FertivueDashboardController|Controller Name:FertivueDashboard,Action:GET,Method:GetBillingDashboardCount,User:akshaya.p,UnitID:2
2025-03-11 17:41:27.8587|INFO|PIVF.Web.Api.FertivueDashboard.FertivueDashboardController|Controller Name:FertivueDashboard,Action:GET,Method:GetTotalRevenueDashboardServiceTypeCount,User:akshaya.p,UnitID:2
2025-03-11 17:41:27.8587|INFO|PIVF.Web.Api.FertivueDashboard.FertivueDashboardController|Controller Name:FertivueDashboard,Action:GET,Method:GetTotalRevenueDashboardServiceTypeCount,User:akshaya.p,UnitID:2
2025-03-11 17:41:27.8856|INFO|PIVF.Web.Api.FertivueDashboard.FertivueDashboardController|Controller Name:FertivueDashboard,Action:GET,Method:GetAdminDashboardPercentageCounts,User:akshaya.p,UnitID:2
2025-03-11 17:41:27.8856|INFO|PIVF.Web.Api.FertivueDashboard.FertivueDashboardController|Controller Name:FertivueDashboard,Action:GET,Method:GetAdminDashboardPercentageCounts,User:akshaya.p,UnitID:2
2025-03-11 17:41:28.0607|INFO|PIVF.Web.Api.Master.Configuration.UserAPIController|Controller Name:UserAPI,Action:HttpGet,Method:GetUserRoleRights,User:akshaya.p,UnitID:2
2025-03-11 17:41:28.0607|INFO|PIVF.Web.Api.Master.Configuration.UserAPIController|Controller Name:UserAPI,Action:HttpGet,Method:GetUserRoleRights,User:akshaya.p,UnitID:2
2025-03-11 17:41:28.5750|INFO|PIVF.Web.Api.Master.Configuration.UserAPIController|Controller Name:UserAPI,Action:HttpGet,Method:GetGrandParentList,User:akshaya.p,UnitID:2
2025-03-11 17:41:28.5750|INFO|PIVF.Web.Api.Master.Configuration.UserAPIController|Controller Name:UserAPI,Action:HttpGet,Method:GetGrandParentList,User:akshaya.p,UnitID:2
2025-03-11 17:41:41.0349|INFO|PIVF.Web.Api.Master.Common.CommonController|Controller Name:Common,Action:GET,Method:GetActiveVisitByPatient,User:akshaya.p,UnitID:2
2025-03-11 17:41:41.0349|INFO|PIVF.Web.Api.Master.Common.CommonController|Controller Name:Common,Action:GET,Method:GetActiveVisitByPatient,User:akshaya.p,UnitID:2
2025-03-11 17:41:41.6746|INFO|PIVF.Web.Api.Master.Common.CommonController|Controller Name:Common,Action:GET,Method:GetActiveVisitByPatient,User:akshaya.p,UnitID:2
2025-03-11 17:41:41.6746|INFO|PIVF.Web.Api.Master.Common.CommonController|Controller Name:Common,Action:GET,Method:GetActiveVisitByPatient,User:akshaya.p,UnitID:2
2025-03-11 17:41:44.0812|INFO|PIVF.Web.Api.Billing.BillingAPIController|Controller Name:BillingAPI,Action:GET,Method:GetPatientVisitSummaryModel,User:akshaya.p,UnitID:2
2025-03-11 17:41:44.0812|INFO|PIVF.Web.Api.Billing.BillingAPIController|Controller Name:BillingAPI,Action:GET,Method:GetPatientVisitSummaryModel,User:akshaya.p,UnitID:2
2025-03-11 17:41:44.0959|INFO|PIVF.Web.Api.Billing.BillingAPIController|Controller Name:BillingAPI,Action:GET,Method:GetHistorySummary,User:akshaya.p,UnitID:2
2025-03-11 17:41:44.0959|INFO|PIVF.Web.Api.Billing.BillingAPIController|Controller Name:BillingAPI,Action:GET,Method:GetHistorySummary,User:akshaya.p,UnitID:2
2025-03-11 17:41:45.0787|INFO|PIVF.Web.Api.Billing.BillingAPIController|Controller Name:BillingAPI,Action:GET,Method:GetCaseSummaryHistory,User:akshaya.p,UnitID:2
2025-03-11 17:41:45.0787|INFO|PIVF.Web.Api.Billing.BillingAPIController|Controller Name:BillingAPI,Action:GET,Method:GetCaseSummaryHistory,User:akshaya.p,UnitID:2
2025-03-11 17:41:45.5958|INFO|PIVF.Web.Api.EMR.LandingPage.EMRLandingPageAPIController|Controller Name:EMRLandingPageAPI,Action:GET,Method:GetEMRLandingPageData,User:akshaya.p,UnitID:2
2025-03-11 17:41:45.5958|INFO|PIVF.Web.Api.EMR.LandingPage.EMRLandingPageAPIController|Controller Name:EMRLandingPageAPI,Action:GET,Method:GetEMRLandingPageData,User:akshaya.p,UnitID:2
2025-03-11 17:41:46.0907|INFO|PIVF.Web.Api.Billing.BillingAPIController|Controller Name:BillingAPI,Action:GET,Method:GetInvestigationHistory,User:akshaya.p,UnitID:2
2025-03-11 17:41:46.0907|INFO|PIVF.Web.Api.Billing.BillingAPIController|Controller Name:BillingAPI,Action:GET,Method:GetInvestigationHistory,User:akshaya.p,UnitID:2
2025-03-11 17:41:46.5929|INFO|PIVF.Web.Api.Billing.BillingAPIController|Controller Name:BillingAPI,Action:GET,Method:GetPatientPrescriptionHistory,User:akshaya.p,UnitID:2
2025-03-11 17:41:46.5929|INFO|PIVF.Web.Api.Billing.BillingAPIController|Controller Name:BillingAPI,Action:GET,Method:GetPatientPrescriptionHistory,User:akshaya.p,UnitID:2
2025-03-11 17:41:48.5694|INFO|PIVF.Web.Api.Master.Common.CommonController|Controller Name:Common,Action:POST,Method:PutSelectedvisitByPatient,User:akshaya.p,UnitID:2
2025-03-11 17:41:48.5694|INFO|PIVF.Web.Api.Master.Common.CommonController|Controller Name:Common,Action:POST,Method:PutSelectedvisitByPatient,User:akshaya.p,UnitID:2
2025-03-11 17:41:52.8288|INFO|PIVF.Web.Api.Billing.BillingAPIController|Controller Name:BillingAPI,Action:GET,Method:GetCaseSummaryHistory,User:akshaya.p,UnitID:2
2025-03-11 17:41:52.8288|INFO|PIVF.Web.Api.Billing.BillingAPIController|Controller Name:BillingAPI,Action:GET,Method:GetCaseSummaryHistory,User:akshaya.p,UnitID:2
2025-03-11 17:41:52.8288|INFO|PIVF.Web.Api.Billing.BillingAPIController|Controller Name:BillingAPI,Action:GET,Method:GetInvestigationHistory,User:akshaya.p,UnitID:2
2025-03-11 17:41:52.8288|INFO|PIVF.Web.Api.Billing.BillingAPIController|Controller Name:BillingAPI,Action:GET,Method:GetInvestigationHistory,User:akshaya.p,UnitID:2
2025-03-11 17:41:52.8888|INFO|PIVF.Web.Api.Billing.BillingAPIController|Controller Name:BillingAPI,Action:GET,Method:GetInvestigationHistory,User:akshaya.p,UnitID:2
2025-03-11 17:41:52.8888|INFO|PIVF.Web.Api.Billing.BillingAPIController|Controller Name:BillingAPI,Action:GET,Method:GetInvestigationHistory,User:akshaya.p,UnitID:2
2025-03-11 17:41:52.9006|INFO|PIVF.Web.Api.Billing.BillingAPIController|Controller Name:BillingAPI,Action:GET,Method:GetCaseSummaryHistory,User:akshaya.p,UnitID:2
2025-03-11 17:41:52.9006|INFO|PIVF.Web.Api.Billing.BillingAPIController|Controller Name:BillingAPI,Action:GET,Method:GetCaseSummaryHistory,User:akshaya.p,UnitID:2
2025-03-11 17:41:53.3325|INFO|PIVF.Web.Api.Billing.BillingAPIController|Controller Name:BillingAPI,Action:GET,Method:GetPatientVisitSummaryModel,User:akshaya.p,UnitID:2
2025-03-11 17:41:53.3325|INFO|PIVF.Web.Api.Billing.BillingAPIController|Controller Name:BillingAPI,Action:GET,Method:GetPatientVisitSummaryModel,User:akshaya.p,UnitID:2
2025-03-11 17:41:53.3731|INFO|PIVF.Web.Api.Billing.BillingAPIController|Controller Name:BillingAPI,Action:GET,Method:GetPatientVisitSummaryModel,User:akshaya.p,UnitID:2
2025-03-11 17:41:53.3731|INFO|PIVF.Web.Api.Billing.BillingAPIController|Controller Name:BillingAPI,Action:GET,Method:GetPatientVisitSummaryModel,User:akshaya.p,UnitID:2
2025-03-11 17:41:53.8449|INFO|PIVF.Web.Api.Billing.BillingAPIController|Controller Name:BillingAPI,Action:GET,Method:GetPatientPrescriptionHistory,User:akshaya.p,UnitID:2
2025-03-11 17:41:53.8449|INFO|PIVF.Web.Api.Billing.BillingAPIController|Controller Name:BillingAPI,Action:GET,Method:GetPatientPrescriptionHistory,User:akshaya.p,UnitID:2
2025-03-11 17:41:53.8547|INFO|PIVF.Web.Api.Billing.BillingAPIController|Controller Name:BillingAPI,Action:GET,Method:GetPatientPrescriptionHistory,User:akshaya.p,UnitID:2
2025-03-11 17:41:53.8547|INFO|PIVF.Web.Api.Billing.BillingAPIController|Controller Name:BillingAPI,Action:GET,Method:GetPatientPrescriptionHistory,User:akshaya.p,UnitID:2
2025-03-11 17:41:53.8547|INFO|PIVF.Web.Api.EMR.LandingPage.EMRLandingPageAPIController|Controller Name:EMRLandingPageAPI,Action:GET,Method:GetEMRLandingPageData,User:akshaya.p,UnitID:2
2025-03-11 17:41:53.8547|INFO|PIVF.Web.Api.EMR.LandingPage.EMRLandingPageAPIController|Controller Name:EMRLandingPageAPI,Action:GET,Method:GetEMRLandingPageData,User:akshaya.p,UnitID:2
2025-03-11 17:41:54.8885|INFO|PIVF.Web.Api.Billing.BillingAPIController|Controller Name:BillingAPI,Action:GET,Method:GetHistorySummary,User:akshaya.p,UnitID:2
2025-03-11 17:41:54.8885|INFO|PIVF.Web.Api.Billing.BillingAPIController|Controller Name:BillingAPI,Action:GET,Method:GetHistorySummary,User:akshaya.p,UnitID:2
2025-03-11 17:41:54.9055|INFO|PIVF.Web.Api.Billing.BillingAPIController|Controller Name:BillingAPI,Action:GET,Method:GetHistorySummary,User:akshaya.p,UnitID:2
2025-03-11 17:41:54.9055|INFO|PIVF.Web.Api.Billing.BillingAPIController|Controller Name:BillingAPI,Action:GET,Method:GetHistorySummary,User:akshaya.p,UnitID:2
2025-03-11 17:50:44.7134|INFO|PIVF.Web.Api.Master.Configuration.UserAPIController|Controller Name:UserAPI,Action:HttpGet,Method:GetParentList,User:akshaya.p,UnitID:2
2025-03-11 17:50:44.7134|INFO|PIVF.Web.Api.Master.Configuration.UserAPIController|Controller Name:UserAPI,Action:HttpGet,Method:GetParentList,User:akshaya.p,UnitID:2
2025-03-11 17:50:54.0341|INFO|PIVF.Web.Api.PatientDashboard.PatientDashboardAPIController|Controller Name:PatientDashboardAPI,Action:GET,Method:GetVisitTypeList,User:akshaya.p,UnitID:2
2025-03-11 17:50:54.0341|INFO|PIVF.Web.Api.PatientDashboard.PatientDashboardAPIController|Controller Name:PatientDashboardAPI,Action:GET,Method:GetVisitTypeList,User:akshaya.p,UnitID:2
2025-03-11 17:50:54.0341|INFO|PIVF.Web.Api.FertivueDashboard.FertivueDashboardController|Controller Name:FertivueDashboard,Action:GET,Method:GetRegistrationDashboardByAgeGroupCount,User:akshaya.p,UnitID:2
2025-03-11 17:50:54.0341|INFO|PIVF.Web.Api.FertivueDashboard.FertivueDashboardController|Controller Name:FertivueDashboard,Action:GET,Method:GetRegistrationDashboardByAgeGroupCount,User:akshaya.p,UnitID:2
2025-03-11 17:50:54.0418|INFO|PIVF.Web.Api.PatientDashboard.PatientDashboardAPIController|Controller Name:PatientDashboardAPI,Action:GET,Method:GetVisitTypeList,User:akshaya.p,UnitID:2
2025-03-11 17:50:54.0418|INFO|PIVF.Web.Api.PatientDashboard.PatientDashboardAPIController|Controller Name:PatientDashboardAPI,Action:GET,Method:GetVisitTypeList,User:akshaya.p,UnitID:2
2025-03-11 17:50:54.0418|INFO|PIVF.Web.Api.FertivueDashboard.FertivueDashboardController|Controller Name:FertivueDashboard,Action:GET,Method:GetInvestigationDashboardCount,User:akshaya.p,UnitID:2
2025-03-11 17:50:54.0418|INFO|PIVF.Web.Api.FertivueDashboard.FertivueDashboardController|Controller Name:FertivueDashboard,Action:GET,Method:GetInvestigationDashboardCount,User:akshaya.p,UnitID:2
2025-03-11 17:50:54.0623|INFO|PIVF.Web.Api.FertivueDashboard.FertivueDashboardController|Controller Name:FertivueDashboard,Action:GET,Method:GetBillingDashboardCount,User:akshaya.p,UnitID:2
2025-03-11 17:50:54.0623|INFO|PIVF.Web.Api.FertivueDashboard.FertivueDashboardController|Controller Name:FertivueDashboard,Action:GET,Method:GetBillingDashboardCount,User:akshaya.p,UnitID:2
2025-03-11 17:50:54.0802|INFO|PIVF.Web.Api.FertivueDashboard.FertivueDashboardController|Controller Name:FertivueDashboard,Action:GET,Method:GetTotalRevenueDashboardServiceTypeCount,User:akshaya.p,UnitID:2
2025-03-11 17:50:54.0802|INFO|PIVF.Web.Api.FertivueDashboard.FertivueDashboardController|Controller Name:FertivueDashboard,Action:GET,Method:GetTotalRevenueDashboardServiceTypeCount,User:akshaya.p,UnitID:2
2025-03-11 17:50:54.1044|INFO|PIVF.Web.Api.FertivueDashboard.FertivueDashboardController|Controller Name:FertivueDashboard,Action:GET,Method:GetAdminDashboardPercentageCounts,User:akshaya.p,UnitID:2
2025-03-11 17:50:54.1044|INFO|PIVF.Web.Api.FertivueDashboard.FertivueDashboardController|Controller Name:FertivueDashboard,Action:GET,Method:GetAdminDashboardPercentageCounts,User:akshaya.p,UnitID:2
2025-03-11 17:50:54.5591|INFO|PIVF.Web.Api.FertivueDashboard.FertivueDashboardController|Controller Name:FertivueDashboard,Action:GET,Method:GetAppointmentDashboardCount,User:akshaya.p,UnitID:2
2025-03-11 17:50:54.5591|INFO|PIVF.Web.Api.FertivueDashboard.FertivueDashboardController|Controller Name:FertivueDashboard,Action:GET,Method:GetAppointmentDashboardCount,User:akshaya.p,UnitID:2
2025-03-11 17:50:56.9958|INFO|PIVF.Web.Api.Master.Configuration.UserAPIController|Controller Name:UserAPI,Action:HttpGet,Method:GetParentList,User:akshaya.p,UnitID:2
2025-03-11 17:50:56.9958|INFO|PIVF.Web.Api.Master.Configuration.UserAPIController|Controller Name:UserAPI,Action:HttpGet,Method:GetParentList,User:akshaya.p,UnitID:2
2025-03-11 17:56:53.1605|INFO|PIVF.Web.Api.Master.Common.CommonController|Controller Name:Common,Action:GET,Method:GetActiveVisitByPatient,User:akshaya.p,UnitID:2
2025-03-11 17:56:53.1605|INFO|PIVF.Web.Api.Master.Common.CommonController|Controller Name:Common,Action:GET,Method:GetActiveVisitByPatient,User:akshaya.p,UnitID:2
2025-03-11 17:56:53.7266|INFO|PIVF.Web.Api.Master.Common.CommonController|Controller Name:Common,Action:GET,Method:GetActiveVisitByPatient,User:akshaya.p,UnitID:2
2025-03-11 17:56:53.7266|INFO|PIVF.Web.Api.Master.Common.CommonController|Controller Name:Common,Action:GET,Method:GetActiveVisitByPatient,User:akshaya.p,UnitID:2
2025-03-11 17:56:53.7987|INFO|PIVF.Web.Api.Billing.BillingAPIController|Controller Name:BillingAPI,Action:GET,Method:GetPatientPrescriptionHistory,User:akshaya.p,UnitID:2
2025-03-11 17:56:53.7987|INFO|PIVF.Web.Api.Billing.BillingAPIController|Controller Name:BillingAPI,Action:GET,Method:GetPatientPrescriptionHistory,User:akshaya.p,UnitID:2
2025-03-11 17:56:53.8060|INFO|PIVF.Web.Api.Billing.BillingAPIController|Controller Name:BillingAPI,Action:GET,Method:GetHistorySummary,User:akshaya.p,UnitID:2
2025-03-11 17:56:53.8060|INFO|PIVF.Web.Api.Billing.BillingAPIController|Controller Name:BillingAPI,Action:GET,Method:GetHistorySummary,User:akshaya.p,UnitID:2
2025-03-11 17:56:54.2678|INFO|PIVF.Web.Api.EMR.LandingPage.EMRLandingPageAPIController|Controller Name:EMRLandingPageAPI,Action:GET,Method:GetEMRLandingPageData,User:akshaya.p,UnitID:2
2025-03-11 17:56:54.2678|INFO|PIVF.Web.Api.EMR.LandingPage.EMRLandingPageAPIController|Controller Name:EMRLandingPageAPI,Action:GET,Method:GetEMRLandingPageData,User:akshaya.p,UnitID:2
2025-03-11 17:56:54.7698|INFO|PIVF.Web.Api.Billing.BillingAPIController|Controller Name:BillingAPI,Action:GET,Method:GetInvestigationHistory,User:akshaya.p,UnitID:2
2025-03-11 17:56:54.7698|INFO|PIVF.Web.Api.Billing.BillingAPIController|Controller Name:BillingAPI,Action:GET,Method:GetInvestigationHistory,User:akshaya.p,UnitID:2
2025-03-11 17:56:55.2707|INFO|PIVF.Web.Api.Billing.BillingAPIController|Controller Name:BillingAPI,Action:GET,Method:GetPatientVisitSummaryModel,User:akshaya.p,UnitID:2
2025-03-11 17:56:55.2707|INFO|PIVF.Web.Api.Billing.BillingAPIController|Controller Name:BillingAPI,Action:GET,Method:GetPatientVisitSummaryModel,User:akshaya.p,UnitID:2
2025-03-11 17:56:55.3833|INFO|PIVF.Web.Api.Master.Common.CommonController|Controller Name:Common,Action:POST,Method:PutSelectedvisitByPatient,User:akshaya.p,UnitID:2
2025-03-11 17:56:55.3833|INFO|PIVF.Web.Api.Master.Common.CommonController|Controller Name:Common,Action:POST,Method:PutSelectedvisitByPatient,User:akshaya.p,UnitID:2
2025-03-11 17:56:55.7832|INFO|PIVF.Web.Api.Billing.BillingAPIController|Controller Name:BillingAPI,Action:GET,Method:GetCaseSummaryHistory,User:akshaya.p,UnitID:2
2025-03-11 17:56:55.7832|INFO|PIVF.Web.Api.Billing.BillingAPIController|Controller Name:BillingAPI,Action:GET,Method:GetCaseSummaryHistory,User:akshaya.p,UnitID:2
2025-03-11 17:56:56.3453|INFO|PIVF.Web.Api.Billing.BillingAPIController|Controller Name:BillingAPI,Action:GET,Method:GetPatientPrescriptionHistory,User:akshaya.p,UnitID:2
2025-03-11 17:56:56.3453|INFO|PIVF.Web.Api.Billing.BillingAPIController|Controller Name:BillingAPI,Action:GET,Method:GetPatientPrescriptionHistory,User:akshaya.p,UnitID:2
2025-03-11 17:56:56.3519|INFO|PIVF.Web.Api.Billing.BillingAPIController|Controller Name:BillingAPI,Action:GET,Method:GetInvestigationHistory,User:akshaya.p,UnitID:2
2025-03-11 17:56:56.3519|INFO|PIVF.Web.Api.Billing.BillingAPIController|Controller Name:BillingAPI,Action:GET,Method:GetInvestigationHistory,User:akshaya.p,UnitID:2
2025-03-11 17:56:56.3519|INFO|PIVF.Web.Api.Billing.BillingAPIController|Controller Name:BillingAPI,Action:GET,Method:GetHistorySummary,User:akshaya.p,UnitID:2
2025-03-11 17:56:56.3519|INFO|PIVF.Web.Api.Billing.BillingAPIController|Controller Name:BillingAPI,Action:GET,Method:GetHistorySummary,User:akshaya.p,UnitID:2
2025-03-11 17:56:56.4172|INFO|PIVF.Web.Api.EMR.LandingPage.EMRLandingPageAPIController|Controller Name:EMRLandingPageAPI,Action:GET,Method:GetEMRLandingPageData,User:akshaya.p,UnitID:2
2025-03-11 17:56:56.4172|INFO|PIVF.Web.Api.EMR.LandingPage.EMRLandingPageAPIController|Controller Name:EMRLandingPageAPI,Action:GET,Method:GetEMRLandingPageData,User:akshaya.p,UnitID:2
2025-03-11 17:56:56.4496|INFO|PIVF.Web.Api.Billing.BillingAPIController|Controller Name:BillingAPI,Action:GET,Method:GetPatientPrescriptionHistory,User:akshaya.p,UnitID:2
2025-03-11 17:56:56.4496|INFO|PIVF.Web.Api.Billing.BillingAPIController|Controller Name:BillingAPI,Action:GET,Method:GetPatientPrescriptionHistory,User:akshaya.p,UnitID:2
2025-03-11 17:56:56.4496|INFO|PIVF.Web.Api.Billing.BillingAPIController|Controller Name:BillingAPI,Action:GET,Method:GetInvestigationHistory,User:akshaya.p,UnitID:2
2025-03-11 17:56:56.4496|INFO|PIVF.Web.Api.Billing.BillingAPIController|Controller Name:BillingAPI,Action:GET,Method:GetInvestigationHistory,User:akshaya.p,UnitID:2
2025-03-11 17:56:56.5176|INFO|PIVF.Web.Api.Billing.BillingAPIController|Controller Name:BillingAPI,Action:GET,Method:GetHistorySummary,User:akshaya.p,UnitID:2
2025-03-11 17:56:56.5176|INFO|PIVF.Web.Api.Billing.BillingAPIController|Controller Name:BillingAPI,Action:GET,Method:GetHistorySummary,User:akshaya.p,UnitID:2
2025-03-11 17:56:57.3625|INFO|PIVF.Web.Api.Billing.BillingAPIController|Controller Name:BillingAPI,Action:GET,Method:GetPatientVisitSummaryModel,User:akshaya.p,UnitID:2
2025-03-11 17:56:57.3625|INFO|PIVF.Web.Api.Billing.BillingAPIController|Controller Name:BillingAPI,Action:GET,Method:GetPatientVisitSummaryModel,User:akshaya.p,UnitID:2
2025-03-11 17:56:57.3964|INFO|PIVF.Web.Api.Billing.BillingAPIController|Controller Name:BillingAPI,Action:GET,Method:GetPatientVisitSummaryModel,User:akshaya.p,UnitID:2
2025-03-11 17:56:57.3964|INFO|PIVF.Web.Api.Billing.BillingAPIController|Controller Name:BillingAPI,Action:GET,Method:GetPatientVisitSummaryModel,User:akshaya.p,UnitID:2
2025-03-11 17:56:57.8771|INFO|PIVF.Web.Api.Billing.BillingAPIController|Controller Name:BillingAPI,Action:GET,Method:GetCaseSummaryHistory,User:akshaya.p,UnitID:2
2025-03-11 17:56:57.8771|INFO|PIVF.Web.Api.Billing.BillingAPIController|Controller Name:BillingAPI,Action:GET,Method:GetCaseSummaryHistory,User:akshaya.p,UnitID:2
2025-03-11 17:56:57.8862|INFO|PIVF.Web.Api.Billing.BillingAPIController|Controller Name:BillingAPI,Action:GET,Method:GetCaseSummaryHistory,User:akshaya.p,UnitID:2
2025-03-11 17:56:57.8862|INFO|PIVF.Web.Api.Billing.BillingAPIController|Controller Name:BillingAPI,Action:GET,Method:GetCaseSummaryHistory,User:akshaya.p,UnitID:2
