2023-11-23 11:25:08.2659|INFO|PIVF.Web.Api.Master.Common.CommonController|1_Controller Name:CommonController,Action:HttpGet,Method:GetDoctorsList,User:admin,UnitID:2
2023-11-23 11:25:08.2659|INFO|PIVF.Web.Api.Master.Common.CommonController|1_Controller Name:CommonController,Action:HttpGet,Method:GetDoctorsList,User:admin,UnitID:2
2023-11-23 11:25:08.3452|INFO|PIVF.Web.Api.Master.Common.CommonController|1_Controller Name:CommonController,Action:HttpGet,Method:GetSpeclRegTypeList,User:admin,UnitID:2
2023-11-23 11:25:08.3452|INFO|PIVF.Web.Api.Master.Common.CommonController|1_Controller Name:CommonController,Action:HttpGet,Method:GetSpeclRegTypeList,User:admin,UnitID:2
2023-11-23 11:25:08.3898|INFO|PIVF.Web.Api.QueueMgt.QueueMgtController|Controller Name:QueueMgt,Action:HttpPost,Method:GetQueueList,User:admin,UnitID:2
2023-11-23 11:25:08.3898|INFO|PIVF.Web.Api.QueueMgt.QueueMgtController|Controller Name:QueueMgt,Action:HttpPost,Method:GetQueueList,User:admin,UnitID:2
2023-11-23 11:25:08.6417|INFO|PIVF.Web.Api.Master.Configuration.UserAPIController|Controller Name:UserAPI,Action:HttpGet,Method:GetUserRoleRights,User:admin,UnitID:2
2023-11-23 11:25:08.6417|INFO|PIVF.Web.Api.Master.Configuration.UserAPIController|Controller Name:UserAPI,Action:HttpGet,Method:GetUserRoleRights,User:admin,UnitID:2
2023-11-23 11:25:08.9369|INFO|PIVF.Web.Api.Master.Configuration.UserAPIController|Controller Name:UserAPI,Action:HttpGet,Method:GetParentList,User:admin,UnitID:2
2023-11-23 11:25:08.9369|INFO|PIVF.Web.Api.Master.Configuration.UserAPIController|Controller Name:UserAPI,Action:HttpGet,Method:GetParentList,User:admin,UnitID:2
2023-11-23 11:25:08.9704|INFO|PIVF.Web.Api.Master.Configuration.UserAPIController|Controller Name:UserAPI,Action:HttpGet,Method:GetParentList,User:admin,UnitID:2
2023-11-23 11:25:08.9704|INFO|PIVF.Web.Api.Master.Configuration.UserAPIController|Controller Name:UserAPI,Action:HttpGet,Method:GetParentList,User:admin,UnitID:2
2023-11-23 11:25:09.1667|INFO|PIVF.Web.Api.Master.Configuration.UserAPIController|Controller Name:UserAPI,Action:HttpGet,Method:GetGrandParentList,User:admin,UnitID:2
2023-11-23 11:25:09.1667|INFO|PIVF.Web.Api.Master.Configuration.UserAPIController|Controller Name:UserAPI,Action:HttpGet,Method:GetGrandParentList,User:admin,UnitID:2
2023-11-23 11:25:09.1901|INFO|PIVF.Web.Api.Master.Common.CommonController|1_Controller Name:CommonController,Action:HttpGet,Method:GetDepartmentList,User:admin,UnitID:2
2023-11-23 11:25:09.1901|INFO|PIVF.Web.Api.Master.Common.CommonController|1_Controller Name:CommonController,Action:HttpGet,Method:GetDepartmentList,User:admin,UnitID:2
2023-11-23 11:25:25.2069|INFO|PIVF.Web.Api.Master.Common.CommonController|Controller Name:Common,Action:GET,Method:GetActiveVisitByPatient,User:admin,UnitID:2
2023-11-23 11:25:25.2069|INFO|PIVF.Web.Api.Master.Common.CommonController|Controller Name:Common,Action:GET,Method:GetActiveVisitByPatient,User:admin,UnitID:2
2023-11-23 11:25:26.0159|INFO|PIVF.Web.Api.Master.Common.CommonController|Controller Name:Common,Action:GET,Method:GetActiveVisitByPatient,User:admin,UnitID:2
2023-11-23 11:25:26.0159|INFO|PIVF.Web.Api.Master.Common.CommonController|Controller Name:Common,Action:GET,Method:GetActiveVisitByPatient,User:admin,UnitID:2
2023-11-23 11:25:29.9032|INFO|PIVF.Web.Api.EMR.LandingPage.EMRLandingPageAPIController|Controller Name:EMRLandingPageAPI,Action:GET,Method:GetEMRLandingPageData,User:admin,UnitID:2
2023-11-23 11:25:29.9032|INFO|PIVF.Web.Api.EMR.LandingPage.EMRLandingPageAPIController|Controller Name:EMRLandingPageAPI,Action:GET,Method:GetEMRLandingPageData,User:admin,UnitID:2
2023-11-23 11:25:30.6950|INFO|PIVF.Web.Api.Master.Common.CommonController|Controller Name:Common,Action:POST,Method:PutSelectedvisitByPatient,User:admin,UnitID:2
2023-11-23 11:25:30.6950|INFO|PIVF.Web.Api.Master.Common.CommonController|Controller Name:Common,Action:POST,Method:PutSelectedvisitByPatient,User:admin,UnitID:2
2023-11-23 11:27:06.7321|INFO|PIVF.Web.Api.Master.Common.CommonController|1_Controller Name:CommonController,Action:HttpGet,Method:GetDepartmentList,User:admin,UnitID:2
2023-11-23 11:27:06.7321|INFO|PIVF.Web.Api.Master.Common.CommonController|1_Controller Name:CommonController,Action:HttpGet,Method:GetDepartmentList,User:admin,UnitID:2
2023-11-23 11:27:06.8021|INFO|PIVF.Web.Api.Master.Common.CommonController|1_Controller Name:CommonController,Action:HttpGet,Method:GetDoctorsList,User:admin,UnitID:2
2023-11-23 11:27:06.8021|INFO|PIVF.Web.Api.Master.Common.CommonController|1_Controller Name:CommonController,Action:HttpGet,Method:GetDoctorsList,User:admin,UnitID:2
2023-11-23 11:27:07.0941|INFO|PIVF.Web.Api.Master.Common.CommonController|1_Controller Name:CommonController,Action:HttpGet,Method:GetSpeclRegTypeList,User:admin,UnitID:2
2023-11-23 11:27:07.0941|INFO|PIVF.Web.Api.Master.Common.CommonController|1_Controller Name:CommonController,Action:HttpGet,Method:GetSpeclRegTypeList,User:admin,UnitID:2
2023-11-23 11:27:07.6671|INFO|PIVF.Web.Api.Master.Configuration.UserAPIController|Controller Name:UserAPI,Action:HttpGet,Method:GetParentList,User:admin,UnitID:2
2023-11-23 11:27:07.6671|INFO|PIVF.Web.Api.Master.Configuration.UserAPIController|Controller Name:UserAPI,Action:HttpGet,Method:GetParentList,User:admin,UnitID:2
2023-11-23 11:27:07.7492|INFO|PIVF.Web.Api.QueueMgt.QueueMgtController|Controller Name:QueueMgt,Action:HttpPost,Method:GetQueueList,User:admin,UnitID:2
2023-11-23 11:27:07.7492|INFO|PIVF.Web.Api.QueueMgt.QueueMgtController|Controller Name:QueueMgt,Action:HttpPost,Method:GetQueueList,User:admin,UnitID:2
2023-11-23 11:27:08.2649|INFO|PIVF.Web.Api.Master.Configuration.UserAPIController|Controller Name:UserAPI,Action:HttpGet,Method:GetParentList,User:admin,UnitID:2
2023-11-23 11:27:08.2649|INFO|PIVF.Web.Api.Master.Configuration.UserAPIController|Controller Name:UserAPI,Action:HttpGet,Method:GetParentList,User:admin,UnitID:2
2023-11-23 11:27:08.6523|INFO|PIVF.Web.Api.Master.Configuration.UserAPIController|Controller Name:UserAPI,Action:HttpGet,Method:GetUserRoleRights,User:admin,UnitID:2
2023-11-23 11:27:08.6523|INFO|PIVF.Web.Api.Master.Configuration.UserAPIController|Controller Name:UserAPI,Action:HttpGet,Method:GetUserRoleRights,User:admin,UnitID:2
2023-11-23 11:27:09.1662|INFO|PIVF.Web.Api.Master.Configuration.UserAPIController|Controller Name:UserAPI,Action:HttpGet,Method:GetGrandParentList,User:admin,UnitID:2
2023-11-23 11:27:09.1662|INFO|PIVF.Web.Api.Master.Configuration.UserAPIController|Controller Name:UserAPI,Action:HttpGet,Method:GetGrandParentList,User:admin,UnitID:2
2023-11-23 11:27:14.8433|INFO|PIVF.Web.Api.EMR.LandingPage.EMRLandingPageAPIController|Controller Name:EMRLandingPageAPI,Action:GET,Method:GetEMRLandingPageData,User:admin,UnitID:2
2023-11-23 11:27:14.8433|INFO|PIVF.Web.Api.EMR.LandingPage.EMRLandingPageAPIController|Controller Name:EMRLandingPageAPI,Action:GET,Method:GetEMRLandingPageData,User:admin,UnitID:2
2023-11-23 11:27:17.4098|INFO|PIVF.Web.Api.Master.Common.CommonController|Controller Name:Common,Action:GET,Method:GetActiveVisitByPatient,User:admin,UnitID:2
2023-11-23 11:27:17.4098|INFO|PIVF.Web.Api.Master.Common.CommonController|Controller Name:Common,Action:GET,Method:GetActiveVisitByPatient,User:admin,UnitID:2
2023-11-23 11:28:35.9636|INFO|PIVF.Web.Api.Master.Configuration.UserAPIController|Controller Name:UserAPI,Action:HttpGet,Method:GetUserRoleRights,User:admin,UnitID:2
2023-11-23 11:28:35.9636|INFO|PIVF.Web.Api.Master.Configuration.UserAPIController|Controller Name:UserAPI,Action:HttpGet,Method:GetUserRoleRights,User:admin,UnitID:2
2023-11-23 11:28:36.0101|INFO|PIVF.Web.Api.QueueMgt.QueueMgtController|Controller Name:QueueMgt,Action:HttpPost,Method:GetQueueList,User:admin,UnitID:2
2023-11-23 11:28:36.0101|INFO|PIVF.Web.Api.QueueMgt.QueueMgtController|Controller Name:QueueMgt,Action:HttpPost,Method:GetQueueList,User:admin,UnitID:2
2023-11-23 11:28:36.1278|INFO|PIVF.Web.Api.Master.Common.CommonController|1_Controller Name:CommonController,Action:HttpGet,Method:GetDepartmentList,User:admin,UnitID:2
2023-11-23 11:28:36.1278|INFO|PIVF.Web.Api.Master.Common.CommonController|1_Controller Name:CommonController,Action:HttpGet,Method:GetDepartmentList,User:admin,UnitID:2
2023-11-23 11:28:36.2226|INFO|PIVF.Web.Api.Master.Common.CommonController|1_Controller Name:CommonController,Action:HttpGet,Method:GetDoctorsList,User:admin,UnitID:2
2023-11-23 11:28:36.2226|INFO|PIVF.Web.Api.Master.Common.CommonController|1_Controller Name:CommonController,Action:HttpGet,Method:GetDoctorsList,User:admin,UnitID:2
2023-11-23 11:28:36.3373|INFO|PIVF.Web.Api.Master.Common.CommonController|1_Controller Name:CommonController,Action:HttpGet,Method:GetSpeclRegTypeList,User:admin,UnitID:2
2023-11-23 11:28:36.3373|INFO|PIVF.Web.Api.Master.Common.CommonController|1_Controller Name:CommonController,Action:HttpGet,Method:GetSpeclRegTypeList,User:admin,UnitID:2
2023-11-23 11:28:36.7317|INFO|PIVF.Web.Api.Master.Configuration.UserAPIController|Controller Name:UserAPI,Action:HttpGet,Method:GetGrandParentList,User:admin,UnitID:2
2023-11-23 11:28:36.7317|INFO|PIVF.Web.Api.Master.Configuration.UserAPIController|Controller Name:UserAPI,Action:HttpGet,Method:GetGrandParentList,User:admin,UnitID:2
2023-11-23 11:28:37.5266|INFO|PIVF.Web.Api.Master.Configuration.UserAPIController|Controller Name:UserAPI,Action:HttpGet,Method:GetParentList,User:admin,UnitID:2
2023-11-23 11:28:37.5266|INFO|PIVF.Web.Api.Master.Configuration.UserAPIController|Controller Name:UserAPI,Action:HttpGet,Method:GetParentList,User:admin,UnitID:2
2023-11-23 11:28:37.5619|INFO|PIVF.Web.Api.Master.Configuration.UserAPIController|Controller Name:UserAPI,Action:HttpGet,Method:GetParentList,User:admin,UnitID:2
2023-11-23 11:28:37.5619|INFO|PIVF.Web.Api.Master.Configuration.UserAPIController|Controller Name:UserAPI,Action:HttpGet,Method:GetParentList,User:admin,UnitID:2
2023-11-23 11:28:39.2942|INFO|PIVF.Web.Api.EMR.LandingPage.EMRLandingPageAPIController|Controller Name:EMRLandingPageAPI,Action:GET,Method:GetEMRLandingPageData,User:admin,UnitID:2
2023-11-23 11:28:39.2942|INFO|PIVF.Web.Api.EMR.LandingPage.EMRLandingPageAPIController|Controller Name:EMRLandingPageAPI,Action:GET,Method:GetEMRLandingPageData,User:admin,UnitID:2
2023-11-23 11:28:44.1763|INFO|PIVF.Web.Api.Master.Common.CommonController|Controller Name:Common,Action:GET,Method:GetActiveVisitByPatient,User:admin,UnitID:2
2023-11-23 11:28:44.1763|INFO|PIVF.Web.Api.Master.Common.CommonController|Controller Name:Common,Action:GET,Method:GetActiveVisitByPatient,User:admin,UnitID:2
2023-11-23 11:30:19.9554|INFO|PIVF.Web.Api.Master.Configuration.UserAPIController|Controller Name:UserAPI,Action:HttpGet,Method:GetUserRoleRights,User:admin,UnitID:2
2023-11-23 11:30:19.9554|INFO|PIVF.Web.Api.Master.Configuration.UserAPIController|Controller Name:UserAPI,Action:HttpGet,Method:GetUserRoleRights,User:admin,UnitID:2
2023-11-23 11:30:20.4263|INFO|PIVF.Web.Api.Master.Common.CommonController|1_Controller Name:CommonController,Action:HttpGet,Method:GetDepartmentList,User:admin,UnitID:2
2023-11-23 11:30:20.4263|INFO|PIVF.Web.Api.Master.Common.CommonController|1_Controller Name:CommonController,Action:HttpGet,Method:GetDepartmentList,User:admin,UnitID:2
2023-11-23 11:30:20.4483|INFO|PIVF.Web.Api.QueueMgt.QueueMgtController|Controller Name:QueueMgt,Action:HttpPost,Method:GetQueueList,User:admin,UnitID:2
2023-11-23 11:30:20.4483|INFO|PIVF.Web.Api.QueueMgt.QueueMgtController|Controller Name:QueueMgt,Action:HttpPost,Method:GetQueueList,User:admin,UnitID:2
2023-11-23 11:30:21.5038|INFO|PIVF.Web.Api.Master.Common.CommonController|1_Controller Name:CommonController,Action:HttpGet,Method:GetDoctorsList,User:admin,UnitID:2
2023-11-23 11:30:21.5038|INFO|PIVF.Web.Api.Master.Common.CommonController|1_Controller Name:CommonController,Action:HttpGet,Method:GetDoctorsList,User:admin,UnitID:2
2023-11-23 11:30:21.5609|INFO|PIVF.Web.Api.Master.Common.CommonController|1_Controller Name:CommonController,Action:HttpGet,Method:GetSpeclRegTypeList,User:admin,UnitID:2
2023-11-23 11:30:21.5609|INFO|PIVF.Web.Api.Master.Common.CommonController|1_Controller Name:CommonController,Action:HttpGet,Method:GetSpeclRegTypeList,User:admin,UnitID:2
2023-11-23 11:30:22.0034|INFO|PIVF.Web.Api.Master.Configuration.UserAPIController|Controller Name:UserAPI,Action:HttpGet,Method:GetGrandParentList,User:admin,UnitID:2
2023-11-23 11:30:22.0034|INFO|PIVF.Web.Api.Master.Configuration.UserAPIController|Controller Name:UserAPI,Action:HttpGet,Method:GetGrandParentList,User:admin,UnitID:2
2023-11-23 11:30:22.0491|INFO|PIVF.Web.Api.Master.Configuration.UserAPIController|Controller Name:UserAPI,Action:HttpGet,Method:GetParentList,User:admin,UnitID:2
2023-11-23 11:30:22.0491|INFO|PIVF.Web.Api.Master.Configuration.UserAPIController|Controller Name:UserAPI,Action:HttpGet,Method:GetParentList,User:admin,UnitID:2
2023-11-23 11:30:22.0903|INFO|PIVF.Web.Api.Master.Configuration.UserAPIController|Controller Name:UserAPI,Action:HttpGet,Method:GetParentList,User:admin,UnitID:2
2023-11-23 11:30:22.0903|INFO|PIVF.Web.Api.Master.Configuration.UserAPIController|Controller Name:UserAPI,Action:HttpGet,Method:GetParentList,User:admin,UnitID:2
2023-11-23 11:30:24.8448|INFO|PIVF.Web.Api.EMR.LandingPage.EMRLandingPageAPIController|Controller Name:EMRLandingPageAPI,Action:GET,Method:GetEMRLandingPageData,User:admin,UnitID:2
2023-11-23 11:30:24.8448|INFO|PIVF.Web.Api.EMR.LandingPage.EMRLandingPageAPIController|Controller Name:EMRLandingPageAPI,Action:GET,Method:GetEMRLandingPageData,User:admin,UnitID:2
2023-11-23 11:30:29.3082|INFO|PIVF.Web.Api.Master.Common.CommonController|Controller Name:Common,Action:GET,Method:GetActiveVisitByPatient,User:admin,UnitID:2
2023-11-23 11:30:29.3082|INFO|PIVF.Web.Api.Master.Common.CommonController|Controller Name:Common,Action:GET,Method:GetActiveVisitByPatient,User:admin,UnitID:2
2023-11-23 11:30:33.7804|INFO|PIVF.Web.Api.ARTMgmt.ReportUpload.ReportUploadAPIController|Controller Name:ReportUploadAPI,Action:GET,Method:fillPathoServiceList,User:admin,UnitID:2
2023-11-23 11:30:33.7804|INFO|PIVF.Web.Api.ARTMgmt.ReportUpload.ReportUploadAPIController|Controller Name:ReportUploadAPI,Action:GET,Method:fillPathoServiceList,User:admin,UnitID:2
2023-11-23 11:30:35.3228|INFO|PIVF.Web.Api.ARTMgmt.ReportUpload.ReportUploadAPIController|Controller Name:ReportUploadAPI,Action:GET,Method:GetReportList,User:admin,UnitID:2
2023-11-23 11:30:35.3228|INFO|PIVF.Web.Api.ARTMgmt.ReportUpload.ReportUploadAPIController|Controller Name:ReportUploadAPI,Action:GET,Method:GetReportList,User:admin,UnitID:2
2023-11-23 11:32:42.9717|INFO|PIVF.Web.Api.Master.Configuration.UserAPIController|Controller Name:UserAPI,Action:HttpGet,Method:GetUserRoleRights,User:admin,UnitID:2
2023-11-23 11:32:42.9717|INFO|PIVF.Web.Api.Master.Configuration.UserAPIController|Controller Name:UserAPI,Action:HttpGet,Method:GetUserRoleRights,User:admin,UnitID:2
2023-11-23 11:32:43.5553|INFO|PIVF.Web.Api.Master.Configuration.UserAPIController|Controller Name:UserAPI,Action:HttpGet,Method:GetGrandParentList,User:admin,UnitID:2
2023-11-23 11:32:43.5553|INFO|PIVF.Web.Api.Master.Configuration.UserAPIController|Controller Name:UserAPI,Action:HttpGet,Method:GetGrandParentList,User:admin,UnitID:2
2023-11-23 11:32:43.6540|INFO|PIVF.Web.Api.Master.Common.CommonController|1_Controller Name:CommonController,Action:HttpGet,Method:GetDoctorsList,User:admin,UnitID:2
2023-11-23 11:32:43.6540|INFO|PIVF.Web.Api.Master.Common.CommonController|1_Controller Name:CommonController,Action:HttpGet,Method:GetDoctorsList,User:admin,UnitID:2
2023-11-23 11:32:44.1855|INFO|PIVF.Web.Api.Master.Common.CommonController|1_Controller Name:CommonController,Action:HttpGet,Method:GetSpeclRegTypeList,User:admin,UnitID:2
2023-11-23 11:32:44.1855|INFO|PIVF.Web.Api.Master.Common.CommonController|1_Controller Name:CommonController,Action:HttpGet,Method:GetSpeclRegTypeList,User:admin,UnitID:2
2023-11-23 11:32:45.2029|INFO|PIVF.Web.Api.Master.Common.CommonController|1_Controller Name:CommonController,Action:HttpGet,Method:GetDepartmentList,User:admin,UnitID:2
2023-11-23 11:32:45.2029|INFO|PIVF.Web.Api.Master.Common.CommonController|1_Controller Name:CommonController,Action:HttpGet,Method:GetDepartmentList,User:admin,UnitID:2
2023-11-23 11:32:45.5151|INFO|PIVF.Web.Api.Master.Configuration.UserAPIController|Controller Name:UserAPI,Action:HttpGet,Method:GetParentList,User:admin,UnitID:2
2023-11-23 11:32:45.5151|INFO|PIVF.Web.Api.Master.Configuration.UserAPIController|Controller Name:UserAPI,Action:HttpGet,Method:GetParentList,User:admin,UnitID:2
2023-11-23 11:32:45.7363|INFO|PIVF.Web.Api.QueueMgt.QueueMgtController|Controller Name:QueueMgt,Action:HttpPost,Method:GetQueueList,User:admin,UnitID:2
2023-11-23 11:32:45.7363|INFO|PIVF.Web.Api.QueueMgt.QueueMgtController|Controller Name:QueueMgt,Action:HttpPost,Method:GetQueueList,User:admin,UnitID:2
2023-11-23 11:32:46.3101|INFO|PIVF.Web.Api.Master.Configuration.UserAPIController|Controller Name:UserAPI,Action:HttpGet,Method:GetParentList,User:admin,UnitID:2
2023-11-23 11:32:46.3101|INFO|PIVF.Web.Api.Master.Configuration.UserAPIController|Controller Name:UserAPI,Action:HttpGet,Method:GetParentList,User:admin,UnitID:2
2023-11-23 11:32:48.0625|INFO|PIVF.Web.Api.EMR.LandingPage.EMRLandingPageAPIController|Controller Name:EMRLandingPageAPI,Action:GET,Method:GetEMRLandingPageData,User:admin,UnitID:2
2023-11-23 11:32:48.0625|INFO|PIVF.Web.Api.EMR.LandingPage.EMRLandingPageAPIController|Controller Name:EMRLandingPageAPI,Action:GET,Method:GetEMRLandingPageData,User:admin,UnitID:2
2023-11-23 11:32:52.2012|INFO|PIVF.Web.Api.Master.Common.CommonController|Controller Name:Common,Action:GET,Method:GetActiveVisitByPatient,User:admin,UnitID:2
2023-11-23 11:32:52.2012|INFO|PIVF.Web.Api.Master.Common.CommonController|Controller Name:Common,Action:GET,Method:GetActiveVisitByPatient,User:admin,UnitID:2
2023-11-23 11:32:58.2135|INFO|PIVF.Web.Api.ARTMgmt.ReportUpload.ReportUploadAPIController|Controller Name:ReportUploadAPI,Action:GET,Method:fillPathoServiceList,User:admin,UnitID:2
2023-11-23 11:32:58.2135|INFO|PIVF.Web.Api.ARTMgmt.ReportUpload.ReportUploadAPIController|Controller Name:ReportUploadAPI,Action:GET,Method:fillPathoServiceList,User:admin,UnitID:2
2023-11-23 11:32:59.2410|INFO|PIVF.Web.Api.ARTMgmt.ReportUpload.ReportUploadAPIController|Controller Name:ReportUploadAPI,Action:GET,Method:GetReportList,User:admin,UnitID:2
2023-11-23 11:32:59.2410|INFO|PIVF.Web.Api.ARTMgmt.ReportUpload.ReportUploadAPIController|Controller Name:ReportUploadAPI,Action:GET,Method:GetReportList,User:admin,UnitID:2
2023-11-23 11:33:18.8671|INFO|PIVF.Web.Api.ARTMgmt.ReportUpload.ReportUploadAPIController|Controller Name:ReportUploadAPI,Action:GET,Method:GetReportList,User:admin,UnitID:2
2023-11-23 11:33:18.8671|INFO|PIVF.Web.Api.ARTMgmt.ReportUpload.ReportUploadAPIController|Controller Name:ReportUploadAPI,Action:GET,Method:GetReportList,User:admin,UnitID:2
2023-11-23 11:33:19.2619|INFO|PIVF.Web.Api.Master.Common.CommonController|Controller Name:Common,Action:GET,Method:GetActiveVisitByPatient,User:admin,UnitID:2
2023-11-23 11:33:19.2619|INFO|PIVF.Web.Api.Master.Common.CommonController|Controller Name:Common,Action:GET,Method:GetActiveVisitByPatient,User:admin,UnitID:2
2023-11-23 11:33:19.3168|INFO|PIVF.Web.Api.ARTMgmt.ReportUpload.ReportUploadAPIController|Controller Name:ReportUploadAPI,Action:GET,Method:fillPathoServiceList,User:admin,UnitID:2
2023-11-23 11:33:19.3168|INFO|PIVF.Web.Api.ARTMgmt.ReportUpload.ReportUploadAPIController|Controller Name:ReportUploadAPI,Action:GET,Method:fillPathoServiceList,User:admin,UnitID:2
2023-11-23 11:33:22.2821|INFO|PIVF.Web.Api.ARTMgmt.ReportUpload.ReportUploadAPIController|Controller Name:ReportUploadAPI,Action:GET,Method:fillPathoServiceList,User:admin,UnitID:2
2023-11-23 11:33:22.2821|INFO|PIVF.Web.Api.ARTMgmt.ReportUpload.ReportUploadAPIController|Controller Name:ReportUploadAPI,Action:GET,Method:fillPathoServiceList,User:admin,UnitID:2
2023-11-23 11:33:22.3549|INFO|PIVF.Web.Api.ARTMgmt.ReportUpload.ReportUploadAPIController|Controller Name:ReportUploadAPI,Action:GET,Method:GetReportList,User:admin,UnitID:2
2023-11-23 11:33:22.3549|INFO|PIVF.Web.Api.ARTMgmt.ReportUpload.ReportUploadAPIController|Controller Name:ReportUploadAPI,Action:GET,Method:GetReportList,User:admin,UnitID:2
2023-11-23 11:34:13.2507|INFO|PIVF.Web.Api.ARTMgmt.ReportUpload.ReportUploadAPIController|Controller Name:ReportUploadAPI,Action:GET,Method:GetReportList,User:admin,UnitID:2
2023-11-23 11:34:13.2507|INFO|PIVF.Web.Api.ARTMgmt.ReportUpload.ReportUploadAPIController|Controller Name:ReportUploadAPI,Action:GET,Method:GetReportList,User:admin,UnitID:2
2023-11-23 11:34:13.7729|INFO|PIVF.Web.Api.ARTMgmt.ReportUpload.ReportUploadAPIController|Controller Name:ReportUploadAPI,Action:GET,Method:fillPathoServiceList,User:admin,UnitID:2
2023-11-23 11:34:13.7729|INFO|PIVF.Web.Api.ARTMgmt.ReportUpload.ReportUploadAPIController|Controller Name:ReportUploadAPI,Action:GET,Method:fillPathoServiceList,User:admin,UnitID:2
2023-11-23 11:34:28.7621|INFO|PIVF.Web.Api.New_ART.NewARTController|Controller Name:NewART,Action:GET,Method:newCyclebtnFlag,User:admin,UnitID:2
2023-11-23 11:34:28.7621|INFO|PIVF.Web.Api.New_ART.NewARTController|Controller Name:NewART,Action:GET,Method:newCyclebtnFlag,User:admin,UnitID:2
2023-11-23 11:34:28.8050|INFO|PIVF.Web.Api.New_ART.NewARTController|Controller Name:NewART,Action:GET,Method:GetARTCycleList,User:admin,UnitID:2
2023-11-23 11:34:28.8050|INFO|PIVF.Web.Api.New_ART.NewARTController|Controller Name:NewART,Action:GET,Method:GetARTCycleList,User:admin,UnitID:2
2023-11-23 11:34:29.0853|INFO|PIVF.Web.Api.ARTMgmt.ReportUpload.ReportUploadAPIController|Controller Name:ReportUploadAPI,Action:GET,Method:fillPathoServiceList,User:admin,UnitID:2
2023-11-23 11:34:29.0853|INFO|PIVF.Web.Api.ARTMgmt.ReportUpload.ReportUploadAPIController|Controller Name:ReportUploadAPI,Action:GET,Method:fillPathoServiceList,User:admin,UnitID:2
2023-11-23 11:34:29.1731|INFO|PIVF.Web.Api.ARTMgmt.ReportUpload.ReportUploadAPIController|Controller Name:ReportUploadAPI,Action:GET,Method:GetReportList,User:admin,UnitID:2
2023-11-23 11:34:29.1731|INFO|PIVF.Web.Api.ARTMgmt.ReportUpload.ReportUploadAPIController|Controller Name:ReportUploadAPI,Action:GET,Method:GetReportList,User:admin,UnitID:2
2023-11-23 11:35:54.3923|INFO|PIVF.Web.Api.ARTMgmt.ReportUpload.ReportUploadAPIController|Controller Name:ReportUploadAPI,Action:GET,Method:GetReportList,User:admin,UnitID:2
2023-11-23 11:35:54.3923|INFO|PIVF.Web.Api.ARTMgmt.ReportUpload.ReportUploadAPIController|Controller Name:ReportUploadAPI,Action:GET,Method:GetReportList,User:admin,UnitID:2
2023-11-23 11:35:55.3950|INFO|PIVF.Web.Api.ARTMgmt.ReportUpload.ReportUploadAPIController|Controller Name:ReportUploadAPI,Action:GET,Method:fillPathoServiceList,User:admin,UnitID:2
2023-11-23 11:35:55.3950|INFO|PIVF.Web.Api.ARTMgmt.ReportUpload.ReportUploadAPIController|Controller Name:ReportUploadAPI,Action:GET,Method:fillPathoServiceList,User:admin,UnitID:2
2023-11-23 11:36:04.1849|INFO|PIVF.Web.Api.ARTMgmt.ReportUpload.ReportUploadAPIController|Controller Name:ReportUploadAPI,Action:GET,Method:GetReportList,User:admin,UnitID:2
2023-11-23 11:36:04.1849|INFO|PIVF.Web.Api.ARTMgmt.ReportUpload.ReportUploadAPIController|Controller Name:ReportUploadAPI,Action:GET,Method:GetReportList,User:admin,UnitID:2
2023-11-23 11:36:05.1681|INFO|PIVF.Web.Api.ARTMgmt.ReportUpload.ReportUploadAPIController|Controller Name:ReportUploadAPI,Action:GET,Method:fillPathoServiceList,User:admin,UnitID:2
2023-11-23 11:36:05.1681|INFO|PIVF.Web.Api.ARTMgmt.ReportUpload.ReportUploadAPIController|Controller Name:ReportUploadAPI,Action:GET,Method:fillPathoServiceList,User:admin,UnitID:2
2023-11-23 11:36:52.7193|INFO|PIVF.Web.Api.Master.Common.CommonController|Controller Name:Common,Action:GET,Method:GetActiveVisitByPatient,User:admin,UnitID:2
2023-11-23 11:36:52.7193|INFO|PIVF.Web.Api.Master.Common.CommonController|Controller Name:Common,Action:GET,Method:GetActiveVisitByPatient,User:admin,UnitID:2
2023-11-23 11:37:00.7576|INFO|PIVF.Web.Api.EMR.FemaleHistoryController|Controller Name: FemaleHistory,Action: GET,Method: LoadSpecificFemaleHistory,User: admin,UnitID:2
2023-11-23 11:37:00.7576|INFO|PIVF.Web.Api.EMR.FemaleHistoryController|Controller Name: FemaleHistory,Action: GET,Method: LoadSpecificFemaleHistory,User: admin,UnitID:2
2023-11-23 11:40:44.9397|INFO|PIVF.Web.Api.ARTMgmt.ReportUpload.ReportUploadAPIController|Controller Name:ReportUploadAPI,Action:GET,Method:fillPathoServiceList,User:admin,UnitID:2
2023-11-23 11:40:44.9397|INFO|PIVF.Web.Api.ARTMgmt.ReportUpload.ReportUploadAPIController|Controller Name:ReportUploadAPI,Action:GET,Method:fillPathoServiceList,User:admin,UnitID:2
2023-11-23 11:40:45.1751|INFO|PIVF.Web.Api.ARTMgmt.ReportUpload.ReportUploadAPIController|Controller Name:ReportUploadAPI,Action:GET,Method:GetReportList,User:admin,UnitID:2
2023-11-23 11:40:45.1751|INFO|PIVF.Web.Api.ARTMgmt.ReportUpload.ReportUploadAPIController|Controller Name:ReportUploadAPI,Action:GET,Method:GetReportList,User:admin,UnitID:2
2023-11-23 11:41:02.7971|INFO|PIVF.Web.Api.ARTMgmt.ReportUpload.ReportUploadAPIController|Controller Name:ReportUploadAPI,Action:POST,Method:UploadReport,User:admin,UnitID:2
2023-11-23 11:41:02.7971|INFO|PIVF.Web.Api.ARTMgmt.ReportUpload.ReportUploadAPIController|Controller Name:ReportUploadAPI,Action:POST,Method:UploadReport,User:admin,UnitID:2
2023-11-23 11:41:02.8330|INFO|PIVF.Web.Api.ARTMgmt.ReportUpload.ReportUploadAPIController|Controller Name:ReportUploadAPI,Action:GET,Method:GetReportList,User:admin,UnitID:2
2023-11-23 11:41:02.8330|INFO|PIVF.Web.Api.ARTMgmt.ReportUpload.ReportUploadAPIController|Controller Name:ReportUploadAPI,Action:GET,Method:GetReportList,User:admin,UnitID:2
2023-11-23 11:41:07.3609|INFO|PIVF.Web.Api.ARTMgmt.ReportUpload.ReportUploadAPIController|Controller Name:ReportUploadAPI,Action:POST,Method:ViewReport,User:admin,UnitID:2
2023-11-23 11:41:07.3609|INFO|PIVF.Web.Api.ARTMgmt.ReportUpload.ReportUploadAPIController|Controller Name:ReportUploadAPI,Action:POST,Method:ViewReport,User:admin,UnitID:2
2023-11-23 11:43:31.1730|INFO|PIVF.Web.Api.Master.Common.CommonController|Controller Name:Common,Action:GET,Method:GetActiveVisitByPatient,User:admin,UnitID:2
2023-11-23 11:43:31.1730|INFO|PIVF.Web.Api.Master.Common.CommonController|Controller Name:Common,Action:GET,Method:GetActiveVisitByPatient,User:admin,UnitID:2
2023-11-23 11:43:39.3138|INFO|PIVF.Web.Api.EMR.FemaleHistoryController|Controller Name: FemaleHistory,Action: GET,Method: LoadSpecificFemaleHistory,User: admin,UnitID:2
2023-11-23 11:43:39.3138|INFO|PIVF.Web.Api.EMR.FemaleHistoryController|Controller Name: FemaleHistory,Action: GET,Method: LoadSpecificFemaleHistory,User: admin,UnitID:2
2023-11-23 11:46:08.1037|INFO|PIVF.Web.Api.EMR.FemaleHistoryController|Controller Name: FemaleHistory,Action: POST,Method: InsertFemaleHistory,User: admin,UnitID:2
2023-11-23 11:46:08.1037|INFO|PIVF.Web.Api.EMR.FemaleHistoryController|Controller Name: FemaleHistory,Action: POST,Method: InsertFemaleHistory,User: admin,UnitID:2
2023-11-23 11:46:16.2865|INFO|PIVF.Web.Api.EMR.FemaleHistoryController|Controller Name: FemaleHistory,Action: GET,Method: LoadSpecificFemaleHistory,User: admin,UnitID:2
2023-11-23 11:46:16.2865|INFO|PIVF.Web.Api.EMR.FemaleHistoryController|Controller Name: FemaleHistory,Action: GET,Method: LoadSpecificFemaleHistory,User: admin,UnitID:2
2023-11-23 11:56:24.8507|INFO|PIVF.Web.Api.QueueMgt.QueueMgtController|Controller Name:QueueMgt,Action:HttpPost,Method:GetQueueList,User:admin,UnitID:2
2023-11-23 11:56:24.8507|INFO|PIVF.Web.Api.QueueMgt.QueueMgtController|Controller Name:QueueMgt,Action:HttpPost,Method:GetQueueList,User:admin,UnitID:2
2023-11-23 11:56:25.1000|INFO|PIVF.Web.Api.Master.Common.CommonController|1_Controller Name:CommonController,Action:HttpGet,Method:GetDepartmentList,User:admin,UnitID:2
2023-11-23 11:56:25.1000|INFO|PIVF.Web.Api.Master.Common.CommonController|1_Controller Name:CommonController,Action:HttpGet,Method:GetDepartmentList,User:admin,UnitID:2
2023-11-23 11:56:25.1838|INFO|PIVF.Web.Api.Master.Configuration.UserAPIController|Controller Name:UserAPI,Action:HttpGet,Method:GetGrandParentList,User:admin,UnitID:2
2023-11-23 11:56:25.1838|INFO|PIVF.Web.Api.Master.Configuration.UserAPIController|Controller Name:UserAPI,Action:HttpGet,Method:GetGrandParentList,User:admin,UnitID:2
2023-11-23 11:56:25.3842|INFO|PIVF.Web.Api.Master.Common.CommonController|1_Controller Name:CommonController,Action:HttpGet,Method:GetSpeclRegTypeList,User:admin,UnitID:2
2023-11-23 11:56:25.3842|INFO|PIVF.Web.Api.Master.Common.CommonController|1_Controller Name:CommonController,Action:HttpGet,Method:GetSpeclRegTypeList,User:admin,UnitID:2
2023-11-23 11:56:25.4162|INFO|PIVF.Web.Api.Master.Common.CommonController|1_Controller Name:CommonController,Action:HttpGet,Method:GetDoctorsList,User:admin,UnitID:2
2023-11-23 11:56:25.4162|INFO|PIVF.Web.Api.Master.Common.CommonController|1_Controller Name:CommonController,Action:HttpGet,Method:GetDoctorsList,User:admin,UnitID:2
2023-11-23 11:56:25.6910|INFO|PIVF.Web.Api.Master.Configuration.UserAPIController|Controller Name:UserAPI,Action:HttpGet,Method:GetUserRoleRights,User:admin,UnitID:2
2023-11-23 11:56:25.6910|INFO|PIVF.Web.Api.Master.Configuration.UserAPIController|Controller Name:UserAPI,Action:HttpGet,Method:GetUserRoleRights,User:admin,UnitID:2
2023-11-23 11:56:27.4508|INFO|PIVF.Web.Api.Master.Configuration.UserAPIController|Controller Name:UserAPI,Action:HttpGet,Method:GetParentList,User:admin,UnitID:2
2023-11-23 11:56:27.4508|INFO|PIVF.Web.Api.Master.Configuration.UserAPIController|Controller Name:UserAPI,Action:HttpGet,Method:GetParentList,User:admin,UnitID:2
2023-11-23 11:56:27.4807|INFO|PIVF.Web.Api.Master.Configuration.UserAPIController|Controller Name:UserAPI,Action:HttpGet,Method:GetParentList,User:admin,UnitID:2
2023-11-23 11:56:27.4807|INFO|PIVF.Web.Api.Master.Configuration.UserAPIController|Controller Name:UserAPI,Action:HttpGet,Method:GetParentList,User:admin,UnitID:2
2023-11-23 11:56:31.2825|INFO|PIVF.Web.Api.Master.Common.CommonController|1_Controller Name:CommonController,Action:HttpGet,Method:GetDoctorsList,User:admin,UnitID:2
2023-11-23 11:56:31.2825|INFO|PIVF.Web.Api.Master.Common.CommonController|1_Controller Name:CommonController,Action:HttpGet,Method:GetDoctorsList,User:admin,UnitID:2
2023-11-23 11:56:31.3453|INFO|PIVF.Web.Api.QueueMgt.QueueMgtController|Controller Name:QueueMgt,Action:HttpPost,Method:GetQueueList,User:admin,UnitID:2
2023-11-23 11:56:31.3453|INFO|PIVF.Web.Api.QueueMgt.QueueMgtController|Controller Name:QueueMgt,Action:HttpPost,Method:GetQueueList,User:admin,UnitID:2
2023-11-23 11:56:31.7746|INFO|PIVF.Web.Api.Master.Common.CommonController|1_Controller Name:CommonController,Action:HttpGet,Method:GetDepartmentList,User:admin,UnitID:2
2023-11-23 11:56:31.7746|INFO|PIVF.Web.Api.Master.Common.CommonController|1_Controller Name:CommonController,Action:HttpGet,Method:GetDepartmentList,User:admin,UnitID:2
2023-11-23 11:56:31.8097|INFO|PIVF.Web.Api.Master.Common.CommonController|1_Controller Name:CommonController,Action:HttpGet,Method:GetSpeclRegTypeList,User:admin,UnitID:2
2023-11-23 11:56:31.8097|INFO|PIVF.Web.Api.Master.Common.CommonController|1_Controller Name:CommonController,Action:HttpGet,Method:GetSpeclRegTypeList,User:admin,UnitID:2
2023-11-23 11:56:33.6555|INFO|PIVF.Web.Api.EMR.LandingPage.EMRLandingPageAPIController|Controller Name:EMRLandingPageAPI,Action:GET,Method:GetEMRLandingPageData,User:admin,UnitID:2
2023-11-23 11:56:33.6555|INFO|PIVF.Web.Api.EMR.LandingPage.EMRLandingPageAPIController|Controller Name:EMRLandingPageAPI,Action:GET,Method:GetEMRLandingPageData,User:admin,UnitID:2
2023-11-23 11:56:36.8849|INFO|PIVF.Web.Api.Master.Common.CommonController|Controller Name:Common,Action:GET,Method:GetActiveVisitByPatient,User:admin,UnitID:2
2023-11-23 11:56:36.8849|INFO|PIVF.Web.Api.Master.Common.CommonController|Controller Name:Common,Action:GET,Method:GetActiveVisitByPatient,User:admin,UnitID:2
2023-11-23 11:56:43.7208|INFO|PIVF.Web.Api.EMR.FemaleHistoryController|Controller Name: FemaleHistory,Action: GET,Method: LoadSpecificFemaleHistory,User: admin,UnitID:2
2023-11-23 11:56:43.7208|INFO|PIVF.Web.Api.EMR.FemaleHistoryController|Controller Name: FemaleHistory,Action: GET,Method: LoadSpecificFemaleHistory,User: admin,UnitID:2
2023-11-23 12:08:30.2991|INFO|PIVF.Web.Api.Master.Configuration.UserAPIController|Controller Name:UserAPI,Action:HttpGet,Method:GetUserRoleRights,User:admin,UnitID:2
2023-11-23 12:08:30.2991|INFO|PIVF.Web.Api.Master.Configuration.UserAPIController|Controller Name:UserAPI,Action:HttpGet,Method:GetUserRoleRights,User:admin,UnitID:2
2023-11-23 12:08:30.7808|INFO|PIVF.Web.Api.QueueMgt.QueueMgtController|Controller Name:QueueMgt,Action:HttpPost,Method:GetQueueList,User:admin,UnitID:2
2023-11-23 12:08:30.7808|INFO|PIVF.Web.Api.QueueMgt.QueueMgtController|Controller Name:QueueMgt,Action:HttpPost,Method:GetQueueList,User:admin,UnitID:2
2023-11-23 12:08:30.9844|INFO|PIVF.Web.Api.Master.Common.CommonController|1_Controller Name:CommonController,Action:HttpGet,Method:GetSpeclRegTypeList,User:admin,UnitID:2
2023-11-23 12:08:30.9844|INFO|PIVF.Web.Api.Master.Common.CommonController|1_Controller Name:CommonController,Action:HttpGet,Method:GetSpeclRegTypeList,User:admin,UnitID:2
2023-11-23 12:08:31.3360|INFO|PIVF.Web.Api.Master.Common.CommonController|1_Controller Name:CommonController,Action:HttpGet,Method:GetDoctorsList,User:admin,UnitID:2
2023-11-23 12:08:31.3360|INFO|PIVF.Web.Api.Master.Common.CommonController|1_Controller Name:CommonController,Action:HttpGet,Method:GetDoctorsList,User:admin,UnitID:2
2023-11-23 12:08:31.8180|INFO|PIVF.Web.Api.Master.Common.CommonController|1_Controller Name:CommonController,Action:HttpGet,Method:GetDepartmentList,User:admin,UnitID:2
2023-11-23 12:08:31.8180|INFO|PIVF.Web.Api.Master.Common.CommonController|1_Controller Name:CommonController,Action:HttpGet,Method:GetDepartmentList,User:admin,UnitID:2
2023-11-23 12:08:32.1293|INFO|PIVF.Web.Api.Master.Configuration.UserAPIController|Controller Name:UserAPI,Action:HttpGet,Method:GetParentList,User:admin,UnitID:2
2023-11-23 12:08:32.1293|INFO|PIVF.Web.Api.Master.Configuration.UserAPIController|Controller Name:UserAPI,Action:HttpGet,Method:GetParentList,User:admin,UnitID:2
2023-11-23 12:08:32.2063|INFO|PIVF.Web.Api.Master.Configuration.UserAPIController|Controller Name:UserAPI,Action:HttpGet,Method:GetParentList,User:admin,UnitID:2
2023-11-23 12:08:32.2063|INFO|PIVF.Web.Api.Master.Configuration.UserAPIController|Controller Name:UserAPI,Action:HttpGet,Method:GetParentList,User:admin,UnitID:2
2023-11-23 12:08:32.4588|INFO|PIVF.Web.Api.Master.Configuration.UserAPIController|Controller Name:UserAPI,Action:HttpGet,Method:GetGrandParentList,User:admin,UnitID:2
2023-11-23 12:08:32.4588|INFO|PIVF.Web.Api.Master.Configuration.UserAPIController|Controller Name:UserAPI,Action:HttpGet,Method:GetGrandParentList,User:admin,UnitID:2
2023-11-23 12:08:36.4145|INFO|PIVF.Web.Api.EMR.LandingPage.EMRLandingPageAPIController|Controller Name:EMRLandingPageAPI,Action:GET,Method:GetEMRLandingPageData,User:admin,UnitID:2
2023-11-23 12:08:36.4145|INFO|PIVF.Web.Api.EMR.LandingPage.EMRLandingPageAPIController|Controller Name:EMRLandingPageAPI,Action:GET,Method:GetEMRLandingPageData,User:admin,UnitID:2
2023-11-23 12:08:40.5945|INFO|PIVF.Web.Api.Master.Common.CommonController|Controller Name:Common,Action:GET,Method:GetActiveVisitByPatient,User:admin,UnitID:2
2023-11-23 12:08:40.5945|INFO|PIVF.Web.Api.Master.Common.CommonController|Controller Name:Common,Action:GET,Method:GetActiveVisitByPatient,User:admin,UnitID:2
2023-11-23 12:08:44.9291|INFO|PIVF.Web.Api.EMR.FemaleHistoryController|Controller Name: FemaleHistory,Action: GET,Method: LoadSpecificFemaleHistory,User: admin,UnitID:2
2023-11-23 12:08:44.9291|INFO|PIVF.Web.Api.EMR.FemaleHistoryController|Controller Name: FemaleHistory,Action: GET,Method: LoadSpecificFemaleHistory,User: admin,UnitID:2
2023-11-23 12:09:32.8723|INFO|PIVF.Web.Api.Master.Configuration.UserAPIController|Controller Name:UserAPI,Action:HttpGet,Method:GetUserRoleRights,User:admin,UnitID:2
2023-11-23 12:09:32.8723|INFO|PIVF.Web.Api.Master.Configuration.UserAPIController|Controller Name:UserAPI,Action:HttpGet,Method:GetUserRoleRights,User:admin,UnitID:2
2023-11-23 12:09:33.3685|INFO|PIVF.Web.Api.Master.Common.CommonController|1_Controller Name:CommonController,Action:HttpGet,Method:GetDepartmentList,User:admin,UnitID:2
2023-11-23 12:09:33.3685|INFO|PIVF.Web.Api.Master.Common.CommonController|1_Controller Name:CommonController,Action:HttpGet,Method:GetDepartmentList,User:admin,UnitID:2
2023-11-23 12:09:33.8363|INFO|PIVF.Web.Api.Master.Common.CommonController|1_Controller Name:CommonController,Action:HttpGet,Method:GetSpeclRegTypeList,User:admin,UnitID:2
2023-11-23 12:09:33.8363|INFO|PIVF.Web.Api.Master.Common.CommonController|1_Controller Name:CommonController,Action:HttpGet,Method:GetSpeclRegTypeList,User:admin,UnitID:2
2023-11-23 12:09:33.8737|INFO|PIVF.Web.Api.QueueMgt.QueueMgtController|Controller Name:QueueMgt,Action:HttpPost,Method:GetQueueList,User:admin,UnitID:2
2023-11-23 12:09:33.8737|INFO|PIVF.Web.Api.QueueMgt.QueueMgtController|Controller Name:QueueMgt,Action:HttpPost,Method:GetQueueList,User:admin,UnitID:2
2023-11-23 12:09:34.8980|INFO|PIVF.Web.Api.Master.Configuration.UserAPIController|Controller Name:UserAPI,Action:HttpGet,Method:GetGrandParentList,User:admin,UnitID:2
2023-11-23 12:09:34.8980|INFO|PIVF.Web.Api.Master.Configuration.UserAPIController|Controller Name:UserAPI,Action:HttpGet,Method:GetGrandParentList,User:admin,UnitID:2
2023-11-23 12:09:35.0879|INFO|PIVF.Web.Api.Master.Configuration.UserAPIController|Controller Name:UserAPI,Action:HttpGet,Method:GetParentList,User:admin,UnitID:2
2023-11-23 12:09:35.0879|INFO|PIVF.Web.Api.Master.Configuration.UserAPIController|Controller Name:UserAPI,Action:HttpGet,Method:GetParentList,User:admin,UnitID:2
2023-11-23 12:09:35.1119|INFO|PIVF.Web.Api.Master.Configuration.UserAPIController|Controller Name:UserAPI,Action:HttpGet,Method:GetParentList,User:admin,UnitID:2
2023-11-23 12:09:35.1119|INFO|PIVF.Web.Api.Master.Configuration.UserAPIController|Controller Name:UserAPI,Action:HttpGet,Method:GetParentList,User:admin,UnitID:2
2023-11-23 12:09:35.4003|INFO|PIVF.Web.Api.Master.Common.CommonController|1_Controller Name:CommonController,Action:HttpGet,Method:GetDoctorsList,User:admin,UnitID:2
2023-11-23 12:09:35.4003|INFO|PIVF.Web.Api.Master.Common.CommonController|1_Controller Name:CommonController,Action:HttpGet,Method:GetDoctorsList,User:admin,UnitID:2
2023-11-23 12:09:37.7349|INFO|PIVF.Web.Api.QueueMgt.QueueMgtController|Controller Name:QueueMgt,Action:HttpPost,Method:GetQueueList,User:admin,UnitID:2
2023-11-23 12:09:37.7349|INFO|PIVF.Web.Api.QueueMgt.QueueMgtController|Controller Name:QueueMgt,Action:HttpPost,Method:GetQueueList,User:admin,UnitID:2
2023-11-23 12:09:37.8700|INFO|PIVF.Web.Api.Master.Common.CommonController|1_Controller Name:CommonController,Action:HttpGet,Method:GetSpeclRegTypeList,User:admin,UnitID:2
2023-11-23 12:09:37.8700|INFO|PIVF.Web.Api.Master.Common.CommonController|1_Controller Name:CommonController,Action:HttpGet,Method:GetSpeclRegTypeList,User:admin,UnitID:2
2023-11-23 12:09:38.2601|INFO|PIVF.Web.Api.Master.Common.CommonController|1_Controller Name:CommonController,Action:HttpGet,Method:GetDepartmentList,User:admin,UnitID:2
2023-11-23 12:09:38.2601|INFO|PIVF.Web.Api.Master.Common.CommonController|1_Controller Name:CommonController,Action:HttpGet,Method:GetDepartmentList,User:admin,UnitID:2
2023-11-23 12:09:38.7565|INFO|PIVF.Web.Api.Master.Common.CommonController|1_Controller Name:CommonController,Action:HttpGet,Method:GetDoctorsList,User:admin,UnitID:2
2023-11-23 12:09:38.7565|INFO|PIVF.Web.Api.Master.Common.CommonController|1_Controller Name:CommonController,Action:HttpGet,Method:GetDoctorsList,User:admin,UnitID:2
2023-11-23 12:09:39.2301|INFO|PIVF.Web.Api.EMR.LandingPage.EMRLandingPageAPIController|Controller Name:EMRLandingPageAPI,Action:GET,Method:GetEMRLandingPageData,User:admin,UnitID:2
2023-11-23 12:09:39.2301|INFO|PIVF.Web.Api.EMR.LandingPage.EMRLandingPageAPIController|Controller Name:EMRLandingPageAPI,Action:GET,Method:GetEMRLandingPageData,User:admin,UnitID:2
2023-11-23 12:09:43.6816|INFO|PIVF.Web.Api.Master.Common.CommonController|Controller Name:Common,Action:GET,Method:GetActiveVisitByPatient,User:admin,UnitID:2
2023-11-23 12:09:43.6816|INFO|PIVF.Web.Api.Master.Common.CommonController|Controller Name:Common,Action:GET,Method:GetActiveVisitByPatient,User:admin,UnitID:2
2023-11-23 12:09:48.1678|INFO|PIVF.Web.Api.EMR.FemaleHistoryController|Controller Name: FemaleHistory,Action: GET,Method: LoadSpecificFemaleHistory,User: admin,UnitID:2
2023-11-23 12:09:48.1678|INFO|PIVF.Web.Api.EMR.FemaleHistoryController|Controller Name: FemaleHistory,Action: GET,Method: LoadSpecificFemaleHistory,User: admin,UnitID:2
2023-11-23 12:11:06.0619|INFO|PIVF.Web.Api.Master.Common.CommonController|Controller Name:Common,Action:GET,Method:GetActiveVisitByPatient,User:admin,UnitID:2
2023-11-23 12:11:06.0619|INFO|PIVF.Web.Api.Master.Common.CommonController|Controller Name:Common,Action:GET,Method:GetActiveVisitByPatient,User:admin,UnitID:2
2023-11-23 12:19:34.5434|INFO|PIVF.Web.Api.Master.Configuration.UserAPIController|Controller Name:UserAPI,Action:HttpGet,Method:GetGrandParentList,User:admin,UnitID:2
2023-11-23 12:19:34.5434|INFO|PIVF.Web.Api.Master.Configuration.UserAPIController|Controller Name:UserAPI,Action:HttpGet,Method:GetGrandParentList,User:admin,UnitID:2
2023-11-23 12:19:35.7054|INFO|PIVF.Web.Api.Master.Configuration.UserAPIController|Controller Name:UserAPI,Action:HttpGet,Method:GetParentList,User:admin,UnitID:2
2023-11-23 12:19:35.7054|INFO|PIVF.Web.Api.Master.Configuration.UserAPIController|Controller Name:UserAPI,Action:HttpGet,Method:GetParentList,User:admin,UnitID:2
2023-11-23 12:19:35.7285|INFO|PIVF.Web.Api.Master.Configuration.UserAPIController|Controller Name:UserAPI,Action:HttpGet,Method:GetParentList,User:admin,UnitID:2
2023-11-23 12:19:35.7285|INFO|PIVF.Web.Api.Master.Configuration.UserAPIController|Controller Name:UserAPI,Action:HttpGet,Method:GetParentList,User:admin,UnitID:2
2023-11-23 12:19:36.2340|INFO|PIVF.Web.Api.Master.Configuration.UserAPIController|Controller Name:UserAPI,Action:HttpGet,Method:GetUserRoleRights,User:admin,UnitID:2
2023-11-23 12:19:36.2340|INFO|PIVF.Web.Api.Master.Configuration.UserAPIController|Controller Name:UserAPI,Action:HttpGet,Method:GetUserRoleRights,User:admin,UnitID:2
2023-11-23 12:19:36.8884|INFO|PIVF.Web.Api.QueueMgt.QueueMgtController|Controller Name:QueueMgt,Action:HttpPost,Method:GetQueueList,User:admin,UnitID:2
2023-11-23 12:19:36.8884|INFO|PIVF.Web.Api.QueueMgt.QueueMgtController|Controller Name:QueueMgt,Action:HttpPost,Method:GetQueueList,User:admin,UnitID:2
2023-11-23 12:19:37.4463|INFO|PIVF.Web.Api.Master.Common.CommonController|1_Controller Name:CommonController,Action:HttpGet,Method:GetSpeclRegTypeList,User:admin,UnitID:2
2023-11-23 12:19:37.4463|INFO|PIVF.Web.Api.Master.Common.CommonController|1_Controller Name:CommonController,Action:HttpGet,Method:GetSpeclRegTypeList,User:admin,UnitID:2
2023-11-23 12:19:37.9476|INFO|PIVF.Web.Api.Master.Common.CommonController|1_Controller Name:CommonController,Action:HttpGet,Method:GetDoctorsList,User:admin,UnitID:2
2023-11-23 12:19:37.9476|INFO|PIVF.Web.Api.Master.Common.CommonController|1_Controller Name:CommonController,Action:HttpGet,Method:GetDoctorsList,User:admin,UnitID:2
2023-11-23 12:19:38.4599|INFO|PIVF.Web.Api.Master.Common.CommonController|1_Controller Name:CommonController,Action:HttpGet,Method:GetDepartmentList,User:admin,UnitID:2
2023-11-23 12:19:38.4599|INFO|PIVF.Web.Api.Master.Common.CommonController|1_Controller Name:CommonController,Action:HttpGet,Method:GetDepartmentList,User:admin,UnitID:2
2023-11-23 12:19:40.9727|INFO|PIVF.Web.Api.EMR.LandingPage.EMRLandingPageAPIController|Controller Name:EMRLandingPageAPI,Action:GET,Method:GetEMRLandingPageData,User:admin,UnitID:2
2023-11-23 12:19:40.9727|INFO|PIVF.Web.Api.EMR.LandingPage.EMRLandingPageAPIController|Controller Name:EMRLandingPageAPI,Action:GET,Method:GetEMRLandingPageData,User:admin,UnitID:2
2023-11-23 12:19:43.9366|INFO|PIVF.Web.Api.Master.Common.CommonController|Controller Name:Common,Action:GET,Method:GetActiveVisitByPatient,User:admin,UnitID:2
2023-11-23 12:19:43.9366|INFO|PIVF.Web.Api.Master.Common.CommonController|Controller Name:Common,Action:GET,Method:GetActiveVisitByPatient,User:admin,UnitID:2
2023-11-23 12:19:49.0161|INFO|PIVF.Web.Api.EMR.FemaleHistoryController|Controller Name: FemaleHistory,Action: GET,Method: LoadSpecificFemaleHistory,User: admin,UnitID:2
2023-11-23 12:19:49.0161|INFO|PIVF.Web.Api.EMR.FemaleHistoryController|Controller Name: FemaleHistory,Action: GET,Method: LoadSpecificFemaleHistory,User: admin,UnitID:2
2023-11-23 12:19:54.5169|INFO|PIVF.Web.Api.Master.Common.CommonController|Controller Name:Common,Action:GET,Method:GetActiveVisitByPatient,User:admin,UnitID:2
2023-11-23 12:19:54.5169|INFO|PIVF.Web.Api.Master.Common.CommonController|Controller Name:Common,Action:GET,Method:GetActiveVisitByPatient,User:admin,UnitID:2
2023-11-23 12:20:36.1911|INFO|PIVF.Web.Api.Master.Common.CommonController|Controller Name:Common,Action:GET,Method:GetActiveVisitByPatient,User:admin,UnitID:2
2023-11-23 12:20:36.1911|INFO|PIVF.Web.Api.Master.Common.CommonController|Controller Name:Common,Action:GET,Method:GetActiveVisitByPatient,User:admin,UnitID:2
2023-11-23 12:20:40.5800|INFO|PIVF.Web.Api.EMR.FemaleHistoryController|Controller Name: FemaleHistory,Action: GET,Method: LoadSpecificFemaleHistory,User: admin,UnitID:2
2023-11-23 12:20:40.5800|INFO|PIVF.Web.Api.EMR.FemaleHistoryController|Controller Name: FemaleHistory,Action: GET,Method: LoadSpecificFemaleHistory,User: admin,UnitID:2
2023-11-23 12:23:41.2692|INFO|PIVF.Web.Api.Master.Configuration.UserAPIController|Controller Name:UserAPI,Action:HttpGet,Method:GetGrandParentList,User:admin,UnitID:2
2023-11-23 12:23:41.2692|INFO|PIVF.Web.Api.Master.Configuration.UserAPIController|Controller Name:UserAPI,Action:HttpGet,Method:GetGrandParentList,User:admin,UnitID:2
2023-11-23 12:23:41.5540|INFO|PIVF.Web.Api.Master.Common.CommonController|1_Controller Name:CommonController,Action:HttpGet,Method:GetDepartmentList,User:admin,UnitID:2
2023-11-23 12:23:41.5540|INFO|PIVF.Web.Api.Master.Common.CommonController|1_Controller Name:CommonController,Action:HttpGet,Method:GetDepartmentList,User:admin,UnitID:2
2023-11-23 12:23:41.5640|INFO|PIVF.Web.Api.Master.Common.CommonController|1_Controller Name:CommonController,Action:HttpGet,Method:GetDoctorsList,User:admin,UnitID:2
2023-11-23 12:23:41.5640|INFO|PIVF.Web.Api.Master.Common.CommonController|1_Controller Name:CommonController,Action:HttpGet,Method:GetDoctorsList,User:admin,UnitID:2
2023-11-23 12:23:41.6318|INFO|PIVF.Web.Api.QueueMgt.QueueMgtController|Controller Name:QueueMgt,Action:HttpPost,Method:GetQueueList,User:admin,UnitID:2
2023-11-23 12:23:41.6318|INFO|PIVF.Web.Api.QueueMgt.QueueMgtController|Controller Name:QueueMgt,Action:HttpPost,Method:GetQueueList,User:admin,UnitID:2
2023-11-23 12:23:42.1169|INFO|PIVF.Web.Api.Master.Common.CommonController|1_Controller Name:CommonController,Action:HttpGet,Method:GetSpeclRegTypeList,User:admin,UnitID:2
2023-11-23 12:23:42.1169|INFO|PIVF.Web.Api.Master.Common.CommonController|1_Controller Name:CommonController,Action:HttpGet,Method:GetSpeclRegTypeList,User:admin,UnitID:2
2023-11-23 12:23:43.3224|INFO|PIVF.Web.Api.Master.Configuration.UserAPIController|Controller Name:UserAPI,Action:HttpGet,Method:GetUserRoleRights,User:admin,UnitID:2
2023-11-23 12:23:43.3224|INFO|PIVF.Web.Api.Master.Configuration.UserAPIController|Controller Name:UserAPI,Action:HttpGet,Method:GetUserRoleRights,User:admin,UnitID:2
2023-11-23 12:23:44.0556|INFO|PIVF.Web.Api.Master.Configuration.UserAPIController|Controller Name:UserAPI,Action:HttpGet,Method:GetParentList,User:admin,UnitID:2
2023-11-23 12:23:44.0556|INFO|PIVF.Web.Api.Master.Configuration.UserAPIController|Controller Name:UserAPI,Action:HttpGet,Method:GetParentList,User:admin,UnitID:2
2023-11-23 12:23:44.0940|INFO|PIVF.Web.Api.Master.Configuration.UserAPIController|Controller Name:UserAPI,Action:HttpGet,Method:GetParentList,User:admin,UnitID:2
2023-11-23 12:23:44.0940|INFO|PIVF.Web.Api.Master.Configuration.UserAPIController|Controller Name:UserAPI,Action:HttpGet,Method:GetParentList,User:admin,UnitID:2
2023-11-23 12:23:46.0811|INFO|PIVF.Web.Api.EMR.LandingPage.EMRLandingPageAPIController|Controller Name:EMRLandingPageAPI,Action:GET,Method:GetEMRLandingPageData,User:admin,UnitID:2
2023-11-23 12:23:46.0811|INFO|PIVF.Web.Api.EMR.LandingPage.EMRLandingPageAPIController|Controller Name:EMRLandingPageAPI,Action:GET,Method:GetEMRLandingPageData,User:admin,UnitID:2
2023-11-23 12:23:53.4558|INFO|PIVF.Web.Api.Master.Common.CommonController|Controller Name:Common,Action:GET,Method:GetActiveVisitByPatient,User:admin,UnitID:2
2023-11-23 12:23:53.4558|INFO|PIVF.Web.Api.Master.Common.CommonController|Controller Name:Common,Action:GET,Method:GetActiveVisitByPatient,User:admin,UnitID:2
2023-11-23 12:24:01.7494|INFO|PIVF.Web.Api.EMR.FemaleHistoryController|Controller Name: FemaleHistory,Action: GET,Method: LoadSpecificFemaleHistory,User: admin,UnitID:2
2023-11-23 12:24:01.7494|INFO|PIVF.Web.Api.EMR.FemaleHistoryController|Controller Name: FemaleHistory,Action: GET,Method: LoadSpecificFemaleHistory,User: admin,UnitID:2
2023-11-23 12:24:12.8642|INFO|PIVF.Web.Api.EMR.FemaleHistoryController|Controller Name: FemaleHistory,Action: POST,Method: InsertFemaleHistory,User: admin,UnitID:2
2023-11-23 12:24:12.8642|INFO|PIVF.Web.Api.EMR.FemaleHistoryController|Controller Name: FemaleHistory,Action: POST,Method: InsertFemaleHistory,User: admin,UnitID:2
2023-11-23 12:24:19.2208|INFO|PIVF.Web.Api.EMR.FemaleHistoryController|Controller Name: FemaleHistory,Action: GET,Method: LoadSpecificFemaleHistory,User: admin,UnitID:2
2023-11-23 12:24:19.2208|INFO|PIVF.Web.Api.EMR.FemaleHistoryController|Controller Name: FemaleHistory,Action: GET,Method: LoadSpecificFemaleHistory,User: admin,UnitID:2
2023-11-23 12:41:51.8854|INFO|PIVF.Web.Api.New_ART.NewARTController|Controller Name:NewART,Action:GET,Method:newCyclebtnFlag,User:admin,UnitID:2
2023-11-23 12:41:51.8854|INFO|PIVF.Web.Api.New_ART.NewARTController|Controller Name:NewART,Action:GET,Method:newCyclebtnFlag,User:admin,UnitID:2
2023-11-23 12:41:52.8952|INFO|PIVF.Web.Api.New_ART.NewARTController|Controller Name:NewART,Action:GET,Method:GetARTCycleList,User:admin,UnitID:2
2023-11-23 12:41:52.8952|INFO|PIVF.Web.Api.New_ART.NewARTController|Controller Name:NewART,Action:GET,Method:GetARTCycleList,User:admin,UnitID:2
2023-11-23 12:42:14.6845|INFO|PIVF.Web.Api.ARTMgmt.ReportUpload.ReportUploadAPIController|Controller Name:ReportUploadAPI,Action:GET,Method:fillPathoServiceList,User:admin,UnitID:2
2023-11-23 12:42:14.6845|INFO|PIVF.Web.Api.ARTMgmt.ReportUpload.ReportUploadAPIController|Controller Name:ReportUploadAPI,Action:GET,Method:fillPathoServiceList,User:admin,UnitID:2
2023-11-23 12:42:15.7048|INFO|PIVF.Web.Api.ARTMgmt.ReportUpload.ReportUploadAPIController|Controller Name:ReportUploadAPI,Action:GET,Method:GetReportList,User:admin,UnitID:2
2023-11-23 12:42:15.7048|INFO|PIVF.Web.Api.ARTMgmt.ReportUpload.ReportUploadAPIController|Controller Name:ReportUploadAPI,Action:GET,Method:GetReportList,User:admin,UnitID:2
2023-11-23 12:45:29.5822|INFO|PIVF.Web.Api.Master.Configuration.UserAPIController|Controller Name:UserAPI,Action:HttpGet,Method:GetUserRoleRights,User:admin,UnitID:2
2023-11-23 12:45:29.5822|INFO|PIVF.Web.Api.Master.Configuration.UserAPIController|Controller Name:UserAPI,Action:HttpGet,Method:GetUserRoleRights,User:admin,UnitID:2
2023-11-23 12:45:29.8854|INFO|PIVF.Web.Api.Master.Configuration.UserAPIController|Controller Name:UserAPI,Action:HttpGet,Method:GetParentList,User:admin,UnitID:2
2023-11-23 12:45:29.8854|INFO|PIVF.Web.Api.Master.Configuration.UserAPIController|Controller Name:UserAPI,Action:HttpGet,Method:GetParentList,User:admin,UnitID:2
2023-11-23 12:45:29.9891|INFO|PIVF.Web.Api.Master.Configuration.UserAPIController|Controller Name:UserAPI,Action:HttpGet,Method:GetParentList,User:admin,UnitID:2
2023-11-23 12:45:29.9891|INFO|PIVF.Web.Api.Master.Configuration.UserAPIController|Controller Name:UserAPI,Action:HttpGet,Method:GetParentList,User:admin,UnitID:2
2023-11-23 12:45:30.0679|INFO|PIVF.Web.Api.Master.Configuration.UserAPIController|Controller Name:UserAPI,Action:HttpGet,Method:GetGrandParentList,User:admin,UnitID:2
2023-11-23 12:45:30.0679|INFO|PIVF.Web.Api.Master.Configuration.UserAPIController|Controller Name:UserAPI,Action:HttpGet,Method:GetGrandParentList,User:admin,UnitID:2
2023-11-23 12:45:30.2634|INFO|PIVF.Web.Api.Master.Common.CommonController|1_Controller Name:CommonController,Action:HttpGet,Method:GetDoctorsList,User:admin,UnitID:2
2023-11-23 12:45:30.2634|INFO|PIVF.Web.Api.Master.Common.CommonController|1_Controller Name:CommonController,Action:HttpGet,Method:GetDoctorsList,User:admin,UnitID:2
2023-11-23 12:45:30.2843|INFO|PIVF.Web.Api.Master.Common.CommonController|1_Controller Name:CommonController,Action:HttpGet,Method:GetSpeclRegTypeList,User:admin,UnitID:2
2023-11-23 12:45:30.2843|INFO|PIVF.Web.Api.Master.Common.CommonController|1_Controller Name:CommonController,Action:HttpGet,Method:GetSpeclRegTypeList,User:admin,UnitID:2
2023-11-23 12:45:30.7751|INFO|PIVF.Web.Api.QueueMgt.QueueMgtController|Controller Name:QueueMgt,Action:HttpPost,Method:GetQueueList,User:admin,UnitID:2
2023-11-23 12:45:30.7751|INFO|PIVF.Web.Api.QueueMgt.QueueMgtController|Controller Name:QueueMgt,Action:HttpPost,Method:GetQueueList,User:admin,UnitID:2
2023-11-23 12:45:31.2781|INFO|PIVF.Web.Api.Master.Common.CommonController|1_Controller Name:CommonController,Action:HttpGet,Method:GetDepartmentList,User:admin,UnitID:2
2023-11-23 12:45:31.2781|INFO|PIVF.Web.Api.Master.Common.CommonController|1_Controller Name:CommonController,Action:HttpGet,Method:GetDepartmentList,User:admin,UnitID:2
2023-11-23 12:45:37.1228|INFO|PIVF.Web.Api.QueueMgt.QueueMgtController|Controller Name:QueueMgt,Action:HttpPost,Method:GetQueueList,User:admin,UnitID:2
2023-11-23 12:45:37.1228|INFO|PIVF.Web.Api.QueueMgt.QueueMgtController|Controller Name:QueueMgt,Action:HttpPost,Method:GetQueueList,User:admin,UnitID:2
2023-11-23 12:45:38.1382|INFO|PIVF.Web.Api.Master.Common.CommonController|1_Controller Name:CommonController,Action:HttpGet,Method:GetDoctorsList,User:admin,UnitID:2
2023-11-23 12:45:38.1382|INFO|PIVF.Web.Api.Master.Common.CommonController|1_Controller Name:CommonController,Action:HttpGet,Method:GetDoctorsList,User:admin,UnitID:2
2023-11-23 12:45:38.3905|INFO|PIVF.Web.Api.EMR.LandingPage.EMRLandingPageAPIController|Controller Name:EMRLandingPageAPI,Action:GET,Method:GetEMRLandingPageData,User:admin,UnitID:2
2023-11-23 12:45:38.3905|INFO|PIVF.Web.Api.EMR.LandingPage.EMRLandingPageAPIController|Controller Name:EMRLandingPageAPI,Action:GET,Method:GetEMRLandingPageData,User:admin,UnitID:2
2023-11-23 12:45:38.6459|INFO|PIVF.Web.Api.Master.Common.CommonController|1_Controller Name:CommonController,Action:HttpGet,Method:GetDepartmentList,User:admin,UnitID:2
2023-11-23 12:45:38.6459|INFO|PIVF.Web.Api.Master.Common.CommonController|1_Controller Name:CommonController,Action:HttpGet,Method:GetDepartmentList,User:admin,UnitID:2
2023-11-23 12:45:39.1665|INFO|PIVF.Web.Api.Master.Common.CommonController|1_Controller Name:CommonController,Action:HttpGet,Method:GetSpeclRegTypeList,User:admin,UnitID:2
2023-11-23 12:45:39.1665|INFO|PIVF.Web.Api.Master.Common.CommonController|1_Controller Name:CommonController,Action:HttpGet,Method:GetSpeclRegTypeList,User:admin,UnitID:2
2023-11-23 12:45:50.4297|INFO|PIVF.Web.Api.Master.Common.CommonController|Controller Name:Common,Action:GET,Method:GetActiveVisitByPatient,User:admin,UnitID:2
2023-11-23 12:45:50.4297|INFO|PIVF.Web.Api.Master.Common.CommonController|Controller Name:Common,Action:GET,Method:GetActiveVisitByPatient,User:admin,UnitID:2
