2022-08-23 10:54:55.9716|INFO|PIVF.Web.Api.Master.Configuration.UserAPIController|Controller Name:UserAPI,Action:HttpGet,Method:GetUserRoleRights,User:multiplyadmin,UnitID:2
2022-08-23 10:54:55.9716|INFO|PIVF.Web.Api.Master.Configuration.UserAPIController|Controller Name:UserAPI,Action:HttpGet,Method:GetUserRoleRights,User:multiplyadmin,UnitID:2
2022-08-23 10:54:57.1152|INFO|PIVF.Web.Api.Master.Configuration.UserAPIController|Controller Name:UserAPI,Action:HttpGet,Method:GetParentList,User:multiplyadmin,UnitID:2
2022-08-23 10:54:57.1152|INFO|PIVF.Web.Api.Master.Configuration.UserAPIController|Controller Name:UserAPI,Action:HttpGet,Method:GetParentList,User:multiplyadmin,UnitID:2
2022-08-23 10:54:57.1762|INFO|PIVF.Web.Api.Master.Common.CommonController|1_Controller Name:CommonController,Action:HttpGet,Method:GetSpeclRegTypeList,User:multiplyadmin,UnitID:2
2022-08-23 10:54:57.1762|INFO|PIVF.Web.Api.Master.Common.CommonController|1_Controller Name:CommonController,Action:HttpGet,Method:GetSpeclRegTypeList,User:multiplyadmin,UnitID:2
2022-08-23 10:54:57.8905|INFO|PIVF.Web.Api.QueueMgt.QueueMgtController|Controller Name:QueueMgt,Action:HttpPost,Method:GetQueueList,User:multiplyadmin,UnitID:2
2022-08-23 10:54:57.8905|INFO|PIVF.Web.Api.QueueMgt.QueueMgtController|Controller Name:QueueMgt,Action:HttpPost,Method:GetQueueList,User:multiplyadmin,UnitID:2
2022-08-23 10:54:58.0373|INFO|PIVF.Web.Api.Master.Configuration.UserAPIController|Controller Name:UserAPI,Action:HttpGet,Method:GetParentList,User:multiplyadmin,UnitID:2
2022-08-23 10:54:58.0373|INFO|PIVF.Web.Api.Master.Configuration.UserAPIController|Controller Name:UserAPI,Action:HttpGet,Method:GetParentList,User:multiplyadmin,UnitID:2
2022-08-23 10:54:58.1600|INFO|PIVF.Web.Api.Master.Common.CommonController|1_Controller Name:CommonController,Action:HttpGet,Method:GetDoctorsList,User:multiplyadmin,UnitID:2
2022-08-23 10:54:58.1600|INFO|PIVF.Web.Api.Master.Common.CommonController|1_Controller Name:CommonController,Action:HttpGet,Method:GetDoctorsList,User:multiplyadmin,UnitID:2
2022-08-23 10:54:58.2249|INFO|PIVF.Web.Api.Master.Configuration.UserAPIController|Controller Name:UserAPI,Action:HttpGet,Method:GetGrandParentList,User:multiplyadmin,UnitID:2
2022-08-23 10:54:58.2249|INFO|PIVF.Web.Api.Master.Configuration.UserAPIController|Controller Name:UserAPI,Action:HttpGet,Method:GetGrandParentList,User:multiplyadmin,UnitID:2
2022-08-23 10:54:58.6732|INFO|PIVF.Web.Api.Master.Common.CommonController|1_Controller Name:CommonController,Action:HttpGet,Method:GetDepartmentList,User:multiplyadmin,UnitID:2
2022-08-23 10:54:58.6732|INFO|PIVF.Web.Api.Master.Common.CommonController|1_Controller Name:CommonController,Action:HttpGet,Method:GetDepartmentList,User:multiplyadmin,UnitID:2
2022-08-23 10:55:12.3141|INFO|PIVF.Web.Api.Master.Common.CommonController|Controller Name:Common,Action:GET,Method:GetActiveVisitByPatient,User:multiplyadmin,UnitID:2
2022-08-23 10:55:12.3141|INFO|PIVF.Web.Api.Master.Common.CommonController|Controller Name:Common,Action:GET,Method:GetActiveVisitByPatient,User:multiplyadmin,UnitID:2
2022-08-23 10:55:12.3571|INFO|PIVF.Web.Api.Master.Common.CommonController|Controller Name:Common,Action:GET,Method:GetActiveVisitByPatient,User:multiplyadmin,UnitID:2
2022-08-23 10:55:12.3571|INFO|PIVF.Web.Api.Master.Common.CommonController|Controller Name:Common,Action:GET,Method:GetActiveVisitByPatient,User:multiplyadmin,UnitID:2
2022-08-23 10:55:22.9566|INFO|PIVF.Web.Api.Master.Common.CommonController|Controller Name:Common,Action:POST,Method:PutSelectedvisitByPatient,User:multiplyadmin,UnitID:2
2022-08-23 10:55:22.9566|INFO|PIVF.Web.Api.Master.Common.CommonController|Controller Name:Common,Action:POST,Method:PutSelectedvisitByPatient,User:multiplyadmin,UnitID:2
2022-08-23 10:55:24.4662|INFO|PIVF.Web.Api.EMR.LandingPage.EMRLandingPageAPIController|Controller Name:EMRLandingPageAPI,Action:GET,Method:GetEMRLandingPageData,User:multiplyadmin,UnitID:2
2022-08-23 10:55:24.4662|INFO|PIVF.Web.Api.EMR.LandingPage.EMRLandingPageAPIController|Controller Name:EMRLandingPageAPI,Action:GET,Method:GetEMRLandingPageData,User:multiplyadmin,UnitID:2
2022-08-23 10:55:28.0912|INFO|PIVF.Web.Api.New_ART.NewARTController|Controller Name:NewART,Action:GET,Method:newCyclebtnFlag,User:multiplyadmin,UnitID:2
2022-08-23 10:55:28.0912|INFO|PIVF.Web.Api.New_ART.NewARTController|Controller Name:NewART,Action:GET,Method:newCyclebtnFlag,User:multiplyadmin,UnitID:2
2022-08-23 10:55:28.5690|INFO|PIVF.Web.Api.New_ART.NewARTController|Controller Name:NewART,Action:GET,Method:GetARTCycleList,User:multiplyadmin,UnitID:2
2022-08-23 10:55:28.5690|INFO|PIVF.Web.Api.New_ART.NewARTController|Controller Name:NewART,Action:GET,Method:GetARTCycleList,User:multiplyadmin,UnitID:2
2022-08-23 11:06:25.5715|INFO|PIVF.Web.Api.Master.Configuration.UserAPIController|Controller Name:UserAPI,Action:HttpGet,Method:GetUserRoleRights,User:multiplyadmin,UnitID:2
2022-08-23 11:06:25.5715|INFO|PIVF.Web.Api.Master.Configuration.UserAPIController|Controller Name:UserAPI,Action:HttpGet,Method:GetUserRoleRights,User:multiplyadmin,UnitID:2
2022-08-23 11:06:27.5120|INFO|PIVF.Web.Api.Master.Configuration.UserAPIController|Controller Name:UserAPI,Action:HttpGet,Method:GetParentList,User:multiplyadmin,UnitID:2
2022-08-23 11:06:27.5120|INFO|PIVF.Web.Api.Master.Configuration.UserAPIController|Controller Name:UserAPI,Action:HttpGet,Method:GetParentList,User:multiplyadmin,UnitID:2
2022-08-23 11:06:27.7315|INFO|PIVF.Web.Api.Master.Configuration.UserAPIController|Controller Name:UserAPI,Action:HttpGet,Method:GetParentList,User:multiplyadmin,UnitID:2
2022-08-23 11:06:27.7315|INFO|PIVF.Web.Api.Master.Configuration.UserAPIController|Controller Name:UserAPI,Action:HttpGet,Method:GetParentList,User:multiplyadmin,UnitID:2
2022-08-23 11:06:27.8365|INFO|PIVF.Web.Api.Master.Configuration.UserAPIController|Controller Name:UserAPI,Action:HttpGet,Method:GetGrandParentList,User:multiplyadmin,UnitID:2
2022-08-23 11:06:27.8365|INFO|PIVF.Web.Api.Master.Configuration.UserAPIController|Controller Name:UserAPI,Action:HttpGet,Method:GetGrandParentList,User:multiplyadmin,UnitID:2
2022-08-23 11:06:31.6249|INFO|PIVF.Web.Api.Master.Common.CommonController|1_Controller Name:CommonController,Action:HttpGet,Method:GetSpeclRegTypeList,User:multiplyadmin,UnitID:2
2022-08-23 11:06:31.6249|INFO|PIVF.Web.Api.Master.Common.CommonController|1_Controller Name:CommonController,Action:HttpGet,Method:GetSpeclRegTypeList,User:multiplyadmin,UnitID:2
2022-08-23 11:06:32.7635|INFO|PIVF.Web.Api.QueueMgt.QueueMgtController|Controller Name:QueueMgt,Action:HttpPost,Method:GetQueueList,User:multiplyadmin,UnitID:2
2022-08-23 11:06:32.7635|INFO|PIVF.Web.Api.QueueMgt.QueueMgtController|Controller Name:QueueMgt,Action:HttpPost,Method:GetQueueList,User:multiplyadmin,UnitID:2
2022-08-23 11:06:33.2031|INFO|PIVF.Web.Api.Master.Common.CommonController|1_Controller Name:CommonController,Action:HttpGet,Method:GetDepartmentList,User:multiplyadmin,UnitID:2
2022-08-23 11:06:33.2031|INFO|PIVF.Web.Api.Master.Common.CommonController|1_Controller Name:CommonController,Action:HttpGet,Method:GetDepartmentList,User:multiplyadmin,UnitID:2
2022-08-23 11:06:33.7078|INFO|PIVF.Web.Api.Master.Common.CommonController|1_Controller Name:CommonController,Action:HttpGet,Method:GetDoctorsList,User:multiplyadmin,UnitID:2
2022-08-23 11:06:33.7078|INFO|PIVF.Web.Api.Master.Common.CommonController|1_Controller Name:CommonController,Action:HttpGet,Method:GetDoctorsList,User:multiplyadmin,UnitID:2
2022-08-23 11:07:28.6198|INFO|PIVF.Web.Api.Master.Common.CommonController|Controller Name:Common,Action:GET,Method:GetActiveVisitByPatient,User:multiplyadmin,UnitID:2
2022-08-23 11:07:28.6198|INFO|PIVF.Web.Api.Master.Common.CommonController|Controller Name:Common,Action:GET,Method:GetActiveVisitByPatient,User:multiplyadmin,UnitID:2
2022-08-23 11:07:29.6906|INFO|PIVF.Web.Api.Master.Common.CommonController|Controller Name:Common,Action:GET,Method:GetActiveVisitByPatient,User:multiplyadmin,UnitID:2
2022-08-23 11:07:29.6906|INFO|PIVF.Web.Api.Master.Common.CommonController|Controller Name:Common,Action:GET,Method:GetActiveVisitByPatient,User:multiplyadmin,UnitID:2
2022-08-23 11:07:33.4854|INFO|PIVF.Web.Api.Master.Common.CommonController|Controller Name:Common,Action:POST,Method:PutSelectedvisitByPatient,User:multiplyadmin,UnitID:2
2022-08-23 11:07:33.4854|INFO|PIVF.Web.Api.Master.Common.CommonController|Controller Name:Common,Action:POST,Method:PutSelectedvisitByPatient,User:multiplyadmin,UnitID:2
2022-08-23 11:07:34.3824|INFO|PIVF.Web.Api.EMR.LandingPage.EMRLandingPageAPIController|Controller Name:EMRLandingPageAPI,Action:GET,Method:GetEMRLandingPageData,User:multiplyadmin,UnitID:2
2022-08-23 11:07:34.3824|INFO|PIVF.Web.Api.EMR.LandingPage.EMRLandingPageAPIController|Controller Name:EMRLandingPageAPI,Action:GET,Method:GetEMRLandingPageData,User:multiplyadmin,UnitID:2
2022-08-23 11:07:41.5022|INFO|PIVF.Web.Api.New_ART.NewARTController|Controller Name:NewART,Action:GET,Method:GetARTCycleList,User:multiplyadmin,UnitID:2
2022-08-23 11:07:41.5022|INFO|PIVF.Web.Api.New_ART.NewARTController|Controller Name:NewART,Action:GET,Method:GetARTCycleList,User:multiplyadmin,UnitID:2
2022-08-23 11:07:41.9543|INFO|PIVF.Web.Api.New_ART.NewARTController|Controller Name:NewART,Action:GET,Method:newCyclebtnFlag,User:multiplyadmin,UnitID:2
2022-08-23 11:07:41.9543|INFO|PIVF.Web.Api.New_ART.NewARTController|Controller Name:NewART,Action:GET,Method:newCyclebtnFlag,User:multiplyadmin,UnitID:2
2022-08-23 11:11:33.7228|INFO|PIVF.Web.Api.Master.Configuration.UserAPIController|Controller Name:UserAPI,Action:HttpGet,Method:GetGrandParentList,User:multiplyadmin,UnitID:2
2022-08-23 11:11:33.7228|INFO|PIVF.Web.Api.Master.Configuration.UserAPIController|Controller Name:UserAPI,Action:HttpGet,Method:GetGrandParentList,User:multiplyadmin,UnitID:2
2022-08-23 11:11:33.9067|INFO|PIVF.Web.Api.Master.Configuration.UserAPIController|Controller Name:UserAPI,Action:HttpGet,Method:GetUserRoleRights,User:multiplyadmin,UnitID:2
2022-08-23 11:11:33.9067|INFO|PIVF.Web.Api.Master.Configuration.UserAPIController|Controller Name:UserAPI,Action:HttpGet,Method:GetUserRoleRights,User:multiplyadmin,UnitID:2
2022-08-23 11:11:34.1526|INFO|PIVF.Web.Api.Master.Common.CommonController|1_Controller Name:CommonController,Action:HttpGet,Method:GetSpeclRegTypeList,User:multiplyadmin,UnitID:2
2022-08-23 11:11:34.1526|INFO|PIVF.Web.Api.Master.Common.CommonController|1_Controller Name:CommonController,Action:HttpGet,Method:GetSpeclRegTypeList,User:multiplyadmin,UnitID:2
2022-08-23 11:11:34.2145|INFO|PIVF.Web.Api.Master.Configuration.UserAPIController|Controller Name:UserAPI,Action:HttpGet,Method:GetParentList,User:multiplyadmin,UnitID:2
2022-08-23 11:11:34.2145|INFO|PIVF.Web.Api.Master.Configuration.UserAPIController|Controller Name:UserAPI,Action:HttpGet,Method:GetParentList,User:multiplyadmin,UnitID:2
2022-08-23 11:11:34.3105|INFO|PIVF.Web.Api.Master.Configuration.UserAPIController|Controller Name:UserAPI,Action:HttpGet,Method:GetParentList,User:multiplyadmin,UnitID:2
2022-08-23 11:11:34.3105|INFO|PIVF.Web.Api.Master.Configuration.UserAPIController|Controller Name:UserAPI,Action:HttpGet,Method:GetParentList,User:multiplyadmin,UnitID:2
2022-08-23 11:11:34.6604|INFO|PIVF.Web.Api.QueueMgt.QueueMgtController|Controller Name:QueueMgt,Action:HttpPost,Method:GetQueueList,User:multiplyadmin,UnitID:2
2022-08-23 11:11:34.6604|INFO|PIVF.Web.Api.QueueMgt.QueueMgtController|Controller Name:QueueMgt,Action:HttpPost,Method:GetQueueList,User:multiplyadmin,UnitID:2
2022-08-23 11:11:35.1417|INFO|PIVF.Web.Api.Master.Common.CommonController|1_Controller Name:CommonController,Action:HttpGet,Method:GetDepartmentList,User:multiplyadmin,UnitID:2
2022-08-23 11:11:35.1417|INFO|PIVF.Web.Api.Master.Common.CommonController|1_Controller Name:CommonController,Action:HttpGet,Method:GetDepartmentList,User:multiplyadmin,UnitID:2
2022-08-23 11:11:35.6541|INFO|PIVF.Web.Api.Master.Common.CommonController|1_Controller Name:CommonController,Action:HttpGet,Method:GetDoctorsList,User:multiplyadmin,UnitID:2
2022-08-23 11:11:35.6541|INFO|PIVF.Web.Api.Master.Common.CommonController|1_Controller Name:CommonController,Action:HttpGet,Method:GetDoctorsList,User:multiplyadmin,UnitID:2
2022-08-23 11:12:27.5818|INFO|PIVF.Web.Api.Master.Common.CommonController|Controller Name:Common,Action:GET,Method:GetActiveVisitByPatient,User:multiplyadmin,UnitID:2
2022-08-23 11:12:27.5818|INFO|PIVF.Web.Api.Master.Common.CommonController|Controller Name:Common,Action:GET,Method:GetActiveVisitByPatient,User:multiplyadmin,UnitID:2
2022-08-23 11:12:27.6194|INFO|PIVF.Web.Api.Master.Common.CommonController|Controller Name:Common,Action:GET,Method:GetActiveVisitByPatient,User:multiplyadmin,UnitID:2
2022-08-23 11:12:27.6194|INFO|PIVF.Web.Api.Master.Common.CommonController|Controller Name:Common,Action:GET,Method:GetActiveVisitByPatient,User:multiplyadmin,UnitID:2
2022-08-23 11:12:28.1566|INFO|PIVF.Web.Api.EMR.LandingPage.EMRLandingPageAPIController|Controller Name:EMRLandingPageAPI,Action:GET,Method:GetEMRLandingPageData,User:multiplyadmin,UnitID:2
2022-08-23 11:12:28.1566|INFO|PIVF.Web.Api.EMR.LandingPage.EMRLandingPageAPIController|Controller Name:EMRLandingPageAPI,Action:GET,Method:GetEMRLandingPageData,User:multiplyadmin,UnitID:2
2022-08-23 11:12:29.4290|INFO|PIVF.Web.Api.Master.Common.CommonController|Controller Name:Common,Action:POST,Method:PutSelectedvisitByPatient,User:multiplyadmin,UnitID:2
2022-08-23 11:12:29.4290|INFO|PIVF.Web.Api.Master.Common.CommonController|Controller Name:Common,Action:POST,Method:PutSelectedvisitByPatient,User:multiplyadmin,UnitID:2
2022-08-23 11:12:37.4781|INFO|PIVF.Web.Api.New_ART.NewARTController|Controller Name:NewART,Action:GET,Method:newCyclebtnFlag,User:multiplyadmin,UnitID:2
2022-08-23 11:12:37.4781|INFO|PIVF.Web.Api.New_ART.NewARTController|Controller Name:NewART,Action:GET,Method:newCyclebtnFlag,User:multiplyadmin,UnitID:2
2022-08-23 11:12:37.9746|INFO|PIVF.Web.Api.New_ART.NewARTController|Controller Name:NewART,Action:GET,Method:GetARTCycleList,User:multiplyadmin,UnitID:2
2022-08-23 11:12:37.9746|INFO|PIVF.Web.Api.New_ART.NewARTController|Controller Name:NewART,Action:GET,Method:GetARTCycleList,User:multiplyadmin,UnitID:2
2022-08-23 11:24:39.7433|INFO|PIVF.Web.Api.Master.Configuration.UserAPIController|Controller Name:UserAPI,Action:HttpGet,Method:GetUserRoleRights,User:multiplyadmin,UnitID:2
2022-08-23 11:24:39.7433|INFO|PIVF.Web.Api.Master.Configuration.UserAPIController|Controller Name:UserAPI,Action:HttpGet,Method:GetUserRoleRights,User:multiplyadmin,UnitID:2
2022-08-23 11:24:39.9372|INFO|PIVF.Web.Api.Master.Configuration.UserAPIController|Controller Name:UserAPI,Action:HttpGet,Method:GetGrandParentList,User:multiplyadmin,UnitID:2
2022-08-23 11:24:39.9372|INFO|PIVF.Web.Api.Master.Configuration.UserAPIController|Controller Name:UserAPI,Action:HttpGet,Method:GetGrandParentList,User:multiplyadmin,UnitID:2
2022-08-23 11:24:40.2450|INFO|PIVF.Web.Api.Master.Configuration.UserAPIController|Controller Name:UserAPI,Action:HttpGet,Method:GetParentList,User:multiplyadmin,UnitID:2
2022-08-23 11:24:40.2450|INFO|PIVF.Web.Api.Master.Configuration.UserAPIController|Controller Name:UserAPI,Action:HttpGet,Method:GetParentList,User:multiplyadmin,UnitID:2
2022-08-23 11:24:40.2690|INFO|PIVF.Web.Api.Master.Configuration.UserAPIController|Controller Name:UserAPI,Action:HttpGet,Method:GetParentList,User:multiplyadmin,UnitID:2
2022-08-23 11:24:40.2690|INFO|PIVF.Web.Api.Master.Configuration.UserAPIController|Controller Name:UserAPI,Action:HttpGet,Method:GetParentList,User:multiplyadmin,UnitID:2
2022-08-23 11:24:42.4805|INFO|PIVF.Web.Api.QueueMgt.QueueMgtController|Controller Name:QueueMgt,Action:HttpPost,Method:GetQueueList,User:multiplyadmin,UnitID:2
2022-08-23 11:24:42.4805|INFO|PIVF.Web.Api.QueueMgt.QueueMgtController|Controller Name:QueueMgt,Action:HttpPost,Method:GetQueueList,User:multiplyadmin,UnitID:2
2022-08-23 11:24:42.9518|INFO|PIVF.Web.Api.Master.Common.CommonController|1_Controller Name:CommonController,Action:HttpGet,Method:GetDoctorsList,User:multiplyadmin,UnitID:2
2022-08-23 11:24:42.9518|INFO|PIVF.Web.Api.Master.Common.CommonController|1_Controller Name:CommonController,Action:HttpGet,Method:GetDoctorsList,User:multiplyadmin,UnitID:2
2022-08-23 11:24:43.4507|INFO|PIVF.Web.Api.Master.Common.CommonController|1_Controller Name:CommonController,Action:HttpGet,Method:GetDepartmentList,User:multiplyadmin,UnitID:2
2022-08-23 11:24:43.4507|INFO|PIVF.Web.Api.Master.Common.CommonController|1_Controller Name:CommonController,Action:HttpGet,Method:GetDepartmentList,User:multiplyadmin,UnitID:2
2022-08-23 11:24:44.4623|INFO|PIVF.Web.Api.Master.Common.CommonController|1_Controller Name:CommonController,Action:HttpGet,Method:GetSpeclRegTypeList,User:multiplyadmin,UnitID:2
2022-08-23 11:24:44.4623|INFO|PIVF.Web.Api.Master.Common.CommonController|1_Controller Name:CommonController,Action:HttpGet,Method:GetSpeclRegTypeList,User:multiplyadmin,UnitID:2
2022-08-23 11:24:48.5191|INFO|PIVF.Web.Api.Master.Common.CommonController|Controller Name:Common,Action:GET,Method:GetActiveVisitByPatient,User:multiplyadmin,UnitID:2
2022-08-23 11:24:48.5191|INFO|PIVF.Web.Api.Master.Common.CommonController|Controller Name:Common,Action:GET,Method:GetActiveVisitByPatient,User:multiplyadmin,UnitID:2
2022-08-23 11:24:48.5641|INFO|PIVF.Web.Api.Master.Common.CommonController|Controller Name:Common,Action:GET,Method:GetActiveVisitByPatient,User:multiplyadmin,UnitID:2
2022-08-23 11:24:48.5641|INFO|PIVF.Web.Api.Master.Common.CommonController|Controller Name:Common,Action:GET,Method:GetActiveVisitByPatient,User:multiplyadmin,UnitID:2
2022-08-23 11:24:50.9432|INFO|PIVF.Web.Api.EMR.LandingPage.EMRLandingPageAPIController|Controller Name:EMRLandingPageAPI,Action:GET,Method:GetEMRLandingPageData,User:multiplyadmin,UnitID:2
2022-08-23 11:24:50.9432|INFO|PIVF.Web.Api.EMR.LandingPage.EMRLandingPageAPIController|Controller Name:EMRLandingPageAPI,Action:GET,Method:GetEMRLandingPageData,User:multiplyadmin,UnitID:2
2022-08-23 11:24:57.1250|INFO|PIVF.Web.Api.Master.Common.CommonController|Controller Name:Common,Action:POST,Method:PutSelectedvisitByPatient,User:multiplyadmin,UnitID:2
2022-08-23 11:24:57.1250|INFO|PIVF.Web.Api.Master.Common.CommonController|Controller Name:Common,Action:POST,Method:PutSelectedvisitByPatient,User:multiplyadmin,UnitID:2
2022-08-23 11:25:01.2737|INFO|PIVF.Web.Api.New_ART.NewARTController|Controller Name:NewART,Action:GET,Method:newCyclebtnFlag,User:multiplyadmin,UnitID:2
2022-08-23 11:25:01.2737|INFO|PIVF.Web.Api.New_ART.NewARTController|Controller Name:NewART,Action:GET,Method:newCyclebtnFlag,User:multiplyadmin,UnitID:2
2022-08-23 11:25:01.7967|INFO|PIVF.Web.Api.New_ART.NewARTController|Controller Name:NewART,Action:GET,Method:GetARTCycleList,User:multiplyadmin,UnitID:2
2022-08-23 11:25:01.7967|INFO|PIVF.Web.Api.New_ART.NewARTController|Controller Name:NewART,Action:GET,Method:GetARTCycleList,User:multiplyadmin,UnitID:2
2022-08-23 11:39:08.0313|INFO|PIVF.Web.Api.Master.Configuration.UserAPIController|Controller Name:UserAPI,Action:HttpGet,Method:GetParentList,User:multiplyadmin,UnitID:2
2022-08-23 11:39:08.0313|INFO|PIVF.Web.Api.Master.Configuration.UserAPIController|Controller Name:UserAPI,Action:HttpGet,Method:GetParentList,User:multiplyadmin,UnitID:2
2022-08-23 11:39:08.1163|INFO|PIVF.Web.Api.Master.Configuration.UserAPIController|Controller Name:UserAPI,Action:HttpGet,Method:GetParentList,User:multiplyadmin,UnitID:2
2022-08-23 11:39:08.1163|INFO|PIVF.Web.Api.Master.Configuration.UserAPIController|Controller Name:UserAPI,Action:HttpGet,Method:GetParentList,User:multiplyadmin,UnitID:2
2022-08-23 11:39:08.5155|INFO|PIVF.Web.Api.Master.Configuration.UserAPIController|Controller Name:UserAPI,Action:HttpGet,Method:GetUserRoleRights,User:multiplyadmin,UnitID:2
2022-08-23 11:39:08.5155|INFO|PIVF.Web.Api.Master.Configuration.UserAPIController|Controller Name:UserAPI,Action:HttpGet,Method:GetUserRoleRights,User:multiplyadmin,UnitID:2
2022-08-23 11:39:09.0165|INFO|PIVF.Web.Api.Master.Configuration.UserAPIController|Controller Name:UserAPI,Action:HttpGet,Method:GetGrandParentList,User:multiplyadmin,UnitID:2
2022-08-23 11:39:09.0165|INFO|PIVF.Web.Api.Master.Configuration.UserAPIController|Controller Name:UserAPI,Action:HttpGet,Method:GetGrandParentList,User:multiplyadmin,UnitID:2
2022-08-23 11:39:09.7285|INFO|PIVF.Web.Api.Master.Common.CommonController|1_Controller Name:CommonController,Action:HttpGet,Method:GetSpeclRegTypeList,User:multiplyadmin,UnitID:2
2022-08-23 11:39:09.7285|INFO|PIVF.Web.Api.Master.Common.CommonController|1_Controller Name:CommonController,Action:HttpGet,Method:GetSpeclRegTypeList,User:multiplyadmin,UnitID:2
2022-08-23 11:39:10.2618|INFO|PIVF.Web.Api.QueueMgt.QueueMgtController|Controller Name:QueueMgt,Action:HttpPost,Method:GetQueueList,User:multiplyadmin,UnitID:2
2022-08-23 11:39:10.2618|INFO|PIVF.Web.Api.QueueMgt.QueueMgtController|Controller Name:QueueMgt,Action:HttpPost,Method:GetQueueList,User:multiplyadmin,UnitID:2
2022-08-23 11:39:10.7455|INFO|PIVF.Web.Api.Master.Common.CommonController|1_Controller Name:CommonController,Action:HttpGet,Method:GetDoctorsList,User:multiplyadmin,UnitID:2
2022-08-23 11:39:10.7455|INFO|PIVF.Web.Api.Master.Common.CommonController|1_Controller Name:CommonController,Action:HttpGet,Method:GetDoctorsList,User:multiplyadmin,UnitID:2
2022-08-23 11:39:11.2437|INFO|PIVF.Web.Api.Master.Common.CommonController|1_Controller Name:CommonController,Action:HttpGet,Method:GetDepartmentList,User:multiplyadmin,UnitID:2
2022-08-23 11:39:11.2437|INFO|PIVF.Web.Api.Master.Common.CommonController|1_Controller Name:CommonController,Action:HttpGet,Method:GetDepartmentList,User:multiplyadmin,UnitID:2
2022-08-23 11:39:15.5173|INFO|PIVF.Web.Api.Master.Common.CommonController|Controller Name:Common,Action:GET,Method:GetActiveVisitByPatient,User:multiplyadmin,UnitID:2
2022-08-23 11:39:15.5173|INFO|PIVF.Web.Api.Master.Common.CommonController|Controller Name:Common,Action:GET,Method:GetActiveVisitByPatient,User:multiplyadmin,UnitID:2
2022-08-23 11:39:17.2842|INFO|PIVF.Web.Api.New_ART.NewARTController|Controller Name:NewART,Action:GET,Method:newCyclebtnFlag,User:multiplyadmin,UnitID:2
2022-08-23 11:39:17.2842|INFO|PIVF.Web.Api.New_ART.NewARTController|Controller Name:NewART,Action:GET,Method:newCyclebtnFlag,User:multiplyadmin,UnitID:2
2022-08-23 11:39:17.7908|INFO|PIVF.Web.Api.New_ART.NewARTController|Controller Name:NewART,Action:GET,Method:GetARTCycleList,User:multiplyadmin,UnitID:2
2022-08-23 11:39:17.7908|INFO|PIVF.Web.Api.New_ART.NewARTController|Controller Name:NewART,Action:GET,Method:GetARTCycleList,User:multiplyadmin,UnitID:2
2022-08-23 12:13:42.7298|INFO|PIVF.Web.Api.Master.Configuration.UserAPIController|Controller Name:UserAPI,Action:HttpGet,Method:GetParentList,User:multiplyadmin,UnitID:2
2022-08-23 12:13:42.7298|INFO|PIVF.Web.Api.Master.Configuration.UserAPIController|Controller Name:UserAPI,Action:HttpGet,Method:GetParentList,User:multiplyadmin,UnitID:2
2022-08-23 12:13:42.8297|INFO|PIVF.Web.Api.Master.Configuration.UserAPIController|Controller Name:UserAPI,Action:HttpGet,Method:GetParentList,User:multiplyadmin,UnitID:2
2022-08-23 12:13:42.8297|INFO|PIVF.Web.Api.Master.Configuration.UserAPIController|Controller Name:UserAPI,Action:HttpGet,Method:GetParentList,User:multiplyadmin,UnitID:2
2022-08-23 12:13:43.1210|INFO|PIVF.Web.Api.Master.Configuration.UserAPIController|Controller Name:UserAPI,Action:HttpGet,Method:GetUserRoleRights,User:multiplyadmin,UnitID:2
2022-08-23 12:13:43.1210|INFO|PIVF.Web.Api.Master.Configuration.UserAPIController|Controller Name:UserAPI,Action:HttpGet,Method:GetUserRoleRights,User:multiplyadmin,UnitID:2
2022-08-23 12:13:43.6350|INFO|PIVF.Web.Api.Master.Configuration.UserAPIController|Controller Name:UserAPI,Action:HttpGet,Method:GetGrandParentList,User:multiplyadmin,UnitID:2
2022-08-23 12:13:43.6350|INFO|PIVF.Web.Api.Master.Configuration.UserAPIController|Controller Name:UserAPI,Action:HttpGet,Method:GetGrandParentList,User:multiplyadmin,UnitID:2
2022-08-23 12:13:44.0220|INFO|PIVF.Web.Api.Master.Common.CommonController|1_Controller Name:CommonController,Action:HttpGet,Method:GetSpeclRegTypeList,User:multiplyadmin,UnitID:2
2022-08-23 12:13:44.0220|INFO|PIVF.Web.Api.Master.Common.CommonController|1_Controller Name:CommonController,Action:HttpGet,Method:GetSpeclRegTypeList,User:multiplyadmin,UnitID:2
2022-08-23 12:13:44.5287|INFO|PIVF.Web.Api.Master.Common.CommonController|1_Controller Name:CommonController,Action:HttpGet,Method:GetDepartmentList,User:multiplyadmin,UnitID:2
2022-08-23 12:13:44.5287|INFO|PIVF.Web.Api.Master.Common.CommonController|1_Controller Name:CommonController,Action:HttpGet,Method:GetDepartmentList,User:multiplyadmin,UnitID:2
2022-08-23 12:13:44.6237|INFO|PIVF.Web.Api.QueueMgt.QueueMgtController|Controller Name:QueueMgt,Action:HttpPost,Method:GetQueueList,User:multiplyadmin,UnitID:2
2022-08-23 12:13:44.6237|INFO|PIVF.Web.Api.QueueMgt.QueueMgtController|Controller Name:QueueMgt,Action:HttpPost,Method:GetQueueList,User:multiplyadmin,UnitID:2
2022-08-23 12:13:45.0220|INFO|PIVF.Web.Api.Master.Common.CommonController|1_Controller Name:CommonController,Action:HttpGet,Method:GetDoctorsList,User:multiplyadmin,UnitID:2
2022-08-23 12:13:45.0220|INFO|PIVF.Web.Api.Master.Common.CommonController|1_Controller Name:CommonController,Action:HttpGet,Method:GetDoctorsList,User:multiplyadmin,UnitID:2
2022-08-23 12:13:48.8511|INFO|PIVF.Web.Api.Master.Common.CommonController|Controller Name:Common,Action:GET,Method:GetActiveVisitByPatient,User:multiplyadmin,UnitID:2
2022-08-23 12:13:48.8511|INFO|PIVF.Web.Api.Master.Common.CommonController|Controller Name:Common,Action:GET,Method:GetActiveVisitByPatient,User:multiplyadmin,UnitID:2
2022-08-23 12:13:50.2544|INFO|PIVF.Web.Api.Master.Common.CommonController|Controller Name:Common,Action:GET,Method:GetActiveVisitByPatient,User:multiplyadmin,UnitID:2
2022-08-23 12:13:50.2544|INFO|PIVF.Web.Api.Master.Common.CommonController|Controller Name:Common,Action:GET,Method:GetActiveVisitByPatient,User:multiplyadmin,UnitID:2
2022-08-23 12:13:51.3974|INFO|PIVF.Web.Api.EMR.LandingPage.EMRLandingPageAPIController|Controller Name:EMRLandingPageAPI,Action:GET,Method:GetEMRLandingPageData,User:multiplyadmin,UnitID:2
2022-08-23 12:13:51.3974|INFO|PIVF.Web.Api.EMR.LandingPage.EMRLandingPageAPIController|Controller Name:EMRLandingPageAPI,Action:GET,Method:GetEMRLandingPageData,User:multiplyadmin,UnitID:2
2022-08-23 12:13:53.2816|INFO|PIVF.Web.Api.Master.Common.CommonController|Controller Name:Common,Action:POST,Method:PutSelectedvisitByPatient,User:multiplyadmin,UnitID:2
2022-08-23 12:13:53.2816|INFO|PIVF.Web.Api.Master.Common.CommonController|Controller Name:Common,Action:POST,Method:PutSelectedvisitByPatient,User:multiplyadmin,UnitID:2
2022-08-23 12:13:59.9383|INFO|PIVF.Web.Api.New_ART.NewARTController|Controller Name:NewART,Action:GET,Method:newCyclebtnFlag,User:multiplyadmin,UnitID:2
2022-08-23 12:13:59.9383|INFO|PIVF.Web.Api.New_ART.NewARTController|Controller Name:NewART,Action:GET,Method:newCyclebtnFlag,User:multiplyadmin,UnitID:2
2022-08-23 12:14:00.4039|INFO|PIVF.Web.Api.New_ART.NewARTController|Controller Name:NewART,Action:GET,Method:GetARTCycleList,User:multiplyadmin,UnitID:2
2022-08-23 12:14:00.4039|INFO|PIVF.Web.Api.New_ART.NewARTController|Controller Name:NewART,Action:GET,Method:GetARTCycleList,User:multiplyadmin,UnitID:2
2022-08-23 15:37:35.0976|INFO|PIVF.Web.Api.Master.Configuration.UserAPIController|Controller Name:UserAPI,Action:HttpGet,Method:GetGrandParentList,User:multiplyadmin,UnitID:2
2022-08-23 15:37:35.0976|INFO|PIVF.Web.Api.Master.Configuration.UserAPIController|Controller Name:UserAPI,Action:HttpGet,Method:GetGrandParentList,User:multiplyadmin,UnitID:2
2022-08-23 15:37:35.9508|INFO|PIVF.Web.Api.Master.Common.CommonController|1_Controller Name:CommonController,Action:HttpGet,Method:GetSpeclRegTypeList,User:multiplyadmin,UnitID:2
2022-08-23 15:37:35.9508|INFO|PIVF.Web.Api.Master.Common.CommonController|1_Controller Name:CommonController,Action:HttpGet,Method:GetSpeclRegTypeList,User:multiplyadmin,UnitID:2
2022-08-23 15:37:36.5907|INFO|PIVF.Web.Api.Master.Common.CommonController|1_Controller Name:CommonController,Action:HttpGet,Method:GetDoctorsList,User:multiplyadmin,UnitID:2
2022-08-23 15:37:36.5907|INFO|PIVF.Web.Api.Master.Common.CommonController|1_Controller Name:CommonController,Action:HttpGet,Method:GetDoctorsList,User:multiplyadmin,UnitID:2
2022-08-23 15:37:36.7446|INFO|PIVF.Web.Api.Master.Configuration.UserAPIController|Controller Name:UserAPI,Action:HttpGet,Method:GetUserRoleRights,User:multiplyadmin,UnitID:2
2022-08-23 15:37:36.7446|INFO|PIVF.Web.Api.Master.Configuration.UserAPIController|Controller Name:UserAPI,Action:HttpGet,Method:GetUserRoleRights,User:multiplyadmin,UnitID:2
2022-08-23 15:37:36.9107|INFO|PIVF.Web.Api.Master.Common.CommonController|1_Controller Name:CommonController,Action:HttpGet,Method:GetDepartmentList,User:multiplyadmin,UnitID:2
2022-08-23 15:37:36.9107|INFO|PIVF.Web.Api.Master.Common.CommonController|1_Controller Name:CommonController,Action:HttpGet,Method:GetDepartmentList,User:multiplyadmin,UnitID:2
2022-08-23 15:37:37.1382|INFO|PIVF.Web.Api.QueueMgt.QueueMgtController|Controller Name:QueueMgt,Action:HttpPost,Method:GetQueueList,User:multiplyadmin,UnitID:2
2022-08-23 15:37:37.1382|INFO|PIVF.Web.Api.QueueMgt.QueueMgtController|Controller Name:QueueMgt,Action:HttpPost,Method:GetQueueList,User:multiplyadmin,UnitID:2
2022-08-23 15:37:40.3095|INFO|PIVF.Web.Api.Master.Configuration.UserAPIController|Controller Name:UserAPI,Action:HttpGet,Method:GetParentList,User:multiplyadmin,UnitID:2
2022-08-23 15:37:40.3095|INFO|PIVF.Web.Api.Master.Configuration.UserAPIController|Controller Name:UserAPI,Action:HttpGet,Method:GetParentList,User:multiplyadmin,UnitID:2
2022-08-23 15:37:40.8693|INFO|PIVF.Web.Api.Master.Configuration.UserAPIController|Controller Name:UserAPI,Action:HttpGet,Method:GetParentList,User:multiplyadmin,UnitID:2
2022-08-23 15:37:40.8693|INFO|PIVF.Web.Api.Master.Configuration.UserAPIController|Controller Name:UserAPI,Action:HttpGet,Method:GetParentList,User:multiplyadmin,UnitID:2
2022-08-23 15:37:44.5787|INFO|PIVF.Web.Api.Master.Common.CommonController|Controller Name:Common,Action:GET,Method:GetActiveVisitByPatient,User:multiplyadmin,UnitID:2
2022-08-23 15:37:44.5787|INFO|PIVF.Web.Api.Master.Common.CommonController|Controller Name:Common,Action:GET,Method:GetActiveVisitByPatient,User:multiplyadmin,UnitID:2
2022-08-23 15:37:44.6305|INFO|PIVF.Web.Api.Master.Common.CommonController|Controller Name:Common,Action:GET,Method:GetActiveVisitByPatient,User:multiplyadmin,UnitID:2
2022-08-23 15:37:44.6305|INFO|PIVF.Web.Api.Master.Common.CommonController|Controller Name:Common,Action:GET,Method:GetActiveVisitByPatient,User:multiplyadmin,UnitID:2
2022-08-23 15:37:45.5452|INFO|PIVF.Web.Api.EMR.LandingPage.EMRLandingPageAPIController|Controller Name:EMRLandingPageAPI,Action:GET,Method:GetEMRLandingPageData,User:multiplyadmin,UnitID:2
2022-08-23 15:37:45.5452|INFO|PIVF.Web.Api.EMR.LandingPage.EMRLandingPageAPIController|Controller Name:EMRLandingPageAPI,Action:GET,Method:GetEMRLandingPageData,User:multiplyadmin,UnitID:2
2022-08-23 15:37:51.4239|INFO|PIVF.Web.Api.Master.Common.CommonController|Controller Name:Common,Action:GET,Method:GetActiveVisitByPatient,User:multiplyadmin,UnitID:2
2022-08-23 15:37:51.4239|INFO|PIVF.Web.Api.Master.Common.CommonController|Controller Name:Common,Action:GET,Method:GetActiveVisitByPatient,User:multiplyadmin,UnitID:2
2022-08-23 15:37:52.5351|INFO|PIVF.Web.Api.Master.Common.CommonController|Controller Name:Common,Action:GET,Method:GetActiveVisitByPatient,User:multiplyadmin,UnitID:2
2022-08-23 15:37:52.5351|INFO|PIVF.Web.Api.Master.Common.CommonController|Controller Name:Common,Action:GET,Method:GetActiveVisitByPatient,User:multiplyadmin,UnitID:2
2022-08-23 15:37:53.1837|INFO|PIVF.Web.Api.EMR.LandingPage.EMRLandingPageAPIController|Controller Name:EMRLandingPageAPI,Action:GET,Method:GetEMRLandingPageData,User:multiplyadmin,UnitID:2
2022-08-23 15:37:53.1837|INFO|PIVF.Web.Api.EMR.LandingPage.EMRLandingPageAPIController|Controller Name:EMRLandingPageAPI,Action:GET,Method:GetEMRLandingPageData,User:multiplyadmin,UnitID:2
2022-08-23 15:37:54.4148|INFO|PIVF.Web.Api.Master.Common.CommonController|Controller Name:Common,Action:POST,Method:PutSelectedvisitByPatient,User:multiplyadmin,UnitID:2
2022-08-23 15:37:54.4148|INFO|PIVF.Web.Api.Master.Common.CommonController|Controller Name:Common,Action:POST,Method:PutSelectedvisitByPatient,User:multiplyadmin,UnitID:2
2022-08-23 15:37:57.3743|INFO|PIVF.Web.Api.New_ART.NewARTController|Controller Name:NewART,Action:GET,Method:GetARTCycleList,User:multiplyadmin,UnitID:2
2022-08-23 15:37:57.3743|INFO|PIVF.Web.Api.New_ART.NewARTController|Controller Name:NewART,Action:GET,Method:GetARTCycleList,User:multiplyadmin,UnitID:2
2022-08-23 15:37:58.3367|INFO|PIVF.Web.Api.New_ART.NewARTController|Controller Name:NewART,Action:GET,Method:newCyclebtnFlag,User:multiplyadmin,UnitID:2
2022-08-23 15:37:58.3367|INFO|PIVF.Web.Api.New_ART.NewARTController|Controller Name:NewART,Action:GET,Method:newCyclebtnFlag,User:multiplyadmin,UnitID:2
2022-08-23 15:56:39.3463|INFO|PIVF.Web.Api.Master.Configuration.UserAPIController|Controller Name:UserAPI,Action:HttpGet,Method:GetGrandParentList,User:multiplyadmin,UnitID:2
2022-08-23 15:56:39.3463|INFO|PIVF.Web.Api.Master.Configuration.UserAPIController|Controller Name:UserAPI,Action:HttpGet,Method:GetGrandParentList,User:multiplyadmin,UnitID:2
2022-08-23 15:56:44.8882|INFO|PIVF.Web.Api.QueueMgt.QueueMgtController|Controller Name:QueueMgt,Action:HttpPost,Method:GetQueueList,User:multiplyadmin,UnitID:2
2022-08-23 15:56:44.8882|INFO|PIVF.Web.Api.QueueMgt.QueueMgtController|Controller Name:QueueMgt,Action:HttpPost,Method:GetQueueList,User:multiplyadmin,UnitID:2
2022-08-23 15:56:45.0733|INFO|PIVF.Web.Api.Master.Common.CommonController|1_Controller Name:CommonController,Action:HttpGet,Method:GetDepartmentList,User:multiplyadmin,UnitID:2
2022-08-23 15:56:45.0733|INFO|PIVF.Web.Api.Master.Common.CommonController|1_Controller Name:CommonController,Action:HttpGet,Method:GetDepartmentList,User:multiplyadmin,UnitID:2
2022-08-23 15:56:45.2235|INFO|PIVF.Web.Api.Master.Configuration.UserAPIController|Controller Name:UserAPI,Action:HttpGet,Method:GetUserRoleRights,User:multiplyadmin,UnitID:2
2022-08-23 15:56:45.2235|INFO|PIVF.Web.Api.Master.Configuration.UserAPIController|Controller Name:UserAPI,Action:HttpGet,Method:GetUserRoleRights,User:multiplyadmin,UnitID:2
2022-08-23 15:56:45.5131|INFO|PIVF.Web.Api.Master.Common.CommonController|1_Controller Name:CommonController,Action:HttpGet,Method:GetSpeclRegTypeList,User:multiplyadmin,UnitID:2
2022-08-23 15:56:45.5131|INFO|PIVF.Web.Api.Master.Common.CommonController|1_Controller Name:CommonController,Action:HttpGet,Method:GetSpeclRegTypeList,User:multiplyadmin,UnitID:2
2022-08-23 15:56:46.4531|INFO|PIVF.Web.Api.Master.Configuration.UserAPIController|Controller Name:UserAPI,Action:HttpGet,Method:GetParentList,User:multiplyadmin,UnitID:2
2022-08-23 15:56:46.4531|INFO|PIVF.Web.Api.Master.Configuration.UserAPIController|Controller Name:UserAPI,Action:HttpGet,Method:GetParentList,User:multiplyadmin,UnitID:2
2022-08-23 15:56:46.4833|INFO|PIVF.Web.Api.Master.Configuration.UserAPIController|Controller Name:UserAPI,Action:HttpGet,Method:GetParentList,User:multiplyadmin,UnitID:2
2022-08-23 15:56:46.4833|INFO|PIVF.Web.Api.Master.Configuration.UserAPIController|Controller Name:UserAPI,Action:HttpGet,Method:GetParentList,User:multiplyadmin,UnitID:2
2022-08-23 15:56:46.8433|INFO|PIVF.Web.Api.Master.Common.CommonController|1_Controller Name:CommonController,Action:HttpGet,Method:GetDoctorsList,User:multiplyadmin,UnitID:2
2022-08-23 15:56:46.8433|INFO|PIVF.Web.Api.Master.Common.CommonController|1_Controller Name:CommonController,Action:HttpGet,Method:GetDoctorsList,User:multiplyadmin,UnitID:2
2022-08-23 15:56:57.3254|INFO|PIVF.Web.Api.Master.Common.CommonController|Controller Name:Common,Action:GET,Method:GetActiveVisitByPatient,User:multiplyadmin,UnitID:2
2022-08-23 15:56:57.3254|INFO|PIVF.Web.Api.Master.Common.CommonController|Controller Name:Common,Action:GET,Method:GetActiveVisitByPatient,User:multiplyadmin,UnitID:2
2022-08-23 15:56:57.3610|INFO|PIVF.Web.Api.Master.Common.CommonController|Controller Name:Common,Action:GET,Method:GetActiveVisitByPatient,User:multiplyadmin,UnitID:2
2022-08-23 15:56:57.3610|INFO|PIVF.Web.Api.Master.Common.CommonController|Controller Name:Common,Action:GET,Method:GetActiveVisitByPatient,User:multiplyadmin,UnitID:2
2022-08-23 15:56:59.7846|INFO|PIVF.Web.Api.Master.Common.CommonController|Controller Name:Common,Action:POST,Method:PutSelectedvisitByPatient,User:multiplyadmin,UnitID:2
2022-08-23 15:56:59.7846|INFO|PIVF.Web.Api.Master.Common.CommonController|Controller Name:Common,Action:POST,Method:PutSelectedvisitByPatient,User:multiplyadmin,UnitID:2
2022-08-23 15:57:02.4824|INFO|PIVF.Web.Api.EMR.LandingPage.EMRLandingPageAPIController|Controller Name:EMRLandingPageAPI,Action:GET,Method:GetEMRLandingPageData,User:multiplyadmin,UnitID:2
2022-08-23 15:57:02.4824|INFO|PIVF.Web.Api.EMR.LandingPage.EMRLandingPageAPIController|Controller Name:EMRLandingPageAPI,Action:GET,Method:GetEMRLandingPageData,User:multiplyadmin,UnitID:2
2022-08-23 15:57:08.9392|INFO|PIVF.Web.Api.New_ART.NewARTController|Controller Name:NewART,Action:GET,Method:GetARTCycleList,User:multiplyadmin,UnitID:2
2022-08-23 15:57:08.9392|INFO|PIVF.Web.Api.New_ART.NewARTController|Controller Name:NewART,Action:GET,Method:GetARTCycleList,User:multiplyadmin,UnitID:2
2022-08-23 15:57:09.4106|INFO|PIVF.Web.Api.New_ART.NewARTController|Controller Name:NewART,Action:GET,Method:newCyclebtnFlag,User:multiplyadmin,UnitID:2
2022-08-23 15:57:09.4106|INFO|PIVF.Web.Api.New_ART.NewARTController|Controller Name:NewART,Action:GET,Method:newCyclebtnFlag,User:multiplyadmin,UnitID:2
2022-08-23 19:05:32.5788|INFO|PIVF.Web.Api.Master.Configuration.UserAPIController|Controller Name:UserAPI,Action:HttpGet,Method:GetGrandParentList,User:multiplyadmin,UnitID:2
2022-08-23 19:05:32.5788|INFO|PIVF.Web.Api.Master.Configuration.UserAPIController|Controller Name:UserAPI,Action:HttpGet,Method:GetGrandParentList,User:multiplyadmin,UnitID:2
2022-08-23 19:05:32.8041|INFO|PIVF.Web.Api.Master.Common.CommonController|1_Controller Name:CommonController,Action:HttpGet,Method:GetSpeclRegTypeList,User:multiplyadmin,UnitID:2
2022-08-23 19:05:32.8041|INFO|PIVF.Web.Api.Master.Common.CommonController|1_Controller Name:CommonController,Action:HttpGet,Method:GetSpeclRegTypeList,User:multiplyadmin,UnitID:2
2022-08-23 19:05:33.5086|INFO|PIVF.Web.Api.Master.Common.CommonController|1_Controller Name:CommonController,Action:HttpGet,Method:GetDoctorsList,User:multiplyadmin,UnitID:2
2022-08-23 19:05:33.5086|INFO|PIVF.Web.Api.Master.Common.CommonController|1_Controller Name:CommonController,Action:HttpGet,Method:GetDoctorsList,User:multiplyadmin,UnitID:2
2022-08-23 19:05:33.9177|INFO|PIVF.Web.Api.Master.Configuration.UserAPIController|Controller Name:UserAPI,Action:HttpGet,Method:GetParentList,User:multiplyadmin,UnitID:2
2022-08-23 19:05:33.9177|INFO|PIVF.Web.Api.Master.Configuration.UserAPIController|Controller Name:UserAPI,Action:HttpGet,Method:GetParentList,User:multiplyadmin,UnitID:2
2022-08-23 19:05:33.9457|INFO|PIVF.Web.Api.Master.Configuration.UserAPIController|Controller Name:UserAPI,Action:HttpGet,Method:GetParentList,User:multiplyadmin,UnitID:2
2022-08-23 19:05:33.9457|INFO|PIVF.Web.Api.Master.Configuration.UserAPIController|Controller Name:UserAPI,Action:HttpGet,Method:GetParentList,User:multiplyadmin,UnitID:2
2022-08-23 19:05:33.9977|INFO|PIVF.Web.Api.Master.Configuration.UserAPIController|Controller Name:UserAPI,Action:HttpGet,Method:GetUserRoleRights,User:multiplyadmin,UnitID:2
2022-08-23 19:05:33.9977|INFO|PIVF.Web.Api.Master.Configuration.UserAPIController|Controller Name:UserAPI,Action:HttpGet,Method:GetUserRoleRights,User:multiplyadmin,UnitID:2
2022-08-23 19:05:34.1663|INFO|PIVF.Web.Api.Master.Common.CommonController|1_Controller Name:CommonController,Action:HttpGet,Method:GetDepartmentList,User:multiplyadmin,UnitID:2
2022-08-23 19:05:34.1663|INFO|PIVF.Web.Api.Master.Common.CommonController|1_Controller Name:CommonController,Action:HttpGet,Method:GetDepartmentList,User:multiplyadmin,UnitID:2
2022-08-23 19:05:34.5807|INFO|PIVF.Web.Api.QueueMgt.QueueMgtController|Controller Name:QueueMgt,Action:HttpPost,Method:GetQueueList,User:multiplyadmin,UnitID:2
2022-08-23 19:05:34.5807|INFO|PIVF.Web.Api.QueueMgt.QueueMgtController|Controller Name:QueueMgt,Action:HttpPost,Method:GetQueueList,User:multiplyadmin,UnitID:2
2022-08-23 19:05:42.1171|INFO|PIVF.Web.Api.Master.Common.CommonController|Controller Name:Common,Action:GET,Method:GetActiveVisitByPatient,User:multiplyadmin,UnitID:2
2022-08-23 19:05:42.1171|INFO|PIVF.Web.Api.Master.Common.CommonController|Controller Name:Common,Action:GET,Method:GetActiveVisitByPatient,User:multiplyadmin,UnitID:2
2022-08-23 19:05:42.1876|INFO|PIVF.Web.Api.Master.Common.CommonController|Controller Name:Common,Action:GET,Method:GetActiveVisitByPatient,User:multiplyadmin,UnitID:2
2022-08-23 19:05:42.1876|INFO|PIVF.Web.Api.Master.Common.CommonController|Controller Name:Common,Action:GET,Method:GetActiveVisitByPatient,User:multiplyadmin,UnitID:2
2022-08-23 19:05:43.3188|INFO|PIVF.Web.Api.EMR.LandingPage.EMRLandingPageAPIController|Controller Name:EMRLandingPageAPI,Action:GET,Method:GetEMRLandingPageData,User:multiplyadmin,UnitID:2
2022-08-23 19:05:43.3188|INFO|PIVF.Web.Api.EMR.LandingPage.EMRLandingPageAPIController|Controller Name:EMRLandingPageAPI,Action:GET,Method:GetEMRLandingPageData,User:multiplyadmin,UnitID:2
2022-08-23 19:05:44.0815|INFO|PIVF.Web.Api.Master.Common.CommonController|Controller Name:Common,Action:POST,Method:PutSelectedvisitByPatient,User:multiplyadmin,UnitID:2
2022-08-23 19:05:44.0815|INFO|PIVF.Web.Api.Master.Common.CommonController|Controller Name:Common,Action:POST,Method:PutSelectedvisitByPatient,User:multiplyadmin,UnitID:2
2022-08-23 19:05:48.9012|INFO|PIVF.Web.Api.New_ART.NewARTController|Controller Name:NewART,Action:GET,Method:newCyclebtnFlag,User:multiplyadmin,UnitID:2
2022-08-23 19:05:48.9012|INFO|PIVF.Web.Api.New_ART.NewARTController|Controller Name:NewART,Action:GET,Method:newCyclebtnFlag,User:multiplyadmin,UnitID:2
2022-08-23 19:05:49.3815|INFO|PIVF.Web.Api.New_ART.NewARTController|Controller Name:NewART,Action:GET,Method:GetARTCycleList,User:multiplyadmin,UnitID:2
2022-08-23 19:05:49.3815|INFO|PIVF.Web.Api.New_ART.NewARTController|Controller Name:NewART,Action:GET,Method:GetARTCycleList,User:multiplyadmin,UnitID:2
2022-08-23 19:14:07.1329|INFO|PIVF.Web.Api.QueueMgt.QueueMgtController|Controller Name:QueueMgt,Action:HttpPost,Method:GetQueueList,User:multiplyadmin,UnitID:2
2022-08-23 19:14:07.1329|INFO|PIVF.Web.Api.QueueMgt.QueueMgtController|Controller Name:QueueMgt,Action:HttpPost,Method:GetQueueList,User:multiplyadmin,UnitID:2
2022-08-23 19:14:07.3163|INFO|PIVF.Web.Api.Master.Common.CommonController|1_Controller Name:CommonController,Action:HttpGet,Method:GetDoctorsList,User:multiplyadmin,UnitID:2
2022-08-23 19:14:07.3163|INFO|PIVF.Web.Api.Master.Common.CommonController|1_Controller Name:CommonController,Action:HttpGet,Method:GetDoctorsList,User:multiplyadmin,UnitID:2
2022-08-23 19:14:07.3703|INFO|PIVF.Web.Api.Master.Common.CommonController|1_Controller Name:CommonController,Action:HttpGet,Method:GetSpeclRegTypeList,User:multiplyadmin,UnitID:2
2022-08-23 19:14:07.3703|INFO|PIVF.Web.Api.Master.Common.CommonController|1_Controller Name:CommonController,Action:HttpGet,Method:GetSpeclRegTypeList,User:multiplyadmin,UnitID:2
2022-08-23 19:14:08.1298|INFO|PIVF.Web.Api.Master.Common.CommonController|1_Controller Name:CommonController,Action:HttpGet,Method:GetDepartmentList,User:multiplyadmin,UnitID:2
2022-08-23 19:14:08.1298|INFO|PIVF.Web.Api.Master.Common.CommonController|1_Controller Name:CommonController,Action:HttpGet,Method:GetDepartmentList,User:multiplyadmin,UnitID:2
2022-08-23 19:14:08.3478|INFO|PIVF.Web.Api.Master.Configuration.UserAPIController|Controller Name:UserAPI,Action:HttpGet,Method:GetUserRoleRights,User:multiplyadmin,UnitID:2
2022-08-23 19:14:08.3478|INFO|PIVF.Web.Api.Master.Configuration.UserAPIController|Controller Name:UserAPI,Action:HttpGet,Method:GetUserRoleRights,User:multiplyadmin,UnitID:2
2022-08-23 19:14:08.8527|INFO|PIVF.Web.Api.Master.Configuration.UserAPIController|Controller Name:UserAPI,Action:HttpGet,Method:GetGrandParentList,User:multiplyadmin,UnitID:2
2022-08-23 19:14:08.8527|INFO|PIVF.Web.Api.Master.Configuration.UserAPIController|Controller Name:UserAPI,Action:HttpGet,Method:GetGrandParentList,User:multiplyadmin,UnitID:2
2022-08-23 19:14:10.5842|INFO|PIVF.Web.Api.Master.Configuration.UserAPIController|Controller Name:UserAPI,Action:HttpGet,Method:GetParentList,User:multiplyadmin,UnitID:2
2022-08-23 19:14:10.5842|INFO|PIVF.Web.Api.Master.Configuration.UserAPIController|Controller Name:UserAPI,Action:HttpGet,Method:GetParentList,User:multiplyadmin,UnitID:2
2022-08-23 19:14:10.6093|INFO|PIVF.Web.Api.Master.Configuration.UserAPIController|Controller Name:UserAPI,Action:HttpGet,Method:GetParentList,User:multiplyadmin,UnitID:2
2022-08-23 19:14:10.6093|INFO|PIVF.Web.Api.Master.Configuration.UserAPIController|Controller Name:UserAPI,Action:HttpGet,Method:GetParentList,User:multiplyadmin,UnitID:2
2022-08-23 19:14:18.8635|INFO|PIVF.Web.Api.Master.Common.CommonController|Controller Name:Common,Action:GET,Method:GetActiveVisitByPatient,User:multiplyadmin,UnitID:2
2022-08-23 19:14:18.8635|INFO|PIVF.Web.Api.Master.Common.CommonController|Controller Name:Common,Action:GET,Method:GetActiveVisitByPatient,User:multiplyadmin,UnitID:2
2022-08-23 19:14:19.5026|INFO|PIVF.Web.Api.Master.Common.CommonController|Controller Name:Common,Action:GET,Method:GetActiveVisitByPatient,User:multiplyadmin,UnitID:2
2022-08-23 19:14:19.5026|INFO|PIVF.Web.Api.Master.Common.CommonController|Controller Name:Common,Action:GET,Method:GetActiveVisitByPatient,User:multiplyadmin,UnitID:2
2022-08-23 19:14:20.6413|INFO|PIVF.Web.Api.EMR.LandingPage.EMRLandingPageAPIController|Controller Name:EMRLandingPageAPI,Action:GET,Method:GetEMRLandingPageData,User:multiplyadmin,UnitID:2
2022-08-23 19:14:20.6413|INFO|PIVF.Web.Api.EMR.LandingPage.EMRLandingPageAPIController|Controller Name:EMRLandingPageAPI,Action:GET,Method:GetEMRLandingPageData,User:multiplyadmin,UnitID:2
2022-08-23 19:14:22.4247|INFO|PIVF.Web.Api.Master.Common.CommonController|Controller Name:Common,Action:POST,Method:PutSelectedvisitByPatient,User:multiplyadmin,UnitID:2
2022-08-23 19:14:22.4247|INFO|PIVF.Web.Api.Master.Common.CommonController|Controller Name:Common,Action:POST,Method:PutSelectedvisitByPatient,User:multiplyadmin,UnitID:2
2022-08-23 19:14:23.2211|INFO|PIVF.Web.Api.New_ART.NewARTController|Controller Name:NewART,Action:GET,Method:newCyclebtnFlag,User:multiplyadmin,UnitID:2
2022-08-23 19:14:23.2211|INFO|PIVF.Web.Api.New_ART.NewARTController|Controller Name:NewART,Action:GET,Method:newCyclebtnFlag,User:multiplyadmin,UnitID:2
2022-08-23 19:14:24.7373|INFO|PIVF.Web.Api.New_ART.NewARTController|Controller Name:NewART,Action:GET,Method:GetARTCycleList,User:multiplyadmin,UnitID:2
2022-08-23 19:14:24.7373|INFO|PIVF.Web.Api.New_ART.NewARTController|Controller Name:NewART,Action:GET,Method:GetARTCycleList,User:multiplyadmin,UnitID:2
