2023-10-18 15:58:52.0849|INFO|PIVF.Web.Api.Master.Configuration.UserAPIController|Controller Name:UserAPI,Action:HttpGet,Method:GetUserRoleRights,User:admin,UnitID:2
2023-10-18 15:58:52.0849|INFO|PIVF.Web.Api.Master.Configuration.UserAPIController|Controller Name:UserAPI,Action:HttpGet,Method:GetUserRoleRights,User:admin,UnitID:2
2023-10-18 15:58:55.6697|INFO|PIVF.Web.Api.Master.Configuration.UserAPIController|Controller Name:UserAPI,Action:HttpGet,Method:GetGrandParentList,User:admin,UnitID:2
2023-10-18 15:58:55.6697|INFO|PIVF.Web.Api.Master.Configuration.UserAPIController|Controller Name:UserAPI,Action:HttpGet,Method:GetGrandParentList,User:admin,UnitID:2
2023-10-18 15:58:55.8920|INFO|PIVF.Web.Api.Master.Common.CommonController|1_Controller Name:CommonController,Action:HttpGet,Method:GetDepartmentList,User:admin,UnitID:2
2023-10-18 15:58:55.8920|INFO|PIVF.Web.Api.Master.Common.CommonController|1_Controller Name:CommonController,Action:HttpGet,Method:GetDepartmentList,User:admin,UnitID:2
2023-10-18 15:58:56.0078|INFO|PIVF.Web.Api.Master.Configuration.UserAPIController|Controller Name:UserAPI,Action:HttpGet,Method:GetParentList,User:admin,UnitID:2
2023-10-18 15:58:56.0078|INFO|PIVF.Web.Api.Master.Configuration.UserAPIController|Controller Name:UserAPI,Action:HttpGet,Method:GetParentList,User:admin,UnitID:2
2023-10-18 15:58:56.5788|INFO|PIVF.Web.Api.QueueMgt.QueueMgtController|Controller Name:QueueMgt,Action:HttpPost,Method:GetQueueList,User:admin,UnitID:2
2023-10-18 15:58:56.5788|INFO|PIVF.Web.Api.QueueMgt.QueueMgtController|Controller Name:QueueMgt,Action:HttpPost,Method:GetQueueList,User:admin,UnitID:2
2023-10-18 15:58:56.9267|INFO|PIVF.Web.Api.Master.Common.CommonController|1_Controller Name:CommonController,Action:HttpGet,Method:GetSpeclRegTypeList,User:admin,UnitID:2
2023-10-18 15:58:56.9267|INFO|PIVF.Web.Api.Master.Common.CommonController|1_Controller Name:CommonController,Action:HttpGet,Method:GetSpeclRegTypeList,User:admin,UnitID:2
2023-10-18 15:58:57.2204|INFO|PIVF.Web.Api.Master.Configuration.UserAPIController|Controller Name:UserAPI,Action:HttpGet,Method:GetParentList,User:admin,UnitID:2
2023-10-18 15:58:57.2204|INFO|PIVF.Web.Api.Master.Configuration.UserAPIController|Controller Name:UserAPI,Action:HttpGet,Method:GetParentList,User:admin,UnitID:2
2023-10-18 15:58:57.9530|INFO|PIVF.Web.Api.Master.Common.CommonController|1_Controller Name:CommonController,Action:HttpGet,Method:GetDoctorsList,User:admin,UnitID:2
2023-10-18 15:58:57.9530|INFO|PIVF.Web.Api.Master.Common.CommonController|1_Controller Name:CommonController,Action:HttpGet,Method:GetDoctorsList,User:admin,UnitID:2
2023-10-18 15:59:16.4881|INFO|PIVF.Web.Api.EMR.LandingPage.EMRLandingPageAPIController|Controller Name:EMRLandingPageAPI,Action:GET,Method:GetEMRLandingPageData,User:admin,UnitID:2
2023-10-18 15:59:16.4881|INFO|PIVF.Web.Api.EMR.LandingPage.EMRLandingPageAPIController|Controller Name:EMRLandingPageAPI,Action:GET,Method:GetEMRLandingPageData,User:admin,UnitID:2
2023-10-18 15:59:20.8297|INFO|PIVF.Web.Api.Master.Common.CommonController|Controller Name:Common,Action:GET,Method:GetActiveVisitByPatient,User:admin,UnitID:2
2023-10-18 15:59:20.8297|INFO|PIVF.Web.Api.Master.Common.CommonController|Controller Name:Common,Action:GET,Method:GetActiveVisitByPatient,User:admin,UnitID:2
2023-10-18 15:59:26.8529|INFO|PIVF.Web.Api.Master.Common.CommonController|Controller Name:Common,Action:GET,Method:GetActiveVisitByPatient,User:admin,UnitID:2
2023-10-18 15:59:26.8529|INFO|PIVF.Web.Api.Master.Common.CommonController|Controller Name:Common,Action:GET,Method:GetActiveVisitByPatient,User:admin,UnitID:2
2023-10-18 16:00:41.0268|INFO|PIVF.Web.Api.EMR.FemaleHistory.FollicularScanController|Controller Name:FollicularScan,Action:GET,Method:LoadPreviousFollicularScanData,User:admin,UnitID:2
2023-10-18 16:00:41.0268|INFO|PIVF.Web.Api.EMR.FemaleHistory.FollicularScanController|Controller Name:FollicularScan,Action:GET,Method:LoadPreviousFollicularScanData,User:admin,UnitID:2
2023-10-18 16:00:41.5349|INFO|PIVF.Web.Api.EMR.FemaleHistory.FollicularScanController|Controller Name:FollicularScan,Action:GET,Method:LoadCycleCodeList,User:admin,UnitID:2
2023-10-18 16:00:41.5349|INFO|PIVF.Web.Api.EMR.FemaleHistory.FollicularScanController|Controller Name:FollicularScan,Action:GET,Method:LoadCycleCodeList,User:admin,UnitID:2
2023-10-18 16:10:00.6456|INFO|PIVF.Web.Api.QueueMgt.QueueMgtController|Controller Name:QueueMgt,Action:HttpPost,Method:GetQueueList,User:admin,UnitID:2
2023-10-18 16:10:00.6456|INFO|PIVF.Web.Api.QueueMgt.QueueMgtController|Controller Name:QueueMgt,Action:HttpPost,Method:GetQueueList,User:admin,UnitID:2
2023-10-18 16:10:01.0337|INFO|PIVF.Web.Api.Master.Common.CommonController|1_Controller Name:CommonController,Action:HttpGet,Method:GetDepartmentList,User:admin,UnitID:2
2023-10-18 16:10:01.0337|INFO|PIVF.Web.Api.Master.Common.CommonController|1_Controller Name:CommonController,Action:HttpGet,Method:GetDepartmentList,User:admin,UnitID:2
2023-10-18 16:10:01.2151|INFO|PIVF.Web.Api.Master.Common.CommonController|1_Controller Name:CommonController,Action:HttpGet,Method:GetDoctorsList,User:admin,UnitID:2
2023-10-18 16:10:01.2151|INFO|PIVF.Web.Api.Master.Common.CommonController|1_Controller Name:CommonController,Action:HttpGet,Method:GetDoctorsList,User:admin,UnitID:2
2023-10-18 16:10:01.4061|INFO|PIVF.Web.Api.Master.Common.CommonController|1_Controller Name:CommonController,Action:HttpGet,Method:GetSpeclRegTypeList,User:admin,UnitID:2
2023-10-18 16:10:01.4061|INFO|PIVF.Web.Api.Master.Common.CommonController|1_Controller Name:CommonController,Action:HttpGet,Method:GetSpeclRegTypeList,User:admin,UnitID:2
2023-10-18 16:10:02.0519|INFO|PIVF.Web.Api.Master.Configuration.UserAPIController|Controller Name:UserAPI,Action:HttpGet,Method:GetGrandParentList,User:admin,UnitID:2
2023-10-18 16:10:02.0519|INFO|PIVF.Web.Api.Master.Configuration.UserAPIController|Controller Name:UserAPI,Action:HttpGet,Method:GetGrandParentList,User:admin,UnitID:2
2023-10-18 16:10:02.5616|INFO|PIVF.Web.Api.Master.Configuration.UserAPIController|Controller Name:UserAPI,Action:HttpGet,Method:GetParentList,User:admin,UnitID:2
2023-10-18 16:10:02.5616|INFO|PIVF.Web.Api.Master.Configuration.UserAPIController|Controller Name:UserAPI,Action:HttpGet,Method:GetParentList,User:admin,UnitID:2
2023-10-18 16:10:02.6470|INFO|PIVF.Web.Api.Master.Configuration.UserAPIController|Controller Name:UserAPI,Action:HttpGet,Method:GetParentList,User:admin,UnitID:2
2023-10-18 16:10:02.6470|INFO|PIVF.Web.Api.Master.Configuration.UserAPIController|Controller Name:UserAPI,Action:HttpGet,Method:GetParentList,User:admin,UnitID:2
2023-10-18 16:10:03.0729|INFO|PIVF.Web.Api.Master.Configuration.UserAPIController|Controller Name:UserAPI,Action:HttpGet,Method:GetUserRoleRights,User:admin,UnitID:2
2023-10-18 16:10:03.0729|INFO|PIVF.Web.Api.Master.Configuration.UserAPIController|Controller Name:UserAPI,Action:HttpGet,Method:GetUserRoleRights,User:admin,UnitID:2
2023-10-18 16:10:08.9193|INFO|PIVF.Web.Api.EMR.LandingPage.EMRLandingPageAPIController|Controller Name:EMRLandingPageAPI,Action:GET,Method:GetEMRLandingPageData,User:admin,UnitID:2
2023-10-18 16:10:08.9193|INFO|PIVF.Web.Api.EMR.LandingPage.EMRLandingPageAPIController|Controller Name:EMRLandingPageAPI,Action:GET,Method:GetEMRLandingPageData,User:admin,UnitID:2
2023-10-18 16:10:15.7395|INFO|PIVF.Web.Api.Master.Common.CommonController|Controller Name:Common,Action:GET,Method:GetActiveVisitByPatient,User:admin,UnitID:2
2023-10-18 16:10:15.7395|INFO|PIVF.Web.Api.Master.Common.CommonController|Controller Name:Common,Action:GET,Method:GetActiveVisitByPatient,User:admin,UnitID:2
2023-10-18 16:10:22.3126|INFO|PIVF.Web.Api.Master.Common.CommonController|Controller Name:Common,Action:GET,Method:GetActiveVisitByPatient,User:admin,UnitID:2
2023-10-18 16:10:22.3126|INFO|PIVF.Web.Api.Master.Common.CommonController|Controller Name:Common,Action:GET,Method:GetActiveVisitByPatient,User:admin,UnitID:2
2023-10-18 16:10:26.5085|INFO|PIVF.Web.Api.EMR.FemaleHistory.FollicularScanController|Controller Name:FollicularScan,Action:GET,Method:LoadPreviousFollicularScanData,User:admin,UnitID:2
2023-10-18 16:10:26.5085|INFO|PIVF.Web.Api.EMR.FemaleHistory.FollicularScanController|Controller Name:FollicularScan,Action:GET,Method:LoadPreviousFollicularScanData,User:admin,UnitID:2
2023-10-18 16:10:27.0839|INFO|PIVF.Web.Api.EMR.FemaleHistory.FollicularScanController|Controller Name:FollicularScan,Action:GET,Method:LoadCycleCodeList,User:admin,UnitID:2
2023-10-18 16:10:27.0839|INFO|PIVF.Web.Api.EMR.FemaleHistory.FollicularScanController|Controller Name:FollicularScan,Action:GET,Method:LoadCycleCodeList,User:admin,UnitID:2
2023-10-18 16:11:14.0142|INFO|PIVF.Web.Api.Master.Configuration.UserAPIController|Controller Name:UserAPI,Action:HttpGet,Method:GetUserRoleRights,User:admin,UnitID:2
2023-10-18 16:11:14.0142|INFO|PIVF.Web.Api.Master.Configuration.UserAPIController|Controller Name:UserAPI,Action:HttpGet,Method:GetUserRoleRights,User:admin,UnitID:2
2023-10-18 16:11:14.5259|INFO|PIVF.Web.Api.Master.Configuration.UserAPIController|Controller Name:UserAPI,Action:HttpGet,Method:GetGrandParentList,User:admin,UnitID:2
2023-10-18 16:11:14.5259|INFO|PIVF.Web.Api.Master.Configuration.UserAPIController|Controller Name:UserAPI,Action:HttpGet,Method:GetGrandParentList,User:admin,UnitID:2
2023-10-18 16:11:14.6885|INFO|PIVF.Web.Api.Master.Common.CommonController|1_Controller Name:CommonController,Action:HttpGet,Method:GetDoctorsList,User:admin,UnitID:2
2023-10-18 16:11:14.6885|INFO|PIVF.Web.Api.Master.Common.CommonController|1_Controller Name:CommonController,Action:HttpGet,Method:GetDoctorsList,User:admin,UnitID:2
2023-10-18 16:11:14.7364|INFO|PIVF.Web.Api.QueueMgt.QueueMgtController|Controller Name:QueueMgt,Action:HttpPost,Method:GetQueueList,User:admin,UnitID:2
2023-10-18 16:11:14.7364|INFO|PIVF.Web.Api.QueueMgt.QueueMgtController|Controller Name:QueueMgt,Action:HttpPost,Method:GetQueueList,User:admin,UnitID:2
2023-10-18 16:11:15.6978|INFO|PIVF.Web.Api.Master.Common.CommonController|1_Controller Name:CommonController,Action:HttpGet,Method:GetDepartmentList,User:admin,UnitID:2
2023-10-18 16:11:15.6978|INFO|PIVF.Web.Api.Master.Common.CommonController|1_Controller Name:CommonController,Action:HttpGet,Method:GetDepartmentList,User:admin,UnitID:2
2023-10-18 16:11:15.7147|INFO|PIVF.Web.Api.Master.Configuration.UserAPIController|Controller Name:UserAPI,Action:HttpGet,Method:GetParentList,User:admin,UnitID:2
2023-10-18 16:11:15.7147|INFO|PIVF.Web.Api.Master.Configuration.UserAPIController|Controller Name:UserAPI,Action:HttpGet,Method:GetParentList,User:admin,UnitID:2
2023-10-18 16:11:15.7586|INFO|PIVF.Web.Api.Master.Configuration.UserAPIController|Controller Name:UserAPI,Action:HttpGet,Method:GetParentList,User:admin,UnitID:2
2023-10-18 16:11:15.7586|INFO|PIVF.Web.Api.Master.Configuration.UserAPIController|Controller Name:UserAPI,Action:HttpGet,Method:GetParentList,User:admin,UnitID:2
2023-10-18 16:11:15.7777|INFO|PIVF.Web.Api.Master.Common.CommonController|1_Controller Name:CommonController,Action:HttpGet,Method:GetSpeclRegTypeList,User:admin,UnitID:2
2023-10-18 16:11:15.7777|INFO|PIVF.Web.Api.Master.Common.CommonController|1_Controller Name:CommonController,Action:HttpGet,Method:GetSpeclRegTypeList,User:admin,UnitID:2
2023-10-18 16:11:18.9521|INFO|PIVF.Web.Api.EMR.LandingPage.EMRLandingPageAPIController|Controller Name:EMRLandingPageAPI,Action:GET,Method:GetEMRLandingPageData,User:admin,UnitID:2
2023-10-18 16:11:18.9521|INFO|PIVF.Web.Api.EMR.LandingPage.EMRLandingPageAPIController|Controller Name:EMRLandingPageAPI,Action:GET,Method:GetEMRLandingPageData,User:admin,UnitID:2
2023-10-18 16:11:25.6113|INFO|PIVF.Web.Api.Master.Common.CommonController|Controller Name:Common,Action:GET,Method:GetActiveVisitByPatient,User:admin,UnitID:2
2023-10-18 16:11:25.6113|INFO|PIVF.Web.Api.Master.Common.CommonController|Controller Name:Common,Action:GET,Method:GetActiveVisitByPatient,User:admin,UnitID:2
2023-10-18 16:11:31.0236|INFO|PIVF.Web.Api.EMR.FemaleHistory.FollicularScanController|Controller Name:FollicularScan,Action:GET,Method:LoadCycleCodeList,User:admin,UnitID:2
2023-10-18 16:11:31.0236|INFO|PIVF.Web.Api.EMR.FemaleHistory.FollicularScanController|Controller Name:FollicularScan,Action:GET,Method:LoadCycleCodeList,User:admin,UnitID:2
2023-10-18 16:11:32.0353|INFO|PIVF.Web.Api.EMR.FemaleHistory.FollicularScanController|Controller Name:FollicularScan,Action:GET,Method:LoadPreviousFollicularScanData,User:admin,UnitID:2
2023-10-18 16:11:32.0353|INFO|PIVF.Web.Api.EMR.FemaleHistory.FollicularScanController|Controller Name:FollicularScan,Action:GET,Method:LoadPreviousFollicularScanData,User:admin,UnitID:2
2023-10-18 16:13:05.3914|INFO|PIVF.Web.Api.Master.Configuration.UserAPIController|Controller Name:UserAPI,Action:HttpGet,Method:GetUserRoleRights,User:admin,UnitID:2
2023-10-18 16:13:05.3914|INFO|PIVF.Web.Api.Master.Configuration.UserAPIController|Controller Name:UserAPI,Action:HttpGet,Method:GetUserRoleRights,User:admin,UnitID:2
2023-10-18 16:13:07.0901|INFO|PIVF.Web.Api.Master.Common.CommonController|1_Controller Name:CommonController,Action:HttpGet,Method:GetDoctorsList,User:admin,UnitID:2
2023-10-18 16:13:07.0901|INFO|PIVF.Web.Api.Master.Common.CommonController|1_Controller Name:CommonController,Action:HttpGet,Method:GetDoctorsList,User:admin,UnitID:2
2023-10-18 16:13:07.1875|INFO|PIVF.Web.Api.Master.Common.CommonController|1_Controller Name:CommonController,Action:HttpGet,Method:GetSpeclRegTypeList,User:admin,UnitID:2
2023-10-18 16:13:07.1875|INFO|PIVF.Web.Api.Master.Common.CommonController|1_Controller Name:CommonController,Action:HttpGet,Method:GetSpeclRegTypeList,User:admin,UnitID:2
2023-10-18 16:13:07.3291|INFO|PIVF.Web.Api.Master.Configuration.UserAPIController|Controller Name:UserAPI,Action:HttpGet,Method:GetParentList,User:admin,UnitID:2
2023-10-18 16:13:07.3291|INFO|PIVF.Web.Api.Master.Configuration.UserAPIController|Controller Name:UserAPI,Action:HttpGet,Method:GetParentList,User:admin,UnitID:2
2023-10-18 16:13:07.3552|INFO|PIVF.Web.Api.Master.Configuration.UserAPIController|Controller Name:UserAPI,Action:HttpGet,Method:GetParentList,User:admin,UnitID:2
2023-10-18 16:13:07.3552|INFO|PIVF.Web.Api.Master.Configuration.UserAPIController|Controller Name:UserAPI,Action:HttpGet,Method:GetParentList,User:admin,UnitID:2
2023-10-18 16:13:07.4896|INFO|PIVF.Web.Api.Master.Configuration.UserAPIController|Controller Name:UserAPI,Action:HttpGet,Method:GetGrandParentList,User:admin,UnitID:2
2023-10-18 16:13:07.4896|INFO|PIVF.Web.Api.Master.Configuration.UserAPIController|Controller Name:UserAPI,Action:HttpGet,Method:GetGrandParentList,User:admin,UnitID:2
2023-10-18 16:13:07.5315|INFO|PIVF.Web.Api.QueueMgt.QueueMgtController|Controller Name:QueueMgt,Action:HttpPost,Method:GetQueueList,User:admin,UnitID:2
2023-10-18 16:13:07.5315|INFO|PIVF.Web.Api.QueueMgt.QueueMgtController|Controller Name:QueueMgt,Action:HttpPost,Method:GetQueueList,User:admin,UnitID:2
2023-10-18 16:13:08.5354|INFO|PIVF.Web.Api.Master.Common.CommonController|1_Controller Name:CommonController,Action:HttpGet,Method:GetDepartmentList,User:admin,UnitID:2
2023-10-18 16:13:08.5354|INFO|PIVF.Web.Api.Master.Common.CommonController|1_Controller Name:CommonController,Action:HttpGet,Method:GetDepartmentList,User:admin,UnitID:2
2023-10-18 16:13:13.2322|INFO|PIVF.Web.Api.EMR.LandingPage.EMRLandingPageAPIController|Controller Name:EMRLandingPageAPI,Action:GET,Method:GetEMRLandingPageData,User:admin,UnitID:2
2023-10-18 16:13:13.2322|INFO|PIVF.Web.Api.EMR.LandingPage.EMRLandingPageAPIController|Controller Name:EMRLandingPageAPI,Action:GET,Method:GetEMRLandingPageData,User:admin,UnitID:2
2023-10-18 16:13:20.2792|INFO|PIVF.Web.Api.Master.Common.CommonController|Controller Name:Common,Action:GET,Method:GetActiveVisitByPatient,User:admin,UnitID:2
2023-10-18 16:13:20.2792|INFO|PIVF.Web.Api.Master.Common.CommonController|Controller Name:Common,Action:GET,Method:GetActiveVisitByPatient,User:admin,UnitID:2
2023-10-18 16:13:24.6099|INFO|PIVF.Web.Api.EMR.FemaleHistory.FollicularScanController|Controller Name:FollicularScan,Action:GET,Method:LoadPreviousFollicularScanData,User:admin,UnitID:2
2023-10-18 16:13:24.6099|INFO|PIVF.Web.Api.EMR.FemaleHistory.FollicularScanController|Controller Name:FollicularScan,Action:GET,Method:LoadPreviousFollicularScanData,User:admin,UnitID:2
2023-10-18 16:13:25.1259|INFO|PIVF.Web.Api.EMR.FemaleHistory.FollicularScanController|Controller Name:FollicularScan,Action:GET,Method:LoadCycleCodeList,User:admin,UnitID:2
2023-10-18 16:13:25.1259|INFO|PIVF.Web.Api.EMR.FemaleHistory.FollicularScanController|Controller Name:FollicularScan,Action:GET,Method:LoadCycleCodeList,User:admin,UnitID:2
2023-10-18 16:31:02.0288|INFO|PIVF.Web.Api.Master.Configuration.UserAPIController|Controller Name:UserAPI,Action:HttpGet,Method:GetGrandParentList,User:admin,UnitID:2
2023-10-18 16:31:02.0288|INFO|PIVF.Web.Api.Master.Configuration.UserAPIController|Controller Name:UserAPI,Action:HttpGet,Method:GetGrandParentList,User:admin,UnitID:2
2023-10-18 16:31:03.2674|INFO|PIVF.Web.Api.Master.Configuration.UserAPIController|Controller Name:UserAPI,Action:HttpGet,Method:GetUserRoleRights,User:admin,UnitID:2
2023-10-18 16:31:03.2674|INFO|PIVF.Web.Api.Master.Configuration.UserAPIController|Controller Name:UserAPI,Action:HttpGet,Method:GetUserRoleRights,User:admin,UnitID:2
2023-10-18 16:31:06.6886|INFO|PIVF.Web.Api.QueueMgt.QueueMgtController|Controller Name:QueueMgt,Action:HttpPost,Method:GetQueueList,User:admin,UnitID:2
2023-10-18 16:31:06.6886|INFO|PIVF.Web.Api.QueueMgt.QueueMgtController|Controller Name:QueueMgt,Action:HttpPost,Method:GetQueueList,User:admin,UnitID:2
2023-10-18 16:31:07.2073|INFO|PIVF.Web.Api.Master.Common.CommonController|1_Controller Name:CommonController,Action:HttpGet,Method:GetSpeclRegTypeList,User:admin,UnitID:2
2023-10-18 16:31:07.2073|INFO|PIVF.Web.Api.Master.Common.CommonController|1_Controller Name:CommonController,Action:HttpGet,Method:GetSpeclRegTypeList,User:admin,UnitID:2
2023-10-18 16:31:07.2916|INFO|PIVF.Web.Api.Master.Configuration.UserAPIController|Controller Name:UserAPI,Action:HttpGet,Method:GetParentList,User:admin,UnitID:2
2023-10-18 16:31:07.2916|INFO|PIVF.Web.Api.Master.Configuration.UserAPIController|Controller Name:UserAPI,Action:HttpGet,Method:GetParentList,User:admin,UnitID:2
2023-10-18 16:31:07.4452|INFO|PIVF.Web.Api.Master.Configuration.UserAPIController|Controller Name:UserAPI,Action:HttpGet,Method:GetParentList,User:admin,UnitID:2
2023-10-18 16:31:07.4452|INFO|PIVF.Web.Api.Master.Configuration.UserAPIController|Controller Name:UserAPI,Action:HttpGet,Method:GetParentList,User:admin,UnitID:2
2023-10-18 16:31:07.7108|INFO|PIVF.Web.Api.Master.Common.CommonController|1_Controller Name:CommonController,Action:HttpGet,Method:GetDoctorsList,User:admin,UnitID:2
2023-10-18 16:31:07.7108|INFO|PIVF.Web.Api.Master.Common.CommonController|1_Controller Name:CommonController,Action:HttpGet,Method:GetDoctorsList,User:admin,UnitID:2
2023-10-18 16:31:08.7407|INFO|PIVF.Web.Api.Master.Common.CommonController|1_Controller Name:CommonController,Action:HttpGet,Method:GetDepartmentList,User:admin,UnitID:2
2023-10-18 16:31:08.7407|INFO|PIVF.Web.Api.Master.Common.CommonController|1_Controller Name:CommonController,Action:HttpGet,Method:GetDepartmentList,User:admin,UnitID:2
2023-10-18 16:31:26.9721|INFO|PIVF.Web.Api.EMR.LandingPage.EMRLandingPageAPIController|Controller Name:EMRLandingPageAPI,Action:GET,Method:GetEMRLandingPageData,User:admin,UnitID:2
2023-10-18 16:31:26.9721|INFO|PIVF.Web.Api.EMR.LandingPage.EMRLandingPageAPIController|Controller Name:EMRLandingPageAPI,Action:GET,Method:GetEMRLandingPageData,User:admin,UnitID:2
2023-10-18 16:38:05.5554|INFO|PIVF.Web.Api.Master.Common.CommonController|Controller Name:Common,Action:GET,Method:GetActiveVisitByPatient,User:admin,UnitID:2
2023-10-18 16:38:05.5554|INFO|PIVF.Web.Api.Master.Common.CommonController|Controller Name:Common,Action:GET,Method:GetActiveVisitByPatient,User:admin,UnitID:2
2023-10-18 16:38:10.1881|INFO|PIVF.Web.Api.EMR.FemaleHistory.FollicularScanController|Controller Name:FollicularScan,Action:GET,Method:LoadCycleCodeList,User:admin,UnitID:2
2023-10-18 16:38:10.1881|INFO|PIVF.Web.Api.EMR.FemaleHistory.FollicularScanController|Controller Name:FollicularScan,Action:GET,Method:LoadCycleCodeList,User:admin,UnitID:2
2023-10-18 16:38:10.6968|INFO|PIVF.Web.Api.EMR.FemaleHistory.FollicularScanController|Controller Name:FollicularScan,Action:GET,Method:LoadPreviousFollicularScanData,User:admin,UnitID:2
2023-10-18 16:38:10.6968|INFO|PIVF.Web.Api.EMR.FemaleHistory.FollicularScanController|Controller Name:FollicularScan,Action:GET,Method:LoadPreviousFollicularScanData,User:admin,UnitID:2
2023-10-18 16:39:49.5929|INFO|PIVF.Web.Api.Master.Common.CommonController|1_Controller Name:CommonController,Action:HttpGet,Method:GetDepartmentList,User:admin,UnitID:2
2023-10-18 16:39:49.5929|INFO|PIVF.Web.Api.Master.Common.CommonController|1_Controller Name:CommonController,Action:HttpGet,Method:GetDepartmentList,User:admin,UnitID:2
2023-10-18 16:39:50.6151|INFO|PIVF.Web.Api.QueueMgt.QueueMgtController|Controller Name:QueueMgt,Action:HttpPost,Method:GetQueueList,User:admin,UnitID:2
2023-10-18 16:39:50.6151|INFO|PIVF.Web.Api.QueueMgt.QueueMgtController|Controller Name:QueueMgt,Action:HttpPost,Method:GetQueueList,User:admin,UnitID:2
2023-10-18 16:39:51.1256|INFO|PIVF.Web.Api.Master.Common.CommonController|1_Controller Name:CommonController,Action:HttpGet,Method:GetSpeclRegTypeList,User:admin,UnitID:2
2023-10-18 16:39:51.1256|INFO|PIVF.Web.Api.Master.Common.CommonController|1_Controller Name:CommonController,Action:HttpGet,Method:GetSpeclRegTypeList,User:admin,UnitID:2
2023-10-18 16:39:51.6278|INFO|PIVF.Web.Api.Master.Common.CommonController|1_Controller Name:CommonController,Action:HttpGet,Method:GetDoctorsList,User:admin,UnitID:2
2023-10-18 16:39:51.6278|INFO|PIVF.Web.Api.Master.Common.CommonController|1_Controller Name:CommonController,Action:HttpGet,Method:GetDoctorsList,User:admin,UnitID:2
2023-10-18 16:40:05.6090|INFO|PIVF.Web.Api.Master.Common.CommonController|Controller Name:Common,Action:GET,Method:GetActiveVisitByPatient,User:admin,UnitID:2
2023-10-18 16:40:05.6090|INFO|PIVF.Web.Api.Master.Common.CommonController|Controller Name:Common,Action:GET,Method:GetActiveVisitByPatient,User:admin,UnitID:2
2023-10-18 16:40:05.6389|INFO|PIVF.Web.Api.Master.Common.CommonController|Controller Name:Common,Action:GET,Method:GetActiveVisitByPatient,User:admin,UnitID:2
2023-10-18 16:40:05.6389|INFO|PIVF.Web.Api.Master.Common.CommonController|Controller Name:Common,Action:GET,Method:GetActiveVisitByPatient,User:admin,UnitID:2
2023-10-18 16:40:06.2507|INFO|PIVF.Web.Api.EMR.LandingPage.EMRLandingPageAPIController|Controller Name:EMRLandingPageAPI,Action:GET,Method:GetEMRLandingPageData,User:admin,UnitID:2
2023-10-18 16:40:06.2507|INFO|PIVF.Web.Api.EMR.LandingPage.EMRLandingPageAPIController|Controller Name:EMRLandingPageAPI,Action:GET,Method:GetEMRLandingPageData,User:admin,UnitID:2
2023-10-18 16:40:09.1860|INFO|PIVF.Web.Api.Master.Common.CommonController|Controller Name:Common,Action:POST,Method:PutSelectedvisitByPatient,User:admin,UnitID:2
2023-10-18 16:40:09.1860|INFO|PIVF.Web.Api.Master.Common.CommonController|Controller Name:Common,Action:POST,Method:PutSelectedvisitByPatient,User:admin,UnitID:2
2023-10-18 16:40:39.2025|INFO|PIVF.Web.Api.Master.Common.CommonController|Controller Name:Common,Action:GET,Method:GetActiveVisitByPatient,User:admin,UnitID:2
2023-10-18 16:40:39.2025|INFO|PIVF.Web.Api.Master.Common.CommonController|Controller Name:Common,Action:GET,Method:GetActiveVisitByPatient,User:admin,UnitID:2
2023-10-18 16:40:40.0190|INFO|PIVF.Web.Api.Master.Common.CommonController|Controller Name:Common,Action:GET,Method:GetActiveVisitByPatient,User:admin,UnitID:2
2023-10-18 16:40:40.0190|INFO|PIVF.Web.Api.Master.Common.CommonController|Controller Name:Common,Action:GET,Method:GetActiveVisitByPatient,User:admin,UnitID:2
2023-10-18 16:40:40.0918|INFO|PIVF.Web.Api.EMR.LandingPage.EMRLandingPageAPIController|Controller Name:EMRLandingPageAPI,Action:GET,Method:GetEMRLandingPageData,User:admin,UnitID:2
2023-10-18 16:40:40.0918|INFO|PIVF.Web.Api.EMR.LandingPage.EMRLandingPageAPIController|Controller Name:EMRLandingPageAPI,Action:GET,Method:GetEMRLandingPageData,User:admin,UnitID:2
2023-10-18 16:40:41.9486|INFO|PIVF.Web.Api.Master.Common.CommonController|Controller Name:Common,Action:POST,Method:PutSelectedvisitByPatient,User:admin,UnitID:2
2023-10-18 16:40:41.9486|INFO|PIVF.Web.Api.Master.Common.CommonController|Controller Name:Common,Action:POST,Method:PutSelectedvisitByPatient,User:admin,UnitID:2
2023-10-18 16:40:45.4572|INFO|PIVF.Web.Api.EMR.FemaleHistory.FollicularScanController|Controller Name:FollicularScan,Action:GET,Method:LoadPreviousFollicularScanData,User:admin,UnitID:2
2023-10-18 16:40:45.4572|INFO|PIVF.Web.Api.EMR.FemaleHistory.FollicularScanController|Controller Name:FollicularScan,Action:GET,Method:LoadPreviousFollicularScanData,User:admin,UnitID:2
2023-10-18 16:40:46.9845|INFO|PIVF.Web.Api.EMR.FemaleHistory.FollicularScanController|Controller Name:FollicularScan,Action:GET,Method:LoadCycleCodeList,User:admin,UnitID:2
2023-10-18 16:40:46.9845|INFO|PIVF.Web.Api.EMR.FemaleHistory.FollicularScanController|Controller Name:FollicularScan,Action:GET,Method:LoadCycleCodeList,User:admin,UnitID:2
2023-10-18 16:41:32.7484|INFO|PIVF.Web.Api.Master.Common.CommonController|Controller Name:Common,Action:GET,Method:GetActiveVisitByPatient,User:admin,UnitID:2
2023-10-18 16:41:32.7484|INFO|PIVF.Web.Api.Master.Common.CommonController|Controller Name:Common,Action:GET,Method:GetActiveVisitByPatient,User:admin,UnitID:2
2023-10-18 16:41:38.7777|INFO|PIVF.Web.Api.EMR.MaleHistory.MaleHistoryController|Controller Name: MaleHistory,Action: GET,Method: SetAllControls,User: admin,UnitID:2
2023-10-18 16:41:38.7777|INFO|PIVF.Web.Api.EMR.MaleHistory.MaleHistoryController|Controller Name: MaleHistory,Action: GET,Method: SetAllControls,User: admin,UnitID:2
2023-10-18 16:41:40.8026|INFO|PIVF.Web.Api.EMR.FemaleHistory.FollicularScanController|Controller Name:FollicularScan,Action:GET,Method:LoadPreviousFollicularScanData,User:admin,UnitID:2
2023-10-18 16:41:40.8026|INFO|PIVF.Web.Api.EMR.FemaleHistory.FollicularScanController|Controller Name:FollicularScan,Action:GET,Method:LoadPreviousFollicularScanData,User:admin,UnitID:2
2023-10-18 16:41:41.8227|INFO|PIVF.Web.Api.EMR.FemaleHistory.FollicularScanController|Controller Name:FollicularScan,Action:GET,Method:LoadCycleCodeList,User:admin,UnitID:2
2023-10-18 16:41:41.8227|INFO|PIVF.Web.Api.EMR.FemaleHistory.FollicularScanController|Controller Name:FollicularScan,Action:GET,Method:LoadCycleCodeList,User:admin,UnitID:2
2023-10-18 16:44:51.4683|INFO|PIVF.Web.Api.EMR.FemaleHistory.FollicularScanController|Controller Name: FollicularScan,Action: POST,Method: SaveOrUpdateFollicularScan,User: admin,UnitID:2
2023-10-18 16:44:51.4683|INFO|PIVF.Web.Api.EMR.FemaleHistory.FollicularScanController|Controller Name: FollicularScan,Action: POST,Method: SaveOrUpdateFollicularScan,User: admin,UnitID:2
2023-10-18 16:44:51.5852|INFO|PIVF.Web.Api.EMR.FemaleHistory.FollicularScanController|Controller Name:FollicularScan,Action:GET,Method:LoadPreviousFollicularScanData,User:admin,UnitID:2
2023-10-18 16:44:51.5852|INFO|PIVF.Web.Api.EMR.FemaleHistory.FollicularScanController|Controller Name:FollicularScan,Action:GET,Method:LoadPreviousFollicularScanData,User:admin,UnitID:2
2023-10-18 16:45:02.7725|INFO|PIVF.Web.Api.EMR.FemaleHistory.FollicularScanController|Controller Name:FollicularScan,Action:GET,Method:GetSingleFollicularScan,User:admin,UnitID:2
2023-10-18 16:45:02.7725|INFO|PIVF.Web.Api.EMR.FemaleHistory.FollicularScanController|Controller Name:FollicularScan,Action:GET,Method:GetSingleFollicularScan,User:admin,UnitID:2
2023-10-18 16:46:25.4726|INFO|PIVF.Web.Api.EMR.FemaleHistory.FollicularScanController|Controller Name:FollicularScan,Action:GET,Method:GetSingleFollicularScan,User:admin,UnitID:2
2023-10-18 16:46:25.4726|INFO|PIVF.Web.Api.EMR.FemaleHistory.FollicularScanController|Controller Name:FollicularScan,Action:GET,Method:GetSingleFollicularScan,User:admin,UnitID:2
2023-10-18 16:46:31.0147|INFO|PIVF.Web.Api.EMR.FemaleHistory.FollicularScanController|Controller Name:FollicularScan,Action:GET,Method:LoadPreviousFollicularScanData,User:admin,UnitID:2
2023-10-18 16:46:31.0147|INFO|PIVF.Web.Api.EMR.FemaleHistory.FollicularScanController|Controller Name:FollicularScan,Action:GET,Method:LoadPreviousFollicularScanData,User:admin,UnitID:2
2023-10-18 16:46:32.0312|INFO|PIVF.Web.Api.EMR.FemaleHistory.FollicularScanController|Controller Name:FollicularScan,Action:GET,Method:LoadCycleCodeList,User:admin,UnitID:2
2023-10-18 16:46:32.0312|INFO|PIVF.Web.Api.EMR.FemaleHistory.FollicularScanController|Controller Name:FollicularScan,Action:GET,Method:LoadCycleCodeList,User:admin,UnitID:2
2023-10-18 16:46:33.9479|INFO|PIVF.Web.Api.EMR.FemaleHistory.FollicularScanController|Controller Name:FollicularScan,Action:GET,Method:GetSingleFollicularScan,User:admin,UnitID:2
2023-10-18 16:46:33.9479|INFO|PIVF.Web.Api.EMR.FemaleHistory.FollicularScanController|Controller Name:FollicularScan,Action:GET,Method:GetSingleFollicularScan,User:admin,UnitID:2
2023-10-18 16:47:03.4145|INFO|PIVF.Web.Api.EMR.FemaleHistory.FollicularScanController|Controller Name: FollicularScan,Action: POST,Method: SaveOrUpdateFollicularScan,User: admin,UnitID:2
2023-10-18 16:47:03.4145|INFO|PIVF.Web.Api.EMR.FemaleHistory.FollicularScanController|Controller Name: FollicularScan,Action: POST,Method: SaveOrUpdateFollicularScan,User: admin,UnitID:2
2023-10-18 16:47:03.5392|INFO|PIVF.Web.Api.EMR.FemaleHistory.FollicularScanController|Controller Name:FollicularScan,Action:GET,Method:LoadPreviousFollicularScanData,User:admin,UnitID:2
2023-10-18 16:47:03.5392|INFO|PIVF.Web.Api.EMR.FemaleHistory.FollicularScanController|Controller Name:FollicularScan,Action:GET,Method:LoadPreviousFollicularScanData,User:admin,UnitID:2
2023-10-18 16:47:06.8734|INFO|PIVF.Web.Api.EMR.FemaleHistory.FollicularScanController|Controller Name:FollicularScan,Action:GET,Method:GetSingleFollicularScan,User:admin,UnitID:2
2023-10-18 16:47:06.8734|INFO|PIVF.Web.Api.EMR.FemaleHistory.FollicularScanController|Controller Name:FollicularScan,Action:GET,Method:GetSingleFollicularScan,User:admin,UnitID:2
2023-10-18 16:50:12.8258|INFO|PIVF.Web.Api.EMR.FemaleHistory.FollicularScanController|Controller Name:FollicularScan,Action:GET,Method:GetSingleFollicularScan,User:admin,UnitID:2
2023-10-18 16:50:12.8258|INFO|PIVF.Web.Api.EMR.FemaleHistory.FollicularScanController|Controller Name:FollicularScan,Action:GET,Method:GetSingleFollicularScan,User:admin,UnitID:2
2023-10-18 16:55:16.0905|INFO|PIVF.Web.Api.Master.Configuration.UserAPIController|Controller Name:UserAPI,Action:HttpGet,Method:GetUserRoleRights,User:admin,UnitID:2
2023-10-18 16:55:16.0905|INFO|PIVF.Web.Api.Master.Configuration.UserAPIController|Controller Name:UserAPI,Action:HttpGet,Method:GetUserRoleRights,User:admin,UnitID:2
2023-10-18 16:55:16.5503|INFO|PIVF.Web.Api.Master.Common.CommonController|1_Controller Name:CommonController,Action:HttpGet,Method:GetDoctorsList,User:admin,UnitID:2
2023-10-18 16:55:16.5503|INFO|PIVF.Web.Api.Master.Common.CommonController|1_Controller Name:CommonController,Action:HttpGet,Method:GetDoctorsList,User:admin,UnitID:2
2023-10-18 16:55:16.5962|INFO|PIVF.Web.Api.Master.Configuration.UserAPIController|Controller Name:UserAPI,Action:HttpGet,Method:GetGrandParentList,User:admin,UnitID:2
2023-10-18 16:55:16.5962|INFO|PIVF.Web.Api.Master.Configuration.UserAPIController|Controller Name:UserAPI,Action:HttpGet,Method:GetGrandParentList,User:admin,UnitID:2
2023-10-18 16:55:16.6431|INFO|PIVF.Web.Api.Master.Configuration.UserAPIController|Controller Name:UserAPI,Action:HttpGet,Method:GetParentList,User:admin,UnitID:2
2023-10-18 16:55:16.6431|INFO|PIVF.Web.Api.Master.Configuration.UserAPIController|Controller Name:UserAPI,Action:HttpGet,Method:GetParentList,User:admin,UnitID:2
2023-10-18 16:55:16.6802|INFO|PIVF.Web.Api.Master.Configuration.UserAPIController|Controller Name:UserAPI,Action:HttpGet,Method:GetParentList,User:admin,UnitID:2
2023-10-18 16:55:16.6802|INFO|PIVF.Web.Api.Master.Configuration.UserAPIController|Controller Name:UserAPI,Action:HttpGet,Method:GetParentList,User:admin,UnitID:2
2023-10-18 16:55:17.0611|INFO|PIVF.Web.Api.Master.Common.CommonController|1_Controller Name:CommonController,Action:HttpGet,Method:GetSpeclRegTypeList,User:admin,UnitID:2
2023-10-18 16:55:17.0611|INFO|PIVF.Web.Api.Master.Common.CommonController|1_Controller Name:CommonController,Action:HttpGet,Method:GetSpeclRegTypeList,User:admin,UnitID:2
2023-10-18 16:55:17.5738|INFO|PIVF.Web.Api.Master.Common.CommonController|1_Controller Name:CommonController,Action:HttpGet,Method:GetDepartmentList,User:admin,UnitID:2
2023-10-18 16:55:17.5738|INFO|PIVF.Web.Api.Master.Common.CommonController|1_Controller Name:CommonController,Action:HttpGet,Method:GetDepartmentList,User:admin,UnitID:2
2023-10-18 16:55:17.6077|INFO|PIVF.Web.Api.QueueMgt.QueueMgtController|Controller Name:QueueMgt,Action:HttpPost,Method:GetQueueList,User:admin,UnitID:2
2023-10-18 16:55:17.6077|INFO|PIVF.Web.Api.QueueMgt.QueueMgtController|Controller Name:QueueMgt,Action:HttpPost,Method:GetQueueList,User:admin,UnitID:2
2023-10-18 16:55:27.4649|INFO|PIVF.Web.Api.Master.Common.CommonController|1_Controller Name:CommonController,Action:HttpGet,Method:GetSpeclRegTypeList,User:admin,UnitID:2
2023-10-18 16:55:27.4649|INFO|PIVF.Web.Api.Master.Common.CommonController|1_Controller Name:CommonController,Action:HttpGet,Method:GetSpeclRegTypeList,User:admin,UnitID:2
2023-10-18 16:55:28.0290|INFO|PIVF.Web.Api.QueueMgt.QueueMgtController|Controller Name:QueueMgt,Action:HttpPost,Method:GetQueueList,User:admin,UnitID:2
2023-10-18 16:55:28.0290|INFO|PIVF.Web.Api.QueueMgt.QueueMgtController|Controller Name:QueueMgt,Action:HttpPost,Method:GetQueueList,User:admin,UnitID:2
2023-10-18 16:55:29.0499|INFO|PIVF.Web.Api.Master.Common.CommonController|1_Controller Name:CommonController,Action:HttpGet,Method:GetDepartmentList,User:admin,UnitID:2
2023-10-18 16:55:29.0499|INFO|PIVF.Web.Api.Master.Common.CommonController|1_Controller Name:CommonController,Action:HttpGet,Method:GetDepartmentList,User:admin,UnitID:2
2023-10-18 16:55:29.1441|INFO|PIVF.Web.Api.EMR.LandingPage.EMRLandingPageAPIController|Controller Name:EMRLandingPageAPI,Action:GET,Method:GetEMRLandingPageData,User:admin,UnitID:2
2023-10-18 16:55:29.1441|INFO|PIVF.Web.Api.EMR.LandingPage.EMRLandingPageAPIController|Controller Name:EMRLandingPageAPI,Action:GET,Method:GetEMRLandingPageData,User:admin,UnitID:2
2023-10-18 16:55:29.5646|INFO|PIVF.Web.Api.Master.Common.CommonController|1_Controller Name:CommonController,Action:HttpGet,Method:GetDoctorsList,User:admin,UnitID:2
2023-10-18 16:55:29.5646|INFO|PIVF.Web.Api.Master.Common.CommonController|1_Controller Name:CommonController,Action:HttpGet,Method:GetDoctorsList,User:admin,UnitID:2
2023-10-18 16:55:35.2934|INFO|PIVF.Web.Api.Master.Common.CommonController|Controller Name:Common,Action:GET,Method:GetActiveVisitByPatient,User:admin,UnitID:2
2023-10-18 16:55:35.2934|INFO|PIVF.Web.Api.Master.Common.CommonController|Controller Name:Common,Action:GET,Method:GetActiveVisitByPatient,User:admin,UnitID:2
2023-10-18 16:55:52.7021|INFO|PIVF.Web.Api.EMR.FemaleHistory.FollicularScanController|Controller Name:FollicularScan,Action:GET,Method:LoadPreviousFollicularScanData,User:admin,UnitID:2
2023-10-18 16:55:52.7021|INFO|PIVF.Web.Api.EMR.FemaleHistory.FollicularScanController|Controller Name:FollicularScan,Action:GET,Method:LoadPreviousFollicularScanData,User:admin,UnitID:2
2023-10-18 16:55:53.2494|INFO|PIVF.Web.Api.EMR.FemaleHistory.FollicularScanController|Controller Name:FollicularScan,Action:GET,Method:LoadCycleCodeList,User:admin,UnitID:2
2023-10-18 16:55:53.2494|INFO|PIVF.Web.Api.EMR.FemaleHistory.FollicularScanController|Controller Name:FollicularScan,Action:GET,Method:LoadCycleCodeList,User:admin,UnitID:2
2023-10-18 16:56:03.4735|INFO|PIVF.Web.Api.QueueMgt.QueueMgtController|Controller Name:QueueMgt,Action:HttpPost,Method:GetQueueList,User:admin,UnitID:2
2023-10-18 16:56:03.4735|INFO|PIVF.Web.Api.QueueMgt.QueueMgtController|Controller Name:QueueMgt,Action:HttpPost,Method:GetQueueList,User:admin,UnitID:2
2023-10-18 16:56:03.6600|INFO|PIVF.Web.Api.Master.Common.CommonController|1_Controller Name:CommonController,Action:HttpGet,Method:GetDoctorsList,User:admin,UnitID:2
2023-10-18 16:56:03.6600|INFO|PIVF.Web.Api.Master.Common.CommonController|1_Controller Name:CommonController,Action:HttpGet,Method:GetDoctorsList,User:admin,UnitID:2
2023-10-18 16:56:04.1872|INFO|PIVF.Web.Api.Master.Common.CommonController|1_Controller Name:CommonController,Action:HttpGet,Method:GetSpeclRegTypeList,User:admin,UnitID:2
2023-10-18 16:56:04.1872|INFO|PIVF.Web.Api.Master.Common.CommonController|1_Controller Name:CommonController,Action:HttpGet,Method:GetSpeclRegTypeList,User:admin,UnitID:2
2023-10-18 16:56:04.6953|INFO|PIVF.Web.Api.Master.Common.CommonController|1_Controller Name:CommonController,Action:HttpGet,Method:GetDepartmentList,User:admin,UnitID:2
2023-10-18 16:56:04.6953|INFO|PIVF.Web.Api.Master.Common.CommonController|1_Controller Name:CommonController,Action:HttpGet,Method:GetDepartmentList,User:admin,UnitID:2
2023-10-18 16:56:14.5986|INFO|PIVF.Web.Api.Master.Common.CommonController|1_Controller Name:CommonController,Action:HttpGet,Method:GetSpeclRegTypeList,User:admin,UnitID:2
2023-10-18 16:56:14.5986|INFO|PIVF.Web.Api.Master.Common.CommonController|1_Controller Name:CommonController,Action:HttpGet,Method:GetSpeclRegTypeList,User:admin,UnitID:2
2023-10-18 16:56:14.9596|INFO|PIVF.Web.Api.EMR.LandingPage.EMRLandingPageAPIController|Controller Name:EMRLandingPageAPI,Action:GET,Method:GetEMRLandingPageData,User:admin,UnitID:2
2023-10-18 16:56:14.9596|INFO|PIVF.Web.Api.EMR.LandingPage.EMRLandingPageAPIController|Controller Name:EMRLandingPageAPI,Action:GET,Method:GetEMRLandingPageData,User:admin,UnitID:2
2023-10-18 16:56:15.2957|INFO|PIVF.Web.Api.Master.Common.CommonController|1_Controller Name:CommonController,Action:HttpGet,Method:GetDoctorsList,User:admin,UnitID:2
2023-10-18 16:56:15.2957|INFO|PIVF.Web.Api.Master.Common.CommonController|1_Controller Name:CommonController,Action:HttpGet,Method:GetDoctorsList,User:admin,UnitID:2
2023-10-18 16:56:15.8030|INFO|PIVF.Web.Api.QueueMgt.QueueMgtController|Controller Name:QueueMgt,Action:HttpPost,Method:GetQueueList,User:admin,UnitID:2
2023-10-18 16:56:15.8030|INFO|PIVF.Web.Api.QueueMgt.QueueMgtController|Controller Name:QueueMgt,Action:HttpPost,Method:GetQueueList,User:admin,UnitID:2
2023-10-18 16:56:16.8166|INFO|PIVF.Web.Api.Master.Common.CommonController|1_Controller Name:CommonController,Action:HttpGet,Method:GetDepartmentList,User:admin,UnitID:2
2023-10-18 16:56:16.8166|INFO|PIVF.Web.Api.Master.Common.CommonController|1_Controller Name:CommonController,Action:HttpGet,Method:GetDepartmentList,User:admin,UnitID:2
2023-10-18 16:56:22.7246|INFO|PIVF.Web.Api.Master.Common.CommonController|Controller Name:Common,Action:GET,Method:GetActiveVisitByPatient,User:admin,UnitID:2
2023-10-18 16:56:22.7246|INFO|PIVF.Web.Api.Master.Common.CommonController|Controller Name:Common,Action:GET,Method:GetActiveVisitByPatient,User:admin,UnitID:2
2023-10-18 16:56:26.9370|INFO|PIVF.Web.Api.EMR.FemaleHistory.FollicularScanController|Controller Name:FollicularScan,Action:GET,Method:LoadPreviousFollicularScanData,User:admin,UnitID:2
2023-10-18 16:56:26.9370|INFO|PIVF.Web.Api.EMR.FemaleHistory.FollicularScanController|Controller Name:FollicularScan,Action:GET,Method:LoadPreviousFollicularScanData,User:admin,UnitID:2
2023-10-18 16:56:27.4715|INFO|PIVF.Web.Api.EMR.FemaleHistory.FollicularScanController|Controller Name:FollicularScan,Action:GET,Method:LoadCycleCodeList,User:admin,UnitID:2
2023-10-18 16:56:27.4715|INFO|PIVF.Web.Api.EMR.FemaleHistory.FollicularScanController|Controller Name:FollicularScan,Action:GET,Method:LoadCycleCodeList,User:admin,UnitID:2
2023-10-18 16:56:31.5387|INFO|PIVF.Web.Api.Master.Common.CommonController|1_Controller Name:CommonController,Action:HttpGet,Method:GetDepartmentList,User:admin,UnitID:2
2023-10-18 16:56:31.5387|INFO|PIVF.Web.Api.Master.Common.CommonController|1_Controller Name:CommonController,Action:HttpGet,Method:GetDepartmentList,User:admin,UnitID:2
2023-10-18 16:56:32.0019|INFO|PIVF.Web.Api.QueueMgt.QueueMgtController|Controller Name:QueueMgt,Action:HttpPost,Method:GetQueueList,User:admin,UnitID:2
2023-10-18 16:56:32.0019|INFO|PIVF.Web.Api.QueueMgt.QueueMgtController|Controller Name:QueueMgt,Action:HttpPost,Method:GetQueueList,User:admin,UnitID:2
2023-10-18 16:56:32.0538|INFO|PIVF.Web.Api.Master.Common.CommonController|1_Controller Name:CommonController,Action:HttpGet,Method:GetDoctorsList,User:admin,UnitID:2
2023-10-18 16:56:32.0538|INFO|PIVF.Web.Api.Master.Common.CommonController|1_Controller Name:CommonController,Action:HttpGet,Method:GetDoctorsList,User:admin,UnitID:2
2023-10-18 16:56:32.4407|INFO|PIVF.Web.Api.Master.Common.CommonController|1_Controller Name:CommonController,Action:HttpGet,Method:GetSpeclRegTypeList,User:admin,UnitID:2
2023-10-18 16:56:32.4407|INFO|PIVF.Web.Api.Master.Common.CommonController|1_Controller Name:CommonController,Action:HttpGet,Method:GetSpeclRegTypeList,User:admin,UnitID:2
2023-10-18 16:56:37.9962|INFO|PIVF.Web.Api.Master.Common.CommonController|1_Controller Name:CommonController,Action:HttpGet,Method:GetDepartmentList,User:admin,UnitID:2
2023-10-18 16:56:37.9962|INFO|PIVF.Web.Api.Master.Common.CommonController|1_Controller Name:CommonController,Action:HttpGet,Method:GetDepartmentList,User:admin,UnitID:2
2023-10-18 16:56:38.0799|INFO|PIVF.Web.Api.Master.Common.CommonController|1_Controller Name:CommonController,Action:HttpGet,Method:GetDoctorsList,User:admin,UnitID:2
2023-10-18 16:56:38.0799|INFO|PIVF.Web.Api.Master.Common.CommonController|1_Controller Name:CommonController,Action:HttpGet,Method:GetDoctorsList,User:admin,UnitID:2
2023-10-18 16:56:38.1129|INFO|PIVF.Web.Api.Master.Common.CommonController|1_Controller Name:CommonController,Action:HttpGet,Method:GetSpeclRegTypeList,User:admin,UnitID:2
2023-10-18 16:56:38.1129|INFO|PIVF.Web.Api.Master.Common.CommonController|1_Controller Name:CommonController,Action:HttpGet,Method:GetSpeclRegTypeList,User:admin,UnitID:2
2023-10-18 16:56:38.6638|INFO|PIVF.Web.Api.QueueMgt.QueueMgtController|Controller Name:QueueMgt,Action:HttpPost,Method:GetQueueList,User:admin,UnitID:2
2023-10-18 16:56:38.6638|INFO|PIVF.Web.Api.QueueMgt.QueueMgtController|Controller Name:QueueMgt,Action:HttpPost,Method:GetQueueList,User:admin,UnitID:2
2023-10-18 16:56:39.1751|INFO|PIVF.Web.Api.EMR.LandingPage.EMRLandingPageAPIController|Controller Name:EMRLandingPageAPI,Action:GET,Method:GetEMRLandingPageData,User:admin,UnitID:2
2023-10-18 16:56:39.1751|INFO|PIVF.Web.Api.EMR.LandingPage.EMRLandingPageAPIController|Controller Name:EMRLandingPageAPI,Action:GET,Method:GetEMRLandingPageData,User:admin,UnitID:2
2023-10-18 16:56:42.6590|INFO|PIVF.Web.Api.QueueMgt.QueueMgtController|Controller Name:QueueMgt,Action:HttpPost,Method:GetQueueList,User:admin,UnitID:2
2023-10-18 16:56:42.6590|INFO|PIVF.Web.Api.QueueMgt.QueueMgtController|Controller Name:QueueMgt,Action:HttpPost,Method:GetQueueList,User:admin,UnitID:2
2023-10-18 16:56:43.1302|INFO|PIVF.Web.Api.Master.Common.CommonController|1_Controller Name:CommonController,Action:HttpGet,Method:GetDoctorsList,User:admin,UnitID:2
2023-10-18 16:56:43.1302|INFO|PIVF.Web.Api.Master.Common.CommonController|1_Controller Name:CommonController,Action:HttpGet,Method:GetDoctorsList,User:admin,UnitID:2
2023-10-18 16:56:43.6528|INFO|PIVF.Web.Api.Master.Common.CommonController|1_Controller Name:CommonController,Action:HttpGet,Method:GetDepartmentList,User:admin,UnitID:2
2023-10-18 16:56:43.6528|INFO|PIVF.Web.Api.Master.Common.CommonController|1_Controller Name:CommonController,Action:HttpGet,Method:GetDepartmentList,User:admin,UnitID:2
2023-10-18 16:56:43.7197|INFO|PIVF.Web.Api.Master.Common.CommonController|1_Controller Name:CommonController,Action:HttpGet,Method:GetSpeclRegTypeList,User:admin,UnitID:2
2023-10-18 16:56:43.7197|INFO|PIVF.Web.Api.Master.Common.CommonController|1_Controller Name:CommonController,Action:HttpGet,Method:GetSpeclRegTypeList,User:admin,UnitID:2
2023-10-18 16:57:07.4708|INFO|PIVF.Web.Api.QueueMgt.QueueMgtController|Controller Name:QueueMgt,Action:HttpPost,Method:GetQueueList,User:admin,UnitID:2
2023-10-18 16:57:07.4708|INFO|PIVF.Web.Api.QueueMgt.QueueMgtController|Controller Name:QueueMgt,Action:HttpPost,Method:GetQueueList,User:admin,UnitID:2
2023-10-18 16:58:18.0311|INFO|PIVF.Web.Api.QueueMgt.QueueMgtController|Controller Name:QueueMgt,Action:HttpPost,Method:GetQueueList,User:admin,UnitID:2
2023-10-18 16:58:18.0311|INFO|PIVF.Web.Api.QueueMgt.QueueMgtController|Controller Name:QueueMgt,Action:HttpPost,Method:GetQueueList,User:admin,UnitID:2
2023-10-18 16:58:34.8537|INFO|PIVF.Web.Api.QueueMgt.QueueMgtController|Controller Name:QueueMgt,Action:HttpPost,Method:GetQueueList,User:admin,UnitID:2
2023-10-18 16:58:34.8537|INFO|PIVF.Web.Api.QueueMgt.QueueMgtController|Controller Name:QueueMgt,Action:HttpPost,Method:GetQueueList,User:admin,UnitID:2
2023-10-18 16:58:42.5716|INFO|PIVF.Web.Api.QueueMgt.QueueMgtController|Controller Name:QueueMgt,Action:HttpPost,Method:GetQueueList,User:admin,UnitID:2
2023-10-18 16:58:42.5716|INFO|PIVF.Web.Api.QueueMgt.QueueMgtController|Controller Name:QueueMgt,Action:HttpPost,Method:GetQueueList,User:admin,UnitID:2
2023-10-18 16:58:43.6210|INFO|PIVF.Web.Api.QueueMgt.QueueMgtController|Controller Name:QueueMgt,Action:HttpPost,Method:GetQueueList,User:admin,UnitID:2
2023-10-18 16:58:43.6210|INFO|PIVF.Web.Api.QueueMgt.QueueMgtController|Controller Name:QueueMgt,Action:HttpPost,Method:GetQueueList,User:admin,UnitID:2
2023-10-18 16:58:50.2280|INFO|PIVF.Web.Api.QueueMgt.QueueMgtController|Controller Name:QueueMgt,Action:HttpPost,Method:GetQueueList,User:admin,UnitID:2
2023-10-18 16:58:50.2280|INFO|PIVF.Web.Api.QueueMgt.QueueMgtController|Controller Name:QueueMgt,Action:HttpPost,Method:GetQueueList,User:admin,UnitID:2
2023-10-18 16:59:00.0994|INFO|PIVF.Web.Api.QueueMgt.QueueMgtController|Controller Name:QueueMgt,Action:HttpPost,Method:GetQueueList,User:admin,UnitID:2
2023-10-18 16:59:00.0994|INFO|PIVF.Web.Api.QueueMgt.QueueMgtController|Controller Name:QueueMgt,Action:HttpPost,Method:GetQueueList,User:admin,UnitID:2
2023-10-18 16:59:04.1390|INFO|PIVF.Web.Api.QueueMgt.QueueMgtController|Controller Name:QueueMgt,Action:HttpPost,Method:GetQueueList,User:admin,UnitID:2
2023-10-18 16:59:04.1390|INFO|PIVF.Web.Api.QueueMgt.QueueMgtController|Controller Name:QueueMgt,Action:HttpPost,Method:GetQueueList,User:admin,UnitID:2
2023-10-18 16:59:06.0709|INFO|PIVF.Web.Api.QueueMgt.QueueMgtController|Controller Name:QueueMgt,Action:HttpPost,Method:GetQueueList,User:admin,UnitID:2
2023-10-18 16:59:06.0709|INFO|PIVF.Web.Api.QueueMgt.QueueMgtController|Controller Name:QueueMgt,Action:HttpPost,Method:GetQueueList,User:admin,UnitID:2
2023-10-18 16:59:11.5698|INFO|PIVF.Web.Api.QueueMgt.QueueMgtController|Controller Name:QueueMgt,Action:HttpPost,Method:GetQueueList,User:admin,UnitID:2
2023-10-18 16:59:11.5698|INFO|PIVF.Web.Api.QueueMgt.QueueMgtController|Controller Name:QueueMgt,Action:HttpPost,Method:GetQueueList,User:admin,UnitID:2
2023-10-18 16:59:23.6258|INFO|PIVF.Web.Api.Master.Common.CommonController|1_Controller Name:CommonController,Action:HttpGet,Method:GetSpeclRegTypeList,User:admin,UnitID:2
2023-10-18 16:59:23.6258|INFO|PIVF.Web.Api.Master.Common.CommonController|1_Controller Name:CommonController,Action:HttpGet,Method:GetSpeclRegTypeList,User:admin,UnitID:2
2023-10-18 16:59:23.9725|INFO|PIVF.Web.Api.QueueMgt.QueueMgtController|Controller Name:QueueMgt,Action:HttpPost,Method:GetQueueList,User:admin,UnitID:2
2023-10-18 16:59:23.9725|INFO|PIVF.Web.Api.QueueMgt.QueueMgtController|Controller Name:QueueMgt,Action:HttpPost,Method:GetQueueList,User:admin,UnitID:2
2023-10-18 16:59:24.4252|INFO|PIVF.Web.Api.Master.Common.CommonController|1_Controller Name:CommonController,Action:HttpGet,Method:GetDepartmentList,User:admin,UnitID:2
2023-10-18 16:59:24.4252|INFO|PIVF.Web.Api.Master.Common.CommonController|1_Controller Name:CommonController,Action:HttpGet,Method:GetDepartmentList,User:admin,UnitID:2
2023-10-18 16:59:24.9169|INFO|PIVF.Web.Api.Master.Common.CommonController|1_Controller Name:CommonController,Action:HttpGet,Method:GetDoctorsList,User:admin,UnitID:2
2023-10-18 16:59:24.9169|INFO|PIVF.Web.Api.Master.Common.CommonController|1_Controller Name:CommonController,Action:HttpGet,Method:GetDoctorsList,User:admin,UnitID:2
2023-10-18 16:59:24.9947|INFO|PIVF.Web.Api.EMR.LandingPage.EMRLandingPageAPIController|Controller Name:EMRLandingPageAPI,Action:GET,Method:GetEMRLandingPageData,User:admin,UnitID:2
2023-10-18 16:59:24.9947|INFO|PIVF.Web.Api.EMR.LandingPage.EMRLandingPageAPIController|Controller Name:EMRLandingPageAPI,Action:GET,Method:GetEMRLandingPageData,User:admin,UnitID:2
2023-10-18 16:59:29.4215|INFO|PIVF.Web.Api.Master.Common.CommonController|Controller Name:Common,Action:GET,Method:GetActiveVisitByPatient,User:admin,UnitID:2
2023-10-18 16:59:29.4215|INFO|PIVF.Web.Api.Master.Common.CommonController|Controller Name:Common,Action:GET,Method:GetActiveVisitByPatient,User:admin,UnitID:2
2023-10-18 16:59:31.7555|INFO|PIVF.Web.Api.EMR.FemaleHistory.FollicularScanController|Controller Name:FollicularScan,Action:GET,Method:LoadPreviousFollicularScanData,User:admin,UnitID:2
2023-10-18 16:59:31.7555|INFO|PIVF.Web.Api.EMR.FemaleHistory.FollicularScanController|Controller Name:FollicularScan,Action:GET,Method:LoadPreviousFollicularScanData,User:admin,UnitID:2
2023-10-18 16:59:32.7774|INFO|PIVF.Web.Api.EMR.FemaleHistory.FollicularScanController|Controller Name:FollicularScan,Action:GET,Method:LoadCycleCodeList,User:admin,UnitID:2
2023-10-18 16:59:32.7774|INFO|PIVF.Web.Api.EMR.FemaleHistory.FollicularScanController|Controller Name:FollicularScan,Action:GET,Method:LoadCycleCodeList,User:admin,UnitID:2
2023-10-18 16:59:45.5990|INFO|PIVF.Web.Api.EMR.FemaleHistory.FollicularScanController|Controller Name: FollicularScan,Action: POST,Method: SaveOrUpdateFollicularScan,User: admin,UnitID:2
2023-10-18 16:59:45.5990|INFO|PIVF.Web.Api.EMR.FemaleHistory.FollicularScanController|Controller Name: FollicularScan,Action: POST,Method: SaveOrUpdateFollicularScan,User: admin,UnitID:2
2023-10-18 16:59:45.6659|INFO|PIVF.Web.Api.EMR.FemaleHistory.FollicularScanController|Controller Name:FollicularScan,Action:GET,Method:LoadPreviousFollicularScanData,User:admin,UnitID:2
2023-10-18 16:59:45.6659|INFO|PIVF.Web.Api.EMR.FemaleHistory.FollicularScanController|Controller Name:FollicularScan,Action:GET,Method:LoadPreviousFollicularScanData,User:admin,UnitID:2
2023-10-18 16:59:48.5204|INFO|PIVF.Web.Api.EMR.FemaleHistory.FollicularScanController|Controller Name:FollicularScan,Action:GET,Method:GetSingleFollicularScan,User:admin,UnitID:2
2023-10-18 16:59:48.5204|INFO|PIVF.Web.Api.EMR.FemaleHistory.FollicularScanController|Controller Name:FollicularScan,Action:GET,Method:GetSingleFollicularScan,User:admin,UnitID:2
2023-10-18 17:00:37.5052|INFO|PIVF.Web.Api.QueueMgt.QueueMgtController|Controller Name:QueueMgt,Action:HttpPost,Method:GetQueueList,User:admin,UnitID:2
2023-10-18 17:00:37.5052|INFO|PIVF.Web.Api.QueueMgt.QueueMgtController|Controller Name:QueueMgt,Action:HttpPost,Method:GetQueueList,User:admin,UnitID:2
2023-10-18 17:00:51.5070|INFO|PIVF.Web.Api.Master.Common.CommonController|Controller Name:Common,Action:GET,Method:GetActiveVisitByPatient,User:admin,UnitID:2
2023-10-18 17:00:51.5070|INFO|PIVF.Web.Api.Master.Common.CommonController|Controller Name:Common,Action:GET,Method:GetActiveVisitByPatient,User:admin,UnitID:2
2023-10-18 17:00:51.5339|INFO|PIVF.Web.Api.Master.Common.CommonController|Controller Name:Common,Action:GET,Method:GetActiveVisitByPatient,User:admin,UnitID:2
2023-10-18 17:00:51.5339|INFO|PIVF.Web.Api.Master.Common.CommonController|Controller Name:Common,Action:GET,Method:GetActiveVisitByPatient,User:admin,UnitID:2
2023-10-18 17:00:52.2874|INFO|PIVF.Web.Api.EMR.LandingPage.EMRLandingPageAPIController|Controller Name:EMRLandingPageAPI,Action:GET,Method:GetEMRLandingPageData,User:admin,UnitID:2
2023-10-18 17:00:52.2874|INFO|PIVF.Web.Api.EMR.LandingPage.EMRLandingPageAPIController|Controller Name:EMRLandingPageAPI,Action:GET,Method:GetEMRLandingPageData,User:admin,UnitID:2
2023-10-18 17:00:54.6639|INFO|PIVF.Web.Api.Master.Common.CommonController|Controller Name:Common,Action:POST,Method:PutSelectedvisitByPatient,User:admin,UnitID:2
2023-10-18 17:00:54.6639|INFO|PIVF.Web.Api.Master.Common.CommonController|Controller Name:Common,Action:POST,Method:PutSelectedvisitByPatient,User:admin,UnitID:2
2023-10-18 17:02:37.3771|INFO|PIVF.Web.Api.Master.Configuration.UserAPIController|Controller Name:UserAPI,Action:HttpGet,Method:GetParentList,User:admin,UnitID:2
2023-10-18 17:02:37.3771|INFO|PIVF.Web.Api.Master.Configuration.UserAPIController|Controller Name:UserAPI,Action:HttpGet,Method:GetParentList,User:admin,UnitID:2
2023-10-18 17:02:37.5426|INFO|PIVF.Web.Api.Master.Common.CommonController|1_Controller Name:CommonController,Action:HttpGet,Method:GetDoctorsList,User:admin,UnitID:2
2023-10-18 17:02:37.5426|INFO|PIVF.Web.Api.Master.Common.CommonController|1_Controller Name:CommonController,Action:HttpGet,Method:GetDoctorsList,User:admin,UnitID:2
2023-10-18 17:02:37.6338|INFO|PIVF.Web.Api.QueueMgt.QueueMgtController|Controller Name:QueueMgt,Action:HttpPost,Method:GetQueueList,User:admin,UnitID:2
2023-10-18 17:02:37.6338|INFO|PIVF.Web.Api.QueueMgt.QueueMgtController|Controller Name:QueueMgt,Action:HttpPost,Method:GetQueueList,User:admin,UnitID:2
2023-10-18 17:02:37.7639|INFO|PIVF.Web.Api.Master.Configuration.UserAPIController|Controller Name:UserAPI,Action:HttpGet,Method:GetUserRoleRights,User:admin,UnitID:2
2023-10-18 17:02:37.7639|INFO|PIVF.Web.Api.Master.Configuration.UserAPIController|Controller Name:UserAPI,Action:HttpGet,Method:GetUserRoleRights,User:admin,UnitID:2
2023-10-18 17:02:38.3164|INFO|PIVF.Web.Api.Master.Common.CommonController|1_Controller Name:CommonController,Action:HttpGet,Method:GetSpeclRegTypeList,User:admin,UnitID:2
2023-10-18 17:02:38.3164|INFO|PIVF.Web.Api.Master.Common.CommonController|1_Controller Name:CommonController,Action:HttpGet,Method:GetSpeclRegTypeList,User:admin,UnitID:2
2023-10-18 17:02:38.9668|INFO|PIVF.Web.Api.Master.Configuration.UserAPIController|Controller Name:UserAPI,Action:HttpGet,Method:GetGrandParentList,User:admin,UnitID:2
2023-10-18 17:02:38.9668|INFO|PIVF.Web.Api.Master.Configuration.UserAPIController|Controller Name:UserAPI,Action:HttpGet,Method:GetGrandParentList,User:admin,UnitID:2
2023-10-18 17:02:39.0305|INFO|PIVF.Web.Api.Master.Common.CommonController|1_Controller Name:CommonController,Action:HttpGet,Method:GetDepartmentList,User:admin,UnitID:2
2023-10-18 17:02:39.0305|INFO|PIVF.Web.Api.Master.Common.CommonController|1_Controller Name:CommonController,Action:HttpGet,Method:GetDepartmentList,User:admin,UnitID:2
2023-10-18 17:02:39.0916|INFO|PIVF.Web.Api.Master.Configuration.UserAPIController|Controller Name:UserAPI,Action:HttpGet,Method:GetParentList,User:admin,UnitID:2
2023-10-18 17:02:39.0916|INFO|PIVF.Web.Api.Master.Configuration.UserAPIController|Controller Name:UserAPI,Action:HttpGet,Method:GetParentList,User:admin,UnitID:2
2023-10-18 17:02:46.0254|INFO|PIVF.Web.Api.Master.Common.CommonController|Controller Name:Common,Action:GET,Method:GetActiveVisitByPatient,User:admin,UnitID:2
2023-10-18 17:02:46.0254|INFO|PIVF.Web.Api.Master.Common.CommonController|Controller Name:Common,Action:GET,Method:GetActiveVisitByPatient,User:admin,UnitID:2
2023-10-18 17:02:46.8344|INFO|PIVF.Web.Api.Master.Common.CommonController|Controller Name:Common,Action:GET,Method:GetActiveVisitByPatient,User:admin,UnitID:2
2023-10-18 17:02:46.8344|INFO|PIVF.Web.Api.Master.Common.CommonController|Controller Name:Common,Action:GET,Method:GetActiveVisitByPatient,User:admin,UnitID:2
2023-10-18 17:02:47.5877|INFO|PIVF.Web.Api.EMR.LandingPage.EMRLandingPageAPIController|Controller Name:EMRLandingPageAPI,Action:GET,Method:GetEMRLandingPageData,User:admin,UnitID:2
2023-10-18 17:02:47.5877|INFO|PIVF.Web.Api.EMR.LandingPage.EMRLandingPageAPIController|Controller Name:EMRLandingPageAPI,Action:GET,Method:GetEMRLandingPageData,User:admin,UnitID:2
2023-10-18 17:02:49.1128|INFO|PIVF.Web.Api.Master.Common.CommonController|Controller Name:Common,Action:POST,Method:PutSelectedvisitByPatient,User:admin,UnitID:2
2023-10-18 17:02:49.1128|INFO|PIVF.Web.Api.Master.Common.CommonController|Controller Name:Common,Action:POST,Method:PutSelectedvisitByPatient,User:admin,UnitID:2
2023-10-18 17:02:57.9227|INFO|PIVF.Web.Api.EMR.FemaleHistory.FollicularScanController|Controller Name:FollicularScan,Action:GET,Method:LoadCycleCodeList,User:admin,UnitID:2
2023-10-18 17:02:57.9227|INFO|PIVF.Web.Api.EMR.FemaleHistory.FollicularScanController|Controller Name:FollicularScan,Action:GET,Method:LoadCycleCodeList,User:admin,UnitID:2
2023-10-18 17:02:58.4498|INFO|PIVF.Web.Api.EMR.FemaleHistory.FollicularScanController|Controller Name:FollicularScan,Action:GET,Method:LoadPreviousFollicularScanData,User:admin,UnitID:2
2023-10-18 17:02:58.4498|INFO|PIVF.Web.Api.EMR.FemaleHistory.FollicularScanController|Controller Name:FollicularScan,Action:GET,Method:LoadPreviousFollicularScanData,User:admin,UnitID:2
2023-10-18 17:03:04.2644|INFO|PIVF.Web.Api.EMR.FemaleHistory.FollicularScanController|Controller Name:FollicularScan,Action:GET,Method:GetSingleFollicularScan,User:admin,UnitID:2
2023-10-18 17:03:04.2644|INFO|PIVF.Web.Api.EMR.FemaleHistory.FollicularScanController|Controller Name:FollicularScan,Action:GET,Method:GetSingleFollicularScan,User:admin,UnitID:2
2023-10-18 17:04:40.2996|INFO|PIVF.Web.Api.QueueMgt.QueueMgtController|Controller Name:QueueMgt,Action:HttpPost,Method:GetQueueList,User:admin,UnitID:2
2023-10-18 17:04:40.2996|INFO|PIVF.Web.Api.QueueMgt.QueueMgtController|Controller Name:QueueMgt,Action:HttpPost,Method:GetQueueList,User:admin,UnitID:2
2023-10-18 17:07:50.5247|INFO|PIVF.Web.Api.Master.Configuration.UserAPIController|Controller Name:UserAPI,Action:HttpGet,Method:GetGrandParentList,User:admin,UnitID:2
2023-10-18 17:07:50.5247|INFO|PIVF.Web.Api.Master.Configuration.UserAPIController|Controller Name:UserAPI,Action:HttpGet,Method:GetGrandParentList,User:admin,UnitID:2
2023-10-18 17:07:50.7222|INFO|PIVF.Web.Api.Master.Common.CommonController|1_Controller Name:CommonController,Action:HttpGet,Method:GetDepartmentList,User:admin,UnitID:2
2023-10-18 17:07:50.7222|INFO|PIVF.Web.Api.Master.Common.CommonController|1_Controller Name:CommonController,Action:HttpGet,Method:GetDepartmentList,User:admin,UnitID:2
2023-10-18 17:07:50.7491|INFO|PIVF.Web.Api.QueueMgt.QueueMgtController|Controller Name:QueueMgt,Action:HttpPost,Method:GetQueueList,User:admin,UnitID:2
2023-10-18 17:07:50.7491|INFO|PIVF.Web.Api.QueueMgt.QueueMgtController|Controller Name:QueueMgt,Action:HttpPost,Method:GetQueueList,User:admin,UnitID:2
2023-10-18 17:07:51.7289|INFO|PIVF.Web.Api.Master.Configuration.UserAPIController|Controller Name:UserAPI,Action:HttpGet,Method:GetUserRoleRights,User:admin,UnitID:2
2023-10-18 17:07:51.7289|INFO|PIVF.Web.Api.Master.Configuration.UserAPIController|Controller Name:UserAPI,Action:HttpGet,Method:GetUserRoleRights,User:admin,UnitID:2
2023-10-18 17:07:52.2590|INFO|PIVF.Web.Api.Master.Common.CommonController|1_Controller Name:CommonController,Action:HttpGet,Method:GetSpeclRegTypeList,User:admin,UnitID:2
2023-10-18 17:07:52.2590|INFO|PIVF.Web.Api.Master.Common.CommonController|1_Controller Name:CommonController,Action:HttpGet,Method:GetSpeclRegTypeList,User:admin,UnitID:2
2023-10-18 17:07:52.3169|INFO|PIVF.Web.Api.Master.Configuration.UserAPIController|Controller Name:UserAPI,Action:HttpGet,Method:GetParentList,User:admin,UnitID:2
2023-10-18 17:07:52.3169|INFO|PIVF.Web.Api.Master.Configuration.UserAPIController|Controller Name:UserAPI,Action:HttpGet,Method:GetParentList,User:admin,UnitID:2
2023-10-18 17:07:52.4435|INFO|PIVF.Web.Api.Master.Configuration.UserAPIController|Controller Name:UserAPI,Action:HttpGet,Method:GetParentList,User:admin,UnitID:2
2023-10-18 17:07:52.4435|INFO|PIVF.Web.Api.Master.Configuration.UserAPIController|Controller Name:UserAPI,Action:HttpGet,Method:GetParentList,User:admin,UnitID:2
2023-10-18 17:07:52.7606|INFO|PIVF.Web.Api.Master.Common.CommonController|1_Controller Name:CommonController,Action:HttpGet,Method:GetDoctorsList,User:admin,UnitID:2
2023-10-18 17:07:52.7606|INFO|PIVF.Web.Api.Master.Common.CommonController|1_Controller Name:CommonController,Action:HttpGet,Method:GetDoctorsList,User:admin,UnitID:2
2023-10-18 17:08:02.6062|INFO|PIVF.Web.Api.EMR.LandingPage.EMRLandingPageAPIController|Controller Name:EMRLandingPageAPI,Action:GET,Method:GetEMRLandingPageData,User:admin,UnitID:2
2023-10-18 17:08:02.6062|INFO|PIVF.Web.Api.EMR.LandingPage.EMRLandingPageAPIController|Controller Name:EMRLandingPageAPI,Action:GET,Method:GetEMRLandingPageData,User:admin,UnitID:2
2023-10-18 17:08:14.4750|INFO|PIVF.Web.Api.Master.Common.CommonController|Controller Name:Common,Action:GET,Method:GetActiveVisitByPatient,User:admin,UnitID:2
2023-10-18 17:08:14.4750|INFO|PIVF.Web.Api.Master.Common.CommonController|Controller Name:Common,Action:GET,Method:GetActiveVisitByPatient,User:admin,UnitID:2
2023-10-18 17:08:14.5349|INFO|PIVF.Web.Api.Master.Common.CommonController|Controller Name:Common,Action:GET,Method:GetActiveVisitByPatient,User:admin,UnitID:2
2023-10-18 17:08:14.5349|INFO|PIVF.Web.Api.Master.Common.CommonController|Controller Name:Common,Action:GET,Method:GetActiveVisitByPatient,User:admin,UnitID:2
2023-10-18 17:08:15.1436|INFO|PIVF.Web.Api.EMR.LandingPage.EMRLandingPageAPIController|Controller Name:EMRLandingPageAPI,Action:GET,Method:GetEMRLandingPageData,User:admin,UnitID:2
2023-10-18 17:08:15.1436|INFO|PIVF.Web.Api.EMR.LandingPage.EMRLandingPageAPIController|Controller Name:EMRLandingPageAPI,Action:GET,Method:GetEMRLandingPageData,User:admin,UnitID:2
2023-10-18 17:08:16.4984|INFO|PIVF.Web.Api.Master.Common.CommonController|Controller Name:Common,Action:POST,Method:PutSelectedvisitByPatient,User:admin,UnitID:2
2023-10-18 17:08:16.4984|INFO|PIVF.Web.Api.Master.Common.CommonController|Controller Name:Common,Action:POST,Method:PutSelectedvisitByPatient,User:admin,UnitID:2
2023-10-18 17:08:21.0163|INFO|PIVF.Web.Api.New_ART.NewARTController|Controller Name:NewART,Action:GET,Method:newCyclebtnFlag,User:admin,UnitID:2
2023-10-18 17:08:21.0163|INFO|PIVF.Web.Api.New_ART.NewARTController|Controller Name:NewART,Action:GET,Method:newCyclebtnFlag,User:admin,UnitID:2
2023-10-18 17:08:21.0632|INFO|PIVF.Web.Api.New_ART.NewARTController|Controller Name:NewART,Action:GET,Method:GetARTCycleList,User:admin,UnitID:2
2023-10-18 17:08:21.0632|INFO|PIVF.Web.Api.New_ART.NewARTController|Controller Name:NewART,Action:GET,Method:GetARTCycleList,User:admin,UnitID:2
2023-10-18 17:08:28.8162|INFO|PIVF.Web.Api.EMR.FemaleHistory.FollicularScanController|Controller Name:FollicularScan,Action:GET,Method:LoadCycleCodeList,User:admin,UnitID:2
2023-10-18 17:08:28.8162|INFO|PIVF.Web.Api.EMR.FemaleHistory.FollicularScanController|Controller Name:FollicularScan,Action:GET,Method:LoadCycleCodeList,User:admin,UnitID:2
2023-10-18 17:08:29.3592|INFO|PIVF.Web.Api.EMR.FemaleHistory.FollicularScanController|Controller Name:FollicularScan,Action:GET,Method:LoadPreviousFollicularScanData,User:admin,UnitID:2
2023-10-18 17:08:29.3592|INFO|PIVF.Web.Api.EMR.FemaleHistory.FollicularScanController|Controller Name:FollicularScan,Action:GET,Method:LoadPreviousFollicularScanData,User:admin,UnitID:2
2023-10-18 17:08:34.8082|INFO|PIVF.Web.Api.EMR.FemaleHistory.FollicularScanController|Controller Name:FollicularScan,Action:GET,Method:GetSingleFollicularScan,User:admin,UnitID:2
2023-10-18 17:08:34.8082|INFO|PIVF.Web.Api.EMR.FemaleHistory.FollicularScanController|Controller Name:FollicularScan,Action:GET,Method:GetSingleFollicularScan,User:admin,UnitID:2
2023-10-18 17:08:38.9977|INFO|PIVF.Web.Api.EMR.FemaleHistory.FollicularScanController|Controller Name:FollicularScan,Action:GET,Method:GetSingleFollicularScan,User:admin,UnitID:2
2023-10-18 17:08:38.9977|INFO|PIVF.Web.Api.EMR.FemaleHistory.FollicularScanController|Controller Name:FollicularScan,Action:GET,Method:GetSingleFollicularScan,User:admin,UnitID:2
2023-10-18 17:18:40.3497|INFO|PIVF.Web.Api.Master.Configuration.UserAPIController|Controller Name:UserAPI,Action:HttpGet,Method:GetGrandParentList,User:admin,UnitID:2
2023-10-18 17:18:40.3497|INFO|PIVF.Web.Api.Master.Configuration.UserAPIController|Controller Name:UserAPI,Action:HttpGet,Method:GetGrandParentList,User:admin,UnitID:2
2023-10-18 17:18:40.7385|INFO|PIVF.Web.Api.Master.Configuration.UserAPIController|Controller Name:UserAPI,Action:HttpGet,Method:GetUserRoleRights,User:admin,UnitID:2
2023-10-18 17:18:40.7385|INFO|PIVF.Web.Api.Master.Configuration.UserAPIController|Controller Name:UserAPI,Action:HttpGet,Method:GetUserRoleRights,User:admin,UnitID:2
2023-10-18 17:18:41.0947|INFO|PIVF.Web.Api.QueueMgt.QueueMgtController|Controller Name:QueueMgt,Action:HttpPost,Method:GetQueueList,User:admin,UnitID:2
2023-10-18 17:18:41.0947|INFO|PIVF.Web.Api.QueueMgt.QueueMgtController|Controller Name:QueueMgt,Action:HttpPost,Method:GetQueueList,User:admin,UnitID:2
2023-10-18 17:18:41.3504|INFO|PIVF.Web.Api.Master.Common.CommonController|1_Controller Name:CommonController,Action:HttpGet,Method:GetSpeclRegTypeList,User:admin,UnitID:2
2023-10-18 17:18:41.3504|INFO|PIVF.Web.Api.Master.Common.CommonController|1_Controller Name:CommonController,Action:HttpGet,Method:GetSpeclRegTypeList,User:admin,UnitID:2
2023-10-18 17:18:41.7810|INFO|PIVF.Web.Api.Master.Common.CommonController|1_Controller Name:CommonController,Action:HttpGet,Method:GetDepartmentList,User:admin,UnitID:2
2023-10-18 17:18:41.7810|INFO|PIVF.Web.Api.Master.Common.CommonController|1_Controller Name:CommonController,Action:HttpGet,Method:GetDepartmentList,User:admin,UnitID:2
2023-10-18 17:18:42.7919|INFO|PIVF.Web.Api.Master.Common.CommonController|1_Controller Name:CommonController,Action:HttpGet,Method:GetDoctorsList,User:admin,UnitID:2
2023-10-18 17:18:42.7919|INFO|PIVF.Web.Api.Master.Common.CommonController|1_Controller Name:CommonController,Action:HttpGet,Method:GetDoctorsList,User:admin,UnitID:2
2023-10-18 17:18:43.0670|INFO|PIVF.Web.Api.Master.Configuration.UserAPIController|Controller Name:UserAPI,Action:HttpGet,Method:GetParentList,User:admin,UnitID:2
2023-10-18 17:18:43.0670|INFO|PIVF.Web.Api.Master.Configuration.UserAPIController|Controller Name:UserAPI,Action:HttpGet,Method:GetParentList,User:admin,UnitID:2
2023-10-18 17:18:43.1090|INFO|PIVF.Web.Api.Master.Configuration.UserAPIController|Controller Name:UserAPI,Action:HttpGet,Method:GetParentList,User:admin,UnitID:2
2023-10-18 17:18:43.1090|INFO|PIVF.Web.Api.Master.Configuration.UserAPIController|Controller Name:UserAPI,Action:HttpGet,Method:GetParentList,User:admin,UnitID:2
2023-10-18 17:18:51.2718|INFO|PIVF.Web.Api.Master.Common.CommonController|Controller Name:Common,Action:GET,Method:GetActiveVisitByPatient,User:admin,UnitID:2
2023-10-18 17:18:51.2718|INFO|PIVF.Web.Api.Master.Common.CommonController|Controller Name:Common,Action:GET,Method:GetActiveVisitByPatient,User:admin,UnitID:2
2023-10-18 17:18:52.0406|INFO|PIVF.Web.Api.Master.Common.CommonController|Controller Name:Common,Action:GET,Method:GetActiveVisitByPatient,User:admin,UnitID:2
2023-10-18 17:18:52.0406|INFO|PIVF.Web.Api.Master.Common.CommonController|Controller Name:Common,Action:GET,Method:GetActiveVisitByPatient,User:admin,UnitID:2
2023-10-18 17:18:52.2740|INFO|PIVF.Web.Api.EMR.LandingPage.EMRLandingPageAPIController|Controller Name:EMRLandingPageAPI,Action:GET,Method:GetEMRLandingPageData,User:admin,UnitID:2
2023-10-18 17:18:52.2740|INFO|PIVF.Web.Api.EMR.LandingPage.EMRLandingPageAPIController|Controller Name:EMRLandingPageAPI,Action:GET,Method:GetEMRLandingPageData,User:admin,UnitID:2
2023-10-18 17:18:54.1714|INFO|PIVF.Web.Api.Master.Common.CommonController|Controller Name:Common,Action:POST,Method:PutSelectedvisitByPatient,User:admin,UnitID:2
2023-10-18 17:18:54.1714|INFO|PIVF.Web.Api.Master.Common.CommonController|Controller Name:Common,Action:POST,Method:PutSelectedvisitByPatient,User:admin,UnitID:2
2023-10-18 17:19:00.9810|INFO|PIVF.Web.Api.EMR.FemaleHistory.FollicularScanController|Controller Name:FollicularScan,Action:GET,Method:LoadPreviousFollicularScanData,User:admin,UnitID:2
2023-10-18 17:19:00.9810|INFO|PIVF.Web.Api.EMR.FemaleHistory.FollicularScanController|Controller Name:FollicularScan,Action:GET,Method:LoadPreviousFollicularScanData,User:admin,UnitID:2
2023-10-18 17:19:02.0207|INFO|PIVF.Web.Api.EMR.FemaleHistory.FollicularScanController|Controller Name:FollicularScan,Action:GET,Method:LoadCycleCodeList,User:admin,UnitID:2
2023-10-18 17:19:02.0207|INFO|PIVF.Web.Api.EMR.FemaleHistory.FollicularScanController|Controller Name:FollicularScan,Action:GET,Method:LoadCycleCodeList,User:admin,UnitID:2
2023-10-18 17:20:02.4674|INFO|PIVF.Web.Api.EMR.FemaleHistory.FollicularScanController|Controller Name:FollicularScan,Action:GET,Method:GetSingleFollicularScan,User:admin,UnitID:2
2023-10-18 17:20:02.4674|INFO|PIVF.Web.Api.EMR.FemaleHistory.FollicularScanController|Controller Name:FollicularScan,Action:GET,Method:GetSingleFollicularScan,User:admin,UnitID:2
2023-10-18 17:31:25.8006|INFO|PIVF.Web.Api.Master.Configuration.UserAPIController|Controller Name:UserAPI,Action:HttpGet,Method:GetUserRoleRights,User:admin,UnitID:2
2023-10-18 17:31:25.8006|INFO|PIVF.Web.Api.Master.Configuration.UserAPIController|Controller Name:UserAPI,Action:HttpGet,Method:GetUserRoleRights,User:admin,UnitID:2
2023-10-18 17:31:26.2999|INFO|PIVF.Web.Api.Master.Configuration.UserAPIController|Controller Name:UserAPI,Action:HttpGet,Method:GetGrandParentList,User:admin,UnitID:2
2023-10-18 17:31:26.2999|INFO|PIVF.Web.Api.Master.Configuration.UserAPIController|Controller Name:UserAPI,Action:HttpGet,Method:GetGrandParentList,User:admin,UnitID:2
2023-10-18 17:31:26.5811|INFO|PIVF.Web.Api.Master.Common.CommonController|1_Controller Name:CommonController,Action:HttpGet,Method:GetDepartmentList,User:admin,UnitID:2
2023-10-18 17:31:26.5811|INFO|PIVF.Web.Api.Master.Common.CommonController|1_Controller Name:CommonController,Action:HttpGet,Method:GetDepartmentList,User:admin,UnitID:2
2023-10-18 17:31:26.6396|INFO|PIVF.Web.Api.Master.Common.CommonController|1_Controller Name:CommonController,Action:HttpGet,Method:GetSpeclRegTypeList,User:admin,UnitID:2
2023-10-18 17:31:26.6396|INFO|PIVF.Web.Api.Master.Common.CommonController|1_Controller Name:CommonController,Action:HttpGet,Method:GetSpeclRegTypeList,User:admin,UnitID:2
2023-10-18 17:31:27.1075|INFO|PIVF.Web.Api.Master.Common.CommonController|1_Controller Name:CommonController,Action:HttpGet,Method:GetDoctorsList,User:admin,UnitID:2
2023-10-18 17:31:27.1075|INFO|PIVF.Web.Api.Master.Common.CommonController|1_Controller Name:CommonController,Action:HttpGet,Method:GetDoctorsList,User:admin,UnitID:2
2023-10-18 17:31:27.6295|INFO|PIVF.Web.Api.Master.Configuration.UserAPIController|Controller Name:UserAPI,Action:HttpGet,Method:GetParentList,User:admin,UnitID:2
2023-10-18 17:31:27.6295|INFO|PIVF.Web.Api.Master.Configuration.UserAPIController|Controller Name:UserAPI,Action:HttpGet,Method:GetParentList,User:admin,UnitID:2
2023-10-18 17:31:28.1305|INFO|PIVF.Web.Api.QueueMgt.QueueMgtController|Controller Name:QueueMgt,Action:HttpPost,Method:GetQueueList,User:admin,UnitID:2
2023-10-18 17:31:28.1305|INFO|PIVF.Web.Api.QueueMgt.QueueMgtController|Controller Name:QueueMgt,Action:HttpPost,Method:GetQueueList,User:admin,UnitID:2
2023-10-18 17:31:28.7685|INFO|PIVF.Web.Api.Master.Configuration.UserAPIController|Controller Name:UserAPI,Action:HttpGet,Method:GetParentList,User:admin,UnitID:2
2023-10-18 17:31:28.7685|INFO|PIVF.Web.Api.Master.Configuration.UserAPIController|Controller Name:UserAPI,Action:HttpGet,Method:GetParentList,User:admin,UnitID:2
2023-10-18 17:31:35.4691|INFO|PIVF.Web.Api.Master.Common.CommonController|Controller Name:Common,Action:GET,Method:GetActiveVisitByPatient,User:admin,UnitID:2
2023-10-18 17:31:35.4691|INFO|PIVF.Web.Api.Master.Common.CommonController|Controller Name:Common,Action:GET,Method:GetActiveVisitByPatient,User:admin,UnitID:2
2023-10-18 17:31:36.2977|INFO|PIVF.Web.Api.Master.Common.CommonController|Controller Name:Common,Action:GET,Method:GetActiveVisitByPatient,User:admin,UnitID:2
2023-10-18 17:31:36.2977|INFO|PIVF.Web.Api.Master.Common.CommonController|Controller Name:Common,Action:GET,Method:GetActiveVisitByPatient,User:admin,UnitID:2
2023-10-18 17:31:37.0729|INFO|PIVF.Web.Api.EMR.LandingPage.EMRLandingPageAPIController|Controller Name:EMRLandingPageAPI,Action:GET,Method:GetEMRLandingPageData,User:admin,UnitID:2
2023-10-18 17:31:37.0729|INFO|PIVF.Web.Api.EMR.LandingPage.EMRLandingPageAPIController|Controller Name:EMRLandingPageAPI,Action:GET,Method:GetEMRLandingPageData,User:admin,UnitID:2
2023-10-18 17:31:38.4374|INFO|PIVF.Web.Api.Master.Common.CommonController|Controller Name:Common,Action:POST,Method:PutSelectedvisitByPatient,User:admin,UnitID:2
2023-10-18 17:31:38.4374|INFO|PIVF.Web.Api.Master.Common.CommonController|Controller Name:Common,Action:POST,Method:PutSelectedvisitByPatient,User:admin,UnitID:2
2023-10-18 17:31:43.8740|INFO|PIVF.Web.Api.EMR.FemaleHistory.FollicularScanController|Controller Name:FollicularScan,Action:GET,Method:LoadPreviousFollicularScanData,User:admin,UnitID:2
2023-10-18 17:31:43.8740|INFO|PIVF.Web.Api.EMR.FemaleHistory.FollicularScanController|Controller Name:FollicularScan,Action:GET,Method:LoadPreviousFollicularScanData,User:admin,UnitID:2
2023-10-18 17:31:44.8924|INFO|PIVF.Web.Api.EMR.FemaleHistory.FollicularScanController|Controller Name:FollicularScan,Action:GET,Method:LoadCycleCodeList,User:admin,UnitID:2
2023-10-18 17:31:44.8924|INFO|PIVF.Web.Api.EMR.FemaleHistory.FollicularScanController|Controller Name:FollicularScan,Action:GET,Method:LoadCycleCodeList,User:admin,UnitID:2
2023-10-18 17:32:16.6006|INFO|PIVF.Web.Api.EMR.FemaleHistory.FollicularScanController|Controller Name:FollicularScan,Action:GET,Method:GetSingleFollicularScan,User:admin,UnitID:2
2023-10-18 17:32:16.6006|INFO|PIVF.Web.Api.EMR.FemaleHistory.FollicularScanController|Controller Name:FollicularScan,Action:GET,Method:GetSingleFollicularScan,User:admin,UnitID:2
2023-10-18 18:06:19.8006|INFO|PIVF.Web.Api.Master.Configuration.UserAPIController|Controller Name:UserAPI,Action:HttpGet,Method:GetUserRoleRights,User:admin,UnitID:2
2023-10-18 18:06:19.8006|INFO|PIVF.Web.Api.Master.Configuration.UserAPIController|Controller Name:UserAPI,Action:HttpGet,Method:GetUserRoleRights,User:admin,UnitID:2
2023-10-18 18:06:21.1331|INFO|PIVF.Web.Api.Master.Configuration.UserAPIController|Controller Name:UserAPI,Action:HttpGet,Method:GetGrandParentList,User:admin,UnitID:2
2023-10-18 18:06:21.1331|INFO|PIVF.Web.Api.Master.Configuration.UserAPIController|Controller Name:UserAPI,Action:HttpGet,Method:GetGrandParentList,User:admin,UnitID:2
2023-10-18 18:06:21.4298|INFO|PIVF.Web.Api.Master.Configuration.UserAPIController|Controller Name:UserAPI,Action:HttpGet,Method:GetParentList,User:admin,UnitID:2
2023-10-18 18:06:21.4298|INFO|PIVF.Web.Api.Master.Configuration.UserAPIController|Controller Name:UserAPI,Action:HttpGet,Method:GetParentList,User:admin,UnitID:2
2023-10-18 18:06:21.5432|INFO|PIVF.Web.Api.Master.Configuration.UserAPIController|Controller Name:UserAPI,Action:HttpGet,Method:GetParentList,User:admin,UnitID:2
2023-10-18 18:06:21.5432|INFO|PIVF.Web.Api.Master.Configuration.UserAPIController|Controller Name:UserAPI,Action:HttpGet,Method:GetParentList,User:admin,UnitID:2
2023-10-18 18:06:21.7512|INFO|PIVF.Web.Api.Master.Common.CommonController|1_Controller Name:CommonController,Action:HttpGet,Method:GetDepartmentList,User:admin,UnitID:2
2023-10-18 18:06:21.7512|INFO|PIVF.Web.Api.Master.Common.CommonController|1_Controller Name:CommonController,Action:HttpGet,Method:GetDepartmentList,User:admin,UnitID:2
2023-10-18 18:06:22.7929|INFO|PIVF.Web.Api.QueueMgt.QueueMgtController|Controller Name:QueueMgt,Action:HttpPost,Method:GetQueueList,User:admin,UnitID:2
2023-10-18 18:06:22.7929|INFO|PIVF.Web.Api.QueueMgt.QueueMgtController|Controller Name:QueueMgt,Action:HttpPost,Method:GetQueueList,User:admin,UnitID:2
2023-10-18 18:06:23.2826|INFO|PIVF.Web.Api.Master.Common.CommonController|1_Controller Name:CommonController,Action:HttpGet,Method:GetSpeclRegTypeList,User:admin,UnitID:2
2023-10-18 18:06:23.2826|INFO|PIVF.Web.Api.Master.Common.CommonController|1_Controller Name:CommonController,Action:HttpGet,Method:GetSpeclRegTypeList,User:admin,UnitID:2
2023-10-18 18:06:23.7937|INFO|PIVF.Web.Api.Master.Common.CommonController|1_Controller Name:CommonController,Action:HttpGet,Method:GetDoctorsList,User:admin,UnitID:2
2023-10-18 18:06:23.7937|INFO|PIVF.Web.Api.Master.Common.CommonController|1_Controller Name:CommonController,Action:HttpGet,Method:GetDoctorsList,User:admin,UnitID:2
2023-10-18 18:06:32.8127|INFO|PIVF.Web.Api.Master.Common.CommonController|Controller Name:Common,Action:GET,Method:GetActiveVisitByPatient,User:admin,UnitID:2
2023-10-18 18:06:32.8127|INFO|PIVF.Web.Api.Master.Common.CommonController|Controller Name:Common,Action:GET,Method:GetActiveVisitByPatient,User:admin,UnitID:2
2023-10-18 18:06:34.0559|INFO|PIVF.Web.Api.Master.Common.CommonController|Controller Name:Common,Action:GET,Method:GetActiveVisitByPatient,User:admin,UnitID:2
2023-10-18 18:06:34.0559|INFO|PIVF.Web.Api.Master.Common.CommonController|Controller Name:Common,Action:GET,Method:GetActiveVisitByPatient,User:admin,UnitID:2
2023-10-18 18:06:35.2274|INFO|PIVF.Web.Api.EMR.LandingPage.EMRLandingPageAPIController|Controller Name:EMRLandingPageAPI,Action:GET,Method:GetEMRLandingPageData,User:admin,UnitID:2
2023-10-18 18:06:35.2274|INFO|PIVF.Web.Api.EMR.LandingPage.EMRLandingPageAPIController|Controller Name:EMRLandingPageAPI,Action:GET,Method:GetEMRLandingPageData,User:admin,UnitID:2
2023-10-18 18:06:37.0385|INFO|PIVF.Web.Api.Master.Common.CommonController|Controller Name:Common,Action:POST,Method:PutSelectedvisitByPatient,User:admin,UnitID:2
2023-10-18 18:06:37.0385|INFO|PIVF.Web.Api.Master.Common.CommonController|Controller Name:Common,Action:POST,Method:PutSelectedvisitByPatient,User:admin,UnitID:2
2023-10-18 18:06:42.2960|INFO|PIVF.Web.Api.EMR.FemaleHistory.FollicularScanController|Controller Name:FollicularScan,Action:GET,Method:LoadPreviousFollicularScanData,User:admin,UnitID:2
2023-10-18 18:06:42.2960|INFO|PIVF.Web.Api.EMR.FemaleHistory.FollicularScanController|Controller Name:FollicularScan,Action:GET,Method:LoadPreviousFollicularScanData,User:admin,UnitID:2
2023-10-18 18:06:42.8018|INFO|PIVF.Web.Api.EMR.FemaleHistory.FollicularScanController|Controller Name:FollicularScan,Action:GET,Method:LoadCycleCodeList,User:admin,UnitID:2
2023-10-18 18:06:42.8018|INFO|PIVF.Web.Api.EMR.FemaleHistory.FollicularScanController|Controller Name:FollicularScan,Action:GET,Method:LoadCycleCodeList,User:admin,UnitID:2
2023-10-18 18:07:21.6737|INFO|PIVF.Web.Api.Master.Common.CommonController|1_Controller Name:CommonController,Action:HttpGet,Method:GetDoctorsList,User:admin,UnitID:2
2023-10-18 18:07:21.6737|INFO|PIVF.Web.Api.Master.Common.CommonController|1_Controller Name:CommonController,Action:HttpGet,Method:GetDoctorsList,User:admin,UnitID:2
2023-10-18 18:07:21.6966|INFO|PIVF.Web.Api.QueueMgt.QueueMgtController|Controller Name:QueueMgt,Action:HttpPost,Method:GetQueueList,User:admin,UnitID:2
2023-10-18 18:07:21.6966|INFO|PIVF.Web.Api.QueueMgt.QueueMgtController|Controller Name:QueueMgt,Action:HttpPost,Method:GetQueueList,User:admin,UnitID:2
2023-10-18 18:07:21.7485|INFO|PIVF.Web.Api.Master.Common.CommonController|1_Controller Name:CommonController,Action:HttpGet,Method:GetSpeclRegTypeList,User:admin,UnitID:2
2023-10-18 18:07:21.7485|INFO|PIVF.Web.Api.Master.Common.CommonController|1_Controller Name:CommonController,Action:HttpGet,Method:GetSpeclRegTypeList,User:admin,UnitID:2
2023-10-18 18:07:21.9710|INFO|PIVF.Web.Api.Master.Configuration.UserAPIController|Controller Name:UserAPI,Action:HttpGet,Method:GetUserRoleRights,User:admin,UnitID:2
2023-10-18 18:07:21.9710|INFO|PIVF.Web.Api.Master.Configuration.UserAPIController|Controller Name:UserAPI,Action:HttpGet,Method:GetUserRoleRights,User:admin,UnitID:2
2023-10-18 18:07:22.1704|INFO|PIVF.Web.Api.Master.Common.CommonController|1_Controller Name:CommonController,Action:HttpGet,Method:GetDepartmentList,User:admin,UnitID:2
2023-10-18 18:07:22.1704|INFO|PIVF.Web.Api.Master.Common.CommonController|1_Controller Name:CommonController,Action:HttpGet,Method:GetDepartmentList,User:admin,UnitID:2
2023-10-18 18:07:22.5265|INFO|PIVF.Web.Api.Master.Configuration.UserAPIController|Controller Name:UserAPI,Action:HttpGet,Method:GetGrandParentList,User:admin,UnitID:2
2023-10-18 18:07:22.5265|INFO|PIVF.Web.Api.Master.Configuration.UserAPIController|Controller Name:UserAPI,Action:HttpGet,Method:GetGrandParentList,User:admin,UnitID:2
2023-10-18 18:07:23.6835|INFO|PIVF.Web.Api.Master.Configuration.UserAPIController|Controller Name:UserAPI,Action:HttpGet,Method:GetParentList,User:admin,UnitID:2
2023-10-18 18:07:23.6835|INFO|PIVF.Web.Api.Master.Configuration.UserAPIController|Controller Name:UserAPI,Action:HttpGet,Method:GetParentList,User:admin,UnitID:2
2023-10-18 18:07:23.7184|INFO|PIVF.Web.Api.Master.Configuration.UserAPIController|Controller Name:UserAPI,Action:HttpGet,Method:GetParentList,User:admin,UnitID:2
2023-10-18 18:07:23.7184|INFO|PIVF.Web.Api.Master.Configuration.UserAPIController|Controller Name:UserAPI,Action:HttpGet,Method:GetParentList,User:admin,UnitID:2
2023-10-18 18:07:31.8450|INFO|PIVF.Web.Api.Master.Common.CommonController|Controller Name:Common,Action:GET,Method:GetActiveVisitByPatient,User:admin,UnitID:2
2023-10-18 18:07:31.8450|INFO|PIVF.Web.Api.Master.Common.CommonController|Controller Name:Common,Action:GET,Method:GetActiveVisitByPatient,User:admin,UnitID:2
2023-10-18 18:07:31.8639|INFO|PIVF.Web.Api.Master.Common.CommonController|Controller Name:Common,Action:GET,Method:GetActiveVisitByPatient,User:admin,UnitID:2
2023-10-18 18:07:31.8639|INFO|PIVF.Web.Api.Master.Common.CommonController|Controller Name:Common,Action:GET,Method:GetActiveVisitByPatient,User:admin,UnitID:2
2023-10-18 18:07:32.5270|INFO|PIVF.Web.Api.EMR.LandingPage.EMRLandingPageAPIController|Controller Name:EMRLandingPageAPI,Action:GET,Method:GetEMRLandingPageData,User:admin,UnitID:2
2023-10-18 18:07:32.5270|INFO|PIVF.Web.Api.EMR.LandingPage.EMRLandingPageAPIController|Controller Name:EMRLandingPageAPI,Action:GET,Method:GetEMRLandingPageData,User:admin,UnitID:2
2023-10-18 18:07:33.8967|INFO|PIVF.Web.Api.Master.Common.CommonController|Controller Name:Common,Action:POST,Method:PutSelectedvisitByPatient,User:admin,UnitID:2
2023-10-18 18:07:33.8967|INFO|PIVF.Web.Api.Master.Common.CommonController|Controller Name:Common,Action:POST,Method:PutSelectedvisitByPatient,User:admin,UnitID:2
2023-10-18 18:07:44.9330|INFO|PIVF.Web.Api.EMR.FemaleHistory.FollicularScanController|Controller Name:FollicularScan,Action:GET,Method:LoadPreviousFollicularScanData,User:admin,UnitID:2
2023-10-18 18:07:44.9330|INFO|PIVF.Web.Api.EMR.FemaleHistory.FollicularScanController|Controller Name:FollicularScan,Action:GET,Method:LoadPreviousFollicularScanData,User:admin,UnitID:2
2023-10-18 18:07:45.4844|INFO|PIVF.Web.Api.EMR.FemaleHistory.FollicularScanController|Controller Name:FollicularScan,Action:GET,Method:LoadCycleCodeList,User:admin,UnitID:2
2023-10-18 18:07:45.4844|INFO|PIVF.Web.Api.EMR.FemaleHistory.FollicularScanController|Controller Name:FollicularScan,Action:GET,Method:LoadCycleCodeList,User:admin,UnitID:2
2023-10-18 18:08:01.6760|INFO|PIVF.Web.Api.EMR.FemaleHistory.FollicularScanController|Controller Name:FollicularScan,Action:GET,Method:GetSingleFollicularScan,User:admin,UnitID:2
2023-10-18 18:08:01.6760|INFO|PIVF.Web.Api.EMR.FemaleHistory.FollicularScanController|Controller Name:FollicularScan,Action:GET,Method:GetSingleFollicularScan,User:admin,UnitID:2
