2023-11-27 11:40:54.8840|INFO|PIVF.Web.Api.Master.Configuration.UserAPIController|Controller Name:UserAPI,Action:HttpGet,Method:GetGrandParentList,User:admin,UnitID:2
2023-11-27 11:40:54.8840|INFO|PIVF.Web.Api.Master.Configuration.UserAPIController|Controller Name:UserAPI,Action:HttpGet,Method:GetGrandParentList,User:admin,UnitID:2
2023-11-27 11:40:56.2948|INFO|PIVF.Web.Api.QueueMgt.QueueMgtController|Controller Name:QueueMgt,Action:HttpPost,Method:GetQueueList,User:admin,UnitID:2
2023-11-27 11:40:56.2948|INFO|PIVF.Web.Api.QueueMgt.QueueMgtController|Controller Name:QueueMgt,Action:HttpPost,Method:GetQueueList,User:admin,UnitID:2
2023-11-27 11:40:56.4305|INFO|PIVF.Web.Api.Master.Common.CommonController|1_Controller Name:CommonController,Action:HttpGet,Method:GetSpeclRegTypeList,User:admin,UnitID:2
2023-11-27 11:40:56.4305|INFO|PIVF.Web.Api.Master.Common.CommonController|1_Controller Name:CommonController,Action:HttpGet,Method:GetSpeclRegTypeList,User:admin,UnitID:2
2023-11-27 11:40:56.5624|INFO|PIVF.Web.Api.Master.Configuration.UserAPIController|Controller Name:UserAPI,Action:HttpGet,Method:GetParentList,User:admin,UnitID:2
2023-11-27 11:40:56.5624|INFO|PIVF.Web.Api.Master.Configuration.UserAPIController|Controller Name:UserAPI,Action:HttpGet,Method:GetParentList,User:admin,UnitID:2
2023-11-27 11:40:56.6423|INFO|PIVF.Web.Api.Master.Configuration.UserAPIController|Controller Name:UserAPI,Action:HttpGet,Method:GetParentList,User:admin,UnitID:2
2023-11-27 11:40:56.6423|INFO|PIVF.Web.Api.Master.Configuration.UserAPIController|Controller Name:UserAPI,Action:HttpGet,Method:GetParentList,User:admin,UnitID:2
2023-11-27 11:40:57.2229|INFO|PIVF.Web.Api.Master.Configuration.UserAPIController|Controller Name:UserAPI,Action:HttpGet,Method:GetUserRoleRights,User:admin,UnitID:2
2023-11-27 11:40:57.2229|INFO|PIVF.Web.Api.Master.Configuration.UserAPIController|Controller Name:UserAPI,Action:HttpGet,Method:GetUserRoleRights,User:admin,UnitID:2
2023-11-27 11:40:58.2904|INFO|PIVF.Web.Api.Master.Common.CommonController|1_Controller Name:CommonController,Action:HttpGet,Method:GetDoctorsList,User:admin,UnitID:2
2023-11-27 11:40:58.2904|INFO|PIVF.Web.Api.Master.Common.CommonController|1_Controller Name:CommonController,Action:HttpGet,Method:GetDoctorsList,User:admin,UnitID:2
2023-11-27 11:40:58.7940|INFO|PIVF.Web.Api.Master.Common.CommonController|1_Controller Name:CommonController,Action:HttpGet,Method:GetDepartmentList,User:admin,UnitID:2
2023-11-27 11:40:58.7940|INFO|PIVF.Web.Api.Master.Common.CommonController|1_Controller Name:CommonController,Action:HttpGet,Method:GetDepartmentList,User:admin,UnitID:2
2023-11-27 11:41:14.2316|INFO|PIVF.Web.Api.QueueMgt.QueueMgtController|Controller Name:QueueMgt,Action:HttpPost,Method:GetQueueList,User:admin,UnitID:2
2023-11-27 11:41:14.2316|INFO|PIVF.Web.Api.QueueMgt.QueueMgtController|Controller Name:QueueMgt,Action:HttpPost,Method:GetQueueList,User:admin,UnitID:2
2023-11-27 11:41:17.6498|INFO|PIVF.Web.Api.QueueMgt.QueueMgtController|Controller Name:QueueMgt,Action:HttpPost,Method:GetQueueList,User:admin,UnitID:2
2023-11-27 11:41:17.6498|INFO|PIVF.Web.Api.QueueMgt.QueueMgtController|Controller Name:QueueMgt,Action:HttpPost,Method:GetQueueList,User:admin,UnitID:2
2023-11-27 11:41:28.5599|INFO|PIVF.Web.Api.Master.Common.CommonController|Controller Name:Common,Action:GET,Method:GetActiveVisitByPatient,User:admin,UnitID:2
2023-11-27 11:41:28.5599|INFO|PIVF.Web.Api.Master.Common.CommonController|Controller Name:Common,Action:GET,Method:GetActiveVisitByPatient,User:admin,UnitID:2
2023-11-27 11:41:29.4204|INFO|PIVF.Web.Api.Master.Common.CommonController|Controller Name:Common,Action:GET,Method:GetActiveVisitByPatient,User:admin,UnitID:2
2023-11-27 11:41:29.4204|INFO|PIVF.Web.Api.Master.Common.CommonController|Controller Name:Common,Action:GET,Method:GetActiveVisitByPatient,User:admin,UnitID:2
2023-11-27 11:41:30.9015|INFO|PIVF.Web.Api.EMR.LandingPage.EMRLandingPageAPIController|Controller Name:EMRLandingPageAPI,Action:GET,Method:GetEMRLandingPageData,User:admin,UnitID:2
2023-11-27 11:41:30.9015|INFO|PIVF.Web.Api.EMR.LandingPage.EMRLandingPageAPIController|Controller Name:EMRLandingPageAPI,Action:GET,Method:GetEMRLandingPageData,User:admin,UnitID:2
2023-11-27 11:41:33.7852|INFO|PIVF.Web.Api.Master.Common.CommonController|Controller Name:Common,Action:POST,Method:PutSelectedvisitByPatient,User:admin,UnitID:2
2023-11-27 11:41:33.7852|INFO|PIVF.Web.Api.Master.Common.CommonController|Controller Name:Common,Action:POST,Method:PutSelectedvisitByPatient,User:admin,UnitID:2
2023-11-27 11:41:36.0435|INFO|PIVF.Web.Api.Master.Common.CommonController|Controller Name:Common,Action:GET,Method:GetActiveVisitByPatient,User:admin,UnitID:2
2023-11-27 11:41:36.0435|INFO|PIVF.Web.Api.Master.Common.CommonController|Controller Name:Common,Action:GET,Method:GetActiveVisitByPatient,User:admin,UnitID:2
2023-11-27 11:41:40.3638|INFO|PIVF.Web.Api.EMR.FemaleHistoryController|Controller Name: FemaleHistory,Action: GET,Method: LoadSpecificFemaleHistory,User: admin,UnitID:2
2023-11-27 11:41:40.3638|INFO|PIVF.Web.Api.EMR.FemaleHistoryController|Controller Name: FemaleHistory,Action: GET,Method: LoadSpecificFemaleHistory,User: admin,UnitID:2
2023-11-27 11:43:35.1661|INFO|PIVF.Web.Api.EMR.FemaleHistoryController|Controller Name: FemaleHistory,Action: POST,Method: InsertFemaleHistory,User: admin,UnitID:2
2023-11-27 11:43:35.1661|INFO|PIVF.Web.Api.EMR.FemaleHistoryController|Controller Name: FemaleHistory,Action: POST,Method: InsertFemaleHistory,User: admin,UnitID:2
2023-11-27 11:43:55.4504|INFO|PIVF.Web.Api.EMR.FemaleHistoryController|Controller Name: FemaleHistory,Action: GET,Method: LoadSpecificFemaleHistory,User: admin,UnitID:2
2023-11-27 11:43:55.4504|INFO|PIVF.Web.Api.EMR.FemaleHistoryController|Controller Name: FemaleHistory,Action: GET,Method: LoadSpecificFemaleHistory,User: admin,UnitID:2
2023-11-27 11:44:16.6831|INFO|PIVF.Web.Api.Master.Common.CommonController|Controller Name:Common,Action:GET,Method:GetActiveVisitByPatient,User:admin,UnitID:2
2023-11-27 11:44:16.6831|INFO|PIVF.Web.Api.Master.Common.CommonController|Controller Name:Common,Action:GET,Method:GetActiveVisitByPatient,User:admin,UnitID:2
2023-11-27 11:44:50.8243|INFO|PIVF.Web.Api.Master.Common.CommonController|Controller Name:Common,Action:GET,Method:GetActiveVisitByPatient,User:admin,UnitID:2
2023-11-27 11:44:50.8243|INFO|PIVF.Web.Api.Master.Common.CommonController|Controller Name:Common,Action:GET,Method:GetActiveVisitByPatient,User:admin,UnitID:2
2023-11-27 11:45:03.7347|INFO|PIVF.Web.Api.Master.Common.CommonController|Controller Name:Common,Action:GET,Method:GetActiveVisitByPatient,User:admin,UnitID:2
2023-11-27 11:45:03.7347|INFO|PIVF.Web.Api.Master.Common.CommonController|Controller Name:Common,Action:GET,Method:GetActiveVisitByPatient,User:admin,UnitID:2
2023-11-27 11:45:20.1408|INFO|PIVF.Web.Api.Master.Common.CommonController|Controller Name:Common,Action:GET,Method:GetActiveVisitByPatient,User:admin,UnitID:2
2023-11-27 11:45:20.1408|INFO|PIVF.Web.Api.Master.Common.CommonController|Controller Name:Common,Action:GET,Method:GetActiveVisitByPatient,User:admin,UnitID:2
2023-11-27 11:45:20.1558|INFO|PIVF.Web.Api.Master.Common.CommonController|Controller Name:Common,Action:GET,Method:GetActiveVisitByPatient,User:admin,UnitID:2
2023-11-27 11:45:20.1558|INFO|PIVF.Web.Api.Master.Common.CommonController|Controller Name:Common,Action:GET,Method:GetActiveVisitByPatient,User:admin,UnitID:2
2023-11-27 11:45:20.7448|INFO|PIVF.Web.Api.EMR.LandingPage.EMRLandingPageAPIController|Controller Name:EMRLandingPageAPI,Action:GET,Method:GetEMRLandingPageData,User:admin,UnitID:2
2023-11-27 11:45:20.7448|INFO|PIVF.Web.Api.EMR.LandingPage.EMRLandingPageAPIController|Controller Name:EMRLandingPageAPI,Action:GET,Method:GetEMRLandingPageData,User:admin,UnitID:2
2023-11-27 11:45:23.0396|INFO|PIVF.Web.Api.Master.Common.CommonController|Controller Name:Common,Action:POST,Method:PutSelectedvisitByPatient,User:admin,UnitID:2
2023-11-27 11:45:23.0396|INFO|PIVF.Web.Api.Master.Common.CommonController|Controller Name:Common,Action:POST,Method:PutSelectedvisitByPatient,User:admin,UnitID:2
2023-11-27 11:47:37.2955|INFO|PIVF.Web.Api.Master.Common.CommonController|Controller Name:Common,Action:GET,Method:GetActiveVisitByPatient,User:admin,UnitID:2
2023-11-27 11:47:37.2955|INFO|PIVF.Web.Api.Master.Common.CommonController|Controller Name:Common,Action:GET,Method:GetActiveVisitByPatient,User:admin,UnitID:2
2023-11-27 11:47:40.9908|INFO|PIVF.Web.Api.EMR.FemaleHistoryController|Controller Name: FemaleHistory,Action: GET,Method: LoadSpecificFemaleHistory,User: admin,UnitID:2
2023-11-27 11:47:40.9908|INFO|PIVF.Web.Api.EMR.FemaleHistoryController|Controller Name: FemaleHistory,Action: GET,Method: LoadSpecificFemaleHistory,User: admin,UnitID:2
2023-11-27 11:47:50.3140|INFO|PIVF.Web.Api.Master.Common.CommonController|Controller Name:Common,Action:GET,Method:GetActiveVisitByPatient,User:admin,UnitID:2
2023-11-27 11:47:50.3140|INFO|PIVF.Web.Api.Master.Common.CommonController|Controller Name:Common,Action:GET,Method:GetActiveVisitByPatient,User:admin,UnitID:2
2023-11-27 11:47:51.0441|INFO|PIVF.Web.Api.Master.Common.CommonController|Controller Name:Common,Action:GET,Method:GetActiveVisitByPatient,User:admin,UnitID:2
2023-11-27 11:47:51.0441|INFO|PIVF.Web.Api.Master.Common.CommonController|Controller Name:Common,Action:GET,Method:GetActiveVisitByPatient,User:admin,UnitID:2
2023-11-27 11:47:51.7568|INFO|PIVF.Web.Api.EMR.LandingPage.EMRLandingPageAPIController|Controller Name:EMRLandingPageAPI,Action:GET,Method:GetEMRLandingPageData,User:admin,UnitID:2
2023-11-27 11:47:51.7568|INFO|PIVF.Web.Api.EMR.LandingPage.EMRLandingPageAPIController|Controller Name:EMRLandingPageAPI,Action:GET,Method:GetEMRLandingPageData,User:admin,UnitID:2
2023-11-27 11:47:53.6524|INFO|PIVF.Web.Api.Master.Common.CommonController|Controller Name:Common,Action:POST,Method:PutSelectedvisitByPatient,User:admin,UnitID:2
2023-11-27 11:47:53.6524|INFO|PIVF.Web.Api.Master.Common.CommonController|Controller Name:Common,Action:POST,Method:PutSelectedvisitByPatient,User:admin,UnitID:2
2023-11-27 11:47:56.9085|INFO|PIVF.Web.Api.Master.Common.CommonController|Controller Name:Common,Action:GET,Method:GetActiveVisitByPatient,User:admin,UnitID:2
2023-11-27 11:47:56.9085|INFO|PIVF.Web.Api.Master.Common.CommonController|Controller Name:Common,Action:GET,Method:GetActiveVisitByPatient,User:admin,UnitID:2
2023-11-27 11:48:01.7949|INFO|PIVF.Web.Api.EMR.FemaleHistoryController|Controller Name: FemaleHistory,Action: GET,Method: LoadSpecificFemaleHistory,User: admin,UnitID:2
2023-11-27 11:48:01.7949|INFO|PIVF.Web.Api.EMR.FemaleHistoryController|Controller Name: FemaleHistory,Action: GET,Method: LoadSpecificFemaleHistory,User: admin,UnitID:2
2023-11-27 11:48:17.1183|INFO|PIVF.Web.Api.EMR.FemaleHistoryController|Controller Name: FemaleHistory,Action: POST,Method: InsertFemaleHistory,User: admin,UnitID:2
2023-11-27 11:48:17.1183|INFO|PIVF.Web.Api.EMR.FemaleHistoryController|Controller Name: FemaleHistory,Action: POST,Method: InsertFemaleHistory,User: admin,UnitID:2
2023-11-27 11:48:21.7780|INFO|PIVF.Web.Api.EMR.FemaleHistoryController|Controller Name: FemaleHistory,Action: GET,Method: LoadSpecificFemaleHistory,User: admin,UnitID:2
2023-11-27 11:48:21.7780|INFO|PIVF.Web.Api.EMR.FemaleHistoryController|Controller Name: FemaleHistory,Action: GET,Method: LoadSpecificFemaleHistory,User: admin,UnitID:2
2023-11-27 11:50:33.5947|INFO|PIVF.Web.Api.EMR.FemaleHistoryController|Controller Name: FemaleHistory,Action: POST,Method: InsertFemaleHistory,User: admin,UnitID:2
2023-11-27 11:50:33.5947|INFO|PIVF.Web.Api.EMR.FemaleHistoryController|Controller Name: FemaleHistory,Action: POST,Method: InsertFemaleHistory,User: admin,UnitID:2
2023-11-27 11:50:37.6933|INFO|PIVF.Web.Api.EMR.FemaleHistoryController|Controller Name: FemaleHistory,Action: GET,Method: LoadSpecificFemaleHistory,User: admin,UnitID:2
2023-11-27 11:50:37.6933|INFO|PIVF.Web.Api.EMR.FemaleHistoryController|Controller Name: FemaleHistory,Action: GET,Method: LoadSpecificFemaleHistory,User: admin,UnitID:2
2023-11-27 11:54:32.7291|INFO|PIVF.Web.Api.EMR.FemaleHistoryController|Controller Name: FemaleHistory,Action: POST,Method: InsertFemaleHistory,User: admin,UnitID:2
2023-11-27 11:54:32.7291|INFO|PIVF.Web.Api.EMR.FemaleHistoryController|Controller Name: FemaleHistory,Action: POST,Method: InsertFemaleHistory,User: admin,UnitID:2
2023-11-27 11:54:37.2915|INFO|PIVF.Web.Api.EMR.FemaleHistoryController|Controller Name: FemaleHistory,Action: GET,Method: LoadSpecificFemaleHistory,User: admin,UnitID:2
2023-11-27 11:54:37.2915|INFO|PIVF.Web.Api.EMR.FemaleHistoryController|Controller Name: FemaleHistory,Action: GET,Method: LoadSpecificFemaleHistory,User: admin,UnitID:2
2023-11-27 11:55:27.2537|INFO|PIVF.Web.Api.Master.Configuration.UserAPIController|Controller Name:UserAPI,Action:HttpGet,Method:GetUserRoleRights,User:admin,UnitID:2
2023-11-27 11:55:27.2537|INFO|PIVF.Web.Api.Master.Configuration.UserAPIController|Controller Name:UserAPI,Action:HttpGet,Method:GetUserRoleRights,User:admin,UnitID:2
2023-11-27 11:55:27.3324|INFO|PIVF.Web.Api.QueueMgt.QueueMgtController|Controller Name:QueueMgt,Action:HttpPost,Method:GetQueueList,User:admin,UnitID:2
2023-11-27 11:55:27.3324|INFO|PIVF.Web.Api.QueueMgt.QueueMgtController|Controller Name:QueueMgt,Action:HttpPost,Method:GetQueueList,User:admin,UnitID:2
2023-11-27 11:55:27.5658|INFO|PIVF.Web.Api.Master.Common.CommonController|1_Controller Name:CommonController,Action:HttpGet,Method:GetDepartmentList,User:admin,UnitID:2
2023-11-27 11:55:27.5658|INFO|PIVF.Web.Api.Master.Common.CommonController|1_Controller Name:CommonController,Action:HttpGet,Method:GetDepartmentList,User:admin,UnitID:2
2023-11-27 11:55:27.7528|INFO|PIVF.Web.Api.Master.Common.CommonController|1_Controller Name:CommonController,Action:HttpGet,Method:GetDoctorsList,User:admin,UnitID:2
2023-11-27 11:55:27.7528|INFO|PIVF.Web.Api.Master.Common.CommonController|1_Controller Name:CommonController,Action:HttpGet,Method:GetDoctorsList,User:admin,UnitID:2
2023-11-27 11:55:28.2542|INFO|PIVF.Web.Api.Master.Configuration.UserAPIController|Controller Name:UserAPI,Action:HttpGet,Method:GetGrandParentList,User:admin,UnitID:2
2023-11-27 11:55:28.2542|INFO|PIVF.Web.Api.Master.Configuration.UserAPIController|Controller Name:UserAPI,Action:HttpGet,Method:GetGrandParentList,User:admin,UnitID:2
2023-11-27 11:55:28.2725|INFO|PIVF.Web.Api.Master.Common.CommonController|1_Controller Name:CommonController,Action:HttpGet,Method:GetSpeclRegTypeList,User:admin,UnitID:2
2023-11-27 11:55:28.2725|INFO|PIVF.Web.Api.Master.Common.CommonController|1_Controller Name:CommonController,Action:HttpGet,Method:GetSpeclRegTypeList,User:admin,UnitID:2
2023-11-27 11:55:28.7661|INFO|PIVF.Web.Api.Master.Configuration.UserAPIController|Controller Name:UserAPI,Action:HttpGet,Method:GetParentList,User:admin,UnitID:2
2023-11-27 11:55:28.7661|INFO|PIVF.Web.Api.Master.Configuration.UserAPIController|Controller Name:UserAPI,Action:HttpGet,Method:GetParentList,User:admin,UnitID:2
2023-11-27 11:55:28.8522|INFO|PIVF.Web.Api.Master.Configuration.UserAPIController|Controller Name:UserAPI,Action:HttpGet,Method:GetParentList,User:admin,UnitID:2
2023-11-27 11:55:28.8522|INFO|PIVF.Web.Api.Master.Configuration.UserAPIController|Controller Name:UserAPI,Action:HttpGet,Method:GetParentList,User:admin,UnitID:2
2023-11-27 11:55:35.1884|INFO|PIVF.Web.Api.Master.Common.CommonController|Controller Name:Common,Action:GET,Method:GetActiveVisitByPatient,User:admin,UnitID:2
2023-11-27 11:55:35.1884|INFO|PIVF.Web.Api.Master.Common.CommonController|Controller Name:Common,Action:GET,Method:GetActiveVisitByPatient,User:admin,UnitID:2
2023-11-27 11:55:35.9399|INFO|PIVF.Web.Api.Master.Common.CommonController|Controller Name:Common,Action:GET,Method:GetActiveVisitByPatient,User:admin,UnitID:2
2023-11-27 11:55:35.9399|INFO|PIVF.Web.Api.Master.Common.CommonController|Controller Name:Common,Action:GET,Method:GetActiveVisitByPatient,User:admin,UnitID:2
2023-11-27 11:55:36.2429|INFO|PIVF.Web.Api.EMR.LandingPage.EMRLandingPageAPIController|Controller Name:EMRLandingPageAPI,Action:GET,Method:GetEMRLandingPageData,User:admin,UnitID:2
2023-11-27 11:55:36.2429|INFO|PIVF.Web.Api.EMR.LandingPage.EMRLandingPageAPIController|Controller Name:EMRLandingPageAPI,Action:GET,Method:GetEMRLandingPageData,User:admin,UnitID:2
2023-11-27 11:55:38.5826|INFO|PIVF.Web.Api.Master.Common.CommonController|Controller Name:Common,Action:POST,Method:PutSelectedvisitByPatient,User:admin,UnitID:2
2023-11-27 11:55:38.5826|INFO|PIVF.Web.Api.Master.Common.CommonController|Controller Name:Common,Action:POST,Method:PutSelectedvisitByPatient,User:admin,UnitID:2
2023-11-27 11:55:50.8269|INFO|PIVF.Web.Api.Master.Common.CommonController|Controller Name:Common,Action:GET,Method:GetActiveVisitByPatient,User:admin,UnitID:2
2023-11-27 11:55:50.8269|INFO|PIVF.Web.Api.Master.Common.CommonController|Controller Name:Common,Action:GET,Method:GetActiveVisitByPatient,User:admin,UnitID:2
2023-11-27 11:55:54.9188|INFO|PIVF.Web.Api.EMR.FemaleHistoryController|Controller Name: FemaleHistory,Action: GET,Method: LoadSpecificFemaleHistory,User: admin,UnitID:2
2023-11-27 11:55:54.9188|INFO|PIVF.Web.Api.EMR.FemaleHistoryController|Controller Name: FemaleHistory,Action: GET,Method: LoadSpecificFemaleHistory,User: admin,UnitID:2
2023-11-27 11:55:58.2893|INFO|PIVF.Web.Api.EMR.FemaleHistoryController|Controller Name: FemaleHistory,Action: POST,Method: InsertFemaleHistory,User: admin,UnitID:2
2023-11-27 11:55:58.2893|INFO|PIVF.Web.Api.EMR.FemaleHistoryController|Controller Name: FemaleHistory,Action: POST,Method: InsertFemaleHistory,User: admin,UnitID:2
2023-11-27 11:56:02.4494|INFO|PIVF.Web.Api.EMR.FemaleHistoryController|Controller Name: FemaleHistory,Action: GET,Method: LoadSpecificFemaleHistory,User: admin,UnitID:2
2023-11-27 11:56:02.4494|INFO|PIVF.Web.Api.EMR.FemaleHistoryController|Controller Name: FemaleHistory,Action: GET,Method: LoadSpecificFemaleHistory,User: admin,UnitID:2
2023-11-27 11:58:12.3948|INFO|PIVF.Web.Api.EMR.FemaleHistoryController|Controller Name: FemaleHistory,Action: POST,Method: InsertFemaleHistory,User: admin,UnitID:2
2023-11-27 11:58:12.3948|INFO|PIVF.Web.Api.EMR.FemaleHistoryController|Controller Name: FemaleHistory,Action: POST,Method: InsertFemaleHistory,User: admin,UnitID:2
2023-11-27 11:58:15.2600|INFO|PIVF.Web.Api.EMR.FemaleHistoryController|Controller Name: FemaleHistory,Action: GET,Method: LoadSpecificFemaleHistory,User: admin,UnitID:2
2023-11-27 11:58:15.2600|INFO|PIVF.Web.Api.EMR.FemaleHistoryController|Controller Name: FemaleHistory,Action: GET,Method: LoadSpecificFemaleHistory,User: admin,UnitID:2
2023-11-27 12:01:36.5829|INFO|PIVF.Web.Api.Master.Configuration.UserAPIController|Controller Name:UserAPI,Action:HttpGet,Method:GetGrandParentList,User:admin,UnitID:2
2023-11-27 12:01:36.5829|INFO|PIVF.Web.Api.Master.Configuration.UserAPIController|Controller Name:UserAPI,Action:HttpGet,Method:GetGrandParentList,User:admin,UnitID:2
2023-11-27 12:01:36.7426|INFO|PIVF.Web.Api.QueueMgt.QueueMgtController|Controller Name:QueueMgt,Action:HttpPost,Method:GetQueueList,User:admin,UnitID:2
2023-11-27 12:01:36.7426|INFO|PIVF.Web.Api.QueueMgt.QueueMgtController|Controller Name:QueueMgt,Action:HttpPost,Method:GetQueueList,User:admin,UnitID:2
2023-11-27 12:01:36.9092|INFO|PIVF.Web.Api.Master.Common.CommonController|1_Controller Name:CommonController,Action:HttpGet,Method:GetDepartmentList,User:admin,UnitID:2
2023-11-27 12:01:36.9092|INFO|PIVF.Web.Api.Master.Common.CommonController|1_Controller Name:CommonController,Action:HttpGet,Method:GetDepartmentList,User:admin,UnitID:2
2023-11-27 12:01:36.9721|INFO|PIVF.Web.Api.Master.Configuration.UserAPIController|Controller Name:UserAPI,Action:HttpGet,Method:GetParentList,User:admin,UnitID:2
2023-11-27 12:01:36.9721|INFO|PIVF.Web.Api.Master.Configuration.UserAPIController|Controller Name:UserAPI,Action:HttpGet,Method:GetParentList,User:admin,UnitID:2
2023-11-27 12:01:37.0607|INFO|PIVF.Web.Api.Master.Configuration.UserAPIController|Controller Name:UserAPI,Action:HttpGet,Method:GetParentList,User:admin,UnitID:2
2023-11-27 12:01:37.0607|INFO|PIVF.Web.Api.Master.Configuration.UserAPIController|Controller Name:UserAPI,Action:HttpGet,Method:GetParentList,User:admin,UnitID:2
2023-11-27 12:01:37.0993|INFO|PIVF.Web.Api.Master.Configuration.UserAPIController|Controller Name:UserAPI,Action:HttpGet,Method:GetUserRoleRights,User:admin,UnitID:2
2023-11-27 12:01:37.0993|INFO|PIVF.Web.Api.Master.Configuration.UserAPIController|Controller Name:UserAPI,Action:HttpGet,Method:GetUserRoleRights,User:admin,UnitID:2
2023-11-27 12:01:37.4834|INFO|PIVF.Web.Api.Master.Common.CommonController|1_Controller Name:CommonController,Action:HttpGet,Method:GetSpeclRegTypeList,User:admin,UnitID:2
2023-11-27 12:01:37.4834|INFO|PIVF.Web.Api.Master.Common.CommonController|1_Controller Name:CommonController,Action:HttpGet,Method:GetSpeclRegTypeList,User:admin,UnitID:2
2023-11-27 12:01:37.9949|INFO|PIVF.Web.Api.Master.Common.CommonController|1_Controller Name:CommonController,Action:HttpGet,Method:GetDoctorsList,User:admin,UnitID:2
2023-11-27 12:01:37.9949|INFO|PIVF.Web.Api.Master.Common.CommonController|1_Controller Name:CommonController,Action:HttpGet,Method:GetDoctorsList,User:admin,UnitID:2
2023-11-27 12:02:14.1456|INFO|PIVF.Web.Api.Master.Common.CommonController|Controller Name:Common,Action:GET,Method:GetActiveVisitByPatient,User:admin,UnitID:2
2023-11-27 12:02:14.1456|INFO|PIVF.Web.Api.Master.Common.CommonController|Controller Name:Common,Action:GET,Method:GetActiveVisitByPatient,User:admin,UnitID:2
2023-11-27 12:02:14.9825|INFO|PIVF.Web.Api.Master.Common.CommonController|Controller Name:Common,Action:GET,Method:GetActiveVisitByPatient,User:admin,UnitID:2
2023-11-27 12:02:14.9825|INFO|PIVF.Web.Api.Master.Common.CommonController|Controller Name:Common,Action:GET,Method:GetActiveVisitByPatient,User:admin,UnitID:2
2023-11-27 12:02:15.6944|INFO|PIVF.Web.Api.EMR.LandingPage.EMRLandingPageAPIController|Controller Name:EMRLandingPageAPI,Action:GET,Method:GetEMRLandingPageData,User:admin,UnitID:2
2023-11-27 12:02:15.6944|INFO|PIVF.Web.Api.EMR.LandingPage.EMRLandingPageAPIController|Controller Name:EMRLandingPageAPI,Action:GET,Method:GetEMRLandingPageData,User:admin,UnitID:2
2023-11-27 12:02:17.8949|INFO|PIVF.Web.Api.Master.Common.CommonController|Controller Name:Common,Action:POST,Method:PutSelectedvisitByPatient,User:admin,UnitID:2
2023-11-27 12:02:17.8949|INFO|PIVF.Web.Api.Master.Common.CommonController|Controller Name:Common,Action:POST,Method:PutSelectedvisitByPatient,User:admin,UnitID:2
2023-11-27 12:02:27.2828|INFO|PIVF.Web.Api.Master.Common.CommonController|Controller Name:Common,Action:GET,Method:GetActiveVisitByPatient,User:admin,UnitID:2
2023-11-27 12:02:27.2828|INFO|PIVF.Web.Api.Master.Common.CommonController|Controller Name:Common,Action:GET,Method:GetActiveVisitByPatient,User:admin,UnitID:2
2023-11-27 12:02:31.4135|INFO|PIVF.Web.Api.EMR.FemaleHistoryController|Controller Name: FemaleHistory,Action: GET,Method: LoadSpecificFemaleHistory,User: admin,UnitID:2
2023-11-27 12:02:31.4135|INFO|PIVF.Web.Api.EMR.FemaleHistoryController|Controller Name: FemaleHistory,Action: GET,Method: LoadSpecificFemaleHistory,User: admin,UnitID:2
2023-11-27 12:02:49.7093|INFO|PIVF.Web.Api.EMR.FemaleHistoryController|Controller Name: FemaleHistory,Action: POST,Method: InsertFemaleHistory,User: admin,UnitID:2
2023-11-27 12:02:49.7093|INFO|PIVF.Web.Api.EMR.FemaleHistoryController|Controller Name: FemaleHistory,Action: POST,Method: InsertFemaleHistory,User: admin,UnitID:2
2023-11-27 12:02:52.9760|INFO|PIVF.Web.Api.EMR.FemaleHistoryController|Controller Name: FemaleHistory,Action: GET,Method: LoadSpecificFemaleHistory,User: admin,UnitID:2
2023-11-27 12:02:52.9760|INFO|PIVF.Web.Api.EMR.FemaleHistoryController|Controller Name: FemaleHistory,Action: GET,Method: LoadSpecificFemaleHistory,User: admin,UnitID:2
2023-11-27 12:03:06.8074|INFO|PIVF.Web.Api.EMR.FemaleHistoryController|Controller Name: FemaleHistory,Action: POST,Method: InsertFemaleHistory,User: admin,UnitID:2
2023-11-27 12:03:06.8074|INFO|PIVF.Web.Api.EMR.FemaleHistoryController|Controller Name: FemaleHistory,Action: POST,Method: InsertFemaleHistory,User: admin,UnitID:2
2023-11-27 12:03:10.6145|INFO|PIVF.Web.Api.EMR.FemaleHistoryController|Controller Name: FemaleHistory,Action: GET,Method: LoadSpecificFemaleHistory,User: admin,UnitID:2
2023-11-27 12:03:10.6145|INFO|PIVF.Web.Api.EMR.FemaleHistoryController|Controller Name: FemaleHistory,Action: GET,Method: LoadSpecificFemaleHistory,User: admin,UnitID:2
2023-11-27 12:04:10.7048|INFO|PIVF.Web.Api.New_ART.NewARTController|Controller Name:NewART,Action:GET,Method:newCyclebtnFlag,User:admin,UnitID:2
2023-11-27 12:04:10.7048|INFO|PIVF.Web.Api.New_ART.NewARTController|Controller Name:NewART,Action:GET,Method:newCyclebtnFlag,User:admin,UnitID:2
2023-11-27 12:04:11.2078|INFO|PIVF.Web.Api.New_ART.NewARTController|Controller Name:NewART,Action:GET,Method:GetARTCycleList,User:admin,UnitID:2
2023-11-27 12:04:11.2078|INFO|PIVF.Web.Api.New_ART.NewARTController|Controller Name:NewART,Action:GET,Method:GetARTCycleList,User:admin,UnitID:2
2023-11-27 12:04:15.4855|INFO|PIVF.Web.Api.New_ART.NewARTController|Controller Name:NewART,Action:GET,Method:GetCycleOverview,User:admin,UnitID:2
2023-11-27 12:04:15.4855|INFO|PIVF.Web.Api.New_ART.NewARTController|Controller Name:NewART,Action:GET,Method:GetCycleOverview,User:admin,UnitID:2
2023-11-27 12:04:15.6504|INFO|PIVF.Web.Api.New_ART.NewARTController|Controller Name:NewART,Action:GET,Method:GetMedicalHistory,User:admin,UnitID:2
2023-11-27 12:04:15.6504|INFO|PIVF.Web.Api.New_ART.NewARTController|Controller Name:NewART,Action:GET,Method:GetMedicalHistory,User:admin,UnitID:2
2023-11-27 12:04:18.1585|INFO|PIVF.Web.Api.New_ART.NewARTController|Controller Name:NewART,Action:GET,Method:GetDetails,User:admin,UnitID:2
2023-11-27 12:04:18.1585|INFO|PIVF.Web.Api.New_ART.NewARTController|Controller Name:NewART,Action:GET,Method:GetDetails,User:admin,UnitID:2
2023-11-27 12:05:47.5597|INFO|PIVF.Web.Api.Master.Common.CommonController|Controller Name:Common,Action:GET,Method:GetActiveVisitByPatient,User:admin,UnitID:2
2023-11-27 12:05:47.5597|INFO|PIVF.Web.Api.Master.Common.CommonController|Controller Name:Common,Action:GET,Method:GetActiveVisitByPatient,User:admin,UnitID:2
2023-11-27 12:05:48.8029|INFO|PIVF.Web.Api.Master.Common.CommonController|Controller Name:Common,Action:GET,Method:GetActiveVisitByPatient,User:admin,UnitID:2
2023-11-27 12:05:48.8029|INFO|PIVF.Web.Api.Master.Common.CommonController|Controller Name:Common,Action:GET,Method:GetActiveVisitByPatient,User:admin,UnitID:2
2023-11-27 12:05:49.7676|INFO|PIVF.Web.Api.EMR.LandingPage.EMRLandingPageAPIController|Controller Name:EMRLandingPageAPI,Action:GET,Method:GetEMRLandingPageData,User:admin,UnitID:2
2023-11-27 12:05:49.7676|INFO|PIVF.Web.Api.EMR.LandingPage.EMRLandingPageAPIController|Controller Name:EMRLandingPageAPI,Action:GET,Method:GetEMRLandingPageData,User:admin,UnitID:2
2023-11-27 12:05:51.0305|INFO|PIVF.Web.Api.Master.Common.CommonController|Controller Name:Common,Action:POST,Method:PutSelectedvisitByPatient,User:admin,UnitID:2
2023-11-27 12:05:51.0305|INFO|PIVF.Web.Api.Master.Common.CommonController|Controller Name:Common,Action:POST,Method:PutSelectedvisitByPatient,User:admin,UnitID:2
2023-11-27 12:05:53.2255|INFO|PIVF.Web.Api.New_ART.NewARTController|Controller Name:NewART,Action:GET,Method:GetARTCycleList,User:admin,UnitID:2
2023-11-27 12:05:53.2255|INFO|PIVF.Web.Api.New_ART.NewARTController|Controller Name:NewART,Action:GET,Method:GetARTCycleList,User:admin,UnitID:2
2023-11-27 12:05:53.7279|INFO|PIVF.Web.Api.New_ART.NewARTController|Controller Name:NewART,Action:GET,Method:newCyclebtnFlag,User:admin,UnitID:2
2023-11-27 12:05:53.7279|INFO|PIVF.Web.Api.New_ART.NewARTController|Controller Name:NewART,Action:GET,Method:newCyclebtnFlag,User:admin,UnitID:2
2023-11-27 12:05:57.1915|INFO|PIVF.Web.Api.New_ART.NewARTController|Controller Name:NewART,Action:GET,Method:GetCycleOverview,User:admin,UnitID:2
2023-11-27 12:05:57.1915|INFO|PIVF.Web.Api.New_ART.NewARTController|Controller Name:NewART,Action:GET,Method:GetCycleOverview,User:admin,UnitID:2
2023-11-27 12:05:57.9581|INFO|PIVF.Web.Api.New_ART.NewARTController|Controller Name:NewART,Action:GET,Method:GetMedicalHistory,User:admin,UnitID:2
2023-11-27 12:05:57.9581|INFO|PIVF.Web.Api.New_ART.NewARTController|Controller Name:NewART,Action:GET,Method:GetMedicalHistory,User:admin,UnitID:2
2023-11-27 12:06:01.3912|INFO|PIVF.Web.Api.New_ART.NewARTController|Controller Name:NewART,Action:GET,Method:GetDetails,User:admin,UnitID:2
2023-11-27 12:06:01.3912|INFO|PIVF.Web.Api.New_ART.NewARTController|Controller Name:NewART,Action:GET,Method:GetDetails,User:admin,UnitID:2
2023-11-27 12:06:03.0564|INFO|PIVF.Web.Api.ARTMgmt.IUI.IUIAPIController|Controller Name:IUIAPI,Action:GET,Method:GetIUIDetails,User:admin,UnitID:2
2023-11-27 12:06:03.0564|INFO|PIVF.Web.Api.ARTMgmt.IUI.IUIAPIController|Controller Name:IUIAPI,Action:GET,Method:GetIUIDetails,User:admin,UnitID:2
2023-11-27 12:06:48.7416|INFO|PIVF.Web.Api.Master.Common.CommonController|Controller Name:Common,Action:GET,Method:GetActiveVisitByPatient,User:admin,UnitID:2
2023-11-27 12:06:48.7416|INFO|PIVF.Web.Api.Master.Common.CommonController|Controller Name:Common,Action:GET,Method:GetActiveVisitByPatient,User:admin,UnitID:2
2023-11-27 12:06:49.6286|INFO|PIVF.Web.Api.Master.Common.CommonController|Controller Name:Common,Action:GET,Method:GetActiveVisitByPatient,User:admin,UnitID:2
2023-11-27 12:06:49.6286|INFO|PIVF.Web.Api.Master.Common.CommonController|Controller Name:Common,Action:GET,Method:GetActiveVisitByPatient,User:admin,UnitID:2
2023-11-27 12:06:50.5621|INFO|PIVF.Web.Api.EMR.LandingPage.EMRLandingPageAPIController|Controller Name:EMRLandingPageAPI,Action:GET,Method:GetEMRLandingPageData,User:admin,UnitID:2
2023-11-27 12:06:50.5621|INFO|PIVF.Web.Api.EMR.LandingPage.EMRLandingPageAPIController|Controller Name:EMRLandingPageAPI,Action:GET,Method:GetEMRLandingPageData,User:admin,UnitID:2
2023-11-27 12:06:52.8333|INFO|PIVF.Web.Api.Master.Common.CommonController|Controller Name:Common,Action:POST,Method:PutSelectedvisitByPatient,User:admin,UnitID:2
2023-11-27 12:06:52.8333|INFO|PIVF.Web.Api.Master.Common.CommonController|Controller Name:Common,Action:POST,Method:PutSelectedvisitByPatient,User:admin,UnitID:2
2023-11-27 12:06:54.2313|INFO|PIVF.Web.Api.New_ART.NewARTController|Controller Name:NewART,Action:GET,Method:newCyclebtnFlag,User:admin,UnitID:2
2023-11-27 12:06:54.2313|INFO|PIVF.Web.Api.New_ART.NewARTController|Controller Name:NewART,Action:GET,Method:newCyclebtnFlag,User:admin,UnitID:2
2023-11-27 12:06:55.7701|INFO|PIVF.Web.Api.New_ART.NewARTController|Controller Name:NewART,Action:GET,Method:GetARTCycleList,User:admin,UnitID:2
2023-11-27 12:06:55.7701|INFO|PIVF.Web.Api.New_ART.NewARTController|Controller Name:NewART,Action:GET,Method:GetARTCycleList,User:admin,UnitID:2
2023-11-27 12:06:58.6588|INFO|PIVF.Web.Api.New_ART.NewARTController|Controller Name:NewART,Action:GET,Method:GetCycleOverview,User:admin,UnitID:2
2023-11-27 12:06:58.6588|INFO|PIVF.Web.Api.New_ART.NewARTController|Controller Name:NewART,Action:GET,Method:GetCycleOverview,User:admin,UnitID:2
2023-11-27 12:06:58.8295|INFO|PIVF.Web.Api.New_ART.NewARTController|Controller Name:NewART,Action:GET,Method:GetMedicalHistory,User:admin,UnitID:2
2023-11-27 12:06:58.8295|INFO|PIVF.Web.Api.New_ART.NewARTController|Controller Name:NewART,Action:GET,Method:GetMedicalHistory,User:admin,UnitID:2
2023-11-27 12:06:59.8512|INFO|PIVF.Web.Api.ARTMgmt.IUI.IUIAPIController|Controller Name:IUIAPI,Action:GET,Method:GetIUIDetails,User:admin,UnitID:2
2023-11-27 12:06:59.8512|INFO|PIVF.Web.Api.ARTMgmt.IUI.IUIAPIController|Controller Name:IUIAPI,Action:GET,Method:GetIUIDetails,User:admin,UnitID:2
2023-11-27 12:07:01.3261|INFO|PIVF.Web.Api.New_ART.NewARTController|Controller Name:NewART,Action:GET,Method:GetDetails,User:admin,UnitID:2
2023-11-27 12:07:01.3261|INFO|PIVF.Web.Api.New_ART.NewARTController|Controller Name:NewART,Action:GET,Method:GetDetails,User:admin,UnitID:2
2023-11-27 12:08:13.7005|INFO|PIVF.Web.Api.Master.Common.CommonController|Controller Name:Common,Action:GET,Method:GetActiveVisitByPatient,User:admin,UnitID:2
2023-11-27 12:08:13.7005|INFO|PIVF.Web.Api.Master.Common.CommonController|Controller Name:Common,Action:GET,Method:GetActiveVisitByPatient,User:admin,UnitID:2
2023-11-27 12:08:13.7194|INFO|PIVF.Web.Api.Master.Common.CommonController|Controller Name:Common,Action:GET,Method:GetActiveVisitByPatient,User:admin,UnitID:2
2023-11-27 12:08:13.7194|INFO|PIVF.Web.Api.Master.Common.CommonController|Controller Name:Common,Action:GET,Method:GetActiveVisitByPatient,User:admin,UnitID:2
2023-11-27 12:08:14.6512|INFO|PIVF.Web.Api.EMR.LandingPage.EMRLandingPageAPIController|Controller Name:EMRLandingPageAPI,Action:GET,Method:GetEMRLandingPageData,User:admin,UnitID:2
2023-11-27 12:08:14.6512|INFO|PIVF.Web.Api.EMR.LandingPage.EMRLandingPageAPIController|Controller Name:EMRLandingPageAPI,Action:GET,Method:GetEMRLandingPageData,User:admin,UnitID:2
2023-11-27 12:08:16.8152|INFO|PIVF.Web.Api.Master.Common.CommonController|Controller Name:Common,Action:POST,Method:PutSelectedvisitByPatient,User:admin,UnitID:2
2023-11-27 12:08:16.8152|INFO|PIVF.Web.Api.Master.Common.CommonController|Controller Name:Common,Action:POST,Method:PutSelectedvisitByPatient,User:admin,UnitID:2
2023-11-27 12:08:22.4750|INFO|PIVF.Web.Api.New_ART.NewARTController|Controller Name:NewART,Action:GET,Method:newCyclebtnFlag,User:admin,UnitID:2
2023-11-27 12:08:22.4750|INFO|PIVF.Web.Api.New_ART.NewARTController|Controller Name:NewART,Action:GET,Method:newCyclebtnFlag,User:admin,UnitID:2
2023-11-27 12:08:23.4925|INFO|PIVF.Web.Api.New_ART.NewARTController|Controller Name:NewART,Action:GET,Method:GetARTCycleList,User:admin,UnitID:2
2023-11-27 12:08:23.4925|INFO|PIVF.Web.Api.New_ART.NewARTController|Controller Name:NewART,Action:GET,Method:GetARTCycleList,User:admin,UnitID:2
2023-11-27 12:08:25.9510|INFO|PIVF.Web.Api.New_ART.NewARTController|Controller Name:NewART,Action:GET,Method:GetCycleOverview,User:admin,UnitID:2
2023-11-27 12:08:25.9510|INFO|PIVF.Web.Api.New_ART.NewARTController|Controller Name:NewART,Action:GET,Method:GetCycleOverview,User:admin,UnitID:2
2023-11-27 12:08:26.1289|INFO|PIVF.Web.Api.New_ART.NewARTController|Controller Name:NewART,Action:GET,Method:GetMedicalHistory,User:admin,UnitID:2
2023-11-27 12:08:26.1289|INFO|PIVF.Web.Api.New_ART.NewARTController|Controller Name:NewART,Action:GET,Method:GetMedicalHistory,User:admin,UnitID:2
2023-11-27 12:08:27.9921|INFO|PIVF.Web.Api.ARTMgmt.IUI.IUIAPIController|Controller Name:IUIAPI,Action:GET,Method:GetIUIDetails,User:admin,UnitID:2
2023-11-27 12:08:27.9921|INFO|PIVF.Web.Api.ARTMgmt.IUI.IUIAPIController|Controller Name:IUIAPI,Action:GET,Method:GetIUIDetails,User:admin,UnitID:2
2023-11-27 12:08:28.6277|INFO|PIVF.Web.Api.New_ART.NewARTController|Controller Name:NewART,Action:GET,Method:GetDetails,User:admin,UnitID:2
2023-11-27 12:08:28.6277|INFO|PIVF.Web.Api.New_ART.NewARTController|Controller Name:NewART,Action:GET,Method:GetDetails,User:admin,UnitID:2
2023-11-27 12:08:50.2706|INFO|PIVF.Web.Api.Master.Common.CommonController|Controller Name:Common,Action:GET,Method:GetActiveVisitByPatient,User:admin,UnitID:2
2023-11-27 12:08:50.2706|INFO|PIVF.Web.Api.Master.Common.CommonController|Controller Name:Common,Action:GET,Method:GetActiveVisitByPatient,User:admin,UnitID:2
2023-11-27 12:08:51.3713|INFO|PIVF.Web.Api.Master.Common.CommonController|Controller Name:Common,Action:GET,Method:GetActiveVisitByPatient,User:admin,UnitID:2
2023-11-27 12:08:51.3713|INFO|PIVF.Web.Api.Master.Common.CommonController|Controller Name:Common,Action:GET,Method:GetActiveVisitByPatient,User:admin,UnitID:2
2023-11-27 12:08:52.3205|INFO|PIVF.Web.Api.EMR.LandingPage.EMRLandingPageAPIController|Controller Name:EMRLandingPageAPI,Action:GET,Method:GetEMRLandingPageData,User:admin,UnitID:2
2023-11-27 12:08:52.3205|INFO|PIVF.Web.Api.EMR.LandingPage.EMRLandingPageAPIController|Controller Name:EMRLandingPageAPI,Action:GET,Method:GetEMRLandingPageData,User:admin,UnitID:2
2023-11-27 12:08:54.1200|INFO|PIVF.Web.Api.Master.Common.CommonController|Controller Name:Common,Action:POST,Method:PutSelectedvisitByPatient,User:admin,UnitID:2
2023-11-27 12:08:54.1200|INFO|PIVF.Web.Api.Master.Common.CommonController|Controller Name:Common,Action:POST,Method:PutSelectedvisitByPatient,User:admin,UnitID:2
2023-11-27 12:08:54.9062|INFO|PIVF.Web.Api.New_ART.NewARTController|Controller Name:NewART,Action:GET,Method:GetARTCycleList,User:admin,UnitID:2
2023-11-27 12:08:54.9062|INFO|PIVF.Web.Api.New_ART.NewARTController|Controller Name:NewART,Action:GET,Method:GetARTCycleList,User:admin,UnitID:2
2023-11-27 12:08:55.8796|INFO|PIVF.Web.Api.New_ART.NewARTController|Controller Name:NewART,Action:GET,Method:newCyclebtnFlag,User:admin,UnitID:2
2023-11-27 12:08:55.8796|INFO|PIVF.Web.Api.New_ART.NewARTController|Controller Name:NewART,Action:GET,Method:newCyclebtnFlag,User:admin,UnitID:2
2023-11-27 12:08:58.9122|INFO|PIVF.Web.Api.New_ART.NewARTController|Controller Name:NewART,Action:GET,Method:GetCycleOverview,User:admin,UnitID:2
2023-11-27 12:08:58.9122|INFO|PIVF.Web.Api.New_ART.NewARTController|Controller Name:NewART,Action:GET,Method:GetCycleOverview,User:admin,UnitID:2
2023-11-27 12:08:59.0280|INFO|PIVF.Web.Api.New_ART.NewARTController|Controller Name:NewART,Action:GET,Method:GetMedicalHistory,User:admin,UnitID:2
2023-11-27 12:08:59.0280|INFO|PIVF.Web.Api.New_ART.NewARTController|Controller Name:NewART,Action:GET,Method:GetMedicalHistory,User:admin,UnitID:2
2023-11-27 12:08:59.8299|INFO|PIVF.Web.Api.ARTMgmt.IUI.IUIAPIController|Controller Name:IUIAPI,Action:GET,Method:GetIUIDetails,User:admin,UnitID:2
2023-11-27 12:08:59.8299|INFO|PIVF.Web.Api.ARTMgmt.IUI.IUIAPIController|Controller Name:IUIAPI,Action:GET,Method:GetIUIDetails,User:admin,UnitID:2
2023-11-27 12:09:01.5337|INFO|PIVF.Web.Api.New_ART.NewARTController|Controller Name:NewART,Action:GET,Method:GetDetails,User:admin,UnitID:2
2023-11-27 12:09:01.5337|INFO|PIVF.Web.Api.New_ART.NewARTController|Controller Name:NewART,Action:GET,Method:GetDetails,User:admin,UnitID:2
2023-11-27 12:09:08.5390|INFO|PIVF.Web.Api.Master.Common.CommonController|Controller Name:Common,Action:GET,Method:GetActiveVisitByPatient,User:admin,UnitID:2
2023-11-27 12:09:08.5390|INFO|PIVF.Web.Api.Master.Common.CommonController|Controller Name:Common,Action:GET,Method:GetActiveVisitByPatient,User:admin,UnitID:2
2023-11-27 12:11:22.6458|INFO|PIVF.Web.Api.ARTMgmt.IUI.IUIAPIController|Controller Name:IUIAPI,Action:POST,Method:SaveUpdate,User:admin,UnitID:2
2023-11-27 12:11:22.6458|INFO|PIVF.Web.Api.ARTMgmt.IUI.IUIAPIController|Controller Name:IUIAPI,Action:POST,Method:SaveUpdate,User:admin,UnitID:2
2023-11-27 12:11:22.6937|INFO|PIVF.Web.Api.ARTMgmt.IUI.IUIAPIController|Controller Name:IUIAPI,Action:GET,Method:GetIUIDetails,User:admin,UnitID:2
2023-11-27 12:11:22.6937|INFO|PIVF.Web.Api.ARTMgmt.IUI.IUIAPIController|Controller Name:IUIAPI,Action:GET,Method:GetIUIDetails,User:admin,UnitID:2
2023-11-27 12:13:59.0320|INFO|PIVF.Web.Api.ARTMgmt.IUI.IUIAPIController|Controller Name:IUIAPI,Action:POST,Method:SaveUpdate,User:admin,UnitID:2
2023-11-27 12:13:59.0320|INFO|PIVF.Web.Api.ARTMgmt.IUI.IUIAPIController|Controller Name:IUIAPI,Action:POST,Method:SaveUpdate,User:admin,UnitID:2
2023-11-27 12:14:00.4536|INFO|PIVF.Web.Api.ARTMgmt.IUI.IUIAPIController|Controller Name:IUIAPI,Action:GET,Method:GetIUIDetails,User:admin,UnitID:2
2023-11-27 12:14:00.4536|INFO|PIVF.Web.Api.ARTMgmt.IUI.IUIAPIController|Controller Name:IUIAPI,Action:GET,Method:GetIUIDetails,User:admin,UnitID:2
2023-11-27 12:16:42.7046|INFO|PIVF.Web.Api.ARTMgmt.IUI.IUIAPIController|Controller Name:IUIAPI,Action:POST,Method:SaveUpdate,User:admin,UnitID:2
2023-11-27 12:16:42.7046|INFO|PIVF.Web.Api.ARTMgmt.IUI.IUIAPIController|Controller Name:IUIAPI,Action:POST,Method:SaveUpdate,User:admin,UnitID:2
2023-11-27 12:16:46.5714|INFO|PIVF.Web.Api.ARTMgmt.IUI.IUIAPIController|Controller Name:IUIAPI,Action:GET,Method:GetIUIDetails,User:admin,UnitID:2
2023-11-27 12:16:46.5714|INFO|PIVF.Web.Api.ARTMgmt.IUI.IUIAPIController|Controller Name:IUIAPI,Action:GET,Method:GetIUIDetails,User:admin,UnitID:2
2023-11-27 12:17:46.0070|INFO|PIVF.Web.Api.Master.Common.CommonController|1_Controller Name:CommonController,Action:HttpGet,Method:GetDoctorsList,User:admin,UnitID:2
2023-11-27 12:17:46.0070|INFO|PIVF.Web.Api.Master.Common.CommonController|1_Controller Name:CommonController,Action:HttpGet,Method:GetDoctorsList,User:admin,UnitID:2
2023-11-27 12:17:46.0709|INFO|PIVF.Web.Api.Master.Common.CommonController|1_Controller Name:CommonController,Action:HttpGet,Method:GetSpeclRegTypeList,User:admin,UnitID:2
2023-11-27 12:17:46.0709|INFO|PIVF.Web.Api.Master.Common.CommonController|1_Controller Name:CommonController,Action:HttpGet,Method:GetSpeclRegTypeList,User:admin,UnitID:2
2023-11-27 12:17:46.0928|INFO|PIVF.Web.Api.QueueMgt.QueueMgtController|Controller Name:QueueMgt,Action:HttpPost,Method:GetQueueList,User:admin,UnitID:2
2023-11-27 12:17:46.0928|INFO|PIVF.Web.Api.QueueMgt.QueueMgtController|Controller Name:QueueMgt,Action:HttpPost,Method:GetQueueList,User:admin,UnitID:2
2023-11-27 12:17:46.5159|INFO|PIVF.Web.Api.Master.Common.CommonController|1_Controller Name:CommonController,Action:HttpGet,Method:GetDepartmentList,User:admin,UnitID:2
2023-11-27 12:17:46.5159|INFO|PIVF.Web.Api.Master.Common.CommonController|1_Controller Name:CommonController,Action:HttpGet,Method:GetDepartmentList,User:admin,UnitID:2
2023-11-27 12:17:47.0388|INFO|PIVF.Web.Api.Master.Configuration.UserAPIController|Controller Name:UserAPI,Action:HttpGet,Method:GetGrandParentList,User:admin,UnitID:2
2023-11-27 12:17:47.0388|INFO|PIVF.Web.Api.Master.Configuration.UserAPIController|Controller Name:UserAPI,Action:HttpGet,Method:GetGrandParentList,User:admin,UnitID:2
2023-11-27 12:17:48.0627|INFO|PIVF.Web.Api.Master.Configuration.UserAPIController|Controller Name:UserAPI,Action:HttpGet,Method:GetUserRoleRights,User:admin,UnitID:2
2023-11-27 12:17:48.0627|INFO|PIVF.Web.Api.Master.Configuration.UserAPIController|Controller Name:UserAPI,Action:HttpGet,Method:GetUserRoleRights,User:admin,UnitID:2
2023-11-27 12:17:48.3115|INFO|PIVF.Web.Api.Master.Configuration.UserAPIController|Controller Name:UserAPI,Action:HttpGet,Method:GetParentList,User:admin,UnitID:2
2023-11-27 12:17:48.3115|INFO|PIVF.Web.Api.Master.Configuration.UserAPIController|Controller Name:UserAPI,Action:HttpGet,Method:GetParentList,User:admin,UnitID:2
2023-11-27 12:17:48.3357|INFO|PIVF.Web.Api.Master.Configuration.UserAPIController|Controller Name:UserAPI,Action:HttpGet,Method:GetParentList,User:admin,UnitID:2
2023-11-27 12:17:48.3357|INFO|PIVF.Web.Api.Master.Configuration.UserAPIController|Controller Name:UserAPI,Action:HttpGet,Method:GetParentList,User:admin,UnitID:2
2023-11-27 12:18:03.3120|INFO|PIVF.Web.Api.Master.Common.CommonController|Controller Name:Common,Action:GET,Method:GetActiveVisitByPatient,User:admin,UnitID:2
2023-11-27 12:18:03.3120|INFO|PIVF.Web.Api.Master.Common.CommonController|Controller Name:Common,Action:GET,Method:GetActiveVisitByPatient,User:admin,UnitID:2
2023-11-27 12:18:05.4804|INFO|PIVF.Web.Api.Master.Common.CommonController|Controller Name:Common,Action:GET,Method:GetActiveVisitByPatient,User:admin,UnitID:2
2023-11-27 12:18:05.4804|INFO|PIVF.Web.Api.Master.Common.CommonController|Controller Name:Common,Action:GET,Method:GetActiveVisitByPatient,User:admin,UnitID:2
2023-11-27 12:18:06.6404|INFO|PIVF.Web.Api.EMR.LandingPage.EMRLandingPageAPIController|Controller Name:EMRLandingPageAPI,Action:GET,Method:GetEMRLandingPageData,User:admin,UnitID:2
2023-11-27 12:18:06.6404|INFO|PIVF.Web.Api.EMR.LandingPage.EMRLandingPageAPIController|Controller Name:EMRLandingPageAPI,Action:GET,Method:GetEMRLandingPageData,User:admin,UnitID:2
2023-11-27 12:18:07.2463|INFO|PIVF.Web.Api.Master.Common.CommonController|Controller Name:Common,Action:POST,Method:PutSelectedvisitByPatient,User:admin,UnitID:2
2023-11-27 12:18:07.2463|INFO|PIVF.Web.Api.Master.Common.CommonController|Controller Name:Common,Action:POST,Method:PutSelectedvisitByPatient,User:admin,UnitID:2
2023-11-27 12:18:14.3124|INFO|PIVF.Web.Api.New_ART.NewARTController|Controller Name:NewART,Action:GET,Method:GetARTCycleList,User:admin,UnitID:2
2023-11-27 12:18:14.3124|INFO|PIVF.Web.Api.New_ART.NewARTController|Controller Name:NewART,Action:GET,Method:GetARTCycleList,User:admin,UnitID:2
2023-11-27 12:18:15.8467|INFO|PIVF.Web.Api.New_ART.NewARTController|Controller Name:NewART,Action:GET,Method:newCyclebtnFlag,User:admin,UnitID:2
2023-11-27 12:18:15.8467|INFO|PIVF.Web.Api.New_ART.NewARTController|Controller Name:NewART,Action:GET,Method:newCyclebtnFlag,User:admin,UnitID:2
2023-11-27 12:18:17.4649|INFO|PIVF.Web.Api.New_ART.NewARTController|Controller Name:NewART,Action:GET,Method:GetCycleOverview,User:admin,UnitID:2
2023-11-27 12:18:17.4649|INFO|PIVF.Web.Api.New_ART.NewARTController|Controller Name:NewART,Action:GET,Method:GetCycleOverview,User:admin,UnitID:2
2023-11-27 12:18:19.0163|INFO|PIVF.Web.Api.New_ART.NewARTController|Controller Name:NewART,Action:GET,Method:GetMedicalHistory,User:admin,UnitID:2
2023-11-27 12:18:19.0163|INFO|PIVF.Web.Api.New_ART.NewARTController|Controller Name:NewART,Action:GET,Method:GetMedicalHistory,User:admin,UnitID:2
2023-11-27 12:18:19.9912|INFO|PIVF.Web.Api.New_ART.NewARTController|Controller Name:NewART,Action:GET,Method:GetDetails,User:admin,UnitID:2
2023-11-27 12:18:19.9912|INFO|PIVF.Web.Api.New_ART.NewARTController|Controller Name:NewART,Action:GET,Method:GetDetails,User:admin,UnitID:2
2023-11-27 12:18:22.9036|INFO|PIVF.Web.Api.ARTMgmt.IUI.IUIAPIController|Controller Name:IUIAPI,Action:GET,Method:GetIUIDetails,User:admin,UnitID:2
2023-11-27 12:18:22.9036|INFO|PIVF.Web.Api.ARTMgmt.IUI.IUIAPIController|Controller Name:IUIAPI,Action:GET,Method:GetIUIDetails,User:admin,UnitID:2
2023-11-27 12:24:00.0569|INFO|PIVF.Web.Api.Master.Common.CommonController|1_Controller Name:CommonController,Action:HttpGet,Method:GetDepartmentList,User:admin,UnitID:2
2023-11-27 12:24:00.0569|INFO|PIVF.Web.Api.Master.Common.CommonController|1_Controller Name:CommonController,Action:HttpGet,Method:GetDepartmentList,User:admin,UnitID:2
2023-11-27 12:24:00.0768|INFO|PIVF.Web.Api.Master.Common.CommonController|1_Controller Name:CommonController,Action:HttpGet,Method:GetSpeclRegTypeList,User:admin,UnitID:2
2023-11-27 12:24:00.0768|INFO|PIVF.Web.Api.Master.Common.CommonController|1_Controller Name:CommonController,Action:HttpGet,Method:GetSpeclRegTypeList,User:admin,UnitID:2
2023-11-27 12:24:01.0136|INFO|PIVF.Web.Api.QueueMgt.QueueMgtController|Controller Name:QueueMgt,Action:HttpPost,Method:GetQueueList,User:admin,UnitID:2
2023-11-27 12:24:01.0136|INFO|PIVF.Web.Api.QueueMgt.QueueMgtController|Controller Name:QueueMgt,Action:HttpPost,Method:GetQueueList,User:admin,UnitID:2
2023-11-27 12:24:01.0885|INFO|PIVF.Web.Api.Master.Common.CommonController|1_Controller Name:CommonController,Action:HttpGet,Method:GetDoctorsList,User:admin,UnitID:2
2023-11-27 12:24:01.0885|INFO|PIVF.Web.Api.Master.Common.CommonController|1_Controller Name:CommonController,Action:HttpGet,Method:GetDoctorsList,User:admin,UnitID:2
2023-11-27 12:24:01.2600|INFO|PIVF.Web.Api.Master.Configuration.UserAPIController|Controller Name:UserAPI,Action:HttpGet,Method:GetParentList,User:admin,UnitID:2
2023-11-27 12:24:01.2600|INFO|PIVF.Web.Api.Master.Configuration.UserAPIController|Controller Name:UserAPI,Action:HttpGet,Method:GetParentList,User:admin,UnitID:2
2023-11-27 12:24:01.2918|INFO|PIVF.Web.Api.Master.Configuration.UserAPIController|Controller Name:UserAPI,Action:HttpGet,Method:GetParentList,User:admin,UnitID:2
2023-11-27 12:24:01.2918|INFO|PIVF.Web.Api.Master.Configuration.UserAPIController|Controller Name:UserAPI,Action:HttpGet,Method:GetParentList,User:admin,UnitID:2
2023-11-27 12:24:01.4633|INFO|PIVF.Web.Api.Master.Configuration.UserAPIController|Controller Name:UserAPI,Action:HttpGet,Method:GetUserRoleRights,User:admin,UnitID:2
2023-11-27 12:24:01.4633|INFO|PIVF.Web.Api.Master.Configuration.UserAPIController|Controller Name:UserAPI,Action:HttpGet,Method:GetUserRoleRights,User:admin,UnitID:2
2023-11-27 12:24:01.9650|INFO|PIVF.Web.Api.Master.Configuration.UserAPIController|Controller Name:UserAPI,Action:HttpGet,Method:GetGrandParentList,User:admin,UnitID:2
2023-11-27 12:24:01.9650|INFO|PIVF.Web.Api.Master.Configuration.UserAPIController|Controller Name:UserAPI,Action:HttpGet,Method:GetGrandParentList,User:admin,UnitID:2
2023-11-27 12:24:16.4139|INFO|PIVF.Web.Api.Master.Common.CommonController|Controller Name:Common,Action:GET,Method:GetActiveVisitByPatient,User:admin,UnitID:2
2023-11-27 12:24:16.4139|INFO|PIVF.Web.Api.Master.Common.CommonController|Controller Name:Common,Action:GET,Method:GetActiveVisitByPatient,User:admin,UnitID:2
2023-11-27 12:24:17.3310|INFO|PIVF.Web.Api.Master.Common.CommonController|Controller Name:Common,Action:GET,Method:GetActiveVisitByPatient,User:admin,UnitID:2
2023-11-27 12:24:17.3310|INFO|PIVF.Web.Api.Master.Common.CommonController|Controller Name:Common,Action:GET,Method:GetActiveVisitByPatient,User:admin,UnitID:2
2023-11-27 12:24:18.1682|INFO|PIVF.Web.Api.EMR.LandingPage.EMRLandingPageAPIController|Controller Name:EMRLandingPageAPI,Action:GET,Method:GetEMRLandingPageData,User:admin,UnitID:2
2023-11-27 12:24:18.1682|INFO|PIVF.Web.Api.EMR.LandingPage.EMRLandingPageAPIController|Controller Name:EMRLandingPageAPI,Action:GET,Method:GetEMRLandingPageData,User:admin,UnitID:2
2023-11-27 12:24:19.9111|INFO|PIVF.Web.Api.Master.Common.CommonController|Controller Name:Common,Action:POST,Method:PutSelectedvisitByPatient,User:admin,UnitID:2
2023-11-27 12:24:19.9111|INFO|PIVF.Web.Api.Master.Common.CommonController|Controller Name:Common,Action:POST,Method:PutSelectedvisitByPatient,User:admin,UnitID:2
2023-11-27 12:24:20.7106|INFO|PIVF.Web.Api.New_ART.NewARTController|Controller Name:NewART,Action:GET,Method:newCyclebtnFlag,User:admin,UnitID:2
2023-11-27 12:24:20.7106|INFO|PIVF.Web.Api.New_ART.NewARTController|Controller Name:NewART,Action:GET,Method:newCyclebtnFlag,User:admin,UnitID:2
2023-11-27 12:24:21.2270|INFO|PIVF.Web.Api.New_ART.NewARTController|Controller Name:NewART,Action:GET,Method:GetARTCycleList,User:admin,UnitID:2
2023-11-27 12:24:21.2270|INFO|PIVF.Web.Api.New_ART.NewARTController|Controller Name:NewART,Action:GET,Method:GetARTCycleList,User:admin,UnitID:2
2023-11-27 12:24:25.5244|INFO|PIVF.Web.Api.New_ART.NewARTController|Controller Name:NewART,Action:GET,Method:GetCycleOverview,User:admin,UnitID:2
2023-11-27 12:24:25.5244|INFO|PIVF.Web.Api.New_ART.NewARTController|Controller Name:NewART,Action:GET,Method:GetCycleOverview,User:admin,UnitID:2
2023-11-27 12:24:25.6192|INFO|PIVF.Web.Api.New_ART.NewARTController|Controller Name:NewART,Action:GET,Method:GetMedicalHistory,User:admin,UnitID:2
2023-11-27 12:24:25.6192|INFO|PIVF.Web.Api.New_ART.NewARTController|Controller Name:NewART,Action:GET,Method:GetMedicalHistory,User:admin,UnitID:2
2023-11-27 12:24:28.1254|INFO|PIVF.Web.Api.New_ART.NewARTController|Controller Name:NewART,Action:GET,Method:GetDetails,User:admin,UnitID:2
2023-11-27 12:24:28.1254|INFO|PIVF.Web.Api.New_ART.NewARTController|Controller Name:NewART,Action:GET,Method:GetDetails,User:admin,UnitID:2
2023-11-27 12:24:30.9794|INFO|PIVF.Web.Api.ARTMgmt.IUI.IUIAPIController|Controller Name:IUIAPI,Action:GET,Method:GetIUIDetails,User:admin,UnitID:2
2023-11-27 12:24:30.9794|INFO|PIVF.Web.Api.ARTMgmt.IUI.IUIAPIController|Controller Name:IUIAPI,Action:GET,Method:GetIUIDetails,User:admin,UnitID:2
2023-11-27 12:27:11.4031|INFO|PIVF.Web.Api.Master.Configuration.UserAPIController|Controller Name:UserAPI,Action:HttpGet,Method:GetGrandParentList,User:admin,UnitID:2
2023-11-27 12:27:11.4031|INFO|PIVF.Web.Api.Master.Configuration.UserAPIController|Controller Name:UserAPI,Action:HttpGet,Method:GetGrandParentList,User:admin,UnitID:2
2023-11-27 12:27:11.6379|INFO|PIVF.Web.Api.Master.Common.CommonController|1_Controller Name:CommonController,Action:HttpGet,Method:GetDepartmentList,User:admin,UnitID:2
2023-11-27 12:27:11.6379|INFO|PIVF.Web.Api.Master.Common.CommonController|1_Controller Name:CommonController,Action:HttpGet,Method:GetDepartmentList,User:admin,UnitID:2
2023-11-27 12:27:11.6494|INFO|PIVF.Web.Api.Master.Common.CommonController|1_Controller Name:CommonController,Action:HttpGet,Method:GetDoctorsList,User:admin,UnitID:2
2023-11-27 12:27:11.6494|INFO|PIVF.Web.Api.Master.Common.CommonController|1_Controller Name:CommonController,Action:HttpGet,Method:GetDoctorsList,User:admin,UnitID:2
2023-11-27 12:27:11.6983|INFO|PIVF.Web.Api.QueueMgt.QueueMgtController|Controller Name:QueueMgt,Action:HttpPost,Method:GetQueueList,User:admin,UnitID:2
2023-11-27 12:27:11.6983|INFO|PIVF.Web.Api.QueueMgt.QueueMgtController|Controller Name:QueueMgt,Action:HttpPost,Method:GetQueueList,User:admin,UnitID:2
2023-11-27 12:27:11.9683|INFO|PIVF.Web.Api.Master.Configuration.UserAPIController|Controller Name:UserAPI,Action:HttpGet,Method:GetUserRoleRights,User:admin,UnitID:2
2023-11-27 12:27:11.9683|INFO|PIVF.Web.Api.Master.Configuration.UserAPIController|Controller Name:UserAPI,Action:HttpGet,Method:GetUserRoleRights,User:admin,UnitID:2
2023-11-27 12:27:12.2885|INFO|PIVF.Web.Api.Master.Common.CommonController|1_Controller Name:CommonController,Action:HttpGet,Method:GetSpeclRegTypeList,User:admin,UnitID:2
2023-11-27 12:27:12.2885|INFO|PIVF.Web.Api.Master.Common.CommonController|1_Controller Name:CommonController,Action:HttpGet,Method:GetSpeclRegTypeList,User:admin,UnitID:2
2023-11-27 12:27:13.8531|INFO|PIVF.Web.Api.Master.Configuration.UserAPIController|Controller Name:UserAPI,Action:HttpGet,Method:GetParentList,User:admin,UnitID:2
2023-11-27 12:27:13.8531|INFO|PIVF.Web.Api.Master.Configuration.UserAPIController|Controller Name:UserAPI,Action:HttpGet,Method:GetParentList,User:admin,UnitID:2
2023-11-27 12:27:13.9179|INFO|PIVF.Web.Api.Master.Configuration.UserAPIController|Controller Name:UserAPI,Action:HttpGet,Method:GetParentList,User:admin,UnitID:2
2023-11-27 12:27:13.9179|INFO|PIVF.Web.Api.Master.Configuration.UserAPIController|Controller Name:UserAPI,Action:HttpGet,Method:GetParentList,User:admin,UnitID:2
2023-11-27 12:27:20.1448|INFO|PIVF.Web.Api.Master.Common.CommonController|Controller Name:Common,Action:GET,Method:GetActiveVisitByPatient,User:admin,UnitID:2
2023-11-27 12:27:20.1448|INFO|PIVF.Web.Api.Master.Common.CommonController|Controller Name:Common,Action:GET,Method:GetActiveVisitByPatient,User:admin,UnitID:2
2023-11-27 12:27:20.8983|INFO|PIVF.Web.Api.Master.Common.CommonController|Controller Name:Common,Action:GET,Method:GetActiveVisitByPatient,User:admin,UnitID:2
2023-11-27 12:27:20.8983|INFO|PIVF.Web.Api.Master.Common.CommonController|Controller Name:Common,Action:GET,Method:GetActiveVisitByPatient,User:admin,UnitID:2
2023-11-27 12:27:21.7176|INFO|PIVF.Web.Api.EMR.LandingPage.EMRLandingPageAPIController|Controller Name:EMRLandingPageAPI,Action:GET,Method:GetEMRLandingPageData,User:admin,UnitID:2
2023-11-27 12:27:21.7176|INFO|PIVF.Web.Api.EMR.LandingPage.EMRLandingPageAPIController|Controller Name:EMRLandingPageAPI,Action:GET,Method:GetEMRLandingPageData,User:admin,UnitID:2
2023-11-27 12:27:23.9181|INFO|PIVF.Web.Api.Master.Common.CommonController|Controller Name:Common,Action:POST,Method:PutSelectedvisitByPatient,User:admin,UnitID:2
2023-11-27 12:27:23.9181|INFO|PIVF.Web.Api.Master.Common.CommonController|Controller Name:Common,Action:POST,Method:PutSelectedvisitByPatient,User:admin,UnitID:2
2023-11-27 12:27:25.0632|INFO|PIVF.Web.Api.New_ART.NewARTController|Controller Name:NewART,Action:GET,Method:newCyclebtnFlag,User:admin,UnitID:2
2023-11-27 12:27:25.0632|INFO|PIVF.Web.Api.New_ART.NewARTController|Controller Name:NewART,Action:GET,Method:newCyclebtnFlag,User:admin,UnitID:2
2023-11-27 12:27:25.0750|INFO|PIVF.Web.Api.New_ART.NewARTController|Controller Name:NewART,Action:GET,Method:GetARTCycleList,User:admin,UnitID:2
2023-11-27 12:27:25.0750|INFO|PIVF.Web.Api.New_ART.NewARTController|Controller Name:NewART,Action:GET,Method:GetARTCycleList,User:admin,UnitID:2
2023-11-27 12:27:27.1101|INFO|PIVF.Web.Api.New_ART.NewARTController|Controller Name:NewART,Action:GET,Method:GetCycleOverview,User:admin,UnitID:2
2023-11-27 12:27:27.1101|INFO|PIVF.Web.Api.New_ART.NewARTController|Controller Name:NewART,Action:GET,Method:GetCycleOverview,User:admin,UnitID:2
2023-11-27 12:27:27.5368|INFO|PIVF.Web.Api.New_ART.NewARTController|Controller Name:NewART,Action:GET,Method:GetMedicalHistory,User:admin,UnitID:2
2023-11-27 12:27:27.5368|INFO|PIVF.Web.Api.New_ART.NewARTController|Controller Name:NewART,Action:GET,Method:GetMedicalHistory,User:admin,UnitID:2
2023-11-27 12:27:30.5023|INFO|PIVF.Web.Api.ARTMgmt.IUI.IUIAPIController|Controller Name:IUIAPI,Action:GET,Method:GetIUIDetails,User:admin,UnitID:2
2023-11-27 12:27:30.5023|INFO|PIVF.Web.Api.ARTMgmt.IUI.IUIAPIController|Controller Name:IUIAPI,Action:GET,Method:GetIUIDetails,User:admin,UnitID:2
2023-11-27 12:27:51.6595|INFO|PIVF.Web.Api.ARTMgmt.IUI.IUIAPIController|Controller Name:IUIAPI,Action:POST,Method:SaveUpdate,User:admin,UnitID:2
2023-11-27 12:27:51.6595|INFO|PIVF.Web.Api.ARTMgmt.IUI.IUIAPIController|Controller Name:IUIAPI,Action:POST,Method:SaveUpdate,User:admin,UnitID:2
2023-11-27 12:27:51.7053|INFO|PIVF.Web.Api.ARTMgmt.IUI.IUIAPIController|Controller Name:IUIAPI,Action:GET,Method:GetIUIDetails,User:admin,UnitID:2
2023-11-27 12:27:51.7053|INFO|PIVF.Web.Api.ARTMgmt.IUI.IUIAPIController|Controller Name:IUIAPI,Action:GET,Method:GetIUIDetails,User:admin,UnitID:2
2023-11-27 12:31:18.4986|INFO|PIVF.Web.Api.ARTMgmt.IUI.IUIAPIController|Controller Name:IUIAPI,Action:POST,Method:SaveUpdate,User:admin,UnitID:2
2023-11-27 12:31:18.4986|INFO|PIVF.Web.Api.ARTMgmt.IUI.IUIAPIController|Controller Name:IUIAPI,Action:POST,Method:SaveUpdate,User:admin,UnitID:2
2023-11-27 12:33:57.6153|INFO|PIVF.Web.Api.ARTMgmt.IUI.IUIAPIController|Controller Name:IUIAPI,Action:GET,Method:GetIUIDetails,User:admin,UnitID:2
2023-11-27 12:33:57.6153|INFO|PIVF.Web.Api.ARTMgmt.IUI.IUIAPIController|Controller Name:IUIAPI,Action:GET,Method:GetIUIDetails,User:admin,UnitID:2
2023-11-27 12:42:04.3654|INFO|PIVF.Web.Api.Master.Configuration.UserAPIController|Controller Name:UserAPI,Action:HttpGet,Method:GetGrandParentList,User:admin,UnitID:2
2023-11-27 12:42:04.3654|INFO|PIVF.Web.Api.Master.Configuration.UserAPIController|Controller Name:UserAPI,Action:HttpGet,Method:GetGrandParentList,User:admin,UnitID:2
2023-11-27 12:42:04.7864|INFO|PIVF.Web.Api.Master.Common.CommonController|1_Controller Name:CommonController,Action:HttpGet,Method:GetDepartmentList,User:admin,UnitID:2
2023-11-27 12:42:04.7864|INFO|PIVF.Web.Api.Master.Common.CommonController|1_Controller Name:CommonController,Action:HttpGet,Method:GetDepartmentList,User:admin,UnitID:2
2023-11-27 12:42:04.8235|INFO|PIVF.Web.Api.QueueMgt.QueueMgtController|Controller Name:QueueMgt,Action:HttpPost,Method:GetQueueList,User:admin,UnitID:2
2023-11-27 12:42:04.8235|INFO|PIVF.Web.Api.QueueMgt.QueueMgtController|Controller Name:QueueMgt,Action:HttpPost,Method:GetQueueList,User:admin,UnitID:2
2023-11-27 12:42:05.3547|INFO|PIVF.Web.Api.Master.Common.CommonController|1_Controller Name:CommonController,Action:HttpGet,Method:GetDoctorsList,User:admin,UnitID:2
2023-11-27 12:42:05.3547|INFO|PIVF.Web.Api.Master.Common.CommonController|1_Controller Name:CommonController,Action:HttpGet,Method:GetDoctorsList,User:admin,UnitID:2
2023-11-27 12:42:05.4607|INFO|PIVF.Web.Api.Master.Common.CommonController|1_Controller Name:CommonController,Action:HttpGet,Method:GetSpeclRegTypeList,User:admin,UnitID:2
2023-11-27 12:42:05.4607|INFO|PIVF.Web.Api.Master.Common.CommonController|1_Controller Name:CommonController,Action:HttpGet,Method:GetSpeclRegTypeList,User:admin,UnitID:2
2023-11-27 12:42:05.9237|INFO|PIVF.Web.Api.Master.Configuration.UserAPIController|Controller Name:UserAPI,Action:HttpGet,Method:GetUserRoleRights,User:admin,UnitID:2
2023-11-27 12:42:05.9237|INFO|PIVF.Web.Api.Master.Configuration.UserAPIController|Controller Name:UserAPI,Action:HttpGet,Method:GetUserRoleRights,User:admin,UnitID:2
2023-11-27 12:42:07.6657|INFO|PIVF.Web.Api.Master.Configuration.UserAPIController|Controller Name:UserAPI,Action:HttpGet,Method:GetParentList,User:admin,UnitID:2
2023-11-27 12:42:07.6657|INFO|PIVF.Web.Api.Master.Configuration.UserAPIController|Controller Name:UserAPI,Action:HttpGet,Method:GetParentList,User:admin,UnitID:2
2023-11-27 12:42:07.6924|INFO|PIVF.Web.Api.Master.Configuration.UserAPIController|Controller Name:UserAPI,Action:HttpGet,Method:GetParentList,User:admin,UnitID:2
2023-11-27 12:42:07.6924|INFO|PIVF.Web.Api.Master.Configuration.UserAPIController|Controller Name:UserAPI,Action:HttpGet,Method:GetParentList,User:admin,UnitID:2
2023-11-27 12:42:17.0103|INFO|PIVF.Web.Api.Master.Common.CommonController|Controller Name:Common,Action:GET,Method:GetActiveVisitByPatient,User:admin,UnitID:2
2023-11-27 12:42:17.0103|INFO|PIVF.Web.Api.Master.Common.CommonController|Controller Name:Common,Action:GET,Method:GetActiveVisitByPatient,User:admin,UnitID:2
2023-11-27 12:42:18.2011|INFO|PIVF.Web.Api.Master.Common.CommonController|Controller Name:Common,Action:GET,Method:GetActiveVisitByPatient,User:admin,UnitID:2
2023-11-27 12:42:18.2011|INFO|PIVF.Web.Api.Master.Common.CommonController|Controller Name:Common,Action:GET,Method:GetActiveVisitByPatient,User:admin,UnitID:2
2023-11-27 12:42:18.9536|INFO|PIVF.Web.Api.EMR.LandingPage.EMRLandingPageAPIController|Controller Name:EMRLandingPageAPI,Action:GET,Method:GetEMRLandingPageData,User:admin,UnitID:2
2023-11-27 12:42:18.9536|INFO|PIVF.Web.Api.EMR.LandingPage.EMRLandingPageAPIController|Controller Name:EMRLandingPageAPI,Action:GET,Method:GetEMRLandingPageData,User:admin,UnitID:2
2023-11-27 12:42:25.3612|INFO|PIVF.Web.Api.Master.Common.CommonController|Controller Name:Common,Action:POST,Method:PutSelectedvisitByPatient,User:admin,UnitID:2
2023-11-27 12:42:25.3612|INFO|PIVF.Web.Api.Master.Common.CommonController|Controller Name:Common,Action:POST,Method:PutSelectedvisitByPatient,User:admin,UnitID:2
2023-11-27 12:42:27.0992|INFO|PIVF.Web.Api.New_ART.NewARTController|Controller Name:NewART,Action:GET,Method:GetARTCycleList,User:admin,UnitID:2
2023-11-27 12:42:27.0992|INFO|PIVF.Web.Api.New_ART.NewARTController|Controller Name:NewART,Action:GET,Method:GetARTCycleList,User:admin,UnitID:2
2023-11-27 12:42:27.6060|INFO|PIVF.Web.Api.New_ART.NewARTController|Controller Name:NewART,Action:GET,Method:newCyclebtnFlag,User:admin,UnitID:2
2023-11-27 12:42:27.6060|INFO|PIVF.Web.Api.New_ART.NewARTController|Controller Name:NewART,Action:GET,Method:newCyclebtnFlag,User:admin,UnitID:2
2023-11-27 12:42:30.3963|INFO|PIVF.Web.Api.New_ART.NewARTController|Controller Name:NewART,Action:GET,Method:GetCycleOverview,User:admin,UnitID:2
2023-11-27 12:42:30.3963|INFO|PIVF.Web.Api.New_ART.NewARTController|Controller Name:NewART,Action:GET,Method:GetCycleOverview,User:admin,UnitID:2
2023-11-27 12:42:30.5650|INFO|PIVF.Web.Api.New_ART.NewARTController|Controller Name:NewART,Action:GET,Method:GetMedicalHistory,User:admin,UnitID:2
2023-11-27 12:42:30.5650|INFO|PIVF.Web.Api.New_ART.NewARTController|Controller Name:NewART,Action:GET,Method:GetMedicalHistory,User:admin,UnitID:2
2023-11-27 12:42:33.0740|INFO|PIVF.Web.Api.New_ART.NewARTController|Controller Name:NewART,Action:GET,Method:GetDetails,User:admin,UnitID:2
2023-11-27 12:42:33.0740|INFO|PIVF.Web.Api.New_ART.NewARTController|Controller Name:NewART,Action:GET,Method:GetDetails,User:admin,UnitID:2
2023-11-27 12:42:33.1917|INFO|PIVF.Web.Api.ARTMgmt.IUI.IUIAPIController|Controller Name:IUIAPI,Action:GET,Method:GetIUIDetails,User:admin,UnitID:2
2023-11-27 12:42:33.1917|INFO|PIVF.Web.Api.ARTMgmt.IUI.IUIAPIController|Controller Name:IUIAPI,Action:GET,Method:GetIUIDetails,User:admin,UnitID:2
2023-11-27 14:03:30.1142|INFO|PIVF.Web.Api.Master.Common.CommonController|1_Controller Name:CommonController,Action:HttpGet,Method:GetDoctorsList,User:admin,UnitID:2
2023-11-27 14:03:30.1142|INFO|PIVF.Web.Api.Master.Common.CommonController|1_Controller Name:CommonController,Action:HttpGet,Method:GetDoctorsList,User:admin,UnitID:2
2023-11-27 14:03:30.2498|INFO|PIVF.Web.Api.Master.Common.CommonController|1_Controller Name:CommonController,Action:HttpGet,Method:GetSpeclRegTypeList,User:admin,UnitID:2
2023-11-27 14:03:30.2498|INFO|PIVF.Web.Api.Master.Common.CommonController|1_Controller Name:CommonController,Action:HttpGet,Method:GetSpeclRegTypeList,User:admin,UnitID:2
2023-11-27 14:03:30.2997|INFO|PIVF.Web.Api.QueueMgt.QueueMgtController|Controller Name:QueueMgt,Action:HttpPost,Method:GetQueueList,User:admin,UnitID:2
2023-11-27 14:03:30.2997|INFO|PIVF.Web.Api.QueueMgt.QueueMgtController|Controller Name:QueueMgt,Action:HttpPost,Method:GetQueueList,User:admin,UnitID:2
2023-11-27 14:03:31.4335|INFO|PIVF.Web.Api.Master.Configuration.UserAPIController|Controller Name:UserAPI,Action:HttpGet,Method:GetUserRoleRights,User:admin,UnitID:2
2023-11-27 14:03:31.4335|INFO|PIVF.Web.Api.Master.Configuration.UserAPIController|Controller Name:UserAPI,Action:HttpGet,Method:GetUserRoleRights,User:admin,UnitID:2
2023-11-27 14:03:31.6442|INFO|PIVF.Web.Api.Master.Common.CommonController|1_Controller Name:CommonController,Action:HttpGet,Method:GetDepartmentList,User:admin,UnitID:2
2023-11-27 14:03:31.6442|INFO|PIVF.Web.Api.Master.Common.CommonController|1_Controller Name:CommonController,Action:HttpGet,Method:GetDepartmentList,User:admin,UnitID:2
2023-11-27 14:03:32.3331|INFO|PIVF.Web.Api.Master.Configuration.UserAPIController|Controller Name:UserAPI,Action:HttpGet,Method:GetParentList,User:admin,UnitID:2
2023-11-27 14:03:32.3331|INFO|PIVF.Web.Api.Master.Configuration.UserAPIController|Controller Name:UserAPI,Action:HttpGet,Method:GetParentList,User:admin,UnitID:2
2023-11-27 14:03:32.3702|INFO|PIVF.Web.Api.Master.Configuration.UserAPIController|Controller Name:UserAPI,Action:HttpGet,Method:GetParentList,User:admin,UnitID:2
2023-11-27 14:03:32.3702|INFO|PIVF.Web.Api.Master.Configuration.UserAPIController|Controller Name:UserAPI,Action:HttpGet,Method:GetParentList,User:admin,UnitID:2
2023-11-27 14:03:32.4410|INFO|PIVF.Web.Api.Master.Configuration.UserAPIController|Controller Name:UserAPI,Action:HttpGet,Method:GetGrandParentList,User:admin,UnitID:2
2023-11-27 14:03:32.4410|INFO|PIVF.Web.Api.Master.Configuration.UserAPIController|Controller Name:UserAPI,Action:HttpGet,Method:GetGrandParentList,User:admin,UnitID:2
2023-11-27 14:04:17.9689|INFO|PIVF.Web.Api.Master.Common.CommonController|Controller Name:Common,Action:GET,Method:GetActiveVisitByPatient,User:admin,UnitID:2
2023-11-27 14:04:17.9689|INFO|PIVF.Web.Api.Master.Common.CommonController|Controller Name:Common,Action:GET,Method:GetActiveVisitByPatient,User:admin,UnitID:2
2023-11-27 14:04:18.9933|INFO|PIVF.Web.Api.Master.Common.CommonController|Controller Name:Common,Action:GET,Method:GetActiveVisitByPatient,User:admin,UnitID:2
2023-11-27 14:04:18.9933|INFO|PIVF.Web.Api.Master.Common.CommonController|Controller Name:Common,Action:GET,Method:GetActiveVisitByPatient,User:admin,UnitID:2
2023-11-27 14:04:19.7187|INFO|PIVF.Web.Api.EMR.LandingPage.EMRLandingPageAPIController|Controller Name:EMRLandingPageAPI,Action:GET,Method:GetEMRLandingPageData,User:admin,UnitID:2
2023-11-27 14:04:19.7187|INFO|PIVF.Web.Api.EMR.LandingPage.EMRLandingPageAPIController|Controller Name:EMRLandingPageAPI,Action:GET,Method:GetEMRLandingPageData,User:admin,UnitID:2
2023-11-27 14:04:22.0455|INFO|PIVF.Web.Api.Master.Common.CommonController|Controller Name:Common,Action:POST,Method:PutSelectedvisitByPatient,User:admin,UnitID:2
2023-11-27 14:04:22.0455|INFO|PIVF.Web.Api.Master.Common.CommonController|Controller Name:Common,Action:POST,Method:PutSelectedvisitByPatient,User:admin,UnitID:2
2023-11-27 14:04:22.7341|INFO|PIVF.Web.Api.New_ART.NewARTController|Controller Name:NewART,Action:GET,Method:newCyclebtnFlag,User:admin,UnitID:2
2023-11-27 14:04:22.7341|INFO|PIVF.Web.Api.New_ART.NewARTController|Controller Name:NewART,Action:GET,Method:newCyclebtnFlag,User:admin,UnitID:2
2023-11-27 14:04:23.2453|INFO|PIVF.Web.Api.New_ART.NewARTController|Controller Name:NewART,Action:GET,Method:GetARTCycleList,User:admin,UnitID:2
2023-11-27 14:04:23.2453|INFO|PIVF.Web.Api.New_ART.NewARTController|Controller Name:NewART,Action:GET,Method:GetARTCycleList,User:admin,UnitID:2
2023-11-27 14:04:28.0785|INFO|PIVF.Web.Api.New_ART.NewARTController|Controller Name:NewART,Action:GET,Method:GetCycleOverview,User:admin,UnitID:2
2023-11-27 14:04:28.0785|INFO|PIVF.Web.Api.New_ART.NewARTController|Controller Name:NewART,Action:GET,Method:GetCycleOverview,User:admin,UnitID:2
2023-11-27 14:04:28.2211|INFO|PIVF.Web.Api.New_ART.NewARTController|Controller Name:NewART,Action:GET,Method:GetMedicalHistory,User:admin,UnitID:2
2023-11-27 14:04:28.2211|INFO|PIVF.Web.Api.New_ART.NewARTController|Controller Name:NewART,Action:GET,Method:GetMedicalHistory,User:admin,UnitID:2
2023-11-27 14:04:30.7142|INFO|PIVF.Web.Api.New_ART.NewARTController|Controller Name:NewART,Action:GET,Method:GetDetails,User:admin,UnitID:2
2023-11-27 14:04:30.7142|INFO|PIVF.Web.Api.New_ART.NewARTController|Controller Name:NewART,Action:GET,Method:GetDetails,User:admin,UnitID:2
2023-11-27 14:04:33.1853|INFO|PIVF.Web.Api.New_ART.NewARTController|Controller Name:NewART,Action:GET,Method:newCyclebtnFlag,User:admin,UnitID:2
2023-11-27 14:04:33.1853|INFO|PIVF.Web.Api.New_ART.NewARTController|Controller Name:NewART,Action:GET,Method:newCyclebtnFlag,User:admin,UnitID:2
2023-11-27 14:04:34.2136|INFO|PIVF.Web.Api.New_ART.NewARTController|Controller Name:NewART,Action:GET,Method:GetARTCycleList,User:admin,UnitID:2
2023-11-27 14:04:34.2136|INFO|PIVF.Web.Api.New_ART.NewARTController|Controller Name:NewART,Action:GET,Method:GetARTCycleList,User:admin,UnitID:2
2023-11-27 14:13:54.5916|INFO|PIVF.Web.Api.New_ART.NewARTController|Controller Name:NewART,Action:GET,Method:GetCycleOverview,User:admin,UnitID:2
2023-11-27 14:13:54.5916|INFO|PIVF.Web.Api.New_ART.NewARTController|Controller Name:NewART,Action:GET,Method:GetCycleOverview,User:admin,UnitID:2
2023-11-27 14:13:54.7812|INFO|PIVF.Web.Api.New_ART.NewARTController|Controller Name:NewART,Action:GET,Method:GetMedicalHistory,User:admin,UnitID:2
2023-11-27 14:13:54.7812|INFO|PIVF.Web.Api.New_ART.NewARTController|Controller Name:NewART,Action:GET,Method:GetMedicalHistory,User:admin,UnitID:2
2023-11-27 14:13:57.2908|INFO|PIVF.Web.Api.New_ART.NewARTController|Controller Name:NewART,Action:GET,Method:GetDetails,User:admin,UnitID:2
2023-11-27 14:13:57.2908|INFO|PIVF.Web.Api.New_ART.NewARTController|Controller Name:NewART,Action:GET,Method:GetDetails,User:admin,UnitID:2
2023-11-27 14:14:05.7832|INFO|PIVF.Web.Api.New_ART.NewARTController|Controller Name:NewART,Action:GET,Method:GetARTCycleList,User:admin,UnitID:2
2023-11-27 14:14:05.7832|INFO|PIVF.Web.Api.New_ART.NewARTController|Controller Name:NewART,Action:GET,Method:GetARTCycleList,User:admin,UnitID:2
2023-11-27 14:14:06.1902|INFO|PIVF.Web.Api.New_ART.NewARTController|Controller Name:NewART,Action:GET,Method:newCyclebtnFlag,User:admin,UnitID:2
2023-11-27 14:14:06.1902|INFO|PIVF.Web.Api.New_ART.NewARTController|Controller Name:NewART,Action:GET,Method:newCyclebtnFlag,User:admin,UnitID:2
2023-11-27 14:16:15.1965|INFO|PIVF.Web.Api.Master.Configuration.UserAPIController|Controller Name:UserAPI,Action:HttpGet,Method:GetParentList,User:admin,UnitID:2
2023-11-27 14:16:15.1965|INFO|PIVF.Web.Api.Master.Configuration.UserAPIController|Controller Name:UserAPI,Action:HttpGet,Method:GetParentList,User:admin,UnitID:2
2023-11-27 14:16:15.2314|INFO|PIVF.Web.Api.Master.Configuration.UserAPIController|Controller Name:UserAPI,Action:HttpGet,Method:GetParentList,User:admin,UnitID:2
2023-11-27 14:16:15.2314|INFO|PIVF.Web.Api.Master.Configuration.UserAPIController|Controller Name:UserAPI,Action:HttpGet,Method:GetParentList,User:admin,UnitID:2
2023-11-27 14:16:15.3531|INFO|PIVF.Web.Api.Master.Configuration.UserAPIController|Controller Name:UserAPI,Action:HttpGet,Method:GetUserRoleRights,User:admin,UnitID:2
2023-11-27 14:16:15.3531|INFO|PIVF.Web.Api.Master.Configuration.UserAPIController|Controller Name:UserAPI,Action:HttpGet,Method:GetUserRoleRights,User:admin,UnitID:2
2023-11-27 14:16:15.6265|INFO|PIVF.Web.Api.Master.Common.CommonController|1_Controller Name:CommonController,Action:HttpGet,Method:GetDoctorsList,User:admin,UnitID:2
2023-11-27 14:16:15.6265|INFO|PIVF.Web.Api.Master.Common.CommonController|1_Controller Name:CommonController,Action:HttpGet,Method:GetDoctorsList,User:admin,UnitID:2
2023-11-27 14:16:15.6378|INFO|PIVF.Web.Api.QueueMgt.QueueMgtController|Controller Name:QueueMgt,Action:HttpPost,Method:GetQueueList,User:admin,UnitID:2
2023-11-27 14:16:15.6378|INFO|PIVF.Web.Api.QueueMgt.QueueMgtController|Controller Name:QueueMgt,Action:HttpPost,Method:GetQueueList,User:admin,UnitID:2
2023-11-27 14:16:15.8370|INFO|PIVF.Web.Api.Master.Configuration.UserAPIController|Controller Name:UserAPI,Action:HttpGet,Method:GetGrandParentList,User:admin,UnitID:2
2023-11-27 14:16:15.8370|INFO|PIVF.Web.Api.Master.Configuration.UserAPIController|Controller Name:UserAPI,Action:HttpGet,Method:GetGrandParentList,User:admin,UnitID:2
2023-11-27 14:16:16.1301|INFO|PIVF.Web.Api.Master.Common.CommonController|1_Controller Name:CommonController,Action:HttpGet,Method:GetDepartmentList,User:admin,UnitID:2
2023-11-27 14:16:16.1301|INFO|PIVF.Web.Api.Master.Common.CommonController|1_Controller Name:CommonController,Action:HttpGet,Method:GetDepartmentList,User:admin,UnitID:2
2023-11-27 14:16:16.1441|INFO|PIVF.Web.Api.Master.Common.CommonController|1_Controller Name:CommonController,Action:HttpGet,Method:GetSpeclRegTypeList,User:admin,UnitID:2
2023-11-27 14:16:16.1441|INFO|PIVF.Web.Api.Master.Common.CommonController|1_Controller Name:CommonController,Action:HttpGet,Method:GetSpeclRegTypeList,User:admin,UnitID:2
2023-11-27 14:16:26.0288|INFO|PIVF.Web.Api.Master.Common.CommonController|Controller Name:Common,Action:GET,Method:GetActiveVisitByPatient,User:admin,UnitID:2
2023-11-27 14:16:26.0288|INFO|PIVF.Web.Api.Master.Common.CommonController|Controller Name:Common,Action:GET,Method:GetActiveVisitByPatient,User:admin,UnitID:2
2023-11-27 14:16:26.0657|INFO|PIVF.Web.Api.Master.Common.CommonController|Controller Name:Common,Action:GET,Method:GetActiveVisitByPatient,User:admin,UnitID:2
2023-11-27 14:16:26.0657|INFO|PIVF.Web.Api.Master.Common.CommonController|Controller Name:Common,Action:GET,Method:GetActiveVisitByPatient,User:admin,UnitID:2
2023-11-27 14:16:26.9913|INFO|PIVF.Web.Api.EMR.LandingPage.EMRLandingPageAPIController|Controller Name:EMRLandingPageAPI,Action:GET,Method:GetEMRLandingPageData,User:admin,UnitID:2
2023-11-27 14:16:26.9913|INFO|PIVF.Web.Api.EMR.LandingPage.EMRLandingPageAPIController|Controller Name:EMRLandingPageAPI,Action:GET,Method:GetEMRLandingPageData,User:admin,UnitID:2
2023-11-27 14:16:39.3864|INFO|PIVF.Web.Api.Master.Common.CommonController|Controller Name:Common,Action:GET,Method:GetActiveVisitByPatient,User:admin,UnitID:2
2023-11-27 14:16:39.3864|INFO|PIVF.Web.Api.Master.Common.CommonController|Controller Name:Common,Action:GET,Method:GetActiveVisitByPatient,User:admin,UnitID:2
2023-11-27 14:16:39.5080|INFO|PIVF.Web.Api.Master.Common.CommonController|Controller Name:Common,Action:GET,Method:GetActiveVisitByPatient,User:admin,UnitID:2
2023-11-27 14:16:39.5080|INFO|PIVF.Web.Api.Master.Common.CommonController|Controller Name:Common,Action:GET,Method:GetActiveVisitByPatient,User:admin,UnitID:2
2023-11-27 14:16:40.2401|INFO|PIVF.Web.Api.EMR.LandingPage.EMRLandingPageAPIController|Controller Name:EMRLandingPageAPI,Action:GET,Method:GetEMRLandingPageData,User:admin,UnitID:2
2023-11-27 14:16:40.2401|INFO|PIVF.Web.Api.EMR.LandingPage.EMRLandingPageAPIController|Controller Name:EMRLandingPageAPI,Action:GET,Method:GetEMRLandingPageData,User:admin,UnitID:2
2023-11-27 14:16:41.3446|INFO|PIVF.Web.Api.Master.Common.CommonController|Controller Name:Common,Action:POST,Method:PutSelectedvisitByPatient,User:admin,UnitID:2
2023-11-27 14:16:41.3446|INFO|PIVF.Web.Api.Master.Common.CommonController|Controller Name:Common,Action:POST,Method:PutSelectedvisitByPatient,User:admin,UnitID:2
2023-11-27 14:16:43.2290|INFO|PIVF.Web.Api.New_ART.NewARTController|Controller Name:NewART,Action:GET,Method:newCyclebtnFlag,User:admin,UnitID:2
2023-11-27 14:16:43.2290|INFO|PIVF.Web.Api.New_ART.NewARTController|Controller Name:NewART,Action:GET,Method:newCyclebtnFlag,User:admin,UnitID:2
2023-11-27 14:16:43.2629|INFO|PIVF.Web.Api.New_ART.NewARTController|Controller Name:NewART,Action:GET,Method:GetARTCycleList,User:admin,UnitID:2
2023-11-27 14:16:43.2629|INFO|PIVF.Web.Api.New_ART.NewARTController|Controller Name:NewART,Action:GET,Method:GetARTCycleList,User:admin,UnitID:2
2023-11-27 14:16:50.6493|INFO|PIVF.Web.Api.New_ART.NewARTController|Controller Name:NewART,Action:GET,Method:GetCycleOverview,User:admin,UnitID:2
2023-11-27 14:16:50.6493|INFO|PIVF.Web.Api.New_ART.NewARTController|Controller Name:NewART,Action:GET,Method:GetCycleOverview,User:admin,UnitID:2
2023-11-27 14:16:50.8032|INFO|PIVF.Web.Api.New_ART.NewARTController|Controller Name:NewART,Action:GET,Method:GetMedicalHistory,User:admin,UnitID:2
2023-11-27 14:16:50.8032|INFO|PIVF.Web.Api.New_ART.NewARTController|Controller Name:NewART,Action:GET,Method:GetMedicalHistory,User:admin,UnitID:2
2023-11-27 14:16:53.3158|INFO|PIVF.Web.Api.New_ART.NewARTController|Controller Name:NewART,Action:GET,Method:GetDetails,User:admin,UnitID:2
2023-11-27 14:16:53.3158|INFO|PIVF.Web.Api.New_ART.NewARTController|Controller Name:NewART,Action:GET,Method:GetDetails,User:admin,UnitID:2
2023-11-27 14:17:33.7491|INFO|PIVF.Web.Api.EMR.LandingPage.EMRLandingPageAPIController|Controller Name:EMRLandingPageAPI,Action:GET,Method:GetEMRLandingPageData,User:admin,UnitID:2
2023-11-27 14:17:33.7491|INFO|PIVF.Web.Api.EMR.LandingPage.EMRLandingPageAPIController|Controller Name:EMRLandingPageAPI,Action:GET,Method:GetEMRLandingPageData,User:admin,UnitID:2
2023-11-27 14:17:38.5196|INFO|PIVF.Web.Api.New_ART.NewARTController|Controller Name:NewART,Action:GET,Method:newCyclebtnFlag,User:admin,UnitID:2
2023-11-27 14:17:38.5196|INFO|PIVF.Web.Api.New_ART.NewARTController|Controller Name:NewART,Action:GET,Method:newCyclebtnFlag,User:admin,UnitID:2
2023-11-27 14:17:39.0305|INFO|PIVF.Web.Api.New_ART.NewARTController|Controller Name:NewART,Action:GET,Method:GetARTCycleList,User:admin,UnitID:2
2023-11-27 14:17:39.0305|INFO|PIVF.Web.Api.New_ART.NewARTController|Controller Name:NewART,Action:GET,Method:GetARTCycleList,User:admin,UnitID:2
2023-11-27 14:17:41.8895|INFO|PIVF.Web.Api.New_ART.NewARTController|Controller Name:NewART,Action:GET,Method:GetCycleOverview,User:admin,UnitID:2
2023-11-27 14:17:41.8895|INFO|PIVF.Web.Api.New_ART.NewARTController|Controller Name:NewART,Action:GET,Method:GetCycleOverview,User:admin,UnitID:2
2023-11-27 14:17:41.9144|INFO|PIVF.Web.Api.New_ART.NewARTController|Controller Name:NewART,Action:GET,Method:GetMedicalHistory,User:admin,UnitID:2
2023-11-27 14:17:41.9144|INFO|PIVF.Web.Api.New_ART.NewARTController|Controller Name:NewART,Action:GET,Method:GetMedicalHistory,User:admin,UnitID:2
2023-11-27 14:17:44.4187|INFO|PIVF.Web.Api.New_ART.NewARTController|Controller Name:NewART,Action:GET,Method:GetDetails,User:admin,UnitID:2
2023-11-27 14:17:44.4187|INFO|PIVF.Web.Api.New_ART.NewARTController|Controller Name:NewART,Action:GET,Method:GetDetails,User:admin,UnitID:2
2023-11-27 14:38:46.0214|INFO|PIVF.Web.Api.Master.Common.CommonController|Controller Name:Common,Action:GET,Method:GetActiveVisitByPatient,User:admin,UnitID:2
2023-11-27 14:38:46.0214|INFO|PIVF.Web.Api.Master.Common.CommonController|Controller Name:Common,Action:GET,Method:GetActiveVisitByPatient,User:admin,UnitID:2
2023-11-27 14:38:51.3203|INFO|PIVF.Web.Api.EMR.FemaleHistoryController|Controller Name: FemaleHistory,Action: GET,Method: LoadSpecificFemaleHistory,User: admin,UnitID:2
2023-11-27 14:38:51.3203|INFO|PIVF.Web.Api.EMR.FemaleHistoryController|Controller Name: FemaleHistory,Action: GET,Method: LoadSpecificFemaleHistory,User: admin,UnitID:2
2023-11-27 14:40:32.3068|INFO|PIVF.Web.Api.Master.Configuration.UserAPIController|Controller Name:UserAPI,Action:HttpGet,Method:GetGrandParentList,User:admin,UnitID:2
2023-11-27 14:40:32.3068|INFO|PIVF.Web.Api.Master.Configuration.UserAPIController|Controller Name:UserAPI,Action:HttpGet,Method:GetGrandParentList,User:admin,UnitID:2
2023-11-27 14:40:32.8074|INFO|PIVF.Web.Api.Master.Configuration.UserAPIController|Controller Name:UserAPI,Action:HttpGet,Method:GetUserRoleRights,User:admin,UnitID:2
2023-11-27 14:40:32.8074|INFO|PIVF.Web.Api.Master.Configuration.UserAPIController|Controller Name:UserAPI,Action:HttpGet,Method:GetUserRoleRights,User:admin,UnitID:2
2023-11-27 14:40:32.8383|INFO|PIVF.Web.Api.Master.Configuration.UserAPIController|Controller Name:UserAPI,Action:HttpGet,Method:GetParentList,User:admin,UnitID:2
2023-11-27 14:40:32.8383|INFO|PIVF.Web.Api.Master.Configuration.UserAPIController|Controller Name:UserAPI,Action:HttpGet,Method:GetParentList,User:admin,UnitID:2
2023-11-27 14:40:32.8723|INFO|PIVF.Web.Api.Master.Configuration.UserAPIController|Controller Name:UserAPI,Action:HttpGet,Method:GetParentList,User:admin,UnitID:2
2023-11-27 14:40:32.8723|INFO|PIVF.Web.Api.Master.Configuration.UserAPIController|Controller Name:UserAPI,Action:HttpGet,Method:GetParentList,User:admin,UnitID:2
2023-11-27 14:40:33.0647|INFO|PIVF.Web.Api.Master.Common.CommonController|1_Controller Name:CommonController,Action:HttpGet,Method:GetDepartmentList,User:admin,UnitID:2
2023-11-27 14:40:33.0647|INFO|PIVF.Web.Api.Master.Common.CommonController|1_Controller Name:CommonController,Action:HttpGet,Method:GetDepartmentList,User:admin,UnitID:2
2023-11-27 14:40:33.0757|INFO|PIVF.Web.Api.Master.Common.CommonController|1_Controller Name:CommonController,Action:HttpGet,Method:GetSpeclRegTypeList,User:admin,UnitID:2
2023-11-27 14:40:33.0757|INFO|PIVF.Web.Api.Master.Common.CommonController|1_Controller Name:CommonController,Action:HttpGet,Method:GetSpeclRegTypeList,User:admin,UnitID:2
2023-11-27 14:40:33.5834|INFO|PIVF.Web.Api.Master.Common.CommonController|1_Controller Name:CommonController,Action:HttpGet,Method:GetDoctorsList,User:admin,UnitID:2
2023-11-27 14:40:33.5834|INFO|PIVF.Web.Api.Master.Common.CommonController|1_Controller Name:CommonController,Action:HttpGet,Method:GetDoctorsList,User:admin,UnitID:2
2023-11-27 14:40:34.0946|INFO|PIVF.Web.Api.QueueMgt.QueueMgtController|Controller Name:QueueMgt,Action:HttpPost,Method:GetQueueList,User:admin,UnitID:2
2023-11-27 14:40:34.0946|INFO|PIVF.Web.Api.QueueMgt.QueueMgtController|Controller Name:QueueMgt,Action:HttpPost,Method:GetQueueList,User:admin,UnitID:2
2023-11-27 14:40:46.7409|INFO|PIVF.Web.Api.EMR.LandingPage.EMRLandingPageAPIController|Controller Name:EMRLandingPageAPI,Action:GET,Method:GetEMRLandingPageData,User:admin,UnitID:2
2023-11-27 14:40:46.7409|INFO|PIVF.Web.Api.EMR.LandingPage.EMRLandingPageAPIController|Controller Name:EMRLandingPageAPI,Action:GET,Method:GetEMRLandingPageData,User:admin,UnitID:2
2023-11-27 14:40:50.1947|INFO|PIVF.Web.Api.Master.Common.CommonController|Controller Name:Common,Action:GET,Method:GetActiveVisitByPatient,User:admin,UnitID:2
2023-11-27 14:40:50.1947|INFO|PIVF.Web.Api.Master.Common.CommonController|Controller Name:Common,Action:GET,Method:GetActiveVisitByPatient,User:admin,UnitID:2
2023-11-27 14:40:57.1815|INFO|PIVF.Web.Api.EMR.FemaleHistoryController|Controller Name: FemaleHistory,Action: GET,Method: LoadSpecificFemaleHistory,User: admin,UnitID:2
2023-11-27 14:40:57.1815|INFO|PIVF.Web.Api.EMR.FemaleHistoryController|Controller Name: FemaleHistory,Action: GET,Method: LoadSpecificFemaleHistory,User: admin,UnitID:2
2023-11-27 15:05:23.9830|INFO|PIVF.Web.Api.Master.Configuration.UserAPIController|Controller Name:UserAPI,Action:HttpGet,Method:GetUserRoleRights,User:admin,UnitID:2
2023-11-27 15:05:23.9830|INFO|PIVF.Web.Api.Master.Configuration.UserAPIController|Controller Name:UserAPI,Action:HttpGet,Method:GetUserRoleRights,User:admin,UnitID:2
2023-11-27 15:05:25.1713|INFO|PIVF.Web.Api.Master.Common.CommonController|1_Controller Name:CommonController,Action:HttpGet,Method:GetDoctorsList,User:admin,UnitID:2
2023-11-27 15:05:25.1713|INFO|PIVF.Web.Api.Master.Common.CommonController|1_Controller Name:CommonController,Action:HttpGet,Method:GetDoctorsList,User:admin,UnitID:2
2023-11-27 15:05:25.3369|INFO|PIVF.Web.Api.Master.Common.CommonController|1_Controller Name:CommonController,Action:HttpGet,Method:GetDepartmentList,User:admin,UnitID:2
2023-11-27 15:05:25.3369|INFO|PIVF.Web.Api.Master.Common.CommonController|1_Controller Name:CommonController,Action:HttpGet,Method:GetDepartmentList,User:admin,UnitID:2
2023-11-27 15:05:25.6761|INFO|PIVF.Web.Api.Master.Common.CommonController|1_Controller Name:CommonController,Action:HttpGet,Method:GetSpeclRegTypeList,User:admin,UnitID:2
2023-11-27 15:05:25.6761|INFO|PIVF.Web.Api.Master.Common.CommonController|1_Controller Name:CommonController,Action:HttpGet,Method:GetSpeclRegTypeList,User:admin,UnitID:2
2023-11-27 15:05:25.7204|INFO|PIVF.Web.Api.QueueMgt.QueueMgtController|Controller Name:QueueMgt,Action:HttpPost,Method:GetQueueList,User:admin,UnitID:2
2023-11-27 15:05:25.7204|INFO|PIVF.Web.Api.QueueMgt.QueueMgtController|Controller Name:QueueMgt,Action:HttpPost,Method:GetQueueList,User:admin,UnitID:2
2023-11-27 15:05:26.0171|INFO|PIVF.Web.Api.Master.Configuration.UserAPIController|Controller Name:UserAPI,Action:HttpGet,Method:GetGrandParentList,User:admin,UnitID:2
2023-11-27 15:05:26.0171|INFO|PIVF.Web.Api.Master.Configuration.UserAPIController|Controller Name:UserAPI,Action:HttpGet,Method:GetGrandParentList,User:admin,UnitID:2
2023-11-27 15:05:26.4120|INFO|PIVF.Web.Api.Master.Configuration.UserAPIController|Controller Name:UserAPI,Action:HttpGet,Method:GetParentList,User:admin,UnitID:2
2023-11-27 15:05:26.4120|INFO|PIVF.Web.Api.Master.Configuration.UserAPIController|Controller Name:UserAPI,Action:HttpGet,Method:GetParentList,User:admin,UnitID:2
2023-11-27 15:05:26.4439|INFO|PIVF.Web.Api.Master.Configuration.UserAPIController|Controller Name:UserAPI,Action:HttpGet,Method:GetParentList,User:admin,UnitID:2
2023-11-27 15:05:26.4439|INFO|PIVF.Web.Api.Master.Configuration.UserAPIController|Controller Name:UserAPI,Action:HttpGet,Method:GetParentList,User:admin,UnitID:2
2023-11-27 15:05:43.5398|INFO|PIVF.Web.Api.Master.Common.CommonController|Controller Name:Common,Action:GET,Method:GetActiveVisitByPatient,User:admin,UnitID:2
2023-11-27 15:05:43.5398|INFO|PIVF.Web.Api.Master.Common.CommonController|Controller Name:Common,Action:GET,Method:GetActiveVisitByPatient,User:admin,UnitID:2
2023-11-27 15:05:44.8545|INFO|PIVF.Web.Api.Master.Common.CommonController|Controller Name:Common,Action:GET,Method:GetActiveVisitByPatient,User:admin,UnitID:2
2023-11-27 15:05:44.8545|INFO|PIVF.Web.Api.Master.Common.CommonController|Controller Name:Common,Action:GET,Method:GetActiveVisitByPatient,User:admin,UnitID:2
2023-11-27 15:05:45.0270|INFO|PIVF.Web.Api.EMR.LandingPage.EMRLandingPageAPIController|Controller Name:EMRLandingPageAPI,Action:GET,Method:GetEMRLandingPageData,User:admin,UnitID:2
2023-11-27 15:05:45.0270|INFO|PIVF.Web.Api.EMR.LandingPage.EMRLandingPageAPIController|Controller Name:EMRLandingPageAPI,Action:GET,Method:GetEMRLandingPageData,User:admin,UnitID:2
2023-11-27 15:05:47.3968|INFO|PIVF.Web.Api.Master.Common.CommonController|Controller Name:Common,Action:POST,Method:PutSelectedvisitByPatient,User:admin,UnitID:2
2023-11-27 15:05:47.3968|INFO|PIVF.Web.Api.Master.Common.CommonController|Controller Name:Common,Action:POST,Method:PutSelectedvisitByPatient,User:admin,UnitID:2
2023-11-27 15:05:58.7058|INFO|PIVF.Web.Api.New_ART.NewARTController|Controller Name:NewART,Action:GET,Method:newCyclebtnFlag,User:admin,UnitID:2
2023-11-27 15:05:58.7058|INFO|PIVF.Web.Api.New_ART.NewARTController|Controller Name:NewART,Action:GET,Method:newCyclebtnFlag,User:admin,UnitID:2
2023-11-27 15:05:59.2118|INFO|PIVF.Web.Api.New_ART.NewARTController|Controller Name:NewART,Action:GET,Method:GetARTCycleList,User:admin,UnitID:2
2023-11-27 15:05:59.2118|INFO|PIVF.Web.Api.New_ART.NewARTController|Controller Name:NewART,Action:GET,Method:GetARTCycleList,User:admin,UnitID:2
2023-11-27 15:06:03.4001|INFO|PIVF.Web.Api.New_ART.NewARTController|Controller Name:NewART,Action:GET,Method:GetCycleOverview,User:admin,UnitID:2
2023-11-27 15:06:03.4001|INFO|PIVF.Web.Api.New_ART.NewARTController|Controller Name:NewART,Action:GET,Method:GetCycleOverview,User:admin,UnitID:2
2023-11-27 15:06:04.0724|INFO|PIVF.Web.Api.New_ART.NewARTController|Controller Name:NewART,Action:GET,Method:GetMedicalHistory,User:admin,UnitID:2
2023-11-27 15:06:04.0724|INFO|PIVF.Web.Api.New_ART.NewARTController|Controller Name:NewART,Action:GET,Method:GetMedicalHistory,User:admin,UnitID:2
2023-11-27 15:06:06.0703|INFO|PIVF.Web.Api.New_ART.NewARTController|Controller Name:NewART,Action:GET,Method:GetDetails,User:admin,UnitID:2
2023-11-27 15:06:06.0703|INFO|PIVF.Web.Api.New_ART.NewARTController|Controller Name:NewART,Action:GET,Method:GetDetails,User:admin,UnitID:2
2023-11-27 15:06:31.1232|INFO|PIVF.Web.Api.EMR.LandingPage.EMRLandingPageAPIController|Controller Name:EMRLandingPageAPI,Action:GET,Method:GetEMRLandingPageData,User:admin,UnitID:2
2023-11-27 15:06:31.1232|INFO|PIVF.Web.Api.EMR.LandingPage.EMRLandingPageAPIController|Controller Name:EMRLandingPageAPI,Action:GET,Method:GetEMRLandingPageData,User:admin,UnitID:2
2023-11-27 15:06:58.8365|INFO|PIVF.Web.Api.New_ART.NewARTController|Controller Name:NewART,Action:GET,Method:newCyclebtnFlag,User:admin,UnitID:2
2023-11-27 15:06:58.8365|INFO|PIVF.Web.Api.New_ART.NewARTController|Controller Name:NewART,Action:GET,Method:newCyclebtnFlag,User:admin,UnitID:2
2023-11-27 15:06:59.3573|INFO|PIVF.Web.Api.New_ART.NewARTController|Controller Name:NewART,Action:GET,Method:GetARTCycleList,User:admin,UnitID:2
2023-11-27 15:06:59.3573|INFO|PIVF.Web.Api.New_ART.NewARTController|Controller Name:NewART,Action:GET,Method:GetARTCycleList,User:admin,UnitID:2
2023-11-27 15:07:03.8497|INFO|PIVF.Web.Api.New_ART.NewARTController|Controller Name:NewART,Action:GET,Method:GetCycleOverview,User:admin,UnitID:2
2023-11-27 15:07:03.8497|INFO|PIVF.Web.Api.New_ART.NewARTController|Controller Name:NewART,Action:GET,Method:GetCycleOverview,User:admin,UnitID:2
2023-11-27 15:07:04.0153|INFO|PIVF.Web.Api.New_ART.NewARTController|Controller Name:NewART,Action:GET,Method:GetMedicalHistory,User:admin,UnitID:2
2023-11-27 15:07:04.0153|INFO|PIVF.Web.Api.New_ART.NewARTController|Controller Name:NewART,Action:GET,Method:GetMedicalHistory,User:admin,UnitID:2
2023-11-27 15:07:06.5222|INFO|PIVF.Web.Api.New_ART.NewARTController|Controller Name:NewART,Action:GET,Method:GetDetails,User:admin,UnitID:2
2023-11-27 15:07:06.5222|INFO|PIVF.Web.Api.New_ART.NewARTController|Controller Name:NewART,Action:GET,Method:GetDetails,User:admin,UnitID:2
