2023-12-08 11:14:15.1869|INFO|PIVF.Web.Api.EMR.MaleHistory.SemenFreezController|Controller Name:SemenFreez,Action:GET,Method:GetMaxID,User:admin,UnitID:2
2023-12-08 11:14:15.1869|INFO|PIVF.Web.Api.EMR.MaleHistory.SemenFreezController|Controller Name:SemenFreez,Action:GET,Method:GetMaxID,User:admin,UnitID:2
2023-12-08 11:14:21.7543|INFO|PIVF.Web.Api.Master.Common.CommonController|1_Controller Name:CommonController,Action:HttpGet,Method:GetSpeclRegTypeList,User:admin,UnitID:2
2023-12-08 11:14:21.7543|INFO|PIVF.Web.Api.Master.Common.CommonController|1_Controller Name:CommonController,Action:HttpGet,Method:GetSpeclRegTypeList,User:admin,UnitID:2
2023-12-08 11:14:22.3138|INFO|PIVF.Web.Api.Master.Common.CommonController|1_Controller Name:CommonController,Action:HttpGet,Method:GetDepartmentList,User:admin,UnitID:2
2023-12-08 11:14:22.3138|INFO|PIVF.Web.Api.Master.Common.CommonController|1_Controller Name:CommonController,Action:HttpGet,Method:GetDepartmentList,User:admin,UnitID:2
2023-12-08 11:14:22.8015|INFO|PIVF.Web.Api.Master.Common.CommonController|1_Controller Name:CommonController,Action:HttpGet,Method:GetDoctorsList,User:admin,UnitID:2
2023-12-08 11:14:22.8015|INFO|PIVF.Web.Api.Master.Common.CommonController|1_Controller Name:CommonController,Action:HttpGet,Method:GetDoctorsList,User:admin,UnitID:2
2023-12-08 11:14:23.3141|INFO|PIVF.Web.Api.QueueMgt.QueueMgtController|Controller Name:QueueMgt,Action:HttpPost,Method:GetQueueList,User:admin,UnitID:2
2023-12-08 11:14:23.3141|INFO|PIVF.Web.Api.QueueMgt.QueueMgtController|Controller Name:QueueMgt,Action:HttpPost,Method:GetQueueList,User:admin,UnitID:2
2023-12-08 11:14:25.6678|INFO|PIVF.Web.Api.Master.Common.CommonController|1_Controller Name:CommonController,Action:HttpGet,Method:GetDoctorsList,User:admin,UnitID:2
2023-12-08 11:14:25.6678|INFO|PIVF.Web.Api.Master.Common.CommonController|1_Controller Name:CommonController,Action:HttpGet,Method:GetDoctorsList,User:admin,UnitID:2
2023-12-08 11:14:29.6602|INFO|PIVF.Web.Api.New_ART.NewARTController|Controller Name:NewART,Action:GET,Method:newCyclebtnFlag,User:admin,UnitID:2
2023-12-08 11:14:29.6602|INFO|PIVF.Web.Api.New_ART.NewARTController|Controller Name:NewART,Action:GET,Method:newCyclebtnFlag,User:admin,UnitID:2
2023-12-08 11:14:29.7679|INFO|PIVF.Web.Api.Master.Common.CommonController|1_Controller Name:CommonController,Action:HttpGet,Method:GetDepartmentList,User:admin,UnitID:2
2023-12-08 11:14:29.7679|INFO|PIVF.Web.Api.Master.Common.CommonController|1_Controller Name:CommonController,Action:HttpGet,Method:GetDepartmentList,User:admin,UnitID:2
2023-12-08 11:14:30.1638|INFO|PIVF.Web.Api.New_ART.NewARTController|Controller Name:NewART,Action:GET,Method:GetARTCycleList,User:admin,UnitID:2
2023-12-08 11:14:30.1638|INFO|PIVF.Web.Api.New_ART.NewARTController|Controller Name:NewART,Action:GET,Method:GetARTCycleList,User:admin,UnitID:2
2023-12-08 11:14:30.2735|INFO|PIVF.Web.Api.QueueMgt.QueueMgtController|Controller Name:QueueMgt,Action:HttpPost,Method:GetQueueList,User:admin,UnitID:2
2023-12-08 11:14:30.2735|INFO|PIVF.Web.Api.QueueMgt.QueueMgtController|Controller Name:QueueMgt,Action:HttpPost,Method:GetQueueList,User:admin,UnitID:2
2023-12-08 11:14:31.3217|INFO|PIVF.Web.Api.Master.Common.CommonController|1_Controller Name:CommonController,Action:HttpGet,Method:GetSpeclRegTypeList,User:admin,UnitID:2
2023-12-08 11:14:31.3217|INFO|PIVF.Web.Api.Master.Common.CommonController|1_Controller Name:CommonController,Action:HttpGet,Method:GetSpeclRegTypeList,User:admin,UnitID:2
2023-12-08 11:14:48.0201|INFO|PIVF.Web.Api.Master.Common.CommonController|Controller Name:Common,Action:GET,Method:GetActiveVisitByPatient,User:admin,UnitID:2
2023-12-08 11:14:48.0201|INFO|PIVF.Web.Api.Master.Common.CommonController|Controller Name:Common,Action:GET,Method:GetActiveVisitByPatient,User:admin,UnitID:2
2023-12-08 11:53:28.1904|INFO|PIVF.Web.Api.Master.Common.CommonController|Controller Name:Common,Action:GET,Method:GetActiveVisitByPatient,User:admin,UnitID:2
2023-12-08 11:53:28.1904|INFO|PIVF.Web.Api.Master.Common.CommonController|Controller Name:Common,Action:GET,Method:GetActiveVisitByPatient,User:admin,UnitID:2
2023-12-08 11:53:28.9973|INFO|PIVF.Web.Api.Master.Common.CommonController|Controller Name:Common,Action:GET,Method:GetActiveVisitByPatient,User:admin,UnitID:2
2023-12-08 11:53:28.9973|INFO|PIVF.Web.Api.Master.Common.CommonController|Controller Name:Common,Action:GET,Method:GetActiveVisitByPatient,User:admin,UnitID:2
2023-12-08 11:53:30.1512|INFO|PIVF.Web.Api.EMR.LandingPage.EMRLandingPageAPIController|Controller Name:EMRLandingPageAPI,Action:GET,Method:GetEMRLandingPageData,User:admin,UnitID:2
2023-12-08 11:53:30.1512|INFO|PIVF.Web.Api.EMR.LandingPage.EMRLandingPageAPIController|Controller Name:EMRLandingPageAPI,Action:GET,Method:GetEMRLandingPageData,User:admin,UnitID:2
2023-12-08 11:53:31.3925|INFO|PIVF.Web.Api.Master.Common.CommonController|Controller Name:Common,Action:POST,Method:PutSelectedvisitByPatient,User:admin,UnitID:2
2023-12-08 11:53:31.3925|INFO|PIVF.Web.Api.Master.Common.CommonController|Controller Name:Common,Action:POST,Method:PutSelectedvisitByPatient,User:admin,UnitID:2
2023-12-08 12:07:21.2739|INFO|PIVF.Web.Api.New_ART.NewARTController|Controller Name:NewART,Action:GET,Method:newCyclebtnFlag,User:admin,UnitID:2
2023-12-08 12:07:21.2739|INFO|PIVF.Web.Api.New_ART.NewARTController|Controller Name:NewART,Action:GET,Method:newCyclebtnFlag,User:admin,UnitID:2
2023-12-08 12:07:22.2894|INFO|PIVF.Web.Api.New_ART.NewARTController|Controller Name:NewART,Action:GET,Method:GetARTCycleList,User:admin,UnitID:2
2023-12-08 12:07:22.2894|INFO|PIVF.Web.Api.New_ART.NewARTController|Controller Name:NewART,Action:GET,Method:GetARTCycleList,User:admin,UnitID:2
2023-12-08 12:15:38.8060|INFO|PIVF.Web.Api.New_ART.NewARTController|Controller Name:NewART,Action:GET,Method:GetARTCycleList,User:admin,UnitID:2
2023-12-08 12:15:38.8060|INFO|PIVF.Web.Api.New_ART.NewARTController|Controller Name:NewART,Action:GET,Method:GetARTCycleList,User:admin,UnitID:2
2023-12-08 12:15:39.2977|INFO|PIVF.Web.Api.New_ART.NewARTController|Controller Name:NewART,Action:GET,Method:newCyclebtnFlag,User:admin,UnitID:2
2023-12-08 12:15:39.2977|INFO|PIVF.Web.Api.New_ART.NewARTController|Controller Name:NewART,Action:GET,Method:newCyclebtnFlag,User:admin,UnitID:2
2023-12-08 12:15:47.8122|INFO|PIVF.Web.Api.New_ART.NewARTController|Controller Name:NewART,Action:GET,Method:GetCycleOverview,User:admin,UnitID:2
2023-12-08 12:15:47.8122|INFO|PIVF.Web.Api.New_ART.NewARTController|Controller Name:NewART,Action:GET,Method:GetCycleOverview,User:admin,UnitID:2
2023-12-08 12:15:48.2909|INFO|PIVF.Web.Api.New_ART.NewARTController|Controller Name:NewART,Action:GET,Method:GetMedicalHistory,User:admin,UnitID:2
2023-12-08 12:15:48.2909|INFO|PIVF.Web.Api.New_ART.NewARTController|Controller Name:NewART,Action:GET,Method:GetMedicalHistory,User:admin,UnitID:2
2023-12-08 12:16:04.2562|INFO|PIVF.Web.Api.New_ART.NewARTController|Controller Name:NewART,Action:GET,Method:newCyclebtnFlag,User:admin,UnitID:2
2023-12-08 12:16:04.2562|INFO|PIVF.Web.Api.New_ART.NewARTController|Controller Name:NewART,Action:GET,Method:newCyclebtnFlag,User:admin,UnitID:2
2023-12-08 12:16:04.7738|INFO|PIVF.Web.Api.New_ART.NewARTController|Controller Name:NewART,Action:GET,Method:GetARTCycleList,User:admin,UnitID:2
2023-12-08 12:16:04.7738|INFO|PIVF.Web.Api.New_ART.NewARTController|Controller Name:NewART,Action:GET,Method:GetARTCycleList,User:admin,UnitID:2
2023-12-08 12:16:06.9141|INFO|PIVF.Web.Api.New_ART.NewARTController|Controller Name:NewART,Action:GET,Method:GetCycleOverview,User:admin,UnitID:2
2023-12-08 12:16:06.9141|INFO|PIVF.Web.Api.New_ART.NewARTController|Controller Name:NewART,Action:GET,Method:GetCycleOverview,User:admin,UnitID:2
2023-12-08 12:16:07.6022|INFO|PIVF.Web.Api.New_ART.NewARTController|Controller Name:NewART,Action:GET,Method:GetMedicalHistory,User:admin,UnitID:2
2023-12-08 12:16:07.6022|INFO|PIVF.Web.Api.New_ART.NewARTController|Controller Name:NewART,Action:GET,Method:GetMedicalHistory,User:admin,UnitID:2
2023-12-08 12:16:09.5429|INFO|PIVF.Web.Api.New_ART.NewARTController|Controller Name:NewART,Action:GET,Method:GetDetails,User:admin,UnitID:2
2023-12-08 12:16:09.5429|INFO|PIVF.Web.Api.New_ART.NewARTController|Controller Name:NewART,Action:GET,Method:GetDetails,User:admin,UnitID:2
2023-12-08 12:16:14.7176|INFO|PIVF.Web.Api.ARTMgmt.Cryo_Preservation.EmbryoVitrificationAPIController|Controller Name:EmbryoVitrificationAPI,Action:GET,Method:GetFreezeEmbryo,User:admin,UnitID:2
2023-12-08 12:16:14.7176|INFO|PIVF.Web.Api.ARTMgmt.Cryo_Preservation.EmbryoVitrificationAPIController|Controller Name:EmbryoVitrificationAPI,Action:GET,Method:GetFreezeEmbryo,User:admin,UnitID:2
2023-12-08 12:16:14.8184|INFO|PIVF.Web.Api.ARTMgmt.Cryo_Preservation.EmbryoVitrificationAPIController|Controller Name:EmbryoVitrificationAPI,Action:GET,Method:FillMaster,User:admin,UnitID:2
2023-12-08 12:16:14.8184|INFO|PIVF.Web.Api.ARTMgmt.Cryo_Preservation.EmbryoVitrificationAPIController|Controller Name:EmbryoVitrificationAPI,Action:GET,Method:FillMaster,User:admin,UnitID:2
2023-12-08 12:16:28.1256|INFO|PIVF.Web.Api.New_ART.NewARTController|Controller Name:NewART,Action:GET,Method:newCyclebtnFlag,User:admin,UnitID:2
2023-12-08 12:16:28.1256|INFO|PIVF.Web.Api.New_ART.NewARTController|Controller Name:NewART,Action:GET,Method:newCyclebtnFlag,User:admin,UnitID:2
2023-12-08 12:16:29.6455|INFO|PIVF.Web.Api.New_ART.NewARTController|Controller Name:NewART,Action:GET,Method:GetARTCycleList,User:admin,UnitID:2
2023-12-08 12:16:29.6455|INFO|PIVF.Web.Api.New_ART.NewARTController|Controller Name:NewART,Action:GET,Method:GetARTCycleList,User:admin,UnitID:2
2023-12-08 12:33:07.4561|INFO|PIVF.Web.Api.QueueMgt.QueueMgtController|Controller Name:QueueMgt,Action:HttpPost,Method:GetQueueList,User:admin,UnitID:2
2023-12-08 12:33:07.4561|INFO|PIVF.Web.Api.QueueMgt.QueueMgtController|Controller Name:QueueMgt,Action:HttpPost,Method:GetQueueList,User:admin,UnitID:2
2023-12-08 12:33:07.7649|INFO|PIVF.Web.Api.Master.Common.CommonController|1_Controller Name:CommonController,Action:HttpGet,Method:GetDepartmentList,User:admin,UnitID:2
2023-12-08 12:33:07.7649|INFO|PIVF.Web.Api.Master.Common.CommonController|1_Controller Name:CommonController,Action:HttpGet,Method:GetDepartmentList,User:admin,UnitID:2
2023-12-08 12:33:07.7998|INFO|PIVF.Web.Api.Master.Common.CommonController|1_Controller Name:CommonController,Action:HttpGet,Method:GetDoctorsList,User:admin,UnitID:2
2023-12-08 12:33:07.7998|INFO|PIVF.Web.Api.Master.Common.CommonController|1_Controller Name:CommonController,Action:HttpGet,Method:GetDoctorsList,User:admin,UnitID:2
2023-12-08 12:33:07.8258|INFO|PIVF.Web.Api.Master.Common.CommonController|1_Controller Name:CommonController,Action:HttpGet,Method:GetSpeclRegTypeList,User:admin,UnitID:2
2023-12-08 12:33:07.8258|INFO|PIVF.Web.Api.Master.Common.CommonController|1_Controller Name:CommonController,Action:HttpGet,Method:GetSpeclRegTypeList,User:admin,UnitID:2
2023-12-08 12:33:08.5389|INFO|PIVF.Web.Api.Master.Configuration.UserAPIController|Controller Name:UserAPI,Action:HttpGet,Method:GetParentList,User:admin,UnitID:2
2023-12-08 12:33:08.5389|INFO|PIVF.Web.Api.Master.Configuration.UserAPIController|Controller Name:UserAPI,Action:HttpGet,Method:GetParentList,User:admin,UnitID:2
2023-12-08 12:33:08.6725|INFO|PIVF.Web.Api.Master.Configuration.UserAPIController|Controller Name:UserAPI,Action:HttpGet,Method:GetParentList,User:admin,UnitID:2
2023-12-08 12:33:08.6725|INFO|PIVF.Web.Api.Master.Configuration.UserAPIController|Controller Name:UserAPI,Action:HttpGet,Method:GetParentList,User:admin,UnitID:2
2023-12-08 12:33:09.0462|INFO|PIVF.Web.Api.Master.Configuration.UserAPIController|Controller Name:UserAPI,Action:HttpGet,Method:GetUserRoleRights,User:admin,UnitID:2
2023-12-08 12:33:09.0462|INFO|PIVF.Web.Api.Master.Configuration.UserAPIController|Controller Name:UserAPI,Action:HttpGet,Method:GetUserRoleRights,User:admin,UnitID:2
2023-12-08 12:33:09.5460|INFO|PIVF.Web.Api.Master.Configuration.UserAPIController|Controller Name:UserAPI,Action:HttpGet,Method:GetGrandParentList,User:admin,UnitID:2
2023-12-08 12:33:09.5460|INFO|PIVF.Web.Api.Master.Configuration.UserAPIController|Controller Name:UserAPI,Action:HttpGet,Method:GetGrandParentList,User:admin,UnitID:2
2023-12-08 12:33:14.0772|INFO|PIVF.Web.Api.EMR.LandingPage.EMRLandingPageAPIController|Controller Name:EMRLandingPageAPI,Action:GET,Method:GetEMRLandingPageData,User:admin,UnitID:2
2023-12-08 12:33:14.0772|INFO|PIVF.Web.Api.EMR.LandingPage.EMRLandingPageAPIController|Controller Name:EMRLandingPageAPI,Action:GET,Method:GetEMRLandingPageData,User:admin,UnitID:2
2023-12-08 12:33:23.1860|INFO|PIVF.Web.Api.Master.Common.CommonController|Controller Name:Common,Action:GET,Method:GetActiveVisitByPatient,User:admin,UnitID:2
2023-12-08 12:33:23.1860|INFO|PIVF.Web.Api.Master.Common.CommonController|Controller Name:Common,Action:GET,Method:GetActiveVisitByPatient,User:admin,UnitID:2
2023-12-08 12:34:02.3568|INFO|PIVF.Web.Api.Master.Common.CommonController|Controller Name:Common,Action:GET,Method:GetActiveVisitByPatient,User:admin,UnitID:2
2023-12-08 12:34:02.3568|INFO|PIVF.Web.Api.Master.Common.CommonController|Controller Name:Common,Action:GET,Method:GetActiveVisitByPatient,User:admin,UnitID:2
2023-12-08 12:34:02.3848|INFO|PIVF.Web.Api.Master.Common.CommonController|Controller Name:Common,Action:GET,Method:GetActiveVisitByPatient,User:admin,UnitID:2
2023-12-08 12:34:02.3848|INFO|PIVF.Web.Api.Master.Common.CommonController|Controller Name:Common,Action:GET,Method:GetActiveVisitByPatient,User:admin,UnitID:2
2023-12-08 12:34:03.0535|INFO|PIVF.Web.Api.EMR.LandingPage.EMRLandingPageAPIController|Controller Name:EMRLandingPageAPI,Action:GET,Method:GetEMRLandingPageData,User:admin,UnitID:2
2023-12-08 12:34:03.0535|INFO|PIVF.Web.Api.EMR.LandingPage.EMRLandingPageAPIController|Controller Name:EMRLandingPageAPI,Action:GET,Method:GetEMRLandingPageData,User:admin,UnitID:2
2023-12-08 12:34:06.8838|INFO|PIVF.Web.Api.Master.Common.CommonController|Controller Name:Common,Action:POST,Method:PutSelectedvisitByPatient,User:admin,UnitID:2
2023-12-08 12:34:06.8838|INFO|PIVF.Web.Api.Master.Common.CommonController|Controller Name:Common,Action:POST,Method:PutSelectedvisitByPatient,User:admin,UnitID:2
2023-12-08 12:36:02.8207|INFO|PIVF.Web.Api.New_ART.NewARTController|Controller Name:NewART,Action:GET,Method:newCyclebtnFlag,User:admin,UnitID:2
2023-12-08 12:36:02.8207|INFO|PIVF.Web.Api.New_ART.NewARTController|Controller Name:NewART,Action:GET,Method:newCyclebtnFlag,User:admin,UnitID:2
2023-12-08 12:36:03.3335|INFO|PIVF.Web.Api.New_ART.NewARTController|Controller Name:NewART,Action:GET,Method:GetARTCycleList,User:admin,UnitID:2
2023-12-08 12:36:03.3335|INFO|PIVF.Web.Api.New_ART.NewARTController|Controller Name:NewART,Action:GET,Method:GetARTCycleList,User:admin,UnitID:2
2023-12-08 12:36:06.7599|INFO|PIVF.Web.Api.New_ART.NewARTController|Controller Name:NewART,Action:GET,Method:GetCycleOverview,User:admin,UnitID:2
2023-12-08 12:36:06.7599|INFO|PIVF.Web.Api.New_ART.NewARTController|Controller Name:NewART,Action:GET,Method:GetCycleOverview,User:admin,UnitID:2
2023-12-08 12:36:07.3462|INFO|PIVF.Web.Api.New_ART.NewARTController|Controller Name:NewART,Action:GET,Method:GetMedicalHistory,User:admin,UnitID:2
2023-12-08 12:36:07.3462|INFO|PIVF.Web.Api.New_ART.NewARTController|Controller Name:NewART,Action:GET,Method:GetMedicalHistory,User:admin,UnitID:2
2023-12-08 12:36:09.3996|INFO|PIVF.Web.Api.New_ART.NewARTController|Controller Name:NewART,Action:GET,Method:GetDetails,User:admin,UnitID:2
2023-12-08 12:36:09.3996|INFO|PIVF.Web.Api.New_ART.NewARTController|Controller Name:NewART,Action:GET,Method:GetDetails,User:admin,UnitID:2
2023-12-08 12:36:12.9070|INFO|PIVF.Web.Api.ARTMgmt.Cryo_Preservation.EmbryoVitrificationAPIController|Controller Name:EmbryoVitrificationAPI,Action:GET,Method:GetFreezeEmbryo,User:admin,UnitID:2
2023-12-08 12:36:12.9070|INFO|PIVF.Web.Api.ARTMgmt.Cryo_Preservation.EmbryoVitrificationAPIController|Controller Name:EmbryoVitrificationAPI,Action:GET,Method:GetFreezeEmbryo,User:admin,UnitID:2
2023-12-08 12:36:12.9729|INFO|PIVF.Web.Api.ARTMgmt.Cryo_Preservation.EmbryoVitrificationAPIController|Controller Name:EmbryoVitrificationAPI,Action:GET,Method:FillMaster,User:admin,UnitID:2
2023-12-08 12:36:12.9729|INFO|PIVF.Web.Api.ARTMgmt.Cryo_Preservation.EmbryoVitrificationAPIController|Controller Name:EmbryoVitrificationAPI,Action:GET,Method:FillMaster,User:admin,UnitID:2
2023-12-08 12:37:08.8726|INFO|PIVF.Web.Api.Master.Configuration.UserAPIController|Controller Name:UserAPI,Action:HttpGet,Method:GetUserRoleRights,User:admin,UnitID:2
2023-12-08 12:37:08.8726|INFO|PIVF.Web.Api.Master.Configuration.UserAPIController|Controller Name:UserAPI,Action:HttpGet,Method:GetUserRoleRights,User:admin,UnitID:2
2023-12-08 12:37:08.9235|INFO|PIVF.Web.Api.Master.Configuration.UserAPIController|Controller Name:UserAPI,Action:HttpGet,Method:GetGrandParentList,User:admin,UnitID:2
2023-12-08 12:37:08.9235|INFO|PIVF.Web.Api.Master.Configuration.UserAPIController|Controller Name:UserAPI,Action:HttpGet,Method:GetGrandParentList,User:admin,UnitID:2
2023-12-08 12:37:09.5866|INFO|PIVF.Web.Api.Master.Common.CommonController|1_Controller Name:CommonController,Action:HttpGet,Method:GetDoctorsList,User:admin,UnitID:2
2023-12-08 12:37:09.5866|INFO|PIVF.Web.Api.Master.Common.CommonController|1_Controller Name:CommonController,Action:HttpGet,Method:GetDoctorsList,User:admin,UnitID:2
2023-12-08 12:37:09.9493|INFO|PIVF.Web.Api.Master.Common.CommonController|1_Controller Name:CommonController,Action:HttpGet,Method:GetSpeclRegTypeList,User:admin,UnitID:2
2023-12-08 12:37:09.9493|INFO|PIVF.Web.Api.Master.Common.CommonController|1_Controller Name:CommonController,Action:HttpGet,Method:GetSpeclRegTypeList,User:admin,UnitID:2
2023-12-08 12:37:10.2904|INFO|PIVF.Web.Api.Master.Configuration.UserAPIController|Controller Name:UserAPI,Action:HttpGet,Method:GetParentList,User:admin,UnitID:2
2023-12-08 12:37:10.2904|INFO|PIVF.Web.Api.Master.Configuration.UserAPIController|Controller Name:UserAPI,Action:HttpGet,Method:GetParentList,User:admin,UnitID:2
2023-12-08 12:37:10.3828|INFO|PIVF.Web.Api.Master.Configuration.UserAPIController|Controller Name:UserAPI,Action:HttpGet,Method:GetParentList,User:admin,UnitID:2
2023-12-08 12:37:10.3828|INFO|PIVF.Web.Api.Master.Configuration.UserAPIController|Controller Name:UserAPI,Action:HttpGet,Method:GetParentList,User:admin,UnitID:2
2023-12-08 12:37:10.8649|INFO|PIVF.Web.Api.QueueMgt.QueueMgtController|Controller Name:QueueMgt,Action:HttpPost,Method:GetQueueList,User:admin,UnitID:2
2023-12-08 12:37:10.8649|INFO|PIVF.Web.Api.QueueMgt.QueueMgtController|Controller Name:QueueMgt,Action:HttpPost,Method:GetQueueList,User:admin,UnitID:2
2023-12-08 12:37:11.4312|INFO|PIVF.Web.Api.Master.Common.CommonController|1_Controller Name:CommonController,Action:HttpGet,Method:GetDepartmentList,User:admin,UnitID:2
2023-12-08 12:37:11.4312|INFO|PIVF.Web.Api.Master.Common.CommonController|1_Controller Name:CommonController,Action:HttpGet,Method:GetDepartmentList,User:admin,UnitID:2
2023-12-08 12:38:01.1757|INFO|PIVF.Web.Api.Master.Common.CommonController|1_Controller Name:CommonController,Action:HttpGet,Method:GetDoctorsList,User:admin,UnitID:2
2023-12-08 12:38:01.1757|INFO|PIVF.Web.Api.Master.Common.CommonController|1_Controller Name:CommonController,Action:HttpGet,Method:GetDoctorsList,User:admin,UnitID:2
2023-12-08 12:38:01.2704|INFO|PIVF.Web.Api.Master.Common.CommonController|1_Controller Name:CommonController,Action:HttpGet,Method:GetSpeclRegTypeList,User:admin,UnitID:2
2023-12-08 12:38:01.2704|INFO|PIVF.Web.Api.Master.Common.CommonController|1_Controller Name:CommonController,Action:HttpGet,Method:GetSpeclRegTypeList,User:admin,UnitID:2
2023-12-08 12:38:02.0232|INFO|PIVF.Web.Api.QueueMgt.QueueMgtController|Controller Name:QueueMgt,Action:HttpPost,Method:GetQueueList,User:admin,UnitID:2
2023-12-08 12:38:02.0232|INFO|PIVF.Web.Api.QueueMgt.QueueMgtController|Controller Name:QueueMgt,Action:HttpPost,Method:GetQueueList,User:admin,UnitID:2
2023-12-08 12:38:02.2586|INFO|PIVF.Web.Api.EMR.LandingPage.EMRLandingPageAPIController|Controller Name:EMRLandingPageAPI,Action:GET,Method:GetEMRLandingPageData,User:admin,UnitID:2
2023-12-08 12:38:02.2586|INFO|PIVF.Web.Api.EMR.LandingPage.EMRLandingPageAPIController|Controller Name:EMRLandingPageAPI,Action:GET,Method:GetEMRLandingPageData,User:admin,UnitID:2
2023-12-08 12:38:02.5681|INFO|PIVF.Web.Api.Master.Common.CommonController|1_Controller Name:CommonController,Action:HttpGet,Method:GetDepartmentList,User:admin,UnitID:2
2023-12-08 12:38:02.5681|INFO|PIVF.Web.Api.Master.Common.CommonController|1_Controller Name:CommonController,Action:HttpGet,Method:GetDepartmentList,User:admin,UnitID:2
2023-12-08 12:38:10.5493|INFO|PIVF.Web.Api.Master.Common.CommonController|Controller Name:Common,Action:GET,Method:GetActiveVisitByPatient,User:admin,UnitID:2
2023-12-08 12:38:10.5493|INFO|PIVF.Web.Api.Master.Common.CommonController|Controller Name:Common,Action:GET,Method:GetActiveVisitByPatient,User:admin,UnitID:2
2023-12-08 12:38:14.6377|INFO|PIVF.Web.Api.EMR.MaleHistory.SemenPrepController|Controller Name:SemenPrep,Action:GET,Method:GetSemenPreparationListForTC,User:admin,UnitID:2
2023-12-08 12:38:14.6377|INFO|PIVF.Web.Api.EMR.MaleHistory.SemenPrepController|Controller Name:SemenPrep,Action:GET,Method:GetSemenPreparationListForTC,User:admin,UnitID:2
2023-12-08 15:05:36.0970|INFO|PIVF.Web.Api.Master.Configuration.UserAPIController|Controller Name:UserAPI,Action:HttpGet,Method:GetGrandParentList,User:admin,UnitID:2
2023-12-08 15:05:36.0970|INFO|PIVF.Web.Api.Master.Configuration.UserAPIController|Controller Name:UserAPI,Action:HttpGet,Method:GetGrandParentList,User:admin,UnitID:2
2023-12-08 15:05:36.3623|INFO|PIVF.Web.Api.Master.Configuration.UserAPIController|Controller Name:UserAPI,Action:HttpGet,Method:GetParentList,User:admin,UnitID:2
2023-12-08 15:05:36.3623|INFO|PIVF.Web.Api.Master.Configuration.UserAPIController|Controller Name:UserAPI,Action:HttpGet,Method:GetParentList,User:admin,UnitID:2
2023-12-08 15:05:36.5040|INFO|PIVF.Web.Api.Master.Configuration.UserAPIController|Controller Name:UserAPI,Action:HttpGet,Method:GetParentList,User:admin,UnitID:2
2023-12-08 15:05:36.5040|INFO|PIVF.Web.Api.Master.Configuration.UserAPIController|Controller Name:UserAPI,Action:HttpGet,Method:GetParentList,User:admin,UnitID:2
2023-12-08 15:05:36.8491|INFO|PIVF.Web.Api.Master.Common.CommonController|1_Controller Name:CommonController,Action:HttpGet,Method:GetDepartmentList,User:admin,UnitID:2
2023-12-08 15:05:36.8491|INFO|PIVF.Web.Api.Master.Common.CommonController|1_Controller Name:CommonController,Action:HttpGet,Method:GetDepartmentList,User:admin,UnitID:2
2023-12-08 15:05:36.9228|INFO|PIVF.Web.Api.QueueMgt.QueueMgtController|Controller Name:QueueMgt,Action:HttpPost,Method:GetQueueList,User:admin,UnitID:2
2023-12-08 15:05:36.9228|INFO|PIVF.Web.Api.QueueMgt.QueueMgtController|Controller Name:QueueMgt,Action:HttpPost,Method:GetQueueList,User:admin,UnitID:2
2023-12-08 15:05:37.2417|INFO|PIVF.Web.Api.Master.Configuration.UserAPIController|Controller Name:UserAPI,Action:HttpGet,Method:GetUserRoleRights,User:admin,UnitID:2
2023-12-08 15:05:37.2417|INFO|PIVF.Web.Api.Master.Configuration.UserAPIController|Controller Name:UserAPI,Action:HttpGet,Method:GetUserRoleRights,User:admin,UnitID:2
2023-12-08 15:05:37.3667|INFO|PIVF.Web.Api.Master.Common.CommonController|1_Controller Name:CommonController,Action:HttpGet,Method:GetDoctorsList,User:admin,UnitID:2
2023-12-08 15:05:37.3667|INFO|PIVF.Web.Api.Master.Common.CommonController|1_Controller Name:CommonController,Action:HttpGet,Method:GetDoctorsList,User:admin,UnitID:2
2023-12-08 15:05:37.4134|INFO|PIVF.Web.Api.Master.Common.CommonController|1_Controller Name:CommonController,Action:HttpGet,Method:GetSpeclRegTypeList,User:admin,UnitID:2
2023-12-08 15:05:37.4134|INFO|PIVF.Web.Api.Master.Common.CommonController|1_Controller Name:CommonController,Action:HttpGet,Method:GetSpeclRegTypeList,User:admin,UnitID:2
2023-12-08 15:05:42.5335|INFO|PIVF.Web.Api.QueueMgt.QueueMgtController|Controller Name:QueueMgt,Action:HttpPost,Method:GetQueueList,User:admin,UnitID:2
2023-12-08 15:05:42.5335|INFO|PIVF.Web.Api.QueueMgt.QueueMgtController|Controller Name:QueueMgt,Action:HttpPost,Method:GetQueueList,User:admin,UnitID:2
2023-12-08 15:05:42.7077|INFO|PIVF.Web.Api.Master.Common.CommonController|1_Controller Name:CommonController,Action:HttpGet,Method:GetSpeclRegTypeList,User:admin,UnitID:2
2023-12-08 15:05:42.7077|INFO|PIVF.Web.Api.Master.Common.CommonController|1_Controller Name:CommonController,Action:HttpGet,Method:GetSpeclRegTypeList,User:admin,UnitID:2
2023-12-08 15:05:43.5526|INFO|PIVF.Web.Api.EMR.LandingPage.EMRLandingPageAPIController|Controller Name:EMRLandingPageAPI,Action:GET,Method:GetEMRLandingPageData,User:admin,UnitID:2
2023-12-08 15:05:43.5526|INFO|PIVF.Web.Api.EMR.LandingPage.EMRLandingPageAPIController|Controller Name:EMRLandingPageAPI,Action:GET,Method:GetEMRLandingPageData,User:admin,UnitID:2
2023-12-08 15:05:45.5795|INFO|PIVF.Web.Api.Master.Common.CommonController|1_Controller Name:CommonController,Action:HttpGet,Method:GetDoctorsList,User:admin,UnitID:2
2023-12-08 15:05:45.5795|INFO|PIVF.Web.Api.Master.Common.CommonController|1_Controller Name:CommonController,Action:HttpGet,Method:GetDoctorsList,User:admin,UnitID:2
2023-12-08 15:05:46.0952|INFO|PIVF.Web.Api.Master.Common.CommonController|1_Controller Name:CommonController,Action:HttpGet,Method:GetDepartmentList,User:admin,UnitID:2
2023-12-08 15:05:46.0952|INFO|PIVF.Web.Api.Master.Common.CommonController|1_Controller Name:CommonController,Action:HttpGet,Method:GetDepartmentList,User:admin,UnitID:2
2023-12-08 15:05:46.4628|INFO|PIVF.Web.Api.New_ART.NewARTController|Controller Name:NewART,Action:GET,Method:newCyclebtnFlag,User:admin,UnitID:2
2023-12-08 15:05:46.4628|INFO|PIVF.Web.Api.New_ART.NewARTController|Controller Name:NewART,Action:GET,Method:newCyclebtnFlag,User:admin,UnitID:2
2023-12-08 15:05:46.9681|INFO|PIVF.Web.Api.New_ART.NewARTController|Controller Name:NewART,Action:GET,Method:GetARTCycleList,User:admin,UnitID:2
2023-12-08 15:05:46.9681|INFO|PIVF.Web.Api.New_ART.NewARTController|Controller Name:NewART,Action:GET,Method:GetARTCycleList,User:admin,UnitID:2
2023-12-08 15:05:56.4978|INFO|PIVF.Web.Api.Master.Common.CommonController|Controller Name:Common,Action:GET,Method:GetActiveVisitByPatient,User:admin,UnitID:2
2023-12-08 15:05:56.4978|INFO|PIVF.Web.Api.Master.Common.CommonController|Controller Name:Common,Action:GET,Method:GetActiveVisitByPatient,User:admin,UnitID:2
2023-12-08 15:05:56.5397|INFO|PIVF.Web.Api.Master.Common.CommonController|Controller Name:Common,Action:GET,Method:GetActiveVisitByPatient,User:admin,UnitID:2
2023-12-08 15:05:56.5397|INFO|PIVF.Web.Api.Master.Common.CommonController|Controller Name:Common,Action:GET,Method:GetActiveVisitByPatient,User:admin,UnitID:2
2023-12-08 15:05:56.6088|INFO|PIVF.Web.Api.EMR.LandingPage.EMRLandingPageAPIController|Controller Name:EMRLandingPageAPI,Action:GET,Method:GetEMRLandingPageData,User:admin,UnitID:2
2023-12-08 15:05:56.6088|INFO|PIVF.Web.Api.EMR.LandingPage.EMRLandingPageAPIController|Controller Name:EMRLandingPageAPI,Action:GET,Method:GetEMRLandingPageData,User:admin,UnitID:2
2023-12-08 15:05:59.6169|INFO|PIVF.Web.Api.Master.Common.CommonController|Controller Name:Common,Action:POST,Method:PutSelectedvisitByPatient,User:admin,UnitID:2
2023-12-08 15:05:59.6169|INFO|PIVF.Web.Api.Master.Common.CommonController|Controller Name:Common,Action:POST,Method:PutSelectedvisitByPatient,User:admin,UnitID:2
2023-12-08 15:06:02.9622|INFO|PIVF.Web.Api.New_ART.NewARTController|Controller Name:NewART,Action:GET,Method:newCyclebtnFlag,User:admin,UnitID:2
2023-12-08 15:06:02.9622|INFO|PIVF.Web.Api.New_ART.NewARTController|Controller Name:NewART,Action:GET,Method:newCyclebtnFlag,User:admin,UnitID:2
2023-12-08 15:06:02.9771|INFO|PIVF.Web.Api.New_ART.NewARTController|Controller Name:NewART,Action:GET,Method:GetARTCycleList,User:admin,UnitID:2
2023-12-08 15:06:02.9771|INFO|PIVF.Web.Api.New_ART.NewARTController|Controller Name:NewART,Action:GET,Method:GetARTCycleList,User:admin,UnitID:2
2023-12-08 15:06:05.9314|INFO|PIVF.Web.Api.New_ART.NewARTController|Controller Name:NewART,Action:GET,Method:GetCycleOverview,User:admin,UnitID:2
2023-12-08 15:06:05.9314|INFO|PIVF.Web.Api.New_ART.NewARTController|Controller Name:NewART,Action:GET,Method:GetCycleOverview,User:admin,UnitID:2
2023-12-08 15:06:06.2073|INFO|PIVF.Web.Api.New_ART.NewARTController|Controller Name:NewART,Action:GET,Method:GetMedicalHistory,User:admin,UnitID:2
2023-12-08 15:06:06.2073|INFO|PIVF.Web.Api.New_ART.NewARTController|Controller Name:NewART,Action:GET,Method:GetMedicalHistory,User:admin,UnitID:2
2023-12-08 15:06:08.6397|INFO|PIVF.Web.Api.New_ART.NewARTController|Controller Name:NewART,Action:GET,Method:GetDetails,User:admin,UnitID:2
2023-12-08 15:06:08.6397|INFO|PIVF.Web.Api.New_ART.NewARTController|Controller Name:NewART,Action:GET,Method:GetDetails,User:admin,UnitID:2
2023-12-08 15:06:14.9304|INFO|PIVF.Web.Api.ARTMgmt.Embrology.EmbrologyAPIController|Controller Name:EmbrologyAPI,Action:GET,Method:GetOPUData,User:admin,UnitID:2
2023-12-08 15:06:14.9304|INFO|PIVF.Web.Api.ARTMgmt.Embrology.EmbrologyAPIController|Controller Name:EmbrologyAPI,Action:GET,Method:GetOPUData,User:admin,UnitID:2
2023-12-08 15:06:14.9943|INFO|PIVF.Web.Api.ARTMgmt.Embrology.EmbrologyAPIController|Controller Name:EmbrologyAPI,Action:GET,Method:fillDayOocyteGrid,User:admin,UnitID:2
2023-12-08 15:06:14.9943|INFO|PIVF.Web.Api.ARTMgmt.Embrology.EmbrologyAPIController|Controller Name:EmbrologyAPI,Action:GET,Method:fillDayOocyteGrid,User:admin,UnitID:2
2023-12-08 15:06:21.8837|INFO|PIVF.Web.Api.ARTMgmt.Embrology.EmbrologyAPIController|Controller Name:EmbrologyAPI,Action:GET,Method:fillDayThreeOocyteGrid,User:admin,UnitID:2
2023-12-08 15:06:21.8837|INFO|PIVF.Web.Api.ARTMgmt.Embrology.EmbrologyAPIController|Controller Name:EmbrologyAPI,Action:GET,Method:fillDayThreeOocyteGrid,User:admin,UnitID:2
2023-12-08 15:06:22.1732|INFO|PIVF.Web.Api.ARTMgmt.Embrology.EmbrologyAPIController|Controller Name:EmbrologyAPI,Action:GET,Method:FillDayThreeMaster,User:admin,UnitID:2
2023-12-08 15:06:22.1732|INFO|PIVF.Web.Api.ARTMgmt.Embrology.EmbrologyAPIController|Controller Name:EmbrologyAPI,Action:GET,Method:FillDayThreeMaster,User:admin,UnitID:2
2023-12-08 15:06:29.9284|INFO|PIVF.Web.Api.ARTMgmt.Embrology.EmbrologyAPIController|Controller Name:EmbrologyAPI,Action:GET,Method:GetOocytesForDay0,User:admin,UnitID:2
2023-12-08 15:06:29.9284|INFO|PIVF.Web.Api.ARTMgmt.Embrology.EmbrologyAPIController|Controller Name:EmbrologyAPI,Action:GET,Method:GetOocytesForDay0,User:admin,UnitID:2
2023-12-08 15:06:30.3424|INFO|PIVF.Web.Api.ARTMgmt.Embrology.EmbrologyAPIController|Controller Name:EmbrologyAPI,Action:GET,Method:GetSemenDetails,User:admin,UnitID:2
2023-12-08 15:06:30.3424|INFO|PIVF.Web.Api.ARTMgmt.Embrology.EmbrologyAPIController|Controller Name:EmbrologyAPI,Action:GET,Method:GetSemenDetails,User:admin,UnitID:2
2023-12-08 15:06:30.6372|INFO|PIVF.Web.Api.ARTMgmt.Embrology.EmbrologyAPIController|Controller Name:EmbrologyAPI,Action:GET,Method:FillDayZeroOocyteGrid,User:admin,UnitID:2
2023-12-08 15:06:30.6372|INFO|PIVF.Web.Api.ARTMgmt.Embrology.EmbrologyAPIController|Controller Name:EmbrologyAPI,Action:GET,Method:FillDayZeroOocyteGrid,User:admin,UnitID:2
2023-12-08 15:06:42.9804|INFO|PIVF.Web.Api.ARTMgmt.Embrology.EmbrologyAPIController|Controller Name:EmbrologyAPI,Action:GET,Method:GetOocytesForDay0,User:admin,UnitID:2
2023-12-08 15:06:42.9804|INFO|PIVF.Web.Api.ARTMgmt.Embrology.EmbrologyAPIController|Controller Name:EmbrologyAPI,Action:GET,Method:GetOocytesForDay0,User:admin,UnitID:2
2023-12-08 15:07:06.1058|INFO|PIVF.Web.Api.ARTMgmt.Embrology.EmbrologyAPIController|Controller Name:EmbrologyAPI,Action:POST,Method:SaveDayZeroProcess,User:admin,UnitID:2
2023-12-08 15:07:06.1058|INFO|PIVF.Web.Api.ARTMgmt.Embrology.EmbrologyAPIController|Controller Name:EmbrologyAPI,Action:POST,Method:SaveDayZeroProcess,User:admin,UnitID:2
2023-12-08 15:07:06.1716|INFO|PIVF.Web.Api.ARTMgmt.Embrology.EmbrologyAPIController|Controller Name:EmbrologyAPI,Action:GET,Method:FillDayZeroOocyteGrid,User:admin,UnitID:2
2023-12-08 15:07:06.1716|INFO|PIVF.Web.Api.ARTMgmt.Embrology.EmbrologyAPIController|Controller Name:EmbrologyAPI,Action:GET,Method:FillDayZeroOocyteGrid,User:admin,UnitID:2
2023-12-08 15:07:19.7055|INFO|PIVF.Web.Api.ARTMgmt.Embrology.EmbrologyAPIController|Controller Name:EmbrologyAPI,Action:POST,Method:SaveDayZeroFinalizeProcess,User:admin,UnitID:2
2023-12-08 15:07:19.7055|INFO|PIVF.Web.Api.ARTMgmt.Embrology.EmbrologyAPIController|Controller Name:EmbrologyAPI,Action:POST,Method:SaveDayZeroFinalizeProcess,User:admin,UnitID:2
2023-12-08 15:07:19.7869|INFO|PIVF.Web.Api.ARTMgmt.Embrology.EmbrologyAPIController|Controller Name:EmbrologyAPI,Action:GET,Method:fillDayOocyteGrid,User:admin,UnitID:2
2023-12-08 15:07:19.7869|INFO|PIVF.Web.Api.ARTMgmt.Embrology.EmbrologyAPIController|Controller Name:EmbrologyAPI,Action:GET,Method:fillDayOocyteGrid,User:admin,UnitID:2
2023-12-08 15:07:31.2577|INFO|PIVF.Web.Api.ARTMgmt.Embrology.EmbrologyAPIController|Controller Name:EmbrologyAPI,Action:GET,Method:fillDayWiseOocyteGrid,User:admin,UnitID:2
2023-12-08 15:07:31.2577|INFO|PIVF.Web.Api.ARTMgmt.Embrology.EmbrologyAPIController|Controller Name:EmbrologyAPI,Action:GET,Method:fillDayWiseOocyteGrid,User:admin,UnitID:2
2023-12-08 15:07:31.4298|INFO|PIVF.Web.Api.ARTMgmt.Embrology.EmbrologyAPIController|Controller Name:EmbrologyAPI,Action:GET,Method:FillDayOneMaster,User:admin,UnitID:2
2023-12-08 15:07:31.4298|INFO|PIVF.Web.Api.ARTMgmt.Embrology.EmbrologyAPIController|Controller Name:EmbrologyAPI,Action:GET,Method:FillDayOneMaster,User:admin,UnitID:2
2023-12-08 15:13:42.6907|INFO|PIVF.Web.Api.ARTMgmt.Embrology.EmbrologyAPIController|Controller Name:EmbrologyAPI,Action:GET,Method:fillDayWiseOocyteGrid,User:admin,UnitID:2
2023-12-08 15:13:42.6907|INFO|PIVF.Web.Api.ARTMgmt.Embrology.EmbrologyAPIController|Controller Name:EmbrologyAPI,Action:GET,Method:fillDayWiseOocyteGrid,User:admin,UnitID:2
2023-12-08 15:13:43.0278|INFO|PIVF.Web.Api.ARTMgmt.Embrology.EmbrologyAPIController|Controller Name:EmbrologyAPI,Action:GET,Method:FillDayOneMaster,User:admin,UnitID:2
2023-12-08 15:13:43.0278|INFO|PIVF.Web.Api.ARTMgmt.Embrology.EmbrologyAPIController|Controller Name:EmbrologyAPI,Action:GET,Method:FillDayOneMaster,User:admin,UnitID:2
2023-12-08 15:17:49.1606|INFO|PIVF.Web.Api.Master.Configuration.UserAPIController|Controller Name:UserAPI,Action:HttpGet,Method:GetGrandParentList,User:admin,UnitID:2
2023-12-08 15:17:49.1606|INFO|PIVF.Web.Api.Master.Configuration.UserAPIController|Controller Name:UserAPI,Action:HttpGet,Method:GetGrandParentList,User:admin,UnitID:2
2023-12-08 15:17:49.3550|INFO|PIVF.Web.Api.QueueMgt.QueueMgtController|Controller Name:QueueMgt,Action:HttpPost,Method:GetQueueList,User:admin,UnitID:2
2023-12-08 15:17:49.3550|INFO|PIVF.Web.Api.QueueMgt.QueueMgtController|Controller Name:QueueMgt,Action:HttpPost,Method:GetQueueList,User:admin,UnitID:2
2023-12-08 15:17:49.6462|INFO|PIVF.Web.Api.Master.Common.CommonController|1_Controller Name:CommonController,Action:HttpGet,Method:GetDoctorsList,User:admin,UnitID:2
2023-12-08 15:17:49.6462|INFO|PIVF.Web.Api.Master.Common.CommonController|1_Controller Name:CommonController,Action:HttpGet,Method:GetDoctorsList,User:admin,UnitID:2
2023-12-08 15:17:49.6691|INFO|PIVF.Web.Api.Master.Common.CommonController|1_Controller Name:CommonController,Action:HttpGet,Method:GetSpeclRegTypeList,User:admin,UnitID:2
2023-12-08 15:17:49.6691|INFO|PIVF.Web.Api.Master.Common.CommonController|1_Controller Name:CommonController,Action:HttpGet,Method:GetSpeclRegTypeList,User:admin,UnitID:2
2023-12-08 15:17:50.1655|INFO|PIVF.Web.Api.Master.Configuration.UserAPIController|Controller Name:UserAPI,Action:HttpGet,Method:GetUserRoleRights,User:admin,UnitID:2
2023-12-08 15:17:50.1655|INFO|PIVF.Web.Api.Master.Configuration.UserAPIController|Controller Name:UserAPI,Action:HttpGet,Method:GetUserRoleRights,User:admin,UnitID:2
2023-12-08 15:17:50.4014|INFO|PIVF.Web.Api.Master.Common.CommonController|1_Controller Name:CommonController,Action:HttpGet,Method:GetDepartmentList,User:admin,UnitID:2
2023-12-08 15:17:50.4014|INFO|PIVF.Web.Api.Master.Common.CommonController|1_Controller Name:CommonController,Action:HttpGet,Method:GetDepartmentList,User:admin,UnitID:2
2023-12-08 15:17:51.3948|INFO|PIVF.Web.Api.Master.Configuration.UserAPIController|Controller Name:UserAPI,Action:HttpGet,Method:GetParentList,User:admin,UnitID:2
2023-12-08 15:17:51.3948|INFO|PIVF.Web.Api.Master.Configuration.UserAPIController|Controller Name:UserAPI,Action:HttpGet,Method:GetParentList,User:admin,UnitID:2
2023-12-08 15:17:51.4194|INFO|PIVF.Web.Api.Master.Configuration.UserAPIController|Controller Name:UserAPI,Action:HttpGet,Method:GetParentList,User:admin,UnitID:2
2023-12-08 15:17:51.4194|INFO|PIVF.Web.Api.Master.Configuration.UserAPIController|Controller Name:UserAPI,Action:HttpGet,Method:GetParentList,User:admin,UnitID:2
2023-12-08 15:18:00.9862|INFO|PIVF.Web.Api.Master.Common.CommonController|Controller Name:Common,Action:GET,Method:GetActiveVisitByPatient,User:admin,UnitID:2
2023-12-08 15:18:00.9862|INFO|PIVF.Web.Api.Master.Common.CommonController|Controller Name:Common,Action:GET,Method:GetActiveVisitByPatient,User:admin,UnitID:2
2023-12-08 15:18:01.9364|INFO|PIVF.Web.Api.Master.Common.CommonController|Controller Name:Common,Action:GET,Method:GetActiveVisitByPatient,User:admin,UnitID:2
2023-12-08 15:18:01.9364|INFO|PIVF.Web.Api.Master.Common.CommonController|Controller Name:Common,Action:GET,Method:GetActiveVisitByPatient,User:admin,UnitID:2
2023-12-08 15:18:02.6496|INFO|PIVF.Web.Api.EMR.LandingPage.EMRLandingPageAPIController|Controller Name:EMRLandingPageAPI,Action:GET,Method:GetEMRLandingPageData,User:admin,UnitID:2
2023-12-08 15:18:02.6496|INFO|PIVF.Web.Api.EMR.LandingPage.EMRLandingPageAPIController|Controller Name:EMRLandingPageAPI,Action:GET,Method:GetEMRLandingPageData,User:admin,UnitID:2
2023-12-08 15:18:03.7871|INFO|PIVF.Web.Api.Master.Common.CommonController|Controller Name:Common,Action:POST,Method:PutSelectedvisitByPatient,User:admin,UnitID:2
2023-12-08 15:18:03.7871|INFO|PIVF.Web.Api.Master.Common.CommonController|Controller Name:Common,Action:POST,Method:PutSelectedvisitByPatient,User:admin,UnitID:2
2023-12-08 15:18:07.1856|INFO|PIVF.Web.Api.New_ART.NewARTController|Controller Name:NewART,Action:GET,Method:newCyclebtnFlag,User:admin,UnitID:2
2023-12-08 15:18:07.1856|INFO|PIVF.Web.Api.New_ART.NewARTController|Controller Name:NewART,Action:GET,Method:newCyclebtnFlag,User:admin,UnitID:2
2023-12-08 15:18:07.6983|INFO|PIVF.Web.Api.New_ART.NewARTController|Controller Name:NewART,Action:GET,Method:GetARTCycleList,User:admin,UnitID:2
2023-12-08 15:18:07.6983|INFO|PIVF.Web.Api.New_ART.NewARTController|Controller Name:NewART,Action:GET,Method:GetARTCycleList,User:admin,UnitID:2
2023-12-08 15:18:11.7546|INFO|PIVF.Web.Api.New_ART.NewARTController|Controller Name:NewART,Action:GET,Method:GetCycleOverview,User:admin,UnitID:2
2023-12-08 15:18:11.7546|INFO|PIVF.Web.Api.New_ART.NewARTController|Controller Name:NewART,Action:GET,Method:GetCycleOverview,User:admin,UnitID:2
2023-12-08 15:18:11.8463|INFO|PIVF.Web.Api.New_ART.NewARTController|Controller Name:NewART,Action:GET,Method:GetMedicalHistory,User:admin,UnitID:2
2023-12-08 15:18:11.8463|INFO|PIVF.Web.Api.New_ART.NewARTController|Controller Name:NewART,Action:GET,Method:GetMedicalHistory,User:admin,UnitID:2
2023-12-08 15:18:14.3464|INFO|PIVF.Web.Api.New_ART.NewARTController|Controller Name:NewART,Action:GET,Method:GetDetails,User:admin,UnitID:2
2023-12-08 15:18:14.3464|INFO|PIVF.Web.Api.New_ART.NewARTController|Controller Name:NewART,Action:GET,Method:GetDetails,User:admin,UnitID:2
2023-12-08 15:18:20.2605|INFO|PIVF.Web.Api.ARTMgmt.Embrology.EmbrologyAPIController|Controller Name:EmbrologyAPI,Action:GET,Method:GetOPUData,User:admin,UnitID:2
2023-12-08 15:18:20.2605|INFO|PIVF.Web.Api.ARTMgmt.Embrology.EmbrologyAPIController|Controller Name:EmbrologyAPI,Action:GET,Method:GetOPUData,User:admin,UnitID:2
2023-12-08 15:18:20.8151|INFO|PIVF.Web.Api.ARTMgmt.Embrology.EmbrologyAPIController|Controller Name:EmbrologyAPI,Action:GET,Method:fillDayOocyteGrid,User:admin,UnitID:2
2023-12-08 15:18:20.8151|INFO|PIVF.Web.Api.ARTMgmt.Embrology.EmbrologyAPIController|Controller Name:EmbrologyAPI,Action:GET,Method:fillDayOocyteGrid,User:admin,UnitID:2
2023-12-08 15:18:30.8022|INFO|PIVF.Web.Api.ARTMgmt.Embrology.EmbrologyAPIController|Controller Name:EmbrologyAPI,Action:GET,Method:fillDayWiseOocyteGrid,User:admin,UnitID:2
2023-12-08 15:18:30.8022|INFO|PIVF.Web.Api.ARTMgmt.Embrology.EmbrologyAPIController|Controller Name:EmbrologyAPI,Action:GET,Method:fillDayWiseOocyteGrid,User:admin,UnitID:2
2023-12-08 15:18:30.8830|INFO|PIVF.Web.Api.ARTMgmt.Embrology.EmbrologyAPIController|Controller Name:EmbrologyAPI,Action:GET,Method:FillDayOneMaster,User:admin,UnitID:2
2023-12-08 15:18:30.8830|INFO|PIVF.Web.Api.ARTMgmt.Embrology.EmbrologyAPIController|Controller Name:EmbrologyAPI,Action:GET,Method:FillDayOneMaster,User:admin,UnitID:2
2023-12-08 15:19:31.8938|INFO|PIVF.Web.Api.ARTMgmt.Embrology.EmbrologyAPIController|Controller Name:EmbrologyAPI,Action:GET,Method:fillDayWiseOocyteGrid,User:admin,UnitID:2
2023-12-08 15:19:31.8938|INFO|PIVF.Web.Api.ARTMgmt.Embrology.EmbrologyAPIController|Controller Name:EmbrologyAPI,Action:GET,Method:fillDayWiseOocyteGrid,User:admin,UnitID:2
2023-12-08 15:19:32.6116|INFO|PIVF.Web.Api.ARTMgmt.Embrology.EmbrologyAPIController|Controller Name:EmbrologyAPI,Action:GET,Method:FillDayOneMaster,User:admin,UnitID:2
2023-12-08 15:19:32.6116|INFO|PIVF.Web.Api.ARTMgmt.Embrology.EmbrologyAPIController|Controller Name:EmbrologyAPI,Action:GET,Method:FillDayOneMaster,User:admin,UnitID:2
2023-12-08 15:21:56.3541|INFO|PIVF.Web.Api.ARTMgmt.Embrology.EmbrologyAPIController|Controller Name:EmbrologyAPI,Action:GET,Method:fillDayWiseOocyteGrid,User:admin,UnitID:2
2023-12-08 15:21:56.3541|INFO|PIVF.Web.Api.ARTMgmt.Embrology.EmbrologyAPIController|Controller Name:EmbrologyAPI,Action:GET,Method:fillDayWiseOocyteGrid,User:admin,UnitID:2
2023-12-08 15:21:57.2131|INFO|PIVF.Web.Api.ARTMgmt.Embrology.EmbrologyAPIController|Controller Name:EmbrologyAPI,Action:GET,Method:FillDayOneMaster,User:admin,UnitID:2
2023-12-08 15:21:57.2131|INFO|PIVF.Web.Api.ARTMgmt.Embrology.EmbrologyAPIController|Controller Name:EmbrologyAPI,Action:GET,Method:FillDayOneMaster,User:admin,UnitID:2
2023-12-08 15:22:35.0185|INFO|PIVF.Web.Api.ARTMgmt.Embrology.EmbrologyAPIController|Controller Name:EmbrologyAPI,Action:POST,Method:SaveDayOneProcess,User:admin,UnitID:2
2023-12-08 15:22:35.0185|INFO|PIVF.Web.Api.ARTMgmt.Embrology.EmbrologyAPIController|Controller Name:EmbrologyAPI,Action:POST,Method:SaveDayOneProcess,User:admin,UnitID:2
2023-12-08 15:22:35.0913|INFO|PIVF.Web.Api.ARTMgmt.Embrology.EmbrologyAPIController|Controller Name:EmbrologyAPI,Action:GET,Method:fillDayOocyteGrid,User:admin,UnitID:2
2023-12-08 15:22:35.0913|INFO|PIVF.Web.Api.ARTMgmt.Embrology.EmbrologyAPIController|Controller Name:EmbrologyAPI,Action:GET,Method:fillDayOocyteGrid,User:admin,UnitID:2
2023-12-08 15:22:40.3197|INFO|PIVF.Web.Api.ARTMgmt.Embrology.EmbrologyAPIController|Controller Name:EmbrologyAPI,Action:GET,Method:fillDayTwoOocyteGrid,User:admin,UnitID:2
2023-12-08 15:22:40.3197|INFO|PIVF.Web.Api.ARTMgmt.Embrology.EmbrologyAPIController|Controller Name:EmbrologyAPI,Action:GET,Method:fillDayTwoOocyteGrid,User:admin,UnitID:2
2023-12-08 15:22:40.5729|INFO|PIVF.Web.Api.ARTMgmt.Embrology.EmbrologyAPIController|Controller Name:EmbrologyAPI,Action:GET,Method:FillDayTwoMaster,User:admin,UnitID:2
2023-12-08 15:22:40.5729|INFO|PIVF.Web.Api.ARTMgmt.Embrology.EmbrologyAPIController|Controller Name:EmbrologyAPI,Action:GET,Method:FillDayTwoMaster,User:admin,UnitID:2
2023-12-08 15:23:08.9737|INFO|PIVF.Web.Api.ARTMgmt.Embrology.EmbrologyAPIController|Controller Name:EmbrologyAPI,Action:GET,Method:fillDayWiseOocyteGrid,User:admin,UnitID:2
2023-12-08 15:23:08.9737|INFO|PIVF.Web.Api.ARTMgmt.Embrology.EmbrologyAPIController|Controller Name:EmbrologyAPI,Action:GET,Method:fillDayWiseOocyteGrid,User:admin,UnitID:2
2023-12-08 15:23:09.5837|INFO|PIVF.Web.Api.ARTMgmt.Embrology.EmbrologyAPIController|Controller Name:EmbrologyAPI,Action:GET,Method:FillDayOneMaster,User:admin,UnitID:2
2023-12-08 15:23:09.5837|INFO|PIVF.Web.Api.ARTMgmt.Embrology.EmbrologyAPIController|Controller Name:EmbrologyAPI,Action:GET,Method:FillDayOneMaster,User:admin,UnitID:2
2023-12-08 15:23:15.6104|INFO|PIVF.Web.Api.ARTMgmt.Embrology.EmbrologyAPIController|Controller Name:EmbrologyAPI,Action:GET,Method:fillDayTwoOocyteGrid,User:admin,UnitID:2
2023-12-08 15:23:15.6104|INFO|PIVF.Web.Api.ARTMgmt.Embrology.EmbrologyAPIController|Controller Name:EmbrologyAPI,Action:GET,Method:fillDayTwoOocyteGrid,User:admin,UnitID:2
2023-12-08 15:23:15.7022|INFO|PIVF.Web.Api.ARTMgmt.Embrology.EmbrologyAPIController|Controller Name:EmbrologyAPI,Action:GET,Method:FillDayTwoMaster,User:admin,UnitID:2
2023-12-08 15:23:15.7022|INFO|PIVF.Web.Api.ARTMgmt.Embrology.EmbrologyAPIController|Controller Name:EmbrologyAPI,Action:GET,Method:FillDayTwoMaster,User:admin,UnitID:2
2023-12-08 15:23:25.1704|INFO|PIVF.Web.Api.ARTMgmt.Embrology.EmbrologyAPIController|Controller Name:EmbrologyAPI,Action:GET,Method:fillDayWiseOocyteGrid,User:admin,UnitID:2
2023-12-08 15:23:25.1704|INFO|PIVF.Web.Api.ARTMgmt.Embrology.EmbrologyAPIController|Controller Name:EmbrologyAPI,Action:GET,Method:fillDayWiseOocyteGrid,User:admin,UnitID:2
2023-12-08 15:23:25.2412|INFO|PIVF.Web.Api.ARTMgmt.Embrology.EmbrologyAPIController|Controller Name:EmbrologyAPI,Action:GET,Method:FillDayOneMaster,User:admin,UnitID:2
2023-12-08 15:23:25.2412|INFO|PIVF.Web.Api.ARTMgmt.Embrology.EmbrologyAPIController|Controller Name:EmbrologyAPI,Action:GET,Method:FillDayOneMaster,User:admin,UnitID:2
2023-12-08 15:23:35.1937|INFO|PIVF.Web.Api.ARTMgmt.Embrology.EmbrologyAPIController|Controller Name:EmbrologyAPI,Action:GET,Method:GetOocytesForDay0,User:admin,UnitID:2
2023-12-08 15:23:35.1937|INFO|PIVF.Web.Api.ARTMgmt.Embrology.EmbrologyAPIController|Controller Name:EmbrologyAPI,Action:GET,Method:GetOocytesForDay0,User:admin,UnitID:2
2023-12-08 15:23:35.4771|INFO|PIVF.Web.Api.ARTMgmt.Embrology.EmbrologyAPIController|Controller Name:EmbrologyAPI,Action:GET,Method:FillDayZeroOocyteGrid,User:admin,UnitID:2
2023-12-08 15:23:35.4771|INFO|PIVF.Web.Api.ARTMgmt.Embrology.EmbrologyAPIController|Controller Name:EmbrologyAPI,Action:GET,Method:FillDayZeroOocyteGrid,User:admin,UnitID:2
2023-12-08 15:23:36.0219|INFO|PIVF.Web.Api.ARTMgmt.Embrology.EmbrologyAPIController|Controller Name:EmbrologyAPI,Action:GET,Method:GetSemenDetails,User:admin,UnitID:2
2023-12-08 15:23:36.0219|INFO|PIVF.Web.Api.ARTMgmt.Embrology.EmbrologyAPIController|Controller Name:EmbrologyAPI,Action:GET,Method:GetSemenDetails,User:admin,UnitID:2
2023-12-08 15:23:38.5921|INFO|PIVF.Web.Api.ARTMgmt.Embrology.EmbrologyAPIController|Controller Name:EmbrologyAPI,Action:GET,Method:GetOocytesForDay0,User:admin,UnitID:2
2023-12-08 15:23:38.5921|INFO|PIVF.Web.Api.ARTMgmt.Embrology.EmbrologyAPIController|Controller Name:EmbrologyAPI,Action:GET,Method:GetOocytesForDay0,User:admin,UnitID:2
2023-12-08 15:24:17.4262|INFO|PIVF.Web.Api.ARTMgmt.Embrology.EmbrologyAPIController|Controller Name:EmbrologyAPI,Action:POST,Method:SaveDayZeroProcess,User:admin,UnitID:2
2023-12-08 15:24:17.4262|INFO|PIVF.Web.Api.ARTMgmt.Embrology.EmbrologyAPIController|Controller Name:EmbrologyAPI,Action:POST,Method:SaveDayZeroProcess,User:admin,UnitID:2
2023-12-08 15:24:17.4511|INFO|PIVF.Web.Api.ARTMgmt.Embrology.EmbrologyAPIController|Controller Name:EmbrologyAPI,Action:GET,Method:FillDayZeroOocyteGrid,User:admin,UnitID:2
2023-12-08 15:24:17.4511|INFO|PIVF.Web.Api.ARTMgmt.Embrology.EmbrologyAPIController|Controller Name:EmbrologyAPI,Action:GET,Method:FillDayZeroOocyteGrid,User:admin,UnitID:2
2023-12-08 15:24:24.4484|INFO|PIVF.Web.Api.ARTMgmt.Embrology.EmbrologyAPIController|Controller Name:EmbrologyAPI,Action:POST,Method:SaveDayZeroFinalizeProcess,User:admin,UnitID:2
2023-12-08 15:24:24.4484|INFO|PIVF.Web.Api.ARTMgmt.Embrology.EmbrologyAPIController|Controller Name:EmbrologyAPI,Action:POST,Method:SaveDayZeroFinalizeProcess,User:admin,UnitID:2
2023-12-08 15:24:24.4893|INFO|PIVF.Web.Api.ARTMgmt.Embrology.EmbrologyAPIController|Controller Name:EmbrologyAPI,Action:GET,Method:fillDayOocyteGrid,User:admin,UnitID:2
2023-12-08 15:24:24.4893|INFO|PIVF.Web.Api.ARTMgmt.Embrology.EmbrologyAPIController|Controller Name:EmbrologyAPI,Action:GET,Method:fillDayOocyteGrid,User:admin,UnitID:2
2023-12-08 15:24:26.7282|INFO|PIVF.Web.Api.ARTMgmt.Embrology.EmbrologyAPIController|Controller Name:EmbrologyAPI,Action:GET,Method:fillDayWiseOocyteGrid,User:admin,UnitID:2
2023-12-08 15:24:26.7282|INFO|PIVF.Web.Api.ARTMgmt.Embrology.EmbrologyAPIController|Controller Name:EmbrologyAPI,Action:GET,Method:fillDayWiseOocyteGrid,User:admin,UnitID:2
2023-12-08 15:24:26.8661|INFO|PIVF.Web.Api.ARTMgmt.Embrology.EmbrologyAPIController|Controller Name:EmbrologyAPI,Action:GET,Method:FillDayOneMaster,User:admin,UnitID:2
2023-12-08 15:24:26.8661|INFO|PIVF.Web.Api.ARTMgmt.Embrology.EmbrologyAPIController|Controller Name:EmbrologyAPI,Action:GET,Method:FillDayOneMaster,User:admin,UnitID:2
2023-12-08 15:24:38.8721|INFO|PIVF.Web.Api.ARTMgmt.Embrology.EmbrologyAPIController|Controller Name:EmbrologyAPI,Action:GET,Method:GetOocytesForDay0,User:admin,UnitID:2
2023-12-08 15:24:38.8721|INFO|PIVF.Web.Api.ARTMgmt.Embrology.EmbrologyAPIController|Controller Name:EmbrologyAPI,Action:GET,Method:GetOocytesForDay0,User:admin,UnitID:2
2023-12-08 15:24:38.9767|INFO|PIVF.Web.Api.ARTMgmt.Embrology.EmbrologyAPIController|Controller Name:EmbrologyAPI,Action:GET,Method:GetSemenDetails,User:admin,UnitID:2
2023-12-08 15:24:38.9767|INFO|PIVF.Web.Api.ARTMgmt.Embrology.EmbrologyAPIController|Controller Name:EmbrologyAPI,Action:GET,Method:GetSemenDetails,User:admin,UnitID:2
2023-12-08 15:24:39.3435|INFO|PIVF.Web.Api.ARTMgmt.Embrology.EmbrologyAPIController|Controller Name:EmbrologyAPI,Action:GET,Method:FillDayZeroOocyteGrid,User:admin,UnitID:2
2023-12-08 15:24:39.3435|INFO|PIVF.Web.Api.ARTMgmt.Embrology.EmbrologyAPIController|Controller Name:EmbrologyAPI,Action:GET,Method:FillDayZeroOocyteGrid,User:admin,UnitID:2
2023-12-08 15:24:41.5613|INFO|PIVF.Web.Api.ARTMgmt.Embrology.EmbrologyAPIController|Controller Name:EmbrologyAPI,Action:GET,Method:GetOocytesForDay0,User:admin,UnitID:2
2023-12-08 15:24:41.5613|INFO|PIVF.Web.Api.ARTMgmt.Embrology.EmbrologyAPIController|Controller Name:EmbrologyAPI,Action:GET,Method:GetOocytesForDay0,User:admin,UnitID:2
2023-12-08 15:25:02.8121|INFO|PIVF.Web.Api.ARTMgmt.Embrology.EmbrologyAPIController|Controller Name:EmbrologyAPI,Action:POST,Method:SaveDayZeroProcess,User:admin,UnitID:2
2023-12-08 15:25:02.8121|INFO|PIVF.Web.Api.ARTMgmt.Embrology.EmbrologyAPIController|Controller Name:EmbrologyAPI,Action:POST,Method:SaveDayZeroProcess,User:admin,UnitID:2
2023-12-08 15:25:02.8459|INFO|PIVF.Web.Api.ARTMgmt.Embrology.EmbrologyAPIController|Controller Name:EmbrologyAPI,Action:GET,Method:FillDayZeroOocyteGrid,User:admin,UnitID:2
2023-12-08 15:25:02.8459|INFO|PIVF.Web.Api.ARTMgmt.Embrology.EmbrologyAPIController|Controller Name:EmbrologyAPI,Action:GET,Method:FillDayZeroOocyteGrid,User:admin,UnitID:2
2023-12-08 15:25:18.8945|INFO|PIVF.Web.Api.ARTMgmt.Embrology.EmbrologyAPIController|Controller Name:EmbrologyAPI,Action:POST,Method:SaveDayZeroFinalizeProcess,User:admin,UnitID:2
2023-12-08 15:25:18.8945|INFO|PIVF.Web.Api.ARTMgmt.Embrology.EmbrologyAPIController|Controller Name:EmbrologyAPI,Action:POST,Method:SaveDayZeroFinalizeProcess,User:admin,UnitID:2
2023-12-08 15:25:18.9479|INFO|PIVF.Web.Api.ARTMgmt.Embrology.EmbrologyAPIController|Controller Name:EmbrologyAPI,Action:GET,Method:fillDayOocyteGrid,User:admin,UnitID:2
2023-12-08 15:25:18.9479|INFO|PIVF.Web.Api.ARTMgmt.Embrology.EmbrologyAPIController|Controller Name:EmbrologyAPI,Action:GET,Method:fillDayOocyteGrid,User:admin,UnitID:2
2023-12-08 15:25:21.7227|INFO|PIVF.Web.Api.ARTMgmt.Embrology.EmbrologyAPIController|Controller Name:EmbrologyAPI,Action:GET,Method:fillDayWiseOocyteGrid,User:admin,UnitID:2
2023-12-08 15:25:21.7227|INFO|PIVF.Web.Api.ARTMgmt.Embrology.EmbrologyAPIController|Controller Name:EmbrologyAPI,Action:GET,Method:fillDayWiseOocyteGrid,User:admin,UnitID:2
2023-12-08 15:25:21.8549|INFO|PIVF.Web.Api.ARTMgmt.Embrology.EmbrologyAPIController|Controller Name:EmbrologyAPI,Action:GET,Method:FillDayOneMaster,User:admin,UnitID:2
2023-12-08 15:25:21.8549|INFO|PIVF.Web.Api.ARTMgmt.Embrology.EmbrologyAPIController|Controller Name:EmbrologyAPI,Action:GET,Method:FillDayOneMaster,User:admin,UnitID:2
2023-12-08 15:25:47.8866|INFO|PIVF.Web.Api.ARTMgmt.Embrology.EmbrologyAPIController|Controller Name:EmbrologyAPI,Action:POST,Method:SaveDayOneProcess,User:admin,UnitID:2
2023-12-08 15:25:47.8866|INFO|PIVF.Web.Api.ARTMgmt.Embrology.EmbrologyAPIController|Controller Name:EmbrologyAPI,Action:POST,Method:SaveDayOneProcess,User:admin,UnitID:2
2023-12-08 15:25:48.0688|INFO|PIVF.Web.Api.ARTMgmt.Embrology.EmbrologyAPIController|Controller Name:EmbrologyAPI,Action:GET,Method:fillDayOocyteGrid,User:admin,UnitID:2
2023-12-08 15:25:48.0688|INFO|PIVF.Web.Api.ARTMgmt.Embrology.EmbrologyAPIController|Controller Name:EmbrologyAPI,Action:GET,Method:fillDayOocyteGrid,User:admin,UnitID:2
2023-12-08 15:25:50.6550|INFO|PIVF.Web.Api.ARTMgmt.Embrology.EmbrologyAPIController|Controller Name:EmbrologyAPI,Action:GET,Method:fillDayTwoOocyteGrid,User:admin,UnitID:2
2023-12-08 15:25:50.6550|INFO|PIVF.Web.Api.ARTMgmt.Embrology.EmbrologyAPIController|Controller Name:EmbrologyAPI,Action:GET,Method:fillDayTwoOocyteGrid,User:admin,UnitID:2
2023-12-08 15:25:50.7538|INFO|PIVF.Web.Api.ARTMgmt.Embrology.EmbrologyAPIController|Controller Name:EmbrologyAPI,Action:GET,Method:FillDayTwoMaster,User:admin,UnitID:2
2023-12-08 15:25:50.7538|INFO|PIVF.Web.Api.ARTMgmt.Embrology.EmbrologyAPIController|Controller Name:EmbrologyAPI,Action:GET,Method:FillDayTwoMaster,User:admin,UnitID:2
2023-12-08 15:26:28.0073|INFO|PIVF.Web.Api.ARTMgmt.Embrology.EmbrologyAPIController|Controller Name:EmbrologyAPI,Action:GET,Method:fillDayTwoOocyteGrid,User:admin,UnitID:2
2023-12-08 15:26:28.0073|INFO|PIVF.Web.Api.ARTMgmt.Embrology.EmbrologyAPIController|Controller Name:EmbrologyAPI,Action:GET,Method:fillDayTwoOocyteGrid,User:admin,UnitID:2
2023-12-08 15:26:28.0949|INFO|PIVF.Web.Api.ARTMgmt.Embrology.EmbrologyAPIController|Controller Name:EmbrologyAPI,Action:GET,Method:FillDayTwoMaster,User:admin,UnitID:2
2023-12-08 15:26:28.0949|INFO|PIVF.Web.Api.ARTMgmt.Embrology.EmbrologyAPIController|Controller Name:EmbrologyAPI,Action:GET,Method:FillDayTwoMaster,User:admin,UnitID:2
2023-12-08 15:27:08.4729|INFO|PIVF.Web.Api.ARTMgmt.Embrology.EmbrologyAPIController|Controller Name:EmbrologyAPI,Action:GET,Method:fillDayTwoOocyteGrid,User:admin,UnitID:2
2023-12-08 15:27:08.4729|INFO|PIVF.Web.Api.ARTMgmt.Embrology.EmbrologyAPIController|Controller Name:EmbrologyAPI,Action:GET,Method:fillDayTwoOocyteGrid,User:admin,UnitID:2
2023-12-08 15:27:08.5796|INFO|PIVF.Web.Api.ARTMgmt.Embrology.EmbrologyAPIController|Controller Name:EmbrologyAPI,Action:GET,Method:FillDayTwoMaster,User:admin,UnitID:2
2023-12-08 15:27:08.5796|INFO|PIVF.Web.Api.ARTMgmt.Embrology.EmbrologyAPIController|Controller Name:EmbrologyAPI,Action:GET,Method:FillDayTwoMaster,User:admin,UnitID:2
2023-12-08 15:50:04.1941|INFO|PIVF.Web.Api.Master.Configuration.UserAPIController|Controller Name:UserAPI,Action:HttpGet,Method:GetGrandParentList,User:admin,UnitID:2
2023-12-08 15:50:04.1941|INFO|PIVF.Web.Api.Master.Configuration.UserAPIController|Controller Name:UserAPI,Action:HttpGet,Method:GetGrandParentList,User:admin,UnitID:2
2023-12-08 15:50:04.5034|INFO|PIVF.Web.Api.Master.Common.CommonController|1_Controller Name:CommonController,Action:HttpGet,Method:GetDepartmentList,User:admin,UnitID:2
2023-12-08 15:50:04.5034|INFO|PIVF.Web.Api.Master.Common.CommonController|1_Controller Name:CommonController,Action:HttpGet,Method:GetDepartmentList,User:admin,UnitID:2
2023-12-08 15:50:04.6157|INFO|PIVF.Web.Api.QueueMgt.QueueMgtController|Controller Name:QueueMgt,Action:HttpPost,Method:GetQueueList,User:admin,UnitID:2
2023-12-08 15:50:04.6157|INFO|PIVF.Web.Api.QueueMgt.QueueMgtController|Controller Name:QueueMgt,Action:HttpPost,Method:GetQueueList,User:admin,UnitID:2
2023-12-08 15:50:05.0827|INFO|PIVF.Web.Api.Master.Common.CommonController|1_Controller Name:CommonController,Action:HttpGet,Method:GetSpeclRegTypeList,User:admin,UnitID:2
2023-12-08 15:50:05.0827|INFO|PIVF.Web.Api.Master.Common.CommonController|1_Controller Name:CommonController,Action:HttpGet,Method:GetSpeclRegTypeList,User:admin,UnitID:2
2023-12-08 15:50:05.1609|INFO|PIVF.Web.Api.Master.Common.CommonController|1_Controller Name:CommonController,Action:HttpGet,Method:GetDoctorsList,User:admin,UnitID:2
2023-12-08 15:50:05.1609|INFO|PIVF.Web.Api.Master.Common.CommonController|1_Controller Name:CommonController,Action:HttpGet,Method:GetDoctorsList,User:admin,UnitID:2
2023-12-08 15:50:05.3435|INFO|PIVF.Web.Api.Master.Configuration.UserAPIController|Controller Name:UserAPI,Action:HttpGet,Method:GetUserRoleRights,User:admin,UnitID:2
2023-12-08 15:50:05.3435|INFO|PIVF.Web.Api.Master.Configuration.UserAPIController|Controller Name:UserAPI,Action:HttpGet,Method:GetUserRoleRights,User:admin,UnitID:2
2023-12-08 15:50:06.8440|INFO|PIVF.Web.Api.Master.Configuration.UserAPIController|Controller Name:UserAPI,Action:HttpGet,Method:GetParentList,User:admin,UnitID:2
2023-12-08 15:50:06.8440|INFO|PIVF.Web.Api.Master.Configuration.UserAPIController|Controller Name:UserAPI,Action:HttpGet,Method:GetParentList,User:admin,UnitID:2
2023-12-08 15:50:06.8696|INFO|PIVF.Web.Api.Master.Configuration.UserAPIController|Controller Name:UserAPI,Action:HttpGet,Method:GetParentList,User:admin,UnitID:2
2023-12-08 15:50:06.8696|INFO|PIVF.Web.Api.Master.Configuration.UserAPIController|Controller Name:UserAPI,Action:HttpGet,Method:GetParentList,User:admin,UnitID:2
2023-12-08 16:00:06.1811|ERROR|PIVF.Web.Api.Master.Configuration.UserAPIController|UserAPI/GetGrandParentList MessageObject reference not set to an instance of an object.,StackTrace:   at PIVF.Web.Api.Master.Configuration.UserAPIController.GetGrandParentList() in D:\Birla\AcornSourceCode\Ganesha\PIVF.Web\Api\Master\Configuration\UserAPIController.cs:line 59
2023-12-08 16:00:06.1811|ERROR|PIVF.Web.Api.Master.Configuration.UserAPIController|UserAPI/GetUserRoleRights MessageObject reference not set to an instance of an object.,StackTrace:   at PIVF.Web.Api.Master.Configuration.UserAPIController.GetUserRoleRights() in D:\Birla\AcornSourceCode\Ganesha\PIVF.Web\Api\Master\Configuration\UserAPIController.cs:line 398
2023-12-08 16:00:06.7107|ERROR|PIVF.Web.Api.Master.Common.CommonController|3_Exc: Common/GetDepartmentList MessageObject reference not set to an instance of an object.,StackTrace:   at PIVF.Web.Api.Master.Common.CommonController.GetDepartmentList() in D:\Birla\AcornSourceCode\Ganesha\PIVF.Web\Api\Master\Common\CommonController.cs:line 516,InnerExc:
2023-12-08 16:00:06.7287|ERROR|PIVF.Web.Api.Master.Common.CommonController|3_Exc: Common/GetDoctorsList MessageObject reference not set to an instance of an object.,StackTrace:   at PIVF.Web.Api.Master.Common.CommonController.GetDoctorsList() in D:\Birla\AcornSourceCode\Ganesha\PIVF.Web\Api\Master\Common\CommonController.cs:line 473,InnerExc:
2023-12-08 16:00:06.7865|ERROR|PIVF.Web.Api.Master.Common.CommonController|3_Exc: Common/GetSpeclRegTypeList MessageObject reference not set to an instance of an object.,StackTrace:   at PIVF.Web.Api.Master.Common.CommonController.GetSpeclRegTypeList() in D:\Birla\AcornSourceCode\Ganesha\PIVF.Web\Api\Master\Common\CommonController.cs:line 550,InnerExc:
2023-12-08 16:00:06.9341|ERROR|PIVF.Web.Api.QueueMgt.QueueMgtController|QueueMgt/GetQueueList MessageObject reference not set to an instance of an object.,StackTrace:   at PIVF.Web.Api.QueueMgt.QueueMgtController.GetQueueList(String[] Que) in D:\Birla\AcornSourceCode\Ganesha\PIVF.Web\Api\QueueMgt\QueueMgtController.cs:line 33
2023-12-08 16:02:27.1253|INFO|PIVF.Web.Api.Master.Configuration.UserAPIController|Controller Name:UserAPI,Action:HttpGet,Method:GetUserRoleRights,User:admin,UnitID:2
2023-12-08 16:02:27.1253|INFO|PIVF.Web.Api.Master.Configuration.UserAPIController|Controller Name:UserAPI,Action:HttpGet,Method:GetUserRoleRights,User:admin,UnitID:2
2023-12-08 16:02:28.7101|INFO|PIVF.Web.Api.Master.Configuration.UserAPIController|Controller Name:UserAPI,Action:HttpGet,Method:GetGrandParentList,User:admin,UnitID:2
2023-12-08 16:02:28.7101|INFO|PIVF.Web.Api.Master.Configuration.UserAPIController|Controller Name:UserAPI,Action:HttpGet,Method:GetGrandParentList,User:admin,UnitID:2
2023-12-08 16:02:29.0518|INFO|PIVF.Web.Api.Master.Configuration.UserAPIController|Controller Name:UserAPI,Action:HttpGet,Method:GetParentList,User:admin,UnitID:2
2023-12-08 16:02:29.0518|INFO|PIVF.Web.Api.Master.Configuration.UserAPIController|Controller Name:UserAPI,Action:HttpGet,Method:GetParentList,User:admin,UnitID:2
2023-12-08 16:02:29.0741|INFO|PIVF.Web.Api.Master.Configuration.UserAPIController|Controller Name:UserAPI,Action:HttpGet,Method:GetParentList,User:admin,UnitID:2
2023-12-08 16:02:29.0741|INFO|PIVF.Web.Api.Master.Configuration.UserAPIController|Controller Name:UserAPI,Action:HttpGet,Method:GetParentList,User:admin,UnitID:2
2023-12-08 16:02:29.2860|INFO|PIVF.Web.Api.Master.Common.CommonController|1_Controller Name:CommonController,Action:HttpGet,Method:GetDepartmentList,User:admin,UnitID:2
2023-12-08 16:02:29.2860|INFO|PIVF.Web.Api.Master.Common.CommonController|1_Controller Name:CommonController,Action:HttpGet,Method:GetDepartmentList,User:admin,UnitID:2
2023-12-08 16:02:29.7969|INFO|PIVF.Web.Api.QueueMgt.QueueMgtController|Controller Name:QueueMgt,Action:HttpPost,Method:GetQueueList,User:admin,UnitID:2
2023-12-08 16:02:29.7969|INFO|PIVF.Web.Api.QueueMgt.QueueMgtController|Controller Name:QueueMgt,Action:HttpPost,Method:GetQueueList,User:admin,UnitID:2
2023-12-08 16:02:30.3105|INFO|PIVF.Web.Api.Master.Common.CommonController|1_Controller Name:CommonController,Action:HttpGet,Method:GetSpeclRegTypeList,User:admin,UnitID:2
2023-12-08 16:02:30.3105|INFO|PIVF.Web.Api.Master.Common.CommonController|1_Controller Name:CommonController,Action:HttpGet,Method:GetSpeclRegTypeList,User:admin,UnitID:2
2023-12-08 16:02:30.8187|INFO|PIVF.Web.Api.Master.Common.CommonController|1_Controller Name:CommonController,Action:HttpGet,Method:GetDoctorsList,User:admin,UnitID:2
2023-12-08 16:02:30.8187|INFO|PIVF.Web.Api.Master.Common.CommonController|1_Controller Name:CommonController,Action:HttpGet,Method:GetDoctorsList,User:admin,UnitID:2
2023-12-08 16:02:45.8048|INFO|PIVF.Web.Api.Master.Common.CommonController|Controller Name:Common,Action:GET,Method:GetActiveVisitByPatient,User:admin,UnitID:2
2023-12-08 16:02:45.8048|INFO|PIVF.Web.Api.Master.Common.CommonController|Controller Name:Common,Action:GET,Method:GetActiveVisitByPatient,User:admin,UnitID:2
2023-12-08 16:02:45.8327|INFO|PIVF.Web.Api.Master.Common.CommonController|Controller Name:Common,Action:GET,Method:GetActiveVisitByPatient,User:admin,UnitID:2
2023-12-08 16:02:45.8327|INFO|PIVF.Web.Api.Master.Common.CommonController|Controller Name:Common,Action:GET,Method:GetActiveVisitByPatient,User:admin,UnitID:2
2023-12-08 16:02:46.5702|INFO|PIVF.Web.Api.EMR.LandingPage.EMRLandingPageAPIController|Controller Name:EMRLandingPageAPI,Action:GET,Method:GetEMRLandingPageData,User:admin,UnitID:2
2023-12-08 16:02:46.5702|INFO|PIVF.Web.Api.EMR.LandingPage.EMRLandingPageAPIController|Controller Name:EMRLandingPageAPI,Action:GET,Method:GetEMRLandingPageData,User:admin,UnitID:2
2023-12-08 16:02:48.1472|INFO|PIVF.Web.Api.Master.Common.CommonController|Controller Name:Common,Action:POST,Method:PutSelectedvisitByPatient,User:admin,UnitID:2
2023-12-08 16:02:48.1472|INFO|PIVF.Web.Api.Master.Common.CommonController|Controller Name:Common,Action:POST,Method:PutSelectedvisitByPatient,User:admin,UnitID:2
2023-12-08 16:02:49.5720|INFO|PIVF.Web.Api.New_ART.NewARTController|Controller Name:NewART,Action:GET,Method:newCyclebtnFlag,User:admin,UnitID:2
2023-12-08 16:02:49.5720|INFO|PIVF.Web.Api.New_ART.NewARTController|Controller Name:NewART,Action:GET,Method:newCyclebtnFlag,User:admin,UnitID:2
2023-12-08 16:02:50.0637|INFO|PIVF.Web.Api.New_ART.NewARTController|Controller Name:NewART,Action:GET,Method:GetARTCycleList,User:admin,UnitID:2
2023-12-08 16:02:50.0637|INFO|PIVF.Web.Api.New_ART.NewARTController|Controller Name:NewART,Action:GET,Method:GetARTCycleList,User:admin,UnitID:2
2023-12-08 16:02:55.0528|INFO|PIVF.Web.Api.New_ART.NewARTController|Controller Name:NewART,Action:GET,Method:GetCycleOverview,User:admin,UnitID:2
2023-12-08 16:02:55.0528|INFO|PIVF.Web.Api.New_ART.NewARTController|Controller Name:NewART,Action:GET,Method:GetCycleOverview,User:admin,UnitID:2
2023-12-08 16:02:55.6925|INFO|PIVF.Web.Api.New_ART.NewARTController|Controller Name:NewART,Action:GET,Method:GetMedicalHistory,User:admin,UnitID:2
2023-12-08 16:02:55.6925|INFO|PIVF.Web.Api.New_ART.NewARTController|Controller Name:NewART,Action:GET,Method:GetMedicalHistory,User:admin,UnitID:2
2023-12-08 16:02:57.7043|INFO|PIVF.Web.Api.New_ART.NewARTController|Controller Name:NewART,Action:GET,Method:GetDetails,User:admin,UnitID:2
2023-12-08 16:02:57.7043|INFO|PIVF.Web.Api.New_ART.NewARTController|Controller Name:NewART,Action:GET,Method:GetDetails,User:admin,UnitID:2
2023-12-08 16:02:58.1821|INFO|PIVF.Web.Api.ARTMgmt.Embrology.EmbrologyAPIController|Controller Name:EmbrologyAPI,Action:GET,Method:GetOPUData,User:admin,UnitID:2
2023-12-08 16:02:58.1821|INFO|PIVF.Web.Api.ARTMgmt.Embrology.EmbrologyAPIController|Controller Name:EmbrologyAPI,Action:GET,Method:GetOPUData,User:admin,UnitID:2
2023-12-08 16:02:58.2419|INFO|PIVF.Web.Api.ARTMgmt.Embrology.EmbrologyAPIController|Controller Name:EmbrologyAPI,Action:GET,Method:fillDayOocyteGrid,User:admin,UnitID:2
2023-12-08 16:02:58.2419|INFO|PIVF.Web.Api.ARTMgmt.Embrology.EmbrologyAPIController|Controller Name:EmbrologyAPI,Action:GET,Method:fillDayOocyteGrid,User:admin,UnitID:2
2023-12-08 16:03:02.8078|INFO|PIVF.Web.Api.ARTMgmt.Embrology.EmbrologyAPIController|Controller Name:EmbrologyAPI,Action:GET,Method:fillDayWiseOocyteGrid,User:admin,UnitID:2
2023-12-08 16:03:02.8078|INFO|PIVF.Web.Api.ARTMgmt.Embrology.EmbrologyAPIController|Controller Name:EmbrologyAPI,Action:GET,Method:fillDayWiseOocyteGrid,User:admin,UnitID:2
2023-12-08 16:03:03.0502|INFO|PIVF.Web.Api.ARTMgmt.Embrology.EmbrologyAPIController|Controller Name:EmbrologyAPI,Action:GET,Method:FillDayOneMaster,User:admin,UnitID:2
2023-12-08 16:03:03.0502|INFO|PIVF.Web.Api.ARTMgmt.Embrology.EmbrologyAPIController|Controller Name:EmbrologyAPI,Action:GET,Method:FillDayOneMaster,User:admin,UnitID:2
2023-12-08 16:03:43.1371|INFO|PIVF.Web.Api.ARTMgmt.Embrology.EmbrologyAPIController|Controller Name:EmbrologyAPI,Action:GET,Method:fillDayThreeOocyteGrid,User:admin,UnitID:2
2023-12-08 16:03:43.1371|INFO|PIVF.Web.Api.ARTMgmt.Embrology.EmbrologyAPIController|Controller Name:EmbrologyAPI,Action:GET,Method:fillDayThreeOocyteGrid,User:admin,UnitID:2
2023-12-08 16:03:43.5214|INFO|PIVF.Web.Api.ARTMgmt.Embrology.EmbrologyAPIController|Controller Name:EmbrologyAPI,Action:GET,Method:FillDayThreeMaster,User:admin,UnitID:2
2023-12-08 16:03:43.5214|INFO|PIVF.Web.Api.ARTMgmt.Embrology.EmbrologyAPIController|Controller Name:EmbrologyAPI,Action:GET,Method:FillDayThreeMaster,User:admin,UnitID:2
