2025-03-26 15:03:29.8838|INFO|PIVF.Web.Api.PatientDashboard.PatientDashboardAPIController|Controller Name:PatientDashboardAPI,Action:GET,Method:GetVisitTypeList,User:vidai,UnitID:2
2025-03-26 15:03:29.8838|INFO|PIVF.Web.Api.PatientDashboard.PatientDashboardAPIController|Controller Name:PatientDashboardAPI,Action:GET,Method:GetVisitTypeList,User:vidai,UnitID:2
2025-03-26 15:03:29.9287|INFO|PIVF.Web.Api.FertivueDashboard.FertivueDashboardController|Controller Name:FertivueDashboard,Action:GET,Method:GetRegistrationDashboardByAgeGroupCount,User:vidai,UnitID:2
2025-03-26 15:03:29.9287|INFO|PIVF.Web.Api.FertivueDashboard.FertivueDashboardController|Controller Name:FertivueDashboard,Action:GET,Method:GetRegistrationDashboardByAgeGroupCount,User:vidai,UnitID:2
2025-03-26 15:03:29.9514|INFO|PIVF.Web.Api.PatientDashboard.PatientDashboardAPIController|Controller Name:PatientDashboardAPI,Action:GET,Method:GetVisitTypeList,User:vidai,UnitID:2
2025-03-26 15:03:29.9514|INFO|PIVF.Web.Api.PatientDashboard.PatientDashboardAPIController|Controller Name:PatientDashboardAPI,Action:GET,Method:GetVisitTypeList,User:vidai,UnitID:2
2025-03-26 15:03:29.9788|INFO|PIVF.Web.Api.FertivueDashboard.FertivueDashboardController|Controller Name:FertivueDashboard,Action:GET,Method:GetAppointmentDashboardCount,User:vidai,UnitID:2
2025-03-26 15:03:29.9788|INFO|PIVF.Web.Api.FertivueDashboard.FertivueDashboardController|Controller Name:FertivueDashboard,Action:GET,Method:GetAppointmentDashboardCount,User:vidai,UnitID:2
2025-03-26 15:03:29.9917|INFO|PIVF.Web.Api.FertivueDashboard.FertivueDashboardController|Controller Name:FertivueDashboard,Action:GET,Method:GetInvestigationDashboardCount,User:vidai,UnitID:2
2025-03-26 15:03:29.9917|INFO|PIVF.Web.Api.FertivueDashboard.FertivueDashboardController|Controller Name:FertivueDashboard,Action:GET,Method:GetInvestigationDashboardCount,User:vidai,UnitID:2
2025-03-26 15:03:30.0177|INFO|PIVF.Web.Api.FertivueDashboard.FertivueDashboardController|Controller Name:FertivueDashboard,Action:GET,Method:GetBillingDashboardCount,User:vidai,UnitID:2
2025-03-26 15:03:30.0177|INFO|PIVF.Web.Api.FertivueDashboard.FertivueDashboardController|Controller Name:FertivueDashboard,Action:GET,Method:GetBillingDashboardCount,User:vidai,UnitID:2
2025-03-26 15:03:30.0536|INFO|PIVF.Web.Api.FertivueDashboard.FertivueDashboardController|Controller Name:FertivueDashboard,Action:GET,Method:GetTotalRevenueDashboardServiceTypeCount,User:vidai,UnitID:2
2025-03-26 15:03:30.0536|INFO|PIVF.Web.Api.FertivueDashboard.FertivueDashboardController|Controller Name:FertivueDashboard,Action:GET,Method:GetTotalRevenueDashboardServiceTypeCount,User:vidai,UnitID:2
2025-03-26 15:03:30.0946|INFO|PIVF.Web.Api.FertivueDashboard.FertivueDashboardController|Controller Name:FertivueDashboard,Action:GET,Method:GetAdminDashboardPercentageCounts,User:vidai,UnitID:2
2025-03-26 15:03:30.0946|INFO|PIVF.Web.Api.FertivueDashboard.FertivueDashboardController|Controller Name:FertivueDashboard,Action:GET,Method:GetAdminDashboardPercentageCounts,User:vidai,UnitID:2
2025-03-26 15:03:30.5136|INFO|PIVF.Web.Api.Master.Configuration.UserAPIController|Controller Name:UserAPI,Action:HttpGet,Method:GetUserRoleRights,User:vidai,UnitID:2
2025-03-26 15:03:30.5136|INFO|PIVF.Web.Api.Master.Configuration.UserAPIController|Controller Name:UserAPI,Action:HttpGet,Method:GetUserRoleRights,User:vidai,UnitID:2
2025-03-26 15:03:38.4252|INFO|PIVF.Web.Api.Master.Configuration.UserAPIController|Controller Name:UserAPI,Action:HttpGet,Method:GetParentList,User:vidai,UnitID:2
2025-03-26 15:03:38.4252|INFO|PIVF.Web.Api.Master.Configuration.UserAPIController|Controller Name:UserAPI,Action:HttpGet,Method:GetParentList,User:vidai,UnitID:2
2025-03-26 15:03:38.6625|INFO|PIVF.Web.Api.Master.Configuration.UserAPIController|Controller Name:UserAPI,Action:HttpGet,Method:GetGrandParentList,User:vidai,UnitID:2
2025-03-26 15:03:38.6625|INFO|PIVF.Web.Api.Master.Configuration.UserAPIController|Controller Name:UserAPI,Action:HttpGet,Method:GetGrandParentList,User:vidai,UnitID:2
2025-03-26 15:03:39.3211|INFO|PIVF.Web.Api.Master.Configuration.UserAPIController|Controller Name:UserAPI,Action:HttpGet,Method:GetParentList,User:vidai,UnitID:2
2025-03-26 15:03:39.3211|INFO|PIVF.Web.Api.Master.Configuration.UserAPIController|Controller Name:UserAPI,Action:HttpGet,Method:GetParentList,User:vidai,UnitID:2
2025-03-26 15:03:48.0916|INFO|PIVF.Web.Api.Clinic.DoctorAppointmentsController|Controller Name:DoctorAppointmentsController,Action:HttpGet,Method:GetCityAndClinicNames,User:vidai,UnitID2
2025-03-26 15:03:48.0916|INFO|PIVF.Web.Api.Clinic.DoctorAppointmentsController|Controller Name:DoctorAppointmentsController,Action:HttpGet,Method:GetCityAndClinicNames,User:vidai,UnitID2
2025-03-26 15:03:48.1985|INFO|PIVF.Web.Api.Master.Configuration.UserAPIController|Controller Name:UserAPI,Action:HttpGet,Method:GetRoleList,User:vidai,UnitID:2
2025-03-26 15:03:48.1985|INFO|PIVF.Web.Api.Master.Configuration.UserAPIController|Controller Name:UserAPI,Action:HttpGet,Method:GetRoleList,User:vidai,UnitID:2
2025-03-26 15:03:48.2578|INFO|PIVF.Web.Api.Master.Configuration.UserAPIController|Controller Name:UserAPI,Action:HttpGet,Method:GetRoleList,User:vidai,UnitID:2
2025-03-26 15:03:48.2578|INFO|PIVF.Web.Api.Master.Configuration.UserAPIController|Controller Name:UserAPI,Action:HttpGet,Method:GetRoleList,User:vidai,UnitID:2
2025-03-26 15:03:48.2578|INFO|PIVF.Web.Api.Master.Configuration.UserAPIController|Controller Name:UserAPI,Action:HttpGet,Method:GetRoleList,User:vidai,UnitID:2
2025-03-26 15:03:48.2578|INFO|PIVF.Web.Api.Master.Configuration.UserAPIController|Controller Name:UserAPI,Action:HttpGet,Method:GetRoleList,User:vidai,UnitID:2
2025-03-26 15:03:48.2747|INFO|PIVF.Web.Api.Master.Configuration.UserAPIController|Controller Name:UserAPI,Action:HttpGet,Method:GetRoleList,User:vidai,UnitID:2
2025-03-26 15:03:48.2747|INFO|PIVF.Web.Api.Master.Configuration.UserAPIController|Controller Name:UserAPI,Action:HttpGet,Method:GetRoleList,User:vidai,UnitID:2
2025-03-26 15:03:49.6276|INFO|PIVF.Web.Api.Master.Clinic.DoctorController|Controller Name:Doctor,Action:GET,Method:GetDepartmentListForDoc,User:vidai,UnitID:2
2025-03-26 15:03:49.6276|INFO|PIVF.Web.Api.Master.Clinic.DoctorController|Controller Name:Doctor,Action:GET,Method:GetDepartmentListForDoc,User:vidai,UnitID:2
2025-03-26 15:03:49.6756|INFO|PIVF.Web.Api.Clinic.DoctorAppointmentsController|Controller Name:DoctorAppointmentsController,Action:HttpGet,Method:GetDoctorAppointment,User:vidai,UnitID2
2025-03-26 15:03:49.6756|INFO|PIVF.Web.Api.Clinic.DoctorAppointmentsController|Controller Name:DoctorAppointmentsController,Action:HttpGet,Method:GetDoctorAppointment,User:vidai,UnitID2
2025-03-26 15:04:17.5279|INFO|PIVF.Web.Api.Clinic.DoctorAppointmentsController|Controller Name:DoctorAppointmentsController,Action:HttpGet,Method:GetPatientVisitList,User:vidai,UnitID2
2025-03-26 15:04:17.5279|INFO|PIVF.Web.Api.Clinic.DoctorAppointmentsController|Controller Name:DoctorAppointmentsController,Action:HttpGet,Method:GetPatientVisitList,User:vidai,UnitID2
2025-03-26 17:29:55.1495|INFO|PIVF.Web.Api.Master.Configuration.UserAPIController|Controller Name:UserAPI,Action:HttpGet,Method:GetGrandParentList,User:vidai,UnitID:2
2025-03-26 17:29:55.1495|INFO|PIVF.Web.Api.Master.Configuration.UserAPIController|Controller Name:UserAPI,Action:HttpGet,Method:GetGrandParentList,User:vidai,UnitID:2
2025-03-26 17:29:58.3008|INFO|PIVF.Web.Api.Master.Configuration.UserAPIController|Controller Name:UserAPI,Action:HttpGet,Method:GetParentList,User:vidai,UnitID:2
2025-03-26 17:29:58.3008|INFO|PIVF.Web.Api.Master.Configuration.UserAPIController|Controller Name:UserAPI,Action:HttpGet,Method:GetParentList,User:vidai,UnitID:2
2025-03-26 17:29:58.3132|INFO|PIVF.Web.Api.Master.Configuration.UserAPIController|Controller Name:UserAPI,Action:HttpGet,Method:GetParentList,User:vidai,UnitID:2
2025-03-26 17:29:58.3132|INFO|PIVF.Web.Api.Master.Configuration.UserAPIController|Controller Name:UserAPI,Action:HttpGet,Method:GetParentList,User:vidai,UnitID:2
2025-03-26 17:29:58.9034|INFO|PIVF.Web.Api.PatientDashboard.PatientDashboardAPIController|Controller Name:PatientDashboardAPI,Action:GET,Method:GetVisitTypeList,User:vidai,UnitID:2
2025-03-26 17:29:58.9034|INFO|PIVF.Web.Api.PatientDashboard.PatientDashboardAPIController|Controller Name:PatientDashboardAPI,Action:GET,Method:GetVisitTypeList,User:vidai,UnitID:2
2025-03-26 17:29:58.9260|INFO|PIVF.Web.Api.FertivueDashboard.FertivueDashboardController|Controller Name:FertivueDashboard,Action:GET,Method:GetRegistrationDashboardByAgeGroupCount,User:vidai,UnitID:2
2025-03-26 17:29:58.9260|INFO|PIVF.Web.Api.FertivueDashboard.FertivueDashboardController|Controller Name:FertivueDashboard,Action:GET,Method:GetRegistrationDashboardByAgeGroupCount,User:vidai,UnitID:2
2025-03-26 17:29:58.9410|INFO|PIVF.Web.Api.PatientDashboard.PatientDashboardAPIController|Controller Name:PatientDashboardAPI,Action:GET,Method:GetVisitTypeList,User:vidai,UnitID:2
2025-03-26 17:29:58.9410|INFO|PIVF.Web.Api.PatientDashboard.PatientDashboardAPIController|Controller Name:PatientDashboardAPI,Action:GET,Method:GetVisitTypeList,User:vidai,UnitID:2
2025-03-26 17:29:58.9733|INFO|PIVF.Web.Api.FertivueDashboard.FertivueDashboardController|Controller Name:FertivueDashboard,Action:GET,Method:GetAppointmentDashboardCount,User:vidai,UnitID:2
2025-03-26 17:29:58.9733|INFO|PIVF.Web.Api.FertivueDashboard.FertivueDashboardController|Controller Name:FertivueDashboard,Action:GET,Method:GetAppointmentDashboardCount,User:vidai,UnitID:2
2025-03-26 17:29:58.9855|INFO|PIVF.Web.Api.FertivueDashboard.FertivueDashboardController|Controller Name:FertivueDashboard,Action:GET,Method:GetInvestigationDashboardCount,User:vidai,UnitID:2
2025-03-26 17:29:58.9855|INFO|PIVF.Web.Api.FertivueDashboard.FertivueDashboardController|Controller Name:FertivueDashboard,Action:GET,Method:GetInvestigationDashboardCount,User:vidai,UnitID:2
2025-03-26 17:29:59.0186|INFO|PIVF.Web.Api.FertivueDashboard.FertivueDashboardController|Controller Name:FertivueDashboard,Action:GET,Method:GetBillingDashboardCount,User:vidai,UnitID:2
2025-03-26 17:29:59.0186|INFO|PIVF.Web.Api.FertivueDashboard.FertivueDashboardController|Controller Name:FertivueDashboard,Action:GET,Method:GetBillingDashboardCount,User:vidai,UnitID:2
2025-03-26 17:29:59.0581|INFO|PIVF.Web.Api.FertivueDashboard.FertivueDashboardController|Controller Name:FertivueDashboard,Action:GET,Method:GetTotalRevenueDashboardServiceTypeCount,User:vidai,UnitID:2
2025-03-26 17:29:59.0581|INFO|PIVF.Web.Api.FertivueDashboard.FertivueDashboardController|Controller Name:FertivueDashboard,Action:GET,Method:GetTotalRevenueDashboardServiceTypeCount,User:vidai,UnitID:2
2025-03-26 17:29:59.0994|INFO|PIVF.Web.Api.FertivueDashboard.FertivueDashboardController|Controller Name:FertivueDashboard,Action:GET,Method:GetAdminDashboardPercentageCounts,User:vidai,UnitID:2
2025-03-26 17:29:59.0994|INFO|PIVF.Web.Api.FertivueDashboard.FertivueDashboardController|Controller Name:FertivueDashboard,Action:GET,Method:GetAdminDashboardPercentageCounts,User:vidai,UnitID:2
2025-03-26 17:30:00.1045|INFO|PIVF.Web.Api.Master.Configuration.UserAPIController|Controller Name:UserAPI,Action:HttpGet,Method:GetUserRoleRights,User:vidai,UnitID:2
2025-03-26 17:30:00.1045|INFO|PIVF.Web.Api.Master.Configuration.UserAPIController|Controller Name:UserAPI,Action:HttpGet,Method:GetUserRoleRights,User:vidai,UnitID:2
2025-03-26 18:04:43.9966|INFO|PIVF.Web.Api.PatientDashboard.PatientDashboardAPIController|Controller Name:PatientDashboardAPI,Action:GET,Method:GetVisitTypeList,User:vani.s,UnitID:2
2025-03-26 18:04:43.9966|INFO|PIVF.Web.Api.PatientDashboard.PatientDashboardAPIController|Controller Name:PatientDashboardAPI,Action:GET,Method:GetVisitTypeList,User:vani.s,UnitID:2
2025-03-26 18:04:44.0081|INFO|PIVF.Web.Api.FertivueDashboard.FertivueDashboardController|Controller Name:FertivueDashboard,Action:GET,Method:GetRegistrationDashboardByAgeGroupCount,User:vani.s,UnitID:2
2025-03-26 18:04:44.0081|INFO|PIVF.Web.Api.FertivueDashboard.FertivueDashboardController|Controller Name:FertivueDashboard,Action:GET,Method:GetRegistrationDashboardByAgeGroupCount,User:vani.s,UnitID:2
2025-03-26 18:04:44.0081|INFO|PIVF.Web.Api.PatientDashboard.PatientDashboardAPIController|Controller Name:PatientDashboardAPI,Action:GET,Method:GetVisitTypeList,User:vani.s,UnitID:2
2025-03-26 18:04:44.0081|INFO|PIVF.Web.Api.PatientDashboard.PatientDashboardAPIController|Controller Name:PatientDashboardAPI,Action:GET,Method:GetVisitTypeList,User:vani.s,UnitID:2
2025-03-26 18:04:44.0259|INFO|PIVF.Web.Api.FertivueDashboard.FertivueDashboardController|Controller Name:FertivueDashboard,Action:GET,Method:GetAppointmentDashboardCount,User:vani.s,UnitID:2
2025-03-26 18:04:44.0259|INFO|PIVF.Web.Api.FertivueDashboard.FertivueDashboardController|Controller Name:FertivueDashboard,Action:GET,Method:GetAppointmentDashboardCount,User:vani.s,UnitID:2
2025-03-26 18:04:44.0338|INFO|PIVF.Web.Api.FertivueDashboard.FertivueDashboardController|Controller Name:FertivueDashboard,Action:GET,Method:GetInvestigationDashboardCount,User:vani.s,UnitID:2
2025-03-26 18:04:44.0338|INFO|PIVF.Web.Api.FertivueDashboard.FertivueDashboardController|Controller Name:FertivueDashboard,Action:GET,Method:GetInvestigationDashboardCount,User:vani.s,UnitID:2
2025-03-26 18:04:44.0482|INFO|PIVF.Web.Api.FertivueDashboard.FertivueDashboardController|Controller Name:FertivueDashboard,Action:GET,Method:GetBillingDashboardCount,User:vani.s,UnitID:2
2025-03-26 18:04:44.0482|INFO|PIVF.Web.Api.FertivueDashboard.FertivueDashboardController|Controller Name:FertivueDashboard,Action:GET,Method:GetBillingDashboardCount,User:vani.s,UnitID:2
2025-03-26 18:04:44.0672|INFO|PIVF.Web.Api.FertivueDashboard.FertivueDashboardController|Controller Name:FertivueDashboard,Action:GET,Method:GetTotalRevenueDashboardServiceTypeCount,User:vani.s,UnitID:2
2025-03-26 18:04:44.0672|INFO|PIVF.Web.Api.FertivueDashboard.FertivueDashboardController|Controller Name:FertivueDashboard,Action:GET,Method:GetTotalRevenueDashboardServiceTypeCount,User:vani.s,UnitID:2
2025-03-26 18:04:44.1040|INFO|PIVF.Web.Api.FertivueDashboard.FertivueDashboardController|Controller Name:FertivueDashboard,Action:GET,Method:GetAdminDashboardPercentageCounts,User:vani.s,UnitID:2
2025-03-26 18:04:44.1040|INFO|PIVF.Web.Api.FertivueDashboard.FertivueDashboardController|Controller Name:FertivueDashboard,Action:GET,Method:GetAdminDashboardPercentageCounts,User:vani.s,UnitID:2
2025-03-26 18:04:47.4171|INFO|PIVF.Web.Api.Master.Configuration.UserAPIController|Controller Name:UserAPI,Action:HttpGet,Method:GetUserRoleRights,User:vani.s,UnitID:2
2025-03-26 18:04:47.4171|INFO|PIVF.Web.Api.Master.Configuration.UserAPIController|Controller Name:UserAPI,Action:HttpGet,Method:GetUserRoleRights,User:vani.s,UnitID:2
2025-03-26 18:04:47.4776|INFO|PIVF.Web.Api.Master.Configuration.UserAPIController|Controller Name:UserAPI,Action:HttpGet,Method:GetParentList,User:vani.s,UnitID:2
2025-03-26 18:04:47.4776|INFO|PIVF.Web.Api.Master.Configuration.UserAPIController|Controller Name:UserAPI,Action:HttpGet,Method:GetParentList,User:vani.s,UnitID:2
2025-03-26 18:04:47.4920|INFO|PIVF.Web.Api.Master.Configuration.UserAPIController|Controller Name:UserAPI,Action:HttpGet,Method:GetParentList,User:vani.s,UnitID:2
2025-03-26 18:04:47.4920|INFO|PIVF.Web.Api.Master.Configuration.UserAPIController|Controller Name:UserAPI,Action:HttpGet,Method:GetParentList,User:vani.s,UnitID:2
2025-03-26 18:04:47.9364|INFO|PIVF.Web.Api.Master.Configuration.UserAPIController|Controller Name:UserAPI,Action:HttpGet,Method:GetGrandParentList,User:vani.s,UnitID:2
2025-03-26 18:04:47.9364|INFO|PIVF.Web.Api.Master.Configuration.UserAPIController|Controller Name:UserAPI,Action:HttpGet,Method:GetGrandParentList,User:vani.s,UnitID:2
2025-03-26 18:11:25.1466|INFO|PIVF.Web.Api.PatientDashboard.PatientDashboardAPIController|Controller Name:PatientDashboardAPI,Action:GET,Method:GetVisitTypeList,User:vani.s,UnitID:2
2025-03-26 18:11:25.1466|INFO|PIVF.Web.Api.PatientDashboard.PatientDashboardAPIController|Controller Name:PatientDashboardAPI,Action:GET,Method:GetVisitTypeList,User:vani.s,UnitID:2
2025-03-26 18:11:25.1466|INFO|PIVF.Web.Api.FertivueDashboard.FertivueDashboardController|Controller Name:FertivueDashboard,Action:GET,Method:GetRegistrationDashboardByAgeGroupCount,User:vani.s,UnitID:2
2025-03-26 18:11:25.1466|INFO|PIVF.Web.Api.FertivueDashboard.FertivueDashboardController|Controller Name:FertivueDashboard,Action:GET,Method:GetRegistrationDashboardByAgeGroupCount,User:vani.s,UnitID:2
2025-03-26 18:11:25.1644|INFO|PIVF.Web.Api.PatientDashboard.PatientDashboardAPIController|Controller Name:PatientDashboardAPI,Action:GET,Method:GetVisitTypeList,User:vani.s,UnitID:2
2025-03-26 18:11:25.1644|INFO|PIVF.Web.Api.PatientDashboard.PatientDashboardAPIController|Controller Name:PatientDashboardAPI,Action:GET,Method:GetVisitTypeList,User:vani.s,UnitID:2
2025-03-26 18:11:25.1771|INFO|PIVF.Web.Api.FertivueDashboard.FertivueDashboardController|Controller Name:FertivueDashboard,Action:GET,Method:GetAppointmentDashboardCount,User:vani.s,UnitID:2
2025-03-26 18:11:25.1771|INFO|PIVF.Web.Api.FertivueDashboard.FertivueDashboardController|Controller Name:FertivueDashboard,Action:GET,Method:GetAppointmentDashboardCount,User:vani.s,UnitID:2
2025-03-26 18:11:25.1771|INFO|PIVF.Web.Api.FertivueDashboard.FertivueDashboardController|Controller Name:FertivueDashboard,Action:GET,Method:GetInvestigationDashboardCount,User:vani.s,UnitID:2
2025-03-26 18:11:25.1771|INFO|PIVF.Web.Api.FertivueDashboard.FertivueDashboardController|Controller Name:FertivueDashboard,Action:GET,Method:GetInvestigationDashboardCount,User:vani.s,UnitID:2
2025-03-26 18:11:25.1993|INFO|PIVF.Web.Api.FertivueDashboard.FertivueDashboardController|Controller Name:FertivueDashboard,Action:GET,Method:GetBillingDashboardCount,User:vani.s,UnitID:2
2025-03-26 18:11:25.1993|INFO|PIVF.Web.Api.FertivueDashboard.FertivueDashboardController|Controller Name:FertivueDashboard,Action:GET,Method:GetBillingDashboardCount,User:vani.s,UnitID:2
2025-03-26 18:11:25.2185|INFO|PIVF.Web.Api.FertivueDashboard.FertivueDashboardController|Controller Name:FertivueDashboard,Action:GET,Method:GetTotalRevenueDashboardServiceTypeCount,User:vani.s,UnitID:2
2025-03-26 18:11:25.2185|INFO|PIVF.Web.Api.FertivueDashboard.FertivueDashboardController|Controller Name:FertivueDashboard,Action:GET,Method:GetTotalRevenueDashboardServiceTypeCount,User:vani.s,UnitID:2
2025-03-26 18:11:25.2577|INFO|PIVF.Web.Api.FertivueDashboard.FertivueDashboardController|Controller Name:FertivueDashboard,Action:GET,Method:GetAdminDashboardPercentageCounts,User:vani.s,UnitID:2
2025-03-26 18:11:25.2577|INFO|PIVF.Web.Api.FertivueDashboard.FertivueDashboardController|Controller Name:FertivueDashboard,Action:GET,Method:GetAdminDashboardPercentageCounts,User:vani.s,UnitID:2
2025-03-26 18:11:28.1113|INFO|PIVF.Web.Api.Master.Configuration.UserAPIController|Controller Name:UserAPI,Action:HttpGet,Method:GetParentList,User:vani.s,UnitID:2
2025-03-26 18:11:28.1113|INFO|PIVF.Web.Api.Master.Configuration.UserAPIController|Controller Name:UserAPI,Action:HttpGet,Method:GetParentList,User:vani.s,UnitID:2
2025-03-26 18:11:28.1113|INFO|PIVF.Web.Api.Master.Configuration.UserAPIController|Controller Name:UserAPI,Action:HttpGet,Method:GetParentList,User:vani.s,UnitID:2
2025-03-26 18:11:28.1113|INFO|PIVF.Web.Api.Master.Configuration.UserAPIController|Controller Name:UserAPI,Action:HttpGet,Method:GetParentList,User:vani.s,UnitID:2
2025-03-26 18:11:28.5618|INFO|PIVF.Web.Api.Master.Configuration.UserAPIController|Controller Name:UserAPI,Action:HttpGet,Method:GetUserRoleRights,User:vani.s,UnitID:2
2025-03-26 18:11:28.5618|INFO|PIVF.Web.Api.Master.Configuration.UserAPIController|Controller Name:UserAPI,Action:HttpGet,Method:GetUserRoleRights,User:vani.s,UnitID:2
2025-03-26 18:11:29.0771|INFO|PIVF.Web.Api.Master.Configuration.UserAPIController|Controller Name:UserAPI,Action:HttpGet,Method:GetGrandParentList,User:vani.s,UnitID:2
2025-03-26 18:11:29.0771|INFO|PIVF.Web.Api.Master.Configuration.UserAPIController|Controller Name:UserAPI,Action:HttpGet,Method:GetGrandParentList,User:vani.s,UnitID:2
2025-03-26 18:11:45.3258|INFO|PIVF.Web.Api.Master.Configuration.UserAPIController|Controller Name:UserAPI,Action:HttpGet,Method:GetParentList,User:vani.s,UnitID:2
2025-03-26 18:11:45.3258|INFO|PIVF.Web.Api.Master.Configuration.UserAPIController|Controller Name:UserAPI,Action:HttpGet,Method:GetParentList,User:vani.s,UnitID:2
2025-03-26 18:11:45.4790|INFO|PIVF.Web.Api.PatientDashboard.PatientDashboardAPIController|Controller Name:PatientDashboardAPI,Action:GET,Method:GetVisitTypeList,User:vani.s,UnitID:2
2025-03-26 18:11:45.4790|INFO|PIVF.Web.Api.PatientDashboard.PatientDashboardAPIController|Controller Name:PatientDashboardAPI,Action:GET,Method:GetVisitTypeList,User:vani.s,UnitID:2
2025-03-26 18:11:45.4854|INFO|PIVF.Web.Api.FertivueDashboard.FertivueDashboardController|Controller Name:FertivueDashboard,Action:GET,Method:GetRegistrationDashboardByAgeGroupCount,User:vani.s,UnitID:2
2025-03-26 18:11:45.4854|INFO|PIVF.Web.Api.FertivueDashboard.FertivueDashboardController|Controller Name:FertivueDashboard,Action:GET,Method:GetRegistrationDashboardByAgeGroupCount,User:vani.s,UnitID:2
2025-03-26 18:11:45.4854|INFO|PIVF.Web.Api.PatientDashboard.PatientDashboardAPIController|Controller Name:PatientDashboardAPI,Action:GET,Method:GetVisitTypeList,User:vani.s,UnitID:2
2025-03-26 18:11:45.4854|INFO|PIVF.Web.Api.PatientDashboard.PatientDashboardAPIController|Controller Name:PatientDashboardAPI,Action:GET,Method:GetVisitTypeList,User:vani.s,UnitID:2
2025-03-26 18:11:45.5034|INFO|PIVF.Web.Api.FertivueDashboard.FertivueDashboardController|Controller Name:FertivueDashboard,Action:GET,Method:GetAppointmentDashboardCount,User:vani.s,UnitID:2
2025-03-26 18:11:45.5034|INFO|PIVF.Web.Api.FertivueDashboard.FertivueDashboardController|Controller Name:FertivueDashboard,Action:GET,Method:GetAppointmentDashboardCount,User:vani.s,UnitID:2
2025-03-26 18:11:45.5034|INFO|PIVF.Web.Api.FertivueDashboard.FertivueDashboardController|Controller Name:FertivueDashboard,Action:GET,Method:GetInvestigationDashboardCount,User:vani.s,UnitID:2
2025-03-26 18:11:45.5034|INFO|PIVF.Web.Api.FertivueDashboard.FertivueDashboardController|Controller Name:FertivueDashboard,Action:GET,Method:GetInvestigationDashboardCount,User:vani.s,UnitID:2
2025-03-26 18:11:45.5252|INFO|PIVF.Web.Api.FertivueDashboard.FertivueDashboardController|Controller Name:FertivueDashboard,Action:GET,Method:GetBillingDashboardCount,User:vani.s,UnitID:2
2025-03-26 18:11:45.5252|INFO|PIVF.Web.Api.FertivueDashboard.FertivueDashboardController|Controller Name:FertivueDashboard,Action:GET,Method:GetBillingDashboardCount,User:vani.s,UnitID:2
2025-03-26 18:11:45.5427|INFO|PIVF.Web.Api.FertivueDashboard.FertivueDashboardController|Controller Name:FertivueDashboard,Action:GET,Method:GetTotalRevenueDashboardServiceTypeCount,User:vani.s,UnitID:2
2025-03-26 18:11:45.5427|INFO|PIVF.Web.Api.FertivueDashboard.FertivueDashboardController|Controller Name:FertivueDashboard,Action:GET,Method:GetTotalRevenueDashboardServiceTypeCount,User:vani.s,UnitID:2
2025-03-26 18:11:45.5819|INFO|PIVF.Web.Api.FertivueDashboard.FertivueDashboardController|Controller Name:FertivueDashboard,Action:GET,Method:GetAdminDashboardPercentageCounts,User:vani.s,UnitID:2
2025-03-26 18:11:45.5819|INFO|PIVF.Web.Api.FertivueDashboard.FertivueDashboardController|Controller Name:FertivueDashboard,Action:GET,Method:GetAdminDashboardPercentageCounts,User:vani.s,UnitID:2
2025-03-26 18:11:46.2296|INFO|PIVF.Web.Api.Master.Configuration.UserAPIController|Controller Name:UserAPI,Action:HttpGet,Method:GetUserRoleRights,User:vani.s,UnitID:2
2025-03-26 18:11:46.2296|INFO|PIVF.Web.Api.Master.Configuration.UserAPIController|Controller Name:UserAPI,Action:HttpGet,Method:GetUserRoleRights,User:vani.s,UnitID:2
2025-03-26 18:11:47.8303|INFO|PIVF.Web.Api.Master.Configuration.UserAPIController|Controller Name:UserAPI,Action:HttpGet,Method:GetParentList,User:vani.s,UnitID:2
2025-03-26 18:11:47.8303|INFO|PIVF.Web.Api.Master.Configuration.UserAPIController|Controller Name:UserAPI,Action:HttpGet,Method:GetParentList,User:vani.s,UnitID:2
2025-03-26 18:11:48.7783|INFO|PIVF.Web.Api.Master.Configuration.UserAPIController|Controller Name:UserAPI,Action:HttpGet,Method:GetGrandParentList,User:vani.s,UnitID:2
2025-03-26 18:11:48.7783|INFO|PIVF.Web.Api.Master.Configuration.UserAPIController|Controller Name:UserAPI,Action:HttpGet,Method:GetGrandParentList,User:vani.s,UnitID:2
2025-03-26 18:11:52.2930|INFO|PIVF.Web.Api.PatientDashboard.PatientDashboardAPIController|Controller Name:PatientDashboardAPI,Action:GET,Method:GetVisitTypeList,User:vani.s,UnitID:2
2025-03-26 18:11:52.2930|INFO|PIVF.Web.Api.PatientDashboard.PatientDashboardAPIController|Controller Name:PatientDashboardAPI,Action:GET,Method:GetVisitTypeList,User:vani.s,UnitID:2
2025-03-26 18:11:52.2984|INFO|PIVF.Web.Api.FertivueDashboard.FertivueDashboardController|Controller Name:FertivueDashboard,Action:GET,Method:GetRegistrationDashboardByAgeGroupCount,User:vani.s,UnitID:2
2025-03-26 18:11:52.2984|INFO|PIVF.Web.Api.FertivueDashboard.FertivueDashboardController|Controller Name:FertivueDashboard,Action:GET,Method:GetRegistrationDashboardByAgeGroupCount,User:vani.s,UnitID:2
2025-03-26 18:11:52.2984|INFO|PIVF.Web.Api.PatientDashboard.PatientDashboardAPIController|Controller Name:PatientDashboardAPI,Action:GET,Method:GetVisitTypeList,User:vani.s,UnitID:2
2025-03-26 18:11:52.2984|INFO|PIVF.Web.Api.PatientDashboard.PatientDashboardAPIController|Controller Name:PatientDashboardAPI,Action:GET,Method:GetVisitTypeList,User:vani.s,UnitID:2
2025-03-26 18:11:52.3155|INFO|PIVF.Web.Api.FertivueDashboard.FertivueDashboardController|Controller Name:FertivueDashboard,Action:GET,Method:GetAppointmentDashboardCount,User:vani.s,UnitID:2
2025-03-26 18:11:52.3155|INFO|PIVF.Web.Api.FertivueDashboard.FertivueDashboardController|Controller Name:FertivueDashboard,Action:GET,Method:GetAppointmentDashboardCount,User:vani.s,UnitID:2
2025-03-26 18:11:52.3155|INFO|PIVF.Web.Api.FertivueDashboard.FertivueDashboardController|Controller Name:FertivueDashboard,Action:GET,Method:GetInvestigationDashboardCount,User:vani.s,UnitID:2
2025-03-26 18:11:52.3155|INFO|PIVF.Web.Api.FertivueDashboard.FertivueDashboardController|Controller Name:FertivueDashboard,Action:GET,Method:GetInvestigationDashboardCount,User:vani.s,UnitID:2
2025-03-26 18:11:52.3354|INFO|PIVF.Web.Api.FertivueDashboard.FertivueDashboardController|Controller Name:FertivueDashboard,Action:GET,Method:GetBillingDashboardCount,User:vani.s,UnitID:2
2025-03-26 18:11:52.3354|INFO|PIVF.Web.Api.FertivueDashboard.FertivueDashboardController|Controller Name:FertivueDashboard,Action:GET,Method:GetBillingDashboardCount,User:vani.s,UnitID:2
2025-03-26 18:11:52.3529|INFO|PIVF.Web.Api.FertivueDashboard.FertivueDashboardController|Controller Name:FertivueDashboard,Action:GET,Method:GetTotalRevenueDashboardServiceTypeCount,User:vani.s,UnitID:2
2025-03-26 18:11:52.3529|INFO|PIVF.Web.Api.FertivueDashboard.FertivueDashboardController|Controller Name:FertivueDashboard,Action:GET,Method:GetTotalRevenueDashboardServiceTypeCount,User:vani.s,UnitID:2
2025-03-26 18:11:52.3903|INFO|PIVF.Web.Api.FertivueDashboard.FertivueDashboardController|Controller Name:FertivueDashboard,Action:GET,Method:GetAdminDashboardPercentageCounts,User:vani.s,UnitID:2
2025-03-26 18:11:52.3903|INFO|PIVF.Web.Api.FertivueDashboard.FertivueDashboardController|Controller Name:FertivueDashboard,Action:GET,Method:GetAdminDashboardPercentageCounts,User:vani.s,UnitID:2
2025-03-26 18:12:03.1311|INFO|PIVF.Web.Api.Master.Configuration.UserAPIController|Controller Name:UserAPI,Action:HttpGet,Method:GetUserRoleRights,User:vani.s,UnitID:2
2025-03-26 18:12:03.1311|INFO|PIVF.Web.Api.Master.Configuration.UserAPIController|Controller Name:UserAPI,Action:HttpGet,Method:GetUserRoleRights,User:vani.s,UnitID:2
2025-03-26 18:12:03.1470|INFO|PIVF.Web.Api.Master.Configuration.UserAPIController|Controller Name:UserAPI,Action:HttpGet,Method:GetGrandParentList,User:vani.s,UnitID:2
2025-03-26 18:12:03.1470|INFO|PIVF.Web.Api.Master.Configuration.UserAPIController|Controller Name:UserAPI,Action:HttpGet,Method:GetGrandParentList,User:vani.s,UnitID:2
2025-03-26 18:12:04.2448|INFO|PIVF.Web.Api.PatientDashboard.PatientDashboardAPIController|Controller Name:PatientDashboardAPI,Action:GET,Method:GetVisitTypeList,User:vani.s,UnitID:2
2025-03-26 18:12:04.2448|INFO|PIVF.Web.Api.PatientDashboard.PatientDashboardAPIController|Controller Name:PatientDashboardAPI,Action:GET,Method:GetVisitTypeList,User:vani.s,UnitID:2
2025-03-26 18:12:04.2448|INFO|PIVF.Web.Api.FertivueDashboard.FertivueDashboardController|Controller Name:FertivueDashboard,Action:GET,Method:GetRegistrationDashboardByAgeGroupCount,User:vani.s,UnitID:2
2025-03-26 18:12:04.2448|INFO|PIVF.Web.Api.FertivueDashboard.FertivueDashboardController|Controller Name:FertivueDashboard,Action:GET,Method:GetRegistrationDashboardByAgeGroupCount,User:vani.s,UnitID:2
2025-03-26 18:12:04.2550|INFO|PIVF.Web.Api.PatientDashboard.PatientDashboardAPIController|Controller Name:PatientDashboardAPI,Action:GET,Method:GetVisitTypeList,User:vani.s,UnitID:2
2025-03-26 18:12:04.2550|INFO|PIVF.Web.Api.PatientDashboard.PatientDashboardAPIController|Controller Name:PatientDashboardAPI,Action:GET,Method:GetVisitTypeList,User:vani.s,UnitID:2
2025-03-26 18:12:04.2676|INFO|PIVF.Web.Api.FertivueDashboard.FertivueDashboardController|Controller Name:FertivueDashboard,Action:GET,Method:GetAppointmentDashboardCount,User:vani.s,UnitID:2
2025-03-26 18:12:04.2676|INFO|PIVF.Web.Api.FertivueDashboard.FertivueDashboardController|Controller Name:FertivueDashboard,Action:GET,Method:GetAppointmentDashboardCount,User:vani.s,UnitID:2
2025-03-26 18:12:04.2676|INFO|PIVF.Web.Api.FertivueDashboard.FertivueDashboardController|Controller Name:FertivueDashboard,Action:GET,Method:GetInvestigationDashboardCount,User:vani.s,UnitID:2
2025-03-26 18:12:04.2676|INFO|PIVF.Web.Api.FertivueDashboard.FertivueDashboardController|Controller Name:FertivueDashboard,Action:GET,Method:GetInvestigationDashboardCount,User:vani.s,UnitID:2
2025-03-26 18:12:04.2891|INFO|PIVF.Web.Api.FertivueDashboard.FertivueDashboardController|Controller Name:FertivueDashboard,Action:GET,Method:GetBillingDashboardCount,User:vani.s,UnitID:2
2025-03-26 18:12:04.2891|INFO|PIVF.Web.Api.FertivueDashboard.FertivueDashboardController|Controller Name:FertivueDashboard,Action:GET,Method:GetBillingDashboardCount,User:vani.s,UnitID:2
2025-03-26 18:12:04.3080|INFO|PIVF.Web.Api.FertivueDashboard.FertivueDashboardController|Controller Name:FertivueDashboard,Action:GET,Method:GetTotalRevenueDashboardServiceTypeCount,User:vani.s,UnitID:2
2025-03-26 18:12:04.3080|INFO|PIVF.Web.Api.FertivueDashboard.FertivueDashboardController|Controller Name:FertivueDashboard,Action:GET,Method:GetTotalRevenueDashboardServiceTypeCount,User:vani.s,UnitID:2
2025-03-26 18:12:04.3462|INFO|PIVF.Web.Api.FertivueDashboard.FertivueDashboardController|Controller Name:FertivueDashboard,Action:GET,Method:GetAdminDashboardPercentageCounts,User:vani.s,UnitID:2
2025-03-26 18:12:04.3462|INFO|PIVF.Web.Api.FertivueDashboard.FertivueDashboardController|Controller Name:FertivueDashboard,Action:GET,Method:GetAdminDashboardPercentageCounts,User:vani.s,UnitID:2
2025-03-26 18:12:07.8063|INFO|PIVF.Web.Api.Master.Configuration.UserAPIController|Controller Name:UserAPI,Action:HttpGet,Method:GetParentList,User:vani.s,UnitID:2
2025-03-26 18:12:07.8063|INFO|PIVF.Web.Api.Master.Configuration.UserAPIController|Controller Name:UserAPI,Action:HttpGet,Method:GetParentList,User:vani.s,UnitID:2
2025-03-26 18:12:07.8163|INFO|PIVF.Web.Api.Master.Configuration.UserAPIController|Controller Name:UserAPI,Action:HttpGet,Method:GetParentList,User:vani.s,UnitID:2
2025-03-26 18:12:07.8163|INFO|PIVF.Web.Api.Master.Configuration.UserAPIController|Controller Name:UserAPI,Action:HttpGet,Method:GetParentList,User:vani.s,UnitID:2
2025-03-26 18:32:55.2885|INFO|PIVF.Web.Api.Master.Configuration.UserAPIController|Controller Name:UserAPI,Action:HttpGet,Method:GetParentList,User:vani.s,UnitID:2
2025-03-26 18:32:55.2885|INFO|PIVF.Web.Api.Master.Configuration.UserAPIController|Controller Name:UserAPI,Action:HttpGet,Method:GetParentList,User:vani.s,UnitID:2
2025-03-26 18:32:55.4490|INFO|PIVF.Web.Api.PatientDashboard.PatientDashboardAPIController|Controller Name:PatientDashboardAPI,Action:GET,Method:GetVisitTypeList,User:vani.s,UnitID:2
2025-03-26 18:32:55.4490|INFO|PIVF.Web.Api.PatientDashboard.PatientDashboardAPIController|Controller Name:PatientDashboardAPI,Action:GET,Method:GetVisitTypeList,User:vani.s,UnitID:2
2025-03-26 18:32:55.4548|INFO|PIVF.Web.Api.FertivueDashboard.FertivueDashboardController|Controller Name:FertivueDashboard,Action:GET,Method:GetRegistrationDashboardByAgeGroupCount,User:vani.s,UnitID:2
2025-03-26 18:32:55.4548|INFO|PIVF.Web.Api.FertivueDashboard.FertivueDashboardController|Controller Name:FertivueDashboard,Action:GET,Method:GetRegistrationDashboardByAgeGroupCount,User:vani.s,UnitID:2
2025-03-26 18:32:55.4548|INFO|PIVF.Web.Api.PatientDashboard.PatientDashboardAPIController|Controller Name:PatientDashboardAPI,Action:GET,Method:GetVisitTypeList,User:vani.s,UnitID:2
2025-03-26 18:32:55.4548|INFO|PIVF.Web.Api.PatientDashboard.PatientDashboardAPIController|Controller Name:PatientDashboardAPI,Action:GET,Method:GetVisitTypeList,User:vani.s,UnitID:2
2025-03-26 18:32:55.4764|INFO|PIVF.Web.Api.FertivueDashboard.FertivueDashboardController|Controller Name:FertivueDashboard,Action:GET,Method:GetAppointmentDashboardCount,User:vani.s,UnitID:2
2025-03-26 18:32:55.4764|INFO|PIVF.Web.Api.FertivueDashboard.FertivueDashboardController|Controller Name:FertivueDashboard,Action:GET,Method:GetAppointmentDashboardCount,User:vani.s,UnitID:2
2025-03-26 18:32:55.4764|INFO|PIVF.Web.Api.FertivueDashboard.FertivueDashboardController|Controller Name:FertivueDashboard,Action:GET,Method:GetInvestigationDashboardCount,User:vani.s,UnitID:2
2025-03-26 18:32:55.4764|INFO|PIVF.Web.Api.FertivueDashboard.FertivueDashboardController|Controller Name:FertivueDashboard,Action:GET,Method:GetInvestigationDashboardCount,User:vani.s,UnitID:2
2025-03-26 18:32:55.4990|INFO|PIVF.Web.Api.FertivueDashboard.FertivueDashboardController|Controller Name:FertivueDashboard,Action:GET,Method:GetBillingDashboardCount,User:vani.s,UnitID:2
2025-03-26 18:32:55.4990|INFO|PIVF.Web.Api.FertivueDashboard.FertivueDashboardController|Controller Name:FertivueDashboard,Action:GET,Method:GetBillingDashboardCount,User:vani.s,UnitID:2
2025-03-26 18:32:55.5174|INFO|PIVF.Web.Api.FertivueDashboard.FertivueDashboardController|Controller Name:FertivueDashboard,Action:GET,Method:GetTotalRevenueDashboardServiceTypeCount,User:vani.s,UnitID:2
2025-03-26 18:32:55.5174|INFO|PIVF.Web.Api.FertivueDashboard.FertivueDashboardController|Controller Name:FertivueDashboard,Action:GET,Method:GetTotalRevenueDashboardServiceTypeCount,User:vani.s,UnitID:2
2025-03-26 18:32:55.5563|INFO|PIVF.Web.Api.FertivueDashboard.FertivueDashboardController|Controller Name:FertivueDashboard,Action:GET,Method:GetAdminDashboardPercentageCounts,User:vani.s,UnitID:2
2025-03-26 18:32:55.5563|INFO|PIVF.Web.Api.FertivueDashboard.FertivueDashboardController|Controller Name:FertivueDashboard,Action:GET,Method:GetAdminDashboardPercentageCounts,User:vani.s,UnitID:2
2025-03-26 18:32:57.3056|INFO|PIVF.Web.Api.Master.Configuration.UserAPIController|Controller Name:UserAPI,Action:HttpGet,Method:GetParentList,User:vani.s,UnitID:2
2025-03-26 18:32:57.3056|INFO|PIVF.Web.Api.Master.Configuration.UserAPIController|Controller Name:UserAPI,Action:HttpGet,Method:GetParentList,User:vani.s,UnitID:2
2025-03-26 18:32:57.7341|INFO|PIVF.Web.Api.Master.Configuration.UserAPIController|Controller Name:UserAPI,Action:HttpGet,Method:GetUserRoleRights,User:vani.s,UnitID:2
2025-03-26 18:32:57.7341|INFO|PIVF.Web.Api.Master.Configuration.UserAPIController|Controller Name:UserAPI,Action:HttpGet,Method:GetUserRoleRights,User:vani.s,UnitID:2
2025-03-26 18:32:58.2457|INFO|PIVF.Web.Api.Master.Configuration.UserAPIController|Controller Name:UserAPI,Action:HttpGet,Method:GetGrandParentList,User:vani.s,UnitID:2
2025-03-26 18:32:58.2457|INFO|PIVF.Web.Api.Master.Configuration.UserAPIController|Controller Name:UserAPI,Action:HttpGet,Method:GetGrandParentList,User:vani.s,UnitID:2
