2023-11-29 18:59:54.4448|INFO|PIVF.Web.Api.Master.Configuration.UserAPIController|Controller Name:UserAPI,Action:HttpGet,Method:GetUserRoleRights,User:admin,UnitID:2
2023-11-29 18:59:54.4448|INFO|PIVF.Web.Api.Master.Configuration.UserAPIController|Controller Name:UserAPI,Action:HttpGet,Method:GetUserRoleRights,User:admin,UnitID:2
2023-11-29 18:59:55.6073|INFO|PIVF.Web.Api.Master.Configuration.UserAPIController|Controller Name:UserAPI,Action:HttpGet,Method:GetParentList,User:admin,UnitID:2
2023-11-29 18:59:55.6073|INFO|PIVF.Web.Api.Master.Configuration.UserAPIController|Controller Name:UserAPI,Action:HttpGet,Method:GetParentList,User:admin,UnitID:2
2023-11-29 18:59:55.6924|INFO|PIVF.Web.Api.Master.Configuration.UserAPIController|Controller Name:UserAPI,Action:HttpGet,Method:GetParentList,User:admin,UnitID:2
2023-11-29 18:59:55.6924|INFO|PIVF.Web.Api.Master.Configuration.UserAPIController|Controller Name:UserAPI,Action:HttpGet,Method:GetParentList,User:admin,UnitID:2
2023-11-29 18:59:56.1986|INFO|PIVF.Web.Api.Master.Configuration.UserAPIController|Controller Name:UserAPI,Action:HttpGet,Method:GetGrandParentList,User:admin,UnitID:2
2023-11-29 18:59:56.1986|INFO|PIVF.Web.Api.Master.Configuration.UserAPIController|Controller Name:UserAPI,Action:HttpGet,Method:GetGrandParentList,User:admin,UnitID:2
2023-11-29 18:59:56.8755|INFO|PIVF.Web.Api.Master.Common.CommonController|1_Controller Name:CommonController,Action:HttpGet,Method:GetDoctorsList,User:admin,UnitID:2
2023-11-29 18:59:56.8755|INFO|PIVF.Web.Api.Master.Common.CommonController|1_Controller Name:CommonController,Action:HttpGet,Method:GetDoctorsList,User:admin,UnitID:2
2023-11-29 18:59:56.9294|INFO|PIVF.Web.Api.Master.Common.CommonController|1_Controller Name:CommonController,Action:HttpGet,Method:GetSpeclRegTypeList,User:admin,UnitID:2
2023-11-29 18:59:56.9294|INFO|PIVF.Web.Api.Master.Common.CommonController|1_Controller Name:CommonController,Action:HttpGet,Method:GetSpeclRegTypeList,User:admin,UnitID:2
2023-11-29 18:59:57.4146|INFO|PIVF.Web.Api.QueueMgt.QueueMgtController|Controller Name:QueueMgt,Action:HttpPost,Method:GetQueueList,User:admin,UnitID:2
2023-11-29 18:59:57.4146|INFO|PIVF.Web.Api.QueueMgt.QueueMgtController|Controller Name:QueueMgt,Action:HttpPost,Method:GetQueueList,User:admin,UnitID:2
2023-11-29 18:59:58.4158|INFO|PIVF.Web.Api.Master.Common.CommonController|1_Controller Name:CommonController,Action:HttpGet,Method:GetDepartmentList,User:admin,UnitID:2
2023-11-29 18:59:58.4158|INFO|PIVF.Web.Api.Master.Common.CommonController|1_Controller Name:CommonController,Action:HttpGet,Method:GetDepartmentList,User:admin,UnitID:2
2023-11-29 19:00:19.2942|INFO|PIVF.Web.Api.Master.Configuration.UserAPIController|Controller Name:UserAPI,Action:HttpGet,Method:GetGrandParentList,User:admin,UnitID:1
2023-11-29 19:00:19.2942|INFO|PIVF.Web.Api.Master.Configuration.UserAPIController|Controller Name:UserAPI,Action:HttpGet,Method:GetGrandParentList,User:admin,UnitID:1
2023-11-29 19:00:19.5198|INFO|PIVF.Web.Api.QueueMgt.QueueMgtController|Controller Name:QueueMgt,Action:HttpPost,Method:GetQueueList,User:admin,UnitID:1
2023-11-29 19:00:19.5198|INFO|PIVF.Web.Api.QueueMgt.QueueMgtController|Controller Name:QueueMgt,Action:HttpPost,Method:GetQueueList,User:admin,UnitID:1
2023-11-29 19:00:19.5587|INFO|PIVF.Web.Api.Master.Common.CommonController|1_Controller Name:CommonController,Action:HttpGet,Method:GetSpeclRegTypeList,User:admin,UnitID:1
2023-11-29 19:00:19.5587|INFO|PIVF.Web.Api.Master.Common.CommonController|1_Controller Name:CommonController,Action:HttpGet,Method:GetSpeclRegTypeList,User:admin,UnitID:1
2023-11-29 19:00:19.7991|INFO|PIVF.Web.Api.Master.Configuration.UserAPIController|Controller Name:UserAPI,Action:HttpGet,Method:GetUserRoleRights,User:admin,UnitID:1
2023-11-29 19:00:19.7991|INFO|PIVF.Web.Api.Master.Configuration.UserAPIController|Controller Name:UserAPI,Action:HttpGet,Method:GetUserRoleRights,User:admin,UnitID:1
2023-11-29 19:00:20.0391|INFO|PIVF.Web.Api.Master.Common.CommonController|1_Controller Name:CommonController,Action:HttpGet,Method:GetDepartmentList,User:admin,UnitID:1
2023-11-29 19:00:20.0391|INFO|PIVF.Web.Api.Master.Common.CommonController|1_Controller Name:CommonController,Action:HttpGet,Method:GetDepartmentList,User:admin,UnitID:1
2023-11-29 19:00:20.5527|INFO|PIVF.Web.Api.Master.Common.CommonController|1_Controller Name:CommonController,Action:HttpGet,Method:GetDoctorsList,User:admin,UnitID:1
2023-11-29 19:00:20.5527|INFO|PIVF.Web.Api.Master.Common.CommonController|1_Controller Name:CommonController,Action:HttpGet,Method:GetDoctorsList,User:admin,UnitID:1
2023-11-29 19:00:20.9067|INFO|PIVF.Web.Api.Master.Configuration.UserAPIController|Controller Name:UserAPI,Action:HttpGet,Method:GetParentList,User:admin,UnitID:1
2023-11-29 19:00:20.9067|INFO|PIVF.Web.Api.Master.Configuration.UserAPIController|Controller Name:UserAPI,Action:HttpGet,Method:GetParentList,User:admin,UnitID:1
2023-11-29 19:00:20.9996|INFO|PIVF.Web.Api.Master.Configuration.UserAPIController|Controller Name:UserAPI,Action:HttpGet,Method:GetParentList,User:admin,UnitID:1
2023-11-29 19:00:20.9996|INFO|PIVF.Web.Api.Master.Configuration.UserAPIController|Controller Name:UserAPI,Action:HttpGet,Method:GetParentList,User:admin,UnitID:1
2023-11-29 19:00:35.3894|INFO|PIVF.Web.Api.Master.Configuration.UserAPIController|Controller Name:UserAPI,Action:HttpGet,Method:GetUserRoleRights,User:admin,UnitID:1
2023-11-29 19:00:35.3894|INFO|PIVF.Web.Api.Master.Configuration.UserAPIController|Controller Name:UserAPI,Action:HttpGet,Method:GetUserRoleRights,User:admin,UnitID:1
2023-11-29 19:00:35.9225|INFO|PIVF.Web.Api.Master.Configuration.UserAPIController|Controller Name:UserAPI,Action:HttpGet,Method:GetParentList,User:admin,UnitID:1
2023-11-29 19:00:35.9225|INFO|PIVF.Web.Api.Master.Configuration.UserAPIController|Controller Name:UserAPI,Action:HttpGet,Method:GetParentList,User:admin,UnitID:1
2023-11-29 19:00:35.9798|INFO|PIVF.Web.Api.Master.Common.CommonController|1_Controller Name:CommonController,Action:HttpGet,Method:GetDepartmentList,User:admin,UnitID:1
2023-11-29 19:00:35.9798|INFO|PIVF.Web.Api.Master.Common.CommonController|1_Controller Name:CommonController,Action:HttpGet,Method:GetDepartmentList,User:admin,UnitID:1
2023-11-29 19:00:35.9956|INFO|PIVF.Web.Api.Master.Common.CommonController|1_Controller Name:CommonController,Action:HttpGet,Method:GetDoctorsList,User:admin,UnitID:1
2023-11-29 19:00:35.9956|INFO|PIVF.Web.Api.Master.Common.CommonController|1_Controller Name:CommonController,Action:HttpGet,Method:GetDoctorsList,User:admin,UnitID:1
2023-11-29 19:00:36.0355|INFO|PIVF.Web.Api.Master.Common.CommonController|1_Controller Name:CommonController,Action:HttpGet,Method:GetSpeclRegTypeList,User:admin,UnitID:1
2023-11-29 19:00:36.0355|INFO|PIVF.Web.Api.Master.Common.CommonController|1_Controller Name:CommonController,Action:HttpGet,Method:GetSpeclRegTypeList,User:admin,UnitID:1
2023-11-29 19:00:36.4883|INFO|PIVF.Web.Api.QueueMgt.QueueMgtController|Controller Name:QueueMgt,Action:HttpPost,Method:GetQueueList,User:admin,UnitID:1
2023-11-29 19:00:36.4883|INFO|PIVF.Web.Api.QueueMgt.QueueMgtController|Controller Name:QueueMgt,Action:HttpPost,Method:GetQueueList,User:admin,UnitID:1
2023-11-29 19:00:36.9028|INFO|PIVF.Web.Api.Master.Configuration.UserAPIController|Controller Name:UserAPI,Action:HttpGet,Method:GetGrandParentList,User:admin,UnitID:1
2023-11-29 19:00:36.9028|INFO|PIVF.Web.Api.Master.Configuration.UserAPIController|Controller Name:UserAPI,Action:HttpGet,Method:GetGrandParentList,User:admin,UnitID:1
2023-11-29 19:00:36.9601|INFO|PIVF.Web.Api.Master.Configuration.UserAPIController|Controller Name:UserAPI,Action:HttpGet,Method:GetParentList,User:admin,UnitID:1
2023-11-29 19:00:36.9601|INFO|PIVF.Web.Api.Master.Configuration.UserAPIController|Controller Name:UserAPI,Action:HttpGet,Method:GetParentList,User:admin,UnitID:1
2023-11-29 19:01:06.8713|INFO|PIVF.Web.Api.Master.Configuration.UserAPIController|Controller Name:UserAPI,Action:HttpGet,Method:GetUserRoleRights,User:admin,UnitID:10
2023-11-29 19:01:06.8713|INFO|PIVF.Web.Api.Master.Configuration.UserAPIController|Controller Name:UserAPI,Action:HttpGet,Method:GetUserRoleRights,User:admin,UnitID:10
2023-11-29 19:01:07.3795|INFO|PIVF.Web.Api.Master.Configuration.UserAPIController|Controller Name:UserAPI,Action:HttpGet,Method:GetGrandParentList,User:admin,UnitID:10
2023-11-29 19:01:07.3795|INFO|PIVF.Web.Api.Master.Configuration.UserAPIController|Controller Name:UserAPI,Action:HttpGet,Method:GetGrandParentList,User:admin,UnitID:10
2023-11-29 19:01:07.5092|INFO|PIVF.Web.Api.QueueMgt.QueueMgtController|Controller Name:QueueMgt,Action:HttpPost,Method:GetQueueList,User:admin,UnitID:10
2023-11-29 19:01:07.5092|INFO|PIVF.Web.Api.QueueMgt.QueueMgtController|Controller Name:QueueMgt,Action:HttpPost,Method:GetQueueList,User:admin,UnitID:10
2023-11-29 19:01:08.0183|INFO|PIVF.Web.Api.Master.Common.CommonController|1_Controller Name:CommonController,Action:HttpGet,Method:GetSpeclRegTypeList,User:admin,UnitID:10
2023-11-29 19:01:08.0183|INFO|PIVF.Web.Api.Master.Common.CommonController|1_Controller Name:CommonController,Action:HttpGet,Method:GetSpeclRegTypeList,User:admin,UnitID:10
2023-11-29 19:01:09.0298|INFO|PIVF.Web.Api.Master.Common.CommonController|1_Controller Name:CommonController,Action:HttpGet,Method:GetDepartmentList,User:admin,UnitID:10
2023-11-29 19:01:09.0298|INFO|PIVF.Web.Api.Master.Common.CommonController|1_Controller Name:CommonController,Action:HttpGet,Method:GetDepartmentList,User:admin,UnitID:10
2023-11-29 19:01:09.0456|INFO|PIVF.Web.Api.Master.Configuration.UserAPIController|Controller Name:UserAPI,Action:HttpGet,Method:GetParentList,User:admin,UnitID:10
2023-11-29 19:01:09.0456|INFO|PIVF.Web.Api.Master.Configuration.UserAPIController|Controller Name:UserAPI,Action:HttpGet,Method:GetParentList,User:admin,UnitID:10
2023-11-29 19:01:09.1437|INFO|PIVF.Web.Api.Master.Configuration.UserAPIController|Controller Name:UserAPI,Action:HttpGet,Method:GetParentList,User:admin,UnitID:10
2023-11-29 19:01:09.1437|INFO|PIVF.Web.Api.Master.Configuration.UserAPIController|Controller Name:UserAPI,Action:HttpGet,Method:GetParentList,User:admin,UnitID:10
2023-11-29 19:01:09.5415|INFO|PIVF.Web.Api.Master.Common.CommonController|1_Controller Name:CommonController,Action:HttpGet,Method:GetDoctorsList,User:admin,UnitID:10
2023-11-29 19:01:09.5415|INFO|PIVF.Web.Api.Master.Common.CommonController|1_Controller Name:CommonController,Action:HttpGet,Method:GetDoctorsList,User:admin,UnitID:10
2023-11-29 19:01:10.4095|INFO|PIVF.Web.Api.Master.Common.CommonController|1_Controller Name:CommonController,Action:HttpGet,Method:GetDoctorsList,User:admin,UnitID:10
2023-11-29 19:01:10.4095|INFO|PIVF.Web.Api.Master.Common.CommonController|1_Controller Name:CommonController,Action:HttpGet,Method:GetDoctorsList,User:admin,UnitID:10
2023-11-29 19:01:10.5110|INFO|PIVF.Web.Api.Master.Common.CommonController|1_Controller Name:CommonController,Action:HttpGet,Method:GetSpeclRegTypeList,User:admin,UnitID:10
2023-11-29 19:01:10.5110|INFO|PIVF.Web.Api.Master.Common.CommonController|1_Controller Name:CommonController,Action:HttpGet,Method:GetSpeclRegTypeList,User:admin,UnitID:10
2023-11-29 19:01:12.6699|INFO|PIVF.Web.Api.EMR.LandingPage.EMRLandingPageAPIController|Controller Name:EMRLandingPageAPI,Action:GET,Method:GetEMRLandingPageData,User:admin,UnitID:10
2023-11-29 19:01:12.6699|INFO|PIVF.Web.Api.EMR.LandingPage.EMRLandingPageAPIController|Controller Name:EMRLandingPageAPI,Action:GET,Method:GetEMRLandingPageData,User:admin,UnitID:10
2023-11-29 19:01:13.3906|INFO|PIVF.Web.Api.QueueMgt.QueueMgtController|Controller Name:QueueMgt,Action:HttpPost,Method:GetQueueList,User:admin,UnitID:10
2023-11-29 19:01:13.3906|INFO|PIVF.Web.Api.QueueMgt.QueueMgtController|Controller Name:QueueMgt,Action:HttpPost,Method:GetQueueList,User:admin,UnitID:10
2023-11-29 19:01:14.4143|INFO|PIVF.Web.Api.Master.Common.CommonController|1_Controller Name:CommonController,Action:HttpGet,Method:GetDepartmentList,User:admin,UnitID:10
2023-11-29 19:01:14.4143|INFO|PIVF.Web.Api.Master.Common.CommonController|1_Controller Name:CommonController,Action:HttpGet,Method:GetDepartmentList,User:admin,UnitID:10
2023-11-29 19:01:16.0848|INFO|PIVF.Web.Api.New_ART.NewARTController|Controller Name:NewART,Action:GET,Method:newCyclebtnFlag,User:admin,UnitID:10
2023-11-29 19:01:16.0848|INFO|PIVF.Web.Api.New_ART.NewARTController|Controller Name:NewART,Action:GET,Method:newCyclebtnFlag,User:admin,UnitID:10
2023-11-29 19:01:16.5805|INFO|PIVF.Web.Api.New_ART.NewARTController|Controller Name:NewART,Action:GET,Method:GetARTCycleList,User:admin,UnitID:10
2023-11-29 19:01:16.5805|INFO|PIVF.Web.Api.New_ART.NewARTController|Controller Name:NewART,Action:GET,Method:GetARTCycleList,User:admin,UnitID:10
2023-11-29 19:01:18.4428|INFO|PIVF.Web.Api.Master.Common.CommonController|Controller Name:Common,Action:GET,Method:GetActiveVisitByPatient,User:admin,UnitID:10
2023-11-29 19:01:18.4428|INFO|PIVF.Web.Api.Master.Common.CommonController|Controller Name:Common,Action:GET,Method:GetActiveVisitByPatient,User:admin,UnitID:10
2023-11-29 19:01:20.7172|INFO|PIVF.Web.Api.ARTMgmt.ReportUpload.ReportUploadAPIController|Controller Name:ReportUploadAPI,Action:GET,Method:fillPathoServiceList,User:admin,UnitID:10
2023-11-29 19:01:20.7172|INFO|PIVF.Web.Api.ARTMgmt.ReportUpload.ReportUploadAPIController|Controller Name:ReportUploadAPI,Action:GET,Method:fillPathoServiceList,User:admin,UnitID:10
2023-11-29 19:01:21.2228|INFO|PIVF.Web.Api.ARTMgmt.ReportUpload.ReportUploadAPIController|Controller Name:ReportUploadAPI,Action:GET,Method:GetReportList,User:admin,UnitID:10
2023-11-29 19:01:21.2228|INFO|PIVF.Web.Api.ARTMgmt.ReportUpload.ReportUploadAPIController|Controller Name:ReportUploadAPI,Action:GET,Method:GetReportList,User:admin,UnitID:10
2023-11-29 19:01:29.5153|INFO|PIVF.Web.Api.ARTMgmt.ReportUpload.ReportUploadAPIController|Controller Name:ReportUploadAPI,Action:GET,Method:fillPathoServiceList,User:admin,UnitID:10
2023-11-29 19:01:29.5153|INFO|PIVF.Web.Api.ARTMgmt.ReportUpload.ReportUploadAPIController|Controller Name:ReportUploadAPI,Action:GET,Method:fillPathoServiceList,User:admin,UnitID:10
2023-11-29 19:01:30.0413|INFO|PIVF.Web.Api.ARTMgmt.ReportUpload.ReportUploadAPIController|Controller Name:ReportUploadAPI,Action:GET,Method:GetReportList,User:admin,UnitID:10
2023-11-29 19:01:30.0413|INFO|PIVF.Web.Api.ARTMgmt.ReportUpload.ReportUploadAPIController|Controller Name:ReportUploadAPI,Action:GET,Method:GetReportList,User:admin,UnitID:10
2023-11-29 19:01:30.4889|INFO|PIVF.Web.Api.Master.Common.CommonController|Controller Name:Common,Action:GET,Method:GetActiveVisitByPatient,User:admin,UnitID:10
2023-11-29 19:01:30.4889|INFO|PIVF.Web.Api.Master.Common.CommonController|Controller Name:Common,Action:GET,Method:GetActiveVisitByPatient,User:admin,UnitID:10
2023-11-29 19:01:32.7755|INFO|PIVF.Web.Api.ARTMgmt.ReportUpload.ReportUploadAPIController|Controller Name:ReportUploadAPI,Action:GET,Method:fillPathoServiceList,User:admin,UnitID:10
2023-11-29 19:01:32.7755|INFO|PIVF.Web.Api.ARTMgmt.ReportUpload.ReportUploadAPIController|Controller Name:ReportUploadAPI,Action:GET,Method:fillPathoServiceList,User:admin,UnitID:10
2023-11-29 19:01:33.8057|INFO|PIVF.Web.Api.ARTMgmt.ReportUpload.ReportUploadAPIController|Controller Name:ReportUploadAPI,Action:GET,Method:GetReportList,User:admin,UnitID:10
2023-11-29 19:01:33.8057|INFO|PIVF.Web.Api.ARTMgmt.ReportUpload.ReportUploadAPIController|Controller Name:ReportUploadAPI,Action:GET,Method:GetReportList,User:admin,UnitID:10
2023-11-29 19:03:08.7069|INFO|PIVF.Web.Api.ARTMgmt.ReportUpload.ReportUploadAPIController|Controller Name:ReportUploadAPI,Action:GET,Method:GetReportList,User:admin,UnitID:10
2023-11-29 19:03:08.7069|INFO|PIVF.Web.Api.ARTMgmt.ReportUpload.ReportUploadAPIController|Controller Name:ReportUploadAPI,Action:GET,Method:GetReportList,User:admin,UnitID:10
2023-11-29 19:03:10.1949|INFO|PIVF.Web.Api.ARTMgmt.ReportUpload.ReportUploadAPIController|Controller Name:ReportUploadAPI,Action:GET,Method:fillPathoServiceList,User:admin,UnitID:10
2023-11-29 19:03:10.1949|INFO|PIVF.Web.Api.ARTMgmt.ReportUpload.ReportUploadAPIController|Controller Name:ReportUploadAPI,Action:GET,Method:fillPathoServiceList,User:admin,UnitID:10
2023-11-29 19:03:17.8794|INFO|PIVF.Web.Api.Master.Common.CommonController|1_Controller Name:CommonController,Action:HttpGet,Method:GetSpeclRegTypeList,User:admin,UnitID:10
2023-11-29 19:03:17.8794|INFO|PIVF.Web.Api.Master.Common.CommonController|1_Controller Name:CommonController,Action:HttpGet,Method:GetSpeclRegTypeList,User:admin,UnitID:10
2023-11-29 19:03:26.9138|INFO|PIVF.Web.Api.Master.Configuration.UserAPIController|Controller Name:UserAPI,Action:HttpGet,Method:GetGrandParentList,User:admin,UnitID:2
2023-11-29 19:03:26.9138|INFO|PIVF.Web.Api.Master.Configuration.UserAPIController|Controller Name:UserAPI,Action:HttpGet,Method:GetGrandParentList,User:admin,UnitID:2
2023-11-29 19:03:27.0046|INFO|PIVF.Web.Api.Master.Configuration.UserAPIController|Controller Name:UserAPI,Action:HttpGet,Method:GetUserRoleRights,User:admin,UnitID:2
2023-11-29 19:03:27.0046|INFO|PIVF.Web.Api.Master.Configuration.UserAPIController|Controller Name:UserAPI,Action:HttpGet,Method:GetUserRoleRights,User:admin,UnitID:2
2023-11-29 19:03:27.1273|INFO|PIVF.Web.Api.Master.Configuration.UserAPIController|Controller Name:UserAPI,Action:HttpGet,Method:GetParentList,User:admin,UnitID:2
2023-11-29 19:03:27.1273|INFO|PIVF.Web.Api.Master.Configuration.UserAPIController|Controller Name:UserAPI,Action:HttpGet,Method:GetParentList,User:admin,UnitID:2
2023-11-29 19:03:27.2138|INFO|PIVF.Web.Api.Master.Configuration.UserAPIController|Controller Name:UserAPI,Action:HttpGet,Method:GetParentList,User:admin,UnitID:2
2023-11-29 19:03:27.2138|INFO|PIVF.Web.Api.Master.Configuration.UserAPIController|Controller Name:UserAPI,Action:HttpGet,Method:GetParentList,User:admin,UnitID:2
2023-11-29 19:03:27.5966|INFO|PIVF.Web.Api.Master.Common.CommonController|1_Controller Name:CommonController,Action:HttpGet,Method:GetDepartmentList,User:admin,UnitID:2
2023-11-29 19:03:27.5966|INFO|PIVF.Web.Api.Master.Common.CommonController|1_Controller Name:CommonController,Action:HttpGet,Method:GetDepartmentList,User:admin,UnitID:2
2023-11-29 19:03:27.6062|INFO|PIVF.Web.Api.Master.Common.CommonController|1_Controller Name:CommonController,Action:HttpGet,Method:GetDoctorsList,User:admin,UnitID:2
2023-11-29 19:03:27.6062|INFO|PIVF.Web.Api.Master.Common.CommonController|1_Controller Name:CommonController,Action:HttpGet,Method:GetDoctorsList,User:admin,UnitID:2
2023-11-29 19:03:28.1103|INFO|PIVF.Web.Api.Master.Common.CommonController|1_Controller Name:CommonController,Action:HttpGet,Method:GetSpeclRegTypeList,User:admin,UnitID:2
2023-11-29 19:03:28.1103|INFO|PIVF.Web.Api.Master.Common.CommonController|1_Controller Name:CommonController,Action:HttpGet,Method:GetSpeclRegTypeList,User:admin,UnitID:2
2023-11-29 19:03:28.6372|INFO|PIVF.Web.Api.QueueMgt.QueueMgtController|Controller Name:QueueMgt,Action:HttpPost,Method:GetQueueList,User:admin,UnitID:2
2023-11-29 19:03:28.6372|INFO|PIVF.Web.Api.QueueMgt.QueueMgtController|Controller Name:QueueMgt,Action:HttpPost,Method:GetQueueList,User:admin,UnitID:2
2023-11-29 19:03:31.2834|INFO|PIVF.Web.Api.EMR.LandingPage.EMRLandingPageAPIController|Controller Name:EMRLandingPageAPI,Action:GET,Method:GetEMRLandingPageData,User:admin,UnitID:2
2023-11-29 19:03:31.2834|INFO|PIVF.Web.Api.EMR.LandingPage.EMRLandingPageAPIController|Controller Name:EMRLandingPageAPI,Action:GET,Method:GetEMRLandingPageData,User:admin,UnitID:2
2023-11-29 19:03:33.8055|INFO|PIVF.Web.Api.Master.Common.CommonController|Controller Name:Common,Action:GET,Method:GetActiveVisitByPatient,User:admin,UnitID:2
2023-11-29 19:03:33.8055|INFO|PIVF.Web.Api.Master.Common.CommonController|Controller Name:Common,Action:GET,Method:GetActiveVisitByPatient,User:admin,UnitID:2
2023-11-29 19:03:34.5104|INFO|PIVF.Web.Api.ARTMgmt.ReportUpload.ReportUploadAPIController|Controller Name:ReportUploadAPI,Action:GET,Method:GetReportList,User:admin,UnitID:2
2023-11-29 19:03:34.5104|INFO|PIVF.Web.Api.ARTMgmt.ReportUpload.ReportUploadAPIController|Controller Name:ReportUploadAPI,Action:GET,Method:GetReportList,User:admin,UnitID:2
2023-11-29 19:03:35.0251|INFO|PIVF.Web.Api.ARTMgmt.ReportUpload.ReportUploadAPIController|Controller Name:ReportUploadAPI,Action:GET,Method:fillPathoServiceList,User:admin,UnitID:2
2023-11-29 19:03:35.0251|INFO|PIVF.Web.Api.ARTMgmt.ReportUpload.ReportUploadAPIController|Controller Name:ReportUploadAPI,Action:GET,Method:fillPathoServiceList,User:admin,UnitID:2
2023-11-29 19:04:43.1697|INFO|PIVF.Web.Api.ARTMgmt.ReportUpload.ReportUploadAPIController|Controller Name:ReportUploadAPI,Action:POST,Method:UploadReport,User:admin,UnitID:2
2023-11-29 19:04:43.1697|INFO|PIVF.Web.Api.ARTMgmt.ReportUpload.ReportUploadAPIController|Controller Name:ReportUploadAPI,Action:POST,Method:UploadReport,User:admin,UnitID:2
2023-11-29 19:04:43.2006|INFO|PIVF.Web.Api.ARTMgmt.ReportUpload.ReportUploadAPIController|Controller Name:ReportUploadAPI,Action:GET,Method:GetReportList,User:admin,UnitID:2
2023-11-29 19:04:43.2006|INFO|PIVF.Web.Api.ARTMgmt.ReportUpload.ReportUploadAPIController|Controller Name:ReportUploadAPI,Action:GET,Method:GetReportList,User:admin,UnitID:2
2023-11-29 19:05:00.3499|INFO|PIVF.Web.Api.ARTMgmt.ReportUpload.ReportUploadAPIController|Controller Name:ReportUploadAPI,Action:GET,Method:GetReportList,User:admin,UnitID:2
2023-11-29 19:05:00.3499|INFO|PIVF.Web.Api.ARTMgmt.ReportUpload.ReportUploadAPIController|Controller Name:ReportUploadAPI,Action:GET,Method:GetReportList,User:admin,UnitID:2
2023-11-29 19:05:03.4202|INFO|PIVF.Web.Api.ARTMgmt.ReportUpload.ReportUploadAPIController|Controller Name:ReportUploadAPI,Action:GET,Method:GetReportList,User:admin,UnitID:2
2023-11-29 19:05:03.4202|INFO|PIVF.Web.Api.ARTMgmt.ReportUpload.ReportUploadAPIController|Controller Name:ReportUploadAPI,Action:GET,Method:GetReportList,User:admin,UnitID:2
2023-11-29 19:05:10.7910|INFO|PIVF.Web.Api.ARTMgmt.ReportUpload.ReportUploadAPIController|Controller Name:ReportUploadAPI,Action:GET,Method:GetReportList,User:admin,UnitID:2
2023-11-29 19:05:10.7910|INFO|PIVF.Web.Api.ARTMgmt.ReportUpload.ReportUploadAPIController|Controller Name:ReportUploadAPI,Action:GET,Method:GetReportList,User:admin,UnitID:2
2023-11-29 19:06:52.4109|INFO|PIVF.Web.Api.Master.Common.CommonController|1_Controller Name:CommonController,Action:HttpGet,Method:GetDoctorsList,User:admin,UnitID:2
2023-11-29 19:06:52.4109|INFO|PIVF.Web.Api.Master.Common.CommonController|1_Controller Name:CommonController,Action:HttpGet,Method:GetDoctorsList,User:admin,UnitID:2
2023-11-29 19:06:52.4307|INFO|PIVF.Web.Api.Master.Common.CommonController|1_Controller Name:CommonController,Action:HttpGet,Method:GetSpeclRegTypeList,User:admin,UnitID:2
2023-11-29 19:06:52.4307|INFO|PIVF.Web.Api.Master.Common.CommonController|1_Controller Name:CommonController,Action:HttpGet,Method:GetSpeclRegTypeList,User:admin,UnitID:2
2023-11-29 19:06:52.4476|INFO|PIVF.Web.Api.QueueMgt.QueueMgtController|Controller Name:QueueMgt,Action:HttpPost,Method:GetQueueList,User:admin,UnitID:2
2023-11-29 19:06:52.4476|INFO|PIVF.Web.Api.QueueMgt.QueueMgtController|Controller Name:QueueMgt,Action:HttpPost,Method:GetQueueList,User:admin,UnitID:2
2023-11-29 19:06:52.6493|INFO|PIVF.Web.Api.Master.Configuration.UserAPIController|Controller Name:UserAPI,Action:HttpGet,Method:GetUserRoleRights,User:admin,UnitID:2
2023-11-29 19:06:52.6493|INFO|PIVF.Web.Api.Master.Configuration.UserAPIController|Controller Name:UserAPI,Action:HttpGet,Method:GetUserRoleRights,User:admin,UnitID:2
2023-11-29 19:06:52.9089|INFO|PIVF.Web.Api.Master.Common.CommonController|1_Controller Name:CommonController,Action:HttpGet,Method:GetDepartmentList,User:admin,UnitID:2
2023-11-29 19:06:52.9089|INFO|PIVF.Web.Api.Master.Common.CommonController|1_Controller Name:CommonController,Action:HttpGet,Method:GetDepartmentList,User:admin,UnitID:2
2023-11-29 19:06:53.0292|INFO|PIVF.Web.Api.Master.Configuration.UserAPIController|Controller Name:UserAPI,Action:HttpGet,Method:GetParentList,User:admin,UnitID:2
2023-11-29 19:06:53.0292|INFO|PIVF.Web.Api.Master.Configuration.UserAPIController|Controller Name:UserAPI,Action:HttpGet,Method:GetParentList,User:admin,UnitID:2
2023-11-29 19:06:53.1188|INFO|PIVF.Web.Api.Master.Configuration.UserAPIController|Controller Name:UserAPI,Action:HttpGet,Method:GetParentList,User:admin,UnitID:2
2023-11-29 19:06:53.1188|INFO|PIVF.Web.Api.Master.Configuration.UserAPIController|Controller Name:UserAPI,Action:HttpGet,Method:GetParentList,User:admin,UnitID:2
2023-11-29 19:06:53.6853|INFO|PIVF.Web.Api.Master.Configuration.UserAPIController|Controller Name:UserAPI,Action:HttpGet,Method:GetGrandParentList,User:admin,UnitID:2
2023-11-29 19:06:53.6853|INFO|PIVF.Web.Api.Master.Configuration.UserAPIController|Controller Name:UserAPI,Action:HttpGet,Method:GetGrandParentList,User:admin,UnitID:2
2023-11-29 19:06:56.7886|INFO|PIVF.Web.Api.EMR.LandingPage.EMRLandingPageAPIController|Controller Name:EMRLandingPageAPI,Action:GET,Method:GetEMRLandingPageData,User:admin,UnitID:2
2023-11-29 19:06:56.7886|INFO|PIVF.Web.Api.EMR.LandingPage.EMRLandingPageAPIController|Controller Name:EMRLandingPageAPI,Action:GET,Method:GetEMRLandingPageData,User:admin,UnitID:2
2023-11-29 19:06:59.5389|INFO|PIVF.Web.Api.Master.Common.CommonController|Controller Name:Common,Action:GET,Method:GetActiveVisitByPatient,User:admin,UnitID:2
2023-11-29 19:06:59.5389|INFO|PIVF.Web.Api.Master.Common.CommonController|Controller Name:Common,Action:GET,Method:GetActiveVisitByPatient,User:admin,UnitID:2
2023-11-29 19:07:02.2907|INFO|PIVF.Web.Api.ARTMgmt.ReportUpload.ReportUploadAPIController|Controller Name:ReportUploadAPI,Action:GET,Method:fillPathoServiceList,User:admin,UnitID:2
2023-11-29 19:07:02.2907|INFO|PIVF.Web.Api.ARTMgmt.ReportUpload.ReportUploadAPIController|Controller Name:ReportUploadAPI,Action:GET,Method:fillPathoServiceList,User:admin,UnitID:2
2023-11-29 19:07:03.8402|INFO|PIVF.Web.Api.ARTMgmt.ReportUpload.ReportUploadAPIController|Controller Name:ReportUploadAPI,Action:GET,Method:GetReportList,User:admin,UnitID:2
2023-11-29 19:07:03.8402|INFO|PIVF.Web.Api.ARTMgmt.ReportUpload.ReportUploadAPIController|Controller Name:ReportUploadAPI,Action:GET,Method:GetReportList,User:admin,UnitID:2
2023-11-29 19:07:27.1593|INFO|PIVF.Web.Api.Master.Configuration.UserAPIController|Controller Name:UserAPI,Action:HttpGet,Method:GetUserRoleRights,User:admin,UnitID:2
2023-11-29 19:07:27.1593|INFO|PIVF.Web.Api.Master.Configuration.UserAPIController|Controller Name:UserAPI,Action:HttpGet,Method:GetUserRoleRights,User:admin,UnitID:2
2023-11-29 19:07:27.3282|INFO|PIVF.Web.Api.Master.Common.CommonController|1_Controller Name:CommonController,Action:HttpGet,Method:GetDoctorsList,User:admin,UnitID:2
2023-11-29 19:07:27.3282|INFO|PIVF.Web.Api.Master.Common.CommonController|1_Controller Name:CommonController,Action:HttpGet,Method:GetDoctorsList,User:admin,UnitID:2
2023-11-29 19:07:27.3521|INFO|PIVF.Web.Api.Master.Common.CommonController|1_Controller Name:CommonController,Action:HttpGet,Method:GetSpeclRegTypeList,User:admin,UnitID:2
2023-11-29 19:07:27.3521|INFO|PIVF.Web.Api.Master.Common.CommonController|1_Controller Name:CommonController,Action:HttpGet,Method:GetSpeclRegTypeList,User:admin,UnitID:2
2023-11-29 19:07:27.6673|INFO|PIVF.Web.Api.Master.Configuration.UserAPIController|Controller Name:UserAPI,Action:HttpGet,Method:GetGrandParentList,User:admin,UnitID:2
2023-11-29 19:07:27.6673|INFO|PIVF.Web.Api.Master.Configuration.UserAPIController|Controller Name:UserAPI,Action:HttpGet,Method:GetGrandParentList,User:admin,UnitID:2
2023-11-29 19:07:27.8428|INFO|PIVF.Web.Api.QueueMgt.QueueMgtController|Controller Name:QueueMgt,Action:HttpPost,Method:GetQueueList,User:admin,UnitID:2
2023-11-29 19:07:27.8428|INFO|PIVF.Web.Api.QueueMgt.QueueMgtController|Controller Name:QueueMgt,Action:HttpPost,Method:GetQueueList,User:admin,UnitID:2
2023-11-29 19:07:28.3541|INFO|PIVF.Web.Api.Master.Common.CommonController|1_Controller Name:CommonController,Action:HttpGet,Method:GetDepartmentList,User:admin,UnitID:2
2023-11-29 19:07:28.3541|INFO|PIVF.Web.Api.Master.Common.CommonController|1_Controller Name:CommonController,Action:HttpGet,Method:GetDepartmentList,User:admin,UnitID:2
2023-11-29 19:07:28.9027|INFO|PIVF.Web.Api.Master.Configuration.UserAPIController|Controller Name:UserAPI,Action:HttpGet,Method:GetParentList,User:admin,UnitID:2
2023-11-29 19:07:28.9027|INFO|PIVF.Web.Api.Master.Configuration.UserAPIController|Controller Name:UserAPI,Action:HttpGet,Method:GetParentList,User:admin,UnitID:2
2023-11-29 19:07:28.9801|INFO|PIVF.Web.Api.Master.Configuration.UserAPIController|Controller Name:UserAPI,Action:HttpGet,Method:GetParentList,User:admin,UnitID:2
2023-11-29 19:07:28.9801|INFO|PIVF.Web.Api.Master.Configuration.UserAPIController|Controller Name:UserAPI,Action:HttpGet,Method:GetParentList,User:admin,UnitID:2
2023-11-29 19:07:31.5138|INFO|PIVF.Web.Api.EMR.LandingPage.EMRLandingPageAPIController|Controller Name:EMRLandingPageAPI,Action:GET,Method:GetEMRLandingPageData,User:admin,UnitID:2
2023-11-29 19:07:31.5138|INFO|PIVF.Web.Api.EMR.LandingPage.EMRLandingPageAPIController|Controller Name:EMRLandingPageAPI,Action:GET,Method:GetEMRLandingPageData,User:admin,UnitID:2
2023-11-29 19:07:34.2200|INFO|PIVF.Web.Api.Master.Common.CommonController|Controller Name:Common,Action:GET,Method:GetActiveVisitByPatient,User:admin,UnitID:2
2023-11-29 19:07:34.2200|INFO|PIVF.Web.Api.Master.Common.CommonController|Controller Name:Common,Action:GET,Method:GetActiveVisitByPatient,User:admin,UnitID:2
2023-11-29 19:07:36.1879|INFO|PIVF.Web.Api.ARTMgmt.ReportUpload.ReportUploadAPIController|Controller Name:ReportUploadAPI,Action:GET,Method:fillPathoServiceList,User:admin,UnitID:2
2023-11-29 19:07:36.1879|INFO|PIVF.Web.Api.ARTMgmt.ReportUpload.ReportUploadAPIController|Controller Name:ReportUploadAPI,Action:GET,Method:fillPathoServiceList,User:admin,UnitID:2
2023-11-29 19:07:37.7152|INFO|PIVF.Web.Api.ARTMgmt.ReportUpload.ReportUploadAPIController|Controller Name:ReportUploadAPI,Action:GET,Method:GetReportList,User:admin,UnitID:2
2023-11-29 19:07:37.7152|INFO|PIVF.Web.Api.ARTMgmt.ReportUpload.ReportUploadAPIController|Controller Name:ReportUploadAPI,Action:GET,Method:GetReportList,User:admin,UnitID:2
2023-11-29 19:08:38.7745|INFO|PIVF.Web.Api.Master.Configuration.UserAPIController|Controller Name:UserAPI,Action:HttpGet,Method:GetUserRoleRights,User:admin,UnitID:2
2023-11-29 19:08:38.7745|INFO|PIVF.Web.Api.Master.Configuration.UserAPIController|Controller Name:UserAPI,Action:HttpGet,Method:GetUserRoleRights,User:admin,UnitID:2
2023-11-29 19:08:40.1278|INFO|PIVF.Web.Api.Master.Configuration.UserAPIController|Controller Name:UserAPI,Action:HttpGet,Method:GetParentList,User:admin,UnitID:2
2023-11-29 19:08:40.1278|INFO|PIVF.Web.Api.Master.Configuration.UserAPIController|Controller Name:UserAPI,Action:HttpGet,Method:GetParentList,User:admin,UnitID:2
2023-11-29 19:08:40.1468|INFO|PIVF.Web.Api.Master.Configuration.UserAPIController|Controller Name:UserAPI,Action:HttpGet,Method:GetParentList,User:admin,UnitID:2
2023-11-29 19:08:40.1468|INFO|PIVF.Web.Api.Master.Configuration.UserAPIController|Controller Name:UserAPI,Action:HttpGet,Method:GetParentList,User:admin,UnitID:2
2023-11-29 19:08:40.3292|INFO|PIVF.Web.Api.Master.Configuration.UserAPIController|Controller Name:UserAPI,Action:HttpGet,Method:GetGrandParentList,User:admin,UnitID:2
2023-11-29 19:08:40.3292|INFO|PIVF.Web.Api.Master.Configuration.UserAPIController|Controller Name:UserAPI,Action:HttpGet,Method:GetGrandParentList,User:admin,UnitID:2
2023-11-29 19:08:40.4606|INFO|PIVF.Web.Api.Master.Common.CommonController|1_Controller Name:CommonController,Action:HttpGet,Method:GetDepartmentList,User:admin,UnitID:2
2023-11-29 19:08:40.4606|INFO|PIVF.Web.Api.Master.Common.CommonController|1_Controller Name:CommonController,Action:HttpGet,Method:GetDepartmentList,User:admin,UnitID:2
2023-11-29 19:08:40.4698|INFO|PIVF.Web.Api.Master.Common.CommonController|1_Controller Name:CommonController,Action:HttpGet,Method:GetDoctorsList,User:admin,UnitID:2
2023-11-29 19:08:40.4698|INFO|PIVF.Web.Api.Master.Common.CommonController|1_Controller Name:CommonController,Action:HttpGet,Method:GetDoctorsList,User:admin,UnitID:2
2023-11-29 19:08:40.9806|INFO|PIVF.Web.Api.Master.Common.CommonController|1_Controller Name:CommonController,Action:HttpGet,Method:GetSpeclRegTypeList,User:admin,UnitID:2
2023-11-29 19:08:40.9806|INFO|PIVF.Web.Api.Master.Common.CommonController|1_Controller Name:CommonController,Action:HttpGet,Method:GetSpeclRegTypeList,User:admin,UnitID:2
2023-11-29 19:08:41.4956|INFO|PIVF.Web.Api.QueueMgt.QueueMgtController|Controller Name:QueueMgt,Action:HttpPost,Method:GetQueueList,User:admin,UnitID:2
2023-11-29 19:08:41.4956|INFO|PIVF.Web.Api.QueueMgt.QueueMgtController|Controller Name:QueueMgt,Action:HttpPost,Method:GetQueueList,User:admin,UnitID:2
2023-11-29 19:08:43.7366|INFO|PIVF.Web.Api.QueueMgt.QueueMgtController|Controller Name:QueueMgt,Action:HttpPost,Method:GetQueueList,User:admin,UnitID:2
2023-11-29 19:08:43.7366|INFO|PIVF.Web.Api.QueueMgt.QueueMgtController|Controller Name:QueueMgt,Action:HttpPost,Method:GetQueueList,User:admin,UnitID:2
2023-11-29 19:08:44.7576|INFO|PIVF.Web.Api.EMR.LandingPage.EMRLandingPageAPIController|Controller Name:EMRLandingPageAPI,Action:GET,Method:GetEMRLandingPageData,User:admin,UnitID:2
2023-11-29 19:08:44.7576|INFO|PIVF.Web.Api.EMR.LandingPage.EMRLandingPageAPIController|Controller Name:EMRLandingPageAPI,Action:GET,Method:GetEMRLandingPageData,User:admin,UnitID:2
2023-11-29 19:08:44.7961|INFO|PIVF.Web.Api.Master.Common.CommonController|1_Controller Name:CommonController,Action:HttpGet,Method:GetSpeclRegTypeList,User:admin,UnitID:2
2023-11-29 19:08:44.7961|INFO|PIVF.Web.Api.Master.Common.CommonController|1_Controller Name:CommonController,Action:HttpGet,Method:GetSpeclRegTypeList,User:admin,UnitID:2
2023-11-29 19:08:45.2676|INFO|PIVF.Web.Api.Master.Common.CommonController|1_Controller Name:CommonController,Action:HttpGet,Method:GetDepartmentList,User:admin,UnitID:2
2023-11-29 19:08:45.2676|INFO|PIVF.Web.Api.Master.Common.CommonController|1_Controller Name:CommonController,Action:HttpGet,Method:GetDepartmentList,User:admin,UnitID:2
2023-11-29 19:08:45.7678|INFO|PIVF.Web.Api.Master.Common.CommonController|1_Controller Name:CommonController,Action:HttpGet,Method:GetDoctorsList,User:admin,UnitID:2
2023-11-29 19:08:45.7678|INFO|PIVF.Web.Api.Master.Common.CommonController|1_Controller Name:CommonController,Action:HttpGet,Method:GetDoctorsList,User:admin,UnitID:2
2023-11-29 19:08:47.6790|INFO|PIVF.Web.Api.Master.Common.CommonController|Controller Name:Common,Action:GET,Method:GetActiveVisitByPatient,User:admin,UnitID:2
2023-11-29 19:08:47.6790|INFO|PIVF.Web.Api.Master.Common.CommonController|Controller Name:Common,Action:GET,Method:GetActiveVisitByPatient,User:admin,UnitID:2
2023-11-29 19:08:51.0911|INFO|PIVF.Web.Api.ARTMgmt.ReportUpload.ReportUploadAPIController|Controller Name:ReportUploadAPI,Action:GET,Method:fillPathoServiceList,User:admin,UnitID:2
2023-11-29 19:08:51.0911|INFO|PIVF.Web.Api.ARTMgmt.ReportUpload.ReportUploadAPIController|Controller Name:ReportUploadAPI,Action:GET,Method:fillPathoServiceList,User:admin,UnitID:2
2023-11-29 19:08:51.6045|INFO|PIVF.Web.Api.ARTMgmt.ReportUpload.ReportUploadAPIController|Controller Name:ReportUploadAPI,Action:GET,Method:GetReportList,User:admin,UnitID:2
2023-11-29 19:08:51.6045|INFO|PIVF.Web.Api.ARTMgmt.ReportUpload.ReportUploadAPIController|Controller Name:ReportUploadAPI,Action:GET,Method:GetReportList,User:admin,UnitID:2
2023-11-29 19:10:01.0532|INFO|PIVF.Web.Api.Master.Configuration.UserAPIController|Controller Name:UserAPI,Action:HttpGet,Method:GetUserRoleRights,User:admin,UnitID:2
2023-11-29 19:10:01.0532|INFO|PIVF.Web.Api.Master.Configuration.UserAPIController|Controller Name:UserAPI,Action:HttpGet,Method:GetUserRoleRights,User:admin,UnitID:2
2023-11-29 19:10:01.5458|INFO|PIVF.Web.Api.Master.Configuration.UserAPIController|Controller Name:UserAPI,Action:HttpGet,Method:GetGrandParentList,User:admin,UnitID:2
2023-11-29 19:10:01.5458|INFO|PIVF.Web.Api.Master.Configuration.UserAPIController|Controller Name:UserAPI,Action:HttpGet,Method:GetGrandParentList,User:admin,UnitID:2
2023-11-29 19:10:01.6681|INFO|PIVF.Web.Api.Master.Common.CommonController|1_Controller Name:CommonController,Action:HttpGet,Method:GetDepartmentList,User:admin,UnitID:2
2023-11-29 19:10:01.6681|INFO|PIVF.Web.Api.Master.Common.CommonController|1_Controller Name:CommonController,Action:HttpGet,Method:GetDepartmentList,User:admin,UnitID:2
2023-11-29 19:10:01.6681|INFO|PIVF.Web.Api.Master.Common.CommonController|1_Controller Name:CommonController,Action:HttpGet,Method:GetSpeclRegTypeList,User:admin,UnitID:2
2023-11-29 19:10:01.6681|INFO|PIVF.Web.Api.Master.Common.CommonController|1_Controller Name:CommonController,Action:HttpGet,Method:GetSpeclRegTypeList,User:admin,UnitID:2
2023-11-29 19:10:02.1705|INFO|PIVF.Web.Api.Master.Common.CommonController|1_Controller Name:CommonController,Action:HttpGet,Method:GetDoctorsList,User:admin,UnitID:2
2023-11-29 19:10:02.1705|INFO|PIVF.Web.Api.Master.Common.CommonController|1_Controller Name:CommonController,Action:HttpGet,Method:GetDoctorsList,User:admin,UnitID:2
2023-11-29 19:10:02.1905|INFO|PIVF.Web.Api.QueueMgt.QueueMgtController|Controller Name:QueueMgt,Action:HttpPost,Method:GetQueueList,User:admin,UnitID:2
2023-11-29 19:10:02.1905|INFO|PIVF.Web.Api.QueueMgt.QueueMgtController|Controller Name:QueueMgt,Action:HttpPost,Method:GetQueueList,User:admin,UnitID:2
2023-11-29 19:10:03.4230|INFO|PIVF.Web.Api.Master.Configuration.UserAPIController|Controller Name:UserAPI,Action:HttpGet,Method:GetParentList,User:admin,UnitID:2
2023-11-29 19:10:03.4230|INFO|PIVF.Web.Api.Master.Configuration.UserAPIController|Controller Name:UserAPI,Action:HttpGet,Method:GetParentList,User:admin,UnitID:2
2023-11-29 19:10:03.4521|INFO|PIVF.Web.Api.Master.Configuration.UserAPIController|Controller Name:UserAPI,Action:HttpGet,Method:GetParentList,User:admin,UnitID:2
2023-11-29 19:10:03.4521|INFO|PIVF.Web.Api.Master.Configuration.UserAPIController|Controller Name:UserAPI,Action:HttpGet,Method:GetParentList,User:admin,UnitID:2
2023-11-29 19:10:05.4620|INFO|PIVF.Web.Api.EMR.LandingPage.EMRLandingPageAPIController|Controller Name:EMRLandingPageAPI,Action:GET,Method:GetEMRLandingPageData,User:admin,UnitID:2
2023-11-29 19:10:05.4620|INFO|PIVF.Web.Api.EMR.LandingPage.EMRLandingPageAPIController|Controller Name:EMRLandingPageAPI,Action:GET,Method:GetEMRLandingPageData,User:admin,UnitID:2
2023-11-29 19:10:08.5110|INFO|PIVF.Web.Api.Master.Common.CommonController|Controller Name:Common,Action:GET,Method:GetActiveVisitByPatient,User:admin,UnitID:2
2023-11-29 19:10:08.5110|INFO|PIVF.Web.Api.Master.Common.CommonController|Controller Name:Common,Action:GET,Method:GetActiveVisitByPatient,User:admin,UnitID:2
2023-11-29 19:10:10.7502|INFO|PIVF.Web.Api.ARTMgmt.ReportUpload.ReportUploadAPIController|Controller Name:ReportUploadAPI,Action:GET,Method:fillPathoServiceList,User:admin,UnitID:2
2023-11-29 19:10:10.7502|INFO|PIVF.Web.Api.ARTMgmt.ReportUpload.ReportUploadAPIController|Controller Name:ReportUploadAPI,Action:GET,Method:fillPathoServiceList,User:admin,UnitID:2
2023-11-29 19:10:11.2672|INFO|PIVF.Web.Api.ARTMgmt.ReportUpload.ReportUploadAPIController|Controller Name:ReportUploadAPI,Action:GET,Method:GetReportList,User:admin,UnitID:2
2023-11-29 19:10:11.2672|INFO|PIVF.Web.Api.ARTMgmt.ReportUpload.ReportUploadAPIController|Controller Name:ReportUploadAPI,Action:GET,Method:GetReportList,User:admin,UnitID:2
2023-11-29 19:14:01.5922|INFO|PIVF.Web.Api.Master.Configuration.UserAPIController|Controller Name:UserAPI,Action:HttpGet,Method:GetUserRoleRights,User:admin,UnitID:2
2023-11-29 19:14:01.5922|INFO|PIVF.Web.Api.Master.Configuration.UserAPIController|Controller Name:UserAPI,Action:HttpGet,Method:GetUserRoleRights,User:admin,UnitID:2
2023-11-29 19:14:03.0753|INFO|PIVF.Web.Api.Master.Configuration.UserAPIController|Controller Name:UserAPI,Action:HttpGet,Method:GetGrandParentList,User:admin,UnitID:2
2023-11-29 19:14:03.0753|INFO|PIVF.Web.Api.Master.Configuration.UserAPIController|Controller Name:UserAPI,Action:HttpGet,Method:GetGrandParentList,User:admin,UnitID:2
2023-11-29 19:14:03.2140|INFO|PIVF.Web.Api.Master.Common.CommonController|1_Controller Name:CommonController,Action:HttpGet,Method:GetDoctorsList,User:admin,UnitID:2
2023-11-29 19:14:03.2140|INFO|PIVF.Web.Api.Master.Common.CommonController|1_Controller Name:CommonController,Action:HttpGet,Method:GetDoctorsList,User:admin,UnitID:2
2023-11-29 19:14:03.2310|INFO|PIVF.Web.Api.Master.Configuration.UserAPIController|Controller Name:UserAPI,Action:HttpGet,Method:GetParentList,User:admin,UnitID:2
2023-11-29 19:14:03.2310|INFO|PIVF.Web.Api.Master.Configuration.UserAPIController|Controller Name:UserAPI,Action:HttpGet,Method:GetParentList,User:admin,UnitID:2
2023-11-29 19:14:03.3033|INFO|PIVF.Web.Api.Master.Configuration.UserAPIController|Controller Name:UserAPI,Action:HttpGet,Method:GetParentList,User:admin,UnitID:2
2023-11-29 19:14:03.3033|INFO|PIVF.Web.Api.Master.Configuration.UserAPIController|Controller Name:UserAPI,Action:HttpGet,Method:GetParentList,User:admin,UnitID:2
2023-11-29 19:14:03.7211|INFO|PIVF.Web.Api.Master.Common.CommonController|1_Controller Name:CommonController,Action:HttpGet,Method:GetDepartmentList,User:admin,UnitID:2
2023-11-29 19:14:03.7211|INFO|PIVF.Web.Api.Master.Common.CommonController|1_Controller Name:CommonController,Action:HttpGet,Method:GetDepartmentList,User:admin,UnitID:2
2023-11-29 19:14:03.7372|INFO|PIVF.Web.Api.Master.Common.CommonController|1_Controller Name:CommonController,Action:HttpGet,Method:GetSpeclRegTypeList,User:admin,UnitID:2
2023-11-29 19:14:03.7372|INFO|PIVF.Web.Api.Master.Common.CommonController|1_Controller Name:CommonController,Action:HttpGet,Method:GetSpeclRegTypeList,User:admin,UnitID:2
2023-11-29 19:14:04.2461|INFO|PIVF.Web.Api.QueueMgt.QueueMgtController|Controller Name:QueueMgt,Action:HttpPost,Method:GetQueueList,User:admin,UnitID:2
2023-11-29 19:14:04.2461|INFO|PIVF.Web.Api.QueueMgt.QueueMgtController|Controller Name:QueueMgt,Action:HttpPost,Method:GetQueueList,User:admin,UnitID:2
2023-11-29 19:14:40.3392|INFO|PIVF.Web.Api.Master.Configuration.UserAPIController|Controller Name:UserAPI,Action:HttpGet,Method:GetUserRoleRights,User:admin,UnitID:2
2023-11-29 19:14:40.3392|INFO|PIVF.Web.Api.Master.Configuration.UserAPIController|Controller Name:UserAPI,Action:HttpGet,Method:GetUserRoleRights,User:admin,UnitID:2
2023-11-29 19:14:40.6027|INFO|PIVF.Web.Api.QueueMgt.QueueMgtController|Controller Name:QueueMgt,Action:HttpPost,Method:GetQueueList,User:admin,UnitID:2
2023-11-29 19:14:40.6027|INFO|PIVF.Web.Api.QueueMgt.QueueMgtController|Controller Name:QueueMgt,Action:HttpPost,Method:GetQueueList,User:admin,UnitID:2
2023-11-29 19:14:40.8753|INFO|PIVF.Web.Api.Master.Configuration.UserAPIController|Controller Name:UserAPI,Action:HttpGet,Method:GetGrandParentList,User:admin,UnitID:2
2023-11-29 19:14:40.8753|INFO|PIVF.Web.Api.Master.Configuration.UserAPIController|Controller Name:UserAPI,Action:HttpGet,Method:GetGrandParentList,User:admin,UnitID:2
2023-11-29 19:14:40.9063|INFO|PIVF.Web.Api.Master.Common.CommonController|1_Controller Name:CommonController,Action:HttpGet,Method:GetSpeclRegTypeList,User:admin,UnitID:2
2023-11-29 19:14:40.9063|INFO|PIVF.Web.Api.Master.Common.CommonController|1_Controller Name:CommonController,Action:HttpGet,Method:GetSpeclRegTypeList,User:admin,UnitID:2
2023-11-29 19:14:41.1416|INFO|PIVF.Web.Api.Master.Common.CommonController|1_Controller Name:CommonController,Action:HttpGet,Method:GetDepartmentList,User:admin,UnitID:2
2023-11-29 19:14:41.1416|INFO|PIVF.Web.Api.Master.Common.CommonController|1_Controller Name:CommonController,Action:HttpGet,Method:GetDepartmentList,User:admin,UnitID:2
2023-11-29 19:14:42.1076|INFO|PIVF.Web.Api.Master.Configuration.UserAPIController|Controller Name:UserAPI,Action:HttpGet,Method:GetParentList,User:admin,UnitID:2
2023-11-29 19:14:42.1076|INFO|PIVF.Web.Api.Master.Configuration.UserAPIController|Controller Name:UserAPI,Action:HttpGet,Method:GetParentList,User:admin,UnitID:2
2023-11-29 19:14:42.1391|INFO|PIVF.Web.Api.Master.Configuration.UserAPIController|Controller Name:UserAPI,Action:HttpGet,Method:GetParentList,User:admin,UnitID:2
2023-11-29 19:14:42.1391|INFO|PIVF.Web.Api.Master.Configuration.UserAPIController|Controller Name:UserAPI,Action:HttpGet,Method:GetParentList,User:admin,UnitID:2
2023-11-29 19:14:43.2720|INFO|PIVF.Web.Api.EMR.LandingPage.EMRLandingPageAPIController|Controller Name:EMRLandingPageAPI,Action:GET,Method:GetEMRLandingPageData,User:admin,UnitID:2
2023-11-29 19:14:43.2720|INFO|PIVF.Web.Api.EMR.LandingPage.EMRLandingPageAPIController|Controller Name:EMRLandingPageAPI,Action:GET,Method:GetEMRLandingPageData,User:admin,UnitID:2
2023-11-29 19:14:43.4610|INFO|PIVF.Web.Api.Master.Common.CommonController|1_Controller Name:CommonController,Action:HttpGet,Method:GetDoctorsList,User:admin,UnitID:2
2023-11-29 19:14:43.4610|INFO|PIVF.Web.Api.Master.Common.CommonController|1_Controller Name:CommonController,Action:HttpGet,Method:GetDoctorsList,User:admin,UnitID:2
2023-11-29 19:14:45.1093|INFO|PIVF.Web.Api.Master.Common.CommonController|Controller Name:Common,Action:GET,Method:GetActiveVisitByPatient,User:admin,UnitID:2
2023-11-29 19:14:45.1093|INFO|PIVF.Web.Api.Master.Common.CommonController|Controller Name:Common,Action:GET,Method:GetActiveVisitByPatient,User:admin,UnitID:2
2023-11-29 19:14:47.7062|INFO|PIVF.Web.Api.ARTMgmt.ReportUpload.ReportUploadAPIController|Controller Name:ReportUploadAPI,Action:GET,Method:fillPathoServiceList,User:admin,UnitID:2
2023-11-29 19:14:47.7062|INFO|PIVF.Web.Api.ARTMgmt.ReportUpload.ReportUploadAPIController|Controller Name:ReportUploadAPI,Action:GET,Method:fillPathoServiceList,User:admin,UnitID:2
2023-11-29 19:14:49.2369|INFO|PIVF.Web.Api.ARTMgmt.ReportUpload.ReportUploadAPIController|Controller Name:ReportUploadAPI,Action:GET,Method:GetReportList,User:admin,UnitID:2
2023-11-29 19:14:49.2369|INFO|PIVF.Web.Api.ARTMgmt.ReportUpload.ReportUploadAPIController|Controller Name:ReportUploadAPI,Action:GET,Method:GetReportList,User:admin,UnitID:2
2023-11-29 19:16:37.3859|INFO|PIVF.Web.Api.Master.Common.CommonController|1_Controller Name:CommonController,Action:HttpGet,Method:GetDoctorsList,User:admin,UnitID:2
2023-11-29 19:16:37.3859|INFO|PIVF.Web.Api.Master.Common.CommonController|1_Controller Name:CommonController,Action:HttpGet,Method:GetDoctorsList,User:admin,UnitID:2
2023-11-29 19:16:37.4068|INFO|PIVF.Web.Api.Master.Common.CommonController|1_Controller Name:CommonController,Action:HttpGet,Method:GetSpeclRegTypeList,User:admin,UnitID:2
2023-11-29 19:16:37.4068|INFO|PIVF.Web.Api.Master.Common.CommonController|1_Controller Name:CommonController,Action:HttpGet,Method:GetSpeclRegTypeList,User:admin,UnitID:2
2023-11-29 19:16:37.4377|INFO|PIVF.Web.Api.QueueMgt.QueueMgtController|Controller Name:QueueMgt,Action:HttpPost,Method:GetQueueList,User:admin,UnitID:2
2023-11-29 19:16:37.4377|INFO|PIVF.Web.Api.QueueMgt.QueueMgtController|Controller Name:QueueMgt,Action:HttpPost,Method:GetQueueList,User:admin,UnitID:2
2023-11-29 19:16:37.7634|INFO|PIVF.Web.Api.Master.Configuration.UserAPIController|Controller Name:UserAPI,Action:HttpGet,Method:GetGrandParentList,User:admin,UnitID:2
2023-11-29 19:16:37.7634|INFO|PIVF.Web.Api.Master.Configuration.UserAPIController|Controller Name:UserAPI,Action:HttpGet,Method:GetGrandParentList,User:admin,UnitID:2
2023-11-29 19:16:37.8901|INFO|PIVF.Web.Api.Master.Common.CommonController|1_Controller Name:CommonController,Action:HttpGet,Method:GetDepartmentList,User:admin,UnitID:2
2023-11-29 19:16:37.8901|INFO|PIVF.Web.Api.Master.Common.CommonController|1_Controller Name:CommonController,Action:HttpGet,Method:GetDepartmentList,User:admin,UnitID:2
2023-11-29 19:16:38.2635|INFO|PIVF.Web.Api.Master.Configuration.UserAPIController|Controller Name:UserAPI,Action:HttpGet,Method:GetParentList,User:admin,UnitID:2
2023-11-29 19:16:38.2635|INFO|PIVF.Web.Api.Master.Configuration.UserAPIController|Controller Name:UserAPI,Action:HttpGet,Method:GetParentList,User:admin,UnitID:2
2023-11-29 19:16:38.2881|INFO|PIVF.Web.Api.Master.Configuration.UserAPIController|Controller Name:UserAPI,Action:HttpGet,Method:GetParentList,User:admin,UnitID:2
2023-11-29 19:16:38.2881|INFO|PIVF.Web.Api.Master.Configuration.UserAPIController|Controller Name:UserAPI,Action:HttpGet,Method:GetParentList,User:admin,UnitID:2
2023-11-29 19:16:38.7755|INFO|PIVF.Web.Api.Master.Configuration.UserAPIController|Controller Name:UserAPI,Action:HttpGet,Method:GetUserRoleRights,User:admin,UnitID:2
2023-11-29 19:16:38.7755|INFO|PIVF.Web.Api.Master.Configuration.UserAPIController|Controller Name:UserAPI,Action:HttpGet,Method:GetUserRoleRights,User:admin,UnitID:2
2023-11-29 19:16:39.6937|INFO|PIVF.Web.Api.QueueMgt.QueueMgtController|Controller Name:QueueMgt,Action:HttpPost,Method:GetQueueList,User:admin,UnitID:2
2023-11-29 19:16:39.6937|INFO|PIVF.Web.Api.QueueMgt.QueueMgtController|Controller Name:QueueMgt,Action:HttpPost,Method:GetQueueList,User:admin,UnitID:2
2023-11-29 19:16:39.8110|INFO|PIVF.Web.Api.Master.Common.CommonController|1_Controller Name:CommonController,Action:HttpGet,Method:GetDoctorsList,User:admin,UnitID:2
2023-11-29 19:16:39.8110|INFO|PIVF.Web.Api.Master.Common.CommonController|1_Controller Name:CommonController,Action:HttpGet,Method:GetDoctorsList,User:admin,UnitID:2
2023-11-29 19:16:39.8408|INFO|PIVF.Web.Api.Master.Common.CommonController|1_Controller Name:CommonController,Action:HttpGet,Method:GetSpeclRegTypeList,User:admin,UnitID:2
2023-11-29 19:16:39.8408|INFO|PIVF.Web.Api.Master.Common.CommonController|1_Controller Name:CommonController,Action:HttpGet,Method:GetSpeclRegTypeList,User:admin,UnitID:2
2023-11-29 19:16:40.7350|INFO|PIVF.Web.Api.Master.Common.CommonController|1_Controller Name:CommonController,Action:HttpGet,Method:GetDepartmentList,User:admin,UnitID:2
2023-11-29 19:16:40.7350|INFO|PIVF.Web.Api.Master.Common.CommonController|1_Controller Name:CommonController,Action:HttpGet,Method:GetDepartmentList,User:admin,UnitID:2
2023-11-29 19:16:41.3957|INFO|PIVF.Web.Api.EMR.LandingPage.EMRLandingPageAPIController|Controller Name:EMRLandingPageAPI,Action:GET,Method:GetEMRLandingPageData,User:admin,UnitID:2
2023-11-29 19:16:41.3957|INFO|PIVF.Web.Api.EMR.LandingPage.EMRLandingPageAPIController|Controller Name:EMRLandingPageAPI,Action:GET,Method:GetEMRLandingPageData,User:admin,UnitID:2
2023-11-29 19:16:45.5039|INFO|PIVF.Web.Api.Master.Common.CommonController|Controller Name:Common,Action:GET,Method:GetActiveVisitByPatient,User:admin,UnitID:2
2023-11-29 19:16:45.5039|INFO|PIVF.Web.Api.Master.Common.CommonController|Controller Name:Common,Action:GET,Method:GetActiveVisitByPatient,User:admin,UnitID:2
2023-11-29 19:16:47.8965|INFO|PIVF.Web.Api.ARTMgmt.ReportUpload.ReportUploadAPIController|Controller Name:ReportUploadAPI,Action:GET,Method:fillPathoServiceList,User:admin,UnitID:2
2023-11-29 19:16:47.8965|INFO|PIVF.Web.Api.ARTMgmt.ReportUpload.ReportUploadAPIController|Controller Name:ReportUploadAPI,Action:GET,Method:fillPathoServiceList,User:admin,UnitID:2
2023-11-29 19:16:48.9192|INFO|PIVF.Web.Api.ARTMgmt.ReportUpload.ReportUploadAPIController|Controller Name:ReportUploadAPI,Action:GET,Method:GetReportList,User:admin,UnitID:2
2023-11-29 19:16:48.9192|INFO|PIVF.Web.Api.ARTMgmt.ReportUpload.ReportUploadAPIController|Controller Name:ReportUploadAPI,Action:GET,Method:GetReportList,User:admin,UnitID:2
2023-11-29 19:18:54.5152|INFO|PIVF.Web.Api.Master.Common.CommonController|1_Controller Name:CommonController,Action:HttpGet,Method:GetDoctorsList,User:admin,UnitID:2
2023-11-29 19:18:54.5152|INFO|PIVF.Web.Api.Master.Common.CommonController|1_Controller Name:CommonController,Action:HttpGet,Method:GetDoctorsList,User:admin,UnitID:2
2023-11-29 19:18:54.5351|INFO|PIVF.Web.Api.Master.Common.CommonController|1_Controller Name:CommonController,Action:HttpGet,Method:GetSpeclRegTypeList,User:admin,UnitID:2
2023-11-29 19:18:54.5351|INFO|PIVF.Web.Api.Master.Common.CommonController|1_Controller Name:CommonController,Action:HttpGet,Method:GetSpeclRegTypeList,User:admin,UnitID:2
2023-11-29 19:18:54.5581|INFO|PIVF.Web.Api.Master.Configuration.UserAPIController|Controller Name:UserAPI,Action:HttpGet,Method:GetGrandParentList,User:admin,UnitID:2
2023-11-29 19:18:54.5581|INFO|PIVF.Web.Api.Master.Configuration.UserAPIController|Controller Name:UserAPI,Action:HttpGet,Method:GetGrandParentList,User:admin,UnitID:2
2023-11-29 19:18:54.5910|INFO|PIVF.Web.Api.Master.Configuration.UserAPIController|Controller Name:UserAPI,Action:HttpGet,Method:GetUserRoleRights,User:admin,UnitID:2
2023-11-29 19:18:54.5910|INFO|PIVF.Web.Api.Master.Configuration.UserAPIController|Controller Name:UserAPI,Action:HttpGet,Method:GetUserRoleRights,User:admin,UnitID:2
2023-11-29 19:18:55.0174|INFO|PIVF.Web.Api.Master.Common.CommonController|1_Controller Name:CommonController,Action:HttpGet,Method:GetDepartmentList,User:admin,UnitID:2
2023-11-29 19:18:55.0174|INFO|PIVF.Web.Api.Master.Common.CommonController|1_Controller Name:CommonController,Action:HttpGet,Method:GetDepartmentList,User:admin,UnitID:2
2023-11-29 19:18:55.0397|INFO|PIVF.Web.Api.QueueMgt.QueueMgtController|Controller Name:QueueMgt,Action:HttpPost,Method:GetQueueList,User:admin,UnitID:2
2023-11-29 19:18:55.0397|INFO|PIVF.Web.Api.QueueMgt.QueueMgtController|Controller Name:QueueMgt,Action:HttpPost,Method:GetQueueList,User:admin,UnitID:2
2023-11-29 19:18:56.3498|INFO|PIVF.Web.Api.Master.Configuration.UserAPIController|Controller Name:UserAPI,Action:HttpGet,Method:GetParentList,User:admin,UnitID:2
2023-11-29 19:18:56.3498|INFO|PIVF.Web.Api.Master.Configuration.UserAPIController|Controller Name:UserAPI,Action:HttpGet,Method:GetParentList,User:admin,UnitID:2
2023-11-29 19:18:56.3698|INFO|PIVF.Web.Api.Master.Configuration.UserAPIController|Controller Name:UserAPI,Action:HttpGet,Method:GetParentList,User:admin,UnitID:2
2023-11-29 19:18:56.3698|INFO|PIVF.Web.Api.Master.Configuration.UserAPIController|Controller Name:UserAPI,Action:HttpGet,Method:GetParentList,User:admin,UnitID:2
