2021-08-05 13:26:57.2715|INFO|PIVF.Web.Api.Master.Configuration.UserAPIController|Controller Name:UserAPI,Action:HttpGet,Method:GetParentList,User:palash,UnitID:2
2021-08-05 13:26:57.2715|INFO|PIVF.Web.Api.Master.Configuration.UserAPIController|Controller Name:UserAPI,Action:HttpGet,Method:GetParentList,User:palash,UnitID:2
2021-08-05 13:26:57.4588|INFO|PIVF.Web.Api.Master.Configuration.UserAPIController|Controller Name:UserAPI,Action:HttpGet,Method:GetParentList,User:palash,UnitID:2
2021-08-05 13:26:57.4588|INFO|PIVF.Web.Api.Master.Configuration.UserAPIController|Controller Name:UserAPI,Action:HttpGet,Method:GetParentList,User:palash,UnitID:2
2021-08-05 13:26:57.8796|INFO|PIVF.Web.Api.Master.Common.CommonController|1_Controller Name:CommonController,Action:HttpGet,Method:GetSpeclRegTypeList,User:palash,UnitID:2
2021-08-05 13:26:57.8796|INFO|PIVF.Web.Api.Master.Common.CommonController|1_Controller Name:CommonController,Action:HttpGet,Method:GetSpeclRegTypeList,User:palash,UnitID:2
2021-08-05 13:26:58.3836|INFO|PIVF.Web.Api.QueueMgt.QueueMgtController|Controller Name:QueueMgt,Action:HttpPost,Method:GetQueueList,User:palash,UnitID:2
2021-08-05 13:26:58.3836|INFO|PIVF.Web.Api.QueueMgt.QueueMgtController|Controller Name:QueueMgt,Action:HttpPost,Method:GetQueueList,User:palash,UnitID:2
2021-08-05 13:26:58.8748|INFO|PIVF.Web.Api.Master.Common.CommonController|1_Controller Name:CommonController,Action:HttpGet,Method:GetDoctorsList,User:palash,UnitID:2
2021-08-05 13:26:58.8748|INFO|PIVF.Web.Api.Master.Common.CommonController|1_Controller Name:CommonController,Action:HttpGet,Method:GetDoctorsList,User:palash,UnitID:2
2021-08-05 13:26:59.3884|INFO|PIVF.Web.Api.Master.Common.CommonController|1_Controller Name:CommonController,Action:HttpGet,Method:GetDepartmentList,User:palash,UnitID:2
2021-08-05 13:26:59.3884|INFO|PIVF.Web.Api.Master.Common.CommonController|1_Controller Name:CommonController,Action:HttpGet,Method:GetDepartmentList,User:palash,UnitID:2
2021-08-05 13:26:59.8867|INFO|PIVF.Web.Api.Master.Configuration.UserAPIController|Controller Name:UserAPI,Action:HttpGet,Method:GetGrandParentList,User:palash,UnitID:2
2021-08-05 13:26:59.8867|INFO|PIVF.Web.Api.Master.Configuration.UserAPIController|Controller Name:UserAPI,Action:HttpGet,Method:GetGrandParentList,User:palash,UnitID:2
2021-08-05 13:27:00.3995|INFO|PIVF.Web.Api.Master.Configuration.UserAPIController|Controller Name:UserAPI,Action:HttpGet,Method:GetUserRoleRights,User:palash,UnitID:2
2021-08-05 13:27:00.3995|INFO|PIVF.Web.Api.Master.Configuration.UserAPIController|Controller Name:UserAPI,Action:HttpGet,Method:GetUserRoleRights,User:palash,UnitID:2
2021-08-05 13:27:08.6536|INFO|PIVF.Web.Api.Master.Common.CommonController|Controller Name:Common,Action:GET,Method:GetActiveVisitByPatient,User:palash,UnitID:2
2021-08-05 13:27:08.6536|INFO|PIVF.Web.Api.Master.Common.CommonController|Controller Name:Common,Action:GET,Method:GetActiveVisitByPatient,User:palash,UnitID:2
2021-08-05 13:27:09.8995|INFO|PIVF.Web.Api.Master.Common.CommonController|Controller Name:Common,Action:GET,Method:GetActiveVisitByPatient,User:palash,UnitID:2
2021-08-05 13:27:09.8995|INFO|PIVF.Web.Api.Master.Common.CommonController|Controller Name:Common,Action:GET,Method:GetActiveVisitByPatient,User:palash,UnitID:2
2021-08-05 13:27:11.6387|INFO|PIVF.Web.Api.EMR.LandingPage.EMRLandingPageAPIController|Controller Name:EMRLandingPageAPI,Action:GET,Method:GetEMRLandingPageData,User:palash,UnitID:2
2021-08-05 13:27:11.6387|INFO|PIVF.Web.Api.EMR.LandingPage.EMRLandingPageAPIController|Controller Name:EMRLandingPageAPI,Action:GET,Method:GetEMRLandingPageData,User:palash,UnitID:2
2021-08-05 13:27:13.4977|INFO|PIVF.Web.Api.Master.Common.CommonController|Controller Name:Common,Action:POST,Method:PutSelectedvisitByPatient,User:palash,UnitID:2
2021-08-05 13:27:13.4977|INFO|PIVF.Web.Api.Master.Common.CommonController|Controller Name:Common,Action:POST,Method:PutSelectedvisitByPatient,User:palash,UnitID:2
2021-08-05 13:27:18.4603|INFO|PIVF.Web.Api.Master.Common.CommonController|Controller Name:Common,Action:GET,Method:GetActiveVisitByPatient,User:palash,UnitID:2
2021-08-05 13:27:18.4603|INFO|PIVF.Web.Api.Master.Common.CommonController|Controller Name:Common,Action:GET,Method:GetActiveVisitByPatient,User:palash,UnitID:2
2021-08-05 13:27:19.7394|INFO|PIVF.Web.Api.EMR.MaleHistory.SemenThawingController|Controller Name:SemenThawing,Action:GET,Method:GetFreezDetails,User:palash,UnitID:2
2021-08-05 13:27:19.7394|INFO|PIVF.Web.Api.EMR.MaleHistory.SemenThawingController|Controller Name:SemenThawing,Action:GET,Method:GetFreezDetails,User:palash,UnitID:2
2021-08-05 13:27:20.7277|INFO|PIVF.Web.Api.EMR.MaleHistory.SemenThawingController|Controller Name:SemenThawing,Action:GET,Method:GetFreezDetails,User:palash,UnitID:2
2021-08-05 13:27:20.7277|INFO|PIVF.Web.Api.EMR.MaleHistory.SemenThawingController|Controller Name:SemenThawing,Action:GET,Method:GetFreezDetails,User:palash,UnitID:2
2021-08-05 13:27:26.7680|INFO|PIVF.Web.Api.EMR.MaleHistory.SemenPrepController|Controller Name:SemenPrep,Action:GET,Method:GetSemenThawingDetailFromSemenPrepIDForTC,User:palash,UnitID:2
2021-08-05 13:27:26.7680|INFO|PIVF.Web.Api.EMR.MaleHistory.SemenPrepController|Controller Name:SemenPrep,Action:GET,Method:GetSemenThawingDetailFromSemenPrepIDForTC,User:palash,UnitID:2
2021-08-05 13:27:35.3847|INFO|PIVF.Web.Api.EMR.MaleHistory.SemenPrepController|Controller Name:SemenPrep,Action:GET,Method:GetSemenThawingDetailFromSemenPrepIDForTC,User:palash,UnitID:2
2021-08-05 13:27:35.3847|INFO|PIVF.Web.Api.EMR.MaleHistory.SemenPrepController|Controller Name:SemenPrep,Action:GET,Method:GetSemenThawingDetailFromSemenPrepIDForTC,User:palash,UnitID:2
2021-08-05 13:31:32.9182|INFO|PIVF.Web.Api.EMR.MaleHistory.SemenThawingController|Controller Name:SemenThawing,Action:POST,Method:SaveUpdate,User:palash,UnitID:2
2021-08-05 13:31:32.9182|INFO|PIVF.Web.Api.EMR.MaleHistory.SemenThawingController|Controller Name:SemenThawing,Action:POST,Method:SaveUpdate,User:palash,UnitID:2
2021-08-05 13:31:32.9825|INFO|PIVF.Web.Api.EMR.MaleHistory.SemenThawingController|Controller Name:SemenThawing,Action:GET,Method:GetFreezDetails,User:palash,UnitID:2
2021-08-05 13:31:32.9825|INFO|PIVF.Web.Api.EMR.MaleHistory.SemenThawingController|Controller Name:SemenThawing,Action:GET,Method:GetFreezDetails,User:palash,UnitID:2
2021-08-05 13:31:33.4953|INFO|PIVF.Web.Api.EMR.MaleHistory.SemenThawingController|Controller Name:SemenThawing,Action:GET,Method:GetFreezDetails,User:palash,UnitID:2
2021-08-05 13:31:33.4953|INFO|PIVF.Web.Api.EMR.MaleHistory.SemenThawingController|Controller Name:SemenThawing,Action:GET,Method:GetFreezDetails,User:palash,UnitID:2
2021-08-05 13:31:38.0286|INFO|PIVF.Web.Api.EMR.MaleHistory.SemenPrepController|Controller Name:SemenPrep,Action:GET,Method:GetSemenThawingDetailFromSemenPrepIDForTC,User:palash,UnitID:2
2021-08-05 13:31:38.0286|INFO|PIVF.Web.Api.EMR.MaleHistory.SemenPrepController|Controller Name:SemenPrep,Action:GET,Method:GetSemenThawingDetailFromSemenPrepIDForTC,User:palash,UnitID:2
2021-08-05 13:31:38.5269|INFO|PIVF.Web.Api.EMR.MaleHistory.SemenPrepController|Controller Name:SemenPrep,Action:GET,Method:GetSemenThawingDetailFromSemenPrepIDForTC,User:palash,UnitID:2
2021-08-05 13:31:38.5269|INFO|PIVF.Web.Api.EMR.MaleHistory.SemenPrepController|Controller Name:SemenPrep,Action:GET,Method:GetSemenThawingDetailFromSemenPrepIDForTC,User:palash,UnitID:2
2021-08-05 13:35:21.2746|INFO|PIVF.Web.Api.EMR.MaleHistory.SemenThawingController|Controller Name:SemenThawing,Action:POST,Method:SaveUpdate,User:palash,UnitID:2
2021-08-05 13:35:21.2746|INFO|PIVF.Web.Api.EMR.MaleHistory.SemenThawingController|Controller Name:SemenThawing,Action:POST,Method:SaveUpdate,User:palash,UnitID:2
2021-08-05 13:35:21.3324|INFO|PIVF.Web.Api.EMR.MaleHistory.SemenThawingController|Controller Name:SemenThawing,Action:GET,Method:GetFreezDetails,User:palash,UnitID:2
2021-08-05 13:35:21.3324|INFO|PIVF.Web.Api.EMR.MaleHistory.SemenThawingController|Controller Name:SemenThawing,Action:GET,Method:GetFreezDetails,User:palash,UnitID:2
2021-08-05 13:35:22.3380|INFO|PIVF.Web.Api.EMR.MaleHistory.SemenThawingController|Controller Name:SemenThawing,Action:GET,Method:GetFreezDetails,User:palash,UnitID:2
2021-08-05 13:35:22.3380|INFO|PIVF.Web.Api.EMR.MaleHistory.SemenThawingController|Controller Name:SemenThawing,Action:GET,Method:GetFreezDetails,User:palash,UnitID:2
2021-08-05 13:38:55.7983|INFO|PIVF.Web.Api.EMR.MaleHistory.SemenPrepController|Controller Name:SemenPrep,Action:GET,Method:GetSemenThawingDetailFromSemenPrepIDForTC,User:palash,UnitID:2
2021-08-05 13:38:55.7983|INFO|PIVF.Web.Api.EMR.MaleHistory.SemenPrepController|Controller Name:SemenPrep,Action:GET,Method:GetSemenThawingDetailFromSemenPrepIDForTC,User:palash,UnitID:2
2021-08-05 13:38:56.8114|INFO|PIVF.Web.Api.EMR.MaleHistory.SemenPrepController|Controller Name:SemenPrep,Action:GET,Method:GetSemenThawingDetailFromSemenPrepIDForTC,User:palash,UnitID:2
2021-08-05 13:38:56.8114|INFO|PIVF.Web.Api.EMR.MaleHistory.SemenPrepController|Controller Name:SemenPrep,Action:GET,Method:GetSemenThawingDetailFromSemenPrepIDForTC,User:palash,UnitID:2
2021-08-05 13:39:29.0154|INFO|PIVF.Web.Api.EMR.MaleHistory.SemenThawingController|Controller Name:SemenThawing,Action:POST,Method:SaveUpdate,User:palash,UnitID:2
2021-08-05 13:39:29.0154|INFO|PIVF.Web.Api.EMR.MaleHistory.SemenThawingController|Controller Name:SemenThawing,Action:POST,Method:SaveUpdate,User:palash,UnitID:2
2021-08-05 13:39:30.0733|INFO|PIVF.Web.Api.EMR.MaleHistory.SemenThawingController|Controller Name:SemenThawing,Action:GET,Method:GetFreezDetails,User:palash,UnitID:2
2021-08-05 13:39:30.0733|INFO|PIVF.Web.Api.EMR.MaleHistory.SemenThawingController|Controller Name:SemenThawing,Action:GET,Method:GetFreezDetails,User:palash,UnitID:2
2021-08-05 13:39:30.0922|INFO|PIVF.Web.Api.EMR.MaleHistory.SemenThawingController|Controller Name:SemenThawing,Action:GET,Method:GetFreezDetails,User:palash,UnitID:2
2021-08-05 13:39:30.0922|INFO|PIVF.Web.Api.EMR.MaleHistory.SemenThawingController|Controller Name:SemenThawing,Action:GET,Method:GetFreezDetails,User:palash,UnitID:2
2021-08-05 13:40:49.9621|INFO|PIVF.Web.Api.EMR.MaleHistory.SemenPrepController|Controller Name:SemenPrep,Action:GET,Method:GetSemenThawingDetailFromSemenPrepIDForTC,User:palash,UnitID:2
2021-08-05 13:40:49.9621|INFO|PIVF.Web.Api.EMR.MaleHistory.SemenPrepController|Controller Name:SemenPrep,Action:GET,Method:GetSemenThawingDetailFromSemenPrepIDForTC,User:palash,UnitID:2
2021-08-05 13:40:50.4655|INFO|PIVF.Web.Api.EMR.MaleHistory.SemenPrepController|Controller Name:SemenPrep,Action:GET,Method:GetSemenThawingDetailFromSemenPrepIDForTC,User:palash,UnitID:2
2021-08-05 13:40:50.4655|INFO|PIVF.Web.Api.EMR.MaleHistory.SemenPrepController|Controller Name:SemenPrep,Action:GET,Method:GetSemenThawingDetailFromSemenPrepIDForTC,User:palash,UnitID:2
2021-08-05 13:40:50.5257|INFO|PIVF.Web.Api.EMR.MaleHistory.SemenThawingController|Controller Name:SemenThawing,Action:GET,Method:GetFreezDetailsAfterFinalize,User:palash,UnitID:2
2021-08-05 13:40:50.5257|INFO|PIVF.Web.Api.EMR.MaleHistory.SemenThawingController|Controller Name:SemenThawing,Action:GET,Method:GetFreezDetailsAfterFinalize,User:palash,UnitID:2
2021-08-05 13:52:26.9837|INFO|PIVF.Web.Api.EMR.MaleHistory.SemenPrepController|Controller Name:SemenPrep,Action:GET,Method:GetSemenThawingDetailFromSemenPrepIDForTC,User:palash,UnitID:2
2021-08-05 13:52:26.9837|INFO|PIVF.Web.Api.EMR.MaleHistory.SemenPrepController|Controller Name:SemenPrep,Action:GET,Method:GetSemenThawingDetailFromSemenPrepIDForTC,User:palash,UnitID:2
2021-08-05 13:52:27.4994|INFO|PIVF.Web.Api.EMR.MaleHistory.SemenPrepController|Controller Name:SemenPrep,Action:GET,Method:GetSemenThawingDetailFromSemenPrepIDForTC,User:palash,UnitID:2
2021-08-05 13:52:27.4994|INFO|PIVF.Web.Api.EMR.MaleHistory.SemenPrepController|Controller Name:SemenPrep,Action:GET,Method:GetSemenThawingDetailFromSemenPrepIDForTC,User:palash,UnitID:2
2021-08-05 13:52:56.5716|INFO|PIVF.Web.Api.EMR.MaleHistory.SemenThawingController|Controller Name:SemenThawing,Action:POST,Method:SaveUpdate,User:palash,UnitID:2
2021-08-05 13:52:56.5716|INFO|PIVF.Web.Api.EMR.MaleHistory.SemenThawingController|Controller Name:SemenThawing,Action:POST,Method:SaveUpdate,User:palash,UnitID:2
2021-08-05 13:52:57.1347|INFO|PIVF.Web.Api.EMR.MaleHistory.SemenThawingController|Controller Name:SemenThawing,Action:GET,Method:GetFreezDetails,User:palash,UnitID:2
2021-08-05 13:52:57.1347|INFO|PIVF.Web.Api.EMR.MaleHistory.SemenThawingController|Controller Name:SemenThawing,Action:GET,Method:GetFreezDetails,User:palash,UnitID:2
2021-08-05 13:52:57.6659|INFO|PIVF.Web.Api.EMR.MaleHistory.SemenThawingController|Controller Name:SemenThawing,Action:GET,Method:GetFreezDetails,User:palash,UnitID:2
2021-08-05 13:52:57.6659|INFO|PIVF.Web.Api.EMR.MaleHistory.SemenThawingController|Controller Name:SemenThawing,Action:GET,Method:GetFreezDetails,User:palash,UnitID:2
2021-08-05 13:54:39.2791|INFO|PIVF.Web.Api.EMR.MaleHistory.SemenPrepController|Controller Name:SemenPrep,Action:GET,Method:GetSemenThawingDetailFromSemenPrepIDForTC,User:palash,UnitID:2
2021-08-05 13:54:39.2791|INFO|PIVF.Web.Api.EMR.MaleHistory.SemenPrepController|Controller Name:SemenPrep,Action:GET,Method:GetSemenThawingDetailFromSemenPrepIDForTC,User:palash,UnitID:2
2021-08-05 13:54:40.2924|INFO|PIVF.Web.Api.EMR.MaleHistory.SemenPrepController|Controller Name:SemenPrep,Action:GET,Method:GetSemenThawingDetailFromSemenPrepIDForTC,User:palash,UnitID:2
2021-08-05 13:54:40.2924|INFO|PIVF.Web.Api.EMR.MaleHistory.SemenPrepController|Controller Name:SemenPrep,Action:GET,Method:GetSemenThawingDetailFromSemenPrepIDForTC,User:palash,UnitID:2
