2021-08-17 11:28:19.4811|INFO|PIVF.Web.Api.Master.Common.CommonController|1_Controller Name:CommonController,Action:HttpGet,Method:GetDepartmentList,User:palash,UnitID:2
2021-08-17 11:28:19.4811|INFO|PIVF.Web.Api.Master.Common.CommonController|1_Controller Name:CommonController,Action:HttpGet,Method:GetDepartmentList,User:palash,UnitID:2
2021-08-17 11:28:20.2356|INFO|PIVF.Web.Api.Master.Common.CommonController|1_Controller Name:CommonController,Action:HttpGet,Method:GetDoctorsList,User:palash,UnitID:2
2021-08-17 11:28:20.2356|INFO|PIVF.Web.Api.Master.Common.CommonController|1_Controller Name:CommonController,Action:HttpGet,Method:GetDoctorsList,User:palash,UnitID:2
2021-08-17 11:28:20.2885|INFO|PIVF.Web.Api.Master.Common.CommonController|1_Controller Name:CommonController,Action:HttpGet,Method:GetSpeclRegTypeList,User:palash,UnitID:2
2021-08-17 11:28:20.2885|INFO|PIVF.Web.Api.Master.Common.CommonController|1_Controller Name:CommonController,Action:HttpGet,Method:GetSpeclRegTypeList,User:palash,UnitID:2
2021-08-17 11:28:20.6010|INFO|PIVF.Web.Api.QueueMgt.QueueMgtController|Controller Name:QueueMgt,Action:HttpPost,Method:GetQueueList,User:palash,UnitID:2
2021-08-17 11:28:20.6010|INFO|PIVF.Web.Api.QueueMgt.QueueMgtController|Controller Name:QueueMgt,Action:HttpPost,Method:GetQueueList,User:palash,UnitID:2
2021-08-17 11:28:21.5173|INFO|PIVF.Web.Api.Master.Configuration.UserAPIController|Controller Name:UserAPI,Action:HttpGet,Method:GetUserRoleRights,User:palash,UnitID:2
2021-08-17 11:28:21.5173|INFO|PIVF.Web.Api.Master.Configuration.UserAPIController|Controller Name:UserAPI,Action:HttpGet,Method:GetUserRoleRights,User:palash,UnitID:2
2021-08-17 11:28:21.8728|INFO|PIVF.Web.Api.Master.Configuration.UserAPIController|Controller Name:UserAPI,Action:HttpGet,Method:GetParentList,User:palash,UnitID:2
2021-08-17 11:28:21.8728|INFO|PIVF.Web.Api.Master.Configuration.UserAPIController|Controller Name:UserAPI,Action:HttpGet,Method:GetParentList,User:palash,UnitID:2
2021-08-17 11:28:21.9781|INFO|PIVF.Web.Api.Master.Configuration.UserAPIController|Controller Name:UserAPI,Action:HttpGet,Method:GetParentList,User:palash,UnitID:2
2021-08-17 11:28:21.9781|INFO|PIVF.Web.Api.Master.Configuration.UserAPIController|Controller Name:UserAPI,Action:HttpGet,Method:GetParentList,User:palash,UnitID:2
2021-08-17 11:28:22.0200|INFO|PIVF.Web.Api.Master.Configuration.UserAPIController|Controller Name:UserAPI,Action:HttpGet,Method:GetGrandParentList,User:palash,UnitID:2
2021-08-17 11:28:22.0200|INFO|PIVF.Web.Api.Master.Configuration.UserAPIController|Controller Name:UserAPI,Action:HttpGet,Method:GetGrandParentList,User:palash,UnitID:2
2021-08-17 11:28:31.3488|INFO|PIVF.Web.Api.Master.Common.CommonController|1_Controller Name:CommonController,Action:HttpGet,Method:GetDoctorsList,User:palash,UnitID:2
2021-08-17 11:28:31.3488|INFO|PIVF.Web.Api.Master.Common.CommonController|1_Controller Name:CommonController,Action:HttpGet,Method:GetDoctorsList,User:palash,UnitID:2
2021-08-17 11:28:38.2504|INFO|PIVF.Web.Api.Master.Common.CommonController|1_Controller Name:CommonController,Action:HttpGet,Method:GetDoctorsList,User:palash,UnitID:2
2021-08-17 11:28:38.2504|INFO|PIVF.Web.Api.Master.Common.CommonController|1_Controller Name:CommonController,Action:HttpGet,Method:GetDoctorsList,User:palash,UnitID:2
2021-08-17 11:36:01.5697|INFO|PIVF.Web.Api.NewRegistration.NewRegistrationAPIController|Controller Name:NewRegistrationAPI,Action:POST,Method:saveUpdate,User:palash,UnitID:2
2021-08-17 11:36:01.5697|INFO|PIVF.Web.Api.NewRegistration.NewRegistrationAPIController|Controller Name:NewRegistrationAPI,Action:POST,Method:saveUpdate,User:palash,UnitID:2
2021-08-17 11:36:12.7554|INFO|PIVF.Web.Api.NewRegistration.NewRegistrationAPIController|Controller Name:NewRegistrationAPI,Action:GET,Method:getPatientList,User:palash,UnitID:2
2021-08-17 11:36:12.7554|INFO|PIVF.Web.Api.NewRegistration.NewRegistrationAPIController|Controller Name:NewRegistrationAPI,Action:GET,Method:getPatientList,User:palash,UnitID:2
2021-08-17 11:39:31.3124|INFO|PIVF.Web.Api.Master.Common.CommonController|1_Controller Name:CommonController,Action:HttpGet,Method:GetDoctorsList,User:palash,UnitID:2
2021-08-17 11:39:31.3124|INFO|PIVF.Web.Api.Master.Common.CommonController|1_Controller Name:CommonController,Action:HttpGet,Method:GetDoctorsList,User:palash,UnitID:2
2021-08-17 12:39:06.0913|INFO|PIVF.Web.Api.NewRegistration.NewRegistrationAPIController|Controller Name:NewRegistrationAPI,Action:GET,Method:getPatientList,User:palash,UnitID:2
2021-08-17 12:39:06.0913|INFO|PIVF.Web.Api.NewRegistration.NewRegistrationAPIController|Controller Name:NewRegistrationAPI,Action:GET,Method:getPatientList,User:palash,UnitID:2
2021-08-17 12:39:13.3002|INFO|PIVF.Web.Api.NewRegistration.NewRegistrationAPIController|Controller Name:NewRegistrationAPI,Action:POST,Method:getPatientByID,User:palash,UnitID:2
2021-08-17 12:39:13.3002|INFO|PIVF.Web.Api.NewRegistration.NewRegistrationAPIController|Controller Name:NewRegistrationAPI,Action:POST,Method:getPatientByID,User:palash,UnitID:2
2021-08-17 12:39:13.6163|INFO|PIVF.Web.Api.NewRegistration.NewRegistrationAPIController|Controller Name:NewRegistrationAPI,Action:GET,Method:GetBankInformation,User:palash,UnitID:2
2021-08-17 12:39:13.6163|INFO|PIVF.Web.Api.NewRegistration.NewRegistrationAPIController|Controller Name:NewRegistrationAPI,Action:GET,Method:GetBankInformation,User:palash,UnitID:2
2021-08-17 12:39:13.6632|INFO|PIVF.Web.Api.Patient.PatientVisitController|Controller Name:PatientVisit,Action:GET,Method:GetSponsers,User:palash,UnitID:2
2021-08-17 12:39:13.6632|INFO|PIVF.Web.Api.Patient.PatientVisitController|Controller Name:PatientVisit,Action:GET,Method:GetSponsers,User:palash,UnitID:2
2021-08-17 12:39:13.7982|INFO|PIVF.Web.Api.Master.Common.CommonController|1_Controller Name:CommonController,Action:HttpGet,Method:GetDoctorsList,User:palash,UnitID:2
2021-08-17 12:39:13.7982|INFO|PIVF.Web.Api.Master.Common.CommonController|1_Controller Name:CommonController,Action:HttpGet,Method:GetDoctorsList,User:palash,UnitID:2
2021-08-17 12:39:21.9019|INFO|PIVF.Web.Api.NewRegistration.NewRegistrationAPIController|Controller Name:NewRegistrationAPI,Action:GET,Method:getPatientInfo,User:palash,UnitID:2
2021-08-17 12:39:21.9019|INFO|PIVF.Web.Api.NewRegistration.NewRegistrationAPIController|Controller Name:NewRegistrationAPI,Action:GET,Method:getPatientInfo,User:palash,UnitID:2
2021-08-17 16:04:43.7486|INFO|PIVF.Web.Api.Master.Configuration.UserAPIController|Controller Name:UserAPI,Action:HttpGet,Method:GetParentList,User:palash,UnitID:2
2021-08-17 16:04:43.7486|INFO|PIVF.Web.Api.Master.Configuration.UserAPIController|Controller Name:UserAPI,Action:HttpGet,Method:GetParentList,User:palash,UnitID:2
2021-08-17 16:04:43.9850|INFO|PIVF.Web.Api.Master.Configuration.UserAPIController|Controller Name:UserAPI,Action:HttpGet,Method:GetParentList,User:palash,UnitID:2
2021-08-17 16:04:43.9850|INFO|PIVF.Web.Api.Master.Configuration.UserAPIController|Controller Name:UserAPI,Action:HttpGet,Method:GetParentList,User:palash,UnitID:2
2021-08-17 16:04:44.2004|INFO|PIVF.Web.Api.Master.Common.CommonController|1_Controller Name:CommonController,Action:HttpGet,Method:GetDoctorsList,User:palash,UnitID:2
2021-08-17 16:04:44.2004|INFO|PIVF.Web.Api.Master.Common.CommonController|1_Controller Name:CommonController,Action:HttpGet,Method:GetDoctorsList,User:palash,UnitID:2
2021-08-17 16:04:44.2672|INFO|PIVF.Web.Api.QueueMgt.QueueMgtController|Controller Name:QueueMgt,Action:HttpPost,Method:GetQueueList,User:palash,UnitID:2
2021-08-17 16:04:44.2672|INFO|PIVF.Web.Api.QueueMgt.QueueMgtController|Controller Name:QueueMgt,Action:HttpPost,Method:GetQueueList,User:palash,UnitID:2
2021-08-17 16:04:44.4113|INFO|PIVF.Web.Api.Master.Common.CommonController|1_Controller Name:CommonController,Action:HttpGet,Method:GetSpeclRegTypeList,User:palash,UnitID:2
2021-08-17 16:04:44.4113|INFO|PIVF.Web.Api.Master.Common.CommonController|1_Controller Name:CommonController,Action:HttpGet,Method:GetSpeclRegTypeList,User:palash,UnitID:2
2021-08-17 16:04:45.0429|INFO|PIVF.Web.Api.Master.Configuration.UserAPIController|Controller Name:UserAPI,Action:HttpGet,Method:GetUserRoleRights,User:palash,UnitID:2
2021-08-17 16:04:45.0429|INFO|PIVF.Web.Api.Master.Configuration.UserAPIController|Controller Name:UserAPI,Action:HttpGet,Method:GetUserRoleRights,User:palash,UnitID:2
2021-08-17 16:04:45.2128|INFO|PIVF.Web.Api.Master.Common.CommonController|1_Controller Name:CommonController,Action:HttpGet,Method:GetDepartmentList,User:palash,UnitID:2
2021-08-17 16:04:45.2128|INFO|PIVF.Web.Api.Master.Common.CommonController|1_Controller Name:CommonController,Action:HttpGet,Method:GetDepartmentList,User:palash,UnitID:2
2021-08-17 16:04:46.0443|INFO|PIVF.Web.Api.Master.Configuration.UserAPIController|Controller Name:UserAPI,Action:HttpGet,Method:GetGrandParentList,User:palash,UnitID:2
2021-08-17 16:04:46.0443|INFO|PIVF.Web.Api.Master.Configuration.UserAPIController|Controller Name:UserAPI,Action:HttpGet,Method:GetGrandParentList,User:palash,UnitID:2
2021-08-17 16:04:55.2248|INFO|PIVF.Web.Api.NewRegistration.NewRegistrationAPIController|Controller Name:NewRegistrationAPI,Action:GET,Method:getPatientList,User:palash,UnitID:2
2021-08-17 16:04:55.2248|INFO|PIVF.Web.Api.NewRegistration.NewRegistrationAPIController|Controller Name:NewRegistrationAPI,Action:GET,Method:getPatientList,User:palash,UnitID:2
2021-08-17 16:05:06.4827|INFO|PIVF.Web.Api.NewRegistration.NewRegistrationAPIController|Controller Name:NewRegistrationAPI,Action:POST,Method:getPatientByID,User:palash,UnitID:2
2021-08-17 16:05:06.4827|INFO|PIVF.Web.Api.NewRegistration.NewRegistrationAPIController|Controller Name:NewRegistrationAPI,Action:POST,Method:getPatientByID,User:palash,UnitID:2
2021-08-17 16:05:06.8946|INFO|PIVF.Web.Api.NewRegistration.NewRegistrationAPIController|Controller Name:NewRegistrationAPI,Action:GET,Method:GetBankInformation,User:palash,UnitID:2
2021-08-17 16:05:06.8946|INFO|PIVF.Web.Api.NewRegistration.NewRegistrationAPIController|Controller Name:NewRegistrationAPI,Action:GET,Method:GetBankInformation,User:palash,UnitID:2
2021-08-17 16:05:06.9235|INFO|PIVF.Web.Api.Patient.PatientVisitController|Controller Name:PatientVisit,Action:GET,Method:GetSponsers,User:palash,UnitID:2
2021-08-17 16:05:06.9235|INFO|PIVF.Web.Api.Patient.PatientVisitController|Controller Name:PatientVisit,Action:GET,Method:GetSponsers,User:palash,UnitID:2
2021-08-17 16:05:07.0274|INFO|PIVF.Web.Api.Master.Common.CommonController|1_Controller Name:CommonController,Action:HttpGet,Method:GetDoctorsList,User:palash,UnitID:2
2021-08-17 16:05:07.0274|INFO|PIVF.Web.Api.Master.Common.CommonController|1_Controller Name:CommonController,Action:HttpGet,Method:GetDoctorsList,User:palash,UnitID:2
2021-08-17 16:05:09.5254|INFO|PIVF.Web.Api.NewRegistration.NewRegistrationAPIController|Controller Name:NewRegistrationAPI,Action:GET,Method:getPatientInfo,User:palash,UnitID:2
2021-08-17 16:05:09.5254|INFO|PIVF.Web.Api.NewRegistration.NewRegistrationAPIController|Controller Name:NewRegistrationAPI,Action:GET,Method:getPatientInfo,User:palash,UnitID:2
2021-08-17 16:06:22.8584|INFO|PIVF.Web.Api.NewRegistration.NewRegistrationAPIController|Controller Name:NewRegistrationAPI,Action:POST,Method:updatePatientInfo,User:palash,UnitID:2
2021-08-17 16:06:22.8584|INFO|PIVF.Web.Api.NewRegistration.NewRegistrationAPIController|Controller Name:NewRegistrationAPI,Action:POST,Method:updatePatientInfo,User:palash,UnitID:2
2021-08-17 16:06:22.8942|INFO|PIVF.Web.Api.NewRegistration.NewRegistrationAPIController|Controller Name:NewRegistrationAPI,Action:POST,Method:getPatientByID,User:palash,UnitID:2
2021-08-17 16:06:22.8942|INFO|PIVF.Web.Api.NewRegistration.NewRegistrationAPIController|Controller Name:NewRegistrationAPI,Action:POST,Method:getPatientByID,User:palash,UnitID:2
2021-08-17 16:07:31.9802|INFO|PIVF.Web.Api.NewRegistration.NewRegistrationAPIController|Controller Name:NewRegistrationAPI,Action:GET,Method:getPatientInfo,User:palash,UnitID:2
2021-08-17 16:07:31.9802|INFO|PIVF.Web.Api.NewRegistration.NewRegistrationAPIController|Controller Name:NewRegistrationAPI,Action:GET,Method:getPatientInfo,User:palash,UnitID:2
2021-08-17 16:10:24.4924|INFO|PIVF.Web.Api.NewRegistration.NewRegistrationAPIController|Controller Name:NewRegistrationAPI,Action:GET,Method:getPatientInfo,User:palash,UnitID:2
2021-08-17 16:10:24.4924|INFO|PIVF.Web.Api.NewRegistration.NewRegistrationAPIController|Controller Name:NewRegistrationAPI,Action:GET,Method:getPatientInfo,User:palash,UnitID:2
2021-08-17 16:10:58.1624|INFO|PIVF.Web.Api.NewRegistration.NewRegistrationAPIController|Controller Name:NewRegistrationAPI,Action:POST,Method:updatePatientInfo,User:palash,UnitID:2
2021-08-17 16:10:58.1624|INFO|PIVF.Web.Api.NewRegistration.NewRegistrationAPIController|Controller Name:NewRegistrationAPI,Action:POST,Method:updatePatientInfo,User:palash,UnitID:2
2021-08-17 16:10:58.7895|INFO|PIVF.Web.Api.NewRegistration.NewRegistrationAPIController|Controller Name:NewRegistrationAPI,Action:POST,Method:getPatientByID,User:palash,UnitID:2
2021-08-17 16:10:58.7895|INFO|PIVF.Web.Api.NewRegistration.NewRegistrationAPIController|Controller Name:NewRegistrationAPI,Action:POST,Method:getPatientByID,User:palash,UnitID:2
2021-08-17 16:12:24.1958|INFO|PIVF.Web.Api.Master.Common.CommonController|1_Controller Name:CommonController,Action:HttpGet,Method:GetDoctorsList,User:palash,UnitID:2
2021-08-17 16:12:24.1958|INFO|PIVF.Web.Api.Master.Common.CommonController|1_Controller Name:CommonController,Action:HttpGet,Method:GetDoctorsList,User:palash,UnitID:2
2021-08-17 16:12:39.8009|INFO|PIVF.Web.Api.Master.Common.CommonController|1_Controller Name:CommonController,Action:HttpGet,Method:GetDoctorsList,User:palash,UnitID:2
2021-08-17 16:12:39.8009|INFO|PIVF.Web.Api.Master.Common.CommonController|1_Controller Name:CommonController,Action:HttpGet,Method:GetDoctorsList,User:palash,UnitID:2
2021-08-17 16:18:00.6987|INFO|PIVF.Web.Api.NewRegistration.NewRegistrationAPIController|Controller Name:NewRegistrationAPI,Action:POST,Method:saveUpdate,User:palash,UnitID:2
2021-08-17 16:18:00.6987|INFO|PIVF.Web.Api.NewRegistration.NewRegistrationAPIController|Controller Name:NewRegistrationAPI,Action:POST,Method:saveUpdate,User:palash,UnitID:2
2021-08-17 16:18:01.0067|INFO|PIVF.Web.Api.NewRegistration.NewRegistrationAPIController|Controller Name:NewRegistrationAPI,Action:GET,Method:getPatientList,User:palash,UnitID:2
2021-08-17 16:18:01.0067|INFO|PIVF.Web.Api.NewRegistration.NewRegistrationAPIController|Controller Name:NewRegistrationAPI,Action:GET,Method:getPatientList,User:palash,UnitID:2
2021-08-17 16:21:19.6723|INFO|PIVF.Web.Api.NewRegistration.NewRegistrationAPIController|Controller Name:NewRegistrationAPI,Action:POST,Method:getPatientByID,User:palash,UnitID:2
2021-08-17 16:21:19.6723|INFO|PIVF.Web.Api.NewRegistration.NewRegistrationAPIController|Controller Name:NewRegistrationAPI,Action:POST,Method:getPatientByID,User:palash,UnitID:2
2021-08-17 16:21:20.1756|INFO|PIVF.Web.Api.NewRegistration.NewRegistrationAPIController|Controller Name:NewRegistrationAPI,Action:GET,Method:GetBankInformation,User:palash,UnitID:2
2021-08-17 16:21:20.1756|INFO|PIVF.Web.Api.NewRegistration.NewRegistrationAPIController|Controller Name:NewRegistrationAPI,Action:GET,Method:GetBankInformation,User:palash,UnitID:2
2021-08-17 16:21:20.1925|INFO|PIVF.Web.Api.Patient.PatientVisitController|Controller Name:PatientVisit,Action:GET,Method:GetSponsers,User:palash,UnitID:2
2021-08-17 16:21:20.1925|INFO|PIVF.Web.Api.Patient.PatientVisitController|Controller Name:PatientVisit,Action:GET,Method:GetSponsers,User:palash,UnitID:2
2021-08-17 16:21:20.2863|INFO|PIVF.Web.Api.Master.Common.CommonController|1_Controller Name:CommonController,Action:HttpGet,Method:GetDoctorsList,User:palash,UnitID:2
2021-08-17 16:21:20.2863|INFO|PIVF.Web.Api.Master.Common.CommonController|1_Controller Name:CommonController,Action:HttpGet,Method:GetDoctorsList,User:palash,UnitID:2
2021-08-17 16:21:24.7901|INFO|PIVF.Web.Api.NewRegistration.NewRegistrationAPIController|Controller Name:NewRegistrationAPI,Action:GET,Method:getPatientInfo,User:palash,UnitID:2
2021-08-17 16:21:24.7901|INFO|PIVF.Web.Api.NewRegistration.NewRegistrationAPIController|Controller Name:NewRegistrationAPI,Action:GET,Method:getPatientInfo,User:palash,UnitID:2
2021-08-17 16:21:28.4468|INFO|PIVF.Web.Api.NewRegistration.NewRegistrationAPIController|Controller Name:NewRegistrationAPI,Action:POST,Method:updatePatientInfo,User:palash,UnitID:2
2021-08-17 16:21:28.4468|INFO|PIVF.Web.Api.NewRegistration.NewRegistrationAPIController|Controller Name:NewRegistrationAPI,Action:POST,Method:updatePatientInfo,User:palash,UnitID:2
2021-08-17 16:21:29.5090|INFO|PIVF.Web.Api.NewRegistration.NewRegistrationAPIController|Controller Name:NewRegistrationAPI,Action:POST,Method:getPatientByID,User:palash,UnitID:2
2021-08-17 16:21:29.5090|INFO|PIVF.Web.Api.NewRegistration.NewRegistrationAPIController|Controller Name:NewRegistrationAPI,Action:POST,Method:getPatientByID,User:palash,UnitID:2
