2021-07-29 11:20:05.5117|INFO|PIVF.Web.Api.Master.Configuration.UserAPIController|Controller Name:UserAPI,Action:HttpGet,Method:GetParentList,User:palash,UnitID:2
2021-07-29 11:20:05.5117|INFO|PIVF.Web.Api.Master.Configuration.UserAPIController|Controller Name:UserAPI,Action:HttpGet,Method:GetParentList,User:palash,UnitID:2
2021-07-29 11:20:08.1728|INFO|PIVF.Web.Api.New_ART.NewARTController|Controller Name:NewART,Action:GET,Method:GetCycleOverview,User:palash,UnitID:2
2021-07-29 11:20:08.1728|INFO|PIVF.Web.Api.New_ART.NewARTController|Controller Name:NewART,Action:GET,Method:GetCycleOverview,User:palash,UnitID:2
2021-07-29 11:20:09.6069|INFO|PIVF.Web.Api.New_ART.NewARTController|Controller Name:NewART,Action:GET,Method:GetMedicalHistory,User:palash,UnitID:2
2021-07-29 11:20:09.6069|INFO|PIVF.Web.Api.New_ART.NewARTController|Controller Name:NewART,Action:GET,Method:GetMedicalHistory,User:palash,UnitID:2
2021-07-29 11:20:11.5884|INFO|PIVF.Web.Api.New_ART.NewARTController|Controller Name:NewART,Action:GET,Method:GetDetails,User:palash,UnitID:2
2021-07-29 11:20:11.5884|INFO|PIVF.Web.Api.New_ART.NewARTController|Controller Name:NewART,Action:GET,Method:GetDetails,User:palash,UnitID:2
2021-07-29 13:14:51.6533|INFO|PIVF.Web.Api.Master.Configuration.UserAPIController|Controller Name:UserAPI,Action:HttpGet,Method:GetGrandParentList,User:palash,UnitID:2
2021-07-29 13:14:51.6533|INFO|PIVF.Web.Api.Master.Configuration.UserAPIController|Controller Name:UserAPI,Action:HttpGet,Method:GetGrandParentList,User:palash,UnitID:2
2021-07-29 13:14:52.5629|INFO|PIVF.Web.Api.Master.Configuration.UserAPIController|Controller Name:UserAPI,Action:HttpGet,Method:GetUserRoleRights,User:palash,UnitID:2
2021-07-29 13:14:52.5629|INFO|PIVF.Web.Api.Master.Configuration.UserAPIController|Controller Name:UserAPI,Action:HttpGet,Method:GetUserRoleRights,User:palash,UnitID:2
2021-07-29 13:14:52.7503|INFO|PIVF.Web.Api.Master.Configuration.UserAPIController|Controller Name:UserAPI,Action:HttpGet,Method:GetParentList,User:palash,UnitID:2
2021-07-29 13:14:52.7503|INFO|PIVF.Web.Api.Master.Configuration.UserAPIController|Controller Name:UserAPI,Action:HttpGet,Method:GetParentList,User:palash,UnitID:2
2021-07-29 13:14:52.7673|INFO|PIVF.Web.Api.Master.Configuration.UserAPIController|Controller Name:UserAPI,Action:HttpGet,Method:GetParentList,User:palash,UnitID:2
2021-07-29 13:14:52.7673|INFO|PIVF.Web.Api.Master.Configuration.UserAPIController|Controller Name:UserAPI,Action:HttpGet,Method:GetParentList,User:palash,UnitID:2
2021-07-29 13:14:53.5699|INFO|PIVF.Web.Api.QueueMgt.QueueMgtController|Controller Name:QueueMgt,Action:HttpPost,Method:GetQueueList,User:palash,UnitID:2
2021-07-29 13:14:53.5699|INFO|PIVF.Web.Api.QueueMgt.QueueMgtController|Controller Name:QueueMgt,Action:HttpPost,Method:GetQueueList,User:palash,UnitID:2
2021-07-29 13:14:54.0632|INFO|PIVF.Web.Api.Master.Common.CommonController|1_Controller Name:CommonController,Action:HttpGet,Method:GetDoctorsList,User:palash,UnitID:2
2021-07-29 13:14:54.0632|INFO|PIVF.Web.Api.Master.Common.CommonController|1_Controller Name:CommonController,Action:HttpGet,Method:GetDoctorsList,User:palash,UnitID:2
2021-07-29 13:14:54.5806|INFO|PIVF.Web.Api.Master.Common.CommonController|1_Controller Name:CommonController,Action:HttpGet,Method:GetDepartmentList,User:palash,UnitID:2
2021-07-29 13:14:54.5806|INFO|PIVF.Web.Api.Master.Common.CommonController|1_Controller Name:CommonController,Action:HttpGet,Method:GetDepartmentList,User:palash,UnitID:2
2021-07-29 13:14:55.5792|INFO|PIVF.Web.Api.Master.Common.CommonController|1_Controller Name:CommonController,Action:HttpGet,Method:GetSpeclRegTypeList,User:palash,UnitID:2
2021-07-29 13:14:55.5792|INFO|PIVF.Web.Api.Master.Common.CommonController|1_Controller Name:CommonController,Action:HttpGet,Method:GetSpeclRegTypeList,User:palash,UnitID:2
2021-07-29 13:15:08.3620|INFO|PIVF.Web.Api.Master.Common.CommonController|Controller Name:Common,Action:GET,Method:GetActiveVisitByPatient,User:palash,UnitID:2
2021-07-29 13:15:08.3620|INFO|PIVF.Web.Api.Master.Common.CommonController|Controller Name:Common,Action:GET,Method:GetActiveVisitByPatient,User:palash,UnitID:2
2021-07-29 13:15:08.4018|INFO|PIVF.Web.Api.Master.Common.CommonController|Controller Name:Common,Action:GET,Method:GetActiveVisitByPatient,User:palash,UnitID:2
2021-07-29 13:15:08.4018|INFO|PIVF.Web.Api.Master.Common.CommonController|Controller Name:Common,Action:GET,Method:GetActiveVisitByPatient,User:palash,UnitID:2
2021-07-29 13:15:09.5392|INFO|PIVF.Web.Api.EMR.LandingPage.EMRLandingPageAPIController|Controller Name:EMRLandingPageAPI,Action:GET,Method:GetEMRLandingPageData,User:palash,UnitID:2
2021-07-29 13:15:09.5392|INFO|PIVF.Web.Api.EMR.LandingPage.EMRLandingPageAPIController|Controller Name:EMRLandingPageAPI,Action:GET,Method:GetEMRLandingPageData,User:palash,UnitID:2
2021-07-29 13:15:13.6240|INFO|PIVF.Web.Api.Master.Common.CommonController|Controller Name:Common,Action:POST,Method:PutSelectedvisitByPatient,User:palash,UnitID:2
2021-07-29 13:15:13.6240|INFO|PIVF.Web.Api.Master.Common.CommonController|Controller Name:Common,Action:POST,Method:PutSelectedvisitByPatient,User:palash,UnitID:2
2021-07-29 13:15:21.2235|INFO|PIVF.Web.Api.Master.Common.CommonController|Controller Name:Common,Action:GET,Method:GetActiveVisitByPatient,User:palash,UnitID:2
2021-07-29 13:15:21.2235|INFO|PIVF.Web.Api.Master.Common.CommonController|Controller Name:Common,Action:GET,Method:GetActiveVisitByPatient,User:palash,UnitID:2
2021-07-29 13:15:24.5177|INFO|PIVF.Web.Api.EMR.MaleHistory.SemenFreezController|Controller Name:SemenFreez,Action:GET,Method:GetSemenFreezList,User:palash,UnitID:2
2021-07-29 13:15:24.5177|INFO|PIVF.Web.Api.EMR.MaleHistory.SemenFreezController|Controller Name:SemenFreez,Action:GET,Method:GetSemenFreezList,User:palash,UnitID:2
2021-07-29 13:15:24.7082|INFO|PIVF.Web.Api.EMR.MaleHistory.SemenFreezController|Controller Name:SemenFreez,Action:GET,Method:GetMaxID,User:palash,UnitID:2
2021-07-29 13:15:24.7082|INFO|PIVF.Web.Api.EMR.MaleHistory.SemenFreezController|Controller Name:SemenFreez,Action:GET,Method:GetMaxID,User:palash,UnitID:2
2021-07-29 13:19:14.7495|INFO|PIVF.Web.Api.EMR.MaleHistory.SemenFreezController|Controller Name:SemenFreez,Action:GET,Method:CheckDuplicateCryoNo,User:palash,UnitID:2
2021-07-29 13:19:14.7495|INFO|PIVF.Web.Api.EMR.MaleHistory.SemenFreezController|Controller Name:SemenFreez,Action:GET,Method:CheckDuplicateCryoNo,User:palash,UnitID:2
2021-07-29 13:23:39.6434|INFO|PIVF.Web.Api.QueueMgt.QueueMgtController|Controller Name:QueueMgt,Action:HttpPost,Method:GetQueueList,User:palash,UnitID:2
2021-07-29 13:23:39.6434|INFO|PIVF.Web.Api.QueueMgt.QueueMgtController|Controller Name:QueueMgt,Action:HttpPost,Method:GetQueueList,User:palash,UnitID:2
2021-07-29 13:23:39.7437|INFO|PIVF.Web.Api.Master.Common.CommonController|1_Controller Name:CommonController,Action:HttpGet,Method:GetDepartmentList,User:palash,UnitID:2
2021-07-29 13:23:39.7437|INFO|PIVF.Web.Api.Master.Common.CommonController|1_Controller Name:CommonController,Action:HttpGet,Method:GetDepartmentList,User:palash,UnitID:2
2021-07-29 13:23:39.7706|INFO|PIVF.Web.Api.Master.Common.CommonController|1_Controller Name:CommonController,Action:HttpGet,Method:GetDoctorsList,User:palash,UnitID:2
2021-07-29 13:23:39.7706|INFO|PIVF.Web.Api.Master.Common.CommonController|1_Controller Name:CommonController,Action:HttpGet,Method:GetDoctorsList,User:palash,UnitID:2
2021-07-29 13:23:39.8010|INFO|PIVF.Web.Api.Master.Common.CommonController|1_Controller Name:CommonController,Action:HttpGet,Method:GetSpeclRegTypeList,User:palash,UnitID:2
2021-07-29 13:23:39.8010|INFO|PIVF.Web.Api.Master.Common.CommonController|1_Controller Name:CommonController,Action:HttpGet,Method:GetSpeclRegTypeList,User:palash,UnitID:2
2021-07-29 13:23:40.1429|INFO|PIVF.Web.Api.Master.Configuration.UserAPIController|Controller Name:UserAPI,Action:HttpGet,Method:GetUserRoleRights,User:palash,UnitID:2
2021-07-29 13:23:40.1429|INFO|PIVF.Web.Api.Master.Configuration.UserAPIController|Controller Name:UserAPI,Action:HttpGet,Method:GetUserRoleRights,User:palash,UnitID:2
2021-07-29 13:23:41.2573|INFO|PIVF.Web.Api.Master.Configuration.UserAPIController|Controller Name:UserAPI,Action:HttpGet,Method:GetParentList,User:palash,UnitID:2
2021-07-29 13:23:41.2573|INFO|PIVF.Web.Api.Master.Configuration.UserAPIController|Controller Name:UserAPI,Action:HttpGet,Method:GetParentList,User:palash,UnitID:2
2021-07-29 13:23:41.2752|INFO|PIVF.Web.Api.Master.Configuration.UserAPIController|Controller Name:UserAPI,Action:HttpGet,Method:GetParentList,User:palash,UnitID:2
2021-07-29 13:23:41.2752|INFO|PIVF.Web.Api.Master.Configuration.UserAPIController|Controller Name:UserAPI,Action:HttpGet,Method:GetParentList,User:palash,UnitID:2
2021-07-29 13:23:41.6566|INFO|PIVF.Web.Api.Master.Configuration.UserAPIController|Controller Name:UserAPI,Action:HttpGet,Method:GetGrandParentList,User:palash,UnitID:2
2021-07-29 13:23:41.6566|INFO|PIVF.Web.Api.Master.Configuration.UserAPIController|Controller Name:UserAPI,Action:HttpGet,Method:GetGrandParentList,User:palash,UnitID:2
2021-07-29 13:23:52.0161|INFO|PIVF.Web.Api.Master.Common.CommonController|Controller Name:Common,Action:GET,Method:GetActiveVisitByPatient,User:palash,UnitID:2
2021-07-29 13:23:52.0161|INFO|PIVF.Web.Api.Master.Common.CommonController|Controller Name:Common,Action:GET,Method:GetActiveVisitByPatient,User:palash,UnitID:2
2021-07-29 13:23:52.0370|INFO|PIVF.Web.Api.Master.Common.CommonController|Controller Name:Common,Action:GET,Method:GetActiveVisitByPatient,User:palash,UnitID:2
2021-07-29 13:23:52.0370|INFO|PIVF.Web.Api.Master.Common.CommonController|Controller Name:Common,Action:GET,Method:GetActiveVisitByPatient,User:palash,UnitID:2
2021-07-29 13:23:52.7025|INFO|PIVF.Web.Api.EMR.LandingPage.EMRLandingPageAPIController|Controller Name:EMRLandingPageAPI,Action:GET,Method:GetEMRLandingPageData,User:palash,UnitID:2
2021-07-29 13:23:52.7025|INFO|PIVF.Web.Api.EMR.LandingPage.EMRLandingPageAPIController|Controller Name:EMRLandingPageAPI,Action:GET,Method:GetEMRLandingPageData,User:palash,UnitID:2
2021-07-29 13:23:55.7587|INFO|PIVF.Web.Api.Master.Common.CommonController|Controller Name:Common,Action:POST,Method:PutSelectedvisitByPatient,User:palash,UnitID:2
2021-07-29 13:23:55.7587|INFO|PIVF.Web.Api.Master.Common.CommonController|Controller Name:Common,Action:POST,Method:PutSelectedvisitByPatient,User:palash,UnitID:2
2021-07-29 13:23:59.1130|INFO|PIVF.Web.Api.Master.Common.CommonController|Controller Name:Common,Action:GET,Method:GetActiveVisitByPatient,User:palash,UnitID:2
2021-07-29 13:23:59.1130|INFO|PIVF.Web.Api.Master.Common.CommonController|Controller Name:Common,Action:GET,Method:GetActiveVisitByPatient,User:palash,UnitID:2
2021-07-29 13:23:59.4537|INFO|PIVF.Web.Api.EMR.MaleHistory.SemenFreezController|Controller Name:SemenFreez,Action:GET,Method:GetSemenFreezList,User:palash,UnitID:2
2021-07-29 13:23:59.4537|INFO|PIVF.Web.Api.EMR.MaleHistory.SemenFreezController|Controller Name:SemenFreez,Action:GET,Method:GetSemenFreezList,User:palash,UnitID:2
2021-07-29 13:23:59.6981|INFO|PIVF.Web.Api.EMR.MaleHistory.SemenFreezController|Controller Name:SemenFreez,Action:GET,Method:GetMaxID,User:palash,UnitID:2
2021-07-29 13:23:59.6981|INFO|PIVF.Web.Api.EMR.MaleHistory.SemenFreezController|Controller Name:SemenFreez,Action:GET,Method:GetMaxID,User:palash,UnitID:2
2021-07-29 13:25:36.6148|INFO|PIVF.Web.Api.EMR.MaleHistory.SemenFreezController|Controller Name:SemenFreez,Action:GET,Method:CheckDuplicateCryoNo,User:palash,UnitID:2
2021-07-29 13:25:36.6148|INFO|PIVF.Web.Api.EMR.MaleHistory.SemenFreezController|Controller Name:SemenFreez,Action:GET,Method:CheckDuplicateCryoNo,User:palash,UnitID:2
2021-07-29 14:48:08.1852|INFO|PIVF.Web.Api.Master.Configuration.UserAPIController|Controller Name:UserAPI,Action:HttpGet,Method:GetUserRoleRights,User:palash,UnitID:2
2021-07-29 14:48:08.1852|INFO|PIVF.Web.Api.Master.Configuration.UserAPIController|Controller Name:UserAPI,Action:HttpGet,Method:GetUserRoleRights,User:palash,UnitID:2
2021-07-29 14:48:08.5562|INFO|PIVF.Web.Api.Master.Configuration.UserAPIController|Controller Name:UserAPI,Action:HttpGet,Method:GetGrandParentList,User:palash,UnitID:2
2021-07-29 14:48:08.5562|INFO|PIVF.Web.Api.Master.Configuration.UserAPIController|Controller Name:UserAPI,Action:HttpGet,Method:GetGrandParentList,User:palash,UnitID:2
2021-07-29 14:48:10.2199|INFO|PIVF.Web.Api.Master.Configuration.UserAPIController|Controller Name:UserAPI,Action:HttpGet,Method:GetParentList,User:palash,UnitID:2
2021-07-29 14:48:10.2199|INFO|PIVF.Web.Api.Master.Configuration.UserAPIController|Controller Name:UserAPI,Action:HttpGet,Method:GetParentList,User:palash,UnitID:2
2021-07-29 14:48:10.2508|INFO|PIVF.Web.Api.Master.Configuration.UserAPIController|Controller Name:UserAPI,Action:HttpGet,Method:GetParentList,User:palash,UnitID:2
2021-07-29 14:48:10.2508|INFO|PIVF.Web.Api.Master.Configuration.UserAPIController|Controller Name:UserAPI,Action:HttpGet,Method:GetParentList,User:palash,UnitID:2
2021-07-29 14:48:10.2727|INFO|PIVF.Web.Api.Master.Common.CommonController|1_Controller Name:CommonController,Action:HttpGet,Method:GetDoctorsList,User:palash,UnitID:2
2021-07-29 14:48:10.2727|INFO|PIVF.Web.Api.Master.Common.CommonController|1_Controller Name:CommonController,Action:HttpGet,Method:GetDoctorsList,User:palash,UnitID:2
2021-07-29 14:48:10.7640|INFO|PIVF.Web.Api.Master.Common.CommonController|1_Controller Name:CommonController,Action:HttpGet,Method:GetDepartmentList,User:palash,UnitID:2
2021-07-29 14:48:10.7640|INFO|PIVF.Web.Api.Master.Common.CommonController|1_Controller Name:CommonController,Action:HttpGet,Method:GetDepartmentList,User:palash,UnitID:2
2021-07-29 14:48:11.8057|INFO|PIVF.Web.Api.QueueMgt.QueueMgtController|Controller Name:QueueMgt,Action:HttpPost,Method:GetQueueList,User:palash,UnitID:2
2021-07-29 14:48:11.8057|INFO|PIVF.Web.Api.QueueMgt.QueueMgtController|Controller Name:QueueMgt,Action:HttpPost,Method:GetQueueList,User:palash,UnitID:2
2021-07-29 14:48:12.2976|INFO|PIVF.Web.Api.Master.Common.CommonController|1_Controller Name:CommonController,Action:HttpGet,Method:GetSpeclRegTypeList,User:palash,UnitID:2
2021-07-29 14:48:12.2976|INFO|PIVF.Web.Api.Master.Common.CommonController|1_Controller Name:CommonController,Action:HttpGet,Method:GetSpeclRegTypeList,User:palash,UnitID:2
2021-07-29 14:48:25.5236|INFO|PIVF.Web.Api.Master.Common.CommonController|Controller Name:Common,Action:GET,Method:GetActiveVisitByPatient,User:palash,UnitID:2
2021-07-29 14:48:25.5236|INFO|PIVF.Web.Api.Master.Common.CommonController|Controller Name:Common,Action:GET,Method:GetActiveVisitByPatient,User:palash,UnitID:2
2021-07-29 14:48:28.3441|INFO|PIVF.Web.Api.Master.Common.CommonController|Controller Name:Common,Action:GET,Method:GetActiveVisitByPatient,User:palash,UnitID:2
2021-07-29 14:48:28.3441|INFO|PIVF.Web.Api.Master.Common.CommonController|Controller Name:Common,Action:GET,Method:GetActiveVisitByPatient,User:palash,UnitID:2
2021-07-29 14:48:29.5864|INFO|PIVF.Web.Api.EMR.LandingPage.EMRLandingPageAPIController|Controller Name:EMRLandingPageAPI,Action:GET,Method:GetEMRLandingPageData,User:palash,UnitID:2
2021-07-29 14:48:29.5864|INFO|PIVF.Web.Api.EMR.LandingPage.EMRLandingPageAPIController|Controller Name:EMRLandingPageAPI,Action:GET,Method:GetEMRLandingPageData,User:palash,UnitID:2
2021-07-29 14:48:41.0160|INFO|PIVF.Web.Api.Master.Common.CommonController|Controller Name:Common,Action:POST,Method:PutSelectedvisitByPatient,User:palash,UnitID:2
2021-07-29 14:48:41.0160|INFO|PIVF.Web.Api.Master.Common.CommonController|Controller Name:Common,Action:POST,Method:PutSelectedvisitByPatient,User:palash,UnitID:2
2021-07-29 14:48:47.9503|INFO|PIVF.Web.Api.Master.Common.CommonController|Controller Name:Common,Action:GET,Method:GetActiveVisitByPatient,User:palash,UnitID:2
2021-07-29 14:48:47.9503|INFO|PIVF.Web.Api.Master.Common.CommonController|Controller Name:Common,Action:GET,Method:GetActiveVisitByPatient,User:palash,UnitID:2
2021-07-29 14:48:49.2189|INFO|PIVF.Web.Api.EMR.MaleHistory.SemenFreezController|Controller Name:SemenFreez,Action:GET,Method:GetSemenFreezList,User:palash,UnitID:2
2021-07-29 14:48:49.2189|INFO|PIVF.Web.Api.EMR.MaleHistory.SemenFreezController|Controller Name:SemenFreez,Action:GET,Method:GetSemenFreezList,User:palash,UnitID:2
2021-07-29 14:48:49.3745|INFO|PIVF.Web.Api.EMR.MaleHistory.SemenFreezController|Controller Name:SemenFreez,Action:GET,Method:GetMaxID,User:palash,UnitID:2
2021-07-29 14:48:49.3745|INFO|PIVF.Web.Api.EMR.MaleHistory.SemenFreezController|Controller Name:SemenFreez,Action:GET,Method:GetMaxID,User:palash,UnitID:2
2021-07-29 14:50:25.6277|INFO|PIVF.Web.Api.EMR.MaleHistory.SemenFreezController|Controller Name:SemenFreez,Action:GET,Method:CheckDuplicateCryoNo,User:palash,UnitID:2
2021-07-29 14:50:25.6277|INFO|PIVF.Web.Api.EMR.MaleHistory.SemenFreezController|Controller Name:SemenFreez,Action:GET,Method:CheckDuplicateCryoNo,User:palash,UnitID:2
2021-07-29 15:12:13.9238|INFO|PIVF.Web.Api.Master.Configuration.UserAPIController|Controller Name:UserAPI,Action:HttpGet,Method:GetGrandParentList,User:palash,UnitID:2
2021-07-29 15:12:13.9238|INFO|PIVF.Web.Api.Master.Configuration.UserAPIController|Controller Name:UserAPI,Action:HttpGet,Method:GetGrandParentList,User:palash,UnitID:2
2021-07-29 15:12:14.2731|INFO|PIVF.Web.Api.Master.Configuration.UserAPIController|Controller Name:UserAPI,Action:HttpGet,Method:GetUserRoleRights,User:palash,UnitID:2
2021-07-29 15:12:14.2731|INFO|PIVF.Web.Api.Master.Configuration.UserAPIController|Controller Name:UserAPI,Action:HttpGet,Method:GetUserRoleRights,User:palash,UnitID:2
2021-07-29 15:12:14.6271|INFO|PIVF.Web.Api.QueueMgt.QueueMgtController|Controller Name:QueueMgt,Action:HttpPost,Method:GetQueueList,User:palash,UnitID:2
2021-07-29 15:12:14.6271|INFO|PIVF.Web.Api.QueueMgt.QueueMgtController|Controller Name:QueueMgt,Action:HttpPost,Method:GetQueueList,User:palash,UnitID:2
2021-07-29 15:12:14.7707|INFO|PIVF.Web.Api.Master.Common.CommonController|1_Controller Name:CommonController,Action:HttpGet,Method:GetDoctorsList,User:palash,UnitID:2
2021-07-29 15:12:14.7707|INFO|PIVF.Web.Api.Master.Common.CommonController|1_Controller Name:CommonController,Action:HttpGet,Method:GetDoctorsList,User:palash,UnitID:2
2021-07-29 15:12:14.8056|INFO|PIVF.Web.Api.Master.Common.CommonController|1_Controller Name:CommonController,Action:HttpGet,Method:GetSpeclRegTypeList,User:palash,UnitID:2
2021-07-29 15:12:14.8056|INFO|PIVF.Web.Api.Master.Common.CommonController|1_Controller Name:CommonController,Action:HttpGet,Method:GetSpeclRegTypeList,User:palash,UnitID:2
2021-07-29 15:12:15.6236|INFO|PIVF.Web.Api.Master.Common.CommonController|1_Controller Name:CommonController,Action:HttpGet,Method:GetDepartmentList,User:palash,UnitID:2
2021-07-29 15:12:15.6236|INFO|PIVF.Web.Api.Master.Common.CommonController|1_Controller Name:CommonController,Action:HttpGet,Method:GetDepartmentList,User:palash,UnitID:2
2021-07-29 15:12:16.9840|INFO|PIVF.Web.Api.Master.Configuration.UserAPIController|Controller Name:UserAPI,Action:HttpGet,Method:GetParentList,User:palash,UnitID:2
2021-07-29 15:12:16.9840|INFO|PIVF.Web.Api.Master.Configuration.UserAPIController|Controller Name:UserAPI,Action:HttpGet,Method:GetParentList,User:palash,UnitID:2
2021-07-29 15:12:17.0029|INFO|PIVF.Web.Api.Master.Configuration.UserAPIController|Controller Name:UserAPI,Action:HttpGet,Method:GetParentList,User:palash,UnitID:2
2021-07-29 15:12:17.0029|INFO|PIVF.Web.Api.Master.Configuration.UserAPIController|Controller Name:UserAPI,Action:HttpGet,Method:GetParentList,User:palash,UnitID:2
2021-07-29 15:13:15.6401|INFO|PIVF.Web.Api.Master.Common.CommonController|Controller Name:Common,Action:GET,Method:GetActiveVisitByPatient,User:palash,UnitID:2
2021-07-29 15:13:15.6401|INFO|PIVF.Web.Api.Master.Common.CommonController|Controller Name:Common,Action:GET,Method:GetActiveVisitByPatient,User:palash,UnitID:2
2021-07-29 15:13:15.6603|INFO|PIVF.Web.Api.Master.Common.CommonController|Controller Name:Common,Action:GET,Method:GetActiveVisitByPatient,User:palash,UnitID:2
2021-07-29 15:13:15.6603|INFO|PIVF.Web.Api.Master.Common.CommonController|Controller Name:Common,Action:GET,Method:GetActiveVisitByPatient,User:palash,UnitID:2
2021-07-29 15:13:16.8294|INFO|PIVF.Web.Api.EMR.LandingPage.EMRLandingPageAPIController|Controller Name:EMRLandingPageAPI,Action:GET,Method:GetEMRLandingPageData,User:palash,UnitID:2
2021-07-29 15:13:16.8294|INFO|PIVF.Web.Api.EMR.LandingPage.EMRLandingPageAPIController|Controller Name:EMRLandingPageAPI,Action:GET,Method:GetEMRLandingPageData,User:palash,UnitID:2
2021-07-29 15:13:20.1913|INFO|PIVF.Web.Api.Master.Common.CommonController|Controller Name:Common,Action:POST,Method:PutSelectedvisitByPatient,User:palash,UnitID:2
2021-07-29 15:13:20.1913|INFO|PIVF.Web.Api.Master.Common.CommonController|Controller Name:Common,Action:POST,Method:PutSelectedvisitByPatient,User:palash,UnitID:2
2021-07-29 15:14:25.4302|INFO|PIVF.Web.Api.Master.Common.CommonController|Controller Name:Common,Action:GET,Method:GetActiveVisitByPatient,User:palash,UnitID:2
2021-07-29 15:14:25.4302|INFO|PIVF.Web.Api.Master.Common.CommonController|Controller Name:Common,Action:GET,Method:GetActiveVisitByPatient,User:palash,UnitID:2
2021-07-29 15:14:29.3681|INFO|PIVF.Web.Api.EMR.MaleHistory.SemenFreezController|Controller Name:SemenFreez,Action:GET,Method:GetMaxID,User:palash,UnitID:2
2021-07-29 15:14:29.3681|INFO|PIVF.Web.Api.EMR.MaleHistory.SemenFreezController|Controller Name:SemenFreez,Action:GET,Method:GetMaxID,User:palash,UnitID:2
2021-07-29 15:14:31.2661|INFO|PIVF.Web.Api.EMR.MaleHistory.SemenFreezController|Controller Name:SemenFreez,Action:GET,Method:GetSemenFreezList,User:palash,UnitID:2
2021-07-29 15:14:31.2661|INFO|PIVF.Web.Api.EMR.MaleHistory.SemenFreezController|Controller Name:SemenFreez,Action:GET,Method:GetSemenFreezList,User:palash,UnitID:2
2021-07-29 15:17:15.7792|INFO|PIVF.Web.Api.EMR.MaleHistory.SemenFreezController|Controller Name:SemenFreez,Action:GET,Method:CheckDuplicateCryoNo,User:palash,UnitID:2
2021-07-29 15:17:15.7792|INFO|PIVF.Web.Api.EMR.MaleHistory.SemenFreezController|Controller Name:SemenFreez,Action:GET,Method:CheckDuplicateCryoNo,User:palash,UnitID:2
2021-07-29 15:22:11.7081|INFO|PIVF.Web.Api.Master.Configuration.UserAPIController|Controller Name:UserAPI,Action:HttpGet,Method:GetUserRoleRights,User:palash,UnitID:2
2021-07-29 15:22:11.7081|INFO|PIVF.Web.Api.Master.Configuration.UserAPIController|Controller Name:UserAPI,Action:HttpGet,Method:GetUserRoleRights,User:palash,UnitID:2
2021-07-29 15:22:11.8412|INFO|PIVF.Web.Api.Master.Configuration.UserAPIController|Controller Name:UserAPI,Action:HttpGet,Method:GetParentList,User:palash,UnitID:2
2021-07-29 15:22:11.8412|INFO|PIVF.Web.Api.Master.Configuration.UserAPIController|Controller Name:UserAPI,Action:HttpGet,Method:GetParentList,User:palash,UnitID:2
2021-07-29 15:22:11.9219|INFO|PIVF.Web.Api.Master.Configuration.UserAPIController|Controller Name:UserAPI,Action:HttpGet,Method:GetParentList,User:palash,UnitID:2
2021-07-29 15:22:11.9219|INFO|PIVF.Web.Api.Master.Configuration.UserAPIController|Controller Name:UserAPI,Action:HttpGet,Method:GetParentList,User:palash,UnitID:2
2021-07-29 15:22:11.9937|INFO|PIVF.Web.Api.Master.Common.CommonController|1_Controller Name:CommonController,Action:HttpGet,Method:GetDoctorsList,User:palash,UnitID:2
2021-07-29 15:22:11.9937|INFO|PIVF.Web.Api.Master.Common.CommonController|1_Controller Name:CommonController,Action:HttpGet,Method:GetDoctorsList,User:palash,UnitID:2
2021-07-29 15:22:12.0606|INFO|PIVF.Web.Api.Master.Common.CommonController|1_Controller Name:CommonController,Action:HttpGet,Method:GetSpeclRegTypeList,User:palash,UnitID:2
2021-07-29 15:22:12.0606|INFO|PIVF.Web.Api.Master.Common.CommonController|1_Controller Name:CommonController,Action:HttpGet,Method:GetSpeclRegTypeList,User:palash,UnitID:2
2021-07-29 15:22:12.7152|INFO|PIVF.Web.Api.Master.Configuration.UserAPIController|Controller Name:UserAPI,Action:HttpGet,Method:GetGrandParentList,User:palash,UnitID:2
2021-07-29 15:22:12.7152|INFO|PIVF.Web.Api.Master.Configuration.UserAPIController|Controller Name:UserAPI,Action:HttpGet,Method:GetGrandParentList,User:palash,UnitID:2
2021-07-29 15:22:13.0231|INFO|PIVF.Web.Api.QueueMgt.QueueMgtController|Controller Name:QueueMgt,Action:HttpPost,Method:GetQueueList,User:palash,UnitID:2
2021-07-29 15:22:13.0231|INFO|PIVF.Web.Api.QueueMgt.QueueMgtController|Controller Name:QueueMgt,Action:HttpPost,Method:GetQueueList,User:palash,UnitID:2
2021-07-29 15:22:13.5133|INFO|PIVF.Web.Api.Master.Common.CommonController|1_Controller Name:CommonController,Action:HttpGet,Method:GetDepartmentList,User:palash,UnitID:2
2021-07-29 15:22:13.5133|INFO|PIVF.Web.Api.Master.Common.CommonController|1_Controller Name:CommonController,Action:HttpGet,Method:GetDepartmentList,User:palash,UnitID:2
2021-07-29 15:22:24.4069|INFO|PIVF.Web.Api.Master.Common.CommonController|Controller Name:Common,Action:GET,Method:GetActiveVisitByPatient,User:palash,UnitID:2
2021-07-29 15:22:24.4069|INFO|PIVF.Web.Api.Master.Common.CommonController|Controller Name:Common,Action:GET,Method:GetActiveVisitByPatient,User:palash,UnitID:2
2021-07-29 15:22:25.5332|INFO|PIVF.Web.Api.Master.Common.CommonController|Controller Name:Common,Action:GET,Method:GetActiveVisitByPatient,User:palash,UnitID:2
2021-07-29 15:22:25.5332|INFO|PIVF.Web.Api.Master.Common.CommonController|Controller Name:Common,Action:GET,Method:GetActiveVisitByPatient,User:palash,UnitID:2
2021-07-29 15:22:26.2310|INFO|PIVF.Web.Api.EMR.LandingPage.EMRLandingPageAPIController|Controller Name:EMRLandingPageAPI,Action:GET,Method:GetEMRLandingPageData,User:palash,UnitID:2
2021-07-29 15:22:26.2310|INFO|PIVF.Web.Api.EMR.LandingPage.EMRLandingPageAPIController|Controller Name:EMRLandingPageAPI,Action:GET,Method:GetEMRLandingPageData,User:palash,UnitID:2
2021-07-29 15:22:31.9377|INFO|PIVF.Web.Api.Master.Common.CommonController|Controller Name:Common,Action:POST,Method:PutSelectedvisitByPatient,User:palash,UnitID:2
2021-07-29 15:22:31.9377|INFO|PIVF.Web.Api.Master.Common.CommonController|Controller Name:Common,Action:POST,Method:PutSelectedvisitByPatient,User:palash,UnitID:2
2021-07-29 15:22:41.7316|INFO|PIVF.Web.Api.Master.Common.CommonController|Controller Name:Common,Action:GET,Method:GetActiveVisitByPatient,User:palash,UnitID:2
2021-07-29 15:22:41.7316|INFO|PIVF.Web.Api.Master.Common.CommonController|Controller Name:Common,Action:GET,Method:GetActiveVisitByPatient,User:palash,UnitID:2
2021-07-29 15:22:43.1269|INFO|PIVF.Web.Api.EMR.MaleHistory.SemenFreezController|Controller Name:SemenFreez,Action:GET,Method:GetMaxID,User:palash,UnitID:2
2021-07-29 15:22:43.1269|INFO|PIVF.Web.Api.EMR.MaleHistory.SemenFreezController|Controller Name:SemenFreez,Action:GET,Method:GetMaxID,User:palash,UnitID:2
2021-07-29 15:22:43.5081|INFO|PIVF.Web.Api.EMR.MaleHistory.SemenFreezController|Controller Name:SemenFreez,Action:GET,Method:GetSemenFreezList,User:palash,UnitID:2
2021-07-29 15:22:43.5081|INFO|PIVF.Web.Api.EMR.MaleHistory.SemenFreezController|Controller Name:SemenFreez,Action:GET,Method:GetSemenFreezList,User:palash,UnitID:2
2021-07-29 15:24:48.6509|INFO|PIVF.Web.Api.EMR.MaleHistory.SemenFreezController|Controller Name:SemenFreez,Action:GET,Method:CheckDuplicateCryoNo,User:palash,UnitID:2
2021-07-29 15:24:48.6509|INFO|PIVF.Web.Api.EMR.MaleHistory.SemenFreezController|Controller Name:SemenFreez,Action:GET,Method:CheckDuplicateCryoNo,User:palash,UnitID:2
2021-07-29 15:35:09.7907|INFO|PIVF.Web.Api.EMR.MaleHistory.SemenFreezController|Controller Name:SemenFreez,Action:POST,Method:SaveUpdate,User:palash,UnitID:2
2021-07-29 15:35:09.7907|INFO|PIVF.Web.Api.EMR.MaleHistory.SemenFreezController|Controller Name:SemenFreez,Action:POST,Method:SaveUpdate,User:palash,UnitID:2
2021-07-29 15:35:10.3059|INFO|PIVF.Web.Api.EMR.MaleHistory.SemenFreezController|Controller Name:SemenFreez,Action:GET,Method:GetSemenFreezList,User:palash,UnitID:2
2021-07-29 15:35:10.3059|INFO|PIVF.Web.Api.EMR.MaleHistory.SemenFreezController|Controller Name:SemenFreez,Action:GET,Method:GetSemenFreezList,User:palash,UnitID:2
2021-07-29 15:35:23.1071|INFO|PIVF.Web.Api.EMR.MaleHistory.SemenFreezController|Controller Name:SemenFreez,Action:GET,Method:GetSemenFreezListByFormNo,User:palash,UnitID:2
2021-07-29 15:35:23.1071|INFO|PIVF.Web.Api.EMR.MaleHistory.SemenFreezController|Controller Name:SemenFreez,Action:GET,Method:GetSemenFreezListByFormNo,User:palash,UnitID:2
2021-07-29 15:35:24.1225|INFO|PIVF.Web.Api.EMR.MaleHistory.SemenFreezController|Controller Name:SemenFreez,Action:GET,Method:GetSemenFreezListByFormNo,User:palash,UnitID:2
2021-07-29 15:35:24.1225|INFO|PIVF.Web.Api.EMR.MaleHistory.SemenFreezController|Controller Name:SemenFreez,Action:GET,Method:GetSemenFreezListByFormNo,User:palash,UnitID:2
2021-07-29 15:46:45.5550|INFO|PIVF.Web.Api.EMR.MaleHistory.SemenFreezController|Controller Name:SemenFreez,Action:GET,Method:GetSemenFreezListByFormNo,User:palash,UnitID:2
2021-07-29 15:46:45.5550|INFO|PIVF.Web.Api.EMR.MaleHistory.SemenFreezController|Controller Name:SemenFreez,Action:GET,Method:GetSemenFreezListByFormNo,User:palash,UnitID:2
2021-07-29 15:46:46.0706|INFO|PIVF.Web.Api.EMR.MaleHistory.SemenFreezController|Controller Name:SemenFreez,Action:GET,Method:GetSemenFreezListByFormNo,User:palash,UnitID:2
2021-07-29 15:46:46.0706|INFO|PIVF.Web.Api.EMR.MaleHistory.SemenFreezController|Controller Name:SemenFreez,Action:GET,Method:GetSemenFreezListByFormNo,User:palash,UnitID:2
2021-07-29 16:17:52.9970|INFO|PIVF.Web.Api.Master.Configuration.UserAPIController|Controller Name:UserAPI,Action:HttpGet,Method:GetUserRoleRights,User:palash,UnitID:2
2021-07-29 16:17:52.9970|INFO|PIVF.Web.Api.Master.Configuration.UserAPIController|Controller Name:UserAPI,Action:HttpGet,Method:GetUserRoleRights,User:palash,UnitID:2
2021-07-29 16:17:54.0463|INFO|PIVF.Web.Api.Master.Configuration.UserAPIController|Controller Name:UserAPI,Action:HttpGet,Method:GetParentList,User:palash,UnitID:2
2021-07-29 16:17:54.0463|INFO|PIVF.Web.Api.Master.Configuration.UserAPIController|Controller Name:UserAPI,Action:HttpGet,Method:GetParentList,User:palash,UnitID:2
2021-07-29 16:17:54.0702|INFO|PIVF.Web.Api.Master.Common.CommonController|1_Controller Name:CommonController,Action:HttpGet,Method:GetDoctorsList,User:palash,UnitID:2
2021-07-29 16:17:54.0702|INFO|PIVF.Web.Api.Master.Common.CommonController|1_Controller Name:CommonController,Action:HttpGet,Method:GetDoctorsList,User:palash,UnitID:2
2021-07-29 16:17:54.1042|INFO|PIVF.Web.Api.Master.Configuration.UserAPIController|Controller Name:UserAPI,Action:HttpGet,Method:GetParentList,User:palash,UnitID:2
2021-07-29 16:17:54.1042|INFO|PIVF.Web.Api.Master.Configuration.UserAPIController|Controller Name:UserAPI,Action:HttpGet,Method:GetParentList,User:palash,UnitID:2
2021-07-29 16:17:54.4046|INFO|PIVF.Web.Api.Master.Configuration.UserAPIController|Controller Name:UserAPI,Action:HttpGet,Method:GetGrandParentList,User:palash,UnitID:2
2021-07-29 16:17:54.4046|INFO|PIVF.Web.Api.Master.Configuration.UserAPIController|Controller Name:UserAPI,Action:HttpGet,Method:GetGrandParentList,User:palash,UnitID:2
2021-07-29 16:17:54.5750|INFO|PIVF.Web.Api.Master.Common.CommonController|1_Controller Name:CommonController,Action:HttpGet,Method:GetSpeclRegTypeList,User:palash,UnitID:2
2021-07-29 16:17:54.5750|INFO|PIVF.Web.Api.Master.Common.CommonController|1_Controller Name:CommonController,Action:HttpGet,Method:GetSpeclRegTypeList,User:palash,UnitID:2
2021-07-29 16:17:55.5905|INFO|PIVF.Web.Api.Master.Common.CommonController|1_Controller Name:CommonController,Action:HttpGet,Method:GetDepartmentList,User:palash,UnitID:2
2021-07-29 16:17:55.5905|INFO|PIVF.Web.Api.Master.Common.CommonController|1_Controller Name:CommonController,Action:HttpGet,Method:GetDepartmentList,User:palash,UnitID:2
2021-07-29 16:17:56.1137|INFO|PIVF.Web.Api.QueueMgt.QueueMgtController|Controller Name:QueueMgt,Action:HttpPost,Method:GetQueueList,User:palash,UnitID:2
2021-07-29 16:17:56.1137|INFO|PIVF.Web.Api.QueueMgt.QueueMgtController|Controller Name:QueueMgt,Action:HttpPost,Method:GetQueueList,User:palash,UnitID:2
2021-07-29 16:18:09.4530|INFO|PIVF.Web.Api.Master.Common.CommonController|Controller Name:Common,Action:GET,Method:GetActiveVisitByPatient,User:palash,UnitID:2
2021-07-29 16:18:09.4530|INFO|PIVF.Web.Api.Master.Common.CommonController|Controller Name:Common,Action:GET,Method:GetActiveVisitByPatient,User:palash,UnitID:2
2021-07-29 16:18:09.4928|INFO|PIVF.Web.Api.Master.Common.CommonController|Controller Name:Common,Action:GET,Method:GetActiveVisitByPatient,User:palash,UnitID:2
2021-07-29 16:18:09.4928|INFO|PIVF.Web.Api.Master.Common.CommonController|Controller Name:Common,Action:GET,Method:GetActiveVisitByPatient,User:palash,UnitID:2
2021-07-29 16:18:10.6962|INFO|PIVF.Web.Api.EMR.LandingPage.EMRLandingPageAPIController|Controller Name:EMRLandingPageAPI,Action:GET,Method:GetEMRLandingPageData,User:palash,UnitID:2
2021-07-29 16:18:10.6962|INFO|PIVF.Web.Api.EMR.LandingPage.EMRLandingPageAPIController|Controller Name:EMRLandingPageAPI,Action:GET,Method:GetEMRLandingPageData,User:palash,UnitID:2
2021-07-29 16:18:16.2189|INFO|PIVF.Web.Api.Master.Common.CommonController|Controller Name:Common,Action:POST,Method:PutSelectedvisitByPatient,User:palash,UnitID:2
2021-07-29 16:18:16.2189|INFO|PIVF.Web.Api.Master.Common.CommonController|Controller Name:Common,Action:POST,Method:PutSelectedvisitByPatient,User:palash,UnitID:2
2021-07-29 16:18:32.2163|INFO|PIVF.Web.Api.Master.Common.CommonController|Controller Name:Common,Action:GET,Method:GetActiveVisitByPatient,User:palash,UnitID:2
2021-07-29 16:18:32.2163|INFO|PIVF.Web.Api.Master.Common.CommonController|Controller Name:Common,Action:GET,Method:GetActiveVisitByPatient,User:palash,UnitID:2
2021-07-29 16:18:35.0113|INFO|PIVF.Web.Api.EMR.MaleHistory.SemenFreezController|Controller Name:SemenFreez,Action:GET,Method:GetSemenFreezList,User:palash,UnitID:2
2021-07-29 16:18:35.0113|INFO|PIVF.Web.Api.EMR.MaleHistory.SemenFreezController|Controller Name:SemenFreez,Action:GET,Method:GetSemenFreezList,User:palash,UnitID:2
2021-07-29 16:18:35.1849|INFO|PIVF.Web.Api.EMR.MaleHistory.SemenFreezController|Controller Name:SemenFreez,Action:GET,Method:GetMaxID,User:palash,UnitID:2
2021-07-29 16:18:35.1849|INFO|PIVF.Web.Api.EMR.MaleHistory.SemenFreezController|Controller Name:SemenFreez,Action:GET,Method:GetMaxID,User:palash,UnitID:2
2021-07-29 16:18:42.7814|INFO|PIVF.Web.Api.EMR.MaleHistory.SemenFreezController|Controller Name:SemenFreez,Action:GET,Method:GetSemenFreezListByFormNo,User:palash,UnitID:2
2021-07-29 16:18:42.7814|INFO|PIVF.Web.Api.EMR.MaleHistory.SemenFreezController|Controller Name:SemenFreez,Action:GET,Method:GetSemenFreezListByFormNo,User:palash,UnitID:2
2021-07-29 16:18:43.2934|INFO|PIVF.Web.Api.EMR.MaleHistory.SemenFreezController|Controller Name:SemenFreez,Action:GET,Method:GetSemenFreezListByFormNo,User:palash,UnitID:2
2021-07-29 16:18:43.2934|INFO|PIVF.Web.Api.EMR.MaleHistory.SemenFreezController|Controller Name:SemenFreez,Action:GET,Method:GetSemenFreezListByFormNo,User:palash,UnitID:2
2021-07-29 16:20:04.1487|INFO|PIVF.Web.Api.EMR.MaleHistory.SemenFreezController|Controller Name:SemenFreez,Action:POST,Method:SaveUpdate,User:palash,UnitID:2
2021-07-29 16:20:04.1487|INFO|PIVF.Web.Api.EMR.MaleHistory.SemenFreezController|Controller Name:SemenFreez,Action:POST,Method:SaveUpdate,User:palash,UnitID:2
2021-07-29 16:20:04.2101|INFO|PIVF.Web.Api.EMR.MaleHistory.SemenFreezController|Controller Name:SemenFreez,Action:GET,Method:GetSemenFreezList,User:palash,UnitID:2
2021-07-29 16:20:04.2101|INFO|PIVF.Web.Api.EMR.MaleHistory.SemenFreezController|Controller Name:SemenFreez,Action:GET,Method:GetSemenFreezList,User:palash,UnitID:2
